
          -------------------------------------------------------
          Amber 14 SANDER                              2014
          -------------------------------------------------------

| Run on 02/03/2016 at 15:14:33

|   Executable path: sander
| Working directory: /lustre/cs1500/scratch/kmb413/RealDecoyDisc/DecoyDiscrimination/decoys.set2.init/1aaj/Rosetta_relaxed
|          Hostname: slepner25


File Assignments:
|  MDIN: /scratch/kmb413/RealDecoyDisc/DecoyDiscrimination/scripts/min/min.in  
| MDOUT: NoH_5_empty_tag_61_0001_0001.out                                      
|INPCRD: NoH_5_empty_tag_61_0001_0001.rst7                                     
|  PARM: NoH_5_empty_tag_61_0001_0001.parm7                                    
|RESTRT: min_NoH_5_empty_tag_61_0001_0001.rst7                                 
|  REFC: NoH_5_empty_tag_61_0001_0001.rst7                                     
| MDVEL: mdvel                                                                 
| MDFRC: mdfrc                                                                 
|  MDEN: mden                                                                  
| MDCRD: mdcrd                                                                 
|MDINFO: mdinfo                                                                
|  MTMD: mtmd                                                                  
|INPDIP: inpdip                                                                
|RSTDIP: rstdip                                                                
|INPTRA: inptraj                                                               


 Here is the input file:

                                                                               
&cntrl                                                                         
    imin = 1, maxcyc=1000,                                                     
    ntx = 1,                                                                   
    ntwr = 100, ntpr = 100,                                                    
    cut = 999.0,                                                               
    ntb = 0, igb = 8,                                                          
    ntr = 1, restraint_wt = 10, restraintmask = "!@H=",                        
/                                                                              

--------------------------------------------------------------------------------
   1.  RESOURCE   USE: 
--------------------------------------------------------------------------------

| Flags:                                                                        
| New format PARM file being parsed.
| Version =    1.000 Date = 02/03/16 Time = 11:54:03
 NATOM  =    1590 NTYPES =      14 NBONH =     791 MBONA  =     820
 NTHETH =    1812 MTHETA =    1115 NPHIH =    3578 MPHIA  =    3525
 NHPARM =       0 NPARM  =       0 NNB   =    8805 NRES   =     104
 NBONA  =     820 NTHETA =    1115 NPHIA =    3525 NUMBND =      65
 NUMANG =     152 NPTRA  =     189 NATYP =      33 NPHB   =       0
 IFBOX  =       0 NMXRS  =      24 IFCAP =       0 NEXTRA =       0
 NCOPY  =       0

 Implicit solvent radii are ArgH and AspGluO modified Bondi2 radii (mbondi3)                                
 Replacing prmtop screening parameters with GBn2 (igb=8) values

|     Memory Use     Allocated
|     Real              145027
|     Hollerith           4876
|     Integer           109197
|     Max Pairs              1
|     nblistReal             0
|     nblist Int             0
|       Total             1578 kbytes

| Note: 1-4 EEL scale factors are being read from the topology file.

| Note: 1-4 VDW scale factors are being read from the topology file.
| Duplicated    0 dihedrals
| Duplicated    0 dihedrals

--------------------------------------------------------------------------------
   2.  CONTROL  DATA  FOR  THE  RUN
--------------------------------------------------------------------------------

default_name                                                                    

General flags:
     imin    =       1, nmropt  =       0

Nature and format of input:
     ntx     =       1, irest   =       0, ntrx    =       1

Nature and format of output:
     ntxo    =       1, ntpr    =     100, ntrx    =       1, ntwr    =     100
     iwrap   =       0, ntwx    =       0, ntwv    =       0, ntwe    =       0
     ioutfm  =       0, ntwprt  =       0, idecomp =       0, rbornstat=      0

Potential function:
     ntf     =       1, ntb     =       0, igb     =       8, nsnb    =      25
     ipol    =       0, gbsa    =       0, iesp    =       0
     dielc   =   1.00000, cut     = 999.00000, intdiel =   1.00000
     saltcon =   0.00000, offset  =   0.19514, surften =   0.00500
     rdt     =   0.00000, rgbmax  =  25.00000  extdiel =  78.50000
     alpb  =        0
     gbalphaH  =   0.78844, gbbetaH   =   0.79870,  gbgammaH  =    0.43733
     gbalphaC  =   0.73376, gbbetaC   =   0.50638,  gbgammaC  =    0.20584
     gbalphaN  =   0.50336, gbbetaN   =   0.31683,  gbgammaN  =    0.19292
     gbalphaOS =   0.86781, gbbetaOS  =   0.87664,  gbgammaOS =    0.38788
     gbalphaP  =   1.00000, gbbetaP   =   0.80000,  gbgammaP  =    4.85000
     gb_alpha_hnu  =   0.53705, gb_beta_hnu   =   0.36286,  gb_gamma_hnu  =    0.11670
     gb_alpha_cnu  =   0.33167, gb_beta_cnu   =   0.19684,  gb_gamma_cnu  =    0.09342
     gb_alpha_nnu  =   0.68631, gb_beta_nnu   =   0.46319,  gb_gamma_nnu  =    0.13872
     gb_alpha_onu  =   0.60634, gb_beta_onu   =   0.46301,  gb_gamma_onu  =    0.14226
     gb_alpha_pnu  =   0.41836, gb_beta_pnu   =   0.29005,  gb_gamma_pnu  =    0.10642

Frozen or restrained atoms:
     ibelly  =       0, ntr     =       1
     restraint_wt =  10.00000

Energy minimization:
     maxcyc  =    1000, ncyc    =      10, ntmin   =       1
     dx0     =   0.01000, drms    =   0.00010
|  INFO: Old style inpcrd file read


    LOADING THE CONSTRAINED ATOMS AS GROUPS


   5.  REFERENCE ATOM COORDINATES

  defa
     Mask !@H=; matches   799 atoms

--------------------------------------------------------------------------------
   3.  ATOMIC COORDINATES AND VELOCITIES
--------------------------------------------------------------------------------

default_name                                                                    
 begin time read from input coords =     0.000 ps

 Number of triangulated 3-point waters found:        0

--------------------------------------------------------------------------------
   4.  RESULTS
--------------------------------------------------------------------------------



   NSTEP       ENERGY          RMS            GMAX         NAME    NUMBER
      1      -2.2398E+03     9.1162E+00     6.0874E+01     OE1       730

 BOND    =       69.5537  ANGLE   =      211.1602  DIHED      =     1066.4654
 VDWAALS =     -667.4696  EEL     =    -7483.5443  EGB        =    -1567.2365
 1-4 VDW =      444.7287  1-4 EEL =     5686.5667  RESTRAINT  =        0.0000


   NSTEP       ENERGY          RMS            GMAX         NAME    NUMBER
    100      -2.6138E+03     4.1658E-01     5.1562E+00     HG1      1389

 BOND    =       31.5136  ANGLE   =      211.0515  DIHED      =     1065.6944
 VDWAALS =     -810.0278  EEL     =    -7502.9553  EGB        =    -1582.0024
 1-4 VDW =      331.4701  1-4 EEL =     5597.8309  RESTRAINT  =       43.6713
 EAMBER  =    -2657.4250


   NSTEP       ENERGY          RMS            GMAX         NAME    NUMBER
    200      -2.6265E+03     4.8881E-01     6.5682E+00     CE2       650

 BOND    =       32.3105  ANGLE   =      212.3119  DIHED      =     1065.6958
 VDWAALS =     -811.1598  EEL     =    -7513.2469  EGB        =    -1582.8725
 1-4 VDW =      331.0358  1-4 EEL =     5595.0422  RESTRAINT  =       44.3960
 EAMBER  =    -2670.8829


   NSTEP       ENERGY          RMS            GMAX         NAME    NUMBER
    300      -2.6364E+03     6.5354E-02     9.4381E-01     CA        626

 BOND    =       31.5113  ANGLE   =      210.9447  DIHED      =     1062.4019
 VDWAALS =     -809.4446  EEL     =    -7518.2226  EGB        =    -1586.2305
 1-4 VDW =      332.2687  1-4 EEL =     5597.0717  RESTRAINT  =       43.2851
 EAMBER  =    -2679.6993


   NSTEP       ENERGY          RMS            GMAX         NAME    NUMBER
    400      -2.6366E+03     8.7386E-03     8.7151E-02     CD        729

 BOND    =       31.3496  ANGLE   =      210.6373  DIHED      =     1062.2070
 VDWAALS =     -809.3972  EEL     =    -7518.4603  EGB        =    -1586.1397
 1-4 VDW =      332.6963  1-4 EEL =     5597.3615  RESTRAINT  =       43.1783
 EAMBER  =    -2679.7455


   NSTEP       ENERGY          RMS            GMAX         NAME    NUMBER
    500      -2.6366E+03     2.2854E-03     2.3780E-02     C          23

 BOND    =       31.3386  ANGLE   =      210.6188  DIHED      =     1062.2087
 VDWAALS =     -809.4505  EEL     =    -7518.4880  EGB        =    -1586.1000
 1-4 VDW =      332.7315  1-4 EEL =     5597.3718  RESTRAINT  =       43.1962
 EAMBER  =    -2679.7691


   NSTEP       ENERGY          RMS            GMAX         NAME    NUMBER
    600      -2.6366E+03     1.5801E-03     1.2396E-02     CE3       657

 BOND    =       31.3347  ANGLE   =      210.6185  DIHED      =     1062.2079
 VDWAALS =     -809.4656  EEL     =    -7518.4980  EGB        =    -1586.0854
 1-4 VDW =      332.7392  1-4 EEL =     5597.3700  RESTRAINT  =       43.2049
 EAMBER  =    -2679.7787


   NSTEP       ENERGY          RMS            GMAX         NAME    NUMBER
    700      -2.6366E+03     5.0337E-04     4.3551E-03     OG1       634

 BOND    =       31.3326  ANGLE   =      210.6143  DIHED      =     1062.2057
 VDWAALS =     -809.4652  EEL     =    -7518.5013  EGB        =    -1586.0768
 1-4 VDW =      332.7463  1-4 EEL =     5597.3656  RESTRAINT  =       43.2050
 EAMBER  =    -2679.7789

     ... RESTARTED DUE TO LINMIN FAILURE ...


   NSTEP       ENERGY          RMS            GMAX         NAME    NUMBER
    800      -2.6366E+03     7.8281E-04     1.2048E-02     CA        626

 BOND    =       31.3317  ANGLE   =      210.6118  DIHED      =     1062.2047
 VDWAALS =     -809.4647  EEL     =    -7518.5012  EGB        =    -1586.0740
 1-4 VDW =      332.7491  1-4 EEL =     5597.3639  RESTRAINT  =       43.2048
 EAMBER  =    -2679.7787


                    FINAL RESULTS



   NSTEP       ENERGY          RMS            GMAX         NAME    NUMBER
    873      -2.6366E+03     9.9272E-05     1.0738E-03     HD2        14

 BOND    =       31.3317  ANGLE   =      210.6116  DIHED      =     1062.2044
 VDWAALS =     -809.4655  EEL     =    -7518.5026  EGB        =    -1586.0726
 1-4 VDW =      332.7492  1-4 EEL =     5597.3641  RESTRAINT  =       43.2056
 EAMBER  =    -2679.7796

--------------------------------------------------------------------------------
   5.  TIMINGS
--------------------------------------------------------------------------------

|                Calc gb radii             52.38 (20.09% of Gen B)
|                Calc gb diag             100.40 (38.52% of Gen B)
|                Calc gb off-diag         107.90 (41.39% of Gen B)
|             Gen Born time            260.68 (100.0% of Nonbo)
|          Nonbond force            260.68 (99.31% of Force)
|          Bond/Angle/Dihedral        1.80 ( 0.69% of Force)
|          Other                      0.02 ( 0.01% of Force)
|       Force time               262.50 (100.0% of Runmd)
|    Runmd Time               262.50 (99.65% of Total)
|    Other                      0.92 ( 0.35% of Total)
| Total time               263.42 (100.0% of ALL  )

| Number of list builds   :          0

| Highest rstack allocated:          0
| Highest istack allocated:          0
|           Job began  at 15:14:33.652  on 02/03/2016
|           Setup done at 15:14:33.703  on 02/03/2016
|           Run   done at 15:18:57.074  on 02/03/2016
|     wallclock() was called   15742 times
