
          -------------------------------------------------------
          Amber 14 SANDER                              2014
          -------------------------------------------------------

| Run on 02/03/2016 at 14:58:43

|   Executable path: sander
| Working directory: /lustre/cs1500/scratch/kmb413/RealDecoyDisc/DecoyDiscrimination/decoys.set2.init/1aaj/Rosetta_relaxed
|          Hostname: slepner43


File Assignments:
|  MDIN: /scratch/kmb413/RealDecoyDisc/DecoyDiscrimination/scripts/min/min.in  
| MDOUT: NoH_5_empty_tag_400_0001_0001.out                                     
|INPCRD: NoH_5_empty_tag_400_0001_0001.rst7                                    
|  PARM: NoH_5_empty_tag_400_0001_0001.parm7                                   
|RESTRT: min_NoH_5_empty_tag_400_0001_0001.rst7                                
|  REFC: NoH_5_empty_tag_400_0001_0001.rst7                                    
| MDVEL: mdvel                                                                 
| MDFRC: mdfrc                                                                 
|  MDEN: mden                                                                  
| MDCRD: mdcrd                                                                 
|MDINFO: mdinfo                                                                
|  MTMD: mtmd                                                                  
|INPDIP: inpdip                                                                
|RSTDIP: rstdip                                                                
|INPTRA: inptraj                                                               


 Here is the input file:

                                                                               
&cntrl                                                                         
    imin = 1, maxcyc=1000,                                                     
    ntx = 1,                                                                   
    ntwr = 100, ntpr = 100,                                                    
    cut = 999.0,                                                               
    ntb = 0, igb = 8,                                                          
    ntr = 1, restraint_wt = 10, restraintmask = "!@H=",                        
/                                                                              

--------------------------------------------------------------------------------
   1.  RESOURCE   USE: 
--------------------------------------------------------------------------------

| Flags:                                                                        
| New format PARM file being parsed.
| Version =    1.000 Date = 02/03/16 Time = 11:53:48
 NATOM  =    1590 NTYPES =      14 NBONH =     791 MBONA  =     820
 NTHETH =    1812 MTHETA =    1115 NPHIH =    3578 MPHIA  =    3525
 NHPARM =       0 NPARM  =       0 NNB   =    8805 NRES   =     104
 NBONA  =     820 NTHETA =    1115 NPHIA =    3525 NUMBND =      65
 NUMANG =     152 NPTRA  =     189 NATYP =      33 NPHB   =       0
 IFBOX  =       0 NMXRS  =      24 IFCAP =       0 NEXTRA =       0
 NCOPY  =       0

 Implicit solvent radii are ArgH and AspGluO modified Bondi2 radii (mbondi3)                                
 Replacing prmtop screening parameters with GBn2 (igb=8) values

|     Memory Use     Allocated
|     Real              145027
|     Hollerith           4876
|     Integer           109197
|     Max Pairs              1
|     nblistReal             0
|     nblist Int             0
|       Total             1578 kbytes

| Note: 1-4 EEL scale factors are being read from the topology file.

| Note: 1-4 VDW scale factors are being read from the topology file.
| Duplicated    0 dihedrals
| Duplicated    0 dihedrals

--------------------------------------------------------------------------------
   2.  CONTROL  DATA  FOR  THE  RUN
--------------------------------------------------------------------------------

default_name                                                                    

General flags:
     imin    =       1, nmropt  =       0

Nature and format of input:
     ntx     =       1, irest   =       0, ntrx    =       1

Nature and format of output:
     ntxo    =       1, ntpr    =     100, ntrx    =       1, ntwr    =     100
     iwrap   =       0, ntwx    =       0, ntwv    =       0, ntwe    =       0
     ioutfm  =       0, ntwprt  =       0, idecomp =       0, rbornstat=      0

Potential function:
     ntf     =       1, ntb     =       0, igb     =       8, nsnb    =      25
     ipol    =       0, gbsa    =       0, iesp    =       0
     dielc   =   1.00000, cut     = 999.00000, intdiel =   1.00000
     saltcon =   0.00000, offset  =   0.19514, surften =   0.00500
     rdt     =   0.00000, rgbmax  =  25.00000  extdiel =  78.50000
     alpb  =        0
     gbalphaH  =   0.78844, gbbetaH   =   0.79870,  gbgammaH  =    0.43733
     gbalphaC  =   0.73376, gbbetaC   =   0.50638,  gbgammaC  =    0.20584
     gbalphaN  =   0.50336, gbbetaN   =   0.31683,  gbgammaN  =    0.19292
     gbalphaOS =   0.86781, gbbetaOS  =   0.87664,  gbgammaOS =    0.38788
     gbalphaP  =   1.00000, gbbetaP   =   0.80000,  gbgammaP  =    4.85000
     gb_alpha_hnu  =   0.53705, gb_beta_hnu   =   0.36286,  gb_gamma_hnu  =    0.11670
     gb_alpha_cnu  =   0.33167, gb_beta_cnu   =   0.19684,  gb_gamma_cnu  =    0.09342
     gb_alpha_nnu  =   0.68631, gb_beta_nnu   =   0.46319,  gb_gamma_nnu  =    0.13872
     gb_alpha_onu  =   0.60634, gb_beta_onu   =   0.46301,  gb_gamma_onu  =    0.14226
     gb_alpha_pnu  =   0.41836, gb_beta_pnu   =   0.29005,  gb_gamma_pnu  =    0.10642

Frozen or restrained atoms:
     ibelly  =       0, ntr     =       1
     restraint_wt =  10.00000

Energy minimization:
     maxcyc  =    1000, ncyc    =      10, ntmin   =       1
     dx0     =   0.01000, drms    =   0.00010
|  INFO: Old style inpcrd file read


    LOADING THE CONSTRAINED ATOMS AS GROUPS


   5.  REFERENCE ATOM COORDINATES

  defa
     Mask !@H=; matches   799 atoms

--------------------------------------------------------------------------------
   3.  ATOMIC COORDINATES AND VELOCITIES
--------------------------------------------------------------------------------

default_name                                                                    
 begin time read from input coords =     0.000 ps

 Number of triangulated 3-point waters found:        0

--------------------------------------------------------------------------------
   4.  RESULTS
--------------------------------------------------------------------------------



   NSTEP       ENERGY          RMS            GMAX         NAME    NUMBER
      1      -2.2181E+03     9.0144E+00     6.2356E+01     OE1       945

 BOND    =       69.5333  ANGLE   =      211.1070  DIHED      =     1070.9386
 VDWAALS =     -671.0695  EEL     =    -7299.3465  EGB        =    -1752.5840
 1-4 VDW =      437.0899  1-4 EEL =     5716.2211  RESTRAINT  =        0.0000


   NSTEP       ENERGY          RMS            GMAX         NAME    NUMBER
    100      -2.5703E+03     3.0343E-01     3.5612E+00     CG        311

 BOND    =       30.9155  ANGLE   =      203.7367  DIHED      =     1076.2685
 VDWAALS =     -799.1513  EEL     =    -7324.9429  EGB        =    -1767.4099
 1-4 VDW =      329.9026  1-4 EEL =     5639.2537  RESTRAINT  =       41.1286
 EAMBER  =    -2611.4272


   NSTEP       ENERGY          RMS            GMAX         NAME    NUMBER
    200      -2.5846E+03     8.6055E-01     1.9870E+01     CD        193

 BOND    =       33.3832  ANGLE   =      207.1373  DIHED      =     1075.5316
 VDWAALS =     -801.8559  EEL     =    -7354.6778  EGB        =    -1757.6614
 1-4 VDW =      327.3457  1-4 EEL =     5641.8766  RESTRAINT  =       44.3526
 EAMBER  =    -2628.9208


   NSTEP       ENERGY          RMS            GMAX         NAME    NUMBER
    300      -2.5903E+03     1.3484E-01     1.3856E+00     C         592

 BOND    =       31.4343  ANGLE   =      205.2008  DIHED      =     1073.3025
 VDWAALS =     -800.5218  EEL     =    -7357.5103  EGB        =    -1756.9652
 1-4 VDW =      329.7379  1-4 EEL =     5642.2957  RESTRAINT  =       42.7371
 EAMBER  =    -2633.0260


   NSTEP       ENERGY          RMS            GMAX         NAME    NUMBER
    400      -2.5907E+03     1.8454E-02     2.3606E-01     CG        311

 BOND    =       31.2395  ANGLE   =      204.5968  DIHED      =     1072.8855
 VDWAALS =     -800.5350  EEL     =    -7357.4972  EGB        =    -1756.8266
 1-4 VDW =      330.3302  1-4 EEL =     5642.4974  RESTRAINT  =       42.5798
 EAMBER  =    -2633.3094


   NSTEP       ENERGY          RMS            GMAX         NAME    NUMBER
    500      -2.5907E+03     8.9172E-03     1.7210E-01     CB        598

 BOND    =       31.2242  ANGLE   =      204.5458  DIHED      =     1072.9099
 VDWAALS =     -800.5301  EEL     =    -7357.7524  EGB        =    -1756.6479
 1-4 VDW =      330.3913  1-4 EEL =     5642.5518  RESTRAINT  =       42.5726
 EAMBER  =    -2633.3074


   NSTEP       ENERGY          RMS            GMAX         NAME    NUMBER
    600      -2.5907E+03     1.0842E-03     1.2239E-02     OG1      1212

 BOND    =       31.2172  ANGLE   =      204.5345  DIHED      =     1072.9156
 VDWAALS =     -800.5209  EEL     =    -7357.7813  EGB        =    -1756.6254
 1-4 VDW =      330.4076  1-4 EEL =     5642.5566  RESTRAINT  =       42.5608
 EAMBER  =    -2633.2961


   NSTEP       ENERGY          RMS            GMAX         NAME    NUMBER
    700      -2.5907E+03     3.0497E-04     6.9827E-03     HG       1180

 BOND    =       31.2161  ANGLE   =      204.5329  DIHED      =     1072.9189
 VDWAALS =     -800.5170  EEL     =    -7357.8107  EGB        =    -1756.6067
 1-4 VDW =      330.4095  1-4 EEL =     5642.5627  RESTRAINT  =       42.5589
 EAMBER  =    -2633.2943

     ... RESTARTED DUE TO LINMIN FAILURE ...


   NSTEP       ENERGY          RMS            GMAX         NAME    NUMBER
    800      -2.5907E+03     2.2623E-03     2.4937E-02     CG         10

 BOND    =       31.2164  ANGLE   =      204.5329  DIHED      =     1072.9270
 VDWAALS =     -800.5139  EEL     =    -7357.8719  EGB        =    -1756.5669
 1-4 VDW =      330.4101  1-4 EEL =     5642.5740  RESTRAINT  =       42.5567
 EAMBER  =    -2633.2922


                    FINAL RESULTS



   NSTEP       ENERGY          RMS            GMAX         NAME    NUMBER
    817      -2.5907E+03     9.7103E-05     3.2691E-03     HG       1180

 BOND    =       31.2160  ANGLE   =      204.5327  DIHED      =     1072.9272
 VDWAALS =     -800.5141  EEL     =    -7357.8717  EGB        =    -1756.5670
 1-4 VDW =      330.4103  1-4 EEL =     5642.5745  RESTRAINT  =       42.5567
 EAMBER  =    -2633.2922

--------------------------------------------------------------------------------
   5.  TIMINGS
--------------------------------------------------------------------------------

|                Calc gb radii             48.68 (20.25% of Gen B)
|                Calc gb diag              90.76 (37.76% of Gen B)
|                Calc gb off-diag         100.92 (41.99% of Gen B)
|             Gen Born time            240.36 (100.0% of Nonbo)
|          Nonbond force            240.36 (99.29% of Force)
|          Bond/Angle/Dihedral        1.70 ( 0.70% of Force)
|          Other                      0.01 ( 0.01% of Force)
|       Force time               242.07 (100.0% of Runmd)
|    Runmd Time               242.07 (99.68% of Total)
|    Other                      0.77 ( 0.32% of Total)
| Total time               242.84 (100.0% of ALL  )

| Number of list builds   :          0

| Highest rstack allocated:          0
| Highest istack allocated:          0
|           Job began  at 14:58:43.147  on 02/03/2016
|           Setup done at 14:58:43.256  on 02/03/2016
|           Run   done at 15:02:45.992  on 02/03/2016
|     wallclock() was called   14734 times
