
          -------------------------------------------------------
          Amber 14 SANDER                              2014
          -------------------------------------------------------

| Run on 02/03/2016 at 14:48:55

|   Executable path: sander
| Working directory: /lustre/cs1500/scratch/kmb413/RealDecoyDisc/DecoyDiscrimination/decoys.set2.init/1aaj/Rosetta_relaxed
|          Hostname: slepner43


File Assignments:
|  MDIN: /scratch/kmb413/RealDecoyDisc/DecoyDiscrimination/scripts/min/min.in  
| MDOUT: NoH_5_empty_tag_392_0001_0001.out                                     
|INPCRD: NoH_5_empty_tag_392_0001_0001.rst7                                    
|  PARM: NoH_5_empty_tag_392_0001_0001.parm7                                   
|RESTRT: min_NoH_5_empty_tag_392_0001_0001.rst7                                
|  REFC: NoH_5_empty_tag_392_0001_0001.rst7                                    
| MDVEL: mdvel                                                                 
| MDFRC: mdfrc                                                                 
|  MDEN: mden                                                                  
| MDCRD: mdcrd                                                                 
|MDINFO: mdinfo                                                                
|  MTMD: mtmd                                                                  
|INPDIP: inpdip                                                                
|RSTDIP: rstdip                                                                
|INPTRA: inptraj                                                               


 Here is the input file:

                                                                               
&cntrl                                                                         
    imin = 1, maxcyc=1000,                                                     
    ntx = 1,                                                                   
    ntwr = 100, ntpr = 100,                                                    
    cut = 999.0,                                                               
    ntb = 0, igb = 8,                                                          
    ntr = 1, restraint_wt = 10, restraintmask = "!@H=",                        
/                                                                              

--------------------------------------------------------------------------------
   1.  RESOURCE   USE: 
--------------------------------------------------------------------------------

| Flags:                                                                        
| New format PARM file being parsed.
| Version =    1.000 Date = 02/03/16 Time = 11:53:47
 NATOM  =    1590 NTYPES =      14 NBONH =     791 MBONA  =     820
 NTHETH =    1812 MTHETA =    1115 NPHIH =    3578 MPHIA  =    3525
 NHPARM =       0 NPARM  =       0 NNB   =    8805 NRES   =     104
 NBONA  =     820 NTHETA =    1115 NPHIA =    3525 NUMBND =      65
 NUMANG =     152 NPTRA  =     189 NATYP =      33 NPHB   =       0
 IFBOX  =       0 NMXRS  =      24 IFCAP =       0 NEXTRA =       0
 NCOPY  =       0

 Implicit solvent radii are ArgH and AspGluO modified Bondi2 radii (mbondi3)                                
 Replacing prmtop screening parameters with GBn2 (igb=8) values

|     Memory Use     Allocated
|     Real              145027
|     Hollerith           4876
|     Integer           109197
|     Max Pairs              1
|     nblistReal             0
|     nblist Int             0
|       Total             1578 kbytes

| Note: 1-4 EEL scale factors are being read from the topology file.

| Note: 1-4 VDW scale factors are being read from the topology file.
| Duplicated    0 dihedrals
| Duplicated    0 dihedrals

--------------------------------------------------------------------------------
   2.  CONTROL  DATA  FOR  THE  RUN
--------------------------------------------------------------------------------

default_name                                                                    

General flags:
     imin    =       1, nmropt  =       0

Nature and format of input:
     ntx     =       1, irest   =       0, ntrx    =       1

Nature and format of output:
     ntxo    =       1, ntpr    =     100, ntrx    =       1, ntwr    =     100
     iwrap   =       0, ntwx    =       0, ntwv    =       0, ntwe    =       0
     ioutfm  =       0, ntwprt  =       0, idecomp =       0, rbornstat=      0

Potential function:
     ntf     =       1, ntb     =       0, igb     =       8, nsnb    =      25
     ipol    =       0, gbsa    =       0, iesp    =       0
     dielc   =   1.00000, cut     = 999.00000, intdiel =   1.00000
     saltcon =   0.00000, offset  =   0.19514, surften =   0.00500
     rdt     =   0.00000, rgbmax  =  25.00000  extdiel =  78.50000
     alpb  =        0
     gbalphaH  =   0.78844, gbbetaH   =   0.79870,  gbgammaH  =    0.43733
     gbalphaC  =   0.73376, gbbetaC   =   0.50638,  gbgammaC  =    0.20584
     gbalphaN  =   0.50336, gbbetaN   =   0.31683,  gbgammaN  =    0.19292
     gbalphaOS =   0.86781, gbbetaOS  =   0.87664,  gbgammaOS =    0.38788
     gbalphaP  =   1.00000, gbbetaP   =   0.80000,  gbgammaP  =    4.85000
     gb_alpha_hnu  =   0.53705, gb_beta_hnu   =   0.36286,  gb_gamma_hnu  =    0.11670
     gb_alpha_cnu  =   0.33167, gb_beta_cnu   =   0.19684,  gb_gamma_cnu  =    0.09342
     gb_alpha_nnu  =   0.68631, gb_beta_nnu   =   0.46319,  gb_gamma_nnu  =    0.13872
     gb_alpha_onu  =   0.60634, gb_beta_onu   =   0.46301,  gb_gamma_onu  =    0.14226
     gb_alpha_pnu  =   0.41836, gb_beta_pnu   =   0.29005,  gb_gamma_pnu  =    0.10642

Frozen or restrained atoms:
     ibelly  =       0, ntr     =       1
     restraint_wt =  10.00000

Energy minimization:
     maxcyc  =    1000, ncyc    =      10, ntmin   =       1
     dx0     =   0.01000, drms    =   0.00010
|  INFO: Old style inpcrd file read


    LOADING THE CONSTRAINED ATOMS AS GROUPS


   5.  REFERENCE ATOM COORDINATES

  defa
     Mask !@H=; matches   799 atoms

--------------------------------------------------------------------------------
   3.  ATOMIC COORDINATES AND VELOCITIES
--------------------------------------------------------------------------------

default_name                                                                    
 begin time read from input coords =     0.000 ps

 Number of triangulated 3-point waters found:        0

--------------------------------------------------------------------------------
   4.  RESULTS
--------------------------------------------------------------------------------



   NSTEP       ENERGY          RMS            GMAX         NAME    NUMBER
      1      -2.2158E+03     9.0225E+00     6.0410E+01     OE1       481

 BOND    =       69.5233  ANGLE   =      211.5227  DIHED      =     1079.9017
 VDWAALS =     -650.8366  EEL     =    -7034.1226  EGB        =    -2056.7624
 1-4 VDW =      433.1564  1-4 EEL =     5731.8545  RESTRAINT  =        0.0000


   NSTEP       ENERGY          RMS            GMAX         NAME    NUMBER
    100      -2.5634E+03     3.5065E-01     4.6080E+00     CD       1119

 BOND    =       30.0798  ANGLE   =      202.6042  DIHED      =     1080.9876
 VDWAALS =     -783.9423  EEL     =    -7060.0265  EGB        =    -2071.2138
 1-4 VDW =      329.3062  1-4 EEL =     5667.7261  RESTRAINT  =       41.0964
 EAMBER  =    -2604.4786


   NSTEP       ENERGY          RMS            GMAX         NAME    NUMBER
    200      -2.5708E+03     1.8906E-01     2.3855E+00     HG        116

 BOND    =       30.0094  ANGLE   =      203.3151  DIHED      =     1079.1978
 VDWAALS =     -787.0218  EEL     =    -7073.2407  EGB        =    -2062.7922
 1-4 VDW =      329.0483  1-4 EEL =     5668.1245  RESTRAINT  =       42.5314
 EAMBER  =    -2613.3597


   NSTEP       ENERGY          RMS            GMAX         NAME    NUMBER
    300      -2.5731E+03     2.9098E-01     5.8540E+00     N           1

 BOND    =       29.9359  ANGLE   =      203.6708  DIHED      =     1077.3534
 VDWAALS =     -788.0839  EEL     =    -7073.2034  EGB        =    -2062.6377
 1-4 VDW =      329.1668  1-4 EEL =     5667.5183  RESTRAINT  =       43.1315
 EAMBER  =    -2616.2798


   NSTEP       ENERGY          RMS            GMAX         NAME    NUMBER
    400      -2.5749E+03     2.9287E-01     8.9753E+00     HG1       605

 BOND    =       30.6844  ANGLE   =      204.8981  DIHED      =     1077.7868
 VDWAALS =     -788.3095  EEL     =    -7075.3011  EGB        =    -2062.9949
 1-4 VDW =      327.7582  1-4 EEL =     5666.4485  RESTRAINT  =       44.1436
 EAMBER  =    -2619.0295


   NSTEP       ENERGY          RMS            GMAX         NAME    NUMBER
    500      -2.5790E+03     1.4866E-02     2.3612E-01     CA        610

 BOND    =       29.7091  ANGLE   =      202.7451  DIHED      =     1076.1054
 VDWAALS =     -786.4251  EEL     =    -7077.3808  EGB        =    -2063.4708
 1-4 VDW =      330.1863  1-4 EEL =     5667.4583  RESTRAINT  =       42.1021
 EAMBER  =    -2621.0725


   NSTEP       ENERGY          RMS            GMAX         NAME    NUMBER
    600      -2.5790E+03     4.8622E-03     8.3607E-02     OG1       604

 BOND    =       29.7258  ANGLE   =      202.7270  DIHED      =     1076.1573
 VDWAALS =     -786.4070  EEL     =    -7077.3819  EGB        =    -2063.6360
 1-4 VDW =      330.1876  1-4 EEL =     5667.5477  RESTRAINT  =       42.0961
 EAMBER  =    -2621.0795


   NSTEP       ENERGY          RMS            GMAX         NAME    NUMBER
    700      -2.5790E+03     1.9255E-03     3.4199E-02     OG1       604

 BOND    =       29.7256  ANGLE   =      202.7257  DIHED      =     1076.1740
 VDWAALS =     -786.4025  EEL     =    -7077.3552  EGB        =    -2063.7005
 1-4 VDW =      330.1922  1-4 EEL =     5667.5641  RESTRAINT  =       42.0926
 EAMBER  =    -2621.0766


   NSTEP       ENERGY          RMS            GMAX         NAME    NUMBER
    800      -2.5790E+03     3.9394E-04     9.0282E-03     HG1       635

 BOND    =       29.7242  ANGLE   =      202.7208  DIHED      =     1076.1860
 VDWAALS =     -786.3945  EEL     =    -7077.3124  EGB        =    -2063.7450
 1-4 VDW =      330.1984  1-4 EEL =     5667.5528  RESTRAINT  =       42.0856
 EAMBER  =    -2621.0698


   NSTEP       ENERGY          RMS            GMAX         NAME    NUMBER
    900      -2.5790E+03     3.4295E-03     3.2721E-02     HG1      1213

 BOND    =       29.7217  ANGLE   =      202.7218  DIHED      =     1076.2085
 VDWAALS =     -786.3902  EEL     =    -7077.2266  EGB        =    -2063.7977
 1-4 VDW =      330.1979  1-4 EEL =     5667.5019  RESTRAINT  =       42.0784
 EAMBER  =    -2621.0627

     ... RESTARTED DUE TO LINMIN FAILURE ...


   NSTEP       ENERGY          RMS            GMAX         NAME    NUMBER
   1000      -2.5790E+03     4.1330E-04     7.0278E-03     HG1       635

 BOND    =       29.7247  ANGLE   =      202.7229  DIHED      =     1076.2127
 VDWAALS =     -786.3907  EEL     =    -7077.2260  EGB        =    -2063.8040
 1-4 VDW =      330.1954  1-4 EEL =     5667.4995  RESTRAINT  =       42.0810
 EAMBER  =    -2621.0654


  Maximum number of minimization cycles reached.


                    FINAL RESULTS



   NSTEP       ENERGY          RMS            GMAX         NAME    NUMBER
   1000      -2.5790E+03     4.1330E-04     7.0278E-03     HG1       635

 BOND    =       29.7247  ANGLE   =      202.7229  DIHED      =     1076.2127
 VDWAALS =     -786.3907  EEL     =    -7077.2260  EGB        =    -2063.8040
 1-4 VDW =      330.1954  1-4 EEL =     5667.4995  RESTRAINT  =       42.0810
 EAMBER  =    -2621.0654

--------------------------------------------------------------------------------
   5.  TIMINGS
--------------------------------------------------------------------------------

|                Calc gb radii             58.57 (20.29% of Gen B)
|                Calc gb diag             108.30 (37.51% of Gen B)
|                Calc gb off-diag         121.82 (42.20% of Gen B)
|             Gen Born time            288.69 (100.0% of Nonbo)
|          Nonbond force            288.69 (99.28% of Force)
|          Bond/Angle/Dihedral        2.07 ( 0.71% of Force)
|          Other                      0.02 ( 0.01% of Force)
|       Force time               290.78 (100.0% of Runmd)
|    Runmd Time               290.78 (99.70% of Total)
|    Other                      0.88 ( 0.30% of Total)
| Total time               291.66 (100.0% of ALL  )

| Number of list builds   :          0

| Highest rstack allocated:          0
| Highest istack allocated:          0
|           Job began  at 14:48:55.816  on 02/03/2016
|           Setup done at 14:48:55.866  on 02/03/2016
|           Run   done at 14:53:47.479  on 02/03/2016
|     wallclock() was called   18028 times
