
          -------------------------------------------------------
          Amber 14 SANDER                              2014
          -------------------------------------------------------

| Run on 02/03/2016 at 13:16:49

|   Executable path: sander
| Working directory: /lustre/cs1500/scratch/kmb413/RealDecoyDisc/DecoyDiscrimination/decoys.set2.init/1aaj/Rosetta_relaxed
|          Hostname: slepner7


File Assignments:
|  MDIN: /scratch/kmb413/RealDecoyDisc/DecoyDiscrimination/scripts/min/min.in  
| MDOUT: NoH_4_empty_tag_1_792_0001.out                                        
|INPCRD: NoH_4_empty_tag_1_792_0001.rst7                                       
|  PARM: NoH_4_empty_tag_1_792_0001.parm7                                      
|RESTRT: min_NoH_4_empty_tag_1_792_0001.rst7                                   
|  REFC: NoH_4_empty_tag_1_792_0001.rst7                                       
| MDVEL: mdvel                                                                 
| MDFRC: mdfrc                                                                 
|  MDEN: mden                                                                  
| MDCRD: mdcrd                                                                 
|MDINFO: mdinfo                                                                
|  MTMD: mtmd                                                                  
|INPDIP: inpdip                                                                
|RSTDIP: rstdip                                                                
|INPTRA: inptraj                                                               


 Here is the input file:

                                                                               
&cntrl                                                                         
    imin = 1, maxcyc=1000,                                                     
    ntx = 1,                                                                   
    ntwr = 100, ntpr = 100,                                                    
    cut = 999.0,                                                               
    ntb = 0, igb = 8,                                                          
    ntr = 1, restraint_wt = 10, restraintmask = "!@H=",                        
/                                                                              

--------------------------------------------------------------------------------
   1.  RESOURCE   USE: 
--------------------------------------------------------------------------------

| Flags:                                                                        
| New format PARM file being parsed.
| Version =    1.000 Date = 02/03/16 Time = 11:51:29
 NATOM  =    1590 NTYPES =      14 NBONH =     791 MBONA  =     820
 NTHETH =    1812 MTHETA =    1115 NPHIH =    3578 MPHIA  =    3525
 NHPARM =       0 NPARM  =       0 NNB   =    8805 NRES   =     104
 NBONA  =     820 NTHETA =    1115 NPHIA =    3525 NUMBND =      65
 NUMANG =     152 NPTRA  =     189 NATYP =      33 NPHB   =       0
 IFBOX  =       0 NMXRS  =      24 IFCAP =       0 NEXTRA =       0
 NCOPY  =       0

 Implicit solvent radii are ArgH and AspGluO modified Bondi2 radii (mbondi3)                                
 Replacing prmtop screening parameters with GBn2 (igb=8) values

|     Memory Use     Allocated
|     Real              145027
|     Hollerith           4876
|     Integer           109197
|     Max Pairs              1
|     nblistReal             0
|     nblist Int             0
|       Total             1578 kbytes

| Note: 1-4 EEL scale factors are being read from the topology file.

| Note: 1-4 VDW scale factors are being read from the topology file.
| Duplicated    0 dihedrals
| Duplicated    0 dihedrals

--------------------------------------------------------------------------------
   2.  CONTROL  DATA  FOR  THE  RUN
--------------------------------------------------------------------------------

default_name                                                                    

General flags:
     imin    =       1, nmropt  =       0

Nature and format of input:
     ntx     =       1, irest   =       0, ntrx    =       1

Nature and format of output:
     ntxo    =       1, ntpr    =     100, ntrx    =       1, ntwr    =     100
     iwrap   =       0, ntwx    =       0, ntwv    =       0, ntwe    =       0
     ioutfm  =       0, ntwprt  =       0, idecomp =       0, rbornstat=      0

Potential function:
     ntf     =       1, ntb     =       0, igb     =       8, nsnb    =      25
     ipol    =       0, gbsa    =       0, iesp    =       0
     dielc   =   1.00000, cut     = 999.00000, intdiel =   1.00000
     saltcon =   0.00000, offset  =   0.19514, surften =   0.00500
     rdt     =   0.00000, rgbmax  =  25.00000  extdiel =  78.50000
     alpb  =        0
     gbalphaH  =   0.78844, gbbetaH   =   0.79870,  gbgammaH  =    0.43733
     gbalphaC  =   0.73376, gbbetaC   =   0.50638,  gbgammaC  =    0.20584
     gbalphaN  =   0.50336, gbbetaN   =   0.31683,  gbgammaN  =    0.19292
     gbalphaOS =   0.86781, gbbetaOS  =   0.87664,  gbgammaOS =    0.38788
     gbalphaP  =   1.00000, gbbetaP   =   0.80000,  gbgammaP  =    4.85000
     gb_alpha_hnu  =   0.53705, gb_beta_hnu   =   0.36286,  gb_gamma_hnu  =    0.11670
     gb_alpha_cnu  =   0.33167, gb_beta_cnu   =   0.19684,  gb_gamma_cnu  =    0.09342
     gb_alpha_nnu  =   0.68631, gb_beta_nnu   =   0.46319,  gb_gamma_nnu  =    0.13872
     gb_alpha_onu  =   0.60634, gb_beta_onu   =   0.46301,  gb_gamma_onu  =    0.14226
     gb_alpha_pnu  =   0.41836, gb_beta_pnu   =   0.29005,  gb_gamma_pnu  =    0.10642

Frozen or restrained atoms:
     ibelly  =       0, ntr     =       1
     restraint_wt =  10.00000

Energy minimization:
     maxcyc  =    1000, ncyc    =      10, ntmin   =       1
     dx0     =   0.01000, drms    =   0.00010
|  INFO: Old style inpcrd file read


    LOADING THE CONSTRAINED ATOMS AS GROUPS


   5.  REFERENCE ATOM COORDINATES

  defa
     Mask !@H=; matches   799 atoms

--------------------------------------------------------------------------------
   3.  ATOMIC COORDINATES AND VELOCITIES
--------------------------------------------------------------------------------

default_name                                                                    
 begin time read from input coords =     0.000 ps

 Number of triangulated 3-point waters found:        0

--------------------------------------------------------------------------------
   4.  RESULTS
--------------------------------------------------------------------------------



   NSTEP       ENERGY          RMS            GMAX         NAME    NUMBER
      1      -2.2177E+03     9.0996E+00     6.0526E+01     OE1       945

 BOND    =       68.9463  ANGLE   =      211.1337  DIHED      =     1075.5650
 VDWAALS =     -675.6768  EEL     =    -7425.6714  EGB        =    -1585.7050
 1-4 VDW =      440.8529  1-4 EEL =     5672.8611  RESTRAINT  =        0.0000


   NSTEP       ENERGY          RMS            GMAX         NAME    NUMBER
    100      -2.5883E+03     4.2871E-01     3.1569E+00     HG1      1389

 BOND    =       31.0774  ANGLE   =      209.5563  DIHED      =     1075.2832
 VDWAALS =     -817.6965  EEL     =    -7447.5319  EGB        =    -1601.3169
 1-4 VDW =      330.8811  1-4 EEL =     5586.9759  RESTRAINT  =       44.4467
 EAMBER  =    -2632.7715


   NSTEP       ENERGY          RMS            GMAX         NAME    NUMBER
    200      -2.6021E+03     3.1119E-01     4.9682E+00     HG1       605

 BOND    =       31.4897  ANGLE   =      211.1230  DIHED      =     1072.5986
 VDWAALS =     -818.8563  EEL     =    -7459.5256  EGB        =    -1600.4403
 1-4 VDW =      329.8240  1-4 EEL =     5586.2108  RESTRAINT  =       45.4408
 EAMBER  =    -2647.5763


   NSTEP       ENERGY          RMS            GMAX         NAME    NUMBER
    300      -2.6115E+03     1.0226E-01     1.7065E+00     HG1       635

 BOND    =       31.2298  ANGLE   =      208.8393  DIHED      =     1071.1677
 VDWAALS =     -817.3136  EEL     =    -7462.8304  EGB        =    -1606.0716
 1-4 VDW =      330.9492  1-4 EEL =     5588.4158  RESTRAINT  =       44.1582
 EAMBER  =    -2655.6140


   NSTEP       ENERGY          RMS            GMAX         NAME    NUMBER
    400      -2.6117E+03     1.2928E-02     3.3428E-01     HG1       635

 BOND    =       30.8101  ANGLE   =      208.3151  DIHED      =     1071.0535
 VDWAALS =     -817.0602  EEL     =    -7463.2815  EGB        =    -1606.0531
 1-4 VDW =      331.8182  1-4 EEL =     5589.0179  RESTRAINT  =       43.6677
 EAMBER  =    -2655.3801


   NSTEP       ENERGY          RMS            GMAX         NAME    NUMBER
    500      -2.6117E+03     5.2806E-03     5.8136E-02     CE1       831

 BOND    =       30.8063  ANGLE   =      208.3027  DIHED      =     1071.0493
 VDWAALS =     -817.0794  EEL     =    -7463.2902  EGB        =    -1606.0475
 1-4 VDW =      331.8358  1-4 EEL =     5589.0343  RESTRAINT  =       43.6735
 EAMBER  =    -2655.3887

     ... RESTARTED DUE TO LINMIN FAILURE ...


   NSTEP       ENERGY          RMS            GMAX         NAME    NUMBER
    600      -2.6117E+03     5.0278E-04     8.7206E-03     C        1588

 BOND    =       30.8056  ANGLE   =      208.2978  DIHED      =     1071.0504
 VDWAALS =     -817.0955  EEL     =    -7463.3095  EGB        =    -1606.0381
 1-4 VDW =      331.8414  1-4 EEL =     5589.0483  RESTRAINT  =       43.6834
 EAMBER  =    -2655.3995


                    FINAL RESULTS



   NSTEP       ENERGY          RMS            GMAX         NAME    NUMBER
    696      -2.6117E+03     9.4330E-05     1.5703E-03     HD13      332

 BOND    =       30.8053  ANGLE   =      208.2983  DIHED      =     1071.0503
 VDWAALS =     -817.0966  EEL     =    -7463.3096  EGB        =    -1606.0381
 1-4 VDW =      331.8423  1-4 EEL =     5589.0482  RESTRAINT  =       43.6838
 EAMBER  =    -2655.3999

--------------------------------------------------------------------------------
   5.  TIMINGS
--------------------------------------------------------------------------------

|                Calc gb radii             41.59 (20.39% of Gen B)
|                Calc gb diag              77.45 (37.98% of Gen B)
|                Calc gb off-diag          84.89 (41.63% of Gen B)
|             Gen Born time            203.93 (100.0% of Nonbo)
|          Nonbond force            203.94 (99.29% of Force)
|          Bond/Angle/Dihedral        1.44 ( 0.70% of Force)
|          Other                      0.01 ( 0.01% of Force)
|       Force time               205.39 (100.0% of Runmd)
|    Runmd Time               205.39 (99.74% of Total)
|    Other                      0.54 ( 0.26% of Total)
| Total time               205.93 (100.0% of ALL  )

| Number of list builds   :          0

| Highest rstack allocated:          0
| Highest istack allocated:          0
|           Job began  at 13:16:49.911  on 02/03/2016
|           Setup done at 13:16:50.006  on 02/03/2016
|           Run   done at 13:20:15.842  on 02/03/2016
|     wallclock() was called   12556 times
