
          -------------------------------------------------------
          Amber 14 SANDER                              2014
          -------------------------------------------------------

| Run on 02/03/2016 at 13:28:19

|   Executable path: sander
| Working directory: /lustre/cs1500/scratch/kmb413/RealDecoyDisc/DecoyDiscrimination/decoys.set2.init/1aaj/Rosetta_relaxed
|          Hostname: slepner7


File Assignments:
|  MDIN: /scratch/kmb413/RealDecoyDisc/DecoyDiscrimination/scripts/min/min.in  
| MDOUT: NoH_4_empty_tag_1_8_0001.out                                          
|INPCRD: NoH_4_empty_tag_1_8_0001.rst7                                         
|  PARM: NoH_4_empty_tag_1_8_0001.parm7                                        
|RESTRT: min_NoH_4_empty_tag_1_8_0001.rst7                                     
|  REFC: NoH_4_empty_tag_1_8_0001.rst7                                         
| MDVEL: mdvel                                                                 
| MDFRC: mdfrc                                                                 
|  MDEN: mden                                                                  
| MDCRD: mdcrd                                                                 
|MDINFO: mdinfo                                                                
|  MTMD: mtmd                                                                  
|INPDIP: inpdip                                                                
|RSTDIP: rstdip                                                                
|INPTRA: inptraj                                                               


 Here is the input file:

                                                                               
&cntrl                                                                         
    imin = 1, maxcyc=1000,                                                     
    ntx = 1,                                                                   
    ntwr = 100, ntpr = 100,                                                    
    cut = 999.0,                                                               
    ntb = 0, igb = 8,                                                          
    ntr = 1, restraint_wt = 10, restraintmask = "!@H=",                        
/                                                                              

--------------------------------------------------------------------------------
   1.  RESOURCE   USE: 
--------------------------------------------------------------------------------

| Flags:                                                                        
| New format PARM file being parsed.
| Version =    1.000 Date = 02/03/16 Time = 11:51:30
 NATOM  =    1590 NTYPES =      14 NBONH =     791 MBONA  =     820
 NTHETH =    1812 MTHETA =    1115 NPHIH =    3578 MPHIA  =    3525
 NHPARM =       0 NPARM  =       0 NNB   =    8805 NRES   =     104
 NBONA  =     820 NTHETA =    1115 NPHIA =    3525 NUMBND =      65
 NUMANG =     152 NPTRA  =     189 NATYP =      33 NPHB   =       0
 IFBOX  =       0 NMXRS  =      24 IFCAP =       0 NEXTRA =       0
 NCOPY  =       0

 Implicit solvent radii are ArgH and AspGluO modified Bondi2 radii (mbondi3)                                
 Replacing prmtop screening parameters with GBn2 (igb=8) values

|     Memory Use     Allocated
|     Real              145027
|     Hollerith           4876
|     Integer           109197
|     Max Pairs              1
|     nblistReal             0
|     nblist Int             0
|       Total             1578 kbytes

| Note: 1-4 EEL scale factors are being read from the topology file.

| Note: 1-4 VDW scale factors are being read from the topology file.
| Duplicated    0 dihedrals
| Duplicated    0 dihedrals

--------------------------------------------------------------------------------
   2.  CONTROL  DATA  FOR  THE  RUN
--------------------------------------------------------------------------------

default_name                                                                    

General flags:
     imin    =       1, nmropt  =       0

Nature and format of input:
     ntx     =       1, irest   =       0, ntrx    =       1

Nature and format of output:
     ntxo    =       1, ntpr    =     100, ntrx    =       1, ntwr    =     100
     iwrap   =       0, ntwx    =       0, ntwv    =       0, ntwe    =       0
     ioutfm  =       0, ntwprt  =       0, idecomp =       0, rbornstat=      0

Potential function:
     ntf     =       1, ntb     =       0, igb     =       8, nsnb    =      25
     ipol    =       0, gbsa    =       0, iesp    =       0
     dielc   =   1.00000, cut     = 999.00000, intdiel =   1.00000
     saltcon =   0.00000, offset  =   0.19514, surften =   0.00500
     rdt     =   0.00000, rgbmax  =  25.00000  extdiel =  78.50000
     alpb  =        0
     gbalphaH  =   0.78844, gbbetaH   =   0.79870,  gbgammaH  =    0.43733
     gbalphaC  =   0.73376, gbbetaC   =   0.50638,  gbgammaC  =    0.20584
     gbalphaN  =   0.50336, gbbetaN   =   0.31683,  gbgammaN  =    0.19292
     gbalphaOS =   0.86781, gbbetaOS  =   0.87664,  gbgammaOS =    0.38788
     gbalphaP  =   1.00000, gbbetaP   =   0.80000,  gbgammaP  =    4.85000
     gb_alpha_hnu  =   0.53705, gb_beta_hnu   =   0.36286,  gb_gamma_hnu  =    0.11670
     gb_alpha_cnu  =   0.33167, gb_beta_cnu   =   0.19684,  gb_gamma_cnu  =    0.09342
     gb_alpha_nnu  =   0.68631, gb_beta_nnu   =   0.46319,  gb_gamma_nnu  =    0.13872
     gb_alpha_onu  =   0.60634, gb_beta_onu   =   0.46301,  gb_gamma_onu  =    0.14226
     gb_alpha_pnu  =   0.41836, gb_beta_pnu   =   0.29005,  gb_gamma_pnu  =    0.10642

Frozen or restrained atoms:
     ibelly  =       0, ntr     =       1
     restraint_wt =  10.00000

Energy minimization:
     maxcyc  =    1000, ncyc    =      10, ntmin   =       1
     dx0     =   0.01000, drms    =   0.00010
|  INFO: Old style inpcrd file read


    LOADING THE CONSTRAINED ATOMS AS GROUPS


   5.  REFERENCE ATOM COORDINATES

  defa
     Mask !@H=; matches   799 atoms

--------------------------------------------------------------------------------
   3.  ATOMIC COORDINATES AND VELOCITIES
--------------------------------------------------------------------------------

default_name                                                                    
 begin time read from input coords =     0.000 ps

 Number of triangulated 3-point waters found:        0

--------------------------------------------------------------------------------
   4.  RESULTS
--------------------------------------------------------------------------------



   NSTEP       ENERGY          RMS            GMAX         NAME    NUMBER
      1      -2.2102E+03     9.0973E+00     6.3060E+01     OE1       945

 BOND    =       69.4012  ANGLE   =      211.1666  DIHED      =     1072.8954
 VDWAALS =     -668.0222  EEL     =    -7410.7866  EGB        =    -1630.4056
 1-4 VDW =      443.4925  1-4 EEL =     5702.0392  RESTRAINT  =        0.0000


   NSTEP       ENERGY          RMS            GMAX         NAME    NUMBER
    100      -2.5802E+03     4.4069E-01     4.3164E+00     CE2       650

 BOND    =       31.5246  ANGLE   =      209.3832  DIHED      =     1074.7939
 VDWAALS =     -814.2070  EEL     =    -7416.1493  EGB        =    -1654.9575
 1-4 VDW =      329.7026  1-4 EEL =     5616.7981  RESTRAINT  =       42.9470
 EAMBER  =    -2623.1114


   NSTEP       ENERGY          RMS            GMAX         NAME    NUMBER
    200      -2.5910E+03     5.4082E-01     8.5899E+00     HG1       635

 BOND    =       32.5652  ANGLE   =      212.3384  DIHED      =     1073.7327
 VDWAALS =     -817.0739  EEL     =    -7426.3178  EGB        =    -1654.3451
 1-4 VDW =      327.3263  1-4 EEL =     5615.5341  RESTRAINT  =       45.2043
 EAMBER  =    -2636.2400


   NSTEP       ENERGY          RMS            GMAX         NAME    NUMBER
    300      -2.6018E+03     1.7509E-01     4.2104E+00     OG1       604

 BOND    =       31.2804  ANGLE   =      208.8300  DIHED      =     1071.1371
 VDWAALS =     -813.7194  EEL     =    -7433.4264  EGB        =    -1655.1058
 1-4 VDW =      330.4828  1-4 EEL =     5615.9513  RESTRAINT  =       42.7361
 EAMBER  =    -2644.5701


   NSTEP       ENERGY          RMS            GMAX         NAME    NUMBER
    400      -2.6021E+03     7.9449E-03     1.2863E-01     HG1       605

 BOND    =       31.1044  ANGLE   =      208.1595  DIHED      =     1071.0198
 VDWAALS =     -813.3933  EEL     =    -7434.2493  EGB        =    -1654.9703
 1-4 VDW =      331.1942  1-4 EEL =     5616.7988  RESTRAINT  =       42.2317
 EAMBER  =    -2644.3362


   NSTEP       ENERGY          RMS            GMAX         NAME    NUMBER
    500      -2.6021E+03     6.8146E-03     7.3263E-02     CG        589

 BOND    =       31.0719  ANGLE   =      208.0887  DIHED      =     1071.0361
 VDWAALS =     -813.3707  EEL     =    -7434.2543  EGB        =    -1654.9539
 1-4 VDW =      331.2843  1-4 EEL =     5616.7985  RESTRAINT  =       42.1908
 EAMBER  =    -2644.2995


   NSTEP       ENERGY          RMS            GMAX         NAME    NUMBER
    600      -2.6021E+03     5.1625E-03     1.1942E-01     CD        437

 BOND    =       31.0772  ANGLE   =      208.0970  DIHED      =     1071.0483
 VDWAALS =     -813.3985  EEL     =    -7434.2623  EGB        =    -1654.9528
 1-4 VDW =      331.2785  1-4 EEL =     5616.7942  RESTRAINT  =       42.2085
 EAMBER  =    -2644.3185


                    FINAL RESULTS



   NSTEP       ENERGY          RMS            GMAX         NAME    NUMBER
    698      -2.6021E+03     9.6734E-05     2.1127E-03     OG1       604

 BOND    =       31.0816  ANGLE   =      208.1122  DIHED      =     1071.0535
 VDWAALS =     -813.4203  EEL     =    -7434.2721  EGB        =    -1654.9564
 1-4 VDW =      331.2651  1-4 EEL =     5616.8011  RESTRAINT  =       42.2252
 EAMBER  =    -2644.3353

--------------------------------------------------------------------------------
   5.  TIMINGS
--------------------------------------------------------------------------------

|                Calc gb radii             41.73 (20.39% of Gen B)
|                Calc gb diag              77.75 (37.99% of Gen B)
|                Calc gb off-diag          85.18 (41.62% of Gen B)
|             Gen Born time            204.66 (100.0% of Nonbo)
|          Nonbond force            204.66 (99.29% of Force)
|          Bond/Angle/Dihedral        1.45 ( 0.70% of Force)
|          Other                      0.01 ( 0.01% of Force)
|       Force time               206.12 (100.0% of Runmd)
|    Runmd Time               206.12 (99.80% of Total)
|    Other                      0.42 ( 0.20% of Total)
| Total time               206.54 (100.0% of ALL  )

| Number of list builds   :          0

| Highest rstack allocated:          0
| Highest istack allocated:          0
|           Job began  at 13:28:19.203  on 02/03/2016
|           Setup done at 13:28:19.270  on 02/03/2016
|           Run   done at 13:31:45.744  on 02/03/2016
|     wallclock() was called   12592 times
