
          -------------------------------------------------------
          Amber 14 SANDER                              2014
          -------------------------------------------------------

| Run on 02/03/2016 at 14:24:13

|   Executable path: sander
| Working directory: /lustre/cs1500/scratch/kmb413/RealDecoyDisc/DecoyDiscrimination/decoys.set2.init/1aaj/Rosetta_relaxed
|          Hostname: slepner13


File Assignments:
|  MDIN: /scratch/kmb413/RealDecoyDisc/DecoyDiscrimination/scripts/min/min.in  
| MDOUT: NoH_1_empty_tag_509_0001_1_0001.out                                   
|INPCRD: NoH_1_empty_tag_509_0001_1_0001.rst7                                  
|  PARM: NoH_1_empty_tag_509_0001_1_0001.parm7                                 
|RESTRT: min_NoH_1_empty_tag_509_0001_1_0001.rst7                              
|  REFC: NoH_1_empty_tag_509_0001_1_0001.rst7                                  
| MDVEL: mdvel                                                                 
| MDFRC: mdfrc                                                                 
|  MDEN: mden                                                                  
| MDCRD: mdcrd                                                                 
|MDINFO: mdinfo                                                                
|  MTMD: mtmd                                                                  
|INPDIP: inpdip                                                                
|RSTDIP: rstdip                                                                
|INPTRA: inptraj                                                               


 Here is the input file:

                                                                               
&cntrl                                                                         
    imin = 1, maxcyc=1000,                                                     
    ntx = 1,                                                                   
    ntwr = 100, ntpr = 100,                                                    
    cut = 999.0,                                                               
    ntb = 0, igb = 8,                                                          
    ntr = 1, restraint_wt = 10, restraintmask = "!@H=",                        
/                                                                              

--------------------------------------------------------------------------------
   1.  RESOURCE   USE: 
--------------------------------------------------------------------------------

| Flags:                                                                        
| New format PARM file being parsed.
| Version =    1.000 Date = 02/03/16 Time = 11:46:00
 NATOM  =    1590 NTYPES =      14 NBONH =     791 MBONA  =     820
 NTHETH =    1812 MTHETA =    1115 NPHIH =    3578 MPHIA  =    3525
 NHPARM =       0 NPARM  =       0 NNB   =    8805 NRES   =     104
 NBONA  =     820 NTHETA =    1115 NPHIA =    3525 NUMBND =      65
 NUMANG =     152 NPTRA  =     189 NATYP =      33 NPHB   =       0
 IFBOX  =       0 NMXRS  =      24 IFCAP =       0 NEXTRA =       0
 NCOPY  =       0

 Implicit solvent radii are ArgH and AspGluO modified Bondi2 radii (mbondi3)                                
 Replacing prmtop screening parameters with GBn2 (igb=8) values

|     Memory Use     Allocated
|     Real              145027
|     Hollerith           4876
|     Integer           109197
|     Max Pairs              1
|     nblistReal             0
|     nblist Int             0
|       Total             1578 kbytes

| Note: 1-4 EEL scale factors are being read from the topology file.

| Note: 1-4 VDW scale factors are being read from the topology file.
| Duplicated    0 dihedrals
| Duplicated    0 dihedrals

--------------------------------------------------------------------------------
   2.  CONTROL  DATA  FOR  THE  RUN
--------------------------------------------------------------------------------

default_name                                                                    

General flags:
     imin    =       1, nmropt  =       0

Nature and format of input:
     ntx     =       1, irest   =       0, ntrx    =       1

Nature and format of output:
     ntxo    =       1, ntpr    =     100, ntrx    =       1, ntwr    =     100
     iwrap   =       0, ntwx    =       0, ntwv    =       0, ntwe    =       0
     ioutfm  =       0, ntwprt  =       0, idecomp =       0, rbornstat=      0

Potential function:
     ntf     =       1, ntb     =       0, igb     =       8, nsnb    =      25
     ipol    =       0, gbsa    =       0, iesp    =       0
     dielc   =   1.00000, cut     = 999.00000, intdiel =   1.00000
     saltcon =   0.00000, offset  =   0.19514, surften =   0.00500
     rdt     =   0.00000, rgbmax  =  25.00000  extdiel =  78.50000
     alpb  =        0
     gbalphaH  =   0.78844, gbbetaH   =   0.79870,  gbgammaH  =    0.43733
     gbalphaC  =   0.73376, gbbetaC   =   0.50638,  gbgammaC  =    0.20584
     gbalphaN  =   0.50336, gbbetaN   =   0.31683,  gbgammaN  =    0.19292
     gbalphaOS =   0.86781, gbbetaOS  =   0.87664,  gbgammaOS =    0.38788
     gbalphaP  =   1.00000, gbbetaP   =   0.80000,  gbgammaP  =    4.85000
     gb_alpha_hnu  =   0.53705, gb_beta_hnu   =   0.36286,  gb_gamma_hnu  =    0.11670
     gb_alpha_cnu  =   0.33167, gb_beta_cnu   =   0.19684,  gb_gamma_cnu  =    0.09342
     gb_alpha_nnu  =   0.68631, gb_beta_nnu   =   0.46319,  gb_gamma_nnu  =    0.13872
     gb_alpha_onu  =   0.60634, gb_beta_onu   =   0.46301,  gb_gamma_onu  =    0.14226
     gb_alpha_pnu  =   0.41836, gb_beta_pnu   =   0.29005,  gb_gamma_pnu  =    0.10642

Frozen or restrained atoms:
     ibelly  =       0, ntr     =       1
     restraint_wt =  10.00000

Energy minimization:
     maxcyc  =    1000, ncyc    =      10, ntmin   =       1
     dx0     =   0.01000, drms    =   0.00010
|  INFO: Old style inpcrd file read


    LOADING THE CONSTRAINED ATOMS AS GROUPS


   5.  REFERENCE ATOM COORDINATES

  defa
     Mask !@H=; matches   799 atoms

--------------------------------------------------------------------------------
   3.  ATOMIC COORDINATES AND VELOCITIES
--------------------------------------------------------------------------------

default_name                                                                    
 begin time read from input coords =     0.000 ps

 Number of triangulated 3-point waters found:        0

--------------------------------------------------------------------------------
   4.  RESULTS
--------------------------------------------------------------------------------



   NSTEP       ENERGY          RMS            GMAX         NAME    NUMBER
      1      -2.0897E+03     9.1090E+00     6.3005E+01     HA        430

 BOND    =       68.4396  ANGLE   =      210.5517  DIHED      =     1079.3393
 VDWAALS =     -607.3481  EEL     =    -6882.9797  EGB        =    -2102.4268
 1-4 VDW =      431.1315  1-4 EEL =     5713.6412  RESTRAINT  =        0.0000


   NSTEP       ENERGY          RMS            GMAX         NAME    NUMBER
    100      -2.4553E+03     4.9322E-01     4.4731E+00     CG        311

 BOND    =       32.3449  ANGLE   =      207.6397  DIHED      =     1078.8898
 VDWAALS =     -743.9475  EEL     =    -6921.7886  EGB        =    -2125.5353
 1-4 VDW =      323.9803  1-4 EEL =     5650.0447  RESTRAINT  =       43.1143
 EAMBER  =    -2498.3719


   NSTEP       ENERGY          RMS            GMAX         NAME    NUMBER
    200      -2.4601E+03     1.1566E-01     1.2394E+00     HG1      1389

 BOND    =       31.9109  ANGLE   =      207.1527  DIHED      =     1077.4576
 VDWAALS =     -745.6407  EEL     =    -6927.0887  EGB        =    -2124.5830
 1-4 VDW =      324.9119  1-4 EEL =     5651.6191  RESTRAINT  =       44.1986
 EAMBER  =    -2504.2603


   NSTEP       ENERGY          RMS            GMAX         NAME    NUMBER
    300      -2.4624E+03     2.7104E-02     4.3321E-01     H2          3

 BOND    =       31.5770  ANGLE   =      206.3338  DIHED      =     1074.6345
 VDWAALS =     -745.5072  EEL     =    -6926.6032  EGB        =    -2124.1211
 1-4 VDW =      325.7199  1-4 EEL =     5651.5927  RESTRAINT  =       43.9758
 EAMBER  =    -2506.3736


   NSTEP       ENERGY          RMS            GMAX         NAME    NUMBER
    400      -2.4625E+03     5.5169E-03     5.4700E-02     CB          7

 BOND    =       31.5334  ANGLE   =      206.2794  DIHED      =     1074.6680
 VDWAALS =     -745.4962  EEL     =    -6926.7869  EGB        =    -2124.1171
 1-4 VDW =      325.8128  1-4 EEL =     5651.6105  RESTRAINT  =       43.9935
 EAMBER  =    -2506.4962


   NSTEP       ENERGY          RMS            GMAX         NAME    NUMBER
    500      -2.4625E+03     2.5848E-03     2.1307E-02     H1          2

 BOND    =       31.5220  ANGLE   =      206.2541  DIHED      =     1074.7256
 VDWAALS =     -745.4889  EEL     =    -6926.9505  EGB        =    -2124.0680
 1-4 VDW =      325.8561  1-4 EEL =     5651.6279  RESTRAINT  =       44.0114
 EAMBER  =    -2506.5219


   NSTEP       ENERGY          RMS            GMAX         NAME    NUMBER
    600      -2.4625E+03     8.1883E-04     1.4267E-02     CG        589

 BOND    =       31.5219  ANGLE   =      206.2544  DIHED      =     1074.7329
 VDWAALS =     -745.4889  EEL     =    -6926.9677  EGB        =    -2124.0629
 1-4 VDW =      325.8609  1-4 EEL =     5651.6242  RESTRAINT  =       44.0142
 EAMBER  =    -2506.5250


   NSTEP       ENERGY          RMS            GMAX         NAME    NUMBER
    700      -2.4625E+03     1.6123E-04     3.6428E-03     CD       1585

 BOND    =       31.5210  ANGLE   =      206.2536  DIHED      =     1074.7417
 VDWAALS =     -745.4886  EEL     =    -6926.9929  EGB        =    -2124.0555
 1-4 VDW =      325.8658  1-4 EEL =     5651.6247  RESTRAINT  =       44.0193
 EAMBER  =    -2506.5302


                    FINAL RESULTS



   NSTEP       ENERGY          RMS            GMAX         NAME    NUMBER
    722      -2.4625E+03     9.7415E-05     1.8046E-03     HE3      1003

 BOND    =       31.5210  ANGLE   =      206.2534  DIHED      =     1074.7414
 VDWAALS =     -745.4886  EEL     =    -6926.9925  EGB        =    -2124.0558
 1-4 VDW =      325.8659  1-4 EEL =     5651.6253  RESTRAINT  =       44.0190
 EAMBER  =    -2506.5299

--------------------------------------------------------------------------------
   5.  TIMINGS
--------------------------------------------------------------------------------

|                Calc gb radii             40.53 (20.01% of Gen B)
|                Calc gb diag              74.73 (36.90% of Gen B)
|                Calc gb off-diag          87.28 (43.09% of Gen B)
|             Gen Born time            202.53 (100.0% of Nonbo)
|          Nonbond force            202.53 (99.26% of Force)
|          Bond/Angle/Dihedral        1.50 ( 0.74% of Force)
|          Other                      0.01 ( 0.01% of Force)
|       Force time               204.05 (100.0% of Runmd)
|    Runmd Time               204.05 (99.74% of Total)
|    Other                      0.53 ( 0.26% of Total)
| Total time               204.58 (100.0% of ALL  )

| Number of list builds   :          0

| Highest rstack allocated:          0
| Highest istack allocated:          0
|           Job began  at 14:24:13.269  on 02/03/2016
|           Setup done at 14:24:13.336  on 02/03/2016
|           Run   done at 14:27:37.847  on 02/03/2016
|     wallclock() was called   13024 times
