
          -------------------------------------------------------
          Amber 14 SANDER                              2014
          -------------------------------------------------------

| Run on 02/03/2016 at 14:46:58

|   Executable path: sander
| Working directory: /lustre/cs1500/scratch/kmb413/RealDecoyDisc/DecoyDiscrimination/decoys.set2.init/1aaj/Rosetta_relaxed
|          Hostname: slepner25


File Assignments:
|  MDIN: /scratch/kmb413/RealDecoyDisc/DecoyDiscrimination/scripts/min/min.in  
| MDOUT: NoH_5_empty_tag_550_0001_0001.out                                     
|INPCRD: NoH_5_empty_tag_550_0001_0001.rst7                                    
|  PARM: NoH_5_empty_tag_550_0001_0001.parm7                                   
|RESTRT: min_NoH_5_empty_tag_550_0001_0001.rst7                                
|  REFC: NoH_5_empty_tag_550_0001_0001.rst7                                    
| MDVEL: mdvel                                                                 
| MDFRC: mdfrc                                                                 
|  MDEN: mden                                                                  
| MDCRD: mdcrd                                                                 
|MDINFO: mdinfo                                                                
|  MTMD: mtmd                                                                  
|INPDIP: inpdip                                                                
|RSTDIP: rstdip                                                                
|INPTRA: inptraj                                                               


 Here is the input file:

                                                                               
&cntrl                                                                         
    imin = 1, maxcyc=1000,                                                     
    ntx = 1,                                                                   
    ntwr = 100, ntpr = 100,                                                    
    cut = 999.0,                                                               
    ntb = 0, igb = 8,                                                          
    ntr = 1, restraint_wt = 10, restraintmask = "!@H=",                        
/                                                                              

--------------------------------------------------------------------------------
   1.  RESOURCE   USE: 
--------------------------------------------------------------------------------

| Flags:                                                                        
| New format PARM file being parsed.
| Version =    1.000 Date = 02/03/16 Time = 11:54:00
 NATOM  =    1590 NTYPES =      14 NBONH =     791 MBONA  =     820
 NTHETH =    1812 MTHETA =    1115 NPHIH =    3578 MPHIA  =    3525
 NHPARM =       0 NPARM  =       0 NNB   =    8805 NRES   =     104
 NBONA  =     820 NTHETA =    1115 NPHIA =    3525 NUMBND =      65
 NUMANG =     152 NPTRA  =     189 NATYP =      33 NPHB   =       0
 IFBOX  =       0 NMXRS  =      24 IFCAP =       0 NEXTRA =       0
 NCOPY  =       0

 Implicit solvent radii are ArgH and AspGluO modified Bondi2 radii (mbondi3)                                
 Replacing prmtop screening parameters with GBn2 (igb=8) values

|     Memory Use     Allocated
|     Real              145027
|     Hollerith           4876
|     Integer           109197
|     Max Pairs              1
|     nblistReal             0
|     nblist Int             0
|       Total             1578 kbytes

| Note: 1-4 EEL scale factors are being read from the topology file.

| Note: 1-4 VDW scale factors are being read from the topology file.
| Duplicated    0 dihedrals
| Duplicated    0 dihedrals

--------------------------------------------------------------------------------
   2.  CONTROL  DATA  FOR  THE  RUN
--------------------------------------------------------------------------------

default_name                                                                    

General flags:
     imin    =       1, nmropt  =       0

Nature and format of input:
     ntx     =       1, irest   =       0, ntrx    =       1

Nature and format of output:
     ntxo    =       1, ntpr    =     100, ntrx    =       1, ntwr    =     100
     iwrap   =       0, ntwx    =       0, ntwv    =       0, ntwe    =       0
     ioutfm  =       0, ntwprt  =       0, idecomp =       0, rbornstat=      0

Potential function:
     ntf     =       1, ntb     =       0, igb     =       8, nsnb    =      25
     ipol    =       0, gbsa    =       0, iesp    =       0
     dielc   =   1.00000, cut     = 999.00000, intdiel =   1.00000
     saltcon =   0.00000, offset  =   0.19514, surften =   0.00500
     rdt     =   0.00000, rgbmax  =  25.00000  extdiel =  78.50000
     alpb  =        0
     gbalphaH  =   0.78844, gbbetaH   =   0.79870,  gbgammaH  =    0.43733
     gbalphaC  =   0.73376, gbbetaC   =   0.50638,  gbgammaC  =    0.20584
     gbalphaN  =   0.50336, gbbetaN   =   0.31683,  gbgammaN  =    0.19292
     gbalphaOS =   0.86781, gbbetaOS  =   0.87664,  gbgammaOS =    0.38788
     gbalphaP  =   1.00000, gbbetaP   =   0.80000,  gbgammaP  =    4.85000
     gb_alpha_hnu  =   0.53705, gb_beta_hnu   =   0.36286,  gb_gamma_hnu  =    0.11670
     gb_alpha_cnu  =   0.33167, gb_beta_cnu   =   0.19684,  gb_gamma_cnu  =    0.09342
     gb_alpha_nnu  =   0.68631, gb_beta_nnu   =   0.46319,  gb_gamma_nnu  =    0.13872
     gb_alpha_onu  =   0.60634, gb_beta_onu   =   0.46301,  gb_gamma_onu  =    0.14226
     gb_alpha_pnu  =   0.41836, gb_beta_pnu   =   0.29005,  gb_gamma_pnu  =    0.10642

Frozen or restrained atoms:
     ibelly  =       0, ntr     =       1
     restraint_wt =  10.00000

Energy minimization:
     maxcyc  =    1000, ncyc    =      10, ntmin   =       1
     dx0     =   0.01000, drms    =   0.00010
|  INFO: Old style inpcrd file read


    LOADING THE CONSTRAINED ATOMS AS GROUPS


   5.  REFERENCE ATOM COORDINATES

  defa
     Mask !@H=; matches   799 atoms

--------------------------------------------------------------------------------
   3.  ATOMIC COORDINATES AND VELOCITIES
--------------------------------------------------------------------------------

default_name                                                                    
 begin time read from input coords =     0.000 ps

 Number of triangulated 3-point waters found:        0

--------------------------------------------------------------------------------
   4.  RESULTS
--------------------------------------------------------------------------------



   NSTEP       ENERGY          RMS            GMAX         NAME    NUMBER
      1      -2.2004E+03     9.1057E+00     6.0585E+01     OE1       194

 BOND    =       69.8629  ANGLE   =      211.0438  DIHED      =     1085.7378
 VDWAALS =     -658.7546  EEL     =    -7170.8305  EGB        =    -1955.4240
 1-4 VDW =      446.6277  1-4 EEL =     5771.2921  RESTRAINT  =        0.0000


   NSTEP       ENERGY          RMS            GMAX         NAME    NUMBER
    100      -2.5731E+03     3.8481E-01     4.6914E+00     CD        480

 BOND    =       31.1865  ANGLE   =      206.6374  DIHED      =     1085.7375
 VDWAALS =     -788.3923  EEL     =    -7190.5343  EGB        =    -1971.5634
 1-4 VDW =      333.4050  1-4 EEL =     5678.7231  RESTRAINT  =       41.7402
 EAMBER  =    -2614.8005


   NSTEP       ENERGY          RMS            GMAX         NAME    NUMBER
    200      -2.5860E+03     4.5774E-01     7.3291E+00     HG1       635

 BOND    =       32.2600  ANGLE   =      209.6088  DIHED      =     1084.2403
 VDWAALS =     -791.2238  EEL     =    -7201.2433  EGB        =    -1973.3817
 1-4 VDW =      331.5268  1-4 EEL =     5678.2303  RESTRAINT  =       44.0017
 EAMBER  =    -2629.9825


   NSTEP       ENERGY          RMS            GMAX         NAME    NUMBER
    300      -2.5902E+03     3.6662E-02     3.1033E-01     H1          2

 BOND    =       31.2425  ANGLE   =      206.1855  DIHED      =     1082.8724
 VDWAALS =     -791.5057  EEL     =    -7201.7155  EGB        =    -1973.8951
 1-4 VDW =      333.7936  1-4 EEL =     5680.1252  RESTRAINT  =       42.6990
 EAMBER  =    -2632.8970


   NSTEP       ENERGY          RMS            GMAX         NAME    NUMBER
    400      -2.5930E+03     2.7594E-01     6.4070E+00     OG1       604

 BOND    =       32.2168  ANGLE   =      207.9877  DIHED      =     1083.3736
 VDWAALS =     -791.5385  EEL     =    -7202.2157  EGB        =    -1978.7785
 1-4 VDW =      332.1298  1-4 EEL =     5679.8169  RESTRAINT  =       43.9851
 EAMBER  =    -2637.0081


   NSTEP       ENERGY          RMS            GMAX         NAME    NUMBER
    500      -2.5950E+03     9.2111E-03     1.1320E-01     CB        612

 BOND    =       31.2722  ANGLE   =      206.2399  DIHED      =     1082.5678
 VDWAALS =     -790.5762  EEL     =    -7202.6626  EGB        =    -1979.0891
 1-4 VDW =      334.0409  1-4 EEL =     5680.7483  RESTRAINT  =       42.4258
 EAMBER  =    -2637.4589


   NSTEP       ENERGY          RMS            GMAX         NAME    NUMBER
    600      -2.5950E+03     2.0303E-03     2.7504E-02     CB        598

 BOND    =       31.2499  ANGLE   =      206.1982  DIHED      =     1082.5966
 VDWAALS =     -790.5927  EEL     =    -7202.6551  EGB        =    -1979.1334
 1-4 VDW =      334.1003  1-4 EEL =     5680.7983  RESTRAINT  =       42.4007
 EAMBER  =    -2637.4380


   NSTEP       ENERGY          RMS            GMAX         NAME    NUMBER
    700      -2.5950E+03     3.7289E-04     5.0680E-03     CB        598

 BOND    =       31.2448  ANGLE   =      206.1931  DIHED      =     1082.6042
 VDWAALS =     -790.6016  EEL     =    -7202.6513  EGB        =    -1979.1411
 1-4 VDW =      334.1120  1-4 EEL =     5680.8060  RESTRAINT  =       42.3964
 EAMBER  =    -2637.4339


   NSTEP       ENERGY          RMS            GMAX         NAME    NUMBER
    800      -2.5950E+03     2.0497E-04     2.4329E-03     OG1      1212

 BOND    =       31.2445  ANGLE   =      206.1934  DIHED      =     1082.6065
 VDWAALS =     -790.6041  EEL     =    -7202.6525  EGB        =    -1979.1421
 1-4 VDW =      334.1125  1-4 EEL =     5680.8069  RESTRAINT  =       42.3973
 EAMBER  =    -2637.4348


                    FINAL RESULTS



   NSTEP       ENERGY          RMS            GMAX         NAME    NUMBER
    821      -2.5950E+03     9.9498E-05     1.3325E-03     HD11      330

 BOND    =       31.2446  ANGLE   =      206.1932  DIHED      =     1082.6068
 VDWAALS =     -790.6042  EEL     =    -7202.6528  EGB        =    -1979.1422
 1-4 VDW =      334.1126  1-4 EEL =     5680.8072  RESTRAINT  =       42.3974
 EAMBER  =    -2637.4349

--------------------------------------------------------------------------------
   5.  TIMINGS
--------------------------------------------------------------------------------

|                Calc gb radii             49.41 (20.46% of Gen B)
|                Calc gb diag              91.12 (37.73% of Gen B)
|                Calc gb off-diag         100.95 (41.80% of Gen B)
|             Gen Born time            241.49 (100.0% of Nonbo)
|          Nonbond force            241.49 (99.29% of Force)
|          Bond/Angle/Dihedral        1.71 ( 0.70% of Force)
|          Other                      0.01 ( 0.01% of Force)
|       Force time               243.21 (100.0% of Runmd)
|    Runmd Time               243.21 (99.69% of Total)
|    Other                      0.76 ( 0.31% of Total)
| Total time               243.97 (100.0% of ALL  )

| Number of list builds   :          0

| Highest rstack allocated:          0
| Highest istack allocated:          0
|           Job began  at 14:46:58.499  on 02/03/2016
|           Setup done at 14:46:58.575  on 02/03/2016
|           Run   done at 14:51:02.471  on 02/03/2016
|     wallclock() was called   14806 times
