
          -------------------------------------------------------
          Amber 14 SANDER                              2014
          -------------------------------------------------------

| Run on 02/03/2016 at 13:19:49

|   Executable path: sander
| Working directory: /lustre/cs1500/scratch/kmb413/RealDecoyDisc/DecoyDiscrimination/decoys.set2.init/1aaj/Rosetta_relaxed
|          Hostname: slepner30


File Assignments:
|  MDIN: /scratch/kmb413/RealDecoyDisc/DecoyDiscrimination/scripts/min/min.in  
| MDOUT: NoH_3_empty_tag_1113_0001_0001.out                                    
|INPCRD: NoH_3_empty_tag_1113_0001_0001.rst7                                   
|  PARM: NoH_3_empty_tag_1113_0001_0001.parm7                                  
|RESTRT: min_NoH_3_empty_tag_1113_0001_0001.rst7                               
|  REFC: NoH_3_empty_tag_1113_0001_0001.rst7                                   
| MDVEL: mdvel                                                                 
| MDFRC: mdfrc                                                                 
|  MDEN: mden                                                                  
| MDCRD: mdcrd                                                                 
|MDINFO: mdinfo                                                                
|  MTMD: mtmd                                                                  
|INPDIP: inpdip                                                                
|RSTDIP: rstdip                                                                
|INPTRA: inptraj                                                               


 Here is the input file:

                                                                               
&cntrl                                                                         
    imin = 1, maxcyc=1000,                                                     
    ntx = 1,                                                                   
    ntwr = 100, ntpr = 100,                                                    
    cut = 999.0,                                                               
    ntb = 0, igb = 8,                                                          
    ntr = 1, restraint_wt = 10, restraintmask = "!@H=",                        
/                                                                              

--------------------------------------------------------------------------------
   1.  RESOURCE   USE: 
--------------------------------------------------------------------------------

| Flags:                                                                        
| New format PARM file being parsed.
| Version =    1.000 Date = 02/03/16 Time = 11:48:35
 NATOM  =    1590 NTYPES =      14 NBONH =     791 MBONA  =     820
 NTHETH =    1812 MTHETA =    1115 NPHIH =    3578 MPHIA  =    3525
 NHPARM =       0 NPARM  =       0 NNB   =    8805 NRES   =     104
 NBONA  =     820 NTHETA =    1115 NPHIA =    3525 NUMBND =      65
 NUMANG =     152 NPTRA  =     189 NATYP =      33 NPHB   =       0
 IFBOX  =       0 NMXRS  =      24 IFCAP =       0 NEXTRA =       0
 NCOPY  =       0

 Implicit solvent radii are ArgH and AspGluO modified Bondi2 radii (mbondi3)                                
 Replacing prmtop screening parameters with GBn2 (igb=8) values

|     Memory Use     Allocated
|     Real              145027
|     Hollerith           4876
|     Integer           109197
|     Max Pairs              1
|     nblistReal             0
|     nblist Int             0
|       Total             1578 kbytes

| Note: 1-4 EEL scale factors are being read from the topology file.

| Note: 1-4 VDW scale factors are being read from the topology file.
| Duplicated    0 dihedrals
| Duplicated    0 dihedrals

--------------------------------------------------------------------------------
   2.  CONTROL  DATA  FOR  THE  RUN
--------------------------------------------------------------------------------

default_name                                                                    

General flags:
     imin    =       1, nmropt  =       0

Nature and format of input:
     ntx     =       1, irest   =       0, ntrx    =       1

Nature and format of output:
     ntxo    =       1, ntpr    =     100, ntrx    =       1, ntwr    =     100
     iwrap   =       0, ntwx    =       0, ntwv    =       0, ntwe    =       0
     ioutfm  =       0, ntwprt  =       0, idecomp =       0, rbornstat=      0

Potential function:
     ntf     =       1, ntb     =       0, igb     =       8, nsnb    =      25
     ipol    =       0, gbsa    =       0, iesp    =       0
     dielc   =   1.00000, cut     = 999.00000, intdiel =   1.00000
     saltcon =   0.00000, offset  =   0.19514, surften =   0.00500
     rdt     =   0.00000, rgbmax  =  25.00000  extdiel =  78.50000
     alpb  =        0
     gbalphaH  =   0.78844, gbbetaH   =   0.79870,  gbgammaH  =    0.43733
     gbalphaC  =   0.73376, gbbetaC   =   0.50638,  gbgammaC  =    0.20584
     gbalphaN  =   0.50336, gbbetaN   =   0.31683,  gbgammaN  =    0.19292
     gbalphaOS =   0.86781, gbbetaOS  =   0.87664,  gbgammaOS =    0.38788
     gbalphaP  =   1.00000, gbbetaP   =   0.80000,  gbgammaP  =    4.85000
     gb_alpha_hnu  =   0.53705, gb_beta_hnu   =   0.36286,  gb_gamma_hnu  =    0.11670
     gb_alpha_cnu  =   0.33167, gb_beta_cnu   =   0.19684,  gb_gamma_cnu  =    0.09342
     gb_alpha_nnu  =   0.68631, gb_beta_nnu   =   0.46319,  gb_gamma_nnu  =    0.13872
     gb_alpha_onu  =   0.60634, gb_beta_onu   =   0.46301,  gb_gamma_onu  =    0.14226
     gb_alpha_pnu  =   0.41836, gb_beta_pnu   =   0.29005,  gb_gamma_pnu  =    0.10642

Frozen or restrained atoms:
     ibelly  =       0, ntr     =       1
     restraint_wt =  10.00000

Energy minimization:
     maxcyc  =    1000, ncyc    =      10, ntmin   =       1
     dx0     =   0.01000, drms    =   0.00010
|  INFO: Old style inpcrd file read


    LOADING THE CONSTRAINED ATOMS AS GROUPS


   5.  REFERENCE ATOM COORDINATES

  defa
     Mask !@H=; matches   799 atoms

--------------------------------------------------------------------------------
   3.  ATOMIC COORDINATES AND VELOCITIES
--------------------------------------------------------------------------------

default_name                                                                    
 begin time read from input coords =     0.000 ps

 Number of triangulated 3-point waters found:        0

--------------------------------------------------------------------------------
   4.  RESULTS
--------------------------------------------------------------------------------



   NSTEP       ENERGY          RMS            GMAX         NAME    NUMBER
      1      -2.2060E+03     9.1661E+00     6.3691E+01     OE1       945

 BOND    =       70.4955  ANGLE   =      211.6154  DIHED      =     1088.9879
 VDWAALS =     -648.7926  EEL     =    -7387.9149  EGB        =    -1685.8236
 1-4 VDW =      440.2771  1-4 EEL =     5705.1465  RESTRAINT  =        0.0000


   NSTEP       ENERGY          RMS            GMAX         NAME    NUMBER
    100      -2.5892E+03     5.4238E-01     6.6130E+00     HG1       605

 BOND    =       31.9892  ANGLE   =      209.9925  DIHED      =     1090.5470
 VDWAALS =     -804.7610  EEL     =    -7402.5945  EGB        =    -1710.8757
 1-4 VDW =      330.0285  1-4 EEL =     5619.9638  RESTRAINT  =       46.5209
 EAMBER  =    -2635.7101


   NSTEP       ENERGY          RMS            GMAX         NAME    NUMBER
    200      -2.5969E+03     1.5409E-01     3.1064E+00     OG1      1388

 BOND    =       31.6725  ANGLE   =      209.2280  DIHED      =     1087.2758
 VDWAALS =     -806.5139  EEL     =    -7412.0027  EGB        =    -1706.7689
 1-4 VDW =      330.8616  1-4 EEL =     5622.8728  RESTRAINT  =       46.5046
 EAMBER  =    -2643.3749


   NSTEP       ENERGY          RMS            GMAX         NAME    NUMBER
    300      -2.5973E+03     2.2922E-02     3.0766E-01     CD       1119

 BOND    =       31.3730  ANGLE   =      208.6509  DIHED      =     1086.6086
 VDWAALS =     -806.7371  EEL     =    -7412.1530  EGB        =    -1706.5651
 1-4 VDW =      331.6852  1-4 EEL =     5623.5496  RESTRAINT  =       46.2487
 EAMBER  =    -2643.5879


   NSTEP       ENERGY          RMS            GMAX         NAME    NUMBER
    400      -2.5974E+03     6.3783E-03     7.9763E-02     N           1

 BOND    =       31.3364  ANGLE   =      208.5335  DIHED      =     1086.5663
 VDWAALS =     -806.7655  EEL     =    -7412.1717  EGB        =    -1706.5129
 1-4 VDW =      331.8016  1-4 EEL =     5623.6309  RESTRAINT  =       46.2288
 EAMBER  =    -2643.5814


   NSTEP       ENERGY          RMS            GMAX         NAME    NUMBER
    500      -2.5974E+03     1.6464E-03     1.1619E-02     CD       1424

 BOND    =       31.3239  ANGLE   =      208.5005  DIHED      =     1086.5668
 VDWAALS =     -806.7747  EEL     =    -7412.2028  EGB        =    -1706.4783
 1-4 VDW =      331.8383  1-4 EEL =     5623.6547  RESTRAINT  =       46.2171
 EAMBER  =    -2643.5716


   NSTEP       ENERGY          RMS            GMAX         NAME    NUMBER
    600      -2.5974E+03     5.1910E-04     1.1726E-02     CD       1119

 BOND    =       31.3226  ANGLE   =      208.4959  DIHED      =     1086.5704
 VDWAALS =     -806.7800  EEL     =    -7412.2189  EGB        =    -1706.4644
 1-4 VDW =      331.8425  1-4 EEL =     5623.6594  RESTRAINT  =       46.2177
 EAMBER  =    -2643.5724

     ... RESTARTED DUE TO LINMIN FAILURE ...


   NSTEP       ENERGY          RMS            GMAX         NAME    NUMBER
    700      -2.5974E+03     3.9138E-04     4.2995E-03     HD11      330

 BOND    =       31.3217  ANGLE   =      208.4926  DIHED      =     1086.5728
 VDWAALS =     -806.7824  EEL     =    -7412.2273  EGB        =    -1706.4558
 1-4 VDW =      331.8456  1-4 EEL =     5623.6616  RESTRAINT  =       46.2163
 EAMBER  =    -2643.5712


   NSTEP       ENERGY          RMS            GMAX         NAME    NUMBER
    800      -2.5974E+03     1.3621E-04     3.0198E-03     HD11      330

 BOND    =       31.3218  ANGLE   =      208.4930  DIHED      =     1086.5745
 VDWAALS =     -806.7852  EEL     =    -7412.2319  EGB        =    -1706.4526
 1-4 VDW =      331.8457  1-4 EEL =     5623.6618  RESTRAINT  =       46.2180
 EAMBER  =    -2643.5729


   NSTEP       ENERGY          RMS            GMAX         NAME    NUMBER
    900      -2.5974E+03     1.9349E-04     1.9968E-03     HD11      330

 BOND    =       31.3220  ANGLE   =      208.4928  DIHED      =     1086.5757
 VDWAALS =     -806.7866  EEL     =    -7412.2346  EGB        =    -1706.4503
 1-4 VDW =      331.8457  1-4 EEL =     5623.6618  RESTRAINT  =       46.2185
 EAMBER  =    -2643.5734


                    FINAL RESULTS



   NSTEP       ENERGY          RMS            GMAX         NAME    NUMBER
    946      -2.5974E+03     6.5139E-05     1.5321E-03     HD11      330

 BOND    =       31.3219  ANGLE   =      208.4927  DIHED      =     1086.5761
 VDWAALS =     -806.7871  EEL     =    -7412.2355  EGB        =    -1706.4495
 1-4 VDW =      331.8460  1-4 EEL =     5623.6619  RESTRAINT  =       46.2187
 EAMBER  =    -2643.5736

--------------------------------------------------------------------------------
   5.  TIMINGS
--------------------------------------------------------------------------------

|                Calc gb radii             55.93 (19.99% of Gen B)
|                Calc gb diag             106.41 (38.03% of Gen B)
|                Calc gb off-diag         117.49 (41.99% of Gen B)
|             Gen Born time            279.84 (100.0% of Nonbo)
|          Nonbond force            279.84 (99.30% of Force)
|          Bond/Angle/Dihedral        1.96 ( 0.70% of Force)
|          Other                      0.02 ( 0.01% of Force)
|       Force time               281.82 (100.0% of Runmd)
|    Runmd Time               281.82 (99.72% of Total)
|    Other                      0.79 ( 0.28% of Total)
| Total time               282.61 (100.0% of ALL  )

| Number of list builds   :          0

| Highest rstack allocated:          0
| Highest istack allocated:          0
|           Job began  at 13:19:49.666  on 02/03/2016
|           Setup done at 13:19:49.752  on 02/03/2016
|           Run   done at 13:24:32.280  on 02/03/2016
|     wallclock() was called   17056 times
