
          -------------------------------------------------------
          Amber 14 SANDER                              2014
          -------------------------------------------------------

| Run on 02/03/2016 at 12:29:15

|   Executable path: sander
| Working directory: /lustre/cs1500/scratch/kmb413/RealDecoyDisc/DecoyDiscrimination/decoys.set2.init/1aaj/Rosetta_relaxed
|          Hostname: slepner13


File Assignments:
|  MDIN: /scratch/kmb413/RealDecoyDisc/DecoyDiscrimination/scripts/min/min.in  
| MDOUT: NoH_4_empty_tag_1_13_0001.out                                         
|INPCRD: NoH_4_empty_tag_1_13_0001.rst7                                        
|  PARM: NoH_4_empty_tag_1_13_0001.parm7                                       
|RESTRT: min_NoH_4_empty_tag_1_13_0001.rst7                                    
|  REFC: NoH_4_empty_tag_1_13_0001.rst7                                        
| MDVEL: mdvel                                                                 
| MDFRC: mdfrc                                                                 
|  MDEN: mden                                                                  
| MDCRD: mdcrd                                                                 
|MDINFO: mdinfo                                                                
|  MTMD: mtmd                                                                  
|INPDIP: inpdip                                                                
|RSTDIP: rstdip                                                                
|INPTRA: inptraj                                                               


 Here is the input file:

                                                                               
&cntrl                                                                         
    imin = 1, maxcyc=1000,                                                     
    ntx = 1,                                                                   
    ntwr = 100, ntpr = 100,                                                    
    cut = 999.0,                                                               
    ntb = 0, igb = 8,                                                          
    ntr = 1, restraint_wt = 10, restraintmask = "!@H=",                        
/                                                                              

--------------------------------------------------------------------------------
   1.  RESOURCE   USE: 
--------------------------------------------------------------------------------

| Flags:                                                                        
| New format PARM file being parsed.
| Version =    1.000 Date = 02/03/16 Time = 11:50:28
 NATOM  =    1590 NTYPES =      14 NBONH =     791 MBONA  =     820
 NTHETH =    1812 MTHETA =    1115 NPHIH =    3578 MPHIA  =    3525
 NHPARM =       0 NPARM  =       0 NNB   =    8805 NRES   =     104
 NBONA  =     820 NTHETA =    1115 NPHIA =    3525 NUMBND =      65
 NUMANG =     152 NPTRA  =     189 NATYP =      33 NPHB   =       0
 IFBOX  =       0 NMXRS  =      24 IFCAP =       0 NEXTRA =       0
 NCOPY  =       0

 Implicit solvent radii are ArgH and AspGluO modified Bondi2 radii (mbondi3)                                
 Replacing prmtop screening parameters with GBn2 (igb=8) values

|     Memory Use     Allocated
|     Real              145027
|     Hollerith           4876
|     Integer           109197
|     Max Pairs              1
|     nblistReal             0
|     nblist Int             0
|       Total             1578 kbytes

| Note: 1-4 EEL scale factors are being read from the topology file.

| Note: 1-4 VDW scale factors are being read from the topology file.
| Duplicated    0 dihedrals
| Duplicated    0 dihedrals

--------------------------------------------------------------------------------
   2.  CONTROL  DATA  FOR  THE  RUN
--------------------------------------------------------------------------------

default_name                                                                    

General flags:
     imin    =       1, nmropt  =       0

Nature and format of input:
     ntx     =       1, irest   =       0, ntrx    =       1

Nature and format of output:
     ntxo    =       1, ntpr    =     100, ntrx    =       1, ntwr    =     100
     iwrap   =       0, ntwx    =       0, ntwv    =       0, ntwe    =       0
     ioutfm  =       0, ntwprt  =       0, idecomp =       0, rbornstat=      0

Potential function:
     ntf     =       1, ntb     =       0, igb     =       8, nsnb    =      25
     ipol    =       0, gbsa    =       0, iesp    =       0
     dielc   =   1.00000, cut     = 999.00000, intdiel =   1.00000
     saltcon =   0.00000, offset  =   0.19514, surften =   0.00500
     rdt     =   0.00000, rgbmax  =  25.00000  extdiel =  78.50000
     alpb  =        0
     gbalphaH  =   0.78844, gbbetaH   =   0.79870,  gbgammaH  =    0.43733
     gbalphaC  =   0.73376, gbbetaC   =   0.50638,  gbgammaC  =    0.20584
     gbalphaN  =   0.50336, gbbetaN   =   0.31683,  gbgammaN  =    0.19292
     gbalphaOS =   0.86781, gbbetaOS  =   0.87664,  gbgammaOS =    0.38788
     gbalphaP  =   1.00000, gbbetaP   =   0.80000,  gbgammaP  =    4.85000
     gb_alpha_hnu  =   0.53705, gb_beta_hnu   =   0.36286,  gb_gamma_hnu  =    0.11670
     gb_alpha_cnu  =   0.33167, gb_beta_cnu   =   0.19684,  gb_gamma_cnu  =    0.09342
     gb_alpha_nnu  =   0.68631, gb_beta_nnu   =   0.46319,  gb_gamma_nnu  =    0.13872
     gb_alpha_onu  =   0.60634, gb_beta_onu   =   0.46301,  gb_gamma_onu  =    0.14226
     gb_alpha_pnu  =   0.41836, gb_beta_pnu   =   0.29005,  gb_gamma_pnu  =    0.10642

Frozen or restrained atoms:
     ibelly  =       0, ntr     =       1
     restraint_wt =  10.00000

Energy minimization:
     maxcyc  =    1000, ncyc    =      10, ntmin   =       1
     dx0     =   0.01000, drms    =   0.00010
|  INFO: Old style inpcrd file read


    LOADING THE CONSTRAINED ATOMS AS GROUPS


   5.  REFERENCE ATOM COORDINATES

  defa
     Mask !@H=; matches   799 atoms

--------------------------------------------------------------------------------
   3.  ATOMIC COORDINATES AND VELOCITIES
--------------------------------------------------------------------------------

default_name                                                                    
 begin time read from input coords =     0.000 ps

 Number of triangulated 3-point waters found:        0

--------------------------------------------------------------------------------
   4.  RESULTS
--------------------------------------------------------------------------------



   NSTEP       ENERGY          RMS            GMAX         NAME    NUMBER
      1      -2.1987E+03     9.1903E+00     6.0587E+01     OE1       945

 BOND    =       71.6030  ANGLE   =      211.7141  DIHED      =     1074.3267
 VDWAALS =     -651.8748  EEL     =    -7421.0415  EGB        =    -1625.0390
 1-4 VDW =      439.9168  1-4 EEL =     5701.7336  RESTRAINT  =        0.0000


   NSTEP       ENERGY          RMS            GMAX         NAME    NUMBER
    100      -2.5873E+03     5.7450E-01     5.2399E+00     HG1       635

 BOND    =       31.9057  ANGLE   =      213.4734  DIHED      =     1071.2909
 VDWAALS =     -803.4057  EEL     =    -7436.5522  EGB        =    -1654.9921
 1-4 VDW =      328.3587  1-4 EEL =     5618.1176  RESTRAINT  =       44.5241
 EAMBER  =    -2631.8038


   NSTEP       ENERGY          RMS            GMAX         NAME    NUMBER
    200      -2.6009E+03     1.1101E-01     1.3084E+00     H1          2

 BOND    =       31.0824  ANGLE   =      211.8750  DIHED      =     1066.6050
 VDWAALS =     -804.7848  EEL     =    -7446.7604  EGB        =    -1653.5601
 1-4 VDW =      329.7255  1-4 EEL =     5621.2906  RESTRAINT  =       43.6078
 EAMBER  =    -2644.5268


   NSTEP       ENERGY          RMS            GMAX         NAME    NUMBER
    300      -2.6028E+03     3.3412E-01     7.3211E+00     HG1       605

 BOND    =       31.7858  ANGLE   =      214.5748  DIHED      =     1067.5469
 VDWAALS =     -806.6864  EEL     =    -7450.7358  EGB        =    -1654.7078
 1-4 VDW =      328.1991  1-4 EEL =     5621.4919  RESTRAINT  =       45.7347
 EAMBER  =    -2648.5315


   NSTEP       ENERGY          RMS            GMAX         NAME    NUMBER
    400      -2.6071E+03     1.1827E-02     1.9997E-01     CB        598

 BOND    =       30.9440  ANGLE   =      211.5982  DIHED      =     1065.9615
 VDWAALS =     -803.7868  EEL     =    -7452.5508  EGB        =    -1654.7559
 1-4 VDW =      330.4001  1-4 EEL =     5621.8835  RESTRAINT  =       43.2325
 EAMBER  =    -2650.3061


   NSTEP       ENERGY          RMS            GMAX         NAME    NUMBER
    500      -2.6071E+03     3.6487E-03     6.6760E-02     CD        193

 BOND    =       30.9240  ANGLE   =      211.5579  DIHED      =     1065.9709
 VDWAALS =     -803.7713  EEL     =    -7452.5717  EGB        =    -1654.7822
 1-4 VDW =      330.4595  1-4 EEL =     5621.9339  RESTRAINT  =       43.1990
 EAMBER  =    -2650.2790


   NSTEP       ENERGY          RMS            GMAX         NAME    NUMBER
    600      -2.6071E+03     9.4710E-04     1.4223E-02     OG1       604

 BOND    =       30.9212  ANGLE   =      211.5508  DIHED      =     1065.9673
 VDWAALS =     -803.7685  EEL     =    -7452.5706  EGB        =    -1654.7816
 1-4 VDW =      330.4733  1-4 EEL =     5621.9333  RESTRAINT  =       43.1944
 EAMBER  =    -2650.2748


   NSTEP       ENERGY          RMS            GMAX         NAME    NUMBER
    700      -2.6071E+03     7.1919E-04     1.2513E-02     CA        584

 BOND    =       30.9179  ANGLE   =      211.5455  DIHED      =     1065.9657
 VDWAALS =     -803.7656  EEL     =    -7452.5668  EGB        =    -1654.7809
 1-4 VDW =      330.4806  1-4 EEL =     5621.9323  RESTRAINT  =       43.1906
 EAMBER  =    -2650.2711


   NSTEP       ENERGY          RMS            GMAX         NAME    NUMBER
    800      -2.6071E+03     1.3336E-04     1.6174E-03     CD        729

 BOND    =       30.9177  ANGLE   =      211.5459  DIHED      =     1065.9655
 VDWAALS =     -803.7675  EEL     =    -7452.5673  EGB        =    -1654.7806
 1-4 VDW =      330.4807  1-4 EEL =     5621.9332  RESTRAINT  =       43.1918
 EAMBER  =    -2650.2723


                    FINAL RESULTS



   NSTEP       ENERGY          RMS            GMAX         NAME    NUMBER
    822      -2.6071E+03     8.1600E-05     1.5434E-03     CD        193

 BOND    =       30.9177  ANGLE   =      211.5461  DIHED      =     1065.9654
 VDWAALS =     -803.7678  EEL     =    -7452.5676  EGB        =    -1654.7805
 1-4 VDW =      330.4807  1-4 EEL =     5621.9334  RESTRAINT  =       43.1921
 EAMBER  =    -2650.2726

--------------------------------------------------------------------------------
   5.  TIMINGS
--------------------------------------------------------------------------------

|                Calc gb radii             49.45 (20.16% of Gen B)
|                Calc gb diag              94.73 (38.62% of Gen B)
|                Calc gb off-diag         101.13 (41.22% of Gen B)
|             Gen Born time            245.32 (100.0% of Nonbo)
|          Nonbond force            245.32 (99.31% of Force)
|          Bond/Angle/Dihedral        1.70 ( 0.69% of Force)
|          Other                      0.01 ( 0.01% of Force)
|       Force time               247.03 (100.0% of Runmd)
|    Runmd Time               247.03 (99.60% of Total)
|    Other                      0.98 ( 0.39% of Total)
| Total time               248.01 (100.0% of ALL  )

| Number of list builds   :          0

| Highest rstack allocated:          0
| Highest istack allocated:          0
|           Job began  at 12:29:15.575  on 02/03/2016
|           Setup done at 12:29:15.625  on 02/03/2016
|           Run   done at 12:33:23.586  on 02/03/2016
|     wallclock() was called   14824 times
