
          -------------------------------------------------------
          Amber 14 SANDER                              2014
          -------------------------------------------------------

| Run on 02/03/2016 at 13:07:06

|   Executable path: sander
| Working directory: /lustre/cs1500/scratch/kmb413/RealDecoyDisc/DecoyDiscrimination/decoys.set2.init/1aaj/Rosetta_relaxed
|          Hostname: slepner30


File Assignments:
|  MDIN: /scratch/kmb413/RealDecoyDisc/DecoyDiscrimination/scripts/min/min.in  
| MDOUT: NoH_2_empty_tag_283_0001_1_0001.out                                   
|INPCRD: NoH_2_empty_tag_283_0001_1_0001.rst7                                  
|  PARM: NoH_2_empty_tag_283_0001_1_0001.parm7                                 
|RESTRT: min_NoH_2_empty_tag_283_0001_1_0001.rst7                              
|  REFC: NoH_2_empty_tag_283_0001_1_0001.rst7                                  
| MDVEL: mdvel                                                                 
| MDFRC: mdfrc                                                                 
|  MDEN: mden                                                                  
| MDCRD: mdcrd                                                                 
|MDINFO: mdinfo                                                                
|  MTMD: mtmd                                                                  
|INPDIP: inpdip                                                                
|RSTDIP: rstdip                                                                
|INPTRA: inptraj                                                               


 Here is the input file:

                                                                               
&cntrl                                                                         
    imin = 1, maxcyc=1000,                                                     
    ntx = 1,                                                                   
    ntwr = 100, ntpr = 100,                                                    
    cut = 999.0,                                                               
    ntb = 0, igb = 8,                                                          
    ntr = 1, restraint_wt = 10, restraintmask = "!@H=",                        
/                                                                              

--------------------------------------------------------------------------------
   1.  RESOURCE   USE: 
--------------------------------------------------------------------------------

| Flags:                                                                        
| New format PARM file being parsed.
| Version =    1.000 Date = 02/03/16 Time = 11:47:51
 NATOM  =    1590 NTYPES =      14 NBONH =     791 MBONA  =     820
 NTHETH =    1812 MTHETA =    1115 NPHIH =    3578 MPHIA  =    3525
 NHPARM =       0 NPARM  =       0 NNB   =    8805 NRES   =     104
 NBONA  =     820 NTHETA =    1115 NPHIA =    3525 NUMBND =      65
 NUMANG =     152 NPTRA  =     189 NATYP =      33 NPHB   =       0
 IFBOX  =       0 NMXRS  =      24 IFCAP =       0 NEXTRA =       0
 NCOPY  =       0

 Implicit solvent radii are ArgH and AspGluO modified Bondi2 radii (mbondi3)                                
 Replacing prmtop screening parameters with GBn2 (igb=8) values

|     Memory Use     Allocated
|     Real              145027
|     Hollerith           4876
|     Integer           109197
|     Max Pairs              1
|     nblistReal             0
|     nblist Int             0
|       Total             1578 kbytes

| Note: 1-4 EEL scale factors are being read from the topology file.

| Note: 1-4 VDW scale factors are being read from the topology file.
| Duplicated    0 dihedrals
| Duplicated    0 dihedrals

--------------------------------------------------------------------------------
   2.  CONTROL  DATA  FOR  THE  RUN
--------------------------------------------------------------------------------

default_name                                                                    

General flags:
     imin    =       1, nmropt  =       0

Nature and format of input:
     ntx     =       1, irest   =       0, ntrx    =       1

Nature and format of output:
     ntxo    =       1, ntpr    =     100, ntrx    =       1, ntwr    =     100
     iwrap   =       0, ntwx    =       0, ntwv    =       0, ntwe    =       0
     ioutfm  =       0, ntwprt  =       0, idecomp =       0, rbornstat=      0

Potential function:
     ntf     =       1, ntb     =       0, igb     =       8, nsnb    =      25
     ipol    =       0, gbsa    =       0, iesp    =       0
     dielc   =   1.00000, cut     = 999.00000, intdiel =   1.00000
     saltcon =   0.00000, offset  =   0.19514, surften =   0.00500
     rdt     =   0.00000, rgbmax  =  25.00000  extdiel =  78.50000
     alpb  =        0
     gbalphaH  =   0.78844, gbbetaH   =   0.79870,  gbgammaH  =    0.43733
     gbalphaC  =   0.73376, gbbetaC   =   0.50638,  gbgammaC  =    0.20584
     gbalphaN  =   0.50336, gbbetaN   =   0.31683,  gbgammaN  =    0.19292
     gbalphaOS =   0.86781, gbbetaOS  =   0.87664,  gbgammaOS =    0.38788
     gbalphaP  =   1.00000, gbbetaP   =   0.80000,  gbgammaP  =    4.85000
     gb_alpha_hnu  =   0.53705, gb_beta_hnu   =   0.36286,  gb_gamma_hnu  =    0.11670
     gb_alpha_cnu  =   0.33167, gb_beta_cnu   =   0.19684,  gb_gamma_cnu  =    0.09342
     gb_alpha_nnu  =   0.68631, gb_beta_nnu   =   0.46319,  gb_gamma_nnu  =    0.13872
     gb_alpha_onu  =   0.60634, gb_beta_onu   =   0.46301,  gb_gamma_onu  =    0.14226
     gb_alpha_pnu  =   0.41836, gb_beta_pnu   =   0.29005,  gb_gamma_pnu  =    0.10642

Frozen or restrained atoms:
     ibelly  =       0, ntr     =       1
     restraint_wt =  10.00000

Energy minimization:
     maxcyc  =    1000, ncyc    =      10, ntmin   =       1
     dx0     =   0.01000, drms    =   0.00010
|  INFO: Old style inpcrd file read


    LOADING THE CONSTRAINED ATOMS AS GROUPS


   5.  REFERENCE ATOM COORDINATES

  defa
     Mask !@H=; matches   799 atoms

--------------------------------------------------------------------------------
   3.  ATOMIC COORDINATES AND VELOCITIES
--------------------------------------------------------------------------------

default_name                                                                    
 begin time read from input coords =     0.000 ps

 Number of triangulated 3-point waters found:        0

--------------------------------------------------------------------------------
   4.  RESULTS
--------------------------------------------------------------------------------



   NSTEP       ENERGY          RMS            GMAX         NAME    NUMBER
      1      -2.0264E+03     8.9878E+00     6.1169E+01     OE2       731

 BOND    =       69.2986  ANGLE   =      211.0594  DIHED      =     1089.7861
 VDWAALS =     -548.7432  EEL     =    -7135.4226  EGB        =    -1851.4219
 1-4 VDW =      440.9325  1-4 EEL =     5698.0772  RESTRAINT  =        0.0000


   NSTEP       ENERGY          RMS            GMAX         NAME    NUMBER
    100      -2.3899E+03     5.0941E-01     7.6234E+00     CD       1585

 BOND    =       31.8126  ANGLE   =      202.2553  DIHED      =     1094.8308
 VDWAALS =     -686.7902  EEL     =    -7156.3754  EGB        =    -1867.6541
 1-4 VDW =      329.3808  1-4 EEL =     5619.0959  RESTRAINT  =       43.5005
 EAMBER  =    -2433.4443


   NSTEP       ENERGY          RMS            GMAX         NAME    NUMBER
    200      -2.3987E+03     4.1190E-01     7.0962E+00     CB       1240

 BOND    =       31.8685  ANGLE   =      204.0663  DIHED      =     1093.3026
 VDWAALS =     -688.3402  EEL     =    -7175.0048  EGB        =    -1858.3161
 1-4 VDW =      328.5085  1-4 EEL =     5619.1015  RESTRAINT  =       46.1105
 EAMBER  =    -2444.8138


   NSTEP       ENERGY          RMS            GMAX         NAME    NUMBER
    300      -2.4010E+03     9.1453E-02     1.2282E+00     CE2       650

 BOND    =       31.5161  ANGLE   =      202.8128  DIHED      =     1092.0242
 VDWAALS =     -687.3473  EEL     =    -7176.4855  EGB        =    -1858.1404
 1-4 VDW =      329.7077  1-4 EEL =     5619.9755  RESTRAINT  =       44.9593
 EAMBER  =    -2445.9369


   NSTEP       ENERGY          RMS            GMAX         NAME    NUMBER
    400      -2.4010E+03     1.4956E-02     1.8964E-01     HG2        11

 BOND    =       31.4608  ANGLE   =      202.7174  DIHED      =     1091.9965
 VDWAALS =     -687.4096  EEL     =    -7176.5518  EGB        =    -1858.0385
 1-4 VDW =      329.8559  1-4 EEL =     5619.9489  RESTRAINT  =       44.9767
 EAMBER  =    -2446.0203


   NSTEP       ENERGY          RMS            GMAX         NAME    NUMBER
    500      -2.4011E+03     7.6721E-03     1.3324E-01     CG        311

 BOND    =       31.4551  ANGLE   =      202.7154  DIHED      =     1092.0201
 VDWAALS =     -687.4285  EEL     =    -7176.6542  EGB        =    -1857.9712
 1-4 VDW =      329.8923  1-4 EEL =     5619.9321  RESTRAINT  =       44.9857
 EAMBER  =    -2446.0389


   NSTEP       ENERGY          RMS            GMAX         NAME    NUMBER
    600      -2.4011E+03     4.1057E-03     4.3495E-02     CA         95

 BOND    =       31.4557  ANGLE   =      202.7249  DIHED      =     1092.0576
 VDWAALS =     -687.4539  EEL     =    -7176.7561  EGB        =    -1857.9043
 1-4 VDW =      329.8980  1-4 EEL =     5619.9130  RESTRAINT  =       45.0089
 EAMBER  =    -2446.0653


   NSTEP       ENERGY          RMS            GMAX         NAME    NUMBER
    700      -2.4011E+03     1.5864E-03     1.8800E-02     OG        115

 BOND    =       31.4443  ANGLE   =      202.7047  DIHED      =     1092.0681
 VDWAALS =     -687.4425  EEL     =    -7176.8035  EGB        =    -1857.8749
 1-4 VDW =      329.9244  1-4 EEL =     5619.9284  RESTRAINT  =       44.9942
 EAMBER  =    -2446.0511


                    FINAL RESULTS



   NSTEP       ENERGY          RMS            GMAX         NAME    NUMBER
    798      -2.4011E+03     7.7566E-05     2.8486E-03     HG        116

 BOND    =       31.4457  ANGLE   =      202.7069  DIHED      =     1092.0707
 VDWAALS =     -687.4442  EEL     =    -7176.8080  EGB        =    -1857.8726
 1-4 VDW =      329.9202  1-4 EEL =     5619.9271  RESTRAINT  =       44.9973
 EAMBER  =    -2446.0542

--------------------------------------------------------------------------------
   5.  TIMINGS
--------------------------------------------------------------------------------

|                Calc gb radii             38.03 (18.30% of Gen B)
|                Calc gb diag              71.16 (34.23% of Gen B)
|                Calc gb off-diag          98.66 (47.47% of Gen B)
|             Gen Born time            207.86 (100.0% of Nonbo)
|          Nonbond force            207.86 (99.20% of Force)
|          Bond/Angle/Dihedral        1.65 ( 0.79% of Force)
|          Other                      0.01 ( 0.01% of Force)
|       Force time               209.52 (100.0% of Runmd)
|    Runmd Time               209.52 (99.66% of Total)
|    Other                      0.71 ( 0.34% of Total)
| Total time               210.23 (100.0% of ALL  )

| Number of list builds   :          0

| Highest rstack allocated:          0
| Highest istack allocated:          0
|           Job began  at 13:07:06.136  on 02/03/2016
|           Setup done at 13:07:06.212  on 02/03/2016
|           Run   done at 13:10:36.370  on 02/03/2016
|     wallclock() was called   14392 times
