
          -------------------------------------------------------
          Amber 14 SANDER                              2014
          -------------------------------------------------------

| Run on 02/03/2016 at 13:54:46

|   Executable path: sander
| Working directory: /lustre/cs1500/scratch/kmb413/RealDecoyDisc/DecoyDiscrimination/decoys.set2.init/1aaj/Rosetta_relaxed
|          Hostname: slepner7


File Assignments:
|  MDIN: /scratch/kmb413/RealDecoyDisc/DecoyDiscrimination/scripts/min/min.in  
| MDOUT: NoH_4_empty_tag_1474_0001_0001.out                                    
|INPCRD: NoH_4_empty_tag_1474_0001_0001.rst7                                   
|  PARM: NoH_4_empty_tag_1474_0001_0001.parm7                                  
|RESTRT: min_NoH_4_empty_tag_1474_0001_0001.rst7                               
|  REFC: NoH_4_empty_tag_1474_0001_0001.rst7                                   
| MDVEL: mdvel                                                                 
| MDFRC: mdfrc                                                                 
|  MDEN: mden                                                                  
| MDCRD: mdcrd                                                                 
|MDINFO: mdinfo                                                                
|  MTMD: mtmd                                                                  
|INPDIP: inpdip                                                                
|RSTDIP: rstdip                                                                
|INPTRA: inptraj                                                               


 Here is the input file:

                                                                               
&cntrl                                                                         
    imin = 1, maxcyc=1000,                                                     
    ntx = 1,                                                                   
    ntwr = 100, ntpr = 100,                                                    
    cut = 999.0,                                                               
    ntb = 0, igb = 8,                                                          
    ntr = 1, restraint_wt = 10, restraintmask = "!@H=",                        
/                                                                              

--------------------------------------------------------------------------------
   1.  RESOURCE   USE: 
--------------------------------------------------------------------------------

| Flags:                                                                        
| New format PARM file being parsed.
| Version =    1.000 Date = 02/03/16 Time = 11:51:04
 NATOM  =    1590 NTYPES =      14 NBONH =     791 MBONA  =     820
 NTHETH =    1812 MTHETA =    1115 NPHIH =    3578 MPHIA  =    3525
 NHPARM =       0 NPARM  =       0 NNB   =    8805 NRES   =     104
 NBONA  =     820 NTHETA =    1115 NPHIA =    3525 NUMBND =      65
 NUMANG =     152 NPTRA  =     189 NATYP =      33 NPHB   =       0
 IFBOX  =       0 NMXRS  =      24 IFCAP =       0 NEXTRA =       0
 NCOPY  =       0

 Implicit solvent radii are ArgH and AspGluO modified Bondi2 radii (mbondi3)                                
 Replacing prmtop screening parameters with GBn2 (igb=8) values

|     Memory Use     Allocated
|     Real              145027
|     Hollerith           4876
|     Integer           109197
|     Max Pairs              1
|     nblistReal             0
|     nblist Int             0
|       Total             1578 kbytes

| Note: 1-4 EEL scale factors are being read from the topology file.

| Note: 1-4 VDW scale factors are being read from the topology file.
| Duplicated    0 dihedrals
| Duplicated    0 dihedrals

--------------------------------------------------------------------------------
   2.  CONTROL  DATA  FOR  THE  RUN
--------------------------------------------------------------------------------

default_name                                                                    

General flags:
     imin    =       1, nmropt  =       0

Nature and format of input:
     ntx     =       1, irest   =       0, ntrx    =       1

Nature and format of output:
     ntxo    =       1, ntpr    =     100, ntrx    =       1, ntwr    =     100
     iwrap   =       0, ntwx    =       0, ntwv    =       0, ntwe    =       0
     ioutfm  =       0, ntwprt  =       0, idecomp =       0, rbornstat=      0

Potential function:
     ntf     =       1, ntb     =       0, igb     =       8, nsnb    =      25
     ipol    =       0, gbsa    =       0, iesp    =       0
     dielc   =   1.00000, cut     = 999.00000, intdiel =   1.00000
     saltcon =   0.00000, offset  =   0.19514, surften =   0.00500
     rdt     =   0.00000, rgbmax  =  25.00000  extdiel =  78.50000
     alpb  =        0
     gbalphaH  =   0.78844, gbbetaH   =   0.79870,  gbgammaH  =    0.43733
     gbalphaC  =   0.73376, gbbetaC   =   0.50638,  gbgammaC  =    0.20584
     gbalphaN  =   0.50336, gbbetaN   =   0.31683,  gbgammaN  =    0.19292
     gbalphaOS =   0.86781, gbbetaOS  =   0.87664,  gbgammaOS =    0.38788
     gbalphaP  =   1.00000, gbbetaP   =   0.80000,  gbgammaP  =    4.85000
     gb_alpha_hnu  =   0.53705, gb_beta_hnu   =   0.36286,  gb_gamma_hnu  =    0.11670
     gb_alpha_cnu  =   0.33167, gb_beta_cnu   =   0.19684,  gb_gamma_cnu  =    0.09342
     gb_alpha_nnu  =   0.68631, gb_beta_nnu   =   0.46319,  gb_gamma_nnu  =    0.13872
     gb_alpha_onu  =   0.60634, gb_beta_onu   =   0.46301,  gb_gamma_onu  =    0.14226
     gb_alpha_pnu  =   0.41836, gb_beta_pnu   =   0.29005,  gb_gamma_pnu  =    0.10642

Frozen or restrained atoms:
     ibelly  =       0, ntr     =       1
     restraint_wt =  10.00000

Energy minimization:
     maxcyc  =    1000, ncyc    =      10, ntmin   =       1
     dx0     =   0.01000, drms    =   0.00010
|  INFO: Old style inpcrd file read


    LOADING THE CONSTRAINED ATOMS AS GROUPS


   5.  REFERENCE ATOM COORDINATES

  defa
     Mask !@H=; matches   799 atoms

--------------------------------------------------------------------------------
   3.  ATOMIC COORDINATES AND VELOCITIES
--------------------------------------------------------------------------------

default_name                                                                    
 begin time read from input coords =     0.000 ps

 Number of triangulated 3-point waters found:        0

--------------------------------------------------------------------------------
   4.  RESULTS
--------------------------------------------------------------------------------



   NSTEP       ENERGY          RMS            GMAX         NAME    NUMBER
      1      -2.2529E+03     9.0261E+00     6.4274E+01     OE1       945

 BOND    =       70.1102  ANGLE   =      211.3206  DIHED      =     1085.2126
 VDWAALS =     -665.4133  EEL     =    -7008.4574  EGB        =    -2109.0017
 1-4 VDW =      437.5764  1-4 EEL =     5725.7210  RESTRAINT  =        0.0000


   NSTEP       ENERGY          RMS            GMAX         NAME    NUMBER
    100      -2.5933E+03     2.9175E-01     4.0682E+00     CG        589

 BOND    =       30.3710  ANGLE   =      202.7002  DIHED      =     1087.1139
 VDWAALS =     -791.7975  EEL     =    -7007.2883  EGB        =    -2129.3072
 1-4 VDW =      330.1391  1-4 EEL =     5645.5528  RESTRAINT  =       39.1759
 EAMBER  =    -2632.5159


   NSTEP       ENERGY          RMS            GMAX         NAME    NUMBER
    200      -2.5976E+03     1.5995E-01     2.1933E+00     HG1      1389

 BOND    =       30.5086  ANGLE   =      203.5667  DIHED      =     1086.8097
 VDWAALS =     -794.7899  EEL     =    -7015.0671  EGB        =    -2125.1727
 1-4 VDW =      329.5278  1-4 EEL =     5645.8865  RESTRAINT  =       41.0843
 EAMBER  =    -2638.7304


   NSTEP       ENERGY          RMS            GMAX         NAME    NUMBER
    300      -2.6000E+03     4.1169E-02     6.1471E-01     H1          2

 BOND    =       30.3379  ANGLE   =      203.0914  DIHED      =     1084.7868
 VDWAALS =     -795.5011  EEL     =    -7015.9753  EGB        =    -2124.4309
 1-4 VDW =      330.1682  1-4 EEL =     5646.5076  RESTRAINT  =       41.0220
 EAMBER  =    -2641.0153


   NSTEP       ENERGY          RMS            GMAX         NAME    NUMBER
    400      -2.6045E+03     1.7972E-01     3.5455E+00     HB        599

 BOND    =       31.0486  ANGLE   =      204.6052  DIHED      =     1085.2637
 VDWAALS =     -795.1697  EEL     =    -7019.9396  EGB        =    -2126.2211
 1-4 VDW =      328.5982  1-4 EEL =     5645.3409  RESTRAINT  =       42.0033
 EAMBER  =    -2646.4738


   NSTEP       ENERGY          RMS            GMAX         NAME    NUMBER
    500      -2.6107E+03     2.7471E-02     3.4855E-01     CG2       600

 BOND    =       30.4434  ANGLE   =      203.2065  DIHED      =     1083.9525
 VDWAALS =     -792.9452  EEL     =    -7023.9369  EGB        =    -2128.0759
 1-4 VDW =      330.3241  1-4 EEL =     5646.0697  RESTRAINT  =       40.2610
 EAMBER  =    -2650.9618


   NSTEP       ENERGY          RMS            GMAX         NAME    NUMBER
    600      -2.6107E+03     6.4899E-03     9.7086E-02     CG        589

 BOND    =       30.3873  ANGLE   =      203.0745  DIHED      =     1083.9148
 VDWAALS =     -792.8854  EEL     =    -7023.9826  EGB        =    -2128.1636
 1-4 VDW =      330.5017  1-4 EEL =     5646.2304  RESTRAINT  =       40.1866
 EAMBER  =    -2650.9230


   NSTEP       ENERGY          RMS            GMAX         NAME    NUMBER
    700      -2.6107E+03     2.5938E-04     2.8654E-03     CA        596

 BOND    =       30.3839  ANGLE   =      203.0695  DIHED      =     1083.9262
 VDWAALS =     -792.8889  EEL     =    -7023.9765  EGB        =    -2128.2100
 1-4 VDW =      330.5149  1-4 EEL =     5646.2586  RESTRAINT  =       40.1853
 EAMBER  =    -2650.9223


   NSTEP       ENERGY          RMS            GMAX         NAME    NUMBER
    800      -2.6107E+03     1.2380E-04     1.6751E-03     HD13      332

 BOND    =       30.3843  ANGLE   =      203.0701  DIHED      =     1083.9262
 VDWAALS =     -792.8901  EEL     =    -7023.9763  EGB        =    -2128.2117
 1-4 VDW =      330.5144  1-4 EEL =     5646.2597  RESTRAINT  =       40.1865
 EAMBER  =    -2650.9235


                    FINAL RESULTS



   NSTEP       ENERGY          RMS            GMAX         NAME    NUMBER
    875      -2.6107E+03     8.0585E-05     1.1070E-03     HD13      332

 BOND    =       30.3843  ANGLE   =      203.0703  DIHED      =     1083.9261
 VDWAALS =     -792.8908  EEL     =    -7023.9768  EGB        =    -2128.2120
 1-4 VDW =      330.5145  1-4 EEL =     5646.2606  RESTRAINT  =       40.1870
 EAMBER  =    -2650.9240

--------------------------------------------------------------------------------
   5.  TIMINGS
--------------------------------------------------------------------------------

|                Calc gb radii             51.84 (20.31% of Gen B)
|                Calc gb diag              96.02 (37.61% of Gen B)
|                Calc gb off-diag         107.45 (42.09% of Gen B)
|             Gen Born time            255.32 (100.0% of Nonbo)
|          Nonbond force            255.32 (99.29% of Force)
|          Bond/Angle/Dihedral        1.82 ( 0.71% of Force)
|          Other                      0.02 ( 0.01% of Force)
|       Force time               257.16 (100.0% of Runmd)
|    Runmd Time               257.16 (99.74% of Total)
|    Other                      0.66 ( 0.25% of Total)
| Total time               257.82 (100.0% of ALL  )

| Number of list builds   :          0

| Highest rstack allocated:          0
| Highest istack allocated:          0
|           Job began  at 13:54:46.306  on 02/03/2016
|           Setup done at 13:54:46.390  on 02/03/2016
|           Run   done at 13:59:04.130  on 02/03/2016
|     wallclock() was called   15778 times
