
          -------------------------------------------------------
          Amber 14 SANDER                              2014
          -------------------------------------------------------

| Run on 02/03/2016 at 12:38:42

|   Executable path: sander
| Working directory: /lustre/cs1500/scratch/kmb413/RealDecoyDisc/DecoyDiscrimination/decoys.set2.init/1aaj/Rosetta_relaxed
|          Hostname: slepner36


File Assignments:
|  MDIN: /scratch/kmb413/RealDecoyDisc/DecoyDiscrimination/scripts/min/min.in  
| MDOUT: NoH_4_empty_tag_1_547_0001.out                                        
|INPCRD: NoH_4_empty_tag_1_547_0001.rst7                                       
|  PARM: NoH_4_empty_tag_1_547_0001.parm7                                      
|RESTRT: min_NoH_4_empty_tag_1_547_0001.rst7                                   
|  REFC: NoH_4_empty_tag_1_547_0001.rst7                                       
| MDVEL: mdvel                                                                 
| MDFRC: mdfrc                                                                 
|  MDEN: mden                                                                  
| MDCRD: mdcrd                                                                 
|MDINFO: mdinfo                                                                
|  MTMD: mtmd                                                                  
|INPDIP: inpdip                                                                
|RSTDIP: rstdip                                                                
|INPTRA: inptraj                                                               


 Here is the input file:

                                                                               
&cntrl                                                                         
    imin = 1, maxcyc=1000,                                                     
    ntx = 1,                                                                   
    ntwr = 100, ntpr = 100,                                                    
    cut = 999.0,                                                               
    ntb = 0, igb = 8,                                                          
    ntr = 1, restraint_wt = 10, restraintmask = "!@H=",                        
/                                                                              

--------------------------------------------------------------------------------
   1.  RESOURCE   USE: 
--------------------------------------------------------------------------------

| Flags:                                                                        
| New format PARM file being parsed.
| Version =    1.000 Date = 02/03/16 Time = 11:51:12
 NATOM  =    1590 NTYPES =      14 NBONH =     791 MBONA  =     820
 NTHETH =    1812 MTHETA =    1115 NPHIH =    3578 MPHIA  =    3525
 NHPARM =       0 NPARM  =       0 NNB   =    8805 NRES   =     104
 NBONA  =     820 NTHETA =    1115 NPHIA =    3525 NUMBND =      65
 NUMANG =     152 NPTRA  =     189 NATYP =      33 NPHB   =       0
 IFBOX  =       0 NMXRS  =      24 IFCAP =       0 NEXTRA =       0
 NCOPY  =       0

 Implicit solvent radii are ArgH and AspGluO modified Bondi2 radii (mbondi3)                                
 Replacing prmtop screening parameters with GBn2 (igb=8) values

|     Memory Use     Allocated
|     Real              145027
|     Hollerith           4876
|     Integer           109197
|     Max Pairs              1
|     nblistReal             0
|     nblist Int             0
|       Total             1578 kbytes

| Note: 1-4 EEL scale factors are being read from the topology file.

| Note: 1-4 VDW scale factors are being read from the topology file.
| Duplicated    0 dihedrals
| Duplicated    0 dihedrals

--------------------------------------------------------------------------------
   2.  CONTROL  DATA  FOR  THE  RUN
--------------------------------------------------------------------------------

default_name                                                                    

General flags:
     imin    =       1, nmropt  =       0

Nature and format of input:
     ntx     =       1, irest   =       0, ntrx    =       1

Nature and format of output:
     ntxo    =       1, ntpr    =     100, ntrx    =       1, ntwr    =     100
     iwrap   =       0, ntwx    =       0, ntwv    =       0, ntwe    =       0
     ioutfm  =       0, ntwprt  =       0, idecomp =       0, rbornstat=      0

Potential function:
     ntf     =       1, ntb     =       0, igb     =       8, nsnb    =      25
     ipol    =       0, gbsa    =       0, iesp    =       0
     dielc   =   1.00000, cut     = 999.00000, intdiel =   1.00000
     saltcon =   0.00000, offset  =   0.19514, surften =   0.00500
     rdt     =   0.00000, rgbmax  =  25.00000  extdiel =  78.50000
     alpb  =        0
     gbalphaH  =   0.78844, gbbetaH   =   0.79870,  gbgammaH  =    0.43733
     gbalphaC  =   0.73376, gbbetaC   =   0.50638,  gbgammaC  =    0.20584
     gbalphaN  =   0.50336, gbbetaN   =   0.31683,  gbgammaN  =    0.19292
     gbalphaOS =   0.86781, gbbetaOS  =   0.87664,  gbgammaOS =    0.38788
     gbalphaP  =   1.00000, gbbetaP   =   0.80000,  gbgammaP  =    4.85000
     gb_alpha_hnu  =   0.53705, gb_beta_hnu   =   0.36286,  gb_gamma_hnu  =    0.11670
     gb_alpha_cnu  =   0.33167, gb_beta_cnu   =   0.19684,  gb_gamma_cnu  =    0.09342
     gb_alpha_nnu  =   0.68631, gb_beta_nnu   =   0.46319,  gb_gamma_nnu  =    0.13872
     gb_alpha_onu  =   0.60634, gb_beta_onu   =   0.46301,  gb_gamma_onu  =    0.14226
     gb_alpha_pnu  =   0.41836, gb_beta_pnu   =   0.29005,  gb_gamma_pnu  =    0.10642

Frozen or restrained atoms:
     ibelly  =       0, ntr     =       1
     restraint_wt =  10.00000

Energy minimization:
     maxcyc  =    1000, ncyc    =      10, ntmin   =       1
     dx0     =   0.01000, drms    =   0.00010
|  INFO: Old style inpcrd file read


    LOADING THE CONSTRAINED ATOMS AS GROUPS


   5.  REFERENCE ATOM COORDINATES

  defa
     Mask !@H=; matches   799 atoms

--------------------------------------------------------------------------------
   3.  ATOMIC COORDINATES AND VELOCITIES
--------------------------------------------------------------------------------

default_name                                                                    
 begin time read from input coords =     0.000 ps

 Number of triangulated 3-point waters found:        0

--------------------------------------------------------------------------------
   4.  RESULTS
--------------------------------------------------------------------------------



   NSTEP       ENERGY          RMS            GMAX         NAME    NUMBER
      1      -2.2170E+03     9.0519E+00     6.0906E+01     OE1      1586

 BOND    =       68.8519  ANGLE   =      210.8983  DIHED      =     1075.4833
 VDWAALS =     -683.4654  EEL     =    -7323.3201  EGB        =    -1686.7760
 1-4 VDW =      444.2857  1-4 EEL =     5677.0915  RESTRAINT  =        0.0000


   NSTEP       ENERGY          RMS            GMAX         NAME    NUMBER
    100      -2.5960E+03     3.8334E-01     3.6350E+00     HG1      1389

 BOND    =       30.2321  ANGLE   =      209.0773  DIHED      =     1071.5708
 VDWAALS =     -818.0262  EEL     =    -7349.5867  EGB        =    -1706.2667
 1-4 VDW =      334.2775  1-4 EEL =     5591.0988  RESTRAINT  =       41.6266
 EAMBER  =    -2637.6231


   NSTEP       ENERGY          RMS            GMAX         NAME    NUMBER
    200      -2.6079E+03     8.3919E-02     6.9793E-01     CG2       600

 BOND    =       30.1041  ANGLE   =      209.3632  DIHED      =     1069.4552
 VDWAALS =     -818.4092  EEL     =    -7356.8340  EGB        =    -1709.5051
 1-4 VDW =      334.3490  1-4 EEL =     5591.4275  RESTRAINT  =       42.1071
 EAMBER  =    -2650.0494


   NSTEP       ENERGY          RMS            GMAX         NAME    NUMBER
    300      -2.6082E+03     7.7090E-03     9.9088E-02     HG         90

 BOND    =       30.0557  ANGLE   =      209.1970  DIHED      =     1069.6462
 VDWAALS =     -819.0557  EEL     =    -7357.2944  EGB        =    -1709.6296
 1-4 VDW =      334.6907  1-4 EEL =     5591.9462  RESTRAINT  =       42.2254
 EAMBER  =    -2650.4439


   NSTEP       ENERGY          RMS            GMAX         NAME    NUMBER
    400      -2.6082E+03     2.9886E-03     4.4300E-02     CD        193

 BOND    =       30.0390  ANGLE   =      209.1655  DIHED      =     1069.7050
 VDWAALS =     -819.1588  EEL     =    -7357.4529  EGB        =    -1709.5730
 1-4 VDW =      334.7509  1-4 EEL =     5592.0382  RESTRAINT  =       42.2577
 EAMBER  =    -2650.4862


   NSTEP       ENERGY          RMS            GMAX         NAME    NUMBER
    500      -2.6082E+03     1.1636E-03     1.3296E-02     CE3       657

 BOND    =       30.0371  ANGLE   =      209.1608  DIHED      =     1069.7151
 VDWAALS =     -819.1734  EEL     =    -7357.4800  EGB        =    -1709.5591
 1-4 VDW =      334.7557  1-4 EEL =     5592.0497  RESTRAINT  =       42.2650
 EAMBER  =    -2650.4941


   NSTEP       ENERGY          RMS            GMAX         NAME    NUMBER
    600      -2.6082E+03     3.7696E-04     7.5856E-03     CD        729

 BOND    =       30.0375  ANGLE   =      209.1589  DIHED      =     1069.7164
 VDWAALS =     -819.1762  EEL     =    -7357.4829  EGB        =    -1709.5561
 1-4 VDW =      334.7583  1-4 EEL =     5592.0492  RESTRAINT  =       42.2657
 EAMBER  =    -2650.4949


                    FINAL RESULTS



   NSTEP       ENERGY          RMS            GMAX         NAME    NUMBER
    671      -2.6082E+03     8.0069E-05     7.3946E-04     HD11      330

 BOND    =       30.0379  ANGLE   =      209.1590  DIHED      =     1069.7168
 VDWAALS =     -819.1769  EEL     =    -7357.4829  EGB        =    -1709.5555
 1-4 VDW =      334.7580  1-4 EEL =     5592.0481  RESTRAINT  =       42.2663
 EAMBER  =    -2650.4954

--------------------------------------------------------------------------------
   5.  TIMINGS
--------------------------------------------------------------------------------

|                Calc gb radii             40.27 (20.35% of Gen B)
|                Calc gb diag              74.88 (37.83% of Gen B)
|                Calc gb off-diag          82.78 (41.82% of Gen B)
|             Gen Born time            197.93 (100.0% of Nonbo)
|          Nonbond force            197.93 (99.30% of Force)
|          Bond/Angle/Dihedral        1.39 ( 0.70% of Force)
|          Other                      0.01 ( 0.01% of Force)
|       Force time               199.34 (100.0% of Runmd)
|    Runmd Time               199.34 (99.67% of Total)
|    Other                      0.66 ( 0.33% of Total)
| Total time               200.00 (100.0% of ALL  )

| Number of list builds   :          0

| Highest rstack allocated:          0
| Highest istack allocated:          0
|           Job began  at 12:38:42.616  on 02/03/2016
|           Setup done at 12:38:42.680  on 02/03/2016
|           Run   done at 12:42:02.620  on 02/03/2016
|     wallclock() was called   12106 times
