
          -------------------------------------------------------
          Amber 14 SANDER                              2014
          -------------------------------------------------------

| Run on 02/03/2016 at 14:56:04

|   Executable path: sander
| Working directory: /lustre/cs1500/scratch/kmb413/RealDecoyDisc/DecoyDiscrimination/decoys.set2.init/1aaj/Rosetta_relaxed
|          Hostname: slepner7


File Assignments:
|  MDIN: /scratch/kmb413/RealDecoyDisc/DecoyDiscrimination/scripts/min/min.in  
| MDOUT: NoH_5_empty_tag_1_39_0001.out                                         
|INPCRD: NoH_5_empty_tag_1_39_0001.rst7                                        
|  PARM: NoH_5_empty_tag_1_39_0001.parm7                                       
|RESTRT: min_NoH_5_empty_tag_1_39_0001.rst7                                    
|  REFC: NoH_5_empty_tag_1_39_0001.rst7                                        
| MDVEL: mdvel                                                                 
| MDFRC: mdfrc                                                                 
|  MDEN: mden                                                                  
| MDCRD: mdcrd                                                                 
|MDINFO: mdinfo                                                                
|  MTMD: mtmd                                                                  
|INPDIP: inpdip                                                                
|RSTDIP: rstdip                                                                
|INPTRA: inptraj                                                               


 Here is the input file:

                                                                               
&cntrl                                                                         
    imin = 1, maxcyc=1000,                                                     
    ntx = 1,                                                                   
    ntwr = 100, ntpr = 100,                                                    
    cut = 999.0,                                                               
    ntb = 0, igb = 8,                                                          
    ntr = 1, restraint_wt = 10, restraintmask = "!@H=",                        
/                                                                              

--------------------------------------------------------------------------------
   1.  RESOURCE   USE: 
--------------------------------------------------------------------------------

| Flags:                                                                        
| New format PARM file being parsed.
| Version =    1.000 Date = 02/03/16 Time = 11:52:49
 NATOM  =    1590 NTYPES =      14 NBONH =     791 MBONA  =     820
 NTHETH =    1812 MTHETA =    1115 NPHIH =    3578 MPHIA  =    3525
 NHPARM =       0 NPARM  =       0 NNB   =    8805 NRES   =     104
 NBONA  =     820 NTHETA =    1115 NPHIA =    3525 NUMBND =      65
 NUMANG =     152 NPTRA  =     189 NATYP =      33 NPHB   =       0
 IFBOX  =       0 NMXRS  =      24 IFCAP =       0 NEXTRA =       0
 NCOPY  =       0

 Implicit solvent radii are ArgH and AspGluO modified Bondi2 radii (mbondi3)                                
 Replacing prmtop screening parameters with GBn2 (igb=8) values

|     Memory Use     Allocated
|     Real              145027
|     Hollerith           4876
|     Integer           109197
|     Max Pairs              1
|     nblistReal             0
|     nblist Int             0
|       Total             1578 kbytes

| Note: 1-4 EEL scale factors are being read from the topology file.

| Note: 1-4 VDW scale factors are being read from the topology file.
| Duplicated    0 dihedrals
| Duplicated    0 dihedrals

--------------------------------------------------------------------------------
   2.  CONTROL  DATA  FOR  THE  RUN
--------------------------------------------------------------------------------

default_name                                                                    

General flags:
     imin    =       1, nmropt  =       0

Nature and format of input:
     ntx     =       1, irest   =       0, ntrx    =       1

Nature and format of output:
     ntxo    =       1, ntpr    =     100, ntrx    =       1, ntwr    =     100
     iwrap   =       0, ntwx    =       0, ntwv    =       0, ntwe    =       0
     ioutfm  =       0, ntwprt  =       0, idecomp =       0, rbornstat=      0

Potential function:
     ntf     =       1, ntb     =       0, igb     =       8, nsnb    =      25
     ipol    =       0, gbsa    =       0, iesp    =       0
     dielc   =   1.00000, cut     = 999.00000, intdiel =   1.00000
     saltcon =   0.00000, offset  =   0.19514, surften =   0.00500
     rdt     =   0.00000, rgbmax  =  25.00000  extdiel =  78.50000
     alpb  =        0
     gbalphaH  =   0.78844, gbbetaH   =   0.79870,  gbgammaH  =    0.43733
     gbalphaC  =   0.73376, gbbetaC   =   0.50638,  gbgammaC  =    0.20584
     gbalphaN  =   0.50336, gbbetaN   =   0.31683,  gbgammaN  =    0.19292
     gbalphaOS =   0.86781, gbbetaOS  =   0.87664,  gbgammaOS =    0.38788
     gbalphaP  =   1.00000, gbbetaP   =   0.80000,  gbgammaP  =    4.85000
     gb_alpha_hnu  =   0.53705, gb_beta_hnu   =   0.36286,  gb_gamma_hnu  =    0.11670
     gb_alpha_cnu  =   0.33167, gb_beta_cnu   =   0.19684,  gb_gamma_cnu  =    0.09342
     gb_alpha_nnu  =   0.68631, gb_beta_nnu   =   0.46319,  gb_gamma_nnu  =    0.13872
     gb_alpha_onu  =   0.60634, gb_beta_onu   =   0.46301,  gb_gamma_onu  =    0.14226
     gb_alpha_pnu  =   0.41836, gb_beta_pnu   =   0.29005,  gb_gamma_pnu  =    0.10642

Frozen or restrained atoms:
     ibelly  =       0, ntr     =       1
     restraint_wt =  10.00000

Energy minimization:
     maxcyc  =    1000, ncyc    =      10, ntmin   =       1
     dx0     =   0.01000, drms    =   0.00010
|  INFO: Old style inpcrd file read


    LOADING THE CONSTRAINED ATOMS AS GROUPS


   5.  REFERENCE ATOM COORDINATES

  defa
     Mask !@H=; matches   799 atoms

--------------------------------------------------------------------------------
   3.  ATOMIC COORDINATES AND VELOCITIES
--------------------------------------------------------------------------------

default_name                                                                    
 begin time read from input coords =     0.000 ps

 Number of triangulated 3-point waters found:        0

--------------------------------------------------------------------------------
   4.  RESULTS
--------------------------------------------------------------------------------



   NSTEP       ENERGY          RMS            GMAX         NAME    NUMBER
      1      -2.1173E+03     9.2637E+00     7.1018E+01     OE1       104

 BOND    =       70.2346  ANGLE   =      212.0643  DIHED      =     1090.9031
 VDWAALS =     -596.1531  EEL     =    -7178.1752  EGB        =    -1925.3039
 1-4 VDW =      442.4689  1-4 EEL =     5766.6514  RESTRAINT  =        0.0000


   NSTEP       ENERGY          RMS            GMAX         NAME    NUMBER
    100      -2.5082E+03     3.5332E-01     4.5899E+00     HG1      1389

 BOND    =       33.0407  ANGLE   =      212.2267  DIHED      =     1096.5141
 VDWAALS =     -767.9872  EEL     =    -7188.2594  EGB        =    -1943.1144
 1-4 VDW =      329.1888  1-4 EEL =     5674.0265  RESTRAINT  =       46.1787
 EAMBER  =    -2554.3643


   NSTEP       ENERGY          RMS            GMAX         NAME    NUMBER
    200      -2.5216E+03     6.6342E-01     8.9871E+00     CD2       659

 BOND    =       33.6175  ANGLE   =      213.2967  DIHED      =     1094.7918
 VDWAALS =     -771.6095  EEL     =    -7204.9472  EGB        =    -1939.5986
 1-4 VDW =      328.8425  1-4 EEL =     5675.8370  RESTRAINT  =       48.1496
 EAMBER  =    -2569.7697


   NSTEP       ENERGY          RMS            GMAX         NAME    NUMBER
    300      -2.5236E+03     4.9686E-02     1.2485E+00     CD        729

 BOND    =       32.4321  ANGLE   =      211.6333  DIHED      =     1093.5772
 VDWAALS =     -770.8313  EEL     =    -7204.4511  EGB        =    -1939.8673
 1-4 VDW =      329.9930  1-4 EEL =     5676.5697  RESTRAINT  =       47.3580
 EAMBER  =    -2570.9444


   NSTEP       ENERGY          RMS            GMAX         NAME    NUMBER
    400      -2.5236E+03     1.3912E-02     1.8072E-01     OG1      1388

 BOND    =       32.3814  ANGLE   =      211.5415  DIHED      =     1093.6357
 VDWAALS =     -770.8629  EEL     =    -7204.3169  EGB        =    -1940.1114
 1-4 VDW =      330.1290  1-4 EEL =     5676.6673  RESTRAINT  =       47.3107
 EAMBER  =    -2570.9363


   NSTEP       ENERGY          RMS            GMAX         NAME    NUMBER
    500      -2.5237E+03     5.9673E-02     8.3646E-01     CD        729

 BOND    =       32.4297  ANGLE   =      211.5885  DIHED      =     1093.7863
 VDWAALS =     -770.9516  EEL     =    -7204.3222  EGB        =    -1940.4416
 1-4 VDW =      330.0831  1-4 EEL =     5676.8157  RESTRAINT  =       47.3497
 EAMBER  =    -2571.0121


   NSTEP       ENERGY          RMS            GMAX         NAME    NUMBER
    600      -2.5252E+03     1.1134E-01     2.4635E+00     HG1      1293

 BOND    =       32.5001  ANGLE   =      211.8722  DIHED      =     1092.4279
 VDWAALS =     -771.1598  EEL     =    -7206.1731  EGB        =    -1939.6162
 1-4 VDW =      329.9265  1-4 EEL =     5677.4632  RESTRAINT  =       47.5798
 EAMBER  =    -2572.7591


   NSTEP       ENERGY          RMS            GMAX         NAME    NUMBER
    700      -2.5256E+03     1.2850E-02     1.7313E-01     HG23     1291

 BOND    =       32.3793  ANGLE   =      211.5369  DIHED      =     1092.0406
 VDWAALS =     -770.8741  EEL     =    -7207.2008  EGB        =    -1938.6201
 1-4 VDW =      330.1796  1-4 EEL =     5677.6507  RESTRAINT  =       47.3055
 EAMBER  =    -2572.9080


   NSTEP       ENERGY          RMS            GMAX         NAME    NUMBER
    800      -2.5256E+03     1.3265E-03     1.9772E-02     OG1      1292

 BOND    =       32.3734  ANGLE   =      211.5224  DIHED      =     1092.0538
 VDWAALS =     -770.8703  EEL     =    -7207.2560  EGB        =    -1938.5633
 1-4 VDW =      330.1914  1-4 EEL =     5677.6475  RESTRAINT  =       47.2953
 EAMBER  =    -2572.9010


   NSTEP       ENERGY          RMS            GMAX         NAME    NUMBER
    900      -2.5256E+03     1.0408E-03     1.7898E-02     CE1       831

 BOND    =       32.3724  ANGLE   =      211.5223  DIHED      =     1092.0752
 VDWAALS =     -770.8718  EEL     =    -7207.2424  EGB        =    -1938.5729
 1-4 VDW =      330.1927  1-4 EEL =     5677.6272  RESTRAINT  =       47.2912
 EAMBER  =    -2572.8973


   NSTEP       ENERGY          RMS            GMAX         NAME    NUMBER
   1000      -2.5256E+03     1.0617E-03     1.8585E-02     HG1       605

 BOND    =       32.3725  ANGLE   =      211.5213  DIHED      =     1092.1098
 VDWAALS =     -770.8678  EEL     =    -7207.2086  EGB        =    -1938.5942
 1-4 VDW =      330.1936  1-4 EEL =     5677.5836  RESTRAINT  =       47.2833
 EAMBER  =    -2572.8898


  Maximum number of minimization cycles reached.


                    FINAL RESULTS



   NSTEP       ENERGY          RMS            GMAX         NAME    NUMBER
   1000      -2.5256E+03     1.0617E-03     1.8585E-02     HG1       605

 BOND    =       32.3725  ANGLE   =      211.5213  DIHED      =     1092.1098
 VDWAALS =     -770.8678  EEL     =    -7207.2086  EGB        =    -1938.5942
 1-4 VDW =      330.1936  1-4 EEL =     5677.5836  RESTRAINT  =       47.2833
 EAMBER  =    -2572.8898

--------------------------------------------------------------------------------
   5.  TIMINGS
--------------------------------------------------------------------------------

|                Calc gb radii             58.10 (20.29% of Gen B)
|                Calc gb diag             107.24 (37.45% of Gen B)
|                Calc gb off-diag         120.99 (42.26% of Gen B)
|             Gen Born time            286.33 (100.0% of Nonbo)
|          Nonbond force            286.33 (99.27% of Force)
|          Bond/Angle/Dihedral        2.08 ( 0.72% of Force)
|          Other                      0.02 ( 0.01% of Force)
|       Force time               288.44 (100.0% of Runmd)
|    Runmd Time               288.44 (99.62% of Total)
|    Other                      1.09 ( 0.38% of Total)
| Total time               289.53 (100.0% of ALL  )

| Number of list builds   :          0

| Highest rstack allocated:          0
| Highest istack allocated:          0
|           Job began  at 14:56:04.946  on 02/03/2016
|           Setup done at 14:56:05.015  on 02/03/2016
|           Run   done at 15:00:54.473  on 02/03/2016
|     wallclock() was called   18028 times
