
          -------------------------------------------------------
          Amber 14 SANDER                              2014
          -------------------------------------------------------

| Run on 02/03/2016 at 13:21:29

|   Executable path: sander
| Working directory: /lustre/cs1500/scratch/kmb413/RealDecoyDisc/DecoyDiscrimination/decoys.set2.init/1aaj/Rosetta_relaxed
|          Hostname: slepner1


File Assignments:
|  MDIN: /scratch/kmb413/RealDecoyDisc/DecoyDiscrimination/scripts/min/min.in  
| MDOUT: NoH_1_empty_tag_1_185_0001.out                                        
|INPCRD: NoH_1_empty_tag_1_185_0001.rst7                                       
|  PARM: NoH_1_empty_tag_1_185_0001.parm7                                      
|RESTRT: min_NoH_1_empty_tag_1_185_0001.rst7                                   
|  REFC: NoH_1_empty_tag_1_185_0001.rst7                                       
| MDVEL: mdvel                                                                 
| MDFRC: mdfrc                                                                 
|  MDEN: mden                                                                  
| MDCRD: mdcrd                                                                 
|MDINFO: mdinfo                                                                
|  MTMD: mtmd                                                                  
|INPDIP: inpdip                                                                
|RSTDIP: rstdip                                                                
|INPTRA: inptraj                                                               


 Here is the input file:

                                                                               
&cntrl                                                                         
    imin = 1, maxcyc=1000,                                                     
    ntx = 1,                                                                   
    ntwr = 100, ntpr = 100,                                                    
    cut = 999.0,                                                               
    ntb = 0, igb = 8,                                                          
    ntr = 1, restraint_wt = 10, restraintmask = "!@H=",                        
/                                                                              

--------------------------------------------------------------------------------
   1.  RESOURCE   USE: 
--------------------------------------------------------------------------------

| Flags:                                                                        
| New format PARM file being parsed.
| Version =    1.000 Date = 02/03/16 Time = 11:44:41
 NATOM  =    1590 NTYPES =      14 NBONH =     791 MBONA  =     820
 NTHETH =    1812 MTHETA =    1115 NPHIH =    3578 MPHIA  =    3525
 NHPARM =       0 NPARM  =       0 NNB   =    8805 NRES   =     104
 NBONA  =     820 NTHETA =    1115 NPHIA =    3525 NUMBND =      65
 NUMANG =     152 NPTRA  =     189 NATYP =      33 NPHB   =       0
 IFBOX  =       0 NMXRS  =      24 IFCAP =       0 NEXTRA =       0
 NCOPY  =       0

 Implicit solvent radii are ArgH and AspGluO modified Bondi2 radii (mbondi3)                                
 Replacing prmtop screening parameters with GBn2 (igb=8) values

|     Memory Use     Allocated
|     Real              145027
|     Hollerith           4876
|     Integer           109197
|     Max Pairs              1
|     nblistReal             0
|     nblist Int             0
|       Total             1578 kbytes

| Note: 1-4 EEL scale factors are being read from the topology file.

| Note: 1-4 VDW scale factors are being read from the topology file.
| Duplicated    0 dihedrals
| Duplicated    0 dihedrals

--------------------------------------------------------------------------------
   2.  CONTROL  DATA  FOR  THE  RUN
--------------------------------------------------------------------------------

default_name                                                                    

General flags:
     imin    =       1, nmropt  =       0

Nature and format of input:
     ntx     =       1, irest   =       0, ntrx    =       1

Nature and format of output:
     ntxo    =       1, ntpr    =     100, ntrx    =       1, ntwr    =     100
     iwrap   =       0, ntwx    =       0, ntwv    =       0, ntwe    =       0
     ioutfm  =       0, ntwprt  =       0, idecomp =       0, rbornstat=      0

Potential function:
     ntf     =       1, ntb     =       0, igb     =       8, nsnb    =      25
     ipol    =       0, gbsa    =       0, iesp    =       0
     dielc   =   1.00000, cut     = 999.00000, intdiel =   1.00000
     saltcon =   0.00000, offset  =   0.19514, surften =   0.00500
     rdt     =   0.00000, rgbmax  =  25.00000  extdiel =  78.50000
     alpb  =        0
     gbalphaH  =   0.78844, gbbetaH   =   0.79870,  gbgammaH  =    0.43733
     gbalphaC  =   0.73376, gbbetaC   =   0.50638,  gbgammaC  =    0.20584
     gbalphaN  =   0.50336, gbbetaN   =   0.31683,  gbgammaN  =    0.19292
     gbalphaOS =   0.86781, gbbetaOS  =   0.87664,  gbgammaOS =    0.38788
     gbalphaP  =   1.00000, gbbetaP   =   0.80000,  gbgammaP  =    4.85000
     gb_alpha_hnu  =   0.53705, gb_beta_hnu   =   0.36286,  gb_gamma_hnu  =    0.11670
     gb_alpha_cnu  =   0.33167, gb_beta_cnu   =   0.19684,  gb_gamma_cnu  =    0.09342
     gb_alpha_nnu  =   0.68631, gb_beta_nnu   =   0.46319,  gb_gamma_nnu  =    0.13872
     gb_alpha_onu  =   0.60634, gb_beta_onu   =   0.46301,  gb_gamma_onu  =    0.14226
     gb_alpha_pnu  =   0.41836, gb_beta_pnu   =   0.29005,  gb_gamma_pnu  =    0.10642

Frozen or restrained atoms:
     ibelly  =       0, ntr     =       1
     restraint_wt =  10.00000

Energy minimization:
     maxcyc  =    1000, ncyc    =      10, ntmin   =       1
     dx0     =   0.01000, drms    =   0.00010
|  INFO: Old style inpcrd file read


    LOADING THE CONSTRAINED ATOMS AS GROUPS


   5.  REFERENCE ATOM COORDINATES

  defa
     Mask !@H=; matches   799 atoms

--------------------------------------------------------------------------------
   3.  ATOMIC COORDINATES AND VELOCITIES
--------------------------------------------------------------------------------

default_name                                                                    
 begin time read from input coords =     0.000 ps

 Number of triangulated 3-point waters found:        0

--------------------------------------------------------------------------------
   4.  RESULTS
--------------------------------------------------------------------------------



   NSTEP       ENERGY          RMS            GMAX         NAME    NUMBER
      1      -2.2327E+03     9.1189E+00     6.5837E+01     OXT      1590

 BOND    =       70.4503  ANGLE   =      211.3508  DIHED      =     1081.3560
 VDWAALS =     -689.8061  EEL     =    -7428.6656  EGB        =    -1615.8768
 1-4 VDW =      438.5466  1-4 EEL =     5699.9616  RESTRAINT  =        0.0000


   NSTEP       ENERGY          RMS            GMAX         NAME    NUMBER
    100      -2.5904E+03     4.1511E-01     3.9477E+00     CE2       650

 BOND    =       31.7542  ANGLE   =      209.5627  DIHED      =     1085.0276
 VDWAALS =     -822.7869  EEL     =    -7439.2058  EGB        =    -1629.0163
 1-4 VDW =      329.8742  1-4 EEL =     5601.8149  RESTRAINT  =       42.5929
 EAMBER  =    -2632.9755


   NSTEP       ENERGY          RMS            GMAX         NAME    NUMBER
    200      -2.6011E+03     1.3517E-01     1.6015E+00     HG1       605

 BOND    =       31.7091  ANGLE   =      208.9551  DIHED      =     1084.5644
 VDWAALS =     -822.9476  EEL     =    -7447.5088  EGB        =    -1630.4250
 1-4 VDW =      330.7406  1-4 EEL =     5601.3984  RESTRAINT  =       42.4598
 EAMBER  =    -2643.5138


   NSTEP       ENERGY          RMS            GMAX         NAME    NUMBER
    300      -2.6075E+03     3.1873E-02     4.8589E-01     CA          5

 BOND    =       31.6267  ANGLE   =      208.7159  DIHED      =     1082.7843
 VDWAALS =     -822.3388  EEL     =    -7452.7535  EGB        =    -1630.7898
 1-4 VDW =      331.2494  1-4 EEL =     5601.9496  RESTRAINT  =       42.0958
 EAMBER  =    -2649.5562


   NSTEP       ENERGY          RMS            GMAX         NAME    NUMBER
    400      -2.6075E+03     1.2645E-02     1.6423E-01     CD       1585

 BOND    =       31.5820  ANGLE   =      208.6254  DIHED      =     1082.6875
 VDWAALS =     -822.3439  EEL     =    -7452.4706  EGB        =    -1630.9248
 1-4 VDW =      331.3560  1-4 EEL =     5601.9908  RESTRAINT  =       42.0123
 EAMBER  =    -2649.4977


   NSTEP       ENERGY          RMS            GMAX         NAME    NUMBER
    500      -2.6075E+03     3.5389E-03     3.3969E-02     HA        597

 BOND    =       31.5785  ANGLE   =      208.5924  DIHED      =     1082.6555
 VDWAALS =     -822.3649  EEL     =    -7452.3867  EGB        =    -1630.9572
 1-4 VDW =      331.3849  1-4 EEL =     5602.0083  RESTRAINT  =       42.0012
 EAMBER  =    -2649.4892


   NSTEP       ENERGY          RMS            GMAX         NAME    NUMBER
    600      -2.6075E+03     1.6536E-03     2.6898E-02     CE2       650

 BOND    =       31.5769  ANGLE   =      208.5878  DIHED      =     1082.6478
 VDWAALS =     -822.3651  EEL     =    -7452.3669  EGB        =    -1630.9649
 1-4 VDW =      331.3922  1-4 EEL =     5602.0039  RESTRAINT  =       41.9999
 EAMBER  =    -2649.4881


   NSTEP       ENERGY          RMS            GMAX         NAME    NUMBER
    700      -2.6075E+03     3.6454E-04     3.3033E-03     O         607

 BOND    =       31.5746  ANGLE   =      208.5831  DIHED      =     1082.6455
 VDWAALS =     -822.3629  EEL     =    -7452.3606  EGB        =    -1630.9665
 1-4 VDW =      331.3971  1-4 EEL =     5602.0039  RESTRAINT  =       41.9975
 EAMBER  =    -2649.4858


   NSTEP       ENERGY          RMS            GMAX         NAME    NUMBER
    800      -2.6075E+03     1.7491E-04     1.9024E-03     C        1588

 BOND    =       31.5746  ANGLE   =      208.5829  DIHED      =     1082.6446
 VDWAALS =     -822.3647  EEL     =    -7452.3592  EGB        =    -1630.9671
 1-4 VDW =      331.3975  1-4 EEL =     5602.0046  RESTRAINT  =       41.9984
 EAMBER  =    -2649.4867


                    FINAL RESULTS



   NSTEP       ENERGY          RMS            GMAX         NAME    NUMBER
    874      -2.6075E+03     9.9476E-05     2.0298E-03     CD       1585

 BOND    =       31.5746  ANGLE   =      208.5828  DIHED      =     1082.6442
 VDWAALS =     -822.3655  EEL     =    -7452.3588  EGB        =    -1630.9673
 1-4 VDW =      331.3978  1-4 EEL =     5602.0051  RESTRAINT  =       41.9988
 EAMBER  =    -2649.4872

--------------------------------------------------------------------------------
   5.  TIMINGS
--------------------------------------------------------------------------------

|                Calc gb radii             52.37 (20.43% of Gen B)
|                Calc gb diag              97.58 (38.07% of Gen B)
|                Calc gb off-diag         106.37 (41.50% of Gen B)
|             Gen Born time            256.32 (100.0% of Nonbo)
|          Nonbond force            256.32 (99.29% of Force)
|          Bond/Angle/Dihedral        1.81 ( 0.70% of Force)
|          Other                      0.01 ( 0.01% of Force)
|       Force time               258.15 (100.0% of Runmd)
|    Runmd Time               258.15 (99.79% of Total)
|    Other                      0.55 ( 0.21% of Total)
| Total time               258.70 (100.0% of ALL  )

| Number of list builds   :          0

| Highest rstack allocated:          0
| Highest istack allocated:          0
|           Job began  at 13:21:29.273  on 02/03/2016
|           Setup done at 13:21:29.328  on 02/03/2016
|           Run   done at 13:25:47.971  on 02/03/2016
|     wallclock() was called   15760 times
