
          -------------------------------------------------------
          Amber 14 SANDER                              2014
          -------------------------------------------------------

| Run on 02/03/2016 at 12:17:52

|   Executable path: sander
| Working directory: /lustre/cs1500/scratch/kmb413/RealDecoyDisc/DecoyDiscrimination/decoys.set2.init/1aaj/Rosetta_relaxed
|          Hostname: slepner13


File Assignments:
|  MDIN: /scratch/kmb413/RealDecoyDisc/DecoyDiscrimination/scripts/min/min.in  
| MDOUT: NoH_2_empty_tag_1018_0001_0001.out                                    
|INPCRD: NoH_2_empty_tag_1018_0001_0001.rst7                                   
|  PARM: NoH_2_empty_tag_1018_0001_0001.parm7                                  
|RESTRT: min_NoH_2_empty_tag_1018_0001_0001.rst7                               
|  REFC: NoH_2_empty_tag_1018_0001_0001.rst7                                   
| MDVEL: mdvel                                                                 
| MDFRC: mdfrc                                                                 
|  MDEN: mden                                                                  
| MDCRD: mdcrd                                                                 
|MDINFO: mdinfo                                                                
|  MTMD: mtmd                                                                  
|INPDIP: inpdip                                                                
|RSTDIP: rstdip                                                                
|INPTRA: inptraj                                                               


 Here is the input file:

                                                                               
&cntrl                                                                         
    imin = 1, maxcyc=1000,                                                     
    ntx = 1,                                                                   
    ntwr = 100, ntpr = 100,                                                    
    cut = 999.0,                                                               
    ntb = 0, igb = 8,                                                          
    ntr = 1, restraint_wt = 10, restraintmask = "!@H=",                        
/                                                                              

--------------------------------------------------------------------------------
   1.  RESOURCE   USE: 
--------------------------------------------------------------------------------

| Flags:                                                                        
| New format PARM file being parsed.
| Version =    1.000 Date = 02/03/16 Time = 11:46:18
 NATOM  =    1590 NTYPES =      14 NBONH =     791 MBONA  =     820
 NTHETH =    1812 MTHETA =    1115 NPHIH =    3578 MPHIA  =    3525
 NHPARM =       0 NPARM  =       0 NNB   =    8805 NRES   =     104
 NBONA  =     820 NTHETA =    1115 NPHIA =    3525 NUMBND =      65
 NUMANG =     152 NPTRA  =     189 NATYP =      33 NPHB   =       0
 IFBOX  =       0 NMXRS  =      24 IFCAP =       0 NEXTRA =       0
 NCOPY  =       0

 Implicit solvent radii are ArgH and AspGluO modified Bondi2 radii (mbondi3)                                
 Replacing prmtop screening parameters with GBn2 (igb=8) values

|     Memory Use     Allocated
|     Real              145027
|     Hollerith           4876
|     Integer           109197
|     Max Pairs              1
|     nblistReal             0
|     nblist Int             0
|       Total             1578 kbytes

| Note: 1-4 EEL scale factors are being read from the topology file.

| Note: 1-4 VDW scale factors are being read from the topology file.
| Duplicated    0 dihedrals
| Duplicated    0 dihedrals

--------------------------------------------------------------------------------
   2.  CONTROL  DATA  FOR  THE  RUN
--------------------------------------------------------------------------------

default_name                                                                    

General flags:
     imin    =       1, nmropt  =       0

Nature and format of input:
     ntx     =       1, irest   =       0, ntrx    =       1

Nature and format of output:
     ntxo    =       1, ntpr    =     100, ntrx    =       1, ntwr    =     100
     iwrap   =       0, ntwx    =       0, ntwv    =       0, ntwe    =       0
     ioutfm  =       0, ntwprt  =       0, idecomp =       0, rbornstat=      0

Potential function:
     ntf     =       1, ntb     =       0, igb     =       8, nsnb    =      25
     ipol    =       0, gbsa    =       0, iesp    =       0
     dielc   =   1.00000, cut     = 999.00000, intdiel =   1.00000
     saltcon =   0.00000, offset  =   0.19514, surften =   0.00500
     rdt     =   0.00000, rgbmax  =  25.00000  extdiel =  78.50000
     alpb  =        0
     gbalphaH  =   0.78844, gbbetaH   =   0.79870,  gbgammaH  =    0.43733
     gbalphaC  =   0.73376, gbbetaC   =   0.50638,  gbgammaC  =    0.20584
     gbalphaN  =   0.50336, gbbetaN   =   0.31683,  gbgammaN  =    0.19292
     gbalphaOS =   0.86781, gbbetaOS  =   0.87664,  gbgammaOS =    0.38788
     gbalphaP  =   1.00000, gbbetaP   =   0.80000,  gbgammaP  =    4.85000
     gb_alpha_hnu  =   0.53705, gb_beta_hnu   =   0.36286,  gb_gamma_hnu  =    0.11670
     gb_alpha_cnu  =   0.33167, gb_beta_cnu   =   0.19684,  gb_gamma_cnu  =    0.09342
     gb_alpha_nnu  =   0.68631, gb_beta_nnu   =   0.46319,  gb_gamma_nnu  =    0.13872
     gb_alpha_onu  =   0.60634, gb_beta_onu   =   0.46301,  gb_gamma_onu  =    0.14226
     gb_alpha_pnu  =   0.41836, gb_beta_pnu   =   0.29005,  gb_gamma_pnu  =    0.10642

Frozen or restrained atoms:
     ibelly  =       0, ntr     =       1
     restraint_wt =  10.00000

Energy minimization:
     maxcyc  =    1000, ncyc    =      10, ntmin   =       1
     dx0     =   0.01000, drms    =   0.00010
|  INFO: Old style inpcrd file read


    LOADING THE CONSTRAINED ATOMS AS GROUPS


   5.  REFERENCE ATOM COORDINATES

  defa
     Mask !@H=; matches   799 atoms

--------------------------------------------------------------------------------
   3.  ATOMIC COORDINATES AND VELOCITIES
--------------------------------------------------------------------------------

default_name                                                                    
 begin time read from input coords =     0.000 ps

 Number of triangulated 3-point waters found:        0

--------------------------------------------------------------------------------
   4.  RESULTS
--------------------------------------------------------------------------------



   NSTEP       ENERGY          RMS            GMAX         NAME    NUMBER
      1      -2.1969E+03     9.1344E+00     7.0304E+01     OXT      1590

 BOND    =       69.5875  ANGLE   =      211.7810  DIHED      =     1085.6984
 VDWAALS =     -636.4324  EEL     =    -7255.8692  EGB        =    -1827.4633
 1-4 VDW =      438.3856  1-4 EEL =     5717.4179  RESTRAINT  =        0.0000


   NSTEP       ENERGY          RMS            GMAX         NAME    NUMBER
    100      -2.5801E+03     3.8660E-01     4.5539E+00     HB       1383

 BOND    =       31.9539  ANGLE   =      206.7033  DIHED      =     1088.9659
 VDWAALS =     -787.5029  EEL     =    -7284.5306  EGB        =    -1837.8751
 1-4 VDW =      330.1834  1-4 EEL =     5629.8917  RESTRAINT  =       42.1370
 EAMBER  =    -2622.2104


   NSTEP       ENERGY          RMS            GMAX         NAME    NUMBER
    200      -2.5839E+03     8.4831E-02     9.4923E-01     OG1      1388

 BOND    =       31.7488  ANGLE   =      206.3004  DIHED      =     1089.3084
 VDWAALS =     -788.9373  EEL     =    -7289.8152  EGB        =    -1837.3228
 1-4 VDW =      330.9205  1-4 EEL =     5630.4028  RESTRAINT  =       43.5259
 EAMBER  =    -2627.3945


   NSTEP       ENERGY          RMS            GMAX         NAME    NUMBER
    300      -2.5860E+03     5.9494E-02     1.5636E+00     CD        729

 BOND    =       31.5550  ANGLE   =      206.0654  DIHED      =     1087.3567
 VDWAALS =     -789.6868  EEL     =    -7289.6395  EGB        =    -1836.9429
 1-4 VDW =      331.3254  1-4 EEL =     5630.3421  RESTRAINT  =       43.6040
 EAMBER  =    -2629.6246


   NSTEP       ENERGY          RMS            GMAX         NAME    NUMBER
    400      -2.5862E+03     2.9903E-02     5.1801E-01     N           1

 BOND    =       31.5096  ANGLE   =      206.0208  DIHED      =     1087.3992
 VDWAALS =     -789.7677  EEL     =    -7290.6648  EGB        =    -1836.1232
 1-4 VDW =      331.3840  1-4 EEL =     5630.4775  RESTRAINT  =       43.5466
 EAMBER  =    -2629.7645


   NSTEP       ENERGY          RMS            GMAX         NAME    NUMBER
    500      -2.5926E+03     1.2512E-01     2.2381E+00     CA       1174

 BOND    =       31.8135  ANGLE   =      206.5444  DIHED      =     1086.9850
 VDWAALS =     -788.5536  EEL     =    -7301.5422  EGB        =    -1831.8880
 1-4 VDW =      330.8425  1-4 EEL =     5629.8430  RESTRAINT  =       43.3635
 EAMBER  =    -2635.9554


   NSTEP       ENERGY          RMS            GMAX         NAME    NUMBER
    600      -2.5931E+03     8.5833E-02     1.3789E+00     CD       1119

 BOND    =       31.8124  ANGLE   =      206.4416  DIHED      =     1086.9189
 VDWAALS =     -788.5098  EEL     =    -7304.3022  EGB        =    -1830.5963
 1-4 VDW =      330.9597  1-4 EEL =     5630.7843  RESTRAINT  =       43.3749
 EAMBER  =    -2636.4914


   NSTEP       ENERGY          RMS            GMAX         NAME    NUMBER
    700      -2.5944E+03     1.9502E-02     3.8217E-01     HG1       635

 BOND    =       31.6409  ANGLE   =      206.0808  DIHED      =     1085.3327
 VDWAALS =     -788.3323  EEL     =    -7306.1476  EGB        =    -1829.3301
 1-4 VDW =      331.4318  1-4 EEL =     5631.7296  RESTRAINT  =       43.1474
 EAMBER  =    -2637.5943


   NSTEP       ENERGY          RMS            GMAX         NAME    NUMBER
    800      -2.5945E+03     4.3510E-04     6.5810E-03     CB        628

 BOND    =       31.6056  ANGLE   =      205.9904  DIHED      =     1085.1953
 VDWAALS =     -788.2744  EEL     =    -7306.2084  EGB        =    -1829.2994
 1-4 VDW =      331.5510  1-4 EEL =     5631.8673  RESTRAINT  =       43.0964
 EAMBER  =    -2637.5726


                    FINAL RESULTS



   NSTEP       ENERGY          RMS            GMAX         NAME    NUMBER
    892      -2.5945E+03     8.7004E-05     9.1531E-04     HB       1383

 BOND    =       31.6044  ANGLE   =      205.9881  DIHED      =     1085.1940
 VDWAALS =     -788.2734  EEL     =    -7306.2125  EGB        =    -1829.2972
 1-4 VDW =      331.5538  1-4 EEL =     5631.8706  RESTRAINT  =       43.0959
 EAMBER  =    -2637.5722

--------------------------------------------------------------------------------
   5.  TIMINGS
--------------------------------------------------------------------------------

|                Calc gb radii             51.00 (20.14% of Gen B)
|                Calc gb diag              94.17 (37.19% of Gen B)
|                Calc gb off-diag         108.05 (42.67% of Gen B)
|             Gen Born time            253.22 (100.0% of Nonbo)
|          Nonbond force            253.22 (99.27% of Force)
|          Bond/Angle/Dihedral        1.84 ( 0.72% of Force)
|          Other                      0.01 ( 0.01% of Force)
|       Force time               255.08 (100.0% of Runmd)
|    Runmd Time               255.08 (99.65% of Total)
|    Other                      0.88 ( 0.34% of Total)
| Total time               255.96 (100.0% of ALL  )

| Number of list builds   :          0

| Highest rstack allocated:          0
| Highest istack allocated:          0
|           Job began  at 12:17:52.198  on 02/03/2016
|           Setup done at 12:17:52.250  on 02/03/2016
|           Run   done at 12:22:08.160  on 02/03/2016
|     wallclock() was called   16084 times
