
          -------------------------------------------------------
          Amber 14 SANDER                              2014
          -------------------------------------------------------

| Run on 02/03/2016 at 13:33:58

|   Executable path: sander
| Working directory: /lustre/cs1500/scratch/kmb413/RealDecoyDisc/DecoyDiscrimination/decoys.set2.init/1aaj/Rosetta_relaxed
|          Hostname: slepner30


File Assignments:
|  MDIN: /scratch/kmb413/RealDecoyDisc/DecoyDiscrimination/scripts/min/min.in  
| MDOUT: NoH_2_empty_tag_857_0001_0001.out                                     
|INPCRD: NoH_2_empty_tag_857_0001_0001.rst7                                    
|  PARM: NoH_2_empty_tag_857_0001_0001.parm7                                   
|RESTRT: min_NoH_2_empty_tag_857_0001_0001.rst7                                
|  REFC: NoH_2_empty_tag_857_0001_0001.rst7                                    
| MDVEL: mdvel                                                                 
| MDFRC: mdfrc                                                                 
|  MDEN: mden                                                                  
| MDCRD: mdcrd                                                                 
|MDINFO: mdinfo                                                                
|  MTMD: mtmd                                                                  
|INPDIP: inpdip                                                                
|RSTDIP: rstdip                                                                
|INPTRA: inptraj                                                               


 Here is the input file:

                                                                               
&cntrl                                                                         
    imin = 1, maxcyc=1000,                                                     
    ntx = 1,                                                                   
    ntwr = 100, ntpr = 100,                                                    
    cut = 999.0,                                                               
    ntb = 0, igb = 8,                                                          
    ntr = 1, restraint_wt = 10, restraintmask = "!@H=",                        
/                                                                              

--------------------------------------------------------------------------------
   1.  RESOURCE   USE: 
--------------------------------------------------------------------------------

| Flags:                                                                        
| New format PARM file being parsed.
| Version =    1.000 Date = 02/03/16 Time = 11:48:22
 NATOM  =    1590 NTYPES =      14 NBONH =     791 MBONA  =     820
 NTHETH =    1812 MTHETA =    1115 NPHIH =    3578 MPHIA  =    3525
 NHPARM =       0 NPARM  =       0 NNB   =    8805 NRES   =     104
 NBONA  =     820 NTHETA =    1115 NPHIA =    3525 NUMBND =      65
 NUMANG =     152 NPTRA  =     189 NATYP =      33 NPHB   =       0
 IFBOX  =       0 NMXRS  =      24 IFCAP =       0 NEXTRA =       0
 NCOPY  =       0

 Implicit solvent radii are ArgH and AspGluO modified Bondi2 radii (mbondi3)                                
 Replacing prmtop screening parameters with GBn2 (igb=8) values

|     Memory Use     Allocated
|     Real              145027
|     Hollerith           4876
|     Integer           109197
|     Max Pairs              1
|     nblistReal             0
|     nblist Int             0
|       Total             1578 kbytes

| Note: 1-4 EEL scale factors are being read from the topology file.

| Note: 1-4 VDW scale factors are being read from the topology file.
| Duplicated    0 dihedrals
| Duplicated    0 dihedrals

--------------------------------------------------------------------------------
   2.  CONTROL  DATA  FOR  THE  RUN
--------------------------------------------------------------------------------

default_name                                                                    

General flags:
     imin    =       1, nmropt  =       0

Nature and format of input:
     ntx     =       1, irest   =       0, ntrx    =       1

Nature and format of output:
     ntxo    =       1, ntpr    =     100, ntrx    =       1, ntwr    =     100
     iwrap   =       0, ntwx    =       0, ntwv    =       0, ntwe    =       0
     ioutfm  =       0, ntwprt  =       0, idecomp =       0, rbornstat=      0

Potential function:
     ntf     =       1, ntb     =       0, igb     =       8, nsnb    =      25
     ipol    =       0, gbsa    =       0, iesp    =       0
     dielc   =   1.00000, cut     = 999.00000, intdiel =   1.00000
     saltcon =   0.00000, offset  =   0.19514, surften =   0.00500
     rdt     =   0.00000, rgbmax  =  25.00000  extdiel =  78.50000
     alpb  =        0
     gbalphaH  =   0.78844, gbbetaH   =   0.79870,  gbgammaH  =    0.43733
     gbalphaC  =   0.73376, gbbetaC   =   0.50638,  gbgammaC  =    0.20584
     gbalphaN  =   0.50336, gbbetaN   =   0.31683,  gbgammaN  =    0.19292
     gbalphaOS =   0.86781, gbbetaOS  =   0.87664,  gbgammaOS =    0.38788
     gbalphaP  =   1.00000, gbbetaP   =   0.80000,  gbgammaP  =    4.85000
     gb_alpha_hnu  =   0.53705, gb_beta_hnu   =   0.36286,  gb_gamma_hnu  =    0.11670
     gb_alpha_cnu  =   0.33167, gb_beta_cnu   =   0.19684,  gb_gamma_cnu  =    0.09342
     gb_alpha_nnu  =   0.68631, gb_beta_nnu   =   0.46319,  gb_gamma_nnu  =    0.13872
     gb_alpha_onu  =   0.60634, gb_beta_onu   =   0.46301,  gb_gamma_onu  =    0.14226
     gb_alpha_pnu  =   0.41836, gb_beta_pnu   =   0.29005,  gb_gamma_pnu  =    0.10642

Frozen or restrained atoms:
     ibelly  =       0, ntr     =       1
     restraint_wt =  10.00000

Energy minimization:
     maxcyc  =    1000, ncyc    =      10, ntmin   =       1
     dx0     =   0.01000, drms    =   0.00010
|  INFO: Old style inpcrd file read


    LOADING THE CONSTRAINED ATOMS AS GROUPS


   5.  REFERENCE ATOM COORDINATES

  defa
     Mask !@H=; matches   799 atoms

--------------------------------------------------------------------------------
   3.  ATOMIC COORDINATES AND VELOCITIES
--------------------------------------------------------------------------------

default_name                                                                    
 begin time read from input coords =     0.000 ps

 Number of triangulated 3-point waters found:        0

--------------------------------------------------------------------------------
   4.  RESULTS
--------------------------------------------------------------------------------



   NSTEP       ENERGY          RMS            GMAX         NAME    NUMBER
      1      -2.1550E+03     9.1896E+00     6.7554E+01     OXT      1590

 BOND    =       70.8683  ANGLE   =      211.8519  DIHED      =     1070.8733
 VDWAALS =     -640.6402  EEL     =    -7217.9488  EGB        =    -1804.5970
 1-4 VDW =      445.0478  1-4 EEL =     5709.5798  RESTRAINT  =        0.0000


   NSTEP       ENERGY          RMS            GMAX         NAME    NUMBER
    100      -2.5511E+03     2.9417E-01     3.2469E+00     HB       1383

 BOND    =       31.2099  ANGLE   =      209.0817  DIHED      =     1075.4445
 VDWAALS =     -803.1158  EEL     =    -7244.6975  EGB        =    -1812.8949
 1-4 VDW =      332.6885  1-4 EEL =     5615.1617  RESTRAINT  =       46.0112
 EAMBER  =    -2597.1218


   NSTEP       ENERGY          RMS            GMAX         NAME    NUMBER
    200      -2.5588E+03     1.0091E-01     1.0034E+00     H2          3

 BOND    =       31.3385  ANGLE   =      209.5641  DIHED      =     1075.6354
 VDWAALS =     -805.7885  EEL     =    -7255.3430  EGB        =    -1810.3488
 1-4 VDW =      332.6531  1-4 EEL =     5615.6450  RESTRAINT  =       47.8681
 EAMBER  =    -2606.6442


   NSTEP       ENERGY          RMS            GMAX         NAME    NUMBER
    300      -2.5649E+03     3.3114E-01     4.4008E+00     HG       1180

 BOND    =       32.3533  ANGLE   =      212.1653  DIHED      =     1073.8620
 VDWAALS =     -807.0766  EEL     =    -7264.3653  EGB        =    -1805.9706
 1-4 VDW =      330.2150  1-4 EEL =     5614.0927  RESTRAINT  =       49.7836
 EAMBER  =    -2614.7242


   NSTEP       ENERGY          RMS            GMAX         NAME    NUMBER
    400      -2.5673E+03     3.3378E-02     4.2093E-01     OG1       634

 BOND    =       31.2517  ANGLE   =      209.3587  DIHED      =     1073.0565
 VDWAALS =     -804.8902  EEL     =    -7267.2874  EGB        =    -1805.4692
 1-4 VDW =      333.2757  1-4 EEL =     5615.6781  RESTRAINT  =       47.7389
 EAMBER  =    -2615.0260


   NSTEP       ENERGY          RMS            GMAX         NAME    NUMBER
    500      -2.5675E+03     1.2121E-01     2.3600E+00     OG1       634

 BOND    =       31.4644  ANGLE   =      209.5780  DIHED      =     1072.9270
 VDWAALS =     -804.8317  EEL     =    -7269.5708  EGB        =    -1804.3896
 1-4 VDW =      332.9451  1-4 EEL =     5616.2766  RESTRAINT  =       48.0522
 EAMBER  =    -2615.6010


   NSTEP       ENERGY          RMS            GMAX         NAME    NUMBER
    600      -2.5686E+03     4.4182E-02     8.7116E-01     CB        628

 BOND    =       31.2329  ANGLE   =      209.4101  DIHED      =     1071.5604
 VDWAALS =     -805.1626  EEL     =    -7270.4781  EGB        =    -1803.3049
 1-4 VDW =      333.2994  1-4 EEL =     5617.0386  RESTRAINT  =       47.8048
 EAMBER  =    -2616.4041


   NSTEP       ENERGY          RMS            GMAX         NAME    NUMBER
    700      -2.5686E+03     1.8489E-03     2.3697E-02     HG23      633

 BOND    =       31.1991  ANGLE   =      209.3287  DIHED      =     1071.4786
 VDWAALS =     -805.1124  EEL     =    -7270.5437  EGB        =    -1803.2053
 1-4 VDW =      333.4277  1-4 EEL =     5617.0714  RESTRAINT  =       47.7363
 EAMBER  =    -2616.3559


                    FINAL RESULTS



   NSTEP       ENERGY          RMS            GMAX         NAME    NUMBER
    796      -2.5686E+03     9.3884E-05     1.2747E-03     HG21      631

 BOND    =       31.1935  ANGLE   =      209.3205  DIHED      =     1071.4726
 VDWAALS =     -805.1043  EEL     =    -7270.5451  EGB        =    -1803.1995
 1-4 VDW =      333.4400  1-4 EEL =     5617.0729  RESTRAINT  =       47.7295
 EAMBER  =    -2616.3492

--------------------------------------------------------------------------------
   5.  TIMINGS
--------------------------------------------------------------------------------

|                Calc gb radii             46.72 (19.99% of Gen B)
|                Calc gb diag              89.02 (38.08% of Gen B)
|                Calc gb off-diag          97.99 (41.92% of Gen B)
|             Gen Born time            233.74 (100.0% of Nonbo)
|          Nonbond force            233.74 (99.29% of Force)
|          Bond/Angle/Dihedral        1.65 ( 0.70% of Force)
|          Other                      0.01 ( 0.01% of Force)
|       Force time               235.40 (100.0% of Runmd)
|    Runmd Time               235.40 (99.72% of Total)
|    Other                      0.65 ( 0.27% of Total)
| Total time               236.05 (100.0% of ALL  )

| Number of list builds   :          0

| Highest rstack allocated:          0
| Highest istack allocated:          0
|           Job began  at 13:33:58.572  on 02/03/2016
|           Setup done at 13:33:58.647  on 02/03/2016
|           Run   done at 13:37:54.623  on 02/03/2016
|     wallclock() was called   14356 times
