
          -------------------------------------------------------
          Amber 14 SANDER                              2014
          -------------------------------------------------------

| Run on 02/03/2016 at 13:42:45

|   Executable path: sander
| Working directory: /lustre/cs1500/scratch/kmb413/RealDecoyDisc/DecoyDiscrimination/decoys.set2.init/1aaj/Rosetta_relaxed
|          Hostname: slepner25


File Assignments:
|  MDIN: /scratch/kmb413/RealDecoyDisc/DecoyDiscrimination/scripts/min/min.in  
| MDOUT: NoH_4_empty_tag_1310_0001_0001.out                                    
|INPCRD: NoH_4_empty_tag_1310_0001_0001.rst7                                   
|  PARM: NoH_4_empty_tag_1310_0001_0001.parm7                                  
|RESTRT: min_NoH_4_empty_tag_1310_0001_0001.rst7                               
|  REFC: NoH_4_empty_tag_1310_0001_0001.rst7                                   
| MDVEL: mdvel                                                                 
| MDFRC: mdfrc                                                                 
|  MDEN: mden                                                                  
| MDCRD: mdcrd                                                                 
|MDINFO: mdinfo                                                                
|  MTMD: mtmd                                                                  
|INPDIP: inpdip                                                                
|RSTDIP: rstdip                                                                
|INPTRA: inptraj                                                               


 Here is the input file:

                                                                               
&cntrl                                                                         
    imin = 1, maxcyc=1000,                                                     
    ntx = 1,                                                                   
    ntwr = 100, ntpr = 100,                                                    
    cut = 999.0,                                                               
    ntb = 0, igb = 8,                                                          
    ntr = 1, restraint_wt = 10, restraintmask = "!@H=",                        
/                                                                              

--------------------------------------------------------------------------------
   1.  RESOURCE   USE: 
--------------------------------------------------------------------------------

| Flags:                                                                        
| New format PARM file being parsed.
| Version =    1.000 Date = 02/03/16 Time = 11:50:49
 NATOM  =    1590 NTYPES =      14 NBONH =     791 MBONA  =     820
 NTHETH =    1812 MTHETA =    1115 NPHIH =    3578 MPHIA  =    3525
 NHPARM =       0 NPARM  =       0 NNB   =    8805 NRES   =     104
 NBONA  =     820 NTHETA =    1115 NPHIA =    3525 NUMBND =      65
 NUMANG =     152 NPTRA  =     189 NATYP =      33 NPHB   =       0
 IFBOX  =       0 NMXRS  =      24 IFCAP =       0 NEXTRA =       0
 NCOPY  =       0

 Implicit solvent radii are ArgH and AspGluO modified Bondi2 radii (mbondi3)                                
 Replacing prmtop screening parameters with GBn2 (igb=8) values

|     Memory Use     Allocated
|     Real              145027
|     Hollerith           4876
|     Integer           109197
|     Max Pairs              1
|     nblistReal             0
|     nblist Int             0
|       Total             1578 kbytes

| Note: 1-4 EEL scale factors are being read from the topology file.

| Note: 1-4 VDW scale factors are being read from the topology file.
| Duplicated    0 dihedrals
| Duplicated    0 dihedrals

--------------------------------------------------------------------------------
   2.  CONTROL  DATA  FOR  THE  RUN
--------------------------------------------------------------------------------

default_name                                                                    

General flags:
     imin    =       1, nmropt  =       0

Nature and format of input:
     ntx     =       1, irest   =       0, ntrx    =       1

Nature and format of output:
     ntxo    =       1, ntpr    =     100, ntrx    =       1, ntwr    =     100
     iwrap   =       0, ntwx    =       0, ntwv    =       0, ntwe    =       0
     ioutfm  =       0, ntwprt  =       0, idecomp =       0, rbornstat=      0

Potential function:
     ntf     =       1, ntb     =       0, igb     =       8, nsnb    =      25
     ipol    =       0, gbsa    =       0, iesp    =       0
     dielc   =   1.00000, cut     = 999.00000, intdiel =   1.00000
     saltcon =   0.00000, offset  =   0.19514, surften =   0.00500
     rdt     =   0.00000, rgbmax  =  25.00000  extdiel =  78.50000
     alpb  =        0
     gbalphaH  =   0.78844, gbbetaH   =   0.79870,  gbgammaH  =    0.43733
     gbalphaC  =   0.73376, gbbetaC   =   0.50638,  gbgammaC  =    0.20584
     gbalphaN  =   0.50336, gbbetaN   =   0.31683,  gbgammaN  =    0.19292
     gbalphaOS =   0.86781, gbbetaOS  =   0.87664,  gbgammaOS =    0.38788
     gbalphaP  =   1.00000, gbbetaP   =   0.80000,  gbgammaP  =    4.85000
     gb_alpha_hnu  =   0.53705, gb_beta_hnu   =   0.36286,  gb_gamma_hnu  =    0.11670
     gb_alpha_cnu  =   0.33167, gb_beta_cnu   =   0.19684,  gb_gamma_cnu  =    0.09342
     gb_alpha_nnu  =   0.68631, gb_beta_nnu   =   0.46319,  gb_gamma_nnu  =    0.13872
     gb_alpha_onu  =   0.60634, gb_beta_onu   =   0.46301,  gb_gamma_onu  =    0.14226
     gb_alpha_pnu  =   0.41836, gb_beta_pnu   =   0.29005,  gb_gamma_pnu  =    0.10642

Frozen or restrained atoms:
     ibelly  =       0, ntr     =       1
     restraint_wt =  10.00000

Energy minimization:
     maxcyc  =    1000, ncyc    =      10, ntmin   =       1
     dx0     =   0.01000, drms    =   0.00010
|  INFO: Old style inpcrd file read


    LOADING THE CONSTRAINED ATOMS AS GROUPS


   5.  REFERENCE ATOM COORDINATES

  defa
     Mask !@H=; matches   799 atoms

--------------------------------------------------------------------------------
   3.  ATOMIC COORDINATES AND VELOCITIES
--------------------------------------------------------------------------------

default_name                                                                    
 begin time read from input coords =     0.000 ps

 Number of triangulated 3-point waters found:        0

--------------------------------------------------------------------------------
   4.  RESULTS
--------------------------------------------------------------------------------



   NSTEP       ENERGY          RMS            GMAX         NAME    NUMBER
      1      -2.1983E+03     9.2594E+00     6.1309E+01     OE1       481

 BOND    =       71.4678  ANGLE   =      212.1888  DIHED      =     1088.1742
 VDWAALS =     -633.7958  EEL     =    -7145.7906  EGB        =    -1961.7327
 1-4 VDW =      443.0951  1-4 EEL =     5728.0731  RESTRAINT  =        0.0000


   NSTEP       ENERGY          RMS            GMAX         NAME    NUMBER
    100      -2.5763E+03     4.4514E-01     4.1673E+00     HG1      1389

 BOND    =       32.1474  ANGLE   =      211.3421  DIHED      =     1092.1950
 VDWAALS =     -789.8588  EEL     =    -7156.0294  EGB        =    -1976.7200
 1-4 VDW =      327.8016  1-4 EEL =     5638.5794  RESTRAINT  =       44.2445
 EAMBER  =    -2620.5427


   NSTEP       ENERGY          RMS            GMAX         NAME    NUMBER
    200      -2.5838E+03     1.1592E-01     1.3888E+00     H2          3

 BOND    =       31.5358  ANGLE   =      210.7314  DIHED      =     1089.8591
 VDWAALS =     -792.0641  EEL     =    -7166.5709  EGB        =    -1971.0942
 1-4 VDW =      328.5672  1-4 EEL =     5640.3625  RESTRAINT  =       44.8987
 EAMBER  =    -2628.6731


   NSTEP       ENERGY          RMS            GMAX         NAME    NUMBER
    300      -2.5850E+03     1.3074E-02     2.3176E-01     CG       1324

 BOND    =       31.1229  ANGLE   =      209.9058  DIHED      =     1088.8277
 VDWAALS =     -792.2528  EEL     =    -7166.4980  EGB        =    -1971.1013
 1-4 VDW =      329.5966  1-4 EEL =     5640.7362  RESTRAINT  =       44.7095
 EAMBER  =    -2629.6627


   NSTEP       ENERGY          RMS            GMAX         NAME    NUMBER
    400      -2.5851E+03     1.6791E-01     3.8322E+00     HG1       605

 BOND    =       31.3957  ANGLE   =      210.2074  DIHED      =     1089.4911
 VDWAALS =     -792.5751  EEL     =    -7166.2841  EGB        =    -1971.7938
 1-4 VDW =      329.1547  1-4 EEL =     5640.3168  RESTRAINT  =       44.9888
 EAMBER  =    -2630.0872


   NSTEP       ENERGY          RMS            GMAX         NAME    NUMBER
    500      -2.5897E+03     3.2387E-02     4.0845E-01     N         608

 BOND    =       31.2559  ANGLE   =      210.1839  DIHED      =     1088.6457
 VDWAALS =     -791.2367  EEL     =    -7170.7938  EGB        =    -1972.6394
 1-4 VDW =      329.5673  1-4 EEL =     5640.8687  RESTRAINT  =       44.4022
 EAMBER  =    -2634.1485


   NSTEP       ENERGY          RMS            GMAX         NAME    NUMBER
    600      -2.5898E+03     4.4229E-03     4.0016E-02     CA          5

 BOND    =       31.1948  ANGLE   =      210.0627  DIHED      =     1088.6879
 VDWAALS =     -791.1607  EEL     =    -7170.8630  EGB        =    -1972.7359
 1-4 VDW =      329.7344  1-4 EEL =     5641.0065  RESTRAINT  =       44.3034
 EAMBER  =    -2634.0735


   NSTEP       ENERGY          RMS            GMAX         NAME    NUMBER
    700      -2.5898E+03     5.5340E-03     5.4687E-02     CB        612

 BOND    =       31.1771  ANGLE   =      210.0226  DIHED      =     1088.7264
 VDWAALS =     -791.1518  EEL     =    -7171.0495  EGB        =    -1972.6493
 1-4 VDW =      329.7881  1-4 EEL =     5641.0853  RESTRAINT  =       44.2788
 EAMBER  =    -2634.0512


   NSTEP       ENERGY          RMS            GMAX         NAME    NUMBER
    800      -2.5898E+03     2.0144E-02     2.5947E-01     CA        596

 BOND    =       31.2019  ANGLE   =      210.0764  DIHED      =     1088.8637
 VDWAALS =     -791.2371  EEL     =    -7172.1440  EGB        =    -1971.8523
 1-4 VDW =      329.7241  1-4 EEL =     5641.2545  RESTRAINT  =       44.3304
 EAMBER  =    -2634.1128


   NSTEP       ENERGY          RMS            GMAX         NAME    NUMBER
    900      -2.5915E+03     4.9793E-01     1.2673E+01     HG       1180

 BOND    =       32.2200  ANGLE   =      211.9305  DIHED      =     1089.5349
 VDWAALS =     -791.9620  EEL     =    -7180.8772  EGB        =    -1968.7244
 1-4 VDW =      328.8590  1-4 EEL =     5641.9056  RESTRAINT  =       45.6512
 EAMBER  =    -2637.1136


   NSTEP       ENERGY          RMS            GMAX         NAME    NUMBER
   1000      -2.5978E+03     1.5334E-01     3.7099E+00     CD        193

 BOND    =       31.4471  ANGLE   =      210.2330  DIHED      =     1087.6798
 VDWAALS =     -789.5798  EEL     =    -7185.5955  EGB        =    -1968.3194
 1-4 VDW =      329.7141  1-4 EEL =     5642.2762  RESTRAINT  =       44.3291
 EAMBER  =    -2642.1445


  Maximum number of minimization cycles reached.


                    FINAL RESULTS



   NSTEP       ENERGY          RMS            GMAX         NAME    NUMBER
   1000      -2.5978E+03     1.5334E-01     3.7099E+00     CD        193

 BOND    =       31.4471  ANGLE   =      210.2330  DIHED      =     1087.6798
 VDWAALS =     -789.5798  EEL     =    -7185.5955  EGB        =    -1968.3194
 1-4 VDW =      329.7141  1-4 EEL =     5642.2762  RESTRAINT  =       44.3291
 EAMBER  =    -2642.1445

--------------------------------------------------------------------------------
   5.  TIMINGS
--------------------------------------------------------------------------------

|                Calc gb radii             59.49 (20.48% of Gen B)
|                Calc gb diag             109.87 (37.81% of Gen B)
|                Calc gb off-diag         121.20 (41.71% of Gen B)
|             Gen Born time            290.56 (100.0% of Nonbo)
|          Nonbond force            290.56 (99.29% of Force)
|          Bond/Angle/Dihedral        2.07 ( 0.71% of Force)
|          Other                      0.02 ( 0.01% of Force)
|       Force time               292.65 (100.0% of Runmd)
|    Runmd Time               292.65 (99.68% of Total)
|    Other                      0.94 ( 0.32% of Total)
| Total time               293.59 (100.0% of ALL  )

| Number of list builds   :          0

| Highest rstack allocated:          0
| Highest istack allocated:          0
|           Job began  at 13:42:45.085  on 02/03/2016
|           Setup done at 13:42:45.136  on 02/03/2016
|           Run   done at 13:47:38.676  on 02/03/2016
|     wallclock() was called   18028 times
