
          -------------------------------------------------------
          Amber 14 SANDER                              2014
          -------------------------------------------------------

| Run on 02/03/2016 at 13:06:18

|   Executable path: sander
| Working directory: /lustre/cs1500/scratch/kmb413/RealDecoyDisc/DecoyDiscrimination/decoys.set2.init/1aaj/Rosetta_relaxed
|          Hostname: slepner30


File Assignments:
|  MDIN: /scratch/kmb413/RealDecoyDisc/DecoyDiscrimination/scripts/min/min.in  
| MDOUT: NoH_3_empty_tag_1494_0001_0001.out                                    
|INPCRD: NoH_3_empty_tag_1494_0001_0001.rst7                                   
|  PARM: NoH_3_empty_tag_1494_0001_0001.parm7                                  
|RESTRT: min_NoH_3_empty_tag_1494_0001_0001.rst7                               
|  REFC: NoH_3_empty_tag_1494_0001_0001.rst7                                   
| MDVEL: mdvel                                                                 
| MDFRC: mdfrc                                                                 
|  MDEN: mden                                                                  
| MDCRD: mdcrd                                                                 
|MDINFO: mdinfo                                                                
|  MTMD: mtmd                                                                  
|INPDIP: inpdip                                                                
|RSTDIP: rstdip                                                                
|INPTRA: inptraj                                                               


 Here is the input file:

                                                                               
&cntrl                                                                         
    imin = 1, maxcyc=1000,                                                     
    ntx = 1,                                                                   
    ntwr = 100, ntpr = 100,                                                    
    cut = 999.0,                                                               
    ntb = 0, igb = 8,                                                          
    ntr = 1, restraint_wt = 10, restraintmask = "!@H=",                        
/                                                                              

--------------------------------------------------------------------------------
   1.  RESOURCE   USE: 
--------------------------------------------------------------------------------

| Flags:                                                                        
| New format PARM file being parsed.
| Version =    1.000 Date = 02/03/16 Time = 11:49:18
 NATOM  =    1590 NTYPES =      14 NBONH =     791 MBONA  =     820
 NTHETH =    1812 MTHETA =    1115 NPHIH =    3578 MPHIA  =    3525
 NHPARM =       0 NPARM  =       0 NNB   =    8805 NRES   =     104
 NBONA  =     820 NTHETA =    1115 NPHIA =    3525 NUMBND =      65
 NUMANG =     152 NPTRA  =     189 NATYP =      33 NPHB   =       0
 IFBOX  =       0 NMXRS  =      24 IFCAP =       0 NEXTRA =       0
 NCOPY  =       0

 Implicit solvent radii are ArgH and AspGluO modified Bondi2 radii (mbondi3)                                
 Replacing prmtop screening parameters with GBn2 (igb=8) values

|     Memory Use     Allocated
|     Real              145027
|     Hollerith           4876
|     Integer           109197
|     Max Pairs              1
|     nblistReal             0
|     nblist Int             0
|       Total             1578 kbytes

| Note: 1-4 EEL scale factors are being read from the topology file.

| Note: 1-4 VDW scale factors are being read from the topology file.
| Duplicated    0 dihedrals
| Duplicated    0 dihedrals

--------------------------------------------------------------------------------
   2.  CONTROL  DATA  FOR  THE  RUN
--------------------------------------------------------------------------------

default_name                                                                    

General flags:
     imin    =       1, nmropt  =       0

Nature and format of input:
     ntx     =       1, irest   =       0, ntrx    =       1

Nature and format of output:
     ntxo    =       1, ntpr    =     100, ntrx    =       1, ntwr    =     100
     iwrap   =       0, ntwx    =       0, ntwv    =       0, ntwe    =       0
     ioutfm  =       0, ntwprt  =       0, idecomp =       0, rbornstat=      0

Potential function:
     ntf     =       1, ntb     =       0, igb     =       8, nsnb    =      25
     ipol    =       0, gbsa    =       0, iesp    =       0
     dielc   =   1.00000, cut     = 999.00000, intdiel =   1.00000
     saltcon =   0.00000, offset  =   0.19514, surften =   0.00500
     rdt     =   0.00000, rgbmax  =  25.00000  extdiel =  78.50000
     alpb  =        0
     gbalphaH  =   0.78844, gbbetaH   =   0.79870,  gbgammaH  =    0.43733
     gbalphaC  =   0.73376, gbbetaC   =   0.50638,  gbgammaC  =    0.20584
     gbalphaN  =   0.50336, gbbetaN   =   0.31683,  gbgammaN  =    0.19292
     gbalphaOS =   0.86781, gbbetaOS  =   0.87664,  gbgammaOS =    0.38788
     gbalphaP  =   1.00000, gbbetaP   =   0.80000,  gbgammaP  =    4.85000
     gb_alpha_hnu  =   0.53705, gb_beta_hnu   =   0.36286,  gb_gamma_hnu  =    0.11670
     gb_alpha_cnu  =   0.33167, gb_beta_cnu   =   0.19684,  gb_gamma_cnu  =    0.09342
     gb_alpha_nnu  =   0.68631, gb_beta_nnu   =   0.46319,  gb_gamma_nnu  =    0.13872
     gb_alpha_onu  =   0.60634, gb_beta_onu   =   0.46301,  gb_gamma_onu  =    0.14226
     gb_alpha_pnu  =   0.41836, gb_beta_pnu   =   0.29005,  gb_gamma_pnu  =    0.10642

Frozen or restrained atoms:
     ibelly  =       0, ntr     =       1
     restraint_wt =  10.00000

Energy minimization:
     maxcyc  =    1000, ncyc    =      10, ntmin   =       1
     dx0     =   0.01000, drms    =   0.00010
|  INFO: Old style inpcrd file read


    LOADING THE CONSTRAINED ATOMS AS GROUPS


   5.  REFERENCE ATOM COORDINATES

  defa
     Mask !@H=; matches   799 atoms

--------------------------------------------------------------------------------
   3.  ATOMIC COORDINATES AND VELOCITIES
--------------------------------------------------------------------------------

default_name                                                                    
 begin time read from input coords =     0.000 ps

 Number of triangulated 3-point waters found:        0

--------------------------------------------------------------------------------
   4.  RESULTS
--------------------------------------------------------------------------------



   NSTEP       ENERGY          RMS            GMAX         NAME    NUMBER
      1      -2.2015E+03     9.0736E+00     5.8225E+01     OE1       194

 BOND    =       69.3469  ANGLE   =      211.1444  DIHED      =     1079.8361
 VDWAALS =     -669.3022  EEL     =    -7259.9586  EGB        =    -1766.5063
 1-4 VDW =      442.3005  1-4 EEL =     5691.6585  RESTRAINT  =        0.0000


   NSTEP       ENERGY          RMS            GMAX         NAME    NUMBER
    100      -2.5710E+03     4.7439E-01     4.1796E+00     HG1       635

 BOND    =       31.5397  ANGLE   =      210.1579  DIHED      =     1084.7875
 VDWAALS =     -806.4354  EEL     =    -7277.6784  EGB        =    -1789.3927
 1-4 VDW =      330.9390  1-4 EEL =     5601.3329  RESTRAINT  =       43.7338
 EAMBER  =    -2614.7495


   NSTEP       ENERGY          RMS            GMAX         NAME    NUMBER
    200      -2.5833E+03     1.4549E-01     1.8805E+00     HG1      1389

 BOND    =       31.4719  ANGLE   =      209.9030  DIHED      =     1082.8945
 VDWAALS =     -806.8454  EEL     =    -7290.4797  EGB        =    -1788.8191
 1-4 VDW =      331.3509  1-4 EEL =     5602.5575  RESTRAINT  =       44.6198
 EAMBER  =    -2627.9663


   NSTEP       ENERGY          RMS            GMAX         NAME    NUMBER
    300      -2.5846E+03     2.2482E-02     3.7927E-01     CD        193

 BOND    =       31.1225  ANGLE   =      208.8751  DIHED      =     1081.6431
 VDWAALS =     -807.3186  EEL     =    -7291.6682  EGB        =    -1787.5594
 1-4 VDW =      332.3207  1-4 EEL =     5603.3918  RESTRAINT  =       44.6043
 EAMBER  =    -2629.1929


   NSTEP       ENERGY          RMS            GMAX         NAME    NUMBER
    400      -2.5871E+03     3.7910E-01     8.4047E+00     CE2       650

 BOND    =       32.2245  ANGLE   =      210.9884  DIHED      =     1081.4924
 VDWAALS =     -807.6285  EEL     =    -7295.7079  EGB        =    -1788.1161
 1-4 VDW =      330.0557  1-4 EEL =     5603.2604  RESTRAINT  =       46.3226
 EAMBER  =    -2633.4311


   NSTEP       ENERGY          RMS            GMAX         NAME    NUMBER
    500      -2.5886E+03     8.7305E-03     8.4308E-02     CA         51

 BOND    =       31.2297  ANGLE   =      208.9079  DIHED      =     1080.7931
 VDWAALS =     -806.4845  EEL     =    -7295.7667  EGB        =    -1787.7185
 1-4 VDW =      332.0195  1-4 EEL =     5603.9638  RESTRAINT  =       44.4102
 EAMBER  =    -2633.0557


   NSTEP       ENERGY          RMS            GMAX         NAME    NUMBER
    600      -2.5886E+03     2.6164E-03     3.4850E-02     CG2      1242

 BOND    =       31.2165  ANGLE   =      208.8686  DIHED      =     1080.7672
 VDWAALS =     -806.4496  EEL     =    -7295.7578  EGB        =    -1787.7184
 1-4 VDW =      332.0613  1-4 EEL =     5603.9625  RESTRAINT  =       44.4010
 EAMBER  =    -2633.0497


   NSTEP       ENERGY          RMS            GMAX         NAME    NUMBER
    700      -2.5886E+03     5.2919E-04     1.3684E-02     CB       1240

 BOND    =       31.2135  ANGLE   =      208.8640  DIHED      =     1080.7624
 VDWAALS =     -806.4430  EEL     =    -7295.7550  EGB        =    -1787.7180
 1-4 VDW =      332.0691  1-4 EEL =     5603.9581  RESTRAINT  =       44.4002
 EAMBER  =    -2633.0491


   NSTEP       ENERGY          RMS            GMAX         NAME    NUMBER
    800      -2.5886E+03     4.1125E-04     7.0179E-03     OG1      1246

 BOND    =       31.2131  ANGLE   =      208.8635  DIHED      =     1080.7619
 VDWAALS =     -806.4435  EEL     =    -7295.7552  EGB        =    -1787.7169
 1-4 VDW =      332.0689  1-4 EEL =     5603.9585  RESTRAINT  =       44.4009
 EAMBER  =    -2633.0498


                    FINAL RESULTS



   NSTEP       ENERGY          RMS            GMAX         NAME    NUMBER
    873      -2.5886E+03     9.3006E-05     1.6102E-03     CD        193

 BOND    =       31.2131  ANGLE   =      208.8636  DIHED      =     1080.7620
 VDWAALS =     -806.4439  EEL     =    -7295.7550  EGB        =    -1787.7169
 1-4 VDW =      332.0690  1-4 EEL =     5603.9580  RESTRAINT  =       44.4013
 EAMBER  =    -2633.0502

--------------------------------------------------------------------------------
   5.  TIMINGS
--------------------------------------------------------------------------------

|                Calc gb radii             52.18 (20.12% of Gen B)
|                Calc gb diag              99.66 (38.43% of Gen B)
|                Calc gb off-diag         107.47 (41.44% of Gen B)
|             Gen Born time            259.32 (100.0% of Nonbo)
|          Nonbond force            259.32 (99.30% of Force)
|          Bond/Angle/Dihedral        1.82 ( 0.70% of Force)
|          Other                      0.01 ( 0.01% of Force)
|       Force time               261.15 (100.0% of Runmd)
|    Runmd Time               261.15 (99.78% of Total)
|    Other                      0.58 ( 0.22% of Total)
| Total time               261.73 (100.0% of ALL  )

| Number of list builds   :          0

| Highest rstack allocated:          0
| Highest istack allocated:          0
|           Job began  at 13:06:18.614  on 02/03/2016
|           Setup done at 13:06:18.665  on 02/03/2016
|           Run   done at 13:10:40.349  on 02/03/2016
|     wallclock() was called   15742 times
