
          -------------------------------------------------------
          Amber 14 SANDER                              2014
          -------------------------------------------------------

| Run on 02/03/2016 at 14:34:10

|   Executable path: sander
| Working directory: /lustre/cs1500/scratch/kmb413/RealDecoyDisc/DecoyDiscrimination/decoys.set2.init/1aaj/Rosetta_relaxed
|          Hostname: slepner15


File Assignments:
|  MDIN: /scratch/kmb413/RealDecoyDisc/DecoyDiscrimination/scripts/min/min.in  
| MDOUT: NoH_2_empty_tag_1_700_0001.out                                        
|INPCRD: NoH_2_empty_tag_1_700_0001.rst7                                       
|  PARM: NoH_2_empty_tag_1_700_0001.parm7                                      
|RESTRT: min_NoH_2_empty_tag_1_700_0001.rst7                                   
|  REFC: NoH_2_empty_tag_1_700_0001.rst7                                       
| MDVEL: mdvel                                                                 
| MDFRC: mdfrc                                                                 
|  MDEN: mden                                                                  
| MDCRD: mdcrd                                                                 
|MDINFO: mdinfo                                                                
|  MTMD: mtmd                                                                  
|INPDIP: inpdip                                                                
|RSTDIP: rstdip                                                                
|INPTRA: inptraj                                                               


 Here is the input file:

                                                                               
&cntrl                                                                         
    imin = 1, maxcyc=1000,                                                     
    ntx = 1,                                                                   
    ntwr = 100, ntpr = 100,                                                    
    cut = 999.0,                                                               
    ntb = 0, igb = 8,                                                          
    ntr = 1, restraint_wt = 10, restraintmask = "!@H=",                        
/                                                                              

--------------------------------------------------------------------------------
   1.  RESOURCE   USE: 
--------------------------------------------------------------------------------

| Flags:                                                                        
| New format PARM file being parsed.
| Version =    1.000 Date = 02/03/16 Time = 11:47:28
 NATOM  =    1590 NTYPES =      14 NBONH =     791 MBONA  =     820
 NTHETH =    1812 MTHETA =    1115 NPHIH =    3578 MPHIA  =    3525
 NHPARM =       0 NPARM  =       0 NNB   =    8805 NRES   =     104
 NBONA  =     820 NTHETA =    1115 NPHIA =    3525 NUMBND =      65
 NUMANG =     152 NPTRA  =     189 NATYP =      33 NPHB   =       0
 IFBOX  =       0 NMXRS  =      24 IFCAP =       0 NEXTRA =       0
 NCOPY  =       0

 Implicit solvent radii are ArgH and AspGluO modified Bondi2 radii (mbondi3)                                
 Replacing prmtop screening parameters with GBn2 (igb=8) values

|     Memory Use     Allocated
|     Real              145027
|     Hollerith           4876
|     Integer           109197
|     Max Pairs              1
|     nblistReal             0
|     nblist Int             0
|       Total             1578 kbytes

| Note: 1-4 EEL scale factors are being read from the topology file.

| Note: 1-4 VDW scale factors are being read from the topology file.
| Duplicated    0 dihedrals
| Duplicated    0 dihedrals

--------------------------------------------------------------------------------
   2.  CONTROL  DATA  FOR  THE  RUN
--------------------------------------------------------------------------------

default_name                                                                    

General flags:
     imin    =       1, nmropt  =       0

Nature and format of input:
     ntx     =       1, irest   =       0, ntrx    =       1

Nature and format of output:
     ntxo    =       1, ntpr    =     100, ntrx    =       1, ntwr    =     100
     iwrap   =       0, ntwx    =       0, ntwv    =       0, ntwe    =       0
     ioutfm  =       0, ntwprt  =       0, idecomp =       0, rbornstat=      0

Potential function:
     ntf     =       1, ntb     =       0, igb     =       8, nsnb    =      25
     ipol    =       0, gbsa    =       0, iesp    =       0
     dielc   =   1.00000, cut     = 999.00000, intdiel =   1.00000
     saltcon =   0.00000, offset  =   0.19514, surften =   0.00500
     rdt     =   0.00000, rgbmax  =  25.00000  extdiel =  78.50000
     alpb  =        0
     gbalphaH  =   0.78844, gbbetaH   =   0.79870,  gbgammaH  =    0.43733
     gbalphaC  =   0.73376, gbbetaC   =   0.50638,  gbgammaC  =    0.20584
     gbalphaN  =   0.50336, gbbetaN   =   0.31683,  gbgammaN  =    0.19292
     gbalphaOS =   0.86781, gbbetaOS  =   0.87664,  gbgammaOS =    0.38788
     gbalphaP  =   1.00000, gbbetaP   =   0.80000,  gbgammaP  =    4.85000
     gb_alpha_hnu  =   0.53705, gb_beta_hnu   =   0.36286,  gb_gamma_hnu  =    0.11670
     gb_alpha_cnu  =   0.33167, gb_beta_cnu   =   0.19684,  gb_gamma_cnu  =    0.09342
     gb_alpha_nnu  =   0.68631, gb_beta_nnu   =   0.46319,  gb_gamma_nnu  =    0.13872
     gb_alpha_onu  =   0.60634, gb_beta_onu   =   0.46301,  gb_gamma_onu  =    0.14226
     gb_alpha_pnu  =   0.41836, gb_beta_pnu   =   0.29005,  gb_gamma_pnu  =    0.10642

Frozen or restrained atoms:
     ibelly  =       0, ntr     =       1
     restraint_wt =  10.00000

Energy minimization:
     maxcyc  =    1000, ncyc    =      10, ntmin   =       1
     dx0     =   0.01000, drms    =   0.00010
|  INFO: Old style inpcrd file read


    LOADING THE CONSTRAINED ATOMS AS GROUPS


   5.  REFERENCE ATOM COORDINATES

  defa
     Mask !@H=; matches   799 atoms

--------------------------------------------------------------------------------
   3.  ATOMIC COORDINATES AND VELOCITIES
--------------------------------------------------------------------------------

default_name                                                                    
 begin time read from input coords =     0.000 ps

 Number of triangulated 3-point waters found:        0

--------------------------------------------------------------------------------
   4.  RESULTS
--------------------------------------------------------------------------------



   NSTEP       ENERGY          RMS            GMAX         NAME    NUMBER
      1      -2.2000E+03     9.0862E+00     6.1608E+01     OE1       945

 BOND    =       69.6837  ANGLE   =      211.2677  DIHED      =     1066.9589
 VDWAALS =     -646.5760  EEL     =    -7327.7314  EGB        =    -1703.0664
 1-4 VDW =      445.2216  1-4 EEL =     5684.2052  RESTRAINT  =        0.0000


   NSTEP       ENERGY          RMS            GMAX         NAME    NUMBER
    100      -2.5855E+03     4.1012E-01     3.4309E+00     HB2       113

 BOND    =       31.2882  ANGLE   =      207.9717  DIHED      =     1069.2089
 VDWAALS =     -787.4379  EEL     =    -7381.3805  EGB        =    -1706.0476
 1-4 VDW =      333.8432  1-4 EEL =     5603.6604  RESTRAINT  =       43.3505
 EAMBER  =    -2628.8936


   NSTEP       ENERGY          RMS            GMAX         NAME    NUMBER
    200      -2.6080E+03     1.9253E-01     1.9906E+00     CD1       646

 BOND    =       31.6482  ANGLE   =      208.1107  DIHED      =     1064.5103
 VDWAALS =     -786.9460  EEL     =    -7406.5013  EGB        =    -1701.0140
 1-4 VDW =      333.3259  1-4 EEL =     5605.1305  RESTRAINT  =       43.7827
 EAMBER  =    -2651.7356


   NSTEP       ENERGY          RMS            GMAX         NAME    NUMBER
    300      -2.6087E+03     1.9387E-02     1.6380E-01     H2          3

 BOND    =       31.3048  ANGLE   =      207.5728  DIHED      =     1063.6765
 VDWAALS =     -787.1993  EEL     =    -7407.2994  EGB        =    -1700.6032
 1-4 VDW =      334.1528  1-4 EEL =     5606.2402  RESTRAINT  =       43.4744
 EAMBER  =    -2652.1549


   NSTEP       ENERGY          RMS            GMAX         NAME    NUMBER
    400      -2.6087E+03     2.5906E-03     3.8323E-02     HG1      1213

 BOND    =       31.2655  ANGLE   =      207.4682  DIHED      =     1063.5783
 VDWAALS =     -787.2793  EEL     =    -7407.2370  EGB        =    -1700.5572
 1-4 VDW =      334.2963  1-4 EEL =     5606.2935  RESTRAINT  =       43.4618
 EAMBER  =    -2652.1717


   NSTEP       ENERGY          RMS            GMAX         NAME    NUMBER
    500      -2.6087E+03     6.1231E-04     5.7395E-03     HD13      332

 BOND    =       31.2613  ANGLE   =      207.4647  DIHED      =     1063.5803
 VDWAALS =     -787.2985  EEL     =    -7407.2501  EGB        =    -1700.5424
 1-4 VDW =      334.3055  1-4 EEL =     5606.2955  RESTRAINT  =       43.4721
 EAMBER  =    -2652.1837


   NSTEP       ENERGY          RMS            GMAX         NAME    NUMBER
    600      -2.6087E+03     3.6039E-04     3.6671E-03     CA         37

 BOND    =       31.2620  ANGLE   =      207.4654  DIHED      =     1063.5795
 VDWAALS =     -787.3009  EEL     =    -7407.2564  EGB        =    -1700.5406
 1-4 VDW =      334.3040  1-4 EEL =     5606.2991  RESTRAINT  =       43.4763
 EAMBER  =    -2652.1879


   NSTEP       ENERGY          RMS            GMAX         NAME    NUMBER
    700      -2.6087E+03     2.0984E-04     3.5519E-03     CG        231

 BOND    =       31.2617  ANGLE   =      207.4654  DIHED      =     1063.5794
 VDWAALS =     -787.3015  EEL     =    -7407.2566  EGB        =    -1700.5405
 1-4 VDW =      334.3040  1-4 EEL =     5606.2997  RESTRAINT  =       43.4767
 EAMBER  =    -2652.1884


                    FINAL RESULTS



   NSTEP       ENERGY          RMS            GMAX         NAME    NUMBER
    725      -2.6087E+03     9.8733E-05     2.0660E-03     HD11      330

 BOND    =       31.2619  ANGLE   =      207.4655  DIHED      =     1063.5793
 VDWAALS =     -787.3017  EEL     =    -7407.2569  EGB        =    -1700.5406
 1-4 VDW =      334.3040  1-4 EEL =     5606.2998  RESTRAINT  =       43.4769
 EAMBER  =    -2652.1886

--------------------------------------------------------------------------------
   5.  TIMINGS
--------------------------------------------------------------------------------

|                Calc gb radii             42.71 (20.35% of Gen B)
|                Calc gb diag              79.03 (37.67% of Gen B)
|                Calc gb off-diag          88.07 (41.98% of Gen B)
|             Gen Born time            209.81 (100.0% of Nonbo)
|          Nonbond force            209.81 (99.29% of Force)
|          Bond/Angle/Dihedral        1.49 ( 0.70% of Force)
|       Force time               211.31 (100.0% of Runmd)
|    Runmd Time               211.31 (99.65% of Total)
|    Other                      0.74 ( 0.35% of Total)
| Total time               212.05 (100.0% of ALL  )

| Number of list builds   :          0

| Highest rstack allocated:          0
| Highest istack allocated:          0
|           Job began  at 14:34:10.129  on 02/03/2016
|           Setup done at 14:34:10.218  on 02/03/2016
|           Run   done at 14:37:42.182  on 02/03/2016
|     wallclock() was called   13078 times
