
          -------------------------------------------------------
          Amber 14 SANDER                              2014
          -------------------------------------------------------

| Run on 02/03/2016 at 14:16:22

|   Executable path: sander
| Working directory: /lustre/cs1500/scratch/kmb413/RealDecoyDisc/DecoyDiscrimination/decoys.set2.init/1aaj/Rosetta_relaxed
|          Hostname: slepner15


File Assignments:
|  MDIN: /scratch/kmb413/RealDecoyDisc/DecoyDiscrimination/scripts/min/min.in  
| MDOUT: NoH_4_empty_tag_610_0001_0001.out                                     
|INPCRD: NoH_4_empty_tag_610_0001_0001.rst7                                    
|  PARM: NoH_4_empty_tag_610_0001_0001.parm7                                   
|RESTRT: min_NoH_4_empty_tag_610_0001_0001.rst7                                
|  REFC: NoH_4_empty_tag_610_0001_0001.rst7                                    
| MDVEL: mdvel                                                                 
| MDFRC: mdfrc                                                                 
|  MDEN: mden                                                                  
| MDCRD: mdcrd                                                                 
|MDINFO: mdinfo                                                                
|  MTMD: mtmd                                                                  
|INPDIP: inpdip                                                                
|RSTDIP: rstdip                                                                
|INPTRA: inptraj                                                               


 Here is the input file:

                                                                               
&cntrl                                                                         
    imin = 1, maxcyc=1000,                                                     
    ntx = 1,                                                                   
    ntwr = 100, ntpr = 100,                                                    
    cut = 999.0,                                                               
    ntb = 0, igb = 8,                                                          
    ntr = 1, restraint_wt = 10, restraintmask = "!@H=",                        
/                                                                              

--------------------------------------------------------------------------------
   1.  RESOURCE   USE: 
--------------------------------------------------------------------------------

| Flags:                                                                        
| New format PARM file being parsed.
| Version =    1.000 Date = 02/03/16 Time = 11:52:03
 NATOM  =    1590 NTYPES =      14 NBONH =     791 MBONA  =     820
 NTHETH =    1812 MTHETA =    1115 NPHIH =    3578 MPHIA  =    3525
 NHPARM =       0 NPARM  =       0 NNB   =    8805 NRES   =     104
 NBONA  =     820 NTHETA =    1115 NPHIA =    3525 NUMBND =      65
 NUMANG =     152 NPTRA  =     189 NATYP =      33 NPHB   =       0
 IFBOX  =       0 NMXRS  =      24 IFCAP =       0 NEXTRA =       0
 NCOPY  =       0

 Implicit solvent radii are ArgH and AspGluO modified Bondi2 radii (mbondi3)                                
 Replacing prmtop screening parameters with GBn2 (igb=8) values

|     Memory Use     Allocated
|     Real              145027
|     Hollerith           4876
|     Integer           109197
|     Max Pairs              1
|     nblistReal             0
|     nblist Int             0
|       Total             1578 kbytes

| Note: 1-4 EEL scale factors are being read from the topology file.

| Note: 1-4 VDW scale factors are being read from the topology file.
| Duplicated    0 dihedrals
| Duplicated    0 dihedrals

--------------------------------------------------------------------------------
   2.  CONTROL  DATA  FOR  THE  RUN
--------------------------------------------------------------------------------

default_name                                                                    

General flags:
     imin    =       1, nmropt  =       0

Nature and format of input:
     ntx     =       1, irest   =       0, ntrx    =       1

Nature and format of output:
     ntxo    =       1, ntpr    =     100, ntrx    =       1, ntwr    =     100
     iwrap   =       0, ntwx    =       0, ntwv    =       0, ntwe    =       0
     ioutfm  =       0, ntwprt  =       0, idecomp =       0, rbornstat=      0

Potential function:
     ntf     =       1, ntb     =       0, igb     =       8, nsnb    =      25
     ipol    =       0, gbsa    =       0, iesp    =       0
     dielc   =   1.00000, cut     = 999.00000, intdiel =   1.00000
     saltcon =   0.00000, offset  =   0.19514, surften =   0.00500
     rdt     =   0.00000, rgbmax  =  25.00000  extdiel =  78.50000
     alpb  =        0
     gbalphaH  =   0.78844, gbbetaH   =   0.79870,  gbgammaH  =    0.43733
     gbalphaC  =   0.73376, gbbetaC   =   0.50638,  gbgammaC  =    0.20584
     gbalphaN  =   0.50336, gbbetaN   =   0.31683,  gbgammaN  =    0.19292
     gbalphaOS =   0.86781, gbbetaOS  =   0.87664,  gbgammaOS =    0.38788
     gbalphaP  =   1.00000, gbbetaP   =   0.80000,  gbgammaP  =    4.85000
     gb_alpha_hnu  =   0.53705, gb_beta_hnu   =   0.36286,  gb_gamma_hnu  =    0.11670
     gb_alpha_cnu  =   0.33167, gb_beta_cnu   =   0.19684,  gb_gamma_cnu  =    0.09342
     gb_alpha_nnu  =   0.68631, gb_beta_nnu   =   0.46319,  gb_gamma_nnu  =    0.13872
     gb_alpha_onu  =   0.60634, gb_beta_onu   =   0.46301,  gb_gamma_onu  =    0.14226
     gb_alpha_pnu  =   0.41836, gb_beta_pnu   =   0.29005,  gb_gamma_pnu  =    0.10642

Frozen or restrained atoms:
     ibelly  =       0, ntr     =       1
     restraint_wt =  10.00000

Energy minimization:
     maxcyc  =    1000, ncyc    =      10, ntmin   =       1
     dx0     =   0.01000, drms    =   0.00010
|  INFO: Old style inpcrd file read


    LOADING THE CONSTRAINED ATOMS AS GROUPS


   5.  REFERENCE ATOM COORDINATES

  defa
     Mask !@H=; matches   799 atoms

--------------------------------------------------------------------------------
   3.  ATOMIC COORDINATES AND VELOCITIES
--------------------------------------------------------------------------------

default_name                                                                    
 begin time read from input coords =     0.000 ps

 Number of triangulated 3-point waters found:        0

--------------------------------------------------------------------------------
   4.  RESULTS
--------------------------------------------------------------------------------



   NSTEP       ENERGY          RMS            GMAX         NAME    NUMBER
      1      -2.2085E+03     9.1163E+00     6.3379E+01     OXT      1590

 BOND    =       70.3927  ANGLE   =      211.1911  DIHED      =     1077.7991
 VDWAALS =     -633.8260  EEL     =    -7206.6315  EGB        =    -1874.4774
 1-4 VDW =      442.7820  1-4 EEL =     5704.3031  RESTRAINT  =        0.0000


   NSTEP       ENERGY          RMS            GMAX         NAME    NUMBER
    100      -2.5729E+03     3.1336E-01     3.4415E+00     C        1588

 BOND    =       31.4301  ANGLE   =      206.7467  DIHED      =     1082.2181
 VDWAALS =     -785.9219  EEL     =    -7196.2405  EGB        =    -1898.0945
 1-4 VDW =      331.5438  1-4 EEL =     5613.1782  RESTRAINT  =       42.2764
 EAMBER  =    -2615.1400


   NSTEP       ENERGY          RMS            GMAX         NAME    NUMBER
    200      -2.5790E+03     1.3142E-01     1.1936E+00     HG1      1389

 BOND    =       31.4394  ANGLE   =      207.0910  DIHED      =     1080.8313
 VDWAALS =     -789.5942  EEL     =    -7205.6572  EGB        =    -1893.2251
 1-4 VDW =      331.4384  1-4 EEL =     5614.5251  RESTRAINT  =       44.1575
 EAMBER  =    -2623.1514


   NSTEP       ENERGY          RMS            GMAX         NAME    NUMBER
    300      -2.5801E+03     1.7018E-02     2.4894E-01     N           1

 BOND    =       31.1955  ANGLE   =      206.4636  DIHED      =     1079.7148
 VDWAALS =     -790.4252  EEL     =    -7207.6132  EGB        =    -1891.1355
 1-4 VDW =      332.2005  1-4 EEL =     5615.4353  RESTRAINT  =       44.1029
 EAMBER  =    -2624.1642


   NSTEP       ENERGY          RMS            GMAX         NAME    NUMBER
    400      -2.5801E+03     3.0400E-02     3.8265E-01     N           1

 BOND    =       31.2314  ANGLE   =      206.4330  DIHED      =     1079.9709
 VDWAALS =     -790.5196  EEL     =    -7208.1005  EGB        =    -1890.8368
 1-4 VDW =      332.1851  1-4 EEL =     5615.4049  RESTRAINT  =       44.1278
 EAMBER  =    -2624.2316


   NSTEP       ENERGY          RMS            GMAX         NAME    NUMBER
    500      -2.5858E+03     1.8816E-01     3.5360E+00     HG       1180

 BOND    =       31.4619  ANGLE   =      207.1893  DIHED      =     1080.0590
 VDWAALS =     -789.3909  EEL     =    -7216.6904  EGB        =    -1889.5583
 1-4 VDW =      331.8227  1-4 EEL =     5615.2771  RESTRAINT  =       44.0167
 EAMBER  =    -2629.8297


   NSTEP       ENERGY          RMS            GMAX         NAME    NUMBER
    600      -2.5920E+03     4.1884E-02     7.9195E-01     CD       1119

 BOND    =       31.4735  ANGLE   =      206.7603  DIHED      =     1079.0393
 VDWAALS =     -787.5625  EEL     =    -7224.6204  EGB        =    -1888.5557
 1-4 VDW =      332.2319  1-4 EEL =     5615.9800  RESTRAINT  =       43.2557
 EAMBER  =    -2635.2536


   NSTEP       ENERGY          RMS            GMAX         NAME    NUMBER
    700      -2.5922E+03     9.1418E-02     2.9595E+00     HG1       635

 BOND    =       31.7033  ANGLE   =      207.0268  DIHED      =     1079.0589
 VDWAALS =     -787.8587  EEL     =    -7226.5555  EGB        =    -1887.6252
 1-4 VDW =      331.8855  1-4 EEL =     5616.6344  RESTRAINT  =       43.5357
 EAMBER  =    -2635.7306


   NSTEP       ENERGY          RMS            GMAX         NAME    NUMBER
    800      -2.5933E+03     4.9953E-02     1.0387E+00     OG1       634

 BOND    =       31.5297  ANGLE   =      206.7155  DIHED      =     1077.6728
 VDWAALS =     -787.7878  EEL     =    -7227.5897  EGB        =    -1886.7818
 1-4 VDW =      332.2389  1-4 EEL =     5617.3608  RESTRAINT  =       43.3511
 EAMBER  =    -2636.6417

     ... RESTARTED DUE TO LINMIN FAILURE ...


   NSTEP       ENERGY          RMS            GMAX         NAME    NUMBER
    900      -2.5933E+03     2.9258E-03     7.8208E-02     HG1       635

 BOND    =       31.4049  ANGLE   =      206.5539  DIHED      =     1077.5154
 VDWAALS =     -787.5094  EEL     =    -7227.6668  EGB        =    -1886.7783
 1-4 VDW =      332.4912  1-4 EEL =     5617.4517  RESTRAINT  =       43.1877
 EAMBER  =    -2636.5374


   NSTEP       ENERGY          RMS            GMAX         NAME    NUMBER
   1000      -2.5934E+03     2.9520E-04     3.8252E-03     OG1       604

 BOND    =       31.4046  ANGLE   =      206.5527  DIHED      =     1077.4998
 VDWAALS =     -787.5106  EEL     =    -7227.6684  EGB        =    -1886.7814
 1-4 VDW =      332.4954  1-4 EEL =     5617.4651  RESTRAINT  =       43.1922
 EAMBER  =    -2636.5428


  Maximum number of minimization cycles reached.


                    FINAL RESULTS



   NSTEP       ENERGY          RMS            GMAX         NAME    NUMBER
   1000      -2.5934E+03     2.9520E-04     3.8252E-03     OG1       604

 BOND    =       31.4046  ANGLE   =      206.5527  DIHED      =     1077.4998
 VDWAALS =     -787.5106  EEL     =    -7227.6684  EGB        =    -1886.7814
 1-4 VDW =      332.4954  1-4 EEL =     5617.4651  RESTRAINT  =       43.1922
 EAMBER  =    -2636.5428

--------------------------------------------------------------------------------
   5.  TIMINGS
--------------------------------------------------------------------------------

|                Calc gb radii             57.85 (20.14% of Gen B)
|                Calc gb diag             106.69 (37.15% of Gen B)
|                Calc gb off-diag         122.65 (42.71% of Gen B)
|             Gen Born time            287.19 (100.0% of Nonbo)
|          Nonbond force            287.20 (99.27% of Force)
|          Bond/Angle/Dihedral        2.09 ( 0.72% of Force)
|          Other                      0.02 ( 0.01% of Force)
|       Force time               289.30 (100.0% of Runmd)
|    Runmd Time               289.30 (99.74% of Total)
|    Other                      0.75 ( 0.26% of Total)
| Total time               290.05 (100.0% of ALL  )

| Number of list builds   :          0

| Highest rstack allocated:          0
| Highest istack allocated:          0
|           Job began  at 14:16:22.004  on 02/03/2016
|           Setup done at 14:16:22.096  on 02/03/2016
|           Run   done at 14:21:12.051  on 02/03/2016
|     wallclock() was called   18028 times
