
          -------------------------------------------------------
          Amber 14 SANDER                              2014
          -------------------------------------------------------

| Run on 02/03/2016 at 12:12:14

|   Executable path: sander
| Working directory: /lustre/cs1500/scratch/kmb413/RealDecoyDisc/DecoyDiscrimination/decoys.set2.init/1aaj/Rosetta_relaxed
|          Hostname: slepner13


File Assignments:
|  MDIN: /scratch/kmb413/RealDecoyDisc/DecoyDiscrimination/scripts/min/min.in  
| MDOUT: NoH_3_empty_tag_1_898_0001.out                                        
|INPCRD: NoH_3_empty_tag_1_898_0001.rst7                                       
|  PARM: NoH_3_empty_tag_1_898_0001.parm7                                      
|RESTRT: min_NoH_3_empty_tag_1_898_0001.rst7                                   
|  REFC: NoH_3_empty_tag_1_898_0001.rst7                                       
| MDVEL: mdvel                                                                 
| MDFRC: mdfrc                                                                 
|  MDEN: mden                                                                  
| MDCRD: mdcrd                                                                 
|MDINFO: mdinfo                                                                
|  MTMD: mtmd                                                                  
|INPDIP: inpdip                                                                
|RSTDIP: rstdip                                                                
|INPTRA: inptraj                                                               


 Here is the input file:

                                                                               
&cntrl                                                                         
    imin = 1, maxcyc=1000,                                                     
    ntx = 1,                                                                   
    ntwr = 100, ntpr = 100,                                                    
    cut = 999.0,                                                               
    ntb = 0, igb = 8,                                                          
    ntr = 1, restraint_wt = 10, restraintmask = "!@H=",                        
/                                                                              

--------------------------------------------------------------------------------
   1.  RESOURCE   USE: 
--------------------------------------------------------------------------------

| Flags:                                                                        
| New format PARM file being parsed.
| Version =    1.000 Date = 02/03/16 Time = 11:49:43
 NATOM  =    1590 NTYPES =      14 NBONH =     791 MBONA  =     820
 NTHETH =    1812 MTHETA =    1115 NPHIH =    3578 MPHIA  =    3525
 NHPARM =       0 NPARM  =       0 NNB   =    8805 NRES   =     104
 NBONA  =     820 NTHETA =    1115 NPHIA =    3525 NUMBND =      65
 NUMANG =     152 NPTRA  =     189 NATYP =      33 NPHB   =       0
 IFBOX  =       0 NMXRS  =      24 IFCAP =       0 NEXTRA =       0
 NCOPY  =       0

 Implicit solvent radii are ArgH and AspGluO modified Bondi2 radii (mbondi3)                                
 Replacing prmtop screening parameters with GBn2 (igb=8) values

|     Memory Use     Allocated
|     Real              145027
|     Hollerith           4876
|     Integer           109197
|     Max Pairs              1
|     nblistReal             0
|     nblist Int             0
|       Total             1578 kbytes

| Note: 1-4 EEL scale factors are being read from the topology file.

| Note: 1-4 VDW scale factors are being read from the topology file.
| Duplicated    0 dihedrals
| Duplicated    0 dihedrals

--------------------------------------------------------------------------------
   2.  CONTROL  DATA  FOR  THE  RUN
--------------------------------------------------------------------------------

default_name                                                                    

General flags:
     imin    =       1, nmropt  =       0

Nature and format of input:
     ntx     =       1, irest   =       0, ntrx    =       1

Nature and format of output:
     ntxo    =       1, ntpr    =     100, ntrx    =       1, ntwr    =     100
     iwrap   =       0, ntwx    =       0, ntwv    =       0, ntwe    =       0
     ioutfm  =       0, ntwprt  =       0, idecomp =       0, rbornstat=      0

Potential function:
     ntf     =       1, ntb     =       0, igb     =       8, nsnb    =      25
     ipol    =       0, gbsa    =       0, iesp    =       0
     dielc   =   1.00000, cut     = 999.00000, intdiel =   1.00000
     saltcon =   0.00000, offset  =   0.19514, surften =   0.00500
     rdt     =   0.00000, rgbmax  =  25.00000  extdiel =  78.50000
     alpb  =        0
     gbalphaH  =   0.78844, gbbetaH   =   0.79870,  gbgammaH  =    0.43733
     gbalphaC  =   0.73376, gbbetaC   =   0.50638,  gbgammaC  =    0.20584
     gbalphaN  =   0.50336, gbbetaN   =   0.31683,  gbgammaN  =    0.19292
     gbalphaOS =   0.86781, gbbetaOS  =   0.87664,  gbgammaOS =    0.38788
     gbalphaP  =   1.00000, gbbetaP   =   0.80000,  gbgammaP  =    4.85000
     gb_alpha_hnu  =   0.53705, gb_beta_hnu   =   0.36286,  gb_gamma_hnu  =    0.11670
     gb_alpha_cnu  =   0.33167, gb_beta_cnu   =   0.19684,  gb_gamma_cnu  =    0.09342
     gb_alpha_nnu  =   0.68631, gb_beta_nnu   =   0.46319,  gb_gamma_nnu  =    0.13872
     gb_alpha_onu  =   0.60634, gb_beta_onu   =   0.46301,  gb_gamma_onu  =    0.14226
     gb_alpha_pnu  =   0.41836, gb_beta_pnu   =   0.29005,  gb_gamma_pnu  =    0.10642

Frozen or restrained atoms:
     ibelly  =       0, ntr     =       1
     restraint_wt =  10.00000

Energy minimization:
     maxcyc  =    1000, ncyc    =      10, ntmin   =       1
     dx0     =   0.01000, drms    =   0.00010
|  INFO: Old style inpcrd file read


    LOADING THE CONSTRAINED ATOMS AS GROUPS


   5.  REFERENCE ATOM COORDINATES

  defa
     Mask !@H=; matches   799 atoms

--------------------------------------------------------------------------------
   3.  ATOMIC COORDINATES AND VELOCITIES
--------------------------------------------------------------------------------

default_name                                                                    
 begin time read from input coords =     0.000 ps

 Number of triangulated 3-point waters found:        0

--------------------------------------------------------------------------------
   4.  RESULTS
--------------------------------------------------------------------------------



   NSTEP       ENERGY          RMS            GMAX         NAME    NUMBER
      1      -2.1800E+03     9.1629E+00     6.7480E+01     OXT      1590

 BOND    =       69.9942  ANGLE   =      211.4881  DIHED      =     1082.2206
 VDWAALS =     -642.0221  EEL     =    -7310.8754  EGB        =    -1753.3969
 1-4 VDW =      443.4216  1-4 EEL =     5719.1587  RESTRAINT  =        0.0000


   NSTEP       ENERGY          RMS            GMAX         NAME    NUMBER
    100      -2.5597E+03     3.8659E-01     3.8358E+00     HG1      1389

 BOND    =       31.1033  ANGLE   =      209.7242  DIHED      =     1083.9471
 VDWAALS =     -802.7042  EEL     =    -7316.4060  EGB        =    -1772.7056
 1-4 VDW =      330.9262  1-4 EEL =     5631.9031  RESTRAINT  =       44.5463
 EAMBER  =    -2604.2119


   NSTEP       ENERGY          RMS            GMAX         NAME    NUMBER
    200      -2.5644E+03     6.9262E-02     7.4977E-01     H2          3

 BOND    =       30.8394  ANGLE   =      209.7760  DIHED      =     1083.3638
 VDWAALS =     -806.3346  EEL     =    -7322.7085  EGB        =    -1770.6670
 1-4 VDW =      331.2488  1-4 EEL =     5633.8984  RESTRAINT  =       46.1587
 EAMBER  =    -2610.5837


   NSTEP       ENERGY          RMS            GMAX         NAME    NUMBER
    300      -2.5704E+03     2.2449E-01     3.4945E+00     HG1       605

 BOND    =       31.6123  ANGLE   =      211.4757  DIHED      =     1081.4943
 VDWAALS =     -807.0050  EEL     =    -7324.0622  EGB        =    -1773.4523
 1-4 VDW =      329.5590  1-4 EEL =     5632.4707  RESTRAINT  =       47.5444
 EAMBER  =    -2617.9075


   NSTEP       ENERGY          RMS            GMAX         NAME    NUMBER
    400      -2.5719E+03     2.3332E-02     3.6706E-01     OG1       604

 BOND    =       30.7435  ANGLE   =      209.5277  DIHED      =     1080.6117
 VDWAALS =     -805.5818  EEL     =    -7325.6069  EGB        =    -1773.7662
 1-4 VDW =      331.8865  1-4 EEL =     5634.5010  RESTRAINT  =       45.8314
 EAMBER  =    -2617.6845


   NSTEP       ENERGY          RMS            GMAX         NAME    NUMBER
    500      -2.5719E+03     1.4918E-02     2.5377E-01     CD        103

 BOND    =       30.7321  ANGLE   =      209.5155  DIHED      =     1080.6799
 VDWAALS =     -805.6865  EEL     =    -7325.6338  EGB        =    -1773.8443
 1-4 VDW =      331.9249  1-4 EEL =     5634.5843  RESTRAINT  =       45.8434
 EAMBER  =    -2617.7280


   NSTEP       ENERGY          RMS            GMAX         NAME    NUMBER
    600      -2.5719E+03     6.3750E-03     8.4956E-02     CB          7

 BOND    =       30.7251  ANGLE   =      209.5262  DIHED      =     1080.7519
 VDWAALS =     -805.8058  EEL     =    -7325.6838  EGB        =    -1773.8298
 1-4 VDW =      331.9463  1-4 EEL =     5634.5989  RESTRAINT  =       45.8664
 EAMBER  =    -2617.7709


   NSTEP       ENERGY          RMS            GMAX         NAME    NUMBER
    700      -2.5719E+03     3.1685E-03     4.0550E-02     CA        596

 BOND    =       30.7183  ANGLE   =      209.5313  DIHED      =     1080.8150
 VDWAALS =     -805.9053  EEL     =    -7325.7522  EGB        =    -1773.7880
 1-4 VDW =      331.9637  1-4 EEL =     5634.6111  RESTRAINT  =       45.8902
 EAMBER  =    -2617.8061

     ... RESTARTED DUE TO LINMIN FAILURE ...

     ... RESTARTED DUE TO LINMIN FAILURE ...


   NSTEP       ENERGY          RMS            GMAX         NAME    NUMBER
    800       1.2098E+11     4.1262E+08     1.4401E+10     H         609

 BOND    = *************  ANGLE   =    54665.8002  DIHED      =     2032.6895
 VDWAALS = *************  EEL     =    -6199.7641  EGB        =    -3735.0949
 1-4 VDW =  2522633.6779  1-4 EEL =     5002.3614  RESTRAINT  = *************
 EAMBER  = *************


   NSTEP       ENERGY          RMS            GMAX         NAME    NUMBER
    900       3.6471E+09     4.1205E+08     1.9308E+10     HG22      533

 BOND    = *************  ANGLE   =    76657.6238  DIHED      =     2855.4166
 VDWAALS = *************  EEL     =    -5925.1934  EGB        =    -4661.7699
 1-4 VDW =   176988.9916  1-4 EEL =     3997.8071  RESTRAINT  = 15032280.5075
 EAMBER  = *************


   NSTEP       ENERGY          RMS            GMAX         NAME    NUMBER
   1000       1.7004E+09     6.5680E+05     2.5492E+07     CB        612

 BOND    = *************  ANGLE   =    88814.2554  DIHED      =     3159.2662
 VDWAALS =  3545717.8381  EEL     =    -5351.9825  EGB        =    -5409.0604
 1-4 VDW =   636562.9239  1-4 EEL =     3799.0135  RESTRAINT  =  9048513.8280
 EAMBER  = *************


  Maximum number of minimization cycles reached.


                    FINAL RESULTS



   NSTEP       ENERGY          RMS            GMAX         NAME    NUMBER
   1000       1.7004E+09     6.5680E+05     2.5492E+07     CB        612

 BOND    = *************  ANGLE   =    88814.2554  DIHED      =     3159.2662
 VDWAALS =  3545717.8381  EEL     =    -5351.9825  EGB        =    -5409.0604
 1-4 VDW =   636562.9239  1-4 EEL =     3799.0135  RESTRAINT  =  9048513.8280
 EAMBER  = *************

--------------------------------------------------------------------------------
   5.  TIMINGS
--------------------------------------------------------------------------------

|                Calc gb radii             57.67 (19.99% of Gen B)
|                Calc gb diag             107.20 (37.15% of Gen B)
|                Calc gb off-diag         123.66 (42.86% of Gen B)
|             Gen Born time            288.54 (100.0% of Nonbo)
|          Nonbond force            288.54 (99.27% of Force)
|          Bond/Angle/Dihedral        2.09 ( 0.72% of Force)
|          Other                      0.02 ( 0.01% of Force)
|       Force time               290.65 (100.0% of Runmd)
|    Runmd Time               290.65 (99.68% of Total)
|    Other                      0.92 ( 0.31% of Total)
| Total time               291.57 (100.0% of ALL  )

| Number of list builds   :          0

| Highest rstack allocated:          0
| Highest istack allocated:          0
|           Job began  at 12:12:14.867  on 02/03/2016
|           Setup done at 12:12:14.918  on 02/03/2016
|           Run   done at 12:17:06.438  on 02/03/2016
|     wallclock() was called   18028 times
