
          -------------------------------------------------------
          Amber 14 SANDER                              2014
          -------------------------------------------------------

| Run on 02/03/2016 at 14:42:28

|   Executable path: sander
| Working directory: /lustre/cs1500/scratch/kmb413/RealDecoyDisc/DecoyDiscrimination/decoys.set2.init/1aaj/Rosetta_relaxed
|          Hostname: slepner13


File Assignments:
|  MDIN: /scratch/kmb413/RealDecoyDisc/DecoyDiscrimination/scripts/min/min.in  
| MDOUT: NoH_1_empty_tag_529_0001_0001.out                                     
|INPCRD: NoH_1_empty_tag_529_0001_0001.rst7                                    
|  PARM: NoH_1_empty_tag_529_0001_0001.parm7                                   
|RESTRT: min_NoH_1_empty_tag_529_0001_0001.rst7                                
|  REFC: NoH_1_empty_tag_529_0001_0001.rst7                                    
| MDVEL: mdvel                                                                 
| MDFRC: mdfrc                                                                 
|  MDEN: mden                                                                  
| MDCRD: mdcrd                                                                 
|MDINFO: mdinfo                                                                
|  MTMD: mtmd                                                                  
|INPDIP: inpdip                                                                
|RSTDIP: rstdip                                                                
|INPTRA: inptraj                                                               


 Here is the input file:

                                                                               
&cntrl                                                                         
    imin = 1, maxcyc=1000,                                                     
    ntx = 1,                                                                   
    ntwr = 100, ntpr = 100,                                                    
    cut = 999.0,                                                               
    ntb = 0, igb = 8,                                                          
    ntr = 1, restraint_wt = 10, restraintmask = "!@H=",                        
/                                                                              

--------------------------------------------------------------------------------
   1.  RESOURCE   USE: 
--------------------------------------------------------------------------------

| Flags:                                                                        
| New format PARM file being parsed.
| Version =    1.000 Date = 02/03/16 Time = 11:46:02
 NATOM  =    1590 NTYPES =      14 NBONH =     791 MBONA  =     820
 NTHETH =    1812 MTHETA =    1115 NPHIH =    3578 MPHIA  =    3525
 NHPARM =       0 NPARM  =       0 NNB   =    8805 NRES   =     104
 NBONA  =     820 NTHETA =    1115 NPHIA =    3525 NUMBND =      65
 NUMANG =     152 NPTRA  =     189 NATYP =      33 NPHB   =       0
 IFBOX  =       0 NMXRS  =      24 IFCAP =       0 NEXTRA =       0
 NCOPY  =       0

 Implicit solvent radii are ArgH and AspGluO modified Bondi2 radii (mbondi3)                                
 Replacing prmtop screening parameters with GBn2 (igb=8) values

|     Memory Use     Allocated
|     Real              145027
|     Hollerith           4876
|     Integer           109197
|     Max Pairs              1
|     nblistReal             0
|     nblist Int             0
|       Total             1578 kbytes

| Note: 1-4 EEL scale factors are being read from the topology file.

| Note: 1-4 VDW scale factors are being read from the topology file.
| Duplicated    0 dihedrals
| Duplicated    0 dihedrals

--------------------------------------------------------------------------------
   2.  CONTROL  DATA  FOR  THE  RUN
--------------------------------------------------------------------------------

default_name                                                                    

General flags:
     imin    =       1, nmropt  =       0

Nature and format of input:
     ntx     =       1, irest   =       0, ntrx    =       1

Nature and format of output:
     ntxo    =       1, ntpr    =     100, ntrx    =       1, ntwr    =     100
     iwrap   =       0, ntwx    =       0, ntwv    =       0, ntwe    =       0
     ioutfm  =       0, ntwprt  =       0, idecomp =       0, rbornstat=      0

Potential function:
     ntf     =       1, ntb     =       0, igb     =       8, nsnb    =      25
     ipol    =       0, gbsa    =       0, iesp    =       0
     dielc   =   1.00000, cut     = 999.00000, intdiel =   1.00000
     saltcon =   0.00000, offset  =   0.19514, surften =   0.00500
     rdt     =   0.00000, rgbmax  =  25.00000  extdiel =  78.50000
     alpb  =        0
     gbalphaH  =   0.78844, gbbetaH   =   0.79870,  gbgammaH  =    0.43733
     gbalphaC  =   0.73376, gbbetaC   =   0.50638,  gbgammaC  =    0.20584
     gbalphaN  =   0.50336, gbbetaN   =   0.31683,  gbgammaN  =    0.19292
     gbalphaOS =   0.86781, gbbetaOS  =   0.87664,  gbgammaOS =    0.38788
     gbalphaP  =   1.00000, gbbetaP   =   0.80000,  gbgammaP  =    4.85000
     gb_alpha_hnu  =   0.53705, gb_beta_hnu   =   0.36286,  gb_gamma_hnu  =    0.11670
     gb_alpha_cnu  =   0.33167, gb_beta_cnu   =   0.19684,  gb_gamma_cnu  =    0.09342
     gb_alpha_nnu  =   0.68631, gb_beta_nnu   =   0.46319,  gb_gamma_nnu  =    0.13872
     gb_alpha_onu  =   0.60634, gb_beta_onu   =   0.46301,  gb_gamma_onu  =    0.14226
     gb_alpha_pnu  =   0.41836, gb_beta_pnu   =   0.29005,  gb_gamma_pnu  =    0.10642

Frozen or restrained atoms:
     ibelly  =       0, ntr     =       1
     restraint_wt =  10.00000

Energy minimization:
     maxcyc  =    1000, ncyc    =      10, ntmin   =       1
     dx0     =   0.01000, drms    =   0.00010
|  INFO: Old style inpcrd file read


    LOADING THE CONSTRAINED ATOMS AS GROUPS


   5.  REFERENCE ATOM COORDINATES

  defa
     Mask !@H=; matches   799 atoms

--------------------------------------------------------------------------------
   3.  ATOMIC COORDINATES AND VELOCITIES
--------------------------------------------------------------------------------

default_name                                                                    
 begin time read from input coords =     0.000 ps

 Number of triangulated 3-point waters found:        0

--------------------------------------------------------------------------------
   4.  RESULTS
--------------------------------------------------------------------------------



   NSTEP       ENERGY          RMS            GMAX         NAME    NUMBER
      1      -2.2152E+03     9.1012E+00     6.0634E+01     OE1       945

 BOND    =       69.8637  ANGLE   =      211.1581  DIHED      =     1079.1079
 VDWAALS =     -647.5635  EEL     =    -7506.4805  EGB        =    -1558.4617
 1-4 VDW =      435.6201  1-4 EEL =     5701.5992  RESTRAINT  =        0.0000


   NSTEP       ENERGY          RMS            GMAX         NAME    NUMBER
    100      -2.5781E+03     3.9733E-01     5.2637E+00     CD        193

 BOND    =       30.4999  ANGLE   =      207.5629  DIHED      =     1080.6989
 VDWAALS =     -792.3286  EEL     =    -7514.5611  EGB        =    -1581.2569
 1-4 VDW =      328.5852  1-4 EEL =     5619.5792  RESTRAINT  =       43.0851
 EAMBER  =    -2621.2205


   NSTEP       ENERGY          RMS            GMAX         NAME    NUMBER
    200      -2.5920E+03     5.6047E-01     9.8569E+00     CD        729

 BOND    =       31.7793  ANGLE   =      209.7072  DIHED      =     1079.9840
 VDWAALS =     -794.4271  EEL     =    -7520.4154  EGB        =    -1586.8657
 1-4 VDW =      327.2017  1-4 EEL =     5616.0478  RESTRAINT  =       44.9650
 EAMBER  =    -2636.9881


   NSTEP       ENERGY          RMS            GMAX         NAME    NUMBER
    300      -2.5990E+03     5.4283E-02     6.7445E-01     CG2       630

 BOND    =       30.3902  ANGLE   =      207.4268  DIHED      =     1077.7850
 VDWAALS =     -792.7551  EEL     =    -7524.8845  EGB        =    -1588.9796
 1-4 VDW =      329.6319  1-4 EEL =     5619.3718  RESTRAINT  =       42.9717
 EAMBER  =    -2642.0134


   NSTEP       ENERGY          RMS            GMAX         NAME    NUMBER
    400      -2.5991E+03     2.4265E-02     2.8839E-01     CD        729

 BOND    =       30.3585  ANGLE   =      207.2999  DIHED      =     1077.9085
 VDWAALS =     -792.9740  EEL     =    -7524.8925  EGB        =    -1589.0604
 1-4 VDW =      329.7978  1-4 EEL =     5619.4910  RESTRAINT  =       42.9903
 EAMBER  =    -2642.0712


   NSTEP       ENERGY          RMS            GMAX         NAME    NUMBER
    500      -2.5991E+03     3.5171E-03     3.9477E-02     CB        628

 BOND    =       30.3462  ANGLE   =      207.2477  DIHED      =     1077.9841
 VDWAALS =     -793.0550  EEL     =    -7524.9184  EGB        =    -1589.0252
 1-4 VDW =      329.8438  1-4 EEL =     5619.4954  RESTRAINT  =       42.9936
 EAMBER  =    -2642.0815


   NSTEP       ENERGY          RMS            GMAX         NAME    NUMBER
    600      -2.5991E+03     1.6356E-03     2.9569E-02     CD        729

 BOND    =       30.3400  ANGLE   =      207.2333  DIHED      =     1077.9934
 VDWAALS =     -793.0537  EEL     =    -7524.9095  EGB        =    -1589.0216
 1-4 VDW =      329.8598  1-4 EEL =     5619.4890  RESTRAINT  =       42.9811
 EAMBER  =    -2642.0693


   NSTEP       ENERGY          RMS            GMAX         NAME    NUMBER
    700      -2.5991E+03     4.0101E-04     4.5574E-03     CG2       630

 BOND    =       30.3401  ANGLE   =      207.2304  DIHED      =     1077.9962
 VDWAALS =     -793.0571  EEL     =    -7524.9098  EGB        =    -1589.0204
 1-4 VDW =      329.8605  1-4 EEL =     5619.4900  RESTRAINT  =       42.9820
 EAMBER  =    -2642.0702


   NSTEP       ENERGY          RMS            GMAX         NAME    NUMBER
    800      -2.5991E+03     2.8793E-04     2.4599E-03     CA         95

 BOND    =       30.3400  ANGLE   =      207.2298  DIHED      =     1077.9984
 VDWAALS =     -793.0602  EEL     =    -7524.9106  EGB        =    -1589.0195
 1-4 VDW =      329.8610  1-4 EEL =     5619.4899  RESTRAINT  =       42.9829
 EAMBER  =    -2642.0711


                    FINAL RESULTS



   NSTEP       ENERGY          RMS            GMAX         NAME    NUMBER
    871      -2.5991E+03     9.6911E-05     1.6998E-03     HD11      330

 BOND    =       30.3399  ANGLE   =      207.2293  DIHED      =     1077.9996
 VDWAALS =     -793.0616  EEL     =    -7524.9109  EGB        =    -1589.0189
 1-4 VDW =      329.8614  1-4 EEL =     5619.4898  RESTRAINT  =       42.9832
 EAMBER  =    -2642.0715

--------------------------------------------------------------------------------
   5.  TIMINGS
--------------------------------------------------------------------------------

|                Calc gb radii             51.65 (20.03% of Gen B)
|                Calc gb diag              98.93 (38.37% of Gen B)
|                Calc gb off-diag         107.27 (41.60% of Gen B)
|             Gen Born time            257.84 (100.0% of Nonbo)
|          Nonbond force            257.84 (99.31% of Force)
|          Bond/Angle/Dihedral        1.79 ( 0.69% of Force)
|       Force time               259.64 (100.0% of Runmd)
|    Runmd Time               259.64 (99.83% of Total)
|    Other                      0.43 ( 0.17% of Total)
| Total time               260.08 (100.0% of ALL  )

| Number of list builds   :          0

| Highest rstack allocated:          0
| Highest istack allocated:          0
|           Job began  at 14:42:28.164  on 02/03/2016
|           Setup done at 14:42:28.247  on 02/03/2016
|           Run   done at 14:46:48.239  on 02/03/2016
|     wallclock() was called   15706 times
