
          -------------------------------------------------------
          Amber 14 SANDER                              2014
          -------------------------------------------------------

| Run on 02/03/2016 at 14:16:16

|   Executable path: sander
| Working directory: /lustre/cs1500/scratch/kmb413/RealDecoyDisc/DecoyDiscrimination/decoys.set2.init/1aaj/Rosetta_relaxed
|          Hostname: slepner30


File Assignments:
|  MDIN: /scratch/kmb413/RealDecoyDisc/DecoyDiscrimination/scripts/min/min.in  
| MDOUT: NoH_3_empty_tag_138_0001_0001.out                                     
|INPCRD: NoH_3_empty_tag_138_0001_0001.rst7                                    
|  PARM: NoH_3_empty_tag_138_0001_0001.parm7                                   
|RESTRT: min_NoH_3_empty_tag_138_0001_0001.rst7                                
|  REFC: NoH_3_empty_tag_138_0001_0001.rst7                                    
| MDVEL: mdvel                                                                 
| MDFRC: mdfrc                                                                 
|  MDEN: mden                                                                  
| MDCRD: mdcrd                                                                 
|MDINFO: mdinfo                                                                
|  MTMD: mtmd                                                                  
|INPDIP: inpdip                                                                
|RSTDIP: rstdip                                                                
|INPTRA: inptraj                                                               


 Here is the input file:

                                                                               
&cntrl                                                                         
    imin = 1, maxcyc=1000,                                                     
    ntx = 1,                                                                   
    ntwr = 100, ntpr = 100,                                                    
    cut = 999.0,                                                               
    ntb = 0, igb = 8,                                                          
    ntr = 1, restraint_wt = 10, restraintmask = "!@H=",                        
/                                                                              

--------------------------------------------------------------------------------
   1.  RESOURCE   USE: 
--------------------------------------------------------------------------------

| Flags:                                                                        
| New format PARM file being parsed.
| Version =    1.000 Date = 02/03/16 Time = 11:49:10
 NATOM  =    1590 NTYPES =      14 NBONH =     791 MBONA  =     820
 NTHETH =    1812 MTHETA =    1115 NPHIH =    3578 MPHIA  =    3525
 NHPARM =       0 NPARM  =       0 NNB   =    8805 NRES   =     104
 NBONA  =     820 NTHETA =    1115 NPHIA =    3525 NUMBND =      65
 NUMANG =     152 NPTRA  =     189 NATYP =      33 NPHB   =       0
 IFBOX  =       0 NMXRS  =      24 IFCAP =       0 NEXTRA =       0
 NCOPY  =       0

 Implicit solvent radii are ArgH and AspGluO modified Bondi2 radii (mbondi3)                                
 Replacing prmtop screening parameters with GBn2 (igb=8) values

|     Memory Use     Allocated
|     Real              145027
|     Hollerith           4876
|     Integer           109197
|     Max Pairs              1
|     nblistReal             0
|     nblist Int             0
|       Total             1578 kbytes

| Note: 1-4 EEL scale factors are being read from the topology file.

| Note: 1-4 VDW scale factors are being read from the topology file.
| Duplicated    0 dihedrals
| Duplicated    0 dihedrals

--------------------------------------------------------------------------------
   2.  CONTROL  DATA  FOR  THE  RUN
--------------------------------------------------------------------------------

default_name                                                                    

General flags:
     imin    =       1, nmropt  =       0

Nature and format of input:
     ntx     =       1, irest   =       0, ntrx    =       1

Nature and format of output:
     ntxo    =       1, ntpr    =     100, ntrx    =       1, ntwr    =     100
     iwrap   =       0, ntwx    =       0, ntwv    =       0, ntwe    =       0
     ioutfm  =       0, ntwprt  =       0, idecomp =       0, rbornstat=      0

Potential function:
     ntf     =       1, ntb     =       0, igb     =       8, nsnb    =      25
     ipol    =       0, gbsa    =       0, iesp    =       0
     dielc   =   1.00000, cut     = 999.00000, intdiel =   1.00000
     saltcon =   0.00000, offset  =   0.19514, surften =   0.00500
     rdt     =   0.00000, rgbmax  =  25.00000  extdiel =  78.50000
     alpb  =        0
     gbalphaH  =   0.78844, gbbetaH   =   0.79870,  gbgammaH  =    0.43733
     gbalphaC  =   0.73376, gbbetaC   =   0.50638,  gbgammaC  =    0.20584
     gbalphaN  =   0.50336, gbbetaN   =   0.31683,  gbgammaN  =    0.19292
     gbalphaOS =   0.86781, gbbetaOS  =   0.87664,  gbgammaOS =    0.38788
     gbalphaP  =   1.00000, gbbetaP   =   0.80000,  gbgammaP  =    4.85000
     gb_alpha_hnu  =   0.53705, gb_beta_hnu   =   0.36286,  gb_gamma_hnu  =    0.11670
     gb_alpha_cnu  =   0.33167, gb_beta_cnu   =   0.19684,  gb_gamma_cnu  =    0.09342
     gb_alpha_nnu  =   0.68631, gb_beta_nnu   =   0.46319,  gb_gamma_nnu  =    0.13872
     gb_alpha_onu  =   0.60634, gb_beta_onu   =   0.46301,  gb_gamma_onu  =    0.14226
     gb_alpha_pnu  =   0.41836, gb_beta_pnu   =   0.29005,  gb_gamma_pnu  =    0.10642

Frozen or restrained atoms:
     ibelly  =       0, ntr     =       1
     restraint_wt =  10.00000

Energy minimization:
     maxcyc  =    1000, ncyc    =      10, ntmin   =       1
     dx0     =   0.01000, drms    =   0.00010
|  INFO: Old style inpcrd file read


    LOADING THE CONSTRAINED ATOMS AS GROUPS


   5.  REFERENCE ATOM COORDINATES

  defa
     Mask !@H=; matches   799 atoms

--------------------------------------------------------------------------------
   3.  ATOMIC COORDINATES AND VELOCITIES
--------------------------------------------------------------------------------

default_name                                                                    
 begin time read from input coords =     0.000 ps

 Number of triangulated 3-point waters found:        0

--------------------------------------------------------------------------------
   4.  RESULTS
--------------------------------------------------------------------------------



   NSTEP       ENERGY          RMS            GMAX         NAME    NUMBER
      1      -2.2295E+03     9.0652E+00     6.5065E+01     OXT      1590

 BOND    =       70.1931  ANGLE   =      211.0704  DIHED      =     1073.8949
 VDWAALS =     -675.1602  EEL     =    -7466.1870  EGB        =    -1575.7304
 1-4 VDW =      437.8736  1-4 EEL =     5694.5926  RESTRAINT  =        0.0000


   NSTEP       ENERGY          RMS            GMAX         NAME    NUMBER
    100      -2.5857E+03     4.7385E-01     4.5229E+00     CE2       650

 BOND    =       31.9846  ANGLE   =      206.0323  DIHED      =     1078.6652
 VDWAALS =     -805.2521  EEL     =    -7479.0057  EGB        =    -1597.0101
 1-4 VDW =      327.9988  1-4 EEL =     5609.2116  RESTRAINT  =       41.6286
 EAMBER  =    -2627.3754


   NSTEP       ENERGY          RMS            GMAX         NAME    NUMBER
    200      -2.6029E+03     6.1163E-01     1.6485E+01     OG1       604

 BOND    =       33.2322  ANGLE   =      206.5026  DIHED      =     1075.0909
 VDWAALS =     -805.5214  EEL     =    -7496.2299  EGB        =    -1595.3601
 1-4 VDW =      327.8507  1-4 EEL =     5609.2949  RESTRAINT  =       42.2842
 EAMBER  =    -2645.1401


   NSTEP       ENERGY          RMS            GMAX         NAME    NUMBER
    300      -2.6068E+03     1.3489E-02     1.2430E-01     HG22      602

 BOND    =       31.6159  ANGLE   =      205.3705  DIHED      =     1073.3742
 VDWAALS =     -804.3687  EEL     =    -7498.1175  EGB        =    -1595.4459
 1-4 VDW =      329.8306  1-4 EEL =     5610.2612  RESTRAINT  =       40.6581
 EAMBER  =    -2647.4796


   NSTEP       ENERGY          RMS            GMAX         NAME    NUMBER
    400      -2.6068E+03     8.5779E-03     1.7470E-01     OG1       604

 BOND    =       31.5740  ANGLE   =      205.2834  DIHED      =     1073.3705
 VDWAALS =     -804.4152  EEL     =    -7498.1928  EGB        =    -1595.4153
 1-4 VDW =      329.9334  1-4 EEL =     5610.3739  RESTRAINT  =       40.6452
 EAMBER  =    -2647.4880


   NSTEP       ENERGY          RMS            GMAX         NAME    NUMBER
    500      -2.6068E+03     1.8418E-03     3.1511E-02     CD        437

 BOND    =       31.5711  ANGLE   =      205.2720  DIHED      =     1073.3804
 VDWAALS =     -804.4350  EEL     =    -7498.2095  EGB        =    -1595.4103
 1-4 VDW =      329.9482  1-4 EEL =     5610.3857  RESTRAINT  =       40.6517
 EAMBER  =    -2647.4974


   NSTEP       ENERGY          RMS            GMAX         NAME    NUMBER
    600      -2.6068E+03     1.3753E-03     1.9148E-02     N         594

 BOND    =       31.5668  ANGLE   =      205.2655  DIHED      =     1073.3840
 VDWAALS =     -804.4366  EEL     =    -7498.2144  EGB        =    -1595.4061
 1-4 VDW =      329.9565  1-4 EEL =     5610.3879  RESTRAINT  =       40.6503
 EAMBER  =    -2647.4965


   NSTEP       ENERGY          RMS            GMAX         NAME    NUMBER
    700      -2.6068E+03     3.8487E-04     5.2953E-03     C        1588

 BOND    =       31.5664  ANGLE   =      205.2632  DIHED      =     1073.3870
 VDWAALS =     -804.4391  EEL     =    -7498.2164  EGB        =    -1595.4040
 1-4 VDW =      329.9574  1-4 EEL =     5610.3876  RESTRAINT  =       40.6517
 EAMBER  =    -2647.4980


   NSTEP       ENERGY          RMS            GMAX         NAME    NUMBER
    800      -2.6068E+03     1.0542E-04     1.2102E-03     HG1       605

 BOND    =       31.5662  ANGLE   =      205.2629  DIHED      =     1073.3876
 VDWAALS =     -804.4401  EEL     =    -7498.2167  EGB        =    -1595.4034
 1-4 VDW =      329.9575  1-4 EEL =     5610.3873  RESTRAINT  =       40.6523
 EAMBER  =    -2647.4986


                    FINAL RESULTS



   NSTEP       ENERGY          RMS            GMAX         NAME    NUMBER
    824      -2.6068E+03     9.9995E-05     1.3463E-03     CG2       600

 BOND    =       31.5662  ANGLE   =      205.2628  DIHED      =     1073.3877
 VDWAALS =     -804.4403  EEL     =    -7498.2168  EGB        =    -1595.4033
 1-4 VDW =      329.9575  1-4 EEL =     5610.3873  RESTRAINT  =       40.6525
 EAMBER  =    -2647.4988

--------------------------------------------------------------------------------
   5.  TIMINGS
--------------------------------------------------------------------------------

|                Calc gb radii             48.89 (20.26% of Gen B)
|                Calc gb diag              90.88 (37.65% of Gen B)
|                Calc gb off-diag         101.59 (42.09% of Gen B)
|             Gen Born time            241.36 (100.0% of Nonbo)
|          Nonbond force            241.36 (99.29% of Force)
|          Bond/Angle/Dihedral        1.71 ( 0.70% of Force)
|          Other                      0.01 ( 0.01% of Force)
|       Force time               243.08 (100.0% of Runmd)
|    Runmd Time               243.08 (99.68% of Total)
|    Other                      0.78 ( 0.32% of Total)
| Total time               243.86 (100.0% of ALL  )

| Number of list builds   :          0

| Highest rstack allocated:          0
| Highest istack allocated:          0
|           Job began  at 14:16:16.414  on 02/03/2016
|           Setup done at 14:16:16.485  on 02/03/2016
|           Run   done at 14:20:20.277  on 02/03/2016
|     wallclock() was called   14860 times
