
          -------------------------------------------------------
          Amber 14 SANDER                              2014
          -------------------------------------------------------

| Run on 02/03/2016 at 12:37:46

|   Executable path: sander
| Working directory: /lustre/cs1500/scratch/kmb413/RealDecoyDisc/DecoyDiscrimination/decoys.set2.init/1aaj/Rosetta_relaxed
|          Hostname: slepner30


File Assignments:
|  MDIN: /scratch/kmb413/RealDecoyDisc/DecoyDiscrimination/scripts/min/min.in  
| MDOUT: NoH_2_empty_tag_1_796_0001.out                                        
|INPCRD: NoH_2_empty_tag_1_796_0001.rst7                                       
|  PARM: NoH_2_empty_tag_1_796_0001.parm7                                      
|RESTRT: min_NoH_2_empty_tag_1_796_0001.rst7                                   
|  REFC: NoH_2_empty_tag_1_796_0001.rst7                                       
| MDVEL: mdvel                                                                 
| MDFRC: mdfrc                                                                 
|  MDEN: mden                                                                  
| MDCRD: mdcrd                                                                 
|MDINFO: mdinfo                                                                
|  MTMD: mtmd                                                                  
|INPDIP: inpdip                                                                
|RSTDIP: rstdip                                                                
|INPTRA: inptraj                                                               


 Here is the input file:

                                                                               
&cntrl                                                                         
    imin = 1, maxcyc=1000,                                                     
    ntx = 1,                                                                   
    ntwr = 100, ntpr = 100,                                                    
    cut = 999.0,                                                               
    ntb = 0, igb = 8,                                                          
    ntr = 1, restraint_wt = 10, restraintmask = "!@H=",                        
/                                                                              

--------------------------------------------------------------------------------
   1.  RESOURCE   USE: 
--------------------------------------------------------------------------------

| Flags:                                                                        
| New format PARM file being parsed.
| Version =    1.000 Date = 02/03/16 Time = 11:47:33
 NATOM  =    1590 NTYPES =      14 NBONH =     791 MBONA  =     820
 NTHETH =    1812 MTHETA =    1115 NPHIH =    3578 MPHIA  =    3525
 NHPARM =       0 NPARM  =       0 NNB   =    8805 NRES   =     104
 NBONA  =     820 NTHETA =    1115 NPHIA =    3525 NUMBND =      65
 NUMANG =     152 NPTRA  =     189 NATYP =      33 NPHB   =       0
 IFBOX  =       0 NMXRS  =      24 IFCAP =       0 NEXTRA =       0
 NCOPY  =       0

 Implicit solvent radii are ArgH and AspGluO modified Bondi2 radii (mbondi3)                                
 Replacing prmtop screening parameters with GBn2 (igb=8) values

|     Memory Use     Allocated
|     Real              145027
|     Hollerith           4876
|     Integer           109197
|     Max Pairs              1
|     nblistReal             0
|     nblist Int             0
|       Total             1578 kbytes

| Note: 1-4 EEL scale factors are being read from the topology file.

| Note: 1-4 VDW scale factors are being read from the topology file.
| Duplicated    0 dihedrals
| Duplicated    0 dihedrals

--------------------------------------------------------------------------------
   2.  CONTROL  DATA  FOR  THE  RUN
--------------------------------------------------------------------------------

default_name                                                                    

General flags:
     imin    =       1, nmropt  =       0

Nature and format of input:
     ntx     =       1, irest   =       0, ntrx    =       1

Nature and format of output:
     ntxo    =       1, ntpr    =     100, ntrx    =       1, ntwr    =     100
     iwrap   =       0, ntwx    =       0, ntwv    =       0, ntwe    =       0
     ioutfm  =       0, ntwprt  =       0, idecomp =       0, rbornstat=      0

Potential function:
     ntf     =       1, ntb     =       0, igb     =       8, nsnb    =      25
     ipol    =       0, gbsa    =       0, iesp    =       0
     dielc   =   1.00000, cut     = 999.00000, intdiel =   1.00000
     saltcon =   0.00000, offset  =   0.19514, surften =   0.00500
     rdt     =   0.00000, rgbmax  =  25.00000  extdiel =  78.50000
     alpb  =        0
     gbalphaH  =   0.78844, gbbetaH   =   0.79870,  gbgammaH  =    0.43733
     gbalphaC  =   0.73376, gbbetaC   =   0.50638,  gbgammaC  =    0.20584
     gbalphaN  =   0.50336, gbbetaN   =   0.31683,  gbgammaN  =    0.19292
     gbalphaOS =   0.86781, gbbetaOS  =   0.87664,  gbgammaOS =    0.38788
     gbalphaP  =   1.00000, gbbetaP   =   0.80000,  gbgammaP  =    4.85000
     gb_alpha_hnu  =   0.53705, gb_beta_hnu   =   0.36286,  gb_gamma_hnu  =    0.11670
     gb_alpha_cnu  =   0.33167, gb_beta_cnu   =   0.19684,  gb_gamma_cnu  =    0.09342
     gb_alpha_nnu  =   0.68631, gb_beta_nnu   =   0.46319,  gb_gamma_nnu  =    0.13872
     gb_alpha_onu  =   0.60634, gb_beta_onu   =   0.46301,  gb_gamma_onu  =    0.14226
     gb_alpha_pnu  =   0.41836, gb_beta_pnu   =   0.29005,  gb_gamma_pnu  =    0.10642

Frozen or restrained atoms:
     ibelly  =       0, ntr     =       1
     restraint_wt =  10.00000

Energy minimization:
     maxcyc  =    1000, ncyc    =      10, ntmin   =       1
     dx0     =   0.01000, drms    =   0.00010
|  INFO: Old style inpcrd file read


    LOADING THE CONSTRAINED ATOMS AS GROUPS


   5.  REFERENCE ATOM COORDINATES

  defa
     Mask !@H=; matches   799 atoms

--------------------------------------------------------------------------------
   3.  ATOMIC COORDINATES AND VELOCITIES
--------------------------------------------------------------------------------

default_name                                                                    
 begin time read from input coords =     0.000 ps

 Number of triangulated 3-point waters found:        0

--------------------------------------------------------------------------------
   4.  RESULTS
--------------------------------------------------------------------------------



   NSTEP       ENERGY          RMS            GMAX         NAME    NUMBER
      1      -2.1937E+03     9.1325E+00     6.1695E+01     OE1       438

 BOND    =       70.3128  ANGLE   =      211.6679  DIHED      =     1083.0768
 VDWAALS =     -660.3288  EEL     =    -7297.0698  EGB        =    -1737.8090
 1-4 VDW =      445.1601  1-4 EEL =     5691.2712  RESTRAINT  =        0.0000


   NSTEP       ENERGY          RMS            GMAX         NAME    NUMBER
    100      -2.5811E+03     4.9835E-01     5.1191E+00     CD        103

 BOND    =       31.3474  ANGLE   =      209.0072  DIHED      =     1087.6794
 VDWAALS =     -809.8345  EEL     =    -7316.3048  EGB        =    -1757.8278
 1-4 VDW =      332.9646  1-4 EEL =     5597.3044  RESTRAINT  =       44.5976
 EAMBER  =    -2625.6640


   NSTEP       ENERGY          RMS            GMAX         NAME    NUMBER
    200      -2.5932E+03     2.6121E-01     3.9403E+00     HG1       605

 BOND    =       30.9926  ANGLE   =      208.9357  DIHED      =     1085.5560
 VDWAALS =     -811.5421  EEL     =    -7330.2616  EGB        =    -1755.3485
 1-4 VDW =      333.0113  1-4 EEL =     5600.4315  RESTRAINT  =       45.0720
 EAMBER  =    -2638.2253


   NSTEP       ENERGY          RMS            GMAX         NAME    NUMBER
    300      -2.5976E+03     1.9334E-01     2.4506E+00     HG1      1247

 BOND    =       31.1159  ANGLE   =      209.1648  DIHED      =     1083.2708
 VDWAALS =     -812.2948  EEL     =    -7333.3828  EGB        =    -1754.5278
 1-4 VDW =      332.6938  1-4 EEL =     5601.1043  RESTRAINT  =       45.2530
 EAMBER  =    -2642.8559


   NSTEP       ENERGY          RMS            GMAX         NAME    NUMBER
    400      -2.6003E+03     2.2304E-02     1.9434E-01     N           1

 BOND    =       30.8820  ANGLE   =      208.2204  DIHED      =     1081.7716
 VDWAALS =     -811.3184  EEL     =    -7335.5642  EGB        =    -1755.1290
 1-4 VDW =      333.4210  1-4 EEL =     5602.9162  RESTRAINT  =       44.4901
 EAMBER  =    -2644.8003


   NSTEP       ENERGY          RMS            GMAX         NAME    NUMBER
    500      -2.6003E+03     3.5440E-03     3.1946E-02     HB2         8

 BOND    =       30.8413  ANGLE   =      208.1435  DIHED      =     1081.7135
 VDWAALS =     -811.2565  EEL     =    -7335.5364  EGB        =    -1755.1572
 1-4 VDW =      333.5240  1-4 EEL =     5602.9517  RESTRAINT  =       44.4535
 EAMBER  =    -2644.7761


   NSTEP       ENERGY          RMS            GMAX         NAME    NUMBER
    600      -2.6003E+03     2.1796E-03     2.6373E-02     CA       1238

 BOND    =       30.8368  ANGLE   =      208.1401  DIHED      =     1081.7123
 VDWAALS =     -811.2578  EEL     =    -7335.5222  EGB        =    -1755.1758
 1-4 VDW =      333.5364  1-4 EEL =     5602.9526  RESTRAINT  =       44.4539
 EAMBER  =    -2644.7775


   NSTEP       ENERGY          RMS            GMAX         NAME    NUMBER
    700      -2.6003E+03     3.3070E-03     4.1927E-02     CD       1393

 BOND    =       30.8333  ANGLE   =      208.1353  DIHED      =     1081.7146
 VDWAALS =     -811.2582  EEL     =    -7335.5098  EGB        =    -1755.1865
 1-4 VDW =      333.5446  1-4 EEL =     5602.9504  RESTRAINT  =       44.4523
 EAMBER  =    -2644.7763


   NSTEP       ENERGY          RMS            GMAX         NAME    NUMBER
    800      -2.6003E+03     5.5989E-04     6.6317E-03     CB          7

 BOND    =       30.8333  ANGLE   =      208.1352  DIHED      =     1081.7158
 VDWAALS =     -811.2598  EEL     =    -7335.5089  EGB        =    -1755.1920
 1-4 VDW =      333.5445  1-4 EEL =     5602.9534  RESTRAINT  =       44.4544
 EAMBER  =    -2644.7784


                    FINAL RESULTS



   NSTEP       ENERGY          RMS            GMAX         NAME    NUMBER
    897      -2.6003E+03     8.5699E-05     1.6531E-03     HD11      330

 BOND    =       30.8334  ANGLE   =      208.1348  DIHED      =     1081.7161
 VDWAALS =     -811.2602  EEL     =    -7335.5079  EGB        =    -1755.1943
 1-4 VDW =      333.5447  1-4 EEL =     5602.9542  RESTRAINT  =       44.4551
 EAMBER  =    -2644.7791

--------------------------------------------------------------------------------
   5.  TIMINGS
--------------------------------------------------------------------------------

|                Calc gb radii             53.82 (20.49% of Gen B)
|                Calc gb diag              99.74 (37.98% of Gen B)
|                Calc gb off-diag         109.04 (41.52% of Gen B)
|             Gen Born time            262.60 (100.0% of Nonbo)
|          Nonbond force            262.60 (99.29% of Force)
|          Bond/Angle/Dihedral        1.87 ( 0.71% of Force)
|          Other                      0.01 ( 0.01% of Force)
|       Force time               264.49 (100.0% of Runmd)
|    Runmd Time               264.49 (99.83% of Total)
|    Other                      0.45 ( 0.17% of Total)
| Total time               264.94 (100.0% of ALL  )

| Number of list builds   :          0

| Highest rstack allocated:          0
| Highest istack allocated:          0
|           Job began  at 12:37:46.646  on 02/03/2016
|           Setup done at 12:37:46.696  on 02/03/2016
|           Run   done at 12:42:11.585  on 02/03/2016
|     wallclock() was called   16174 times
