
          -------------------------------------------------------
          Amber 14 SANDER                              2014
          -------------------------------------------------------

| Run on 02/03/2016 at 13:36:13

|   Executable path: sander
| Working directory: /lustre/cs1500/scratch/kmb413/RealDecoyDisc/DecoyDiscrimination/decoys.set2.init/1aaj/Rosetta_relaxed
|          Hostname: slepner30


File Assignments:
|  MDIN: /scratch/kmb413/RealDecoyDisc/DecoyDiscrimination/scripts/min/min.in  
| MDOUT: NoH_3_empty_tag_1524_0001_0001.out                                    
|INPCRD: NoH_3_empty_tag_1524_0001_0001.rst7                                   
|  PARM: NoH_3_empty_tag_1524_0001_0001.parm7                                  
|RESTRT: min_NoH_3_empty_tag_1524_0001_0001.rst7                               
|  REFC: NoH_3_empty_tag_1524_0001_0001.rst7                                   
| MDVEL: mdvel                                                                 
| MDFRC: mdfrc                                                                 
|  MDEN: mden                                                                  
| MDCRD: mdcrd                                                                 
|MDINFO: mdinfo                                                                
|  MTMD: mtmd                                                                  
|INPDIP: inpdip                                                                
|RSTDIP: rstdip                                                                
|INPTRA: inptraj                                                               


 Here is the input file:

                                                                               
&cntrl                                                                         
    imin = 1, maxcyc=1000,                                                     
    ntx = 1,                                                                   
    ntwr = 100, ntpr = 100,                                                    
    cut = 999.0,                                                               
    ntb = 0, igb = 8,                                                          
    ntr = 1, restraint_wt = 10, restraintmask = "!@H=",                        
/                                                                              

--------------------------------------------------------------------------------
   1.  RESOURCE   USE: 
--------------------------------------------------------------------------------

| Flags:                                                                        
| New format PARM file being parsed.
| Version =    1.000 Date = 02/03/16 Time = 11:49:21
 NATOM  =    1590 NTYPES =      14 NBONH =     791 MBONA  =     820
 NTHETH =    1812 MTHETA =    1115 NPHIH =    3578 MPHIA  =    3525
 NHPARM =       0 NPARM  =       0 NNB   =    8805 NRES   =     104
 NBONA  =     820 NTHETA =    1115 NPHIA =    3525 NUMBND =      65
 NUMANG =     152 NPTRA  =     189 NATYP =      33 NPHB   =       0
 IFBOX  =       0 NMXRS  =      24 IFCAP =       0 NEXTRA =       0
 NCOPY  =       0

 Implicit solvent radii are ArgH and AspGluO modified Bondi2 radii (mbondi3)                                
 Replacing prmtop screening parameters with GBn2 (igb=8) values

|     Memory Use     Allocated
|     Real              145027
|     Hollerith           4876
|     Integer           109197
|     Max Pairs              1
|     nblistReal             0
|     nblist Int             0
|       Total             1578 kbytes

| Note: 1-4 EEL scale factors are being read from the topology file.

| Note: 1-4 VDW scale factors are being read from the topology file.
| Duplicated    0 dihedrals
| Duplicated    0 dihedrals

--------------------------------------------------------------------------------
   2.  CONTROL  DATA  FOR  THE  RUN
--------------------------------------------------------------------------------

default_name                                                                    

General flags:
     imin    =       1, nmropt  =       0

Nature and format of input:
     ntx     =       1, irest   =       0, ntrx    =       1

Nature and format of output:
     ntxo    =       1, ntpr    =     100, ntrx    =       1, ntwr    =     100
     iwrap   =       0, ntwx    =       0, ntwv    =       0, ntwe    =       0
     ioutfm  =       0, ntwprt  =       0, idecomp =       0, rbornstat=      0

Potential function:
     ntf     =       1, ntb     =       0, igb     =       8, nsnb    =      25
     ipol    =       0, gbsa    =       0, iesp    =       0
     dielc   =   1.00000, cut     = 999.00000, intdiel =   1.00000
     saltcon =   0.00000, offset  =   0.19514, surften =   0.00500
     rdt     =   0.00000, rgbmax  =  25.00000  extdiel =  78.50000
     alpb  =        0
     gbalphaH  =   0.78844, gbbetaH   =   0.79870,  gbgammaH  =    0.43733
     gbalphaC  =   0.73376, gbbetaC   =   0.50638,  gbgammaC  =    0.20584
     gbalphaN  =   0.50336, gbbetaN   =   0.31683,  gbgammaN  =    0.19292
     gbalphaOS =   0.86781, gbbetaOS  =   0.87664,  gbgammaOS =    0.38788
     gbalphaP  =   1.00000, gbbetaP   =   0.80000,  gbgammaP  =    4.85000
     gb_alpha_hnu  =   0.53705, gb_beta_hnu   =   0.36286,  gb_gamma_hnu  =    0.11670
     gb_alpha_cnu  =   0.33167, gb_beta_cnu   =   0.19684,  gb_gamma_cnu  =    0.09342
     gb_alpha_nnu  =   0.68631, gb_beta_nnu   =   0.46319,  gb_gamma_nnu  =    0.13872
     gb_alpha_onu  =   0.60634, gb_beta_onu   =   0.46301,  gb_gamma_onu  =    0.14226
     gb_alpha_pnu  =   0.41836, gb_beta_pnu   =   0.29005,  gb_gamma_pnu  =    0.10642

Frozen or restrained atoms:
     ibelly  =       0, ntr     =       1
     restraint_wt =  10.00000

Energy minimization:
     maxcyc  =    1000, ncyc    =      10, ntmin   =       1
     dx0     =   0.01000, drms    =   0.00010
|  INFO: Old style inpcrd file read


    LOADING THE CONSTRAINED ATOMS AS GROUPS


   5.  REFERENCE ATOM COORDINATES

  defa
     Mask !@H=; matches   799 atoms

--------------------------------------------------------------------------------
   3.  ATOMIC COORDINATES AND VELOCITIES
--------------------------------------------------------------------------------

default_name                                                                    
 begin time read from input coords =     0.000 ps

 Number of triangulated 3-point waters found:        0

--------------------------------------------------------------------------------
   4.  RESULTS
--------------------------------------------------------------------------------



   NSTEP       ENERGY          RMS            GMAX         NAME    NUMBER
      1      -2.2218E+03     9.1870E+00     6.2189E+01     OE1      1120

 BOND    =       70.5806  ANGLE   =      211.2485  DIHED      =     1079.2932
 VDWAALS =     -649.6381  EEL     =    -7249.3847  EGB        =    -1787.0759
 1-4 VDW =      442.3603  1-4 EEL =     5660.7844  RESTRAINT  =        0.0000


   NSTEP       ENERGY          RMS            GMAX         NAME    NUMBER
    100      -2.5984E+03     4.4995E-01     6.2229E+00     OG1      1388

 BOND    =       31.6129  ANGLE   =      208.6172  DIHED      =     1076.3299
 VDWAALS =     -794.9497  EEL     =    -7261.6406  EGB        =    -1805.0957
 1-4 VDW =      331.4018  1-4 EEL =     5572.4979  RESTRAINT  =       42.8250
 EAMBER  =    -2641.2263


   NSTEP       ENERGY          RMS            GMAX         NAME    NUMBER
    200      -2.6060E+03     3.1159E-01     5.2030E+00     HG1       605

 BOND    =       31.4497  ANGLE   =      209.3669  DIHED      =     1075.6245
 VDWAALS =     -796.3825  EEL     =    -7266.1322  EGB        =    -1807.1877
 1-4 VDW =      331.0376  1-4 EEL =     5572.4806  RESTRAINT  =       43.7261
 EAMBER  =    -2649.7432


   NSTEP       ENERGY          RMS            GMAX         NAME    NUMBER
    300      -2.6122E+03     3.4440E-02     3.3358E-01     OG1       604

 BOND    =       30.9876  ANGLE   =      207.8594  DIHED      =     1073.7374
 VDWAALS =     -795.1816  EEL     =    -7271.6418  EGB        =    -1808.2406
 1-4 VDW =      332.9027  1-4 EEL =     5574.9622  RESTRAINT  =       42.4293
 EAMBER  =    -2654.6147


   NSTEP       ENERGY          RMS            GMAX         NAME    NUMBER
    400      -2.6122E+03     6.3748E-02     1.5720E+00     HG1       635

 BOND    =       30.9709  ANGLE   =      207.7491  DIHED      =     1073.8484
 VDWAALS =     -795.3137  EEL     =    -7272.0250  EGB        =    -1808.3566
 1-4 VDW =      333.0399  1-4 EEL =     5575.3644  RESTRAINT  =       42.4798
 EAMBER  =    -2654.7227


   NSTEP       ENERGY          RMS            GMAX         NAME    NUMBER
    500      -2.6130E+03     9.2912E-02     1.6539E+00     HG1       635

 BOND    =       31.0614  ANGLE   =      208.0702  DIHED      =     1073.0949
 VDWAALS =     -795.4476  EEL     =    -7271.6450  EGB        =    -1809.3973
 1-4 VDW =      332.7593  1-4 EEL =     5575.8044  RESTRAINT  =       42.6771
 EAMBER  =    -2655.6996


   NSTEP       ENERGY          RMS            GMAX         NAME    NUMBER
    600      -2.6138E+03     9.2107E-03     1.2932E-01     CE2       650

 BOND    =       30.9016  ANGLE   =      207.7121  DIHED      =     1072.1255
 VDWAALS =     -795.3080  EEL     =    -7270.8104  EGB        =    -1810.6707
 1-4 VDW =      333.2653  1-4 EEL =     5576.5717  RESTRAINT  =       42.4357
 EAMBER  =    -2656.2129


   NSTEP       ENERGY          RMS            GMAX         NAME    NUMBER
    700      -2.6138E+03     9.1129E-04     1.1396E-02     CE3       657

 BOND    =       30.8932  ANGLE   =      207.7009  DIHED      =     1072.1102
 VDWAALS =     -795.3051  EEL     =    -7270.7846  EGB        =    -1810.7079
 1-4 VDW =      333.2843  1-4 EEL =     5576.6009  RESTRAINT  =       42.4291
 EAMBER  =    -2656.2082


   NSTEP       ENERGY          RMS            GMAX         NAME    NUMBER
    800      -2.6138E+03     1.0927E-04     1.4079E-03     CD        729

 BOND    =       30.8920  ANGLE   =      207.7001  DIHED      =     1072.1096
 VDWAALS =     -795.3046  EEL     =    -7270.7821  EGB        =    -1810.7099
 1-4 VDW =      333.2866  1-4 EEL =     5576.6013  RESTRAINT  =       42.4281
 EAMBER  =    -2656.2072


                    FINAL RESULTS



   NSTEP       ENERGY          RMS            GMAX         NAME    NUMBER
    819      -2.6138E+03     7.1238E-05     9.0019E-04     HE2      1044

 BOND    =       30.8920  ANGLE   =      207.7002  DIHED      =     1072.1097
 VDWAALS =     -795.3051  EEL     =    -7270.7816  EGB        =    -1810.7103
 1-4 VDW =      333.2865  1-4 EEL =     5576.6010  RESTRAINT  =       42.4285
 EAMBER  =    -2656.2076

--------------------------------------------------------------------------------
   5.  TIMINGS
--------------------------------------------------------------------------------

|                Calc gb radii             48.53 (20.31% of Gen B)
|                Calc gb diag              89.96 (37.66% of Gen B)
|                Calc gb off-diag         100.41 (42.03% of Gen B)
|             Gen Born time            238.91 (100.0% of Nonbo)
|          Nonbond force            238.91 (99.29% of Force)
|          Bond/Angle/Dihedral        1.69 ( 0.70% of Force)
|          Other                      0.01 ( 0.01% of Force)
|       Force time               240.62 (100.0% of Runmd)
|    Runmd Time               240.62 (99.71% of Total)
|    Other                      0.69 ( 0.28% of Total)
| Total time               241.31 (100.0% of ALL  )

| Number of list builds   :          0

| Highest rstack allocated:          0
| Highest istack allocated:          0
|           Job began  at 13:36:13.967  on 02/03/2016
|           Setup done at 13:36:14.018  on 02/03/2016
|           Run   done at 13:40:15.277  on 02/03/2016
|     wallclock() was called   14770 times
