
          -------------------------------------------------------
          Amber 14 SANDER                              2014
          -------------------------------------------------------

| Run on 02/03/2016 at 12:52:40

|   Executable path: sander
| Working directory: /lustre/cs1500/scratch/kmb413/RealDecoyDisc/DecoyDiscrimination/decoys.set2.init/1aaj/Rosetta_relaxed
|          Hostname: slepner30


File Assignments:
|  MDIN: /scratch/kmb413/RealDecoyDisc/DecoyDiscrimination/scripts/min/min.in  
| MDOUT: NoH_3_empty_tag_1_209_0001.out                                        
|INPCRD: NoH_3_empty_tag_1_209_0001.rst7                                       
|  PARM: NoH_3_empty_tag_1_209_0001.parm7                                      
|RESTRT: min_NoH_3_empty_tag_1_209_0001.rst7                                   
|  REFC: NoH_3_empty_tag_1_209_0001.rst7                                       
| MDVEL: mdvel                                                                 
| MDFRC: mdfrc                                                                 
|  MDEN: mden                                                                  
| MDCRD: mdcrd                                                                 
|MDINFO: mdinfo                                                                
|  MTMD: mtmd                                                                  
|INPDIP: inpdip                                                                
|RSTDIP: rstdip                                                                
|INPTRA: inptraj                                                               


 Here is the input file:

                                                                               
&cntrl                                                                         
    imin = 1, maxcyc=1000,                                                     
    ntx = 1,                                                                   
    ntwr = 100, ntpr = 100,                                                    
    cut = 999.0,                                                               
    ntb = 0, igb = 8,                                                          
    ntr = 1, restraint_wt = 10, restraintmask = "!@H=",                        
/                                                                              

--------------------------------------------------------------------------------
   1.  RESOURCE   USE: 
--------------------------------------------------------------------------------

| Flags:                                                                        
| New format PARM file being parsed.
| Version =    1.000 Date = 02/03/16 Time = 11:48:48
 NATOM  =    1590 NTYPES =      14 NBONH =     791 MBONA  =     820
 NTHETH =    1812 MTHETA =    1115 NPHIH =    3578 MPHIA  =    3525
 NHPARM =       0 NPARM  =       0 NNB   =    8805 NRES   =     104
 NBONA  =     820 NTHETA =    1115 NPHIA =    3525 NUMBND =      65
 NUMANG =     152 NPTRA  =     189 NATYP =      33 NPHB   =       0
 IFBOX  =       0 NMXRS  =      24 IFCAP =       0 NEXTRA =       0
 NCOPY  =       0

 Implicit solvent radii are ArgH and AspGluO modified Bondi2 radii (mbondi3)                                
 Replacing prmtop screening parameters with GBn2 (igb=8) values

|     Memory Use     Allocated
|     Real              145027
|     Hollerith           4876
|     Integer           109197
|     Max Pairs              1
|     nblistReal             0
|     nblist Int             0
|       Total             1578 kbytes

| Note: 1-4 EEL scale factors are being read from the topology file.

| Note: 1-4 VDW scale factors are being read from the topology file.
| Duplicated    0 dihedrals
| Duplicated    0 dihedrals

--------------------------------------------------------------------------------
   2.  CONTROL  DATA  FOR  THE  RUN
--------------------------------------------------------------------------------

default_name                                                                    

General flags:
     imin    =       1, nmropt  =       0

Nature and format of input:
     ntx     =       1, irest   =       0, ntrx    =       1

Nature and format of output:
     ntxo    =       1, ntpr    =     100, ntrx    =       1, ntwr    =     100
     iwrap   =       0, ntwx    =       0, ntwv    =       0, ntwe    =       0
     ioutfm  =       0, ntwprt  =       0, idecomp =       0, rbornstat=      0

Potential function:
     ntf     =       1, ntb     =       0, igb     =       8, nsnb    =      25
     ipol    =       0, gbsa    =       0, iesp    =       0
     dielc   =   1.00000, cut     = 999.00000, intdiel =   1.00000
     saltcon =   0.00000, offset  =   0.19514, surften =   0.00500
     rdt     =   0.00000, rgbmax  =  25.00000  extdiel =  78.50000
     alpb  =        0
     gbalphaH  =   0.78844, gbbetaH   =   0.79870,  gbgammaH  =    0.43733
     gbalphaC  =   0.73376, gbbetaC   =   0.50638,  gbgammaC  =    0.20584
     gbalphaN  =   0.50336, gbbetaN   =   0.31683,  gbgammaN  =    0.19292
     gbalphaOS =   0.86781, gbbetaOS  =   0.87664,  gbgammaOS =    0.38788
     gbalphaP  =   1.00000, gbbetaP   =   0.80000,  gbgammaP  =    4.85000
     gb_alpha_hnu  =   0.53705, gb_beta_hnu   =   0.36286,  gb_gamma_hnu  =    0.11670
     gb_alpha_cnu  =   0.33167, gb_beta_cnu   =   0.19684,  gb_gamma_cnu  =    0.09342
     gb_alpha_nnu  =   0.68631, gb_beta_nnu   =   0.46319,  gb_gamma_nnu  =    0.13872
     gb_alpha_onu  =   0.60634, gb_beta_onu   =   0.46301,  gb_gamma_onu  =    0.14226
     gb_alpha_pnu  =   0.41836, gb_beta_pnu   =   0.29005,  gb_gamma_pnu  =    0.10642

Frozen or restrained atoms:
     ibelly  =       0, ntr     =       1
     restraint_wt =  10.00000

Energy minimization:
     maxcyc  =    1000, ncyc    =      10, ntmin   =       1
     dx0     =   0.01000, drms    =   0.00010
|  INFO: Old style inpcrd file read


    LOADING THE CONSTRAINED ATOMS AS GROUPS


   5.  REFERENCE ATOM COORDINATES

  defa
     Mask !@H=; matches   799 atoms

--------------------------------------------------------------------------------
   3.  ATOMIC COORDINATES AND VELOCITIES
--------------------------------------------------------------------------------

default_name                                                                    
 begin time read from input coords =     0.000 ps

 Number of triangulated 3-point waters found:        0

--------------------------------------------------------------------------------
   4.  RESULTS
--------------------------------------------------------------------------------



   NSTEP       ENERGY          RMS            GMAX         NAME    NUMBER
      1      -2.1434E+03     9.0074E+00     7.1163E+01     OXT      1590

 BOND    =       69.0200  ANGLE   =      211.1591  DIHED      =     1080.7794
 VDWAALS =     -664.6661  EEL     =    -7021.1076  EGB        =    -1995.7053
 1-4 VDW =      438.8818  1-4 EEL =     5738.2419  RESTRAINT  =        0.0000


   NSTEP       ENERGY          RMS            GMAX         NAME    NUMBER
    100      -2.5323E+03     3.5783E-01     4.4257E+00     CG        311

 BOND    =       31.0692  ANGLE   =      210.1943  DIHED      =     1080.8456
 VDWAALS =     -818.4217  EEL     =    -7064.5845  EGB        =    -2004.7161
 1-4 VDW =      329.6632  1-4 EEL =     5658.2710  RESTRAINT  =       45.3291
 EAMBER  =    -2577.6791


   NSTEP       ENERGY          RMS            GMAX         NAME    NUMBER
    200      -2.5364E+03     1.0306E-01     2.2581E+00     HG         90

 BOND    =       31.1421  ANGLE   =      211.5012  DIHED      =     1081.0611
 VDWAALS =     -822.0065  EEL     =    -7067.5520  EGB        =    -2004.3021
 1-4 VDW =      328.9134  1-4 EEL =     5657.0621  RESTRAINT  =       47.7996
 EAMBER  =    -2584.1807


   NSTEP       ENERGY          RMS            GMAX         NAME    NUMBER
    300      -2.5433E+03     2.4190E-02     3.3501E-01     N          25

 BOND    =       31.2398  ANGLE   =      211.1395  DIHED      =     1079.0245
 VDWAALS =     -819.8992  EEL     =    -7080.7667  EGB        =    -1996.7659
 1-4 VDW =      329.1933  1-4 EEL =     5656.7345  RESTRAINT  =       46.8391
 EAMBER  =    -2590.1002


   NSTEP       ENERGY          RMS            GMAX         NAME    NUMBER
    400      -2.5433E+03     5.3117E-03     6.5392E-02     CA         84

 BOND    =       31.2055  ANGLE   =      211.0760  DIHED      =     1079.0737
 VDWAALS =     -819.8425  EEL     =    -7080.7008  EGB        =    -1997.1296
 1-4 VDW =      329.2954  1-4 EEL =     5656.9035  RESTRAINT  =       46.8329
 EAMBER  =    -2590.1187


   NSTEP       ENERGY          RMS            GMAX         NAME    NUMBER
    500      -2.5433E+03     1.2932E-02     1.6278E-01     CD        193

 BOND    =       31.2115  ANGLE   =      211.0626  DIHED      =     1079.1614
 VDWAALS =     -819.8434  EEL     =    -7080.3805  EGB        =    -1997.5016
 1-4 VDW =      329.3026  1-4 EEL =     5656.8697  RESTRAINT  =       46.8226
 EAMBER  =    -2590.1178


   NSTEP       ENERGY          RMS            GMAX         NAME    NUMBER
    600      -2.5422E+03     1.3019E+00     4.7075E+01     HG1       635

 BOND    =       33.6531  ANGLE   =      211.5829  DIHED      =     1080.2777
 VDWAALS =     -820.3898  EEL     =    -7080.0865  EGB        =    -1999.8604
 1-4 VDW =      328.9520  1-4 EEL =     5656.5713  RESTRAINT  =       47.1079
 EAMBER  =    -2589.2996


   NSTEP       ENERGY          RMS            GMAX         NAME    NUMBER
    700      -2.5493E+03     1.6415E-02     2.4655E-01     HB        629

 BOND    =       31.2912  ANGLE   =      211.0748  DIHED      =     1078.7169
 VDWAALS =     -818.6610  EEL     =    -7085.1483  EGB        =    -1998.7170
 1-4 VDW =      329.3061  1-4 EEL =     5656.3282  RESTRAINT  =       46.4993
 EAMBER  =    -2595.8091


   NSTEP       ENERGY          RMS            GMAX         NAME    NUMBER
    800      -2.5493E+03     1.9433E-03     3.4583E-02     CG        589

 BOND    =       31.2666  ANGLE   =      211.0266  DIHED      =     1078.7087
 VDWAALS =     -818.5991  EEL     =    -7085.1259  EGB        =    -1998.7370
 1-4 VDW =      329.3712  1-4 EEL =     5656.3117  RESTRAINT  =       46.4572
 EAMBER  =    -2595.7773


   NSTEP       ENERGY          RMS            GMAX         NAME    NUMBER
    900      -2.5493E+03     4.5047E-04     4.7897E-03     CD        103

 BOND    =       31.2621  ANGLE   =      211.0180  DIHED      =     1078.7107
 VDWAALS =     -818.5857  EEL     =    -7085.1128  EGB        =    -1998.7521
 1-4 VDW =      329.3822  1-4 EEL =     5656.3084  RESTRAINT  =       46.4489
 EAMBER  =    -2595.7694


                    FINAL RESULTS



   NSTEP       ENERGY          RMS            GMAX         NAME    NUMBER
    970      -2.5493E+03     9.6870E-05     1.7499E-03     HG       1180

 BOND    =       31.2626  ANGLE   =      211.0191  DIHED      =     1078.7114
 VDWAALS =     -818.5873  EEL     =    -7085.1118  EGB        =    -1998.7552
 1-4 VDW =      329.3810  1-4 EEL =     5656.3096  RESTRAINT  =       46.4501
 EAMBER  =    -2595.7706

--------------------------------------------------------------------------------
   5.  TIMINGS
--------------------------------------------------------------------------------

|                Calc gb radii             57.79 (20.35% of Gen B)
|                Calc gb diag             106.91 (37.65% of Gen B)
|                Calc gb off-diag         119.23 (41.99% of Gen B)
|             Gen Born time            283.94 (100.0% of Nonbo)
|          Nonbond force            283.94 (99.29% of Force)
|          Bond/Angle/Dihedral        2.02 ( 0.71% of Force)
|          Other                      0.02 ( 0.01% of Force)
|       Force time               285.98 (100.0% of Runmd)
|    Runmd Time               285.98 (99.68% of Total)
|    Other                      0.91 ( 0.32% of Total)
| Total time               286.89 (100.0% of ALL  )

| Number of list builds   :          0

| Highest rstack allocated:          0
| Highest istack allocated:          0
|           Job began  at 12:52:40.023  on 02/03/2016
|           Setup done at 12:52:40.087  on 02/03/2016
|           Run   done at 12:57:26.910  on 02/03/2016
|     wallclock() was called   17488 times
