
          -------------------------------------------------------
          Amber 14 SANDER                              2014
          -------------------------------------------------------

| Run on 02/03/2016 at 14:02:08

|   Executable path: sander
| Working directory: /lustre/cs1500/scratch/kmb413/RealDecoyDisc/DecoyDiscrimination/decoys.set2.init/1aaj/Rosetta_relaxed
|          Hostname: slepner7


File Assignments:
|  MDIN: /scratch/kmb413/RealDecoyDisc/DecoyDiscrimination/scripts/min/min.in  
| MDOUT: NoH_3_empty_tag_918_0001_0001.out                                     
|INPCRD: NoH_3_empty_tag_918_0001_0001.rst7                                    
|  PARM: NoH_3_empty_tag_918_0001_0001.parm7                                   
|RESTRT: min_NoH_3_empty_tag_918_0001_0001.rst7                                
|  REFC: NoH_3_empty_tag_918_0001_0001.rst7                                    
| MDVEL: mdvel                                                                 
| MDFRC: mdfrc                                                                 
|  MDEN: mden                                                                  
| MDCRD: mdcrd                                                                 
|MDINFO: mdinfo                                                                
|  MTMD: mtmd                                                                  
|INPDIP: inpdip                                                                
|RSTDIP: rstdip                                                                
|INPTRA: inptraj                                                               


 Here is the input file:

                                                                               
&cntrl                                                                         
    imin = 1, maxcyc=1000,                                                     
    ntx = 1,                                                                   
    ntwr = 100, ntpr = 100,                                                    
    cut = 999.0,                                                               
    ntb = 0, igb = 8,                                                          
    ntr = 1, restraint_wt = 10, restraintmask = "!@H=",                        
/                                                                              

--------------------------------------------------------------------------------
   1.  RESOURCE   USE: 
--------------------------------------------------------------------------------

| Flags:                                                                        
| New format PARM file being parsed.
| Version =    1.000 Date = 02/03/16 Time = 11:50:21
 NATOM  =    1590 NTYPES =      14 NBONH =     791 MBONA  =     820
 NTHETH =    1812 MTHETA =    1115 NPHIH =    3578 MPHIA  =    3525
 NHPARM =       0 NPARM  =       0 NNB   =    8805 NRES   =     104
 NBONA  =     820 NTHETA =    1115 NPHIA =    3525 NUMBND =      65
 NUMANG =     152 NPTRA  =     189 NATYP =      33 NPHB   =       0
 IFBOX  =       0 NMXRS  =      24 IFCAP =       0 NEXTRA =       0
 NCOPY  =       0

 Implicit solvent radii are ArgH and AspGluO modified Bondi2 radii (mbondi3)                                
 Replacing prmtop screening parameters with GBn2 (igb=8) values

|     Memory Use     Allocated
|     Real              145027
|     Hollerith           4876
|     Integer           109197
|     Max Pairs              1
|     nblistReal             0
|     nblist Int             0
|       Total             1578 kbytes

| Note: 1-4 EEL scale factors are being read from the topology file.

| Note: 1-4 VDW scale factors are being read from the topology file.
| Duplicated    0 dihedrals
| Duplicated    0 dihedrals

--------------------------------------------------------------------------------
   2.  CONTROL  DATA  FOR  THE  RUN
--------------------------------------------------------------------------------

default_name                                                                    

General flags:
     imin    =       1, nmropt  =       0

Nature and format of input:
     ntx     =       1, irest   =       0, ntrx    =       1

Nature and format of output:
     ntxo    =       1, ntpr    =     100, ntrx    =       1, ntwr    =     100
     iwrap   =       0, ntwx    =       0, ntwv    =       0, ntwe    =       0
     ioutfm  =       0, ntwprt  =       0, idecomp =       0, rbornstat=      0

Potential function:
     ntf     =       1, ntb     =       0, igb     =       8, nsnb    =      25
     ipol    =       0, gbsa    =       0, iesp    =       0
     dielc   =   1.00000, cut     = 999.00000, intdiel =   1.00000
     saltcon =   0.00000, offset  =   0.19514, surften =   0.00500
     rdt     =   0.00000, rgbmax  =  25.00000  extdiel =  78.50000
     alpb  =        0
     gbalphaH  =   0.78844, gbbetaH   =   0.79870,  gbgammaH  =    0.43733
     gbalphaC  =   0.73376, gbbetaC   =   0.50638,  gbgammaC  =    0.20584
     gbalphaN  =   0.50336, gbbetaN   =   0.31683,  gbgammaN  =    0.19292
     gbalphaOS =   0.86781, gbbetaOS  =   0.87664,  gbgammaOS =    0.38788
     gbalphaP  =   1.00000, gbbetaP   =   0.80000,  gbgammaP  =    4.85000
     gb_alpha_hnu  =   0.53705, gb_beta_hnu   =   0.36286,  gb_gamma_hnu  =    0.11670
     gb_alpha_cnu  =   0.33167, gb_beta_cnu   =   0.19684,  gb_gamma_cnu  =    0.09342
     gb_alpha_nnu  =   0.68631, gb_beta_nnu   =   0.46319,  gb_gamma_nnu  =    0.13872
     gb_alpha_onu  =   0.60634, gb_beta_onu   =   0.46301,  gb_gamma_onu  =    0.14226
     gb_alpha_pnu  =   0.41836, gb_beta_pnu   =   0.29005,  gb_gamma_pnu  =    0.10642

Frozen or restrained atoms:
     ibelly  =       0, ntr     =       1
     restraint_wt =  10.00000

Energy minimization:
     maxcyc  =    1000, ncyc    =      10, ntmin   =       1
     dx0     =   0.01000, drms    =   0.00010
|  INFO: Old style inpcrd file read


    LOADING THE CONSTRAINED ATOMS AS GROUPS


   5.  REFERENCE ATOM COORDINATES

  defa
     Mask !@H=; matches   799 atoms

--------------------------------------------------------------------------------
   3.  ATOMIC COORDINATES AND VELOCITIES
--------------------------------------------------------------------------------

default_name                                                                    
 begin time read from input coords =     0.000 ps

 Number of triangulated 3-point waters found:        0

--------------------------------------------------------------------------------
   4.  RESULTS
--------------------------------------------------------------------------------



   NSTEP       ENERGY          RMS            GMAX         NAME    NUMBER
      1      -2.2127E+03     9.2609E+00     6.2868E+01     OE1      1586

 BOND    =       71.4744  ANGLE   =      211.9917  DIHED      =     1086.4671
 VDWAALS =     -624.1609  EEL     =    -7205.2512  EGB        =    -1924.1053
 1-4 VDW =      442.5093  1-4 EEL =     5728.3386  RESTRAINT  =        0.0000


   NSTEP       ENERGY          RMS            GMAX         NAME    NUMBER
    100      -2.5893E+03     4.5132E-01     6.4982E+00     HG1      1389

 BOND    =       32.1083  ANGLE   =      210.0720  DIHED      =     1087.6937
 VDWAALS =     -785.9660  EEL     =    -7211.1860  EGB        =    -1939.0397
 1-4 VDW =      328.6100  1-4 EEL =     5643.9520  RESTRAINT  =       44.4111
 EAMBER  =    -2633.7556


   NSTEP       ENERGY          RMS            GMAX         NAME    NUMBER
    200      -2.5964E+03     9.3376E-02     8.8047E-01     H2          3

 BOND    =       31.3530  ANGLE   =      209.7210  DIHED      =     1086.4302
 VDWAALS =     -788.4368  EEL     =    -7219.9169  EGB        =    -1934.5660
 1-4 VDW =      329.6526  1-4 EEL =     5644.7941  RESTRAINT  =       44.5631
 EAMBER  =    -2640.9688


   NSTEP       ENERGY          RMS            GMAX         NAME    NUMBER
    300      -2.6054E+03     2.4163E-01     3.5979E+00     CG       1324

 BOND    =       31.5376  ANGLE   =      209.7680  DIHED      =     1084.0529
 VDWAALS =     -787.8111  EEL     =    -7222.0079  EGB        =    -1938.7801
 1-4 VDW =      329.4528  1-4 EEL =     5643.8681  RESTRAINT  =       44.4708
 EAMBER  =    -2649.9196


   NSTEP       ENERGY          RMS            GMAX         NAME    NUMBER
    400      -2.6059E+03     3.0680E-02     4.3876E-01     HG3        12

 BOND    =       31.1325  ANGLE   =      209.0068  DIHED      =     1083.8162
 VDWAALS =     -787.3014  EEL     =    -7222.2203  EGB        =    -1939.2046
 1-4 VDW =      330.4408  1-4 EEL =     5644.3710  RESTRAINT  =       44.0124
 EAMBER  =    -2649.9590


   NSTEP       ENERGY          RMS            GMAX         NAME    NUMBER
    500      -2.6060E+03     1.8842E-02     3.2268E-01     CA        626

 BOND    =       31.1312  ANGLE   =      209.0073  DIHED      =     1083.9214
 VDWAALS =     -787.3173  EEL     =    -7222.0541  EGB        =    -1939.5392
 1-4 VDW =      330.4791  1-4 EEL =     5644.3822  RESTRAINT  =       44.0109
 EAMBER  =    -2649.9894


   NSTEP       ENERGY          RMS            GMAX         NAME    NUMBER
    600      -2.6065E+03     6.6943E-02     1.6514E+00     HG       1180

 BOND    =       31.2274  ANGLE   =      209.2194  DIHED      =     1083.6455
 VDWAALS =     -787.4948  EEL     =    -7220.9032  EGB        =    -1940.9662
 1-4 VDW =      330.3266  1-4 EEL =     5644.3544  RESTRAINT  =       44.1374
 EAMBER  =    -2650.5908


   NSTEP       ENERGY          RMS            GMAX         NAME    NUMBER
    700      -2.6067E+03     9.6179E-03     1.6040E-01     CD        193

 BOND    =       31.1162  ANGLE   =      209.0914  DIHED      =     1083.1456
 VDWAALS =     -787.3689  EEL     =    -7220.5634  EGB        =    -1941.2958
 1-4 VDW =      330.5707  1-4 EEL =     5644.5222  RESTRAINT  =       44.0927
 EAMBER  =    -2650.7820


   NSTEP       ENERGY          RMS            GMAX         NAME    NUMBER
    800      -2.6067E+03     1.0027E-03     1.5083E-02     CG       1324

 BOND    =       31.1025  ANGLE   =      209.0652  DIHED      =     1083.1118
 VDWAALS =     -787.3386  EEL     =    -7220.5663  EGB        =    -1941.3085
 1-4 VDW =      330.6170  1-4 EEL =     5644.5371  RESTRAINT  =       44.0881
 EAMBER  =    -2650.7797


                    FINAL RESULTS



   NSTEP       ENERGY          RMS            GMAX         NAME    NUMBER
    872      -2.6067E+03     8.5546E-05     1.4870E-03     HG       1180

 BOND    =       31.1011  ANGLE   =      209.0627  DIHED      =     1083.1100
 VDWAALS =     -787.3359  EEL     =    -7220.5667  EGB        =    -1941.3089
 1-4 VDW =      330.6212  1-4 EEL =     5644.5376  RESTRAINT  =       44.0872
 EAMBER  =    -2650.7789

--------------------------------------------------------------------------------
   5.  TIMINGS
--------------------------------------------------------------------------------

|                Calc gb radii             51.89 (20.29% of Gen B)
|                Calc gb diag              95.64 (37.39% of Gen B)
|                Calc gb off-diag         108.23 (42.32% of Gen B)
|             Gen Born time            255.76 (100.0% of Nonbo)
|          Nonbond force            255.76 (99.30% of Force)
|          Bond/Angle/Dihedral        1.80 ( 0.70% of Force)
|          Other                      0.01 ( 0.01% of Force)
|       Force time               257.57 (100.0% of Runmd)
|    Runmd Time               257.57 (99.71% of Total)
|    Other                      0.74 ( 0.29% of Total)
| Total time               258.31 (100.0% of ALL  )

| Number of list builds   :          0

| Highest rstack allocated:          0
| Highest istack allocated:          0
|           Job began  at 14:02:08.316  on 02/03/2016
|           Setup done at 14:02:08.406  on 02/03/2016
|           Run   done at 14:06:26.626  on 02/03/2016
|     wallclock() was called   15724 times
