
          -------------------------------------------------------
          Amber 14 SANDER                              2014
          -------------------------------------------------------

| Run on 02/03/2016 at 14:40:51

|   Executable path: sander
| Working directory: /lustre/cs1500/scratch/kmb413/RealDecoyDisc/DecoyDiscrimination/decoys.set2.init/1aaj/Rosetta_relaxed
|          Hostname: slepner7


File Assignments:
|  MDIN: /scratch/kmb413/RealDecoyDisc/DecoyDiscrimination/scripts/min/min.in  
| MDOUT: NoH_1_empty_tag_1_884_0001.out                                        
|INPCRD: NoH_1_empty_tag_1_884_0001.rst7                                       
|  PARM: NoH_1_empty_tag_1_884_0001.parm7                                      
|RESTRT: min_NoH_1_empty_tag_1_884_0001.rst7                                   
|  REFC: NoH_1_empty_tag_1_884_0001.rst7                                       
| MDVEL: mdvel                                                                 
| MDFRC: mdfrc                                                                 
|  MDEN: mden                                                                  
| MDCRD: mdcrd                                                                 
|MDINFO: mdinfo                                                                
|  MTMD: mtmd                                                                  
|INPDIP: inpdip                                                                
|RSTDIP: rstdip                                                                
|INPTRA: inptraj                                                               


 Here is the input file:

                                                                               
&cntrl                                                                         
    imin = 1, maxcyc=1000,                                                     
    ntx = 1,                                                                   
    ntwr = 100, ntpr = 100,                                                    
    cut = 999.0,                                                               
    ntb = 0, igb = 8,                                                          
    ntr = 1, restraint_wt = 10, restraintmask = "!@H=",                        
/                                                                              

--------------------------------------------------------------------------------
   1.  RESOURCE   USE: 
--------------------------------------------------------------------------------

| Flags:                                                                        
| New format PARM file being parsed.
| Version =    1.000 Date = 02/03/16 Time = 11:45:32
 NATOM  =    1590 NTYPES =      14 NBONH =     791 MBONA  =     820
 NTHETH =    1812 MTHETA =    1115 NPHIH =    3578 MPHIA  =    3525
 NHPARM =       0 NPARM  =       0 NNB   =    8805 NRES   =     104
 NBONA  =     820 NTHETA =    1115 NPHIA =    3525 NUMBND =      65
 NUMANG =     152 NPTRA  =     189 NATYP =      33 NPHB   =       0
 IFBOX  =       0 NMXRS  =      24 IFCAP =       0 NEXTRA =       0
 NCOPY  =       0

 Implicit solvent radii are ArgH and AspGluO modified Bondi2 radii (mbondi3)                                
 Replacing prmtop screening parameters with GBn2 (igb=8) values

|     Memory Use     Allocated
|     Real              145027
|     Hollerith           4876
|     Integer           109197
|     Max Pairs              1
|     nblistReal             0
|     nblist Int             0
|       Total             1578 kbytes

| Note: 1-4 EEL scale factors are being read from the topology file.

| Note: 1-4 VDW scale factors are being read from the topology file.
| Duplicated    0 dihedrals
| Duplicated    0 dihedrals

--------------------------------------------------------------------------------
   2.  CONTROL  DATA  FOR  THE  RUN
--------------------------------------------------------------------------------

default_name                                                                    

General flags:
     imin    =       1, nmropt  =       0

Nature and format of input:
     ntx     =       1, irest   =       0, ntrx    =       1

Nature and format of output:
     ntxo    =       1, ntpr    =     100, ntrx    =       1, ntwr    =     100
     iwrap   =       0, ntwx    =       0, ntwv    =       0, ntwe    =       0
     ioutfm  =       0, ntwprt  =       0, idecomp =       0, rbornstat=      0

Potential function:
     ntf     =       1, ntb     =       0, igb     =       8, nsnb    =      25
     ipol    =       0, gbsa    =       0, iesp    =       0
     dielc   =   1.00000, cut     = 999.00000, intdiel =   1.00000
     saltcon =   0.00000, offset  =   0.19514, surften =   0.00500
     rdt     =   0.00000, rgbmax  =  25.00000  extdiel =  78.50000
     alpb  =        0
     gbalphaH  =   0.78844, gbbetaH   =   0.79870,  gbgammaH  =    0.43733
     gbalphaC  =   0.73376, gbbetaC   =   0.50638,  gbgammaC  =    0.20584
     gbalphaN  =   0.50336, gbbetaN   =   0.31683,  gbgammaN  =    0.19292
     gbalphaOS =   0.86781, gbbetaOS  =   0.87664,  gbgammaOS =    0.38788
     gbalphaP  =   1.00000, gbbetaP   =   0.80000,  gbgammaP  =    4.85000
     gb_alpha_hnu  =   0.53705, gb_beta_hnu   =   0.36286,  gb_gamma_hnu  =    0.11670
     gb_alpha_cnu  =   0.33167, gb_beta_cnu   =   0.19684,  gb_gamma_cnu  =    0.09342
     gb_alpha_nnu  =   0.68631, gb_beta_nnu   =   0.46319,  gb_gamma_nnu  =    0.13872
     gb_alpha_onu  =   0.60634, gb_beta_onu   =   0.46301,  gb_gamma_onu  =    0.14226
     gb_alpha_pnu  =   0.41836, gb_beta_pnu   =   0.29005,  gb_gamma_pnu  =    0.10642

Frozen or restrained atoms:
     ibelly  =       0, ntr     =       1
     restraint_wt =  10.00000

Energy minimization:
     maxcyc  =    1000, ncyc    =      10, ntmin   =       1
     dx0     =   0.01000, drms    =   0.00010
|  INFO: Old style inpcrd file read


    LOADING THE CONSTRAINED ATOMS AS GROUPS


   5.  REFERENCE ATOM COORDINATES

  defa
     Mask !@H=; matches   799 atoms

--------------------------------------------------------------------------------
   3.  ATOMIC COORDINATES AND VELOCITIES
--------------------------------------------------------------------------------

default_name                                                                    
 begin time read from input coords =     0.000 ps

 Number of triangulated 3-point waters found:        0

--------------------------------------------------------------------------------
   4.  RESULTS
--------------------------------------------------------------------------------



   NSTEP       ENERGY          RMS            GMAX         NAME    NUMBER
      1      -2.2331E+03     9.0602E+00     5.9566E+01     OXT      1590

 BOND    =       69.6169  ANGLE   =      210.9416  DIHED      =     1077.5961
 VDWAALS =     -671.9126  EEL     =    -7472.3537  EGB        =    -1555.1419
 1-4 VDW =      435.4919  1-4 EEL =     5672.6403  RESTRAINT  =        0.0000


   NSTEP       ENERGY          RMS            GMAX         NAME    NUMBER
    100      -2.6062E+03     6.8390E-01     1.5395E+01     C        1588

 BOND    =       31.8652  ANGLE   =      206.6512  DIHED      =     1076.8206
 VDWAALS =     -802.2415  EEL     =    -7515.8989  EGB        =    -1574.1321
 1-4 VDW =      328.8575  1-4 EEL =     5600.6199  RESTRAINT  =       41.2774
 EAMBER  =    -2647.4581


   NSTEP       ENERGY          RMS            GMAX         NAME    NUMBER
    200      -2.6141E+03     7.1383E-02     7.7123E-01     H1          2

 BOND    =       31.2605  ANGLE   =      205.4437  DIHED      =     1075.0353
 VDWAALS =     -802.6871  EEL     =    -7520.5630  EGB        =    -1573.9807
 1-4 VDW =      330.5299  1-4 EEL =     5600.5639  RESTRAINT  =       40.3062
 EAMBER  =    -2654.3975


   NSTEP       ENERGY          RMS            GMAX         NAME    NUMBER
    300      -2.6144E+03     1.0430E-02     1.7105E-01     CD        729

 BOND    =       31.0101  ANGLE   =      205.1182  DIHED      =     1075.0268
 VDWAALS =     -803.0869  EEL     =    -7520.7414  EGB        =    -1574.1156
 1-4 VDW =      331.2301  1-4 EEL =     5600.7533  RESTRAINT  =       40.4334
 EAMBER  =    -2654.8054


   NSTEP       ENERGY          RMS            GMAX         NAME    NUMBER
    400      -2.6144E+03     2.5996E-03     2.7006E-02     CE2       650

 BOND    =       30.9962  ANGLE   =      205.1140  DIHED      =     1075.0309
 VDWAALS =     -803.1645  EEL     =    -7520.7345  EGB        =    -1574.1194
 1-4 VDW =      331.2641  1-4 EEL =     5600.7673  RESTRAINT  =       40.4660
 EAMBER  =    -2654.8459


   NSTEP       ENERGY          RMS            GMAX         NAME    NUMBER
    500      -2.6144E+03     7.7711E-04     6.6650E-03     CD        944

 BOND    =       30.9947  ANGLE   =      205.1141  DIHED      =     1075.0328
 VDWAALS =     -803.1748  EEL     =    -7520.7331  EGB        =    -1574.1184
 1-4 VDW =      331.2691  1-4 EEL =     5600.7636  RESTRAINT  =       40.4713
 EAMBER  =    -2654.8520


   NSTEP       ENERGY          RMS            GMAX         NAME    NUMBER
    600      -2.6144E+03     3.7356E-04     6.8666E-03     CD        944

 BOND    =       30.9937  ANGLE   =      205.1118  DIHED      =     1075.0334
 VDWAALS =     -803.1783  EEL     =    -7520.7320  EGB        =    -1574.1175
 1-4 VDW =      331.2731  1-4 EEL =     5600.7626  RESTRAINT  =       40.4724
 EAMBER  =    -2654.8532


                    FINAL RESULTS



   NSTEP       ENERGY          RMS            GMAX         NAME    NUMBER
    694      -2.6144E+03     9.3255E-05     1.1445E-03     HE3      1045

 BOND    =       30.9934  ANGLE   =      205.1116  DIHED      =     1075.0334
 VDWAALS =     -803.1794  EEL     =    -7520.7323  EGB        =    -1574.1173
 1-4 VDW =      331.2737  1-4 EEL =     5600.7631  RESTRAINT  =       40.4731
 EAMBER  =    -2654.8538

--------------------------------------------------------------------------------
   5.  TIMINGS
--------------------------------------------------------------------------------

|                Calc gb radii             41.61 (20.40% of Gen B)
|                Calc gb diag              77.26 (37.87% of Gen B)
|                Calc gb off-diag          85.13 (41.73% of Gen B)
|             Gen Born time            204.00 (100.0% of Nonbo)
|          Nonbond force            204.00 (99.29% of Force)
|          Bond/Angle/Dihedral        1.44 ( 0.70% of Force)
|          Other                      0.01 ( 0.01% of Force)
|       Force time               205.45 (100.0% of Runmd)
|    Runmd Time               205.45 (99.60% of Total)
|    Other                      0.82 ( 0.40% of Total)
| Total time               206.27 (100.0% of ALL  )

| Number of list builds   :          0

| Highest rstack allocated:          0
| Highest istack allocated:          0
|           Job began  at 14:40:51.086  on 02/03/2016
|           Setup done at 14:40:51.165  on 02/03/2016
|           Run   done at 14:44:17.358  on 02/03/2016
|     wallclock() was called   12520 times
