
          -------------------------------------------------------
          Amber 14 SANDER                              2014
          -------------------------------------------------------

| Run on 02/03/2016 at 15:01:32

|   Executable path: sander
| Working directory: /lustre/cs1500/scratch/kmb413/RealDecoyDisc/DecoyDiscrimination/decoys.set2.init/1aaj/Rosetta_relaxed
|          Hostname: slepner7


File Assignments:
|  MDIN: /scratch/kmb413/RealDecoyDisc/DecoyDiscrimination/scripts/min/min.in  
| MDOUT: NoH_4_empty_tag_1_976_0001.out                                        
|INPCRD: NoH_4_empty_tag_1_976_0001.rst7                                       
|  PARM: NoH_4_empty_tag_1_976_0001.parm7                                      
|RESTRT: min_NoH_4_empty_tag_1_976_0001.rst7                                   
|  REFC: NoH_4_empty_tag_1_976_0001.rst7                                       
| MDVEL: mdvel                                                                 
| MDFRC: mdfrc                                                                 
|  MDEN: mden                                                                  
| MDCRD: mdcrd                                                                 
|MDINFO: mdinfo                                                                
|  MTMD: mtmd                                                                  
|INPDIP: inpdip                                                                
|RSTDIP: rstdip                                                                
|INPTRA: inptraj                                                               


 Here is the input file:

                                                                               
&cntrl                                                                         
    imin = 1, maxcyc=1000,                                                     
    ntx = 1,                                                                   
    ntwr = 100, ntpr = 100,                                                    
    cut = 999.0,                                                               
    ntb = 0, igb = 8,                                                          
    ntr = 1, restraint_wt = 10, restraintmask = "!@H=",                        
/                                                                              

--------------------------------------------------------------------------------
   1.  RESOURCE   USE: 
--------------------------------------------------------------------------------

| Flags:                                                                        
| New format PARM file being parsed.
| Version =    1.000 Date = 02/03/16 Time = 11:51:38
 NATOM  =    1590 NTYPES =      14 NBONH =     791 MBONA  =     820
 NTHETH =    1812 MTHETA =    1115 NPHIH =    3578 MPHIA  =    3525
 NHPARM =       0 NPARM  =       0 NNB   =    8805 NRES   =     104
 NBONA  =     820 NTHETA =    1115 NPHIA =    3525 NUMBND =      65
 NUMANG =     152 NPTRA  =     189 NATYP =      33 NPHB   =       0
 IFBOX  =       0 NMXRS  =      24 IFCAP =       0 NEXTRA =       0
 NCOPY  =       0

 Implicit solvent radii are ArgH and AspGluO modified Bondi2 radii (mbondi3)                                
 Replacing prmtop screening parameters with GBn2 (igb=8) values

|     Memory Use     Allocated
|     Real              145027
|     Hollerith           4876
|     Integer           109197
|     Max Pairs              1
|     nblistReal             0
|     nblist Int             0
|       Total             1578 kbytes

| Note: 1-4 EEL scale factors are being read from the topology file.

| Note: 1-4 VDW scale factors are being read from the topology file.
| Duplicated    0 dihedrals
| Duplicated    0 dihedrals

--------------------------------------------------------------------------------
   2.  CONTROL  DATA  FOR  THE  RUN
--------------------------------------------------------------------------------

default_name                                                                    

General flags:
     imin    =       1, nmropt  =       0

Nature and format of input:
     ntx     =       1, irest   =       0, ntrx    =       1

Nature and format of output:
     ntxo    =       1, ntpr    =     100, ntrx    =       1, ntwr    =     100
     iwrap   =       0, ntwx    =       0, ntwv    =       0, ntwe    =       0
     ioutfm  =       0, ntwprt  =       0, idecomp =       0, rbornstat=      0

Potential function:
     ntf     =       1, ntb     =       0, igb     =       8, nsnb    =      25
     ipol    =       0, gbsa    =       0, iesp    =       0
     dielc   =   1.00000, cut     = 999.00000, intdiel =   1.00000
     saltcon =   0.00000, offset  =   0.19514, surften =   0.00500
     rdt     =   0.00000, rgbmax  =  25.00000  extdiel =  78.50000
     alpb  =        0
     gbalphaH  =   0.78844, gbbetaH   =   0.79870,  gbgammaH  =    0.43733
     gbalphaC  =   0.73376, gbbetaC   =   0.50638,  gbgammaC  =    0.20584
     gbalphaN  =   0.50336, gbbetaN   =   0.31683,  gbgammaN  =    0.19292
     gbalphaOS =   0.86781, gbbetaOS  =   0.87664,  gbgammaOS =    0.38788
     gbalphaP  =   1.00000, gbbetaP   =   0.80000,  gbgammaP  =    4.85000
     gb_alpha_hnu  =   0.53705, gb_beta_hnu   =   0.36286,  gb_gamma_hnu  =    0.11670
     gb_alpha_cnu  =   0.33167, gb_beta_cnu   =   0.19684,  gb_gamma_cnu  =    0.09342
     gb_alpha_nnu  =   0.68631, gb_beta_nnu   =   0.46319,  gb_gamma_nnu  =    0.13872
     gb_alpha_onu  =   0.60634, gb_beta_onu   =   0.46301,  gb_gamma_onu  =    0.14226
     gb_alpha_pnu  =   0.41836, gb_beta_pnu   =   0.29005,  gb_gamma_pnu  =    0.10642

Frozen or restrained atoms:
     ibelly  =       0, ntr     =       1
     restraint_wt =  10.00000

Energy minimization:
     maxcyc  =    1000, ncyc    =      10, ntmin   =       1
     dx0     =   0.01000, drms    =   0.00010
|  INFO: Old style inpcrd file read


    LOADING THE CONSTRAINED ATOMS AS GROUPS


   5.  REFERENCE ATOM COORDINATES

  defa
     Mask !@H=; matches   799 atoms

--------------------------------------------------------------------------------
   3.  ATOMIC COORDINATES AND VELOCITIES
--------------------------------------------------------------------------------

default_name                                                                    
 begin time read from input coords =     0.000 ps

 Number of triangulated 3-point waters found:        0

--------------------------------------------------------------------------------
   4.  RESULTS
--------------------------------------------------------------------------------



   NSTEP       ENERGY          RMS            GMAX         NAME    NUMBER
      1      -2.2155E+03     9.0853E+00     5.9061E+01     OE1       481

 BOND    =       69.5146  ANGLE   =      211.0074  DIHED      =     1069.1412
 VDWAALS =     -637.0155  EEL     =    -7087.3408  EGB        =    -1989.3101
 1-4 VDW =      436.9564  1-4 EEL =     5711.5397  RESTRAINT  =        0.0000


   NSTEP       ENERGY          RMS            GMAX         NAME    NUMBER
    100      -2.5646E+03     2.6865E-01     2.4093E+00     CE2       650

 BOND    =       30.8355  ANGLE   =      205.3840  DIHED      =     1072.9351
 VDWAALS =     -777.3254  EEL     =    -7090.0902  EGB        =    -2009.5872
 1-4 VDW =      329.9289  1-4 EEL =     5633.3382  RESTRAINT  =       40.0252
 EAMBER  =    -2604.5810


   NSTEP       ENERGY          RMS            GMAX         NAME    NUMBER
    200      -2.5679E+03     1.4512E-01     1.7369E+00     H2          3

 BOND    =       31.0294  ANGLE   =      206.4207  DIHED      =     1073.0555
 VDWAALS =     -780.5660  EEL     =    -7092.1872  EGB        =    -2010.2948
 1-4 VDW =      329.3881  1-4 EEL =     5632.9816  RESTRAINT  =       42.2562
 EAMBER  =    -2610.1728


   NSTEP       ENERGY          RMS            GMAX         NAME    NUMBER
    300      -2.5732E+03     1.5186E-01     2.4436E+00     HG1      1389

 BOND    =       30.9885  ANGLE   =      205.9287  DIHED      =     1070.6648
 VDWAALS =     -781.0633  EEL     =    -7101.0865  EGB        =    -2005.1593
 1-4 VDW =      329.6323  1-4 EEL =     5634.4202  RESTRAINT  =       42.4791
 EAMBER  =    -2615.6745


   NSTEP       ENERGY          RMS            GMAX         NAME    NUMBER
    400      -2.5737E+03     2.1751E-02     2.6753E-01     H3          4

 BOND    =       30.7596  ANGLE   =      205.4656  DIHED      =     1070.6568
 VDWAALS =     -781.2211  EEL     =    -7103.2364  EGB        =    -2003.9245
 1-4 VDW =      330.2349  1-4 EEL =     5635.0720  RESTRAINT  =       42.4686
 EAMBER  =    -2616.1931


   NSTEP       ENERGY          RMS            GMAX         NAME    NUMBER
    500      -2.5781E+03     3.9291E-01     1.0903E+01     CD        729

 BOND    =       32.0123  ANGLE   =      207.6760  DIHED      =     1070.9370
 VDWAALS =     -781.5145  EEL     =    -7108.1875  EGB        =    -2004.3346
 1-4 VDW =      327.8352  1-4 EEL =     5633.3125  RESTRAINT  =       44.1294
 EAMBER  =    -2622.2637


   NSTEP       ENERGY          RMS            GMAX         NAME    NUMBER
    600      -2.5794E+03     7.9243E-03     1.0398E-01     CA          5

 BOND    =       30.7921  ANGLE   =      205.3854  DIHED      =     1070.3105
 VDWAALS =     -779.9791  EEL     =    -7108.9299  EGB        =    -2004.0506
 1-4 VDW =      330.3648  1-4 EEL =     5634.5354  RESTRAINT  =       42.1475
 EAMBER  =    -2621.5713


   NSTEP       ENERGY          RMS            GMAX         NAME    NUMBER
    700      -2.5794E+03     2.3564E-03     2.6205E-02     CD        193

 BOND    =       30.7821  ANGLE   =      205.3719  DIHED      =     1070.3233
 VDWAALS =     -779.9850  EEL     =    -7109.0149  EGB        =    -2003.9982
 1-4 VDW =      330.3923  1-4 EEL =     5634.5612  RESTRAINT  =       42.1419
 EAMBER  =    -2621.5674


   NSTEP       ENERGY          RMS            GMAX         NAME    NUMBER
    800      -2.5794E+03     8.1216E-04     1.0848E-02     HG1       605

 BOND    =       30.7772  ANGLE   =      205.3620  DIHED      =     1070.3278
 VDWAALS =     -779.9862  EEL     =    -7109.0971  EGB        =    -2003.9371
 1-4 VDW =      330.4054  1-4 EEL =     5634.5847  RESTRAINT  =       42.1378
 EAMBER  =    -2621.5635


   NSTEP       ENERGY          RMS            GMAX         NAME    NUMBER
    900      -2.5794E+03     8.7876E-04     1.2122E-02     CB        628

 BOND    =       30.7792  ANGLE   =      205.3665  DIHED      =     1070.3294
 VDWAALS =     -779.9900  EEL     =    -7109.1402  EGB        =    -2003.9036
 1-4 VDW =      330.3995  1-4 EEL =     5634.5905  RESTRAINT  =       42.1429
 EAMBER  =    -2621.5687


   NSTEP       ENERGY          RMS            GMAX         NAME    NUMBER
   1000      -2.5794E+03     2.3753E-04     5.3562E-03     HG1       605

 BOND    =       30.7793  ANGLE   =      205.3658  DIHED      =     1070.3303
 VDWAALS =     -779.9906  EEL     =    -7109.1595  EGB        =    -2003.8889
 1-4 VDW =      330.3993  1-4 EEL =     5634.5949  RESTRAINT  =       42.1435
 EAMBER  =    -2621.5693


  Maximum number of minimization cycles reached.


                    FINAL RESULTS



   NSTEP       ENERGY          RMS            GMAX         NAME    NUMBER
   1000      -2.5794E+03     2.3753E-04     5.3562E-03     HG1       605

 BOND    =       30.7793  ANGLE   =      205.3658  DIHED      =     1070.3303
 VDWAALS =     -779.9906  EEL     =    -7109.1595  EGB        =    -2003.8889
 1-4 VDW =      330.3993  1-4 EEL =     5634.5949  RESTRAINT  =       42.1435
 EAMBER  =    -2621.5693

--------------------------------------------------------------------------------
   5.  TIMINGS
--------------------------------------------------------------------------------

|                Calc gb radii             58.21 (20.21% of Gen B)
|                Calc gb diag             106.97 (37.14% of Gen B)
|                Calc gb off-diag         122.85 (42.65% of Gen B)
|             Gen Born time            288.04 (100.0% of Nonbo)
|          Nonbond force            288.04 (99.28% of Force)
|          Bond/Angle/Dihedral        2.07 ( 0.71% of Force)
|          Other                      0.02 ( 0.01% of Force)
|       Force time               290.12 (100.0% of Runmd)
|    Runmd Time               290.12 (99.75% of Total)
|    Other                      0.72 ( 0.25% of Total)
| Total time               290.85 (100.0% of ALL  )

| Number of list builds   :          0

| Highest rstack allocated:          0
| Highest istack allocated:          0
|           Job began  at 15:01:32.751  on 02/03/2016
|           Setup done at 15:01:32.802  on 02/03/2016
|           Run   done at 15:06:23.599  on 02/03/2016
|     wallclock() was called   18028 times
