
          -------------------------------------------------------
          Amber 14 SANDER                              2014
          -------------------------------------------------------

| Run on 02/03/2016 at 14:22:17

|   Executable path: sander
| Working directory: /lustre/cs1500/scratch/kmb413/RealDecoyDisc/DecoyDiscrimination/decoys.set2.init/1aaj/Rosetta_relaxed
|          Hostname: slepner16


File Assignments:
|  MDIN: /scratch/kmb413/RealDecoyDisc/DecoyDiscrimination/scripts/min/min.in  
| MDOUT: NoH_2_empty_tag_1268_0001_0001.out                                    
|INPCRD: NoH_2_empty_tag_1268_0001_0001.rst7                                   
|  PARM: NoH_2_empty_tag_1268_0001_0001.parm7                                  
|RESTRT: min_NoH_2_empty_tag_1268_0001_0001.rst7                               
|  REFC: NoH_2_empty_tag_1268_0001_0001.rst7                                   
| MDVEL: mdvel                                                                 
| MDFRC: mdfrc                                                                 
|  MDEN: mden                                                                  
| MDCRD: mdcrd                                                                 
|MDINFO: mdinfo                                                                
|  MTMD: mtmd                                                                  
|INPDIP: inpdip                                                                
|RSTDIP: rstdip                                                                
|INPTRA: inptraj                                                               


 Here is the input file:

                                                                               
&cntrl                                                                         
    imin = 1, maxcyc=1000,                                                     
    ntx = 1,                                                                   
    ntwr = 100, ntpr = 100,                                                    
    cut = 999.0,                                                               
    ntb = 0, igb = 8,                                                          
    ntr = 1, restraint_wt = 10, restraintmask = "!@H=",                        
/                                                                              

--------------------------------------------------------------------------------
   1.  RESOURCE   USE: 
--------------------------------------------------------------------------------

| Flags:                                                                        
| New format PARM file being parsed.
| Version =    1.000 Date = 02/03/16 Time = 11:46:44
 NATOM  =    1590 NTYPES =      14 NBONH =     791 MBONA  =     820
 NTHETH =    1812 MTHETA =    1115 NPHIH =    3578 MPHIA  =    3525
 NHPARM =       0 NPARM  =       0 NNB   =    8805 NRES   =     104
 NBONA  =     820 NTHETA =    1115 NPHIA =    3525 NUMBND =      65
 NUMANG =     152 NPTRA  =     189 NATYP =      33 NPHB   =       0
 IFBOX  =       0 NMXRS  =      24 IFCAP =       0 NEXTRA =       0
 NCOPY  =       0

 Implicit solvent radii are ArgH and AspGluO modified Bondi2 radii (mbondi3)                                
 Replacing prmtop screening parameters with GBn2 (igb=8) values

|     Memory Use     Allocated
|     Real              145027
|     Hollerith           4876
|     Integer           109197
|     Max Pairs              1
|     nblistReal             0
|     nblist Int             0
|       Total             1578 kbytes

| Note: 1-4 EEL scale factors are being read from the topology file.

| Note: 1-4 VDW scale factors are being read from the topology file.
| Duplicated    0 dihedrals
| Duplicated    0 dihedrals

--------------------------------------------------------------------------------
   2.  CONTROL  DATA  FOR  THE  RUN
--------------------------------------------------------------------------------

default_name                                                                    

General flags:
     imin    =       1, nmropt  =       0

Nature and format of input:
     ntx     =       1, irest   =       0, ntrx    =       1

Nature and format of output:
     ntxo    =       1, ntpr    =     100, ntrx    =       1, ntwr    =     100
     iwrap   =       0, ntwx    =       0, ntwv    =       0, ntwe    =       0
     ioutfm  =       0, ntwprt  =       0, idecomp =       0, rbornstat=      0

Potential function:
     ntf     =       1, ntb     =       0, igb     =       8, nsnb    =      25
     ipol    =       0, gbsa    =       0, iesp    =       0
     dielc   =   1.00000, cut     = 999.00000, intdiel =   1.00000
     saltcon =   0.00000, offset  =   0.19514, surften =   0.00500
     rdt     =   0.00000, rgbmax  =  25.00000  extdiel =  78.50000
     alpb  =        0
     gbalphaH  =   0.78844, gbbetaH   =   0.79870,  gbgammaH  =    0.43733
     gbalphaC  =   0.73376, gbbetaC   =   0.50638,  gbgammaC  =    0.20584
     gbalphaN  =   0.50336, gbbetaN   =   0.31683,  gbgammaN  =    0.19292
     gbalphaOS =   0.86781, gbbetaOS  =   0.87664,  gbgammaOS =    0.38788
     gbalphaP  =   1.00000, gbbetaP   =   0.80000,  gbgammaP  =    4.85000
     gb_alpha_hnu  =   0.53705, gb_beta_hnu   =   0.36286,  gb_gamma_hnu  =    0.11670
     gb_alpha_cnu  =   0.33167, gb_beta_cnu   =   0.19684,  gb_gamma_cnu  =    0.09342
     gb_alpha_nnu  =   0.68631, gb_beta_nnu   =   0.46319,  gb_gamma_nnu  =    0.13872
     gb_alpha_onu  =   0.60634, gb_beta_onu   =   0.46301,  gb_gamma_onu  =    0.14226
     gb_alpha_pnu  =   0.41836, gb_beta_pnu   =   0.29005,  gb_gamma_pnu  =    0.10642

Frozen or restrained atoms:
     ibelly  =       0, ntr     =       1
     restraint_wt =  10.00000

Energy minimization:
     maxcyc  =    1000, ncyc    =      10, ntmin   =       1
     dx0     =   0.01000, drms    =   0.00010
|  INFO: Old style inpcrd file read


    LOADING THE CONSTRAINED ATOMS AS GROUPS


   5.  REFERENCE ATOM COORDINATES

  defa
     Mask !@H=; matches   799 atoms

--------------------------------------------------------------------------------
   3.  ATOMIC COORDINATES AND VELOCITIES
--------------------------------------------------------------------------------

default_name                                                                    
 begin time read from input coords =     0.000 ps

 Number of triangulated 3-point waters found:        0

--------------------------------------------------------------------------------
   4.  RESULTS
--------------------------------------------------------------------------------



   NSTEP       ENERGY          RMS            GMAX         NAME    NUMBER
      1      -2.1768E+03     9.1289E+00     6.8859E+01     OXT      1590

 BOND    =       69.9352  ANGLE   =      211.5999  DIHED      =     1084.0179
 VDWAALS =     -641.4792  EEL     =    -7131.7921  EGB        =    -1911.8126
 1-4 VDW =      439.5666  1-4 EEL =     5703.2141  RESTRAINT  =        0.0000


   NSTEP       ENERGY          RMS            GMAX         NAME    NUMBER
    100      -2.5571E+03     3.8694E-01     5.3719E+00     CD        103

 BOND    =       31.4404  ANGLE   =      206.2907  DIHED      =     1089.6862
 VDWAALS =     -792.9761  EEL     =    -7138.3469  EGB        =    -1943.8918
 1-4 VDW =      330.0326  1-4 EEL =     5616.9322  RESTRAINT  =       43.7054
 EAMBER  =    -2600.8326


   NSTEP       ENERGY          RMS            GMAX         NAME    NUMBER
    200      -2.5638E+03     1.2282E-01     1.9190E+00     HG1      1389

 BOND    =       31.1926  ANGLE   =      206.3763  DIHED      =     1087.7160
 VDWAALS =     -796.3999  EEL     =    -7145.5413  EGB        =    -1940.5624
 1-4 VDW =      329.9283  1-4 EEL =     5617.7185  RESTRAINT  =       45.8097
 EAMBER  =    -2609.5720


   NSTEP       ENERGY          RMS            GMAX         NAME    NUMBER
    300      -2.5646E+03     1.6594E-02     2.0439E-01     HG1      1389

 BOND    =       30.8300  ANGLE   =      205.8862  DIHED      =     1087.0492
 VDWAALS =     -797.1524  EEL     =    -7147.3595  EGB        =    -1938.8657
 1-4 VDW =      330.8016  1-4 EEL =     5618.5035  RESTRAINT  =       45.7423
 EAMBER  =    -2610.3071


   NSTEP       ENERGY          RMS            GMAX         NAME    NUMBER
    400      -2.5689E+03     3.0687E-01     5.3437E+00     CD        193

 BOND    =       30.8190  ANGLE   =      206.1617  DIHED      =     1086.7628
 VDWAALS =     -795.8614  EEL     =    -7149.6493  EGB        =    -1941.2793
 1-4 VDW =      331.1722  1-4 EEL =     5617.7498  RESTRAINT  =       45.1999
 EAMBER  =    -2614.1246


   NSTEP       ENERGY          RMS            GMAX         NAME    NUMBER
    500      -2.5698E+03     8.8043E-03     9.6346E-02     HG1      1213

 BOND    =       30.9113  ANGLE   =      206.0628  DIHED      =     1086.6201
 VDWAALS =     -795.9456  EEL     =    -7150.6234  EGB        =    -1941.9066
 1-4 VDW =      330.9209  1-4 EEL =     5618.9163  RESTRAINT  =       45.2902
 EAMBER  =    -2615.0443


   NSTEP       ENERGY          RMS            GMAX         NAME    NUMBER
    600      -2.5698E+03     1.9198E-03     4.3871E-02     CD       1119

 BOND    =       30.9239  ANGLE   =      206.0740  DIHED      =     1086.6559
 VDWAALS =     -795.9731  EEL     =    -7150.6026  EGB        =    -1942.0339
 1-4 VDW =      330.9100  1-4 EEL =     5618.9751  RESTRAINT  =       45.3119
 EAMBER  =    -2615.0706

     ... RESTARTED DUE TO LINMIN FAILURE ...


   NSTEP       ENERGY          RMS            GMAX         NAME    NUMBER
    700      -2.5698E+03     1.7830E-03     2.3567E-02     CD        193

 BOND    =       30.9255  ANGLE   =      206.0731  DIHED      =     1086.6664
 VDWAALS =     -795.9826  EEL     =    -7150.5771  EGB        =    -1942.0777
 1-4 VDW =      330.9109  1-4 EEL =     5618.9882  RESTRAINT  =       45.3144
 EAMBER  =    -2615.0733


   NSTEP       ENERGY          RMS            GMAX         NAME    NUMBER
    800      -2.5698E+03     4.8784E-04     6.3625E-03     CB        586

 BOND    =       30.9251  ANGLE   =      206.0741  DIHED      =     1086.6668
 VDWAALS =     -795.9822  EEL     =    -7150.5759  EGB        =    -1942.0792
 1-4 VDW =      330.9113  1-4 EEL =     5618.9867  RESTRAINT  =       45.3143
 EAMBER  =    -2615.0732


                    FINAL RESULTS



   NSTEP       ENERGY          RMS            GMAX         NAME    NUMBER
    897      -2.5698E+03     9.8492E-05     1.9744E-03     CD       1119

 BOND    =       30.9252  ANGLE   =      206.0742  DIHED      =     1086.6671
 VDWAALS =     -795.9825  EEL     =    -7150.5738  EGB        =    -1942.0813
 1-4 VDW =      330.9117  1-4 EEL =     5618.9862  RESTRAINT  =       45.3143
 EAMBER  =    -2615.0732

--------------------------------------------------------------------------------
   5.  TIMINGS
--------------------------------------------------------------------------------

|                Calc gb radii             52.92 (19.95% of Gen B)
|                Calc gb diag             100.58 (37.93% of Gen B)
|                Calc gb off-diag         111.68 (42.12% of Gen B)
|             Gen Born time            265.17 (100.0% of Nonbo)
|          Nonbond force            265.17 (99.30% of Force)
|          Bond/Angle/Dihedral        1.86 ( 0.70% of Force)
|          Other                      0.02 ( 0.01% of Force)
|       Force time               267.05 (100.0% of Runmd)
|    Runmd Time               267.05 (99.71% of Total)
|    Other                      0.78 ( 0.29% of Total)
| Total time               267.83 (100.0% of ALL  )

| Number of list builds   :          0

| Highest rstack allocated:          0
| Highest istack allocated:          0
|           Job began  at 14:22:17.853  on 02/03/2016
|           Setup done at 14:22:17.941  on 02/03/2016
|           Run   done at 14:26:45.682  on 02/03/2016
|     wallclock() was called   16174 times
