
          -------------------------------------------------------
          Amber 14 SANDER                              2014
          -------------------------------------------------------

| Run on 02/03/2016 at 13:55:14

|   Executable path: sander
| Working directory: /lustre/cs1500/scratch/kmb413/RealDecoyDisc/DecoyDiscrimination/decoys.set2.init/1aaj/Rosetta_relaxed
|          Hostname: slepner7


File Assignments:
|  MDIN: /scratch/kmb413/RealDecoyDisc/DecoyDiscrimination/scripts/min/min.in  
| MDOUT: NoH_5_empty_tag_1_340_1_0001.out                                      
|INPCRD: NoH_5_empty_tag_1_340_1_0001.rst7                                     
|  PARM: NoH_5_empty_tag_1_340_1_0001.parm7                                    
|RESTRT: min_NoH_5_empty_tag_1_340_1_0001.rst7                                 
|  REFC: NoH_5_empty_tag_1_340_1_0001.rst7                                     
| MDVEL: mdvel                                                                 
| MDFRC: mdfrc                                                                 
|  MDEN: mden                                                                  
| MDCRD: mdcrd                                                                 
|MDINFO: mdinfo                                                                
|  MTMD: mtmd                                                                  
|INPDIP: inpdip                                                                
|RSTDIP: rstdip                                                                
|INPTRA: inptraj                                                               


 Here is the input file:

                                                                               
&cntrl                                                                         
    imin = 1, maxcyc=1000,                                                     
    ntx = 1,                                                                   
    ntwr = 100, ntpr = 100,                                                    
    cut = 999.0,                                                               
    ntb = 0, igb = 8,                                                          
    ntr = 1, restraint_wt = 10, restraintmask = "!@H=",                        
/                                                                              

--------------------------------------------------------------------------------
   1.  RESOURCE   USE: 
--------------------------------------------------------------------------------

| Flags:                                                                        
| New format PARM file being parsed.
| Version =    1.000 Date = 02/03/16 Time = 11:52:44
 NATOM  =    1590 NTYPES =      14 NBONH =     791 MBONA  =     820
 NTHETH =    1812 MTHETA =    1115 NPHIH =    3578 MPHIA  =    3525
 NHPARM =       0 NPARM  =       0 NNB   =    8805 NRES   =     104
 NBONA  =     820 NTHETA =    1115 NPHIA =    3525 NUMBND =      65
 NUMANG =     152 NPTRA  =     189 NATYP =      33 NPHB   =       0
 IFBOX  =       0 NMXRS  =      24 IFCAP =       0 NEXTRA =       0
 NCOPY  =       0

 Implicit solvent radii are ArgH and AspGluO modified Bondi2 radii (mbondi3)                                
 Replacing prmtop screening parameters with GBn2 (igb=8) values

|     Memory Use     Allocated
|     Real              145027
|     Hollerith           4876
|     Integer           109197
|     Max Pairs              1
|     nblistReal             0
|     nblist Int             0
|       Total             1578 kbytes

| Note: 1-4 EEL scale factors are being read from the topology file.

| Note: 1-4 VDW scale factors are being read from the topology file.
| Duplicated    0 dihedrals
| Duplicated    0 dihedrals

--------------------------------------------------------------------------------
   2.  CONTROL  DATA  FOR  THE  RUN
--------------------------------------------------------------------------------

default_name                                                                    

General flags:
     imin    =       1, nmropt  =       0

Nature and format of input:
     ntx     =       1, irest   =       0, ntrx    =       1

Nature and format of output:
     ntxo    =       1, ntpr    =     100, ntrx    =       1, ntwr    =     100
     iwrap   =       0, ntwx    =       0, ntwv    =       0, ntwe    =       0
     ioutfm  =       0, ntwprt  =       0, idecomp =       0, rbornstat=      0

Potential function:
     ntf     =       1, ntb     =       0, igb     =       8, nsnb    =      25
     ipol    =       0, gbsa    =       0, iesp    =       0
     dielc   =   1.00000, cut     = 999.00000, intdiel =   1.00000
     saltcon =   0.00000, offset  =   0.19514, surften =   0.00500
     rdt     =   0.00000, rgbmax  =  25.00000  extdiel =  78.50000
     alpb  =        0
     gbalphaH  =   0.78844, gbbetaH   =   0.79870,  gbgammaH  =    0.43733
     gbalphaC  =   0.73376, gbbetaC   =   0.50638,  gbgammaC  =    0.20584
     gbalphaN  =   0.50336, gbbetaN   =   0.31683,  gbgammaN  =    0.19292
     gbalphaOS =   0.86781, gbbetaOS  =   0.87664,  gbgammaOS =    0.38788
     gbalphaP  =   1.00000, gbbetaP   =   0.80000,  gbgammaP  =    4.85000
     gb_alpha_hnu  =   0.53705, gb_beta_hnu   =   0.36286,  gb_gamma_hnu  =    0.11670
     gb_alpha_cnu  =   0.33167, gb_beta_cnu   =   0.19684,  gb_gamma_cnu  =    0.09342
     gb_alpha_nnu  =   0.68631, gb_beta_nnu   =   0.46319,  gb_gamma_nnu  =    0.13872
     gb_alpha_onu  =   0.60634, gb_beta_onu   =   0.46301,  gb_gamma_onu  =    0.14226
     gb_alpha_pnu  =   0.41836, gb_beta_pnu   =   0.29005,  gb_gamma_pnu  =    0.10642

Frozen or restrained atoms:
     ibelly  =       0, ntr     =       1
     restraint_wt =  10.00000

Energy minimization:
     maxcyc  =    1000, ncyc    =      10, ntmin   =       1
     dx0     =   0.01000, drms    =   0.00010
|  INFO: Old style inpcrd file read


    LOADING THE CONSTRAINED ATOMS AS GROUPS


   5.  REFERENCE ATOM COORDINATES

  defa
     Mask !@H=; matches   799 atoms

--------------------------------------------------------------------------------
   3.  ATOMIC COORDINATES AND VELOCITIES
--------------------------------------------------------------------------------

default_name                                                                    
 begin time read from input coords =     0.000 ps

 Number of triangulated 3-point waters found:        0

--------------------------------------------------------------------------------
   4.  RESULTS
--------------------------------------------------------------------------------



   NSTEP       ENERGY          RMS            GMAX         NAME    NUMBER
      1      -2.1887E+03     9.3436E+00     8.5833E+01     HA        430

 BOND    =       70.2964  ANGLE   =      211.0238  DIHED      =     1094.0659
 VDWAALS =     -653.8138  EEL     =    -7487.4413  EGB        =    -1567.5230
 1-4 VDW =      437.5831  1-4 EEL =     5707.0712  RESTRAINT  =        0.0000


   NSTEP       ENERGY          RMS            GMAX         NAME    NUMBER
    100      -2.5660E+03     2.8583E-01     3.0901E+00     CD        437

 BOND    =       32.4784  ANGLE   =      208.5637  DIHED      =     1097.2733
 VDWAALS =     -798.2591  EEL     =    -7514.7882  EGB        =    -1585.2911
 1-4 VDW =      329.9084  1-4 EEL =     5621.7359  RESTRAINT  =       42.3872
 EAMBER  =    -2608.3788


   NSTEP       ENERGY          RMS            GMAX         NAME    NUMBER
    200      -2.5715E+03     1.4082E-01     1.5465E+00     CD        437

 BOND    =       32.5680  ANGLE   =      209.3484  DIHED      =     1096.0254
 VDWAALS =     -800.9542  EEL     =    -7518.5407  EGB        =    -1585.8865
 1-4 VDW =      329.6081  1-4 EEL =     5621.5407  RESTRAINT  =       44.8069
 EAMBER  =    -2616.2909


   NSTEP       ENERGY          RMS            GMAX         NAME    NUMBER
    300      -2.5731E+03     3.3740E-01     1.2524E+01     OG1      1388

 BOND    =       32.6872  ANGLE   =      209.9440  DIHED      =     1096.0840
 VDWAALS =     -802.4578  EEL     =    -7525.3185  EGB        =    -1581.3403
 1-4 VDW =      330.0163  1-4 EEL =     5622.3816  RESTRAINT  =       44.8608
 EAMBER  =    -2618.0036


   NSTEP       ENERGY          RMS            GMAX         NAME    NUMBER
    400      -2.5761E+03     7.4517E-02     1.4716E+00     CB       1382

 BOND    =       32.2617  ANGLE   =      208.6577  DIHED      =     1094.0300
 VDWAALS =     -801.6886  EEL     =    -7529.0671  EGB        =    -1578.0763
 1-4 VDW =      330.6488  1-4 EEL =     5622.9154  RESTRAINT  =       44.2661
 EAMBER  =    -2620.3183


   NSTEP       ENERGY          RMS            GMAX         NAME    NUMBER
    500      -2.5761E+03     3.0183E-02     4.6708E-01     CD        437

 BOND    =       32.2708  ANGLE   =      208.7044  DIHED      =     1094.3131
 VDWAALS =     -801.7750  EEL     =    -7529.0117  EGB        =    -1578.1289
 1-4 VDW =      330.6026  1-4 EEL =     5622.6701  RESTRAINT  =       44.2528
 EAMBER  =    -2620.3547


   NSTEP       ENERGY          RMS            GMAX         NAME    NUMBER
    600      -2.5810E+03     5.6362E-02     1.1371E+00     OG1       604

 BOND    =       32.3425  ANGLE   =      208.9557  DIHED      =     1093.6481
 VDWAALS =     -800.7606  EEL     =    -7535.3146  EGB        =    -1577.4264
 1-4 VDW =      330.6260  1-4 EEL =     5623.0239  RESTRAINT  =       43.9268
 EAMBER  =    -2624.9054


   NSTEP       ENERGY          RMS            GMAX         NAME    NUMBER
    700      -2.5811E+03     1.1505E-02     1.7083E-01     CD        437

 BOND    =       32.2945  ANGLE   =      208.8442  DIHED      =     1093.6963
 VDWAALS =     -800.8366  EEL     =    -7535.4996  EGB        =    -1577.5201
 1-4 VDW =      330.7848  1-4 EEL =     5623.3026  RESTRAINT  =       43.8565
 EAMBER  =    -2624.9340


   NSTEP       ENERGY          RMS            GMAX         NAME    NUMBER
    800      -2.5811E+03     8.5067E-03     9.3511E-02     CG2       600

 BOND    =       32.2770  ANGLE   =      208.7988  DIHED      =     1093.8108
 VDWAALS =     -800.9530  EEL     =    -7535.4301  EGB        =    -1577.5714
 1-4 VDW =      330.8218  1-4 EEL =     5623.2864  RESTRAINT  =       43.8639
 EAMBER  =    -2624.9597


   NSTEP       ENERGY          RMS            GMAX         NAME    NUMBER
    900      -2.5811E+03     6.6466E-03     1.0740E-01     CA        610

 BOND    =       32.2699  ANGLE   =      208.7682  DIHED      =     1093.9559
 VDWAALS =     -801.1261  EEL     =    -7535.3649  EGB        =    -1577.6058
 1-4 VDW =      330.8350  1-4 EEL =     5623.2477  RESTRAINT  =       43.9043
 EAMBER  =    -2625.0202


   NSTEP       ENERGY          RMS            GMAX         NAME    NUMBER
   1000      -2.5811E+03     1.2238E-02     1.7945E-01     CD2       659

 BOND    =       32.2571  ANGLE   =      208.7257  DIHED      =     1094.1214
 VDWAALS =     -801.3223  EEL     =    -7535.3093  EGB        =    -1577.6303
 1-4 VDW =      330.8606  1-4 EEL =     5623.2221  RESTRAINT  =       43.9429
 EAMBER  =    -2625.0750


  Maximum number of minimization cycles reached.


                    FINAL RESULTS



   NSTEP       ENERGY          RMS            GMAX         NAME    NUMBER
   1000      -2.5811E+03     1.2238E-02     1.7945E-01     CD2       659

 BOND    =       32.2571  ANGLE   =      208.7257  DIHED      =     1094.1214
 VDWAALS =     -801.3223  EEL     =    -7535.3093  EGB        =    -1577.6303
 1-4 VDW =      330.8606  1-4 EEL =     5623.2221  RESTRAINT  =       43.9429
 EAMBER  =    -2625.0750

--------------------------------------------------------------------------------
   5.  TIMINGS
--------------------------------------------------------------------------------

|                Calc gb radii             58.94 (20.32% of Gen B)
|                Calc gb diag             109.22 (37.65% of Gen B)
|                Calc gb off-diag         121.96 (42.04% of Gen B)
|             Gen Born time            290.12 (100.0% of Nonbo)
|          Nonbond force            290.12 (99.29% of Force)
|          Bond/Angle/Dihedral        2.07 ( 0.71% of Force)
|          Other                      0.02 ( 0.01% of Force)
|       Force time               292.21 (100.0% of Runmd)
|    Runmd Time               292.21 (99.71% of Total)
|    Other                      0.84 ( 0.29% of Total)
| Total time               293.06 (100.0% of ALL  )

| Number of list builds   :          0

| Highest rstack allocated:          0
| Highest istack allocated:          0
|           Job began  at 13:55:14.224  on 02/03/2016
|           Setup done at 13:55:14.291  on 02/03/2016
|           Run   done at 14:00:07.280  on 02/03/2016
|     wallclock() was called   18028 times
