
          -------------------------------------------------------
          Amber 14 SANDER                              2014
          -------------------------------------------------------

| Run on 02/03/2016 at 13:17:21

|   Executable path: sander
| Working directory: /lustre/cs1500/scratch/kmb413/RealDecoyDisc/DecoyDiscrimination/decoys.set2.init/1aaj/Rosetta_relaxed
|          Hostname: slepner7


File Assignments:
|  MDIN: /scratch/kmb413/RealDecoyDisc/DecoyDiscrimination/scripts/min/min.in  
| MDOUT: NoH_5_empty_tag_1306_0001_0001.out                                    
|INPCRD: NoH_5_empty_tag_1306_0001_0001.rst7                                   
|  PARM: NoH_5_empty_tag_1306_0001_0001.parm7                                  
|RESTRT: min_NoH_5_empty_tag_1306_0001_0001.rst7                               
|  REFC: NoH_5_empty_tag_1306_0001_0001.rst7                                   
| MDVEL: mdvel                                                                 
| MDFRC: mdfrc                                                                 
|  MDEN: mden                                                                  
| MDCRD: mdcrd                                                                 
|MDINFO: mdinfo                                                                
|  MTMD: mtmd                                                                  
|INPDIP: inpdip                                                                
|RSTDIP: rstdip                                                                
|INPTRA: inptraj                                                               


 Here is the input file:

                                                                               
&cntrl                                                                         
    imin = 1, maxcyc=1000,                                                     
    ntx = 1,                                                                   
    ntwr = 100, ntpr = 100,                                                    
    cut = 999.0,                                                               
    ntb = 0, igb = 8,                                                          
    ntr = 1, restraint_wt = 10, restraintmask = "!@H=",                        
/                                                                              

--------------------------------------------------------------------------------
   1.  RESOURCE   USE: 
--------------------------------------------------------------------------------

| Flags:                                                                        
| New format PARM file being parsed.
| Version =    1.000 Date = 02/03/16 Time = 11:52:41
 NATOM  =    1590 NTYPES =      14 NBONH =     791 MBONA  =     820
 NTHETH =    1812 MTHETA =    1115 NPHIH =    3578 MPHIA  =    3525
 NHPARM =       0 NPARM  =       0 NNB   =    8805 NRES   =     104
 NBONA  =     820 NTHETA =    1115 NPHIA =    3525 NUMBND =      65
 NUMANG =     152 NPTRA  =     189 NATYP =      33 NPHB   =       0
 IFBOX  =       0 NMXRS  =      24 IFCAP =       0 NEXTRA =       0
 NCOPY  =       0

 Implicit solvent radii are ArgH and AspGluO modified Bondi2 radii (mbondi3)                                
 Replacing prmtop screening parameters with GBn2 (igb=8) values

|     Memory Use     Allocated
|     Real              145027
|     Hollerith           4876
|     Integer           109197
|     Max Pairs              1
|     nblistReal             0
|     nblist Int             0
|       Total             1578 kbytes

| Note: 1-4 EEL scale factors are being read from the topology file.

| Note: 1-4 VDW scale factors are being read from the topology file.
| Duplicated    0 dihedrals
| Duplicated    0 dihedrals

--------------------------------------------------------------------------------
   2.  CONTROL  DATA  FOR  THE  RUN
--------------------------------------------------------------------------------

default_name                                                                    

General flags:
     imin    =       1, nmropt  =       0

Nature and format of input:
     ntx     =       1, irest   =       0, ntrx    =       1

Nature and format of output:
     ntxo    =       1, ntpr    =     100, ntrx    =       1, ntwr    =     100
     iwrap   =       0, ntwx    =       0, ntwv    =       0, ntwe    =       0
     ioutfm  =       0, ntwprt  =       0, idecomp =       0, rbornstat=      0

Potential function:
     ntf     =       1, ntb     =       0, igb     =       8, nsnb    =      25
     ipol    =       0, gbsa    =       0, iesp    =       0
     dielc   =   1.00000, cut     = 999.00000, intdiel =   1.00000
     saltcon =   0.00000, offset  =   0.19514, surften =   0.00500
     rdt     =   0.00000, rgbmax  =  25.00000  extdiel =  78.50000
     alpb  =        0
     gbalphaH  =   0.78844, gbbetaH   =   0.79870,  gbgammaH  =    0.43733
     gbalphaC  =   0.73376, gbbetaC   =   0.50638,  gbgammaC  =    0.20584
     gbalphaN  =   0.50336, gbbetaN   =   0.31683,  gbgammaN  =    0.19292
     gbalphaOS =   0.86781, gbbetaOS  =   0.87664,  gbgammaOS =    0.38788
     gbalphaP  =   1.00000, gbbetaP   =   0.80000,  gbgammaP  =    4.85000
     gb_alpha_hnu  =   0.53705, gb_beta_hnu   =   0.36286,  gb_gamma_hnu  =    0.11670
     gb_alpha_cnu  =   0.33167, gb_beta_cnu   =   0.19684,  gb_gamma_cnu  =    0.09342
     gb_alpha_nnu  =   0.68631, gb_beta_nnu   =   0.46319,  gb_gamma_nnu  =    0.13872
     gb_alpha_onu  =   0.60634, gb_beta_onu   =   0.46301,  gb_gamma_onu  =    0.14226
     gb_alpha_pnu  =   0.41836, gb_beta_pnu   =   0.29005,  gb_gamma_pnu  =    0.10642

Frozen or restrained atoms:
     ibelly  =       0, ntr     =       1
     restraint_wt =  10.00000

Energy minimization:
     maxcyc  =    1000, ncyc    =      10, ntmin   =       1
     dx0     =   0.01000, drms    =   0.00010
|  INFO: Old style inpcrd file read


    LOADING THE CONSTRAINED ATOMS AS GROUPS


   5.  REFERENCE ATOM COORDINATES

  defa
     Mask !@H=; matches   799 atoms

--------------------------------------------------------------------------------
   3.  ATOMIC COORDINATES AND VELOCITIES
--------------------------------------------------------------------------------

default_name                                                                    
 begin time read from input coords =     0.000 ps

 Number of triangulated 3-point waters found:        0

--------------------------------------------------------------------------------
   4.  RESULTS
--------------------------------------------------------------------------------



   NSTEP       ENERGY          RMS            GMAX         NAME    NUMBER
      1      -2.1958E+03     9.0707E+00     6.2031E+01     OE1       945

 BOND    =       70.0966  ANGLE   =      211.6060  DIHED      =     1087.3610
 VDWAALS =     -662.2596  EEL     =    -7336.0559  EGB        =    -1733.9141
 1-4 VDW =      442.4904  1-4 EEL =     5724.9145  RESTRAINT  =        0.0000


   NSTEP       ENERGY          RMS            GMAX         NAME    NUMBER
    100      -2.5737E+03     6.1247E-01     6.9496E+00     HG1       605

 BOND    =       32.1688  ANGLE   =      210.4884  DIHED      =     1091.3703
 VDWAALS =     -810.8460  EEL     =    -7347.5375  EGB        =    -1757.0304
 1-4 VDW =      330.2977  1-4 EEL =     5630.8904  RESTRAINT  =       46.5099
 EAMBER  =    -2620.1982


   NSTEP       ENERGY          RMS            GMAX         NAME    NUMBER
    200      -2.5850E+03     1.7069E-01     1.6529E+00     CE2       650

 BOND    =       31.6639  ANGLE   =      209.3582  DIHED      =     1087.6766
 VDWAALS =     -811.4287  EEL     =    -7354.9352  EGB        =    -1758.3417
 1-4 VDW =      331.1214  1-4 EEL =     5634.1929  RESTRAINT  =       45.7114
 EAMBER  =    -2630.6925


   NSTEP       ENERGY          RMS            GMAX         NAME    NUMBER
    300      -2.5870E+03     1.8270E-01     3.1275E+00     HG        116

 BOND    =       31.7569  ANGLE   =      209.8925  DIHED      =     1087.0822
 VDWAALS =     -812.4765  EEL     =    -7355.9175  EGB        =    -1758.9706
 1-4 VDW =      330.9217  1-4 EEL =     5634.3854  RESTRAINT  =       46.3752
 EAMBER  =    -2633.3260


   NSTEP       ENERGY          RMS            GMAX         NAME    NUMBER
    400      -2.5883E+03     1.6061E-02     1.9894E-01     CA        110

 BOND    =       31.4722  ANGLE   =      208.9354  DIHED      =     1086.3934
 VDWAALS =     -812.0464  EEL     =    -7357.8959  EGB        =    -1757.9026
 1-4 VDW =      331.9334  1-4 EEL =     5634.9975  RESTRAINT  =       45.7817
 EAMBER  =    -2634.1130


   NSTEP       ENERGY          RMS            GMAX         NAME    NUMBER
    500      -2.5883E+03     2.8419E-03     5.8812E-02     HG1       635

 BOND    =       31.4547  ANGLE   =      208.8327  DIHED      =     1086.4346
 VDWAALS =     -811.9484  EEL     =    -7357.7781  EGB        =    -1757.9705
 1-4 VDW =      332.0161  1-4 EEL =     5634.8777  RESTRAINT  =       45.7350
 EAMBER  =    -2634.0814


   NSTEP       ENERGY          RMS            GMAX         NAME    NUMBER
    600      -2.5884E+03     1.5001E-02     1.9998E-01     CB        612

 BOND    =       31.4722  ANGLE   =      208.8828  DIHED      =     1086.6207
 VDWAALS =     -811.9821  EEL     =    -7357.4511  EGB        =    -1758.2558
 1-4 VDW =      331.9605  1-4 EEL =     5634.6411  RESTRAINT  =       45.7536
 EAMBER  =    -2634.1117


   NSTEP       ENERGY          RMS            GMAX         NAME    NUMBER
    700      -2.5935E+03     1.9279E-01     4.3176E+00     CB        628

 BOND    =       31.7970  ANGLE   =      209.7348  DIHED      =     1086.6679
 VDWAALS =     -811.6945  EEL     =    -7360.8408  EGB        =    -1760.5125
 1-4 VDW =      331.2395  1-4 EEL =     5633.8366  RESTRAINT  =       46.3087
 EAMBER  =    -2639.7720


   NSTEP       ENERGY          RMS            GMAX         NAME    NUMBER
    800      -2.5941E+03     4.4250E-03     5.9477E-02     CG2       630

 BOND    =       31.5054  ANGLE   =      208.7580  DIHED      =     1086.0813
 VDWAALS =     -810.5964  EEL     =    -7361.0962  EGB        =    -1760.5419
 1-4 VDW =      332.0697  1-4 EEL =     5634.3886  RESTRAINT  =       45.3792
 EAMBER  =    -2639.4315


   NSTEP       ENERGY          RMS            GMAX         NAME    NUMBER
    900      -2.5941E+03     5.2940E-04     5.4621E-03     CB        628

 BOND    =       31.4997  ANGLE   =      208.7395  DIHED      =     1086.0819
 VDWAALS =     -810.5838  EEL     =    -7361.0672  EGB        =    -1760.5680
 1-4 VDW =      332.0906  1-4 EEL =     5634.3881  RESTRAINT  =       45.3657
 EAMBER  =    -2639.4193

     ... RESTARTED DUE TO LINMIN FAILURE ...


                    FINAL RESULTS



   NSTEP       ENERGY          RMS            GMAX         NAME    NUMBER
    971      -2.5941E+03     9.3158E-05     1.2931E-03     HG       1180

 BOND    =       31.4986  ANGLE   =      208.7352  DIHED      =     1086.0818
 VDWAALS =     -810.5807  EEL     =    -7361.0623  EGB        =    -1760.5723
 1-4 VDW =      332.0954  1-4 EEL =     5634.3890  RESTRAINT  =       45.3616
 EAMBER  =    -2639.4153

--------------------------------------------------------------------------------
   5.  TIMINGS
--------------------------------------------------------------------------------

|                Calc gb radii             57.65 (20.09% of Gen B)
|                Calc gb diag             107.91 (37.60% of Gen B)
|                Calc gb off-diag         121.41 (42.31% of Gen B)
|             Gen Born time            286.97 (100.0% of Nonbo)
|          Nonbond force            286.97 (99.30% of Force)
|          Bond/Angle/Dihedral        2.01 ( 0.69% of Force)
|          Other                      0.02 ( 0.01% of Force)
|       Force time               289.00 (100.0% of Runmd)
|    Runmd Time               289.00 (99.80% of Total)
|    Other                      0.58 ( 0.20% of Total)
| Total time               289.58 (100.0% of ALL  )

| Number of list builds   :          0

| Highest rstack allocated:          0
| Highest istack allocated:          0
|           Job began  at 13:17:21.810  on 02/03/2016
|           Setup done at 13:17:21.883  on 02/03/2016
|           Run   done at 13:22:11.391  on 02/03/2016
|     wallclock() was called   17506 times
