
          -------------------------------------------------------
          Amber 14 SANDER                              2014
          -------------------------------------------------------

| Run on 02/03/2016 at 14:09:40

|   Executable path: sander
| Working directory: /lustre/cs1500/scratch/kmb413/RealDecoyDisc/DecoyDiscrimination/decoys.set2.init/1aaj/Rosetta_relaxed
|          Hostname: slepner25


File Assignments:
|  MDIN: /scratch/kmb413/RealDecoyDisc/DecoyDiscrimination/scripts/min/min.in  
| MDOUT: NoH_4_empty_tag_1_329_0001.out                                        
|INPCRD: NoH_4_empty_tag_1_329_0001.rst7                                       
|  PARM: NoH_4_empty_tag_1_329_0001.parm7                                      
|RESTRT: min_NoH_4_empty_tag_1_329_0001.rst7                                   
|  REFC: NoH_4_empty_tag_1_329_0001.rst7                                       
| MDVEL: mdvel                                                                 
| MDFRC: mdfrc                                                                 
|  MDEN: mden                                                                  
| MDCRD: mdcrd                                                                 
|MDINFO: mdinfo                                                                
|  MTMD: mtmd                                                                  
|INPDIP: inpdip                                                                
|RSTDIP: rstdip                                                                
|INPTRA: inptraj                                                               


 Here is the input file:

                                                                               
&cntrl                                                                         
    imin = 1, maxcyc=1000,                                                     
    ntx = 1,                                                                   
    ntwr = 100, ntpr = 100,                                                    
    cut = 999.0,                                                               
    ntb = 0, igb = 8,                                                          
    ntr = 1, restraint_wt = 10, restraintmask = "!@H=",                        
/                                                                              

--------------------------------------------------------------------------------
   1.  RESOURCE   USE: 
--------------------------------------------------------------------------------

| Flags:                                                                        
| New format PARM file being parsed.
| Version =    1.000 Date = 02/03/16 Time = 11:50:51
 NATOM  =    1590 NTYPES =      14 NBONH =     791 MBONA  =     820
 NTHETH =    1812 MTHETA =    1115 NPHIH =    3578 MPHIA  =    3525
 NHPARM =       0 NPARM  =       0 NNB   =    8805 NRES   =     104
 NBONA  =     820 NTHETA =    1115 NPHIA =    3525 NUMBND =      65
 NUMANG =     152 NPTRA  =     189 NATYP =      33 NPHB   =       0
 IFBOX  =       0 NMXRS  =      24 IFCAP =       0 NEXTRA =       0
 NCOPY  =       0

 Implicit solvent radii are ArgH and AspGluO modified Bondi2 radii (mbondi3)                                
 Replacing prmtop screening parameters with GBn2 (igb=8) values

|     Memory Use     Allocated
|     Real              145027
|     Hollerith           4876
|     Integer           109197
|     Max Pairs              1
|     nblistReal             0
|     nblist Int             0
|       Total             1578 kbytes

| Note: 1-4 EEL scale factors are being read from the topology file.

| Note: 1-4 VDW scale factors are being read from the topology file.
| Duplicated    0 dihedrals
| Duplicated    0 dihedrals

--------------------------------------------------------------------------------
   2.  CONTROL  DATA  FOR  THE  RUN
--------------------------------------------------------------------------------

default_name                                                                    

General flags:
     imin    =       1, nmropt  =       0

Nature and format of input:
     ntx     =       1, irest   =       0, ntrx    =       1

Nature and format of output:
     ntxo    =       1, ntpr    =     100, ntrx    =       1, ntwr    =     100
     iwrap   =       0, ntwx    =       0, ntwv    =       0, ntwe    =       0
     ioutfm  =       0, ntwprt  =       0, idecomp =       0, rbornstat=      0

Potential function:
     ntf     =       1, ntb     =       0, igb     =       8, nsnb    =      25
     ipol    =       0, gbsa    =       0, iesp    =       0
     dielc   =   1.00000, cut     = 999.00000, intdiel =   1.00000
     saltcon =   0.00000, offset  =   0.19514, surften =   0.00500
     rdt     =   0.00000, rgbmax  =  25.00000  extdiel =  78.50000
     alpb  =        0
     gbalphaH  =   0.78844, gbbetaH   =   0.79870,  gbgammaH  =    0.43733
     gbalphaC  =   0.73376, gbbetaC   =   0.50638,  gbgammaC  =    0.20584
     gbalphaN  =   0.50336, gbbetaN   =   0.31683,  gbgammaN  =    0.19292
     gbalphaOS =   0.86781, gbbetaOS  =   0.87664,  gbgammaOS =    0.38788
     gbalphaP  =   1.00000, gbbetaP   =   0.80000,  gbgammaP  =    4.85000
     gb_alpha_hnu  =   0.53705, gb_beta_hnu   =   0.36286,  gb_gamma_hnu  =    0.11670
     gb_alpha_cnu  =   0.33167, gb_beta_cnu   =   0.19684,  gb_gamma_cnu  =    0.09342
     gb_alpha_nnu  =   0.68631, gb_beta_nnu   =   0.46319,  gb_gamma_nnu  =    0.13872
     gb_alpha_onu  =   0.60634, gb_beta_onu   =   0.46301,  gb_gamma_onu  =    0.14226
     gb_alpha_pnu  =   0.41836, gb_beta_pnu   =   0.29005,  gb_gamma_pnu  =    0.10642

Frozen or restrained atoms:
     ibelly  =       0, ntr     =       1
     restraint_wt =  10.00000

Energy minimization:
     maxcyc  =    1000, ncyc    =      10, ntmin   =       1
     dx0     =   0.01000, drms    =   0.00010
|  INFO: Old style inpcrd file read


    LOADING THE CONSTRAINED ATOMS AS GROUPS


   5.  REFERENCE ATOM COORDINATES

  defa
     Mask !@H=; matches   799 atoms

--------------------------------------------------------------------------------
   3.  ATOMIC COORDINATES AND VELOCITIES
--------------------------------------------------------------------------------

default_name                                                                    
 begin time read from input coords =     0.000 ps

 Number of triangulated 3-point waters found:        0

--------------------------------------------------------------------------------
   4.  RESULTS
--------------------------------------------------------------------------------



   NSTEP       ENERGY          RMS            GMAX         NAME    NUMBER
      1      -2.2414E+03     8.9987E+00     5.8947E+01     OE1      1120

 BOND    =       69.6114  ANGLE   =      211.3912  DIHED      =     1069.5352
 VDWAALS =     -694.6727  EEL     =    -7421.1529  EGB        =    -1625.9162
 1-4 VDW =      438.1895  1-4 EEL =     5711.6644  RESTRAINT  =        0.0000


   NSTEP       ENERGY          RMS            GMAX         NAME    NUMBER
    100      -2.5919E+03     4.9501E-01     7.2677E+00     HG1       635

 BOND    =       31.5507  ANGLE   =      208.8450  DIHED      =     1073.0908
 VDWAALS =     -822.9211  EEL     =    -7432.0585  EGB        =    -1650.5143
 1-4 VDW =      326.7647  1-4 EEL =     5630.7409  RESTRAINT  =       42.6205
 EAMBER  =    -2634.5019


   NSTEP       ENERGY          RMS            GMAX         NAME    NUMBER
    200      -2.6081E+03     3.5904E-01     3.9261E+00     CE2       650

 BOND    =       31.7341  ANGLE   =      208.7219  DIHED      =     1069.9760
 VDWAALS =     -821.8199  EEL     =    -7443.1278  EGB        =    -1652.6937
 1-4 VDW =      327.2948  1-4 EEL =     5629.5521  RESTRAINT  =       42.3088
 EAMBER  =    -2650.3625


   NSTEP       ENERGY          RMS            GMAX         NAME    NUMBER
    300      -2.6101E+03     1.3311E-02     1.8868E-01     OG1       604

 BOND    =       31.0748  ANGLE   =      207.5953  DIHED      =     1068.3698
 VDWAALS =     -821.6718  EEL     =    -7442.9630  EGB        =    -1652.9720
 1-4 VDW =      329.0076  1-4 EEL =     5630.2051  RESTRAINT  =       41.2862
 EAMBER  =    -2651.3543


   NSTEP       ENERGY          RMS            GMAX         NAME    NUMBER
    400      -2.6101E+03     1.2006E-02     1.6016E-01     OG1       604

 BOND    =       31.0793  ANGLE   =      207.6420  DIHED      =     1068.4068
 VDWAALS =     -821.8563  EEL     =    -7443.0659  EGB        =    -1652.9579
 1-4 VDW =      329.0011  1-4 EEL =     5630.2792  RESTRAINT  =       41.3856
 EAMBER  =    -2651.4717


   NSTEP       ENERGY          RMS            GMAX         NAME    NUMBER
    500      -2.6101E+03     4.5720E-03     6.7607E-02     CB        612

 BOND    =       31.0716  ANGLE   =      207.6426  DIHED      =     1068.4361
 VDWAALS =     -821.9280  EEL     =    -7443.0732  EGB        =    -1652.9530
 1-4 VDW =      329.0094  1-4 EEL =     5630.2944  RESTRAINT  =       41.4115
 EAMBER  =    -2651.5003


   NSTEP       ENERGY          RMS            GMAX         NAME    NUMBER
    600      -2.6101E+03     1.0139E-03     1.0524E-02     OG1       604

 BOND    =       31.0825  ANGLE   =      207.6645  DIHED      =     1068.4528
 VDWAALS =     -821.9650  EEL     =    -7443.0917  EGB        =    -1652.9564
 1-4 VDW =      328.9921  1-4 EEL =     5630.2948  RESTRAINT  =       41.4371
 EAMBER  =    -2651.5264


   NSTEP       ENERGY          RMS            GMAX         NAME    NUMBER
    700      -2.6101E+03     4.6684E-04     5.2731E-03     OG1       604

 BOND    =       31.0816  ANGLE   =      207.6643  DIHED      =     1068.4549
 VDWAALS =     -821.9679  EEL     =    -7443.0901  EGB        =    -1652.9562
 1-4 VDW =      328.9940  1-4 EEL =     5630.2932  RESTRAINT  =       41.4367
 EAMBER  =    -2651.5261


                    FINAL RESULTS



   NSTEP       ENERGY          RMS            GMAX         NAME    NUMBER
    772      -2.6101E+03     8.9961E-05     1.8015E-03     HG11      528

 BOND    =       31.0812  ANGLE   =      207.6643  DIHED      =     1068.4559
 VDWAALS =     -821.9697  EEL     =    -7443.0895  EGB        =    -1652.9565
 1-4 VDW =      328.9944  1-4 EEL =     5630.2936  RESTRAINT  =       41.4369
 EAMBER  =    -2651.5263

--------------------------------------------------------------------------------
   5.  TIMINGS
--------------------------------------------------------------------------------

|                Calc gb radii             46.11 (20.25% of Gen B)
|                Calc gb diag              85.73 (37.66% of Gen B)
|                Calc gb off-diag          95.81 (42.09% of Gen B)
|             Gen Born time            227.65 (100.0% of Nonbo)
|          Nonbond force            227.65 (99.30% of Force)
|          Bond/Angle/Dihedral        1.60 ( 0.70% of Force)
|          Other                      0.01 ( 0.01% of Force)
|       Force time               229.26 (100.0% of Runmd)
|    Runmd Time               229.26 (99.82% of Total)
|    Other                      0.42 ( 0.18% of Total)
| Total time               229.68 (100.0% of ALL  )

| Number of list builds   :          0

| Highest rstack allocated:          0
| Highest istack allocated:          0
|           Job began  at 14:09:40.031  on 02/03/2016
|           Setup done at 14:09:40.120  on 02/03/2016
|           Run   done at 14:13:29.713  on 02/03/2016
|     wallclock() was called   13924 times
