
          -------------------------------------------------------
          Amber 14 SANDER                              2014
          -------------------------------------------------------

| Run on 02/03/2016 at 15:03:05

|   Executable path: sander
| Working directory: /lustre/cs1500/scratch/kmb413/RealDecoyDisc/DecoyDiscrimination/decoys.set2.init/1aaj/Rosetta_relaxed
|          Hostname: slepner25


File Assignments:
|  MDIN: /scratch/kmb413/RealDecoyDisc/DecoyDiscrimination/scripts/min/min.in  
| MDOUT: NoH_4_empty_tag_1_368_0001.out                                        
|INPCRD: NoH_4_empty_tag_1_368_0001.rst7                                       
|  PARM: NoH_4_empty_tag_1_368_0001.parm7                                      
|RESTRT: min_NoH_4_empty_tag_1_368_0001.rst7                                   
|  REFC: NoH_4_empty_tag_1_368_0001.rst7                                       
| MDVEL: mdvel                                                                 
| MDFRC: mdfrc                                                                 
|  MDEN: mden                                                                  
| MDCRD: mdcrd                                                                 
|MDINFO: mdinfo                                                                
|  MTMD: mtmd                                                                  
|INPDIP: inpdip                                                                
|RSTDIP: rstdip                                                                
|INPTRA: inptraj                                                               


 Here is the input file:

                                                                               
&cntrl                                                                         
    imin = 1, maxcyc=1000,                                                     
    ntx = 1,                                                                   
    ntwr = 100, ntpr = 100,                                                    
    cut = 999.0,                                                               
    ntb = 0, igb = 8,                                                          
    ntr = 1, restraint_wt = 10, restraintmask = "!@H=",                        
/                                                                              

--------------------------------------------------------------------------------
   1.  RESOURCE   USE: 
--------------------------------------------------------------------------------

| Flags:                                                                        
| New format PARM file being parsed.
| Version =    1.000 Date = 02/03/16 Time = 11:50:56
 NATOM  =    1590 NTYPES =      14 NBONH =     791 MBONA  =     820
 NTHETH =    1812 MTHETA =    1115 NPHIH =    3578 MPHIA  =    3525
 NHPARM =       0 NPARM  =       0 NNB   =    8805 NRES   =     104
 NBONA  =     820 NTHETA =    1115 NPHIA =    3525 NUMBND =      65
 NUMANG =     152 NPTRA  =     189 NATYP =      33 NPHB   =       0
 IFBOX  =       0 NMXRS  =      24 IFCAP =       0 NEXTRA =       0
 NCOPY  =       0

 Implicit solvent radii are ArgH and AspGluO modified Bondi2 radii (mbondi3)                                
 Replacing prmtop screening parameters with GBn2 (igb=8) values

|     Memory Use     Allocated
|     Real              145027
|     Hollerith           4876
|     Integer           109197
|     Max Pairs              1
|     nblistReal             0
|     nblist Int             0
|       Total             1578 kbytes

| Note: 1-4 EEL scale factors are being read from the topology file.

| Note: 1-4 VDW scale factors are being read from the topology file.
| Duplicated    0 dihedrals
| Duplicated    0 dihedrals

--------------------------------------------------------------------------------
   2.  CONTROL  DATA  FOR  THE  RUN
--------------------------------------------------------------------------------

default_name                                                                    

General flags:
     imin    =       1, nmropt  =       0

Nature and format of input:
     ntx     =       1, irest   =       0, ntrx    =       1

Nature and format of output:
     ntxo    =       1, ntpr    =     100, ntrx    =       1, ntwr    =     100
     iwrap   =       0, ntwx    =       0, ntwv    =       0, ntwe    =       0
     ioutfm  =       0, ntwprt  =       0, idecomp =       0, rbornstat=      0

Potential function:
     ntf     =       1, ntb     =       0, igb     =       8, nsnb    =      25
     ipol    =       0, gbsa    =       0, iesp    =       0
     dielc   =   1.00000, cut     = 999.00000, intdiel =   1.00000
     saltcon =   0.00000, offset  =   0.19514, surften =   0.00500
     rdt     =   0.00000, rgbmax  =  25.00000  extdiel =  78.50000
     alpb  =        0
     gbalphaH  =   0.78844, gbbetaH   =   0.79870,  gbgammaH  =    0.43733
     gbalphaC  =   0.73376, gbbetaC   =   0.50638,  gbgammaC  =    0.20584
     gbalphaN  =   0.50336, gbbetaN   =   0.31683,  gbgammaN  =    0.19292
     gbalphaOS =   0.86781, gbbetaOS  =   0.87664,  gbgammaOS =    0.38788
     gbalphaP  =   1.00000, gbbetaP   =   0.80000,  gbgammaP  =    4.85000
     gb_alpha_hnu  =   0.53705, gb_beta_hnu   =   0.36286,  gb_gamma_hnu  =    0.11670
     gb_alpha_cnu  =   0.33167, gb_beta_cnu   =   0.19684,  gb_gamma_cnu  =    0.09342
     gb_alpha_nnu  =   0.68631, gb_beta_nnu   =   0.46319,  gb_gamma_nnu  =    0.13872
     gb_alpha_onu  =   0.60634, gb_beta_onu   =   0.46301,  gb_gamma_onu  =    0.14226
     gb_alpha_pnu  =   0.41836, gb_beta_pnu   =   0.29005,  gb_gamma_pnu  =    0.10642

Frozen or restrained atoms:
     ibelly  =       0, ntr     =       1
     restraint_wt =  10.00000

Energy minimization:
     maxcyc  =    1000, ncyc    =      10, ntmin   =       1
     dx0     =   0.01000, drms    =   0.00010
|  INFO: Old style inpcrd file read


    LOADING THE CONSTRAINED ATOMS AS GROUPS


   5.  REFERENCE ATOM COORDINATES

  defa
     Mask !@H=; matches   799 atoms

--------------------------------------------------------------------------------
   3.  ATOMIC COORDINATES AND VELOCITIES
--------------------------------------------------------------------------------

default_name                                                                    
 begin time read from input coords =     0.000 ps

 Number of triangulated 3-point waters found:        0

--------------------------------------------------------------------------------
   4.  RESULTS
--------------------------------------------------------------------------------



   NSTEP       ENERGY          RMS            GMAX         NAME    NUMBER
      1      -2.2075E+03     9.0043E+00     6.3289E+01     OE1       945

 BOND    =       69.0920  ANGLE   =      211.4761  DIHED      =     1086.0942
 VDWAALS =     -658.4665  EEL     =    -7216.8208  EGB        =    -1874.9982
 1-4 VDW =      433.1124  1-4 EEL =     5742.9620  RESTRAINT  =        0.0000


   NSTEP       ENERGY          RMS            GMAX         NAME    NUMBER
    100      -2.5594E+03     3.1114E-01     4.8832E+00     CG        589

 BOND    =       30.6074  ANGLE   =      203.9752  DIHED      =     1092.0067
 VDWAALS =     -784.5764  EEL     =    -7244.6014  EGB        =    -1886.9227
 1-4 VDW =      327.2668  1-4 EEL =     5665.4558  RESTRAINT  =       37.3992
 EAMBER  =    -2596.7887


   NSTEP       ENERGY          RMS            GMAX         NAME    NUMBER
    200      -2.5645E+03     1.6217E-01     2.3322E+00     HG1      1389

 BOND    =       30.6527  ANGLE   =      204.7991  DIHED      =     1091.5550
 VDWAALS =     -788.0105  EEL     =    -7253.0731  EGB        =    -1882.5369
 1-4 VDW =      326.9917  1-4 EEL =     5665.9119  RESTRAINT  =       39.2155
 EAMBER  =    -2603.7101


   NSTEP       ENERGY          RMS            GMAX         NAME    NUMBER
    300      -2.5672E+03     6.8002E-02     6.1872E-01     HG1       605

 BOND    =       30.4744  ANGLE   =      204.6533  DIHED      =     1089.5547
 VDWAALS =     -789.3618  EEL     =    -7254.4330  EGB        =    -1881.6633
 1-4 VDW =      327.5216  1-4 EEL =     5666.7576  RESTRAINT  =       39.3040
 EAMBER  =    -2606.4966


   NSTEP       ENERGY          RMS            GMAX         NAME    NUMBER
    400      -2.5676E+03     1.5323E-02     2.0438E-01     CG        589

 BOND    =       30.2832  ANGLE   =      204.3681  DIHED      =     1089.2824
 VDWAALS =     -789.6255  EEL     =    -7254.6147  EGB        =    -1881.5477
 1-4 VDW =      328.0219  1-4 EEL =     5667.0685  RESTRAINT  =       39.1595
 EAMBER  =    -2606.7637


   NSTEP       ENERGY          RMS            GMAX         NAME    NUMBER
    500      -2.5686E+03     2.7782E-01     9.0177E+00     HG       1180

 BOND    =       30.9907  ANGLE   =      205.7678  DIHED      =     1090.3200
 VDWAALS =     -789.9908  EEL     =    -7259.2165  EGB        =    -1880.7488
 1-4 VDW =      326.7136  1-4 EEL =     5667.4896  RESTRAINT  =       40.0276
 EAMBER  =    -2608.6744


   NSTEP       ENERGY          RMS            GMAX         NAME    NUMBER
    600      -2.5752E+03     3.6440E-02     6.1019E-01     CB       1176

 BOND    =       30.4588  ANGLE   =      204.4535  DIHED      =     1088.9739
 VDWAALS =     -788.0153  EEL     =    -7263.5177  EGB        =    -1881.2497
 1-4 VDW =      327.9399  1-4 EEL =     5667.1485  RESTRAINT  =       38.6257
 EAMBER  =    -2613.8081


   NSTEP       ENERGY          RMS            GMAX         NAME    NUMBER
    700      -2.5756E+03     6.1489E-02     1.6667E+00     HG1       635

 BOND    =       30.5092  ANGLE   =      204.6076  DIHED      =     1088.7516
 VDWAALS =     -788.2205  EEL     =    -7266.0099  EGB        =    -1879.6660
 1-4 VDW =      327.8053  1-4 EEL =     5667.8861  RESTRAINT  =       38.7555
 EAMBER  =    -2614.3365


   NSTEP       ENERGY          RMS            GMAX         NAME    NUMBER
    800      -2.5765E+03     1.0116E-02     2.5576E-01     HG1       635

 BOND    =       30.4188  ANGLE   =      204.3544  DIHED      =     1087.3957
 VDWAALS =     -788.0956  EEL     =    -7267.8811  EGB        =    -1878.0240
 1-4 VDW =      328.1322  1-4 EEL =     5668.5327  RESTRAINT  =       38.6721
 EAMBER  =    -2615.1669


   NSTEP       ENERGY          RMS            GMAX         NAME    NUMBER
    900      -2.5765E+03     2.7588E-04     3.3399E-03     HG23      633

 BOND    =       30.4028  ANGLE   =      204.3372  DIHED      =     1087.3359
 VDWAALS =     -788.0847  EEL     =    -7267.9652  EGB        =    -1877.9462
 1-4 VDW =      328.1673  1-4 EEL =     5668.5680  RESTRAINT  =       38.6818
 EAMBER  =    -2615.1849


                    FINAL RESULTS



   NSTEP       ENERGY          RMS            GMAX         NAME    NUMBER
    996      -2.5765E+03     8.7582E-05     1.3322E-03     OG1       634

 BOND    =       30.4028  ANGLE   =      204.3370  DIHED      =     1087.3371
 VDWAALS =     -788.0847  EEL     =    -7267.9651  EGB        =    -1877.9461
 1-4 VDW =      328.1682  1-4 EEL =     5668.5658  RESTRAINT  =       38.6819
 EAMBER  =    -2615.1851

--------------------------------------------------------------------------------
   5.  TIMINGS
--------------------------------------------------------------------------------

|                Calc gb radii             59.21 (20.41% of Gen B)
|                Calc gb diag             109.87 (37.87% of Gen B)
|                Calc gb off-diag         121.02 (41.72% of Gen B)
|             Gen Born time            290.10 (100.0% of Nonbo)
|          Nonbond force            290.10 (99.29% of Force)
|          Bond/Angle/Dihedral        2.06 ( 0.70% of Force)
|          Other                      0.02 ( 0.01% of Force)
|       Force time               292.17 (100.0% of Runmd)
|    Runmd Time               292.17 (99.72% of Total)
|    Other                      0.81 ( 0.28% of Total)
| Total time               292.99 (100.0% of ALL  )

| Number of list builds   :          0

| Highest rstack allocated:          0
| Highest istack allocated:          0
|           Job began  at 15:03:05.437  on 02/03/2016
|           Setup done at 15:03:05.501  on 02/03/2016
|           Run   done at 15:07:58.427  on 02/03/2016
|     wallclock() was called   17956 times
