
          -------------------------------------------------------
          Amber 14 SANDER                              2014
          -------------------------------------------------------

| Run on 02/03/2016 at 13:41:03

|   Executable path: sander
| Working directory: /lustre/cs1500/scratch/kmb413/RealDecoyDisc/DecoyDiscrimination/decoys.set2.init/1aaj/Rosetta_relaxed
|          Hostname: slepner1


File Assignments:
|  MDIN: /scratch/kmb413/RealDecoyDisc/DecoyDiscrimination/scripts/min/min.in  
| MDOUT: NoH_1_empty_tag_1_350_0001.out                                        
|INPCRD: NoH_1_empty_tag_1_350_0001.rst7                                       
|  PARM: NoH_1_empty_tag_1_350_0001.parm7                                      
|RESTRT: min_NoH_1_empty_tag_1_350_0001.rst7                                   
|  REFC: NoH_1_empty_tag_1_350_0001.rst7                                       
| MDVEL: mdvel                                                                 
| MDFRC: mdfrc                                                                 
|  MDEN: mden                                                                  
| MDCRD: mdcrd                                                                 
|MDINFO: mdinfo                                                                
|  MTMD: mtmd                                                                  
|INPDIP: inpdip                                                                
|RSTDIP: rstdip                                                                
|INPTRA: inptraj                                                               


 Here is the input file:

                                                                               
&cntrl                                                                         
    imin = 1, maxcyc=1000,                                                     
    ntx = 1,                                                                   
    ntwr = 100, ntpr = 100,                                                    
    cut = 999.0,                                                               
    ntb = 0, igb = 8,                                                          
    ntr = 1, restraint_wt = 10, restraintmask = "!@H=",                        
/                                                                              

--------------------------------------------------------------------------------
   1.  RESOURCE   USE: 
--------------------------------------------------------------------------------

| Flags:                                                                        
| New format PARM file being parsed.
| Version =    1.000 Date = 02/03/16 Time = 11:44:58
 NATOM  =    1590 NTYPES =      14 NBONH =     791 MBONA  =     820
 NTHETH =    1812 MTHETA =    1115 NPHIH =    3578 MPHIA  =    3525
 NHPARM =       0 NPARM  =       0 NNB   =    8805 NRES   =     104
 NBONA  =     820 NTHETA =    1115 NPHIA =    3525 NUMBND =      65
 NUMANG =     152 NPTRA  =     189 NATYP =      33 NPHB   =       0
 IFBOX  =       0 NMXRS  =      24 IFCAP =       0 NEXTRA =       0
 NCOPY  =       0

 Implicit solvent radii are ArgH and AspGluO modified Bondi2 radii (mbondi3)                                
 Replacing prmtop screening parameters with GBn2 (igb=8) values

|     Memory Use     Allocated
|     Real              145027
|     Hollerith           4876
|     Integer           109197
|     Max Pairs              1
|     nblistReal             0
|     nblist Int             0
|       Total             1578 kbytes

| Note: 1-4 EEL scale factors are being read from the topology file.

| Note: 1-4 VDW scale factors are being read from the topology file.
| Duplicated    0 dihedrals
| Duplicated    0 dihedrals

--------------------------------------------------------------------------------
   2.  CONTROL  DATA  FOR  THE  RUN
--------------------------------------------------------------------------------

default_name                                                                    

General flags:
     imin    =       1, nmropt  =       0

Nature and format of input:
     ntx     =       1, irest   =       0, ntrx    =       1

Nature and format of output:
     ntxo    =       1, ntpr    =     100, ntrx    =       1, ntwr    =     100
     iwrap   =       0, ntwx    =       0, ntwv    =       0, ntwe    =       0
     ioutfm  =       0, ntwprt  =       0, idecomp =       0, rbornstat=      0

Potential function:
     ntf     =       1, ntb     =       0, igb     =       8, nsnb    =      25
     ipol    =       0, gbsa    =       0, iesp    =       0
     dielc   =   1.00000, cut     = 999.00000, intdiel =   1.00000
     saltcon =   0.00000, offset  =   0.19514, surften =   0.00500
     rdt     =   0.00000, rgbmax  =  25.00000  extdiel =  78.50000
     alpb  =        0
     gbalphaH  =   0.78844, gbbetaH   =   0.79870,  gbgammaH  =    0.43733
     gbalphaC  =   0.73376, gbbetaC   =   0.50638,  gbgammaC  =    0.20584
     gbalphaN  =   0.50336, gbbetaN   =   0.31683,  gbgammaN  =    0.19292
     gbalphaOS =   0.86781, gbbetaOS  =   0.87664,  gbgammaOS =    0.38788
     gbalphaP  =   1.00000, gbbetaP   =   0.80000,  gbgammaP  =    4.85000
     gb_alpha_hnu  =   0.53705, gb_beta_hnu   =   0.36286,  gb_gamma_hnu  =    0.11670
     gb_alpha_cnu  =   0.33167, gb_beta_cnu   =   0.19684,  gb_gamma_cnu  =    0.09342
     gb_alpha_nnu  =   0.68631, gb_beta_nnu   =   0.46319,  gb_gamma_nnu  =    0.13872
     gb_alpha_onu  =   0.60634, gb_beta_onu   =   0.46301,  gb_gamma_onu  =    0.14226
     gb_alpha_pnu  =   0.41836, gb_beta_pnu   =   0.29005,  gb_gamma_pnu  =    0.10642

Frozen or restrained atoms:
     ibelly  =       0, ntr     =       1
     restraint_wt =  10.00000

Energy minimization:
     maxcyc  =    1000, ncyc    =      10, ntmin   =       1
     dx0     =   0.01000, drms    =   0.00010
|  INFO: Old style inpcrd file read


    LOADING THE CONSTRAINED ATOMS AS GROUPS


   5.  REFERENCE ATOM COORDINATES

  defa
     Mask !@H=; matches   799 atoms

--------------------------------------------------------------------------------
   3.  ATOMIC COORDINATES AND VELOCITIES
--------------------------------------------------------------------------------

default_name                                                                    
 begin time read from input coords =     0.000 ps

 Number of triangulated 3-point waters found:        0

--------------------------------------------------------------------------------
   4.  RESULTS
--------------------------------------------------------------------------------



   NSTEP       ENERGY          RMS            GMAX         NAME    NUMBER
      1      -2.2456E+03     9.0396E+00     5.8252E+01     OD1       232

 BOND    =       69.5911  ANGLE   =      210.9961  DIHED      =     1069.9920
 VDWAALS =     -661.8058  EEL     =    -7402.7037  EGB        =    -1670.9870
 1-4 VDW =      437.9287  1-4 EEL =     5701.4128  RESTRAINT  =        0.0000


   NSTEP       ENERGY          RMS            GMAX         NAME    NUMBER
    100      -2.6003E+03     4.8814E-01     5.0575E+00     HG         90

 BOND    =       30.9411  ANGLE   =      204.9458  DIHED      =     1075.9649
 VDWAALS =     -798.5024  EEL     =    -7413.9402  EGB        =    -1691.5727
 1-4 VDW =      327.2018  1-4 EEL =     5622.1708  RESTRAINT  =       42.4711
 EAMBER  =    -2642.7909


   NSTEP       ENERGY          RMS            GMAX         NAME    NUMBER
    200      -2.6205E+03     2.9400E-01     3.0225E+00     CE2       650

 BOND    =       30.7663  ANGLE   =      204.2470  DIHED      =     1072.3562
 VDWAALS =     -796.6856  EEL     =    -7433.8498  EGB        =    -1690.4481
 1-4 VDW =      328.4513  1-4 EEL =     5623.2815  RESTRAINT  =       41.3422
 EAMBER  =    -2661.8812


   NSTEP       ENERGY          RMS            GMAX         NAME    NUMBER
    300      -2.6229E+03     7.3677E-02     6.9542E-01     CA          5

 BOND    =       30.4058  ANGLE   =      203.8971  DIHED      =     1070.5223
 VDWAALS =     -797.2284  EEL     =    -7437.0747  EGB        =    -1688.6832
 1-4 VDW =      329.2848  1-4 EEL =     5625.0556  RESTRAINT  =       40.9513
 EAMBER  =    -2663.8205


   NSTEP       ENERGY          RMS            GMAX         NAME    NUMBER
    400      -2.6229E+03     1.0929E-02     1.9986E-01     CD        729

 BOND    =       30.3526  ANGLE   =      203.6714  DIHED      =     1070.4996
 VDWAALS =     -797.2265  EEL     =    -7437.1997  EGB        =    -1688.6431
 1-4 VDW =      329.5181  1-4 EEL =     5625.2102  RESTRAINT  =       40.8877
 EAMBER  =    -2663.8172


   NSTEP       ENERGY          RMS            GMAX         NAME    NUMBER
    500      -2.6229E+03     5.1305E-03     5.5450E-02     CG         10

 BOND    =       30.3553  ANGLE   =      203.6378  DIHED      =     1070.5145
 VDWAALS =     -797.2569  EEL     =    -7437.2225  EGB        =    -1688.6473
 1-4 VDW =      329.5481  1-4 EEL =     5625.2389  RESTRAINT  =       40.8999
 EAMBER  =    -2663.8322


   NSTEP       ENERGY          RMS            GMAX         NAME    NUMBER
    600      -2.6229E+03     5.8011E-04     5.6685E-03     N        1392

 BOND    =       30.3455  ANGLE   =      203.6218  DIHED      =     1070.5150
 VDWAALS =     -797.2476  EEL     =    -7437.2272  EGB        =    -1688.6435
 1-4 VDW =      329.5709  1-4 EEL =     5625.2460  RESTRAINT  =       40.8863
 EAMBER  =    -2663.8191


                    FINAL RESULTS



   NSTEP       ENERGY          RMS            GMAX         NAME    NUMBER
    666      -2.6229E+03     8.7672E-05     7.0591E-04     HG3        12

 BOND    =       30.3458  ANGLE   =      203.6223  DIHED      =     1070.5165
 VDWAALS =     -797.2522  EEL     =    -7437.2282  EGB        =    -1688.6426
 1-4 VDW =      329.5706  1-4 EEL =     5625.2457  RESTRAINT  =       40.8892
 EAMBER  =    -2663.8221

--------------------------------------------------------------------------------
   5.  TIMINGS
--------------------------------------------------------------------------------

|                Calc gb radii             39.47 (20.35% of Gen B)
|                Calc gb diag              73.39 (37.83% of Gen B)
|                Calc gb off-diag          81.13 (41.82% of Gen B)
|             Gen Born time            193.99 (100.0% of Nonbo)
|          Nonbond force            193.99 (99.29% of Force)
|          Bond/Angle/Dihedral        1.38 ( 0.71% of Force)
|          Other                      0.01 ( 0.01% of Force)
|       Force time               195.38 (100.0% of Runmd)
|    Runmd Time               195.38 (99.69% of Total)
|    Other                      0.61 ( 0.31% of Total)
| Total time               195.99 (100.0% of ALL  )

| Number of list builds   :          0

| Highest rstack allocated:          0
| Highest istack allocated:          0
|           Job began  at 13:41:03.039  on 02/03/2016
|           Setup done at 13:41:03.116  on 02/03/2016
|           Run   done at 13:44:19.028  on 02/03/2016
|     wallclock() was called   12016 times
