
          -------------------------------------------------------
          Amber 14 SANDER                              2014
          -------------------------------------------------------

| Run on 02/03/2016 at 13:19:39

|   Executable path: sander
| Working directory: /lustre/cs1500/scratch/kmb413/RealDecoyDisc/DecoyDiscrimination/decoys.set2.init/1aaj/Rosetta_relaxed
|          Hostname: slepner15


File Assignments:
|  MDIN: /scratch/kmb413/RealDecoyDisc/DecoyDiscrimination/scripts/min/min.in  
| MDOUT: NoH_2_empty_tag_1_343_0001.out                                        
|INPCRD: NoH_2_empty_tag_1_343_0001.rst7                                       
|  PARM: NoH_2_empty_tag_1_343_0001.parm7                                      
|RESTRT: min_NoH_2_empty_tag_1_343_0001.rst7                                   
|  REFC: NoH_2_empty_tag_1_343_0001.rst7                                       
| MDVEL: mdvel                                                                 
| MDFRC: mdfrc                                                                 
|  MDEN: mden                                                                  
| MDCRD: mdcrd                                                                 
|MDINFO: mdinfo                                                                
|  MTMD: mtmd                                                                  
|INPDIP: inpdip                                                                
|RSTDIP: rstdip                                                                
|INPTRA: inptraj                                                               


 Here is the input file:

                                                                               
&cntrl                                                                         
    imin = 1, maxcyc=1000,                                                     
    ntx = 1,                                                                   
    ntwr = 100, ntpr = 100,                                                    
    cut = 999.0,                                                               
    ntb = 0, igb = 8,                                                          
    ntr = 1, restraint_wt = 10, restraintmask = "!@H=",                        
/                                                                              

--------------------------------------------------------------------------------
   1.  RESOURCE   USE: 
--------------------------------------------------------------------------------

| Flags:                                                                        
| New format PARM file being parsed.
| Version =    1.000 Date = 02/03/16 Time = 11:46:53
 NATOM  =    1590 NTYPES =      14 NBONH =     791 MBONA  =     820
 NTHETH =    1812 MTHETA =    1115 NPHIH =    3578 MPHIA  =    3525
 NHPARM =       0 NPARM  =       0 NNB   =    8805 NRES   =     104
 NBONA  =     820 NTHETA =    1115 NPHIA =    3525 NUMBND =      65
 NUMANG =     152 NPTRA  =     189 NATYP =      33 NPHB   =       0
 IFBOX  =       0 NMXRS  =      24 IFCAP =       0 NEXTRA =       0
 NCOPY  =       0

 Implicit solvent radii are ArgH and AspGluO modified Bondi2 radii (mbondi3)                                
 Replacing prmtop screening parameters with GBn2 (igb=8) values

|     Memory Use     Allocated
|     Real              145027
|     Hollerith           4876
|     Integer           109197
|     Max Pairs              1
|     nblistReal             0
|     nblist Int             0
|       Total             1578 kbytes

| Note: 1-4 EEL scale factors are being read from the topology file.

| Note: 1-4 VDW scale factors are being read from the topology file.
| Duplicated    0 dihedrals
| Duplicated    0 dihedrals

--------------------------------------------------------------------------------
   2.  CONTROL  DATA  FOR  THE  RUN
--------------------------------------------------------------------------------

default_name                                                                    

General flags:
     imin    =       1, nmropt  =       0

Nature and format of input:
     ntx     =       1, irest   =       0, ntrx    =       1

Nature and format of output:
     ntxo    =       1, ntpr    =     100, ntrx    =       1, ntwr    =     100
     iwrap   =       0, ntwx    =       0, ntwv    =       0, ntwe    =       0
     ioutfm  =       0, ntwprt  =       0, idecomp =       0, rbornstat=      0

Potential function:
     ntf     =       1, ntb     =       0, igb     =       8, nsnb    =      25
     ipol    =       0, gbsa    =       0, iesp    =       0
     dielc   =   1.00000, cut     = 999.00000, intdiel =   1.00000
     saltcon =   0.00000, offset  =   0.19514, surften =   0.00500
     rdt     =   0.00000, rgbmax  =  25.00000  extdiel =  78.50000
     alpb  =        0
     gbalphaH  =   0.78844, gbbetaH   =   0.79870,  gbgammaH  =    0.43733
     gbalphaC  =   0.73376, gbbetaC   =   0.50638,  gbgammaC  =    0.20584
     gbalphaN  =   0.50336, gbbetaN   =   0.31683,  gbgammaN  =    0.19292
     gbalphaOS =   0.86781, gbbetaOS  =   0.87664,  gbgammaOS =    0.38788
     gbalphaP  =   1.00000, gbbetaP   =   0.80000,  gbgammaP  =    4.85000
     gb_alpha_hnu  =   0.53705, gb_beta_hnu   =   0.36286,  gb_gamma_hnu  =    0.11670
     gb_alpha_cnu  =   0.33167, gb_beta_cnu   =   0.19684,  gb_gamma_cnu  =    0.09342
     gb_alpha_nnu  =   0.68631, gb_beta_nnu   =   0.46319,  gb_gamma_nnu  =    0.13872
     gb_alpha_onu  =   0.60634, gb_beta_onu   =   0.46301,  gb_gamma_onu  =    0.14226
     gb_alpha_pnu  =   0.41836, gb_beta_pnu   =   0.29005,  gb_gamma_pnu  =    0.10642

Frozen or restrained atoms:
     ibelly  =       0, ntr     =       1
     restraint_wt =  10.00000

Energy minimization:
     maxcyc  =    1000, ncyc    =      10, ntmin   =       1
     dx0     =   0.01000, drms    =   0.00010
|  INFO: Old style inpcrd file read


    LOADING THE CONSTRAINED ATOMS AS GROUPS


   5.  REFERENCE ATOM COORDINATES

  defa
     Mask !@H=; matches   799 atoms

--------------------------------------------------------------------------------
   3.  ATOMIC COORDINATES AND VELOCITIES
--------------------------------------------------------------------------------

default_name                                                                    
 begin time read from input coords =     0.000 ps

 Number of triangulated 3-point waters found:        0

--------------------------------------------------------------------------------
   4.  RESULTS
--------------------------------------------------------------------------------



   NSTEP       ENERGY          RMS            GMAX         NAME    NUMBER
      1      -2.1491E+03     9.3018E+00     8.7043E+01     OXT      1590

 BOND    =       70.4728  ANGLE   =      211.7439  DIHED      =     1084.3840
 VDWAALS =     -634.9495  EEL     =    -6997.4605  EGB        =    -2047.8256
 1-4 VDW =      440.3336  1-4 EEL =     5724.1879  RESTRAINT  =        0.0000


   NSTEP       ENERGY          RMS            GMAX         NAME    NUMBER
    100      -2.5370E+03     2.7437E-01     3.7085E+00     CD       1585

 BOND    =       31.4989  ANGLE   =      208.9646  DIHED      =     1085.4808
 VDWAALS =     -795.7617  EEL     =    -7016.6853  EGB        =    -2062.4806
 1-4 VDW =      329.2063  1-4 EEL =     5635.8679  RESTRAINT  =       46.9383
 EAMBER  =    -2583.9090


   NSTEP       ENERGY          RMS            GMAX         NAME    NUMBER
    200      -2.5459E+03     2.9009E-01     4.0659E+00     CD       1585

 BOND    =       31.7564  ANGLE   =      210.4257  DIHED      =     1086.4460
 VDWAALS =     -798.6143  EEL     =    -7028.1822  EGB        =    -2059.8754
 1-4 VDW =      328.5243  1-4 EEL =     5634.5795  RESTRAINT  =       49.0491
 EAMBER  =    -2594.9400


   NSTEP       ENERGY          RMS            GMAX         NAME    NUMBER
    300      -2.5518E+03     8.0464E-02     9.1178E-01     OG1        45

 BOND    =       31.5663  ANGLE   =      209.7150  DIHED      =     1084.0431
 VDWAALS =     -798.5275  EEL     =    -7033.0988  EGB        =    -2059.2994
 1-4 VDW =      329.0780  1-4 EEL =     5636.4786  RESTRAINT  =       48.2577
 EAMBER  =    -2600.0447


   NSTEP       ENERGY          RMS            GMAX         NAME    NUMBER
    400      -2.5519E+03     1.1410E-02     2.1812E-01     OD2      1326

 BOND    =       31.4096  ANGLE   =      209.4427  DIHED      =     1083.9941
 VDWAALS =     -798.5587  EEL     =    -7033.1739  EGB        =    -2059.2890
 1-4 VDW =      329.3833  1-4 EEL =     5636.7436  RESTRAINT  =       48.1467
 EAMBER  =    -2600.0483


   NSTEP       ENERGY          RMS            GMAX         NAME    NUMBER
    500      -2.5519E+03     1.0612E-02     1.7452E-01     CG2        41

 BOND    =       31.3876  ANGLE   =      209.4152  DIHED      =     1084.0078
 VDWAALS =     -798.6026  EEL     =    -7033.2204  EGB        =    -2059.2707
 1-4 VDW =      329.4407  1-4 EEL =     5636.7890  RESTRAINT  =       48.1433
 EAMBER  =    -2600.0535


   NSTEP       ENERGY          RMS            GMAX         NAME    NUMBER
    600      -2.5519E+03     4.7415E-03     7.1022E-02     CG       1324

 BOND    =       31.3733  ANGLE   =      209.3635  DIHED      =     1084.0097
 VDWAALS =     -798.6047  EEL     =    -7033.2312  EGB        =    -2059.2601
 1-4 VDW =      329.5075  1-4 EEL =     5636.8094  RESTRAINT  =       48.1183
 EAMBER  =    -2600.0325


   NSTEP       ENERGY          RMS            GMAX         NAME    NUMBER
    700      -2.5519E+03     6.8141E-04     5.7806E-03     CB         53

 BOND    =       31.3804  ANGLE   =      209.3857  DIHED      =     1084.0073
 VDWAALS =     -798.6135  EEL     =    -7033.2455  EGB        =    -2059.2597
 1-4 VDW =      329.4825  1-4 EEL =     5636.8133  RESTRAINT  =       48.1351
 EAMBER  =    -2600.0496


   NSTEP       ENERGY          RMS            GMAX         NAME    NUMBER
    800      -2.5519E+03     2.8720E-04     2.9513E-03     HE3       552

 BOND    =       31.3804  ANGLE   =      209.3863  DIHED      =     1084.0073
 VDWAALS =     -798.6143  EEL     =    -7033.2470  EGB        =    -2059.2588
 1-4 VDW =      329.4829  1-4 EEL =     5636.8135  RESTRAINT  =       48.1352
 EAMBER  =    -2600.0498


   NSTEP       ENERGY          RMS            GMAX         NAME    NUMBER
    900      -2.5519E+03     3.5870E-04     4.7267E-03     HG21       42

 BOND    =       31.3803  ANGLE   =      209.3868  DIHED      =     1084.0073
 VDWAALS =     -798.6153  EEL     =    -7033.2484  EGB        =    -2059.2579
 1-4 VDW =      329.4828  1-4 EEL =     5636.8143  RESTRAINT  =       48.1356
 EAMBER  =    -2600.0502

     ... RESTARTED DUE TO LINMIN FAILURE ...


                    FINAL RESULTS



   NSTEP       ENERGY          RMS            GMAX         NAME    NUMBER
    973      -2.5519E+03     9.2470E-05     1.7986E-03     HZ1       554

 BOND    =       31.3804  ANGLE   =      209.3865  DIHED      =     1084.0075
 VDWAALS =     -798.6162  EEL     =    -7033.2485  EGB        =    -2059.2569
 1-4 VDW =      329.4833  1-4 EEL =     5636.8135  RESTRAINT  =       48.1359
 EAMBER  =    -2600.0505

--------------------------------------------------------------------------------
   5.  TIMINGS
--------------------------------------------------------------------------------

|                Calc gb radii             56.56 (20.26% of Gen B)
|                Calc gb diag             104.56 (37.45% of Gen B)
|                Calc gb off-diag         118.08 (42.29% of Gen B)
|             Gen Born time            279.21 (100.0% of Nonbo)
|          Nonbond force            279.21 (99.28% of Force)
|          Bond/Angle/Dihedral        2.01 ( 0.72% of Force)
|          Other                      0.02 ( 0.01% of Force)
|       Force time               281.24 (100.0% of Runmd)
|    Runmd Time               281.24 (99.74% of Total)
|    Other                      0.73 ( 0.26% of Total)
| Total time               281.97 (100.0% of ALL  )

| Number of list builds   :          0

| Highest rstack allocated:          0
| Highest istack allocated:          0
|           Job began  at 13:19:39.056  on 02/03/2016
|           Setup done at 13:19:39.107  on 02/03/2016
|           Run   done at 13:24:21.025  on 02/03/2016
|     wallclock() was called   17542 times
