
          -------------------------------------------------------
          Amber 14 SANDER                              2014
          -------------------------------------------------------

| Run on 02/03/2016 at 14:43:34

|   Executable path: sander
| Working directory: /lustre/cs1500/scratch/kmb413/RealDecoyDisc/DecoyDiscrimination/decoys.set2.init/1aaj/Rosetta_relaxed
|          Hostname: slepner30


File Assignments:
|  MDIN: /scratch/kmb413/RealDecoyDisc/DecoyDiscrimination/scripts/min/min.in  
| MDOUT: NoH_3_empty_tag_105_0001_1_0001.out                                   
|INPCRD: NoH_3_empty_tag_105_0001_1_0001.rst7                                  
|  PARM: NoH_3_empty_tag_105_0001_1_0001.parm7                                 
|RESTRT: min_NoH_3_empty_tag_105_0001_1_0001.rst7                              
|  REFC: NoH_3_empty_tag_105_0001_1_0001.rst7                                  
| MDVEL: mdvel                                                                 
| MDFRC: mdfrc                                                                 
|  MDEN: mden                                                                  
| MDCRD: mdcrd                                                                 
|MDINFO: mdinfo                                                                
|  MTMD: mtmd                                                                  
|INPDIP: inpdip                                                                
|RSTDIP: rstdip                                                                
|INPTRA: inptraj                                                               


 Here is the input file:

                                                                               
&cntrl                                                                         
    imin = 1, maxcyc=1000,                                                     
    ntx = 1,                                                                   
    ntwr = 100, ntpr = 100,                                                    
    cut = 999.0,                                                               
    ntb = 0, igb = 8,                                                          
    ntr = 1, restraint_wt = 10, restraintmask = "!@H=",                        
/                                                                              

--------------------------------------------------------------------------------
   1.  RESOURCE   USE: 
--------------------------------------------------------------------------------

| Flags:                                                                        
| New format PARM file being parsed.
| Version =    1.000 Date = 02/03/16 Time = 11:48:28
 NATOM  =    1590 NTYPES =      14 NBONH =     791 MBONA  =     820
 NTHETH =    1812 MTHETA =    1115 NPHIH =    3578 MPHIA  =    3525
 NHPARM =       0 NPARM  =       0 NNB   =    8805 NRES   =     104
 NBONA  =     820 NTHETA =    1115 NPHIA =    3525 NUMBND =      65
 NUMANG =     152 NPTRA  =     189 NATYP =      33 NPHB   =       0
 IFBOX  =       0 NMXRS  =      24 IFCAP =       0 NEXTRA =       0
 NCOPY  =       0

 Implicit solvent radii are ArgH and AspGluO modified Bondi2 radii (mbondi3)                                
 Replacing prmtop screening parameters with GBn2 (igb=8) values

|     Memory Use     Allocated
|     Real              145027
|     Hollerith           4876
|     Integer           109197
|     Max Pairs              1
|     nblistReal             0
|     nblist Int             0
|       Total             1578 kbytes

| Note: 1-4 EEL scale factors are being read from the topology file.

| Note: 1-4 VDW scale factors are being read from the topology file.
| Duplicated    0 dihedrals
| Duplicated    0 dihedrals

--------------------------------------------------------------------------------
   2.  CONTROL  DATA  FOR  THE  RUN
--------------------------------------------------------------------------------

default_name                                                                    

General flags:
     imin    =       1, nmropt  =       0

Nature and format of input:
     ntx     =       1, irest   =       0, ntrx    =       1

Nature and format of output:
     ntxo    =       1, ntpr    =     100, ntrx    =       1, ntwr    =     100
     iwrap   =       0, ntwx    =       0, ntwv    =       0, ntwe    =       0
     ioutfm  =       0, ntwprt  =       0, idecomp =       0, rbornstat=      0

Potential function:
     ntf     =       1, ntb     =       0, igb     =       8, nsnb    =      25
     ipol    =       0, gbsa    =       0, iesp    =       0
     dielc   =   1.00000, cut     = 999.00000, intdiel =   1.00000
     saltcon =   0.00000, offset  =   0.19514, surften =   0.00500
     rdt     =   0.00000, rgbmax  =  25.00000  extdiel =  78.50000
     alpb  =        0
     gbalphaH  =   0.78844, gbbetaH   =   0.79870,  gbgammaH  =    0.43733
     gbalphaC  =   0.73376, gbbetaC   =   0.50638,  gbgammaC  =    0.20584
     gbalphaN  =   0.50336, gbbetaN   =   0.31683,  gbgammaN  =    0.19292
     gbalphaOS =   0.86781, gbbetaOS  =   0.87664,  gbgammaOS =    0.38788
     gbalphaP  =   1.00000, gbbetaP   =   0.80000,  gbgammaP  =    4.85000
     gb_alpha_hnu  =   0.53705, gb_beta_hnu   =   0.36286,  gb_gamma_hnu  =    0.11670
     gb_alpha_cnu  =   0.33167, gb_beta_cnu   =   0.19684,  gb_gamma_cnu  =    0.09342
     gb_alpha_nnu  =   0.68631, gb_beta_nnu   =   0.46319,  gb_gamma_nnu  =    0.13872
     gb_alpha_onu  =   0.60634, gb_beta_onu   =   0.46301,  gb_gamma_onu  =    0.14226
     gb_alpha_pnu  =   0.41836, gb_beta_pnu   =   0.29005,  gb_gamma_pnu  =    0.10642

Frozen or restrained atoms:
     ibelly  =       0, ntr     =       1
     restraint_wt =  10.00000

Energy minimization:
     maxcyc  =    1000, ncyc    =      10, ntmin   =       1
     dx0     =   0.01000, drms    =   0.00010
|  INFO: Old style inpcrd file read


    LOADING THE CONSTRAINED ATOMS AS GROUPS


   5.  REFERENCE ATOM COORDINATES

  defa
     Mask !@H=; matches   799 atoms

--------------------------------------------------------------------------------
   3.  ATOMIC COORDINATES AND VELOCITIES
--------------------------------------------------------------------------------

default_name                                                                    
 begin time read from input coords =     0.000 ps

 Number of triangulated 3-point waters found:        0

--------------------------------------------------------------------------------
   4.  RESULTS
--------------------------------------------------------------------------------



   NSTEP       ENERGY          RMS            GMAX         NAME    NUMBER
      1      -2.1485E+03     9.3391E+00     8.3140E+01     HA        430

 BOND    =       69.7775  ANGLE   =      211.4665  DIHED      =     1074.7758
 VDWAALS =     -590.0620  EEL     =    -7015.8136  EGB        =    -2031.8214
 1-4 VDW =      439.2215  1-4 EEL =     5693.9074  RESTRAINT  =        0.0000


   NSTEP       ENERGY          RMS            GMAX         NAME    NUMBER
    100      -2.5335E+03     2.9591E-01     4.1328E+00     CD       1260

 BOND    =       30.9812  ANGLE   =      208.7257  DIHED      =     1072.7545
 VDWAALS =     -752.4906  EEL     =    -7035.8498  EGB        =    -2049.7152
 1-4 VDW =      328.8341  1-4 EEL =     5618.8454  RESTRAINT  =       44.4568
 EAMBER  =    -2577.9147


   NSTEP       ENERGY          RMS            GMAX         NAME    NUMBER
    200      -2.5387E+03     1.8081E-01     2.4244E+00     HG1      1389

 BOND    =       31.2056  ANGLE   =      209.5797  DIHED      =     1074.6537
 VDWAALS =     -756.2556  EEL     =    -7042.6776  EGB        =    -2048.9606
 1-4 VDW =      328.0589  1-4 EEL =     5618.2565  RESTRAINT  =       47.4174
 EAMBER  =    -2586.1394


   NSTEP       ENERGY          RMS            GMAX         NAME    NUMBER
    300      -2.5479E+03     1.5163E-01     2.7688E+00     HG       1180

 BOND    =       31.4016  ANGLE   =      209.4699  DIHED      =     1071.9431
 VDWAALS =     -756.2085  EEL     =    -7058.3035  EGB        =    -2041.3526
 1-4 VDW =      328.0721  1-4 EEL =     5619.8002  RESTRAINT  =       47.2420
 EAMBER  =    -2595.1778


   NSTEP       ENERGY          RMS            GMAX         NAME    NUMBER
    400      -2.5540E+03     6.7981E-02     1.5318E+00     CD       1260

 BOND    =       31.2185  ANGLE   =      208.4049  DIHED      =     1070.9445
 VDWAALS =     -754.0714  EEL     =    -7066.9305  EGB        =    -2038.4861
 1-4 VDW =      329.0174  1-4 EEL =     5619.5594  RESTRAINT  =       46.3754
 EAMBER  =    -2600.3432


   NSTEP       ENERGY          RMS            GMAX         NAME    NUMBER
    500      -2.5541E+03     4.1466E-02     9.2656E-01     HG1       635

 BOND    =       31.2175  ANGLE   =      208.3965  DIHED      =     1071.0254
 VDWAALS =     -754.1324  EEL     =    -7068.9405  EGB        =    -2037.2786
 1-4 VDW =      329.1039  1-4 EEL =     5620.0947  RESTRAINT  =       46.3707
 EAMBER  =    -2600.5134


   NSTEP       ENERGY          RMS            GMAX         NAME    NUMBER
    600      -2.5553E+03     3.1735E-02     8.3821E-01     CG        589

 BOND    =       31.1601  ANGLE   =      208.3097  DIHED      =     1069.5351
 VDWAALS =     -754.1516  EEL     =    -7071.6789  EGB        =    -2035.0423
 1-4 VDW =      329.2933  1-4 EEL =     5620.9777  RESTRAINT  =       46.3384
 EAMBER  =    -2601.5971


   NSTEP       ENERGY          RMS            GMAX         NAME    NUMBER
    700      -2.5553E+03     3.7665E-02     6.4361E-01     HG1       605

 BOND    =       31.1669  ANGLE   =      208.3757  DIHED      =     1069.7635
 VDWAALS =     -754.0952  EEL     =    -7071.8949  EGB        =    -2035.1106
 1-4 VDW =      329.2396  1-4 EEL =     5620.8998  RESTRAINT  =       46.3586
 EAMBER  =    -2601.6552


   NSTEP       ENERGY          RMS            GMAX         NAME    NUMBER
    800      -2.5602E+03     4.1358E-02     5.6720E-01     OG1       604

 BOND    =       31.2655  ANGLE   =      208.4975  DIHED      =     1068.9359
 VDWAALS =     -752.9952  EEL     =    -7078.7798  EGB        =    -2033.9150
 1-4 VDW =      329.2377  1-4 EEL =     5621.4902  RESTRAINT  =       46.1071
 EAMBER  =    -2606.2632


   NSTEP       ENERGY          RMS            GMAX         NAME    NUMBER
    900      -2.5602E+03     4.0240E-03     5.5832E-02     OG1       604

 BOND    =       31.2361  ANGLE   =      208.4623  DIHED      =     1068.9419
 VDWAALS =     -752.9816  EEL     =    -7078.7582  EGB        =    -2034.0949
 1-4 VDW =      329.3347  1-4 EEL =     5621.6173  RESTRAINT  =       46.0421
 EAMBER  =    -2606.2425


   NSTEP       ENERGY          RMS            GMAX         NAME    NUMBER
   1000      -2.5602E+03     9.2448E-04     1.1961E-02     CD        480

 BOND    =       31.2352  ANGLE   =      208.4535  DIHED      =     1068.9572
 VDWAALS =     -752.9833  EEL     =    -7078.7401  EGB        =    -2034.1442
 1-4 VDW =      329.3449  1-4 EEL =     5621.6363  RESTRAINT  =       46.0388
 EAMBER  =    -2606.2405


  Maximum number of minimization cycles reached.


                    FINAL RESULTS



   NSTEP       ENERGY          RMS            GMAX         NAME    NUMBER
   1000      -2.5602E+03     9.2448E-04     1.1961E-02     CD        480

 BOND    =       31.2352  ANGLE   =      208.4535  DIHED      =     1068.9572
 VDWAALS =     -752.9833  EEL     =    -7078.7401  EGB        =    -2034.1442
 1-4 VDW =      329.3449  1-4 EEL =     5621.6363  RESTRAINT  =       46.0388
 EAMBER  =    -2606.2405

--------------------------------------------------------------------------------
   5.  TIMINGS
--------------------------------------------------------------------------------

|                Calc gb radii             55.89 (19.62% of Gen B)
|                Calc gb diag             105.50 (37.03% of Gen B)
|                Calc gb off-diag         123.49 (43.35% of Gen B)
|             Gen Born time            284.88 (100.0% of Nonbo)
|          Nonbond force            284.88 (99.27% of Force)
|          Bond/Angle/Dihedral        2.07 ( 0.72% of Force)
|          Other                      0.02 ( 0.01% of Force)
|       Force time               286.97 (100.0% of Runmd)
|    Runmd Time               286.97 (99.71% of Total)
|    Other                      0.83 ( 0.29% of Total)
| Total time               287.81 (100.0% of ALL  )

| Number of list builds   :          0

| Highest rstack allocated:          0
| Highest istack allocated:          0
|           Job began  at 14:43:34.409  on 02/03/2016
|           Setup done at 14:43:34.493  on 02/03/2016
|           Run   done at 14:48:22.214  on 02/03/2016
|     wallclock() was called   18028 times
