
          -------------------------------------------------------
          Amber 14 SANDER                              2014
          -------------------------------------------------------

| Run on 02/03/2016 at 13:55:46

|   Executable path: sander
| Working directory: /lustre/cs1500/scratch/kmb413/RealDecoyDisc/DecoyDiscrimination/decoys.set2.init/1aaj/Rosetta_relaxed
|          Hostname: slepner13


File Assignments:
|  MDIN: /scratch/kmb413/RealDecoyDisc/DecoyDiscrimination/scripts/min/min.in  
| MDOUT: NoH_4_empty_tag_1_194_0001.out                                        
|INPCRD: NoH_4_empty_tag_1_194_0001.rst7                                       
|  PARM: NoH_4_empty_tag_1_194_0001.parm7                                      
|RESTRT: min_NoH_4_empty_tag_1_194_0001.rst7                                   
|  REFC: NoH_4_empty_tag_1_194_0001.rst7                                       
| MDVEL: mdvel                                                                 
| MDFRC: mdfrc                                                                 
|  MDEN: mden                                                                  
| MDCRD: mdcrd                                                                 
|MDINFO: mdinfo                                                                
|  MTMD: mtmd                                                                  
|INPDIP: inpdip                                                                
|RSTDIP: rstdip                                                                
|INPTRA: inptraj                                                               


 Here is the input file:

                                                                               
&cntrl                                                                         
    imin = 1, maxcyc=1000,                                                     
    ntx = 1,                                                                   
    ntwr = 100, ntpr = 100,                                                    
    cut = 999.0,                                                               
    ntb = 0, igb = 8,                                                          
    ntr = 1, restraint_wt = 10, restraintmask = "!@H=",                        
/                                                                              

--------------------------------------------------------------------------------
   1.  RESOURCE   USE: 
--------------------------------------------------------------------------------

| Flags:                                                                        
| New format PARM file being parsed.
| Version =    1.000 Date = 02/03/16 Time = 11:50:35
 NATOM  =    1590 NTYPES =      14 NBONH =     791 MBONA  =     820
 NTHETH =    1812 MTHETA =    1115 NPHIH =    3578 MPHIA  =    3525
 NHPARM =       0 NPARM  =       0 NNB   =    8805 NRES   =     104
 NBONA  =     820 NTHETA =    1115 NPHIA =    3525 NUMBND =      65
 NUMANG =     152 NPTRA  =     189 NATYP =      33 NPHB   =       0
 IFBOX  =       0 NMXRS  =      24 IFCAP =       0 NEXTRA =       0
 NCOPY  =       0

 Implicit solvent radii are ArgH and AspGluO modified Bondi2 radii (mbondi3)                                
 Replacing prmtop screening parameters with GBn2 (igb=8) values

|     Memory Use     Allocated
|     Real              145027
|     Hollerith           4876
|     Integer           109197
|     Max Pairs              1
|     nblistReal             0
|     nblist Int             0
|       Total             1578 kbytes

| Note: 1-4 EEL scale factors are being read from the topology file.

| Note: 1-4 VDW scale factors are being read from the topology file.
| Duplicated    0 dihedrals
| Duplicated    0 dihedrals

--------------------------------------------------------------------------------
   2.  CONTROL  DATA  FOR  THE  RUN
--------------------------------------------------------------------------------

default_name                                                                    

General flags:
     imin    =       1, nmropt  =       0

Nature and format of input:
     ntx     =       1, irest   =       0, ntrx    =       1

Nature and format of output:
     ntxo    =       1, ntpr    =     100, ntrx    =       1, ntwr    =     100
     iwrap   =       0, ntwx    =       0, ntwv    =       0, ntwe    =       0
     ioutfm  =       0, ntwprt  =       0, idecomp =       0, rbornstat=      0

Potential function:
     ntf     =       1, ntb     =       0, igb     =       8, nsnb    =      25
     ipol    =       0, gbsa    =       0, iesp    =       0
     dielc   =   1.00000, cut     = 999.00000, intdiel =   1.00000
     saltcon =   0.00000, offset  =   0.19514, surften =   0.00500
     rdt     =   0.00000, rgbmax  =  25.00000  extdiel =  78.50000
     alpb  =        0
     gbalphaH  =   0.78844, gbbetaH   =   0.79870,  gbgammaH  =    0.43733
     gbalphaC  =   0.73376, gbbetaC   =   0.50638,  gbgammaC  =    0.20584
     gbalphaN  =   0.50336, gbbetaN   =   0.31683,  gbgammaN  =    0.19292
     gbalphaOS =   0.86781, gbbetaOS  =   0.87664,  gbgammaOS =    0.38788
     gbalphaP  =   1.00000, gbbetaP   =   0.80000,  gbgammaP  =    4.85000
     gb_alpha_hnu  =   0.53705, gb_beta_hnu   =   0.36286,  gb_gamma_hnu  =    0.11670
     gb_alpha_cnu  =   0.33167, gb_beta_cnu   =   0.19684,  gb_gamma_cnu  =    0.09342
     gb_alpha_nnu  =   0.68631, gb_beta_nnu   =   0.46319,  gb_gamma_nnu  =    0.13872
     gb_alpha_onu  =   0.60634, gb_beta_onu   =   0.46301,  gb_gamma_onu  =    0.14226
     gb_alpha_pnu  =   0.41836, gb_beta_pnu   =   0.29005,  gb_gamma_pnu  =    0.10642

Frozen or restrained atoms:
     ibelly  =       0, ntr     =       1
     restraint_wt =  10.00000

Energy minimization:
     maxcyc  =    1000, ncyc    =      10, ntmin   =       1
     dx0     =   0.01000, drms    =   0.00010
|  INFO: Old style inpcrd file read


    LOADING THE CONSTRAINED ATOMS AS GROUPS


   5.  REFERENCE ATOM COORDINATES

  defa
     Mask !@H=; matches   799 atoms

--------------------------------------------------------------------------------
   3.  ATOMIC COORDINATES AND VELOCITIES
--------------------------------------------------------------------------------

default_name                                                                    
 begin time read from input coords =     0.000 ps

 Number of triangulated 3-point waters found:        0

--------------------------------------------------------------------------------
   4.  RESULTS
--------------------------------------------------------------------------------



   NSTEP       ENERGY          RMS            GMAX         NAME    NUMBER
      1      -2.2483E+03     9.0731E+00     6.1758E+01     OE1       730

 BOND    =       69.5795  ANGLE   =      210.9503  DIHED      =     1062.0370
 VDWAALS =     -668.8535  EEL     =    -7474.4273  EGB        =    -1560.8544
 1-4 VDW =      439.9555  1-4 EEL =     5673.2883  RESTRAINT  =        0.0000


   NSTEP       ENERGY          RMS            GMAX         NAME    NUMBER
    100      -2.6047E+03     3.3568E-01     3.8513E+00     CE2       650

 BOND    =       31.0439  ANGLE   =      209.3775  DIHED      =     1060.7696
 VDWAALS =     -809.1964  EEL     =    -7484.6280  EGB        =    -1580.9155
 1-4 VDW =      331.7492  1-4 EEL =     5593.9818  RESTRAINT  =       43.0868
 EAMBER  =    -2647.8180


   NSTEP       ENERGY          RMS            GMAX         NAME    NUMBER
    200      -2.6166E+03     2.8756E-01     2.8112E+00     CD2       659

 BOND    =       31.3697  ANGLE   =      210.6508  DIHED      =     1060.5853
 VDWAALS =     -809.9804  EEL     =    -7495.5150  EGB        =    -1582.2339
 1-4 VDW =      331.6584  1-4 EEL =     5593.1052  RESTRAINT  =       43.7791
 EAMBER  =    -2660.3598


   NSTEP       ENERGY          RMS            GMAX         NAME    NUMBER
    300      -2.6225E+03     8.2964E-02     1.0597E+00     HG1       635

 BOND    =       31.0905  ANGLE   =      209.9898  DIHED      =     1058.7246
 VDWAALS =     -808.6354  EEL     =    -7503.3020  EGB        =    -1582.0709
 1-4 VDW =      332.7306  1-4 EEL =     5595.9803  RESTRAINT  =       42.9947
 EAMBER  =    -2665.4926


   NSTEP       ENERGY          RMS            GMAX         NAME    NUMBER
    400      -2.6233E+03     2.4338E-02     4.6168E-01     HG1       635

 BOND    =       31.0404  ANGLE   =      209.7838  DIHED      =     1057.5576
 VDWAALS =     -808.6003  EEL     =    -7504.0453  EGB        =    -1582.2328
 1-4 VDW =      333.0484  1-4 EEL =     5597.0940  RESTRAINT  =       43.0854
 EAMBER  =    -2666.3542


   NSTEP       ENERGY          RMS            GMAX         NAME    NUMBER
    500      -2.6233E+03     2.5574E-03     3.1578E-02     CA        626

 BOND    =       31.0176  ANGLE   =      209.7120  DIHED      =     1057.4824
 VDWAALS =     -808.5653  EEL     =    -7504.1198  EGB        =    -1582.2476
 1-4 VDW =      333.1330  1-4 EEL =     5597.1960  RESTRAINT  =       43.1044
 EAMBER  =    -2666.3917


   NSTEP       ENERGY          RMS            GMAX         NAME    NUMBER
    600      -2.6233E+03     9.0811E-04     9.8180E-03     CB        628

 BOND    =       31.0162  ANGLE   =      209.7097  DIHED      =     1057.4779
 VDWAALS =     -808.5736  EEL     =    -7504.1332  EGB        =    -1582.2461
 1-4 VDW =      333.1406  1-4 EEL =     5597.2071  RESTRAINT  =       43.1133
 EAMBER  =    -2666.4013


   NSTEP       ENERGY          RMS            GMAX         NAME    NUMBER
    700      -2.6233E+03     8.2846E-04     1.2634E-02     HG1       635

 BOND    =       31.0145  ANGLE   =      209.7062  DIHED      =     1057.4761
 VDWAALS =     -808.5728  EEL     =    -7504.1319  EGB        =    -1582.2446
 1-4 VDW =      333.1450  1-4 EEL =     5597.2064  RESTRAINT  =       43.1129
 EAMBER  =    -2666.4011


   NSTEP       ENERGY          RMS            GMAX         NAME    NUMBER
    800      -2.6233E+03     1.8299E-04     2.4026E-03     HD13      332

 BOND    =       31.0144  ANGLE   =      209.7074  DIHED      =     1057.4762
 VDWAALS =     -808.5748  EEL     =    -7504.1335  EGB        =    -1582.2444
 1-4 VDW =      333.1454  1-4 EEL =     5597.2066  RESTRAINT  =       43.1146
 EAMBER  =    -2666.4028


                    FINAL RESULTS



   NSTEP       ENERGY          RMS            GMAX         NAME    NUMBER
    825      -2.6233E+03     9.7384E-05     2.1487E-03     CG2       630

 BOND    =       31.0144  ANGLE   =      209.7073  DIHED      =     1057.4761
 VDWAALS =     -808.5751  EEL     =    -7504.1337  EGB        =    -1582.2444
 1-4 VDW =      333.1455  1-4 EEL =     5597.2069  RESTRAINT  =       43.1149
 EAMBER  =    -2666.4031

--------------------------------------------------------------------------------
   5.  TIMINGS
--------------------------------------------------------------------------------

|                Calc gb radii             49.31 (20.39% of Gen B)
|                Calc gb diag              91.63 (37.90% of Gen B)
|                Calc gb off-diag         100.86 (41.71% of Gen B)
|             Gen Born time            241.81 (100.0% of Nonbo)
|          Nonbond force            241.81 (99.29% of Force)
|          Bond/Angle/Dihedral        1.70 ( 0.70% of Force)
|          Other                      0.01 ( 0.01% of Force)
|       Force time               243.52 (100.0% of Runmd)
|    Runmd Time               243.52 (99.74% of Total)
|    Other                      0.63 ( 0.26% of Total)
| Total time               244.15 (100.0% of ALL  )

| Number of list builds   :          0

| Highest rstack allocated:          0
| Highest istack allocated:          0
|           Job began  at 13:55:46.697  on 02/03/2016
|           Setup done at 13:55:46.747  on 02/03/2016
|           Run   done at 13:59:50.852  on 02/03/2016
|     wallclock() was called   14878 times
