
          -------------------------------------------------------
          Amber 14 SANDER                              2014
          -------------------------------------------------------

| Run on 02/03/2016 at 14:51:48

|   Executable path: sander
| Working directory: /lustre/cs1500/scratch/kmb413/RealDecoyDisc/DecoyDiscrimination/decoys.set2.init/1aaj/Rosetta_relaxed
|          Hostname: slepner1


File Assignments:
|  MDIN: /scratch/kmb413/RealDecoyDisc/DecoyDiscrimination/scripts/min/min.in  
| MDOUT: NoH_3_empty_tag_644_0001_0001.out                                     
|INPCRD: NoH_3_empty_tag_644_0001_0001.rst7                                    
|  PARM: NoH_3_empty_tag_644_0001_0001.parm7                                   
|RESTRT: min_NoH_3_empty_tag_644_0001_0001.rst7                                
|  REFC: NoH_3_empty_tag_644_0001_0001.rst7                                    
| MDVEL: mdvel                                                                 
| MDFRC: mdfrc                                                                 
|  MDEN: mden                                                                  
| MDCRD: mdcrd                                                                 
|MDINFO: mdinfo                                                                
|  MTMD: mtmd                                                                  
|INPDIP: inpdip                                                                
|RSTDIP: rstdip                                                                
|INPTRA: inptraj                                                               


 Here is the input file:

                                                                               
&cntrl                                                                         
    imin = 1, maxcyc=1000,                                                     
    ntx = 1,                                                                   
    ntwr = 100, ntpr = 100,                                                    
    cut = 999.0,                                                               
    ntb = 0, igb = 8,                                                          
    ntr = 1, restraint_wt = 10, restraintmask = "!@H=",                        
/                                                                              

--------------------------------------------------------------------------------
   1.  RESOURCE   USE: 
--------------------------------------------------------------------------------

| Flags:                                                                        
| New format PARM file being parsed.
| Version =    1.000 Date = 02/03/16 Time = 11:50:11
 NATOM  =    1590 NTYPES =      14 NBONH =     791 MBONA  =     820
 NTHETH =    1812 MTHETA =    1115 NPHIH =    3578 MPHIA  =    3525
 NHPARM =       0 NPARM  =       0 NNB   =    8805 NRES   =     104
 NBONA  =     820 NTHETA =    1115 NPHIA =    3525 NUMBND =      65
 NUMANG =     152 NPTRA  =     189 NATYP =      33 NPHB   =       0
 IFBOX  =       0 NMXRS  =      24 IFCAP =       0 NEXTRA =       0
 NCOPY  =       0

 Implicit solvent radii are ArgH and AspGluO modified Bondi2 radii (mbondi3)                                
 Replacing prmtop screening parameters with GBn2 (igb=8) values

|     Memory Use     Allocated
|     Real              145027
|     Hollerith           4876
|     Integer           109197
|     Max Pairs              1
|     nblistReal             0
|     nblist Int             0
|       Total             1578 kbytes

| Note: 1-4 EEL scale factors are being read from the topology file.

| Note: 1-4 VDW scale factors are being read from the topology file.
| Duplicated    0 dihedrals
| Duplicated    0 dihedrals

--------------------------------------------------------------------------------
   2.  CONTROL  DATA  FOR  THE  RUN
--------------------------------------------------------------------------------

default_name                                                                    

General flags:
     imin    =       1, nmropt  =       0

Nature and format of input:
     ntx     =       1, irest   =       0, ntrx    =       1

Nature and format of output:
     ntxo    =       1, ntpr    =     100, ntrx    =       1, ntwr    =     100
     iwrap   =       0, ntwx    =       0, ntwv    =       0, ntwe    =       0
     ioutfm  =       0, ntwprt  =       0, idecomp =       0, rbornstat=      0

Potential function:
     ntf     =       1, ntb     =       0, igb     =       8, nsnb    =      25
     ipol    =       0, gbsa    =       0, iesp    =       0
     dielc   =   1.00000, cut     = 999.00000, intdiel =   1.00000
     saltcon =   0.00000, offset  =   0.19514, surften =   0.00500
     rdt     =   0.00000, rgbmax  =  25.00000  extdiel =  78.50000
     alpb  =        0
     gbalphaH  =   0.78844, gbbetaH   =   0.79870,  gbgammaH  =    0.43733
     gbalphaC  =   0.73376, gbbetaC   =   0.50638,  gbgammaC  =    0.20584
     gbalphaN  =   0.50336, gbbetaN   =   0.31683,  gbgammaN  =    0.19292
     gbalphaOS =   0.86781, gbbetaOS  =   0.87664,  gbgammaOS =    0.38788
     gbalphaP  =   1.00000, gbbetaP   =   0.80000,  gbgammaP  =    4.85000
     gb_alpha_hnu  =   0.53705, gb_beta_hnu   =   0.36286,  gb_gamma_hnu  =    0.11670
     gb_alpha_cnu  =   0.33167, gb_beta_cnu   =   0.19684,  gb_gamma_cnu  =    0.09342
     gb_alpha_nnu  =   0.68631, gb_beta_nnu   =   0.46319,  gb_gamma_nnu  =    0.13872
     gb_alpha_onu  =   0.60634, gb_beta_onu   =   0.46301,  gb_gamma_onu  =    0.14226
     gb_alpha_pnu  =   0.41836, gb_beta_pnu   =   0.29005,  gb_gamma_pnu  =    0.10642

Frozen or restrained atoms:
     ibelly  =       0, ntr     =       1
     restraint_wt =  10.00000

Energy minimization:
     maxcyc  =    1000, ncyc    =      10, ntmin   =       1
     dx0     =   0.01000, drms    =   0.00010
|  INFO: Old style inpcrd file read


    LOADING THE CONSTRAINED ATOMS AS GROUPS


   5.  REFERENCE ATOM COORDINATES

  defa
     Mask !@H=; matches   799 atoms

--------------------------------------------------------------------------------
   3.  ATOMIC COORDINATES AND VELOCITIES
--------------------------------------------------------------------------------

default_name                                                                    
 begin time read from input coords =     0.000 ps

 Number of triangulated 3-point waters found:        0

--------------------------------------------------------------------------------
   4.  RESULTS
--------------------------------------------------------------------------------



   NSTEP       ENERGY          RMS            GMAX         NAME    NUMBER
      1      -2.1725E+03     9.2230E+00     6.2426E+01     N          93

 BOND    =       69.7619  ANGLE   =      211.4663  DIHED      =     1077.2375
 VDWAALS =     -636.2549  EEL     =    -7030.4215  EGB        =    -2022.3304
 1-4 VDW =      439.9637  1-4 EEL =     5718.0303  RESTRAINT  =        0.0000


   NSTEP       ENERGY          RMS            GMAX         NAME    NUMBER
    100      -2.5486E+03     2.8166E-01     3.3477E+00     CG       1324

 BOND    =       30.9844  ANGLE   =      207.7226  DIHED      =     1076.8747
 VDWAALS =     -788.4808  EEL     =    -7042.2752  EGB        =    -2039.7411
 1-4 VDW =      330.6138  1-4 EEL =     5632.0285  RESTRAINT  =       43.6646
 EAMBER  =    -2592.2731


   NSTEP       ENERGY          RMS            GMAX         NAME    NUMBER
    200      -2.5519E+03     1.3567E-01     1.8413E+00     CD        193

 BOND    =       31.0031  ANGLE   =      208.4378  DIHED      =     1077.4131
 VDWAALS =     -792.3312  EEL     =    -7043.5435  EGB        =    -2041.1037
 1-4 VDW =      330.3364  1-4 EEL =     5631.8861  RESTRAINT  =       45.9935
 EAMBER  =    -2597.9019


   NSTEP       ENERGY          RMS            GMAX         NAME    NUMBER
    300      -2.5548E+03     3.1221E-01     8.5158E+00     HG1       605

 BOND    =       31.7397  ANGLE   =      210.8511  DIHED      =     1077.5605
 VDWAALS =     -793.8526  EEL     =    -7046.0780  EGB        =    -2041.2455
 1-4 VDW =      328.8090  1-4 EEL =     5630.1010  RESTRAINT  =       47.3288
 EAMBER  =    -2602.1149


   NSTEP       ENERGY          RMS            GMAX         NAME    NUMBER
    400      -2.5586E+03     1.5033E-02     1.6139E-01     CG       1324

 BOND    =       30.8099  ANGLE   =      207.8551  DIHED      =     1076.0394
 VDWAALS =     -791.6117  EEL     =    -7049.8432  EGB        =    -2041.0993
 1-4 VDW =      331.2594  1-4 EEL =     5632.5183  RESTRAINT  =       45.4983
 EAMBER  =    -2604.0722


   NSTEP       ENERGY          RMS            GMAX         NAME    NUMBER
    500      -2.5586E+03     1.1120E-02     2.2263E-01     OG1       604

 BOND    =       30.7871  ANGLE   =      207.8198  DIHED      =     1076.0959
 VDWAALS =     -791.5991  EEL     =    -7049.8606  EGB        =    -2041.2942
 1-4 VDW =      331.3346  1-4 EEL =     5632.6548  RESTRAINT  =       45.4739
 EAMBER  =    -2604.0617


   NSTEP       ENERGY          RMS            GMAX         NAME    NUMBER
    600      -2.5586E+03     1.3791E-03     1.7746E-02     HG21      601

 BOND    =       30.7913  ANGLE   =      207.8127  DIHED      =     1076.1049
 VDWAALS =     -791.6011  EEL     =    -7049.8433  EGB        =    -2041.3326
 1-4 VDW =      331.3377  1-4 EEL =     5632.6666  RESTRAINT  =       45.4748
 EAMBER  =    -2604.0637

     ... RESTARTED DUE TO LINMIN FAILURE ...

     ... RESTARTED DUE TO LINMIN FAILURE ...


   NSTEP       ENERGY          RMS            GMAX         NAME    NUMBER
    700       1.3798E+04     1.3670E+02     3.6400E+03     CG       1324

 BOND    =    14134.4280  ANGLE   =     2311.3128  DIHED      =     1099.9862
 VDWAALS =     -749.1030  EEL     =    -7016.9547  EGB        =    -2119.0724
 1-4 VDW =      345.9332  1-4 EEL =     5623.2467  RESTRAINT  =      168.4082
 EAMBER  =    13629.7768


   NSTEP       ENERGY          RMS            GMAX         NAME    NUMBER
    800      -2.5563E+03     1.1394E+00     2.6269E+01     OD1      1325

 BOND    =       31.9186  ANGLE   =      208.2619  DIHED      =     1076.4056
 VDWAALS =     -791.4225  EEL     =    -7051.2686  EGB        =    -2040.8093
 1-4 VDW =      331.3405  1-4 EEL =     5633.1072  RESTRAINT  =       46.1396
 EAMBER  =    -2602.4665


   NSTEP       ENERGY          RMS            GMAX         NAME    NUMBER
    900      -2.5586E+03     9.4958E-03     1.5852E-01     OD1      1325

 BOND    =       30.7958  ANGLE   =      207.8264  DIHED      =     1076.3350
 VDWAALS =     -791.5956  EEL     =    -7049.3551  EGB        =    -2041.7634
 1-4 VDW =      331.3490  1-4 EEL =     5632.3629  RESTRAINT  =       45.4587
 EAMBER  =    -2604.0450


   NSTEP       ENERGY          RMS            GMAX         NAME    NUMBER
   1000      -2.5586E+03     3.6852E-02     5.6013E-01     CB       1579

 BOND    =       30.7893  ANGLE   =      207.8308  DIHED      =     1076.5601
 VDWAALS =     -791.5826  EEL     =    -7049.1496  EGB        =    -2041.9304
 1-4 VDW =      331.3373  1-4 EEL =     5632.1093  RESTRAINT  =       45.4190
 EAMBER  =    -2604.0359


  Maximum number of minimization cycles reached.


                    FINAL RESULTS



   NSTEP       ENERGY          RMS            GMAX         NAME    NUMBER
   1000      -2.5586E+03     3.6852E-02     5.6013E-01     CB       1579

 BOND    =       30.7893  ANGLE   =      207.8308  DIHED      =     1076.5601
 VDWAALS =     -791.5826  EEL     =    -7049.1496  EGB        =    -2041.9304
 1-4 VDW =      331.3373  1-4 EEL =     5632.1093  RESTRAINT  =       45.4190
 EAMBER  =    -2604.0359

--------------------------------------------------------------------------------
   5.  TIMINGS
--------------------------------------------------------------------------------

|                Calc gb radii             58.39 (20.31% of Gen B)
|                Calc gb diag             107.72 (37.48% of Gen B)
|                Calc gb off-diag         121.32 (42.21% of Gen B)
|             Gen Born time            287.44 (100.0% of Nonbo)
|          Nonbond force            287.44 (99.28% of Force)
|          Bond/Angle/Dihedral        2.07 ( 0.72% of Force)
|          Other                      0.02 ( 0.01% of Force)
|       Force time               289.53 (100.0% of Runmd)
|    Runmd Time               289.53 (99.68% of Total)
|    Other                      0.93 ( 0.32% of Total)
| Total time               290.46 (100.0% of ALL  )

| Number of list builds   :          0

| Highest rstack allocated:          0
| Highest istack allocated:          0
|           Job began  at 14:51:48.590  on 02/03/2016
|           Setup done at 14:51:48.699  on 02/03/2016
|           Run   done at 14:56:39.051  on 02/03/2016
|     wallclock() was called   18028 times
