
          -------------------------------------------------------
          Amber 14 SANDER                              2014
          -------------------------------------------------------

| Run on 02/03/2016 at 13:26:10

|   Executable path: sander
| Working directory: /lustre/cs1500/scratch/kmb413/RealDecoyDisc/DecoyDiscrimination/decoys.set2.init/1aaj/Rosetta_relaxed
|          Hostname: slepner7


File Assignments:
|  MDIN: /scratch/kmb413/RealDecoyDisc/DecoyDiscrimination/scripts/min/min.in  
| MDOUT: NoH_1_empty_tag_1552_0001_0001.out                                    
|INPCRD: NoH_1_empty_tag_1552_0001_0001.rst7                                   
|  PARM: NoH_1_empty_tag_1552_0001_0001.parm7                                  
|RESTRT: min_NoH_1_empty_tag_1552_0001_0001.rst7                               
|  REFC: NoH_1_empty_tag_1552_0001_0001.rst7                                   
| MDVEL: mdvel                                                                 
| MDFRC: mdfrc                                                                 
|  MDEN: mden                                                                  
| MDCRD: mdcrd                                                                 
|MDINFO: mdinfo                                                                
|  MTMD: mtmd                                                                  
|INPDIP: inpdip                                                                
|RSTDIP: rstdip                                                                
|INPTRA: inptraj                                                               


 Here is the input file:

                                                                               
&cntrl                                                                         
    imin = 1, maxcyc=1000,                                                     
    ntx = 1,                                                                   
    ntwr = 100, ntpr = 100,                                                    
    cut = 999.0,                                                               
    ntb = 0, igb = 8,                                                          
    ntr = 1, restraint_wt = 10, restraintmask = "!@H=",                        
/                                                                              

--------------------------------------------------------------------------------
   1.  RESOURCE   USE: 
--------------------------------------------------------------------------------

| Flags:                                                                        
| New format PARM file being parsed.
| Version =    1.000 Date = 02/03/16 Time = 11:45:11
 NATOM  =    1590 NTYPES =      14 NBONH =     791 MBONA  =     820
 NTHETH =    1812 MTHETA =    1115 NPHIH =    3578 MPHIA  =    3525
 NHPARM =       0 NPARM  =       0 NNB   =    8805 NRES   =     104
 NBONA  =     820 NTHETA =    1115 NPHIA =    3525 NUMBND =      65
 NUMANG =     152 NPTRA  =     189 NATYP =      33 NPHB   =       0
 IFBOX  =       0 NMXRS  =      24 IFCAP =       0 NEXTRA =       0
 NCOPY  =       0

 Implicit solvent radii are ArgH and AspGluO modified Bondi2 radii (mbondi3)                                
 Replacing prmtop screening parameters with GBn2 (igb=8) values

|     Memory Use     Allocated
|     Real              145027
|     Hollerith           4876
|     Integer           109197
|     Max Pairs              1
|     nblistReal             0
|     nblist Int             0
|       Total             1578 kbytes

| Note: 1-4 EEL scale factors are being read from the topology file.

| Note: 1-4 VDW scale factors are being read from the topology file.
| Duplicated    0 dihedrals
| Duplicated    0 dihedrals

--------------------------------------------------------------------------------
   2.  CONTROL  DATA  FOR  THE  RUN
--------------------------------------------------------------------------------

default_name                                                                    

General flags:
     imin    =       1, nmropt  =       0

Nature and format of input:
     ntx     =       1, irest   =       0, ntrx    =       1

Nature and format of output:
     ntxo    =       1, ntpr    =     100, ntrx    =       1, ntwr    =     100
     iwrap   =       0, ntwx    =       0, ntwv    =       0, ntwe    =       0
     ioutfm  =       0, ntwprt  =       0, idecomp =       0, rbornstat=      0

Potential function:
     ntf     =       1, ntb     =       0, igb     =       8, nsnb    =      25
     ipol    =       0, gbsa    =       0, iesp    =       0
     dielc   =   1.00000, cut     = 999.00000, intdiel =   1.00000
     saltcon =   0.00000, offset  =   0.19514, surften =   0.00500
     rdt     =   0.00000, rgbmax  =  25.00000  extdiel =  78.50000
     alpb  =        0
     gbalphaH  =   0.78844, gbbetaH   =   0.79870,  gbgammaH  =    0.43733
     gbalphaC  =   0.73376, gbbetaC   =   0.50638,  gbgammaC  =    0.20584
     gbalphaN  =   0.50336, gbbetaN   =   0.31683,  gbgammaN  =    0.19292
     gbalphaOS =   0.86781, gbbetaOS  =   0.87664,  gbgammaOS =    0.38788
     gbalphaP  =   1.00000, gbbetaP   =   0.80000,  gbgammaP  =    4.85000
     gb_alpha_hnu  =   0.53705, gb_beta_hnu   =   0.36286,  gb_gamma_hnu  =    0.11670
     gb_alpha_cnu  =   0.33167, gb_beta_cnu   =   0.19684,  gb_gamma_cnu  =    0.09342
     gb_alpha_nnu  =   0.68631, gb_beta_nnu   =   0.46319,  gb_gamma_nnu  =    0.13872
     gb_alpha_onu  =   0.60634, gb_beta_onu   =   0.46301,  gb_gamma_onu  =    0.14226
     gb_alpha_pnu  =   0.41836, gb_beta_pnu   =   0.29005,  gb_gamma_pnu  =    0.10642

Frozen or restrained atoms:
     ibelly  =       0, ntr     =       1
     restraint_wt =  10.00000

Energy minimization:
     maxcyc  =    1000, ncyc    =      10, ntmin   =       1
     dx0     =   0.01000, drms    =   0.00010
|  INFO: Old style inpcrd file read


    LOADING THE CONSTRAINED ATOMS AS GROUPS


   5.  REFERENCE ATOM COORDINATES

  defa
     Mask !@H=; matches   799 atoms

--------------------------------------------------------------------------------
   3.  ATOMIC COORDINATES AND VELOCITIES
--------------------------------------------------------------------------------

default_name                                                                    
 begin time read from input coords =     0.000 ps

 Number of triangulated 3-point waters found:        0

--------------------------------------------------------------------------------
   4.  RESULTS
--------------------------------------------------------------------------------



   NSTEP       ENERGY          RMS            GMAX         NAME    NUMBER
      1      -2.2420E+03     9.0326E+00     6.3306E+01     OE1       945

 BOND    =       69.9201  ANGLE   =      211.4773  DIHED      =     1085.2527
 VDWAALS =     -658.2752  EEL     =    -6964.5192  EGB        =    -2147.9012
 1-4 VDW =      438.2718  1-4 EEL =     5723.7972  RESTRAINT  =        0.0000


   NSTEP       ENERGY          RMS            GMAX         NAME    NUMBER
    100      -2.5854E+03     3.0460E-01     4.5905E+00     CD        193

 BOND    =       30.2017  ANGLE   =      202.6473  DIHED      =     1087.3020
 VDWAALS =     -787.3039  EEL     =    -6966.4577  EGB        =    -2167.5090
 1-4 VDW =      331.2317  1-4 EEL =     5644.5217  RESTRAINT  =       39.9867
 EAMBER  =    -2625.3663


   NSTEP       ENERGY          RMS            GMAX         NAME    NUMBER
    200      -2.5898E+03     1.7229E-01     2.7282E+00     CG        589

 BOND    =       30.3676  ANGLE   =      203.5352  DIHED      =     1087.1801
 VDWAALS =     -790.5405  EEL     =    -6973.8870  EGB        =    -2163.7152
 1-4 VDW =      330.5870  1-4 EEL =     5644.7491  RESTRAINT  =       41.9454
 EAMBER  =    -2631.7237


   NSTEP       ENERGY          RMS            GMAX         NAME    NUMBER
    300      -2.5923E+03     3.5936E-02     4.9388E-01     HG1       605

 BOND    =       30.1549  ANGLE   =      202.9481  DIHED      =     1085.2279
 VDWAALS =     -791.4256  EEL     =    -6975.0989  EGB        =    -2162.7484
 1-4 VDW =      331.3348  1-4 EEL =     5645.4991  RESTRAINT  =       41.7947
 EAMBER  =    -2634.1081


   NSTEP       ENERGY          RMS            GMAX         NAME    NUMBER
    400      -2.5973E+03     4.9890E-02     9.0103E-01     CD        193

 BOND    =       30.1733  ANGLE   =      203.1542  DIHED      =     1084.6945
 VDWAALS =     -790.2588  EEL     =    -6980.1794  EGB        =    -2163.6654
 1-4 VDW =      331.4629  1-4 EEL =     5645.8552  RESTRAINT  =       41.4528
 EAMBER  =    -2638.7634


   NSTEP       ENERGY          RMS            GMAX         NAME    NUMBER
    500      -2.5974E+03     1.2126E-02     2.5731E-01     CG        589

 BOND    =       30.1793  ANGLE   =      203.0926  DIHED      =     1084.7453
 VDWAALS =     -790.2410  EEL     =    -6980.0002  EGB        =    -2163.9242
 1-4 VDW =      331.5453  1-4 EEL =     5645.8478  RESTRAINT  =       41.3868
 EAMBER  =    -2638.7551


   NSTEP       ENERGY          RMS            GMAX         NAME    NUMBER
    600      -2.5974E+03     9.8692E-03     2.2509E-01     CG        589

 BOND    =       30.1756  ANGLE   =      203.0830  DIHED      =     1084.8069
 VDWAALS =     -790.2312  EEL     =    -6979.8664  EGB        =    -2164.0811
 1-4 VDW =      331.5564  1-4 EEL =     5645.8115  RESTRAINT  =       41.3742
 EAMBER  =    -2638.7455


   NSTEP       ENERGY          RMS            GMAX         NAME    NUMBER
    700      -2.5974E+03     1.2876E-01     4.7828E+00     HG1       635

 BOND    =       30.3764  ANGLE   =      203.2930  DIHED      =     1085.2324
 VDWAALS =     -790.0261  EEL     =    -6979.5475  EGB        =    -2164.8605
 1-4 VDW =      331.1904  1-4 EEL =     5645.4155  RESTRAINT  =       41.5371
 EAMBER  =    -2638.9264


   NSTEP       ENERGY          RMS            GMAX         NAME    NUMBER
    800      -2.6030E+03     4.6412E-02     1.1664E+00     OG1       634

 BOND    =       30.2840  ANGLE   =      203.1002  DIHED      =     1084.5084
 VDWAALS =     -788.8091  EEL     =    -6982.7798  EGB        =    -2166.8963
 1-4 VDW =      331.4315  1-4 EEL =     5645.1644  RESTRAINT  =       41.0354
 EAMBER  =    -2643.9968


   NSTEP       ENERGY          RMS            GMAX         NAME    NUMBER
    900      -2.6030E+03     3.1699E-03     6.7010E-02     CD        193

 BOND    =       30.2409  ANGLE   =      203.0167  DIHED      =     1084.4739
 VDWAALS =     -788.8056  EEL     =    -6982.7515  EGB        =    -2166.9237
 1-4 VDW =      331.5594  1-4 EEL =     5645.2202  RESTRAINT  =       40.9746
 EAMBER  =    -2643.9697


   NSTEP       ENERGY          RMS            GMAX         NAME    NUMBER
   1000      -2.6030E+03     5.0974E-04     8.7274E-03     CB       1176

 BOND    =       30.2326  ANGLE   =      203.0041  DIHED      =     1084.4775
 VDWAALS =     -788.8095  EEL     =    -6982.7247  EGB        =    -2166.9312
 1-4 VDW =      331.5798  1-4 EEL =     5645.2141  RESTRAINT  =       40.9620
 EAMBER  =    -2643.9573


  Maximum number of minimization cycles reached.


                    FINAL RESULTS



   NSTEP       ENERGY          RMS            GMAX         NAME    NUMBER
   1000      -2.6030E+03     5.0974E-04     8.7274E-03     CB       1176

 BOND    =       30.2326  ANGLE   =      203.0041  DIHED      =     1084.4775
 VDWAALS =     -788.8095  EEL     =    -6982.7247  EGB        =    -2166.9312
 1-4 VDW =      331.5798  1-4 EEL =     5645.2141  RESTRAINT  =       40.9620
 EAMBER  =    -2643.9573

--------------------------------------------------------------------------------
   5.  TIMINGS
--------------------------------------------------------------------------------

|                Calc gb radii             59.21 (20.02% of Gen B)
|                Calc gb diag             111.48 (37.69% of Gen B)
|                Calc gb off-diag         125.09 (42.29% of Gen B)
|             Gen Born time            295.79 (100.0% of Nonbo)
|          Nonbond force            295.79 (99.30% of Force)
|          Bond/Angle/Dihedral        2.07 ( 0.70% of Force)
|          Other                      0.02 ( 0.01% of Force)
|       Force time               297.88 (100.0% of Runmd)
|    Runmd Time               297.88 (99.72% of Total)
|    Other                      0.83 ( 0.28% of Total)
| Total time               298.71 (100.0% of ALL  )

| Number of list builds   :          0

| Highest rstack allocated:          0
| Highest istack allocated:          0
|           Job began  at 13:26:10.781  on 02/03/2016
|           Setup done at 13:26:10.871  on 02/03/2016
|           Run   done at 13:31:09.491  on 02/03/2016
|     wallclock() was called   18028 times
