
          -------------------------------------------------------
          Amber 14 SANDER                              2014
          -------------------------------------------------------

| Run on 02/03/2016 at 14:50:17

|   Executable path: sander
| Working directory: /lustre/cs1500/scratch/kmb413/RealDecoyDisc/DecoyDiscrimination/decoys.set2.init/1aaj/Rosetta_relaxed
|          Hostname: slepner35


File Assignments:
|  MDIN: /scratch/kmb413/RealDecoyDisc/DecoyDiscrimination/scripts/min/min.in  
| MDOUT: NoH_1_empty_tag_1_132_0001.out                                        
|INPCRD: NoH_1_empty_tag_1_132_0001.rst7                                       
|  PARM: NoH_1_empty_tag_1_132_0001.parm7                                      
|RESTRT: min_NoH_1_empty_tag_1_132_0001.rst7                                   
|  REFC: NoH_1_empty_tag_1_132_0001.rst7                                       
| MDVEL: mdvel                                                                 
| MDFRC: mdfrc                                                                 
|  MDEN: mden                                                                  
| MDCRD: mdcrd                                                                 
|MDINFO: mdinfo                                                                
|  MTMD: mtmd                                                                  
|INPDIP: inpdip                                                                
|RSTDIP: rstdip                                                                
|INPTRA: inptraj                                                               


 Here is the input file:

                                                                               
&cntrl                                                                         
    imin = 1, maxcyc=1000,                                                     
    ntx = 1,                                                                   
    ntwr = 100, ntpr = 100,                                                    
    cut = 999.0,                                                               
    ntb = 0, igb = 8,                                                          
    ntr = 1, restraint_wt = 10, restraintmask = "!@H=",                        
/                                                                              

--------------------------------------------------------------------------------
   1.  RESOURCE   USE: 
--------------------------------------------------------------------------------

| Flags:                                                                        
| New format PARM file being parsed.
| Version =    1.000 Date = 02/03/16 Time = 11:44:35
 NATOM  =    1590 NTYPES =      14 NBONH =     791 MBONA  =     820
 NTHETH =    1812 MTHETA =    1115 NPHIH =    3578 MPHIA  =    3525
 NHPARM =       0 NPARM  =       0 NNB   =    8805 NRES   =     104
 NBONA  =     820 NTHETA =    1115 NPHIA =    3525 NUMBND =      65
 NUMANG =     152 NPTRA  =     189 NATYP =      33 NPHB   =       0
 IFBOX  =       0 NMXRS  =      24 IFCAP =       0 NEXTRA =       0
 NCOPY  =       0

 Implicit solvent radii are ArgH and AspGluO modified Bondi2 radii (mbondi3)                                
 Replacing prmtop screening parameters with GBn2 (igb=8) values

|     Memory Use     Allocated
|     Real              145027
|     Hollerith           4876
|     Integer           109197
|     Max Pairs              1
|     nblistReal             0
|     nblist Int             0
|       Total             1578 kbytes

| Note: 1-4 EEL scale factors are being read from the topology file.

| Note: 1-4 VDW scale factors are being read from the topology file.
| Duplicated    0 dihedrals
| Duplicated    0 dihedrals

--------------------------------------------------------------------------------
   2.  CONTROL  DATA  FOR  THE  RUN
--------------------------------------------------------------------------------

default_name                                                                    

General flags:
     imin    =       1, nmropt  =       0

Nature and format of input:
     ntx     =       1, irest   =       0, ntrx    =       1

Nature and format of output:
     ntxo    =       1, ntpr    =     100, ntrx    =       1, ntwr    =     100
     iwrap   =       0, ntwx    =       0, ntwv    =       0, ntwe    =       0
     ioutfm  =       0, ntwprt  =       0, idecomp =       0, rbornstat=      0

Potential function:
     ntf     =       1, ntb     =       0, igb     =       8, nsnb    =      25
     ipol    =       0, gbsa    =       0, iesp    =       0
     dielc   =   1.00000, cut     = 999.00000, intdiel =   1.00000
     saltcon =   0.00000, offset  =   0.19514, surften =   0.00500
     rdt     =   0.00000, rgbmax  =  25.00000  extdiel =  78.50000
     alpb  =        0
     gbalphaH  =   0.78844, gbbetaH   =   0.79870,  gbgammaH  =    0.43733
     gbalphaC  =   0.73376, gbbetaC   =   0.50638,  gbgammaC  =    0.20584
     gbalphaN  =   0.50336, gbbetaN   =   0.31683,  gbgammaN  =    0.19292
     gbalphaOS =   0.86781, gbbetaOS  =   0.87664,  gbgammaOS =    0.38788
     gbalphaP  =   1.00000, gbbetaP   =   0.80000,  gbgammaP  =    4.85000
     gb_alpha_hnu  =   0.53705, gb_beta_hnu   =   0.36286,  gb_gamma_hnu  =    0.11670
     gb_alpha_cnu  =   0.33167, gb_beta_cnu   =   0.19684,  gb_gamma_cnu  =    0.09342
     gb_alpha_nnu  =   0.68631, gb_beta_nnu   =   0.46319,  gb_gamma_nnu  =    0.13872
     gb_alpha_onu  =   0.60634, gb_beta_onu   =   0.46301,  gb_gamma_onu  =    0.14226
     gb_alpha_pnu  =   0.41836, gb_beta_pnu   =   0.29005,  gb_gamma_pnu  =    0.10642

Frozen or restrained atoms:
     ibelly  =       0, ntr     =       1
     restraint_wt =  10.00000

Energy minimization:
     maxcyc  =    1000, ncyc    =      10, ntmin   =       1
     dx0     =   0.01000, drms    =   0.00010
|  INFO: Old style inpcrd file read


    LOADING THE CONSTRAINED ATOMS AS GROUPS


   5.  REFERENCE ATOM COORDINATES

  defa
     Mask !@H=; matches   799 atoms

--------------------------------------------------------------------------------
   3.  ATOMIC COORDINATES AND VELOCITIES
--------------------------------------------------------------------------------

default_name                                                                    
 begin time read from input coords =     0.000 ps

 Number of triangulated 3-point waters found:        0

--------------------------------------------------------------------------------
   4.  RESULTS
--------------------------------------------------------------------------------



   NSTEP       ENERGY          RMS            GMAX         NAME    NUMBER
      1      -2.1821E+03     9.0757E+00     5.9355E+01     OD2       313

 BOND    =       69.5430  ANGLE   =      211.0337  DIHED      =     1082.5644
 VDWAALS =     -641.0856  EEL     =    -7250.2478  EGB        =    -1845.3246
 1-4 VDW =      432.6468  1-4 EEL =     5758.7614  RESTRAINT  =        0.0000


   NSTEP       ENERGY          RMS            GMAX         NAME    NUMBER
    100      -2.5634E+03     3.7180E-01     3.4546E+00     HG        116

 BOND    =       30.6068  ANGLE   =      204.4234  DIHED      =     1086.8197
 VDWAALS =     -787.7277  EEL     =    -7289.8554  EGB        =    -1861.1368
 1-4 VDW =      327.0439  1-4 EEL =     5684.1732  RESTRAINT  =       42.2203
 EAMBER  =    -2605.6529


   NSTEP       ENERGY          RMS            GMAX         NAME    NUMBER
    200      -2.5782E+03     2.4833E-01     3.2794E+00     OG1       634

 BOND    =       30.8418  ANGLE   =      204.9059  DIHED      =     1085.5841
 VDWAALS =     -789.7618  EEL     =    -7301.7147  EGB        =    -1860.9192
 1-4 VDW =      326.5411  1-4 EEL =     5683.0147  RESTRAINT  =       43.2943
 EAMBER  =    -2621.5083


   NSTEP       ENERGY          RMS            GMAX         NAME    NUMBER
    300      -2.5810E+03     2.6034E-01     7.8378E+00     HG1       605

 BOND    =       30.7191  ANGLE   =      204.3017  DIHED      =     1084.5902
 VDWAALS =     -790.7175  EEL     =    -7305.8931  EGB        =    -1859.1931
 1-4 VDW =      327.0514  1-4 EEL =     5684.8789  RESTRAINT  =       43.2914
 EAMBER  =    -2624.2624


   NSTEP       ENERGY          RMS            GMAX         NAME    NUMBER
    400      -2.5855E+03     3.2952E-02     7.0570E-01     CD        729

 BOND    =       30.5459  ANGLE   =      204.2521  DIHED      =     1083.5840
 VDWAALS =     -789.4457  EEL     =    -7310.3299  EGB        =    -1859.9225
 1-4 VDW =      327.4648  1-4 EEL =     5685.5059  RESTRAINT  =       42.8486
 EAMBER  =    -2628.3452


   NSTEP       ENERGY          RMS            GMAX         NAME    NUMBER
    500      -2.5855E+03     4.6128E-03     5.5099E-02     OG1      1212

 BOND    =       30.5229  ANGLE   =      204.1768  DIHED      =     1083.6672
 VDWAALS =     -789.4592  EEL     =    -7310.4319  EGB        =    -1860.0659
 1-4 VDW =      327.6089  1-4 EEL =     5685.6804  RESTRAINT  =       42.7773
 EAMBER  =    -2628.3008


   NSTEP       ENERGY          RMS            GMAX         NAME    NUMBER
    600      -2.5855E+03     9.1726E-04     1.7060E-02     CD        729

 BOND    =       30.5136  ANGLE   =      204.1620  DIHED      =     1083.6915
 VDWAALS =     -789.4506  EEL     =    -7310.4583  EGB        =    -1860.0853
 1-4 VDW =      327.6322  1-4 EEL =     5685.7040  RESTRAINT  =       42.7655
 EAMBER  =    -2628.2908


   NSTEP       ENERGY          RMS            GMAX         NAME    NUMBER
    700      -2.5855E+03     4.4418E-04     5.9883E-03     HB        599

 BOND    =       30.5139  ANGLE   =      204.1625  DIHED      =     1083.7017
 VDWAALS =     -789.4504  EEL     =    -7310.4853  EGB        =    -1860.0779
 1-4 VDW =      327.6339  1-4 EEL =     5685.7106  RESTRAINT  =       42.7653
 EAMBER  =    -2628.2911


   NSTEP       ENERGY          RMS            GMAX         NAME    NUMBER
    800      -2.5855E+03     1.5129E-04     2.6665E-03     HD13       65

 BOND    =       30.5141  ANGLE   =      204.1628  DIHED      =     1083.7025
 VDWAALS =     -789.4506  EEL     =    -7310.4879  EGB        =    -1860.0770
 1-4 VDW =      327.6339  1-4 EEL =     5685.7111  RESTRAINT  =       42.7654
 EAMBER  =    -2628.2912


   NSTEP       ENERGY          RMS            GMAX         NAME    NUMBER
    900      -2.5855E+03     1.4187E-04     4.4368E-03     CD        729

 BOND    =       30.5141  ANGLE   =      204.1629  DIHED      =     1083.7034
 VDWAALS =     -789.4509  EEL     =    -7310.4904  EGB        =    -1860.0763
 1-4 VDW =      327.6340  1-4 EEL =     5685.7118  RESTRAINT  =       42.7655
 EAMBER  =    -2628.2913


                    FINAL RESULTS



   NSTEP       ENERGY          RMS            GMAX         NAME    NUMBER
    919      -2.5855E+03     8.2234E-05     1.4482E-03     CD       1260

 BOND    =       30.5141  ANGLE   =      204.1630  DIHED      =     1083.7036
 VDWAALS =     -789.4509  EEL     =    -7310.4908  EGB        =    -1860.0762
 1-4 VDW =      327.6340  1-4 EEL =     5685.7119  RESTRAINT  =       42.7655
 EAMBER  =    -2628.2914

--------------------------------------------------------------------------------
   5.  TIMINGS
--------------------------------------------------------------------------------

|                Calc gb radii             54.79 (20.37% of Gen B)
|                Calc gb diag             101.25 (37.65% of Gen B)
|                Calc gb off-diag         112.86 (41.97% of Gen B)
|             Gen Born time            268.90 (100.0% of Nonbo)
|          Nonbond force            268.90 (99.29% of Force)
|          Bond/Angle/Dihedral        1.90 ( 0.70% of Force)
|          Other                      0.02 ( 0.01% of Force)
|       Force time               270.82 (100.0% of Runmd)
|    Runmd Time               270.82 (99.68% of Total)
|    Other                      0.87 ( 0.32% of Total)
| Total time               271.69 (100.0% of ALL  )

| Number of list builds   :          0

| Highest rstack allocated:          0
| Highest istack allocated:          0
|           Job began  at 14:50:17.635  on 02/03/2016
|           Setup done at 14:50:17.705  on 02/03/2016
|           Run   done at 14:54:49.322  on 02/03/2016
|     wallclock() was called   16570 times
