
          -------------------------------------------------------
          Amber 14 SANDER                              2014
          -------------------------------------------------------

| Run on 02/03/2016 at 12:37:21

|   Executable path: sander
| Working directory: /lustre/cs1500/scratch/kmb413/RealDecoyDisc/DecoyDiscrimination/decoys.set2.init/1aaj/Rosetta_relaxed
|          Hostname: slepner15


File Assignments:
|  MDIN: /scratch/kmb413/RealDecoyDisc/DecoyDiscrimination/scripts/min/min.in  
| MDOUT: NoH_2_empty_tag_1_305_0001.out                                        
|INPCRD: NoH_2_empty_tag_1_305_0001.rst7                                       
|  PARM: NoH_2_empty_tag_1_305_0001.parm7                                      
|RESTRT: min_NoH_2_empty_tag_1_305_0001.rst7                                   
|  REFC: NoH_2_empty_tag_1_305_0001.rst7                                       
| MDVEL: mdvel                                                                 
| MDFRC: mdfrc                                                                 
|  MDEN: mden                                                                  
| MDCRD: mdcrd                                                                 
|MDINFO: mdinfo                                                                
|  MTMD: mtmd                                                                  
|INPDIP: inpdip                                                                
|RSTDIP: rstdip                                                                
|INPTRA: inptraj                                                               


 Here is the input file:

                                                                               
&cntrl                                                                         
    imin = 1, maxcyc=1000,                                                     
    ntx = 1,                                                                   
    ntwr = 100, ntpr = 100,                                                    
    cut = 999.0,                                                               
    ntb = 0, igb = 8,                                                          
    ntr = 1, restraint_wt = 10, restraintmask = "!@H=",                        
/                                                                              

--------------------------------------------------------------------------------
   1.  RESOURCE   USE: 
--------------------------------------------------------------------------------

| Flags:                                                                        
| New format PARM file being parsed.
| Version =    1.000 Date = 02/03/16 Time = 11:46:49
 NATOM  =    1590 NTYPES =      14 NBONH =     791 MBONA  =     820
 NTHETH =    1812 MTHETA =    1115 NPHIH =    3578 MPHIA  =    3525
 NHPARM =       0 NPARM  =       0 NNB   =    8805 NRES   =     104
 NBONA  =     820 NTHETA =    1115 NPHIA =    3525 NUMBND =      65
 NUMANG =     152 NPTRA  =     189 NATYP =      33 NPHB   =       0
 IFBOX  =       0 NMXRS  =      24 IFCAP =       0 NEXTRA =       0
 NCOPY  =       0

 Implicit solvent radii are ArgH and AspGluO modified Bondi2 radii (mbondi3)                                
 Replacing prmtop screening parameters with GBn2 (igb=8) values

|     Memory Use     Allocated
|     Real              145027
|     Hollerith           4876
|     Integer           109197
|     Max Pairs              1
|     nblistReal             0
|     nblist Int             0
|       Total             1578 kbytes

| Note: 1-4 EEL scale factors are being read from the topology file.

| Note: 1-4 VDW scale factors are being read from the topology file.
| Duplicated    0 dihedrals
| Duplicated    0 dihedrals

--------------------------------------------------------------------------------
   2.  CONTROL  DATA  FOR  THE  RUN
--------------------------------------------------------------------------------

default_name                                                                    

General flags:
     imin    =       1, nmropt  =       0

Nature and format of input:
     ntx     =       1, irest   =       0, ntrx    =       1

Nature and format of output:
     ntxo    =       1, ntpr    =     100, ntrx    =       1, ntwr    =     100
     iwrap   =       0, ntwx    =       0, ntwv    =       0, ntwe    =       0
     ioutfm  =       0, ntwprt  =       0, idecomp =       0, rbornstat=      0

Potential function:
     ntf     =       1, ntb     =       0, igb     =       8, nsnb    =      25
     ipol    =       0, gbsa    =       0, iesp    =       0
     dielc   =   1.00000, cut     = 999.00000, intdiel =   1.00000
     saltcon =   0.00000, offset  =   0.19514, surften =   0.00500
     rdt     =   0.00000, rgbmax  =  25.00000  extdiel =  78.50000
     alpb  =        0
     gbalphaH  =   0.78844, gbbetaH   =   0.79870,  gbgammaH  =    0.43733
     gbalphaC  =   0.73376, gbbetaC   =   0.50638,  gbgammaC  =    0.20584
     gbalphaN  =   0.50336, gbbetaN   =   0.31683,  gbgammaN  =    0.19292
     gbalphaOS =   0.86781, gbbetaOS  =   0.87664,  gbgammaOS =    0.38788
     gbalphaP  =   1.00000, gbbetaP   =   0.80000,  gbgammaP  =    4.85000
     gb_alpha_hnu  =   0.53705, gb_beta_hnu   =   0.36286,  gb_gamma_hnu  =    0.11670
     gb_alpha_cnu  =   0.33167, gb_beta_cnu   =   0.19684,  gb_gamma_cnu  =    0.09342
     gb_alpha_nnu  =   0.68631, gb_beta_nnu   =   0.46319,  gb_gamma_nnu  =    0.13872
     gb_alpha_onu  =   0.60634, gb_beta_onu   =   0.46301,  gb_gamma_onu  =    0.14226
     gb_alpha_pnu  =   0.41836, gb_beta_pnu   =   0.29005,  gb_gamma_pnu  =    0.10642

Frozen or restrained atoms:
     ibelly  =       0, ntr     =       1
     restraint_wt =  10.00000

Energy minimization:
     maxcyc  =    1000, ncyc    =      10, ntmin   =       1
     dx0     =   0.01000, drms    =   0.00010
|  INFO: Old style inpcrd file read


    LOADING THE CONSTRAINED ATOMS AS GROUPS


   5.  REFERENCE ATOM COORDINATES

  defa
     Mask !@H=; matches   799 atoms

--------------------------------------------------------------------------------
   3.  ATOMIC COORDINATES AND VELOCITIES
--------------------------------------------------------------------------------

default_name                                                                    
 begin time read from input coords =     0.000 ps

 Number of triangulated 3-point waters found:        0

--------------------------------------------------------------------------------
   4.  RESULTS
--------------------------------------------------------------------------------



   NSTEP       ENERGY          RMS            GMAX         NAME    NUMBER
      1      -2.2040E+03     9.1196E+00     5.9967E+01     O        1589

 BOND    =       71.0621  ANGLE   =      211.9080  DIHED      =     1082.2402
 VDWAALS =     -651.0340  EEL     =    -7105.4135  EGB        =    -1981.0574
 1-4 VDW =      436.8928  1-4 EEL =     5731.4507  RESTRAINT  =        0.0000


   NSTEP       ENERGY          RMS            GMAX         NAME    NUMBER
    100      -2.5675E+03     5.0705E-01     7.9995E+00     CD       1585

 BOND    =       31.4987  ANGLE   =      206.5271  DIHED      =     1090.4218
 VDWAALS =     -792.2267  EEL     =    -7128.8337  EGB        =    -1997.6829
 1-4 VDW =      327.7609  1-4 EEL =     5652.3215  RESTRAINT  =       42.7376
 EAMBER  =    -2610.2132


   NSTEP       ENERGY          RMS            GMAX         NAME    NUMBER
    200      -2.5801E+03     1.4146E-01     1.4644E+00     H2          3

 BOND    =       31.0427  ANGLE   =      205.9843  DIHED      =     1087.0731
 VDWAALS =     -793.6858  EEL     =    -7141.6196  EGB        =    -1994.2591
 1-4 VDW =      328.6850  1-4 EEL =     5653.6263  RESTRAINT  =       43.0894
 EAMBER  =    -2623.1530


   NSTEP       ENERGY          RMS            GMAX         NAME    NUMBER
    300      -2.5815E+03     2.7432E-01     5.5095E+00     HG1       605

 BOND    =       31.1180  ANGLE   =      205.9840  DIHED      =     1086.7702
 VDWAALS =     -794.3334  EEL     =    -7142.8812  EGB        =    -1993.7563
 1-4 VDW =      328.9942  1-4 EEL =     5653.2368  RESTRAINT  =       43.3376
 EAMBER  =    -2624.8677


   NSTEP       ENERGY          RMS            GMAX         NAME    NUMBER
    400      -2.5861E+03     3.2526E-02     4.7544E-01     N         594

 BOND    =       30.8469  ANGLE   =      205.6212  DIHED      =     1085.8122
 VDWAALS =     -792.9154  EEL     =    -7148.3929  EGB        =    -1993.7280
 1-4 VDW =      329.6501  1-4 EEL =     5654.2507  RESTRAINT  =       42.7695
 EAMBER  =    -2628.8552


   NSTEP       ENERGY          RMS            GMAX         NAME    NUMBER
    500      -2.5861E+03     1.0976E-02     2.5390E-01     HG1       605

 BOND    =       30.8468  ANGLE   =      205.5752  DIHED      =     1085.9876
 VDWAALS =     -792.8978  EEL     =    -7149.0979  EGB        =    -1993.4263
 1-4 VDW =      329.7007  1-4 EEL =     5654.3662  RESTRAINT  =       42.8146
 EAMBER  =    -2628.9454


   NSTEP       ENERGY          RMS            GMAX         NAME    NUMBER
    600      -2.5861E+03     1.3926E-02     1.9371E-01     CE2       650

 BOND    =       30.8502  ANGLE   =      205.5567  DIHED      =     1086.1178
 VDWAALS =     -792.8593  EEL     =    -7149.6631  EGB        =    -1993.0909
 1-4 VDW =      329.7184  1-4 EEL =     5654.3648  RESTRAINT  =       42.8600
 EAMBER  =    -2629.0053


   NSTEP       ENERGY          RMS            GMAX         NAME    NUMBER
    700      -2.5862E+03     1.9918E-02     3.2569E-01     CD        729

 BOND    =       30.8404  ANGLE   =      205.5456  DIHED      =     1086.2724
 VDWAALS =     -792.7769  EEL     =    -7150.4005  EGB        =    -1992.6679
 1-4 VDW =      329.7466  1-4 EEL =     5654.3634  RESTRAINT  =       42.9213
 EAMBER  =    -2629.0769


   NSTEP       ENERGY          RMS            GMAX         NAME    NUMBER
    800      -2.5862E+03     2.6677E-03     3.9511E-02     HZ1      1082

 BOND    =       30.8363  ANGLE   =      205.5368  DIHED      =     1086.3587
 VDWAALS =     -792.7523  EEL     =    -7150.7878  EGB        =    -1992.4340
 1-4 VDW =      329.7628  1-4 EEL =     5654.3641  RESTRAINT  =       42.9559
 EAMBER  =    -2629.1154


   NSTEP       ENERGY          RMS            GMAX         NAME    NUMBER
    900      -2.5862E+03     9.1555E-04     2.0680E-02     CD       1585

 BOND    =       30.8288  ANGLE   =      205.5251  DIHED      =     1086.3635
 VDWAALS =     -792.7393  EEL     =    -7150.8103  EGB        =    -1992.4113
 1-4 VDW =      329.7797  1-4 EEL =     5654.3583  RESTRAINT  =       42.9458
 EAMBER  =    -2629.1056


   NSTEP       ENERGY          RMS            GMAX         NAME    NUMBER
   1000      -2.5862E+03     5.7967E-04     8.2973E-03     HE3      1080

 BOND    =       30.8289  ANGLE   =      205.5250  DIHED      =     1086.3677
 VDWAALS =     -792.7384  EEL     =    -7150.8252  EGB        =    -1992.4028
 1-4 VDW =      329.7801  1-4 EEL =     5654.3573  RESTRAINT  =       42.9475
 EAMBER  =    -2629.1073


  Maximum number of minimization cycles reached.


                    FINAL RESULTS



   NSTEP       ENERGY          RMS            GMAX         NAME    NUMBER
   1000      -2.5862E+03     5.7967E-04     8.2973E-03     HE3      1080

 BOND    =       30.8289  ANGLE   =      205.5250  DIHED      =     1086.3677
 VDWAALS =     -792.7384  EEL     =    -7150.8252  EGB        =    -1992.4028
 1-4 VDW =      329.7801  1-4 EEL =     5654.3573  RESTRAINT  =       42.9475
 EAMBER  =    -2629.1073

--------------------------------------------------------------------------------
   5.  TIMINGS
--------------------------------------------------------------------------------

|                Calc gb radii             58.16 (20.21% of Gen B)
|                Calc gb diag             107.38 (37.32% of Gen B)
|                Calc gb off-diag         122.18 (42.46% of Gen B)
|             Gen Born time            287.73 (100.0% of Nonbo)
|          Nonbond force            287.73 (99.27% of Force)
|          Bond/Angle/Dihedral        2.08 ( 0.72% of Force)
|          Other                      0.02 ( 0.01% of Force)
|       Force time               289.83 (100.0% of Runmd)
|    Runmd Time               289.83 (99.66% of Total)
|    Other                      1.00 ( 0.34% of Total)
| Total time               290.83 (100.0% of ALL  )

| Number of list builds   :          0

| Highest rstack allocated:          0
| Highest istack allocated:          0
|           Job began  at 12:37:21.861  on 02/03/2016
|           Setup done at 12:37:21.948  on 02/03/2016
|           Run   done at 12:42:12.689  on 02/03/2016
|     wallclock() was called   18028 times
