
          -------------------------------------------------------
          Amber 14 SANDER                              2014
          -------------------------------------------------------

| Run on 02/03/2016 at 14:37:55

|   Executable path: sander
| Working directory: /lustre/cs1500/scratch/kmb413/RealDecoyDisc/DecoyDiscrimination/decoys.set2.init/1aaj/Rosetta_relaxed
|          Hostname: slepner7


File Assignments:
|  MDIN: /scratch/kmb413/RealDecoyDisc/DecoyDiscrimination/scripts/min/min.in  
| MDOUT: NoH_4_empty_tag_1_103_0001.out                                        
|INPCRD: NoH_4_empty_tag_1_103_0001.rst7                                       
|  PARM: NoH_4_empty_tag_1_103_0001.parm7                                      
|RESTRT: min_NoH_4_empty_tag_1_103_0001.rst7                                   
|  REFC: NoH_4_empty_tag_1_103_0001.rst7                                       
| MDVEL: mdvel                                                                 
| MDFRC: mdfrc                                                                 
|  MDEN: mden                                                                  
| MDCRD: mdcrd                                                                 
|MDINFO: mdinfo                                                                
|  MTMD: mtmd                                                                  
|INPDIP: inpdip                                                                
|RSTDIP: rstdip                                                                
|INPTRA: inptraj                                                               


 Here is the input file:

                                                                               
&cntrl                                                                         
    imin = 1, maxcyc=1000,                                                     
    ntx = 1,                                                                   
    ntwr = 100, ntpr = 100,                                                    
    cut = 999.0,                                                               
    ntb = 0, igb = 8,                                                          
    ntr = 1, restraint_wt = 10, restraintmask = "!@H=",                        
/                                                                              

--------------------------------------------------------------------------------
   1.  RESOURCE   USE: 
--------------------------------------------------------------------------------

| Flags:                                                                        
| New format PARM file being parsed.
| Version =    1.000 Date = 02/03/16 Time = 11:50:24
 NATOM  =    1590 NTYPES =      14 NBONH =     791 MBONA  =     820
 NTHETH =    1812 MTHETA =    1115 NPHIH =    3578 MPHIA  =    3525
 NHPARM =       0 NPARM  =       0 NNB   =    8805 NRES   =     104
 NBONA  =     820 NTHETA =    1115 NPHIA =    3525 NUMBND =      65
 NUMANG =     152 NPTRA  =     189 NATYP =      33 NPHB   =       0
 IFBOX  =       0 NMXRS  =      24 IFCAP =       0 NEXTRA =       0
 NCOPY  =       0

 Implicit solvent radii are ArgH and AspGluO modified Bondi2 radii (mbondi3)                                
 Replacing prmtop screening parameters with GBn2 (igb=8) values

|     Memory Use     Allocated
|     Real              145027
|     Hollerith           4876
|     Integer           109197
|     Max Pairs              1
|     nblistReal             0
|     nblist Int             0
|       Total             1578 kbytes

| Note: 1-4 EEL scale factors are being read from the topology file.

| Note: 1-4 VDW scale factors are being read from the topology file.
| Duplicated    0 dihedrals
| Duplicated    0 dihedrals

--------------------------------------------------------------------------------
   2.  CONTROL  DATA  FOR  THE  RUN
--------------------------------------------------------------------------------

default_name                                                                    

General flags:
     imin    =       1, nmropt  =       0

Nature and format of input:
     ntx     =       1, irest   =       0, ntrx    =       1

Nature and format of output:
     ntxo    =       1, ntpr    =     100, ntrx    =       1, ntwr    =     100
     iwrap   =       0, ntwx    =       0, ntwv    =       0, ntwe    =       0
     ioutfm  =       0, ntwprt  =       0, idecomp =       0, rbornstat=      0

Potential function:
     ntf     =       1, ntb     =       0, igb     =       8, nsnb    =      25
     ipol    =       0, gbsa    =       0, iesp    =       0
     dielc   =   1.00000, cut     = 999.00000, intdiel =   1.00000
     saltcon =   0.00000, offset  =   0.19514, surften =   0.00500
     rdt     =   0.00000, rgbmax  =  25.00000  extdiel =  78.50000
     alpb  =        0
     gbalphaH  =   0.78844, gbbetaH   =   0.79870,  gbgammaH  =    0.43733
     gbalphaC  =   0.73376, gbbetaC   =   0.50638,  gbgammaC  =    0.20584
     gbalphaN  =   0.50336, gbbetaN   =   0.31683,  gbgammaN  =    0.19292
     gbalphaOS =   0.86781, gbbetaOS  =   0.87664,  gbgammaOS =    0.38788
     gbalphaP  =   1.00000, gbbetaP   =   0.80000,  gbgammaP  =    4.85000
     gb_alpha_hnu  =   0.53705, gb_beta_hnu   =   0.36286,  gb_gamma_hnu  =    0.11670
     gb_alpha_cnu  =   0.33167, gb_beta_cnu   =   0.19684,  gb_gamma_cnu  =    0.09342
     gb_alpha_nnu  =   0.68631, gb_beta_nnu   =   0.46319,  gb_gamma_nnu  =    0.13872
     gb_alpha_onu  =   0.60634, gb_beta_onu   =   0.46301,  gb_gamma_onu  =    0.14226
     gb_alpha_pnu  =   0.41836, gb_beta_pnu   =   0.29005,  gb_gamma_pnu  =    0.10642

Frozen or restrained atoms:
     ibelly  =       0, ntr     =       1
     restraint_wt =  10.00000

Energy minimization:
     maxcyc  =    1000, ncyc    =      10, ntmin   =       1
     dx0     =   0.01000, drms    =   0.00010
|  INFO: Old style inpcrd file read


    LOADING THE CONSTRAINED ATOMS AS GROUPS


   5.  REFERENCE ATOM COORDINATES

  defa
     Mask !@H=; matches   799 atoms

--------------------------------------------------------------------------------
   3.  ATOMIC COORDINATES AND VELOCITIES
--------------------------------------------------------------------------------

default_name                                                                    
 begin time read from input coords =     0.000 ps

 Number of triangulated 3-point waters found:        0

--------------------------------------------------------------------------------
   4.  RESULTS
--------------------------------------------------------------------------------



   NSTEP       ENERGY          RMS            GMAX         NAME    NUMBER
      1      -2.2337E+03     9.0599E+00     6.2441E+01     OE1       730

 BOND    =       69.0160  ANGLE   =      211.5573  DIHED      =     1067.5748
 VDWAALS =     -675.6348  EEL     =    -7465.8163  EGB        =    -1592.3637
 1-4 VDW =      443.1465  1-4 EEL =     5708.7807  RESTRAINT  =        0.0000


   NSTEP       ENERGY          RMS            GMAX         NAME    NUMBER
    100      -2.5931E+03     3.1267E-01     3.2895E+00     CE2       650

 BOND    =       30.5326  ANGLE   =      208.9870  DIHED      =     1071.9070
 VDWAALS =     -817.7327  EEL     =    -7472.7169  EGB        =    -1609.7683
 1-4 VDW =      332.4468  1-4 EEL =     5620.6222  RESTRAINT  =       42.6340
 EAMBER  =    -2635.7223


   NSTEP       ENERGY          RMS            GMAX         NAME    NUMBER
    200      -2.6069E+03     3.2189E-01     4.0662E+00     CE2       650

 BOND    =       30.8434  ANGLE   =      209.7690  DIHED      =     1070.6908
 VDWAALS =     -820.1031  EEL     =    -7488.6231  EGB        =    -1605.8680
 1-4 VDW =      331.6321  1-4 EEL =     5620.4908  RESTRAINT  =       44.3116
 EAMBER  =    -2651.1682


   NSTEP       ENERGY          RMS            GMAX         NAME    NUMBER
    300      -2.6165E+03     5.5411E-02     8.5760E-01     CD        437

 BOND    =       30.3829  ANGLE   =      208.8848  DIHED      =     1068.0447
 VDWAALS =     -819.2084  EEL     =    -7496.6981  EGB        =    -1606.5002
 1-4 VDW =      332.7317  1-4 EEL =     5622.7922  RESTRAINT  =       43.1182
 EAMBER  =    -2659.5703


   NSTEP       ENERGY          RMS            GMAX         NAME    NUMBER
    400      -2.6166E+03     1.1829E-02     1.8544E-01     CG        311

 BOND    =       30.3478  ANGLE   =      208.7439  DIHED      =     1067.9520
 VDWAALS =     -819.3414  EEL     =    -7496.3525  EGB        =    -1606.7407
 1-4 VDW =      332.8903  1-4 EEL =     5622.8262  RESTRAINT  =       43.1018
 EAMBER  =    -2659.6744


   NSTEP       ENERGY          RMS            GMAX         NAME    NUMBER
    500      -2.6166E+03     1.6985E-03     2.3316E-02     CG        311

 BOND    =       30.3293  ANGLE   =      208.6853  DIHED      =     1067.9294
 VDWAALS =     -819.3540  EEL     =    -7496.1678  EGB        =    -1606.8679
 1-4 VDW =      332.9545  1-4 EEL =     5622.8417  RESTRAINT  =       43.0700
 EAMBER  =    -2659.6495


   NSTEP       ENERGY          RMS            GMAX         NAME    NUMBER
    600      -2.6166E+03     3.4291E-04     3.8460E-03     HD13      332

 BOND    =       30.3285  ANGLE   =      208.6881  DIHED      =     1067.9264
 VDWAALS =     -819.3631  EEL     =    -7496.1338  EGB        =    -1606.8898
 1-4 VDW =      332.9552  1-4 EEL =     5622.8359  RESTRAINT  =       43.0724
 EAMBER  =    -2659.6525


   NSTEP       ENERGY          RMS            GMAX         NAME    NUMBER
    700      -2.6166E+03     2.4139E-04     3.4221E-03     CG2       630

 BOND    =       30.3284  ANGLE   =      208.6886  DIHED      =     1067.9264
 VDWAALS =     -819.3647  EEL     =    -7496.1339  EGB        =    -1606.8894
 1-4 VDW =      332.9554  1-4 EEL =     5622.8357  RESTRAINT  =       43.0735
 EAMBER  =    -2659.6536


                    FINAL RESULTS



   NSTEP       ENERGY          RMS            GMAX         NAME    NUMBER
    773      -2.6166E+03     9.9038E-05     1.9898E-03     HD13      332

 BOND    =       30.3283  ANGLE   =      208.6886  DIHED      =     1067.9264
 VDWAALS =     -819.3652  EEL     =    -7496.1342  EGB        =    -1606.8892
 1-4 VDW =      332.9555  1-4 EEL =     5622.8360  RESTRAINT  =       43.0738
 EAMBER  =    -2659.6539

--------------------------------------------------------------------------------
   5.  TIMINGS
--------------------------------------------------------------------------------

|                Calc gb radii             46.54 (20.47% of Gen B)
|                Calc gb diag              86.59 (38.07% of Gen B)
|                Calc gb off-diag          94.30 (41.46% of Gen B)
|             Gen Born time            227.43 (100.0% of Nonbo)
|          Nonbond force            227.43 (99.30% of Force)
|          Bond/Angle/Dihedral        1.60 ( 0.70% of Force)
|          Other                      0.01 ( 0.01% of Force)
|       Force time               229.04 (100.0% of Runmd)
|    Runmd Time               229.04 (99.67% of Total)
|    Other                      0.75 ( 0.33% of Total)
| Total time               229.80 (100.0% of ALL  )

| Number of list builds   :          0

| Highest rstack allocated:          0
| Highest istack allocated:          0
|           Job began  at 14:37:55.386  on 02/03/2016
|           Setup done at 14:37:55.494  on 02/03/2016
|           Run   done at 14:41:45.184  on 02/03/2016
|     wallclock() was called   13942 times
