
          -------------------------------------------------------
          Amber 14 SANDER                              2014
          -------------------------------------------------------

| Run on 02/03/2016 at 12:18:54

|   Executable path: sander
| Working directory: /lustre/cs1500/scratch/kmb413/RealDecoyDisc/DecoyDiscrimination/decoys.set2.init/1aaj/Rosetta_relaxed
|          Hostname: slepner30


File Assignments:
|  MDIN: /scratch/kmb413/RealDecoyDisc/DecoyDiscrimination/scripts/min/min.in  
| MDOUT: NoH_3_empty_tag_1447_0001_0001.out                                    
|INPCRD: NoH_3_empty_tag_1447_0001_0001.rst7                                   
|  PARM: NoH_3_empty_tag_1447_0001_0001.parm7                                  
|RESTRT: min_NoH_3_empty_tag_1447_0001_0001.rst7                               
|  REFC: NoH_3_empty_tag_1447_0001_0001.rst7                                   
| MDVEL: mdvel                                                                 
| MDFRC: mdfrc                                                                 
|  MDEN: mden                                                                  
| MDCRD: mdcrd                                                                 
|MDINFO: mdinfo                                                                
|  MTMD: mtmd                                                                  
|INPDIP: inpdip                                                                
|RSTDIP: rstdip                                                                
|INPTRA: inptraj                                                               


 Here is the input file:

                                                                               
&cntrl                                                                         
    imin = 1, maxcyc=1000,                                                     
    ntx = 1,                                                                   
    ntwr = 100, ntpr = 100,                                                    
    cut = 999.0,                                                               
    ntb = 0, igb = 8,                                                          
    ntr = 1, restraint_wt = 10, restraintmask = "!@H=",                        
/                                                                              

--------------------------------------------------------------------------------
   1.  RESOURCE   USE: 
--------------------------------------------------------------------------------

| Flags:                                                                        
| New format PARM file being parsed.
| Version =    1.000 Date = 02/03/16 Time = 11:49:14
 NATOM  =    1590 NTYPES =      14 NBONH =     791 MBONA  =     820
 NTHETH =    1812 MTHETA =    1115 NPHIH =    3578 MPHIA  =    3525
 NHPARM =       0 NPARM  =       0 NNB   =    8805 NRES   =     104
 NBONA  =     820 NTHETA =    1115 NPHIA =    3525 NUMBND =      65
 NUMANG =     152 NPTRA  =     189 NATYP =      33 NPHB   =       0
 IFBOX  =       0 NMXRS  =      24 IFCAP =       0 NEXTRA =       0
 NCOPY  =       0

 Implicit solvent radii are ArgH and AspGluO modified Bondi2 radii (mbondi3)                                
 Replacing prmtop screening parameters with GBn2 (igb=8) values

|     Memory Use     Allocated
|     Real              145027
|     Hollerith           4876
|     Integer           109197
|     Max Pairs              1
|     nblistReal             0
|     nblist Int             0
|       Total             1578 kbytes

| Note: 1-4 EEL scale factors are being read from the topology file.

| Note: 1-4 VDW scale factors are being read from the topology file.
| Duplicated    0 dihedrals
| Duplicated    0 dihedrals

--------------------------------------------------------------------------------
   2.  CONTROL  DATA  FOR  THE  RUN
--------------------------------------------------------------------------------

default_name                                                                    

General flags:
     imin    =       1, nmropt  =       0

Nature and format of input:
     ntx     =       1, irest   =       0, ntrx    =       1

Nature and format of output:
     ntxo    =       1, ntpr    =     100, ntrx    =       1, ntwr    =     100
     iwrap   =       0, ntwx    =       0, ntwv    =       0, ntwe    =       0
     ioutfm  =       0, ntwprt  =       0, idecomp =       0, rbornstat=      0

Potential function:
     ntf     =       1, ntb     =       0, igb     =       8, nsnb    =      25
     ipol    =       0, gbsa    =       0, iesp    =       0
     dielc   =   1.00000, cut     = 999.00000, intdiel =   1.00000
     saltcon =   0.00000, offset  =   0.19514, surften =   0.00500
     rdt     =   0.00000, rgbmax  =  25.00000  extdiel =  78.50000
     alpb  =        0
     gbalphaH  =   0.78844, gbbetaH   =   0.79870,  gbgammaH  =    0.43733
     gbalphaC  =   0.73376, gbbetaC   =   0.50638,  gbgammaC  =    0.20584
     gbalphaN  =   0.50336, gbbetaN   =   0.31683,  gbgammaN  =    0.19292
     gbalphaOS =   0.86781, gbbetaOS  =   0.87664,  gbgammaOS =    0.38788
     gbalphaP  =   1.00000, gbbetaP   =   0.80000,  gbgammaP  =    4.85000
     gb_alpha_hnu  =   0.53705, gb_beta_hnu   =   0.36286,  gb_gamma_hnu  =    0.11670
     gb_alpha_cnu  =   0.33167, gb_beta_cnu   =   0.19684,  gb_gamma_cnu  =    0.09342
     gb_alpha_nnu  =   0.68631, gb_beta_nnu   =   0.46319,  gb_gamma_nnu  =    0.13872
     gb_alpha_onu  =   0.60634, gb_beta_onu   =   0.46301,  gb_gamma_onu  =    0.14226
     gb_alpha_pnu  =   0.41836, gb_beta_pnu   =   0.29005,  gb_gamma_pnu  =    0.10642

Frozen or restrained atoms:
     ibelly  =       0, ntr     =       1
     restraint_wt =  10.00000

Energy minimization:
     maxcyc  =    1000, ncyc    =      10, ntmin   =       1
     dx0     =   0.01000, drms    =   0.00010
|  INFO: Old style inpcrd file read


    LOADING THE CONSTRAINED ATOMS AS GROUPS


   5.  REFERENCE ATOM COORDINATES

  defa
     Mask !@H=; matches   799 atoms

--------------------------------------------------------------------------------
   3.  ATOMIC COORDINATES AND VELOCITIES
--------------------------------------------------------------------------------

default_name                                                                    
 begin time read from input coords =     0.000 ps

 Number of triangulated 3-point waters found:        0

--------------------------------------------------------------------------------
   4.  RESULTS
--------------------------------------------------------------------------------



   NSTEP       ENERGY          RMS            GMAX         NAME    NUMBER
      1      -2.1820E+03     9.1485E+00     6.2247E+01     OE1       945

 BOND    =       70.6065  ANGLE   =      211.6240  DIHED      =     1081.5786
 VDWAALS =     -641.3581  EEL     =    -7373.1976  EGB        =    -1692.7510
 1-4 VDW =      442.6038  1-4 EEL =     5718.8838  RESTRAINT  =        0.0000


   NSTEP       ENERGY          RMS            GMAX         NAME    NUMBER
    100      -2.5696E+03     4.5313E-01     3.4719E+00     CE2       650

 BOND    =       32.3066  ANGLE   =      209.6385  DIHED      =     1081.4999
 VDWAALS =     -785.2780  EEL     =    -7409.0601  EGB        =    -1715.0810
 1-4 VDW =      331.5806  1-4 EEL =     5640.9061  RESTRAINT  =       43.8625
 EAMBER  =    -2613.4875


   NSTEP       ENERGY          RMS            GMAX         NAME    NUMBER
    200      -2.5779E+03     1.4941E-01     2.0714E+00     OG1      1388

 BOND    =       32.2569  ANGLE   =      209.3237  DIHED      =     1079.5889
 VDWAALS =     -786.2237  EEL     =    -7419.2197  EGB        =    -1710.9192
 1-4 VDW =      331.4786  1-4 EEL =     5641.1316  RESTRAINT  =       44.6743
 EAMBER  =    -2622.5829


   NSTEP       ENERGY          RMS            GMAX         NAME    NUMBER
    300      -2.5844E+03     7.3727E-02     1.3936E+00     CE2       650

 BOND    =       31.9611  ANGLE   =      208.7391  DIHED      =     1078.2436
 VDWAALS =     -785.3257  EEL     =    -7423.6751  EGB        =    -1712.5976
 1-4 VDW =      332.3549  1-4 EEL =     5641.8523  RESTRAINT  =       44.0390
 EAMBER  =    -2628.4474


   NSTEP       ENERGY          RMS            GMAX         NAME    NUMBER
    400      -2.5845E+03     7.1304E-03     7.4726E-02     OG       1179

 BOND    =       31.8586  ANGLE   =      208.6450  DIHED      =     1078.2022
 VDWAALS =     -785.3464  EEL     =    -7423.6327  EGB        =    -1712.7426
 1-4 VDW =      332.6059  1-4 EEL =     5641.9676  RESTRAINT  =       43.9721
 EAMBER  =    -2628.4425


   NSTEP       ENERGY          RMS            GMAX         NAME    NUMBER
    500      -2.5845E+03     5.2054E-03     5.9251E-02     CB        628

 BOND    =       31.8560  ANGLE   =      208.6437  DIHED      =     1078.2088
 VDWAALS =     -785.3848  EEL     =    -7423.6418  EGB        =    -1712.7603
 1-4 VDW =      332.6215  1-4 EEL =     5641.9911  RESTRAINT  =       43.9909
 EAMBER  =    -2628.4656


   NSTEP       ENERGY          RMS            GMAX         NAME    NUMBER
    600      -2.5845E+03     2.0297E-03     5.7894E-02     CD        193

 BOND    =       31.8427  ANGLE   =      208.6291  DIHED      =     1078.2072
 VDWAALS =     -785.3846  EEL     =    -7423.6500  EGB        =    -1712.7570
 1-4 VDW =      332.6505  1-4 EEL =     5642.0071  RESTRAINT  =       43.9790
 EAMBER  =    -2628.4550

     ... RESTARTED DUE TO LINMIN FAILURE ...


   NSTEP       ENERGY          RMS            GMAX         NAME    NUMBER
    700      -2.5845E+03     7.9908E-04     1.7066E-02     OG1       634

 BOND    =       31.8432  ANGLE   =      208.6344  DIHED      =     1078.2056
 VDWAALS =     -785.3991  EEL     =    -7423.6497  EGB        =    -1712.7508
 1-4 VDW =      332.6475  1-4 EEL =     5642.0049  RESTRAINT  =       43.9877
 EAMBER  =    -2628.4639


                    FINAL RESULTS



   NSTEP       ENERGY          RMS            GMAX         NAME    NUMBER
    770      -2.5845E+03     9.9707E-05     1.9412E-03     HG1       635

 BOND    =       31.8431  ANGLE   =      208.6356  DIHED      =     1078.2049
 VDWAALS =     -785.4024  EEL     =    -7423.6530  EGB        =    -1712.7493
 1-4 VDW =      332.6478  1-4 EEL =     5642.0068  RESTRAINT  =       43.9902
 EAMBER  =    -2628.4665

--------------------------------------------------------------------------------
   5.  TIMINGS
--------------------------------------------------------------------------------

|                Calc gb radii             44.69 (20.31% of Gen B)
|                Calc gb diag              82.44 (37.46% of Gen B)
|                Calc gb off-diag          92.92 (42.23% of Gen B)
|             Gen Born time            220.06 (100.0% of Nonbo)
|          Nonbond force            220.06 (99.28% of Force)
|          Bond/Angle/Dihedral        1.59 ( 0.72% of Force)
|          Other                      0.01 ( 0.01% of Force)
|       Force time               221.65 (100.0% of Runmd)
|    Runmd Time               221.65 (99.78% of Total)
|    Other                      0.48 ( 0.22% of Total)
| Total time               222.14 (100.0% of ALL  )

| Number of list builds   :          0

| Highest rstack allocated:          0
| Highest istack allocated:          0
|           Job began  at 12:18:54.241  on 02/03/2016
|           Setup done at 12:18:54.307  on 02/03/2016
|           Run   done at 12:22:36.377  on 02/03/2016
|     wallclock() was called   13888 times
