
          -------------------------------------------------------
          Amber 14 SANDER                              2014
          -------------------------------------------------------

| Run on 02/03/2016 at 15:07:10

|   Executable path: sander
| Working directory: /lustre/cs1500/scratch/kmb413/RealDecoyDisc/DecoyDiscrimination/decoys.set2.init/1aaj/Rosetta_relaxed
|          Hostname: slepner15


File Assignments:
|  MDIN: /scratch/kmb413/RealDecoyDisc/DecoyDiscrimination/scripts/min/min.in  
| MDOUT: NoH_4_empty_tag_688_0001_0001.out                                     
|INPCRD: NoH_4_empty_tag_688_0001_0001.rst7                                    
|  PARM: NoH_4_empty_tag_688_0001_0001.parm7                                   
|RESTRT: min_NoH_4_empty_tag_688_0001_0001.rst7                                
|  REFC: NoH_4_empty_tag_688_0001_0001.rst7                                    
| MDVEL: mdvel                                                                 
| MDFRC: mdfrc                                                                 
|  MDEN: mden                                                                  
| MDCRD: mdcrd                                                                 
|MDINFO: mdinfo                                                                
|  MTMD: mtmd                                                                  
|INPDIP: inpdip                                                                
|RSTDIP: rstdip                                                                
|INPTRA: inptraj                                                               


 Here is the input file:

                                                                               
&cntrl                                                                         
    imin = 1, maxcyc=1000,                                                     
    ntx = 1,                                                                   
    ntwr = 100, ntpr = 100,                                                    
    cut = 999.0,                                                               
    ntb = 0, igb = 8,                                                          
    ntr = 1, restraint_wt = 10, restraintmask = "!@H=",                        
/                                                                              

--------------------------------------------------------------------------------
   1.  RESOURCE   USE: 
--------------------------------------------------------------------------------

| Flags:                                                                        
| New format PARM file being parsed.
| Version =    1.000 Date = 02/03/16 Time = 11:52:07
 NATOM  =    1590 NTYPES =      14 NBONH =     791 MBONA  =     820
 NTHETH =    1812 MTHETA =    1115 NPHIH =    3578 MPHIA  =    3525
 NHPARM =       0 NPARM  =       0 NNB   =    8805 NRES   =     104
 NBONA  =     820 NTHETA =    1115 NPHIA =    3525 NUMBND =      65
 NUMANG =     152 NPTRA  =     189 NATYP =      33 NPHB   =       0
 IFBOX  =       0 NMXRS  =      24 IFCAP =       0 NEXTRA =       0
 NCOPY  =       0

 Implicit solvent radii are ArgH and AspGluO modified Bondi2 radii (mbondi3)                                
 Replacing prmtop screening parameters with GBn2 (igb=8) values

|     Memory Use     Allocated
|     Real              145027
|     Hollerith           4876
|     Integer           109197
|     Max Pairs              1
|     nblistReal             0
|     nblist Int             0
|       Total             1578 kbytes

| Note: 1-4 EEL scale factors are being read from the topology file.

| Note: 1-4 VDW scale factors are being read from the topology file.
| Duplicated    0 dihedrals
| Duplicated    0 dihedrals

--------------------------------------------------------------------------------
   2.  CONTROL  DATA  FOR  THE  RUN
--------------------------------------------------------------------------------

default_name                                                                    

General flags:
     imin    =       1, nmropt  =       0

Nature and format of input:
     ntx     =       1, irest   =       0, ntrx    =       1

Nature and format of output:
     ntxo    =       1, ntpr    =     100, ntrx    =       1, ntwr    =     100
     iwrap   =       0, ntwx    =       0, ntwv    =       0, ntwe    =       0
     ioutfm  =       0, ntwprt  =       0, idecomp =       0, rbornstat=      0

Potential function:
     ntf     =       1, ntb     =       0, igb     =       8, nsnb    =      25
     ipol    =       0, gbsa    =       0, iesp    =       0
     dielc   =   1.00000, cut     = 999.00000, intdiel =   1.00000
     saltcon =   0.00000, offset  =   0.19514, surften =   0.00500
     rdt     =   0.00000, rgbmax  =  25.00000  extdiel =  78.50000
     alpb  =        0
     gbalphaH  =   0.78844, gbbetaH   =   0.79870,  gbgammaH  =    0.43733
     gbalphaC  =   0.73376, gbbetaC   =   0.50638,  gbgammaC  =    0.20584
     gbalphaN  =   0.50336, gbbetaN   =   0.31683,  gbgammaN  =    0.19292
     gbalphaOS =   0.86781, gbbetaOS  =   0.87664,  gbgammaOS =    0.38788
     gbalphaP  =   1.00000, gbbetaP   =   0.80000,  gbgammaP  =    4.85000
     gb_alpha_hnu  =   0.53705, gb_beta_hnu   =   0.36286,  gb_gamma_hnu  =    0.11670
     gb_alpha_cnu  =   0.33167, gb_beta_cnu   =   0.19684,  gb_gamma_cnu  =    0.09342
     gb_alpha_nnu  =   0.68631, gb_beta_nnu   =   0.46319,  gb_gamma_nnu  =    0.13872
     gb_alpha_onu  =   0.60634, gb_beta_onu   =   0.46301,  gb_gamma_onu  =    0.14226
     gb_alpha_pnu  =   0.41836, gb_beta_pnu   =   0.29005,  gb_gamma_pnu  =    0.10642

Frozen or restrained atoms:
     ibelly  =       0, ntr     =       1
     restraint_wt =  10.00000

Energy minimization:
     maxcyc  =    1000, ncyc    =      10, ntmin   =       1
     dx0     =   0.01000, drms    =   0.00010
|  INFO: Old style inpcrd file read


    LOADING THE CONSTRAINED ATOMS AS GROUPS


   5.  REFERENCE ATOM COORDINATES

  defa
     Mask !@H=; matches   799 atoms

--------------------------------------------------------------------------------
   3.  ATOMIC COORDINATES AND VELOCITIES
--------------------------------------------------------------------------------

default_name                                                                    
 begin time read from input coords =     0.000 ps

 Number of triangulated 3-point waters found:        0

--------------------------------------------------------------------------------
   4.  RESULTS
--------------------------------------------------------------------------------



   NSTEP       ENERGY          RMS            GMAX         NAME    NUMBER
      1      -2.2173E+03     8.9725E+00     6.1017E+01     OE1       945

 BOND    =       69.5066  ANGLE   =      210.9549  DIHED      =     1077.1194
 VDWAALS =     -668.5969  EEL     =    -7312.7039  EGB        =    -1727.9386
 1-4 VDW =      436.5606  1-4 EEL =     5697.7959  RESTRAINT  =        0.0000


   NSTEP       ENERGY          RMS            GMAX         NAME    NUMBER
    100      -2.5721E+03     4.8761E-01     5.7498E+00     HG       1180

 BOND    =       31.2642  ANGLE   =      205.1023  DIHED      =     1083.0711
 VDWAALS =     -800.3941  EEL     =    -7342.8539  EGB        =    -1742.3248
 1-4 VDW =      329.1630  1-4 EEL =     5621.2435  RESTRAINT  =       43.6206
 EAMBER  =    -2615.7287


   NSTEP       ENERGY          RMS            GMAX         NAME    NUMBER
    200      -2.5936E+03     3.3900E-01     6.1876E+00     CB       1206

 BOND    =       31.6819  ANGLE   =      205.7592  DIHED      =     1080.4606
 VDWAALS =     -799.5468  EEL     =    -7373.9234  EGB        =    -1732.2325
 1-4 VDW =      329.6497  1-4 EEL =     5621.3951  RESTRAINT  =       43.1282
 EAMBER  =    -2636.7562


   NSTEP       ENERGY          RMS            GMAX         NAME    NUMBER
    300      -2.5973E+03     1.7052E-01     2.4407E+00     H2          3

 BOND    =       31.3602  ANGLE   =      205.0700  DIHED      =     1077.9424
 VDWAALS =     -798.1766  EEL     =    -7376.2944  EGB        =    -1732.8093
 1-4 VDW =      330.5301  1-4 EEL =     5623.0092  RESTRAINT  =       42.0496
 EAMBER  =    -2639.3685


   NSTEP       ENERGY          RMS            GMAX         NAME    NUMBER
    400      -2.5975E+03     1.2958E-02     1.7460E-01     HH       1310

 BOND    =       31.2656  ANGLE   =      204.8621  DIHED      =     1077.9936
 VDWAALS =     -798.0416  EEL     =    -7376.6139  EGB        =    -1732.6591
 1-4 VDW =      330.8291  1-4 EEL =     5622.9749  RESTRAINT  =       41.9338
 EAMBER  =    -2639.3892


   NSTEP       ENERGY          RMS            GMAX         NAME    NUMBER
    500      -2.5975E+03     1.6077E-02     2.0481E-01     OG1      1212

 BOND    =       31.2800  ANGLE   =      204.8959  DIHED      =     1078.3293
 VDWAALS =     -798.0626  EEL     =    -7377.5325  EGB        =    -1732.1582
 1-4 VDW =      330.7689  1-4 EEL =     5623.0530  RESTRAINT  =       41.9443
 EAMBER  =    -2639.4262


   NSTEP       ENERGY          RMS            GMAX         NAME    NUMBER
    600      -2.5979E+03     1.4888E-01     3.3461E+00     CZ       1308

 BOND    =       31.5724  ANGLE   =      205.2226  DIHED      =     1080.4401
 VDWAALS =     -798.3774  EEL     =    -7385.0749  EGB        =    -1728.0861
 1-4 VDW =      330.1354  1-4 EEL =     5623.9550  RESTRAINT  =       42.3174
 EAMBER  =    -2640.2130


   NSTEP       ENERGY          RMS            GMAX         NAME    NUMBER
    700      -2.6005E+03     3.5405E-02     6.3170E-01     OH       1309

 BOND    =       31.3509  ANGLE   =      204.9603  DIHED      =     1079.3082
 VDWAALS =     -797.4402  EEL     =    -7392.0638  EGB        =    -1722.6119
 1-4 VDW =      330.7808  1-4 EEL =     5623.0436  RESTRAINT  =       42.1451
 EAMBER  =    -2642.6721


   NSTEP       ENERGY          RMS            GMAX         NAME    NUMBER
    800      -2.6006E+03     2.4571E-02     3.2901E-01     CE2       650

 BOND    =       31.3202  ANGLE   =      204.9377  DIHED      =     1078.8981
 VDWAALS =     -797.5140  EEL     =    -7392.0098  EGB        =    -1722.0075
 1-4 VDW =      330.8461  1-4 EEL =     5622.8621  RESTRAINT  =       42.0949
 EAMBER  =    -2642.6672


   NSTEP       ENERGY          RMS            GMAX         NAME    NUMBER
    900      -2.6006E+03     4.3845E-02     7.3388E-01     CG       1303

 BOND    =       31.3121  ANGLE   =      204.8943  DIHED      =     1078.2523
 VDWAALS =     -797.7344  EEL     =    -7391.4721  EGB        =    -1721.2072
 1-4 VDW =      330.8289  1-4 EEL =     5622.5268  RESTRAINT  =       41.9822
 EAMBER  =    -2642.5993


   NSTEP       ENERGY          RMS            GMAX         NAME    NUMBER
   1000      -2.6011E+03     7.0351E-02     1.0969E+00     OH       1309

 BOND    =       31.3086  ANGLE   =      204.9729  DIHED      =     1077.5320
 VDWAALS =     -797.8673  EEL     =    -7391.3331  EGB        =    -1720.4237
 1-4 VDW =      330.7752  1-4 EEL =     5621.9371  RESTRAINT  =       42.0200
 EAMBER  =    -2643.0982


  Maximum number of minimization cycles reached.


                    FINAL RESULTS



   NSTEP       ENERGY          RMS            GMAX         NAME    NUMBER
   1000      -2.6011E+03     7.0351E-02     1.0969E+00     OH       1309

 BOND    =       31.3086  ANGLE   =      204.9729  DIHED      =     1077.5320
 VDWAALS =     -797.8673  EEL     =    -7391.3331  EGB        =    -1720.4237
 1-4 VDW =      330.7752  1-4 EEL =     5621.9371  RESTRAINT  =       42.0200
 EAMBER  =    -2643.0982

--------------------------------------------------------------------------------
   5.  TIMINGS
--------------------------------------------------------------------------------

|                Calc gb radii             58.52 (20.00% of Gen B)
|                Calc gb diag             112.17 (38.33% of Gen B)
|                Calc gb off-diag         121.94 (41.67% of Gen B)
|             Gen Born time            292.64 (100.0% of Nonbo)
|          Nonbond force            292.64 (99.30% of Force)
|          Bond/Angle/Dihedral        2.04 ( 0.69% of Force)
|          Other                      0.02 ( 0.01% of Force)
|       Force time               294.70 (100.0% of Runmd)
|    Runmd Time               294.70 (99.71% of Total)
|    Other                      0.86 ( 0.29% of Total)
| Total time               295.57 (100.0% of ALL  )

| Number of list builds   :          0

| Highest rstack allocated:          0
| Highest istack allocated:          0
|           Job began  at 15:07:10.171  on 02/03/2016
|           Setup done at 15:07:10.270  on 02/03/2016
|           Run   done at 15:12:05.736  on 02/03/2016
|     wallclock() was called   18028 times
