
          -------------------------------------------------------
          Amber 14 SANDER                              2014
          -------------------------------------------------------

| Run on 02/03/2016 at 14:16:00

|   Executable path: sander
| Working directory: /lustre/cs1500/scratch/kmb413/RealDecoyDisc/DecoyDiscrimination/decoys.set2.init/1aaj/Rosetta_relaxed
|          Hostname: slepner7


File Assignments:
|  MDIN: /scratch/kmb413/RealDecoyDisc/DecoyDiscrimination/scripts/min/min.in  
| MDOUT: NoH_4_1aaj_0001.out                                                   
|INPCRD: NoH_4_1aaj_0001.rst7                                                  
|  PARM: NoH_4_1aaj_0001.parm7                                                 
|RESTRT: min_NoH_4_1aaj_0001.rst7                                              
|  REFC: NoH_4_1aaj_0001.rst7                                                  
| MDVEL: mdvel                                                                 
| MDFRC: mdfrc                                                                 
|  MDEN: mden                                                                  
| MDCRD: mdcrd                                                                 
|MDINFO: mdinfo                                                                
|  MTMD: mtmd                                                                  
|INPDIP: inpdip                                                                
|RSTDIP: rstdip                                                                
|INPTRA: inptraj                                                               


 Here is the input file:

                                                                               
&cntrl                                                                         
    imin = 1, maxcyc=1000,                                                     
    ntx = 1,                                                                   
    ntwr = 100, ntpr = 100,                                                    
    cut = 999.0,                                                               
    ntb = 0, igb = 8,                                                          
    ntr = 1, restraint_wt = 10, restraintmask = "!@H=",                        
/                                                                              

--------------------------------------------------------------------------------
   1.  RESOURCE   USE: 
--------------------------------------------------------------------------------

| Flags:                                                                        
| New format PARM file being parsed.
| Version =    1.000 Date = 02/03/16 Time = 11:50:22
 NATOM  =    1590 NTYPES =      14 NBONH =     791 MBONA  =     820
 NTHETH =    1812 MTHETA =    1115 NPHIH =    3578 MPHIA  =    3525
 NHPARM =       0 NPARM  =       0 NNB   =    8805 NRES   =     104
 NBONA  =     820 NTHETA =    1115 NPHIA =    3525 NUMBND =      65
 NUMANG =     152 NPTRA  =     189 NATYP =      33 NPHB   =       0
 IFBOX  =       0 NMXRS  =      24 IFCAP =       0 NEXTRA =       0
 NCOPY  =       0

 Implicit solvent radii are ArgH and AspGluO modified Bondi2 radii (mbondi3)                                
 Replacing prmtop screening parameters with GBn2 (igb=8) values

|     Memory Use     Allocated
|     Real              145027
|     Hollerith           4876
|     Integer           109197
|     Max Pairs              1
|     nblistReal             0
|     nblist Int             0
|       Total             1578 kbytes

| Note: 1-4 EEL scale factors are being read from the topology file.

| Note: 1-4 VDW scale factors are being read from the topology file.
| Duplicated    0 dihedrals
| Duplicated    0 dihedrals

--------------------------------------------------------------------------------
   2.  CONTROL  DATA  FOR  THE  RUN
--------------------------------------------------------------------------------

default_name                                                                    

General flags:
     imin    =       1, nmropt  =       0

Nature and format of input:
     ntx     =       1, irest   =       0, ntrx    =       1

Nature and format of output:
     ntxo    =       1, ntpr    =     100, ntrx    =       1, ntwr    =     100
     iwrap   =       0, ntwx    =       0, ntwv    =       0, ntwe    =       0
     ioutfm  =       0, ntwprt  =       0, idecomp =       0, rbornstat=      0

Potential function:
     ntf     =       1, ntb     =       0, igb     =       8, nsnb    =      25
     ipol    =       0, gbsa    =       0, iesp    =       0
     dielc   =   1.00000, cut     = 999.00000, intdiel =   1.00000
     saltcon =   0.00000, offset  =   0.19514, surften =   0.00500
     rdt     =   0.00000, rgbmax  =  25.00000  extdiel =  78.50000
     alpb  =        0
     gbalphaH  =   0.78844, gbbetaH   =   0.79870,  gbgammaH  =    0.43733
     gbalphaC  =   0.73376, gbbetaC   =   0.50638,  gbgammaC  =    0.20584
     gbalphaN  =   0.50336, gbbetaN   =   0.31683,  gbgammaN  =    0.19292
     gbalphaOS =   0.86781, gbbetaOS  =   0.87664,  gbgammaOS =    0.38788
     gbalphaP  =   1.00000, gbbetaP   =   0.80000,  gbgammaP  =    4.85000
     gb_alpha_hnu  =   0.53705, gb_beta_hnu   =   0.36286,  gb_gamma_hnu  =    0.11670
     gb_alpha_cnu  =   0.33167, gb_beta_cnu   =   0.19684,  gb_gamma_cnu  =    0.09342
     gb_alpha_nnu  =   0.68631, gb_beta_nnu   =   0.46319,  gb_gamma_nnu  =    0.13872
     gb_alpha_onu  =   0.60634, gb_beta_onu   =   0.46301,  gb_gamma_onu  =    0.14226
     gb_alpha_pnu  =   0.41836, gb_beta_pnu   =   0.29005,  gb_gamma_pnu  =    0.10642

Frozen or restrained atoms:
     ibelly  =       0, ntr     =       1
     restraint_wt =  10.00000

Energy minimization:
     maxcyc  =    1000, ncyc    =      10, ntmin   =       1
     dx0     =   0.01000, drms    =   0.00010
|  INFO: Old style inpcrd file read


    LOADING THE CONSTRAINED ATOMS AS GROUPS


   5.  REFERENCE ATOM COORDINATES

  defa
     Mask !@H=; matches   799 atoms

--------------------------------------------------------------------------------
   3.  ATOMIC COORDINATES AND VELOCITIES
--------------------------------------------------------------------------------

default_name                                                                    
 begin time read from input coords =     0.000 ps

 Number of triangulated 3-point waters found:        0

--------------------------------------------------------------------------------
   4.  RESULTS
--------------------------------------------------------------------------------



   NSTEP       ENERGY          RMS            GMAX         NAME    NUMBER
      1      -2.1989E+03     9.6532E+00     6.9951E+01     NE2       833

 BOND    =       81.2954  ANGLE   =      277.3641  DIHED      =     1070.5234
 VDWAALS =     -720.7647  EEL     =    -7632.4949  EGB        =    -1520.1534
 1-4 VDW =      442.0134  1-4 EEL =     5803.3133  RESTRAINT  =        0.0000


   NSTEP       ENERGY          RMS            GMAX         NAME    NUMBER
    100      -2.6092E+03     4.7623E-01     8.4295E+00     C        1588

 BOND    =       33.8190  ANGLE   =      224.5842  DIHED      =     1075.3628
 VDWAALS =     -836.2098  EEL     =    -7586.2150  EGB        =    -1545.1119
 1-4 VDW =      331.2127  1-4 EEL =     5645.6852  RESTRAINT  =       47.6365
 EAMBER  =    -2656.8729


   NSTEP       ENERGY          RMS            GMAX         NAME    NUMBER
    200      -2.6274E+03     1.7551E-01     3.1553E+00     OG       1179

 BOND    =       33.0774  ANGLE   =      222.1669  DIHED      =     1073.1710
 VDWAALS =     -835.5541  EEL     =    -7605.3046  EGB        =    -1543.3464
 1-4 VDW =      332.7113  1-4 EEL =     5649.2240  RESTRAINT  =       46.4670
 EAMBER  =    -2673.8545


   NSTEP       ENERGY          RMS            GMAX         NAME    NUMBER
    300      -2.6295E+03     5.2607E-02     1.0336E+00     HH       1310

 BOND    =       32.6406  ANGLE   =      221.2710  DIHED      =     1072.8207
 VDWAALS =     -836.2326  EEL     =    -7610.5345  EGB        =    -1541.1499
 1-4 VDW =      334.0469  1-4 EEL =     5651.4298  RESTRAINT  =       46.1650
 EAMBER  =    -2675.7081


   NSTEP       ENERGY          RMS            GMAX         NAME    NUMBER
    400      -2.6380E+03     1.5164E-01     1.9910E+00     HH       1310

 BOND    =       32.7579  ANGLE   =      221.4502  DIHED      =     1070.4406
 VDWAALS =     -835.3432  EEL     =    -7619.6569  EGB        =    -1537.5353
 1-4 VDW =      333.6982  1-4 EEL =     5650.1486  RESTRAINT  =       46.0472
 EAMBER  =    -2684.0398


   NSTEP       ENERGY          RMS            GMAX         NAME    NUMBER
    500      -2.6387E+03     1.0035E-02     1.6051E-01     CD        437

 BOND    =       32.6662  ANGLE   =      221.0406  DIHED      =     1070.2949
 VDWAALS =     -834.7891  EEL     =    -7620.0011  EGB        =    -1537.6853
 1-4 VDW =      334.1516  1-4 EEL =     5650.2778  RESTRAINT  =       45.3448
 EAMBER  =    -2684.0446


   NSTEP       ENERGY          RMS            GMAX         NAME    NUMBER
    600      -2.6387E+03     1.0844E-02     1.2931E-01     CZ       1308

 BOND    =       32.6590  ANGLE   =      221.0438  DIHED      =     1070.3566
 VDWAALS =     -834.7967  EEL     =    -7619.9597  EGB        =    -1537.7897
 1-4 VDW =      334.1674  1-4 EEL =     5650.2685  RESTRAINT  =       45.3443
 EAMBER  =    -2684.0509


   NSTEP       ENERGY          RMS            GMAX         NAME    NUMBER
    700      -2.6388E+03     1.1361E-01     2.2728E+00     HG1       605

 BOND    =       32.7553  ANGLE   =      221.1513  DIHED      =     1070.8206
 VDWAALS =     -834.8278  EEL     =    -7619.8378  EGB        =    -1538.2555
 1-4 VDW =      334.0072  1-4 EEL =     5649.8807  RESTRAINT  =       45.5283
 EAMBER  =    -2684.3060


   NSTEP       ENERGY          RMS            GMAX         NAME    NUMBER
    800      -2.6447E+03     2.7668E-02     2.9678E-01     HG23      603

 BOND    =       32.7720  ANGLE   =      221.0952  DIHED      =     1069.6589
 VDWAALS =     -833.5597  EEL     =    -7625.4707  EGB        =    -1539.1815
 1-4 VDW =      334.1181  1-4 EEL =     5650.6141  RESTRAINT  =       45.2049
 EAMBER  =    -2689.9536


   NSTEP       ENERGY          RMS            GMAX         NAME    NUMBER
    900      -2.6448E+03     4.4454E-03     6.3502E-02     CA        596

 BOND    =       32.7435  ANGLE   =      221.0367  DIHED      =     1069.6497
 VDWAALS =     -833.4939  EEL     =    -7625.5583  EGB        =    -1539.2804
 1-4 VDW =      334.2074  1-4 EEL =     5650.7994  RESTRAINT  =       45.1148
 EAMBER  =    -2689.8960


   NSTEP       ENERGY          RMS            GMAX         NAME    NUMBER
   1000      -2.6448E+03     5.8242E-04     8.2642E-03     CE2       650

 BOND    =       32.7407  ANGLE   =      221.0258  DIHED      =     1069.6495
 VDWAALS =     -833.4889  EEL     =    -7625.5537  EGB        =    -1539.2917
 1-4 VDW =      334.2186  1-4 EEL =     5650.8130  RESTRAINT  =       45.1048
 EAMBER  =    -2689.8866


  Maximum number of minimization cycles reached.


                    FINAL RESULTS



   NSTEP       ENERGY          RMS            GMAX         NAME    NUMBER
   1000      -2.6448E+03     5.8242E-04     8.2642E-03     CE2       650

 BOND    =       32.7407  ANGLE   =      221.0258  DIHED      =     1069.6495
 VDWAALS =     -833.4889  EEL     =    -7625.5537  EGB        =    -1539.2917
 1-4 VDW =      334.2186  1-4 EEL =     5650.8130  RESTRAINT  =       45.1048
 EAMBER  =    -2689.8866

--------------------------------------------------------------------------------
   5.  TIMINGS
--------------------------------------------------------------------------------

|                Calc gb radii             60.08 (20.46% of Gen B)
|                Calc gb diag             112.21 (38.21% of Gen B)
|                Calc gb off-diag         121.34 (41.32% of Gen B)
|             Gen Born time            293.64 (100.0% of Nonbo)
|          Nonbond force            293.64 (99.30% of Force)
|          Bond/Angle/Dihedral        2.06 ( 0.70% of Force)
|          Other                      0.02 ( 0.01% of Force)
|       Force time               295.71 (100.0% of Runmd)
|    Runmd Time               295.71 (99.69% of Total)
|    Other                      0.91 ( 0.31% of Total)
| Total time               296.63 (100.0% of ALL  )

| Number of list builds   :          0

| Highest rstack allocated:          0
| Highest istack allocated:          0
|           Job began  at 14:16:00.049  on 02/03/2016
|           Setup done at 14:16:00.099  on 02/03/2016
|           Run   done at 14:20:56.678  on 02/03/2016
|     wallclock() was called   18028 times
