
          -------------------------------------------------------
          Amber 14 SANDER                              2014
          -------------------------------------------------------

| Run on 02/03/2016 at 13:53:18

|   Executable path: sander
| Working directory: /lustre/cs1500/scratch/kmb413/RealDecoyDisc/DecoyDiscrimination/decoys.set2.init/1aaj/Rosetta_relaxed
|          Hostname: slepner1


File Assignments:
|  MDIN: /scratch/kmb413/RealDecoyDisc/DecoyDiscrimination/scripts/min/min.in  
| MDOUT: NoH_5_empty_tag_1033_0001_0001.out                                    
|INPCRD: NoH_5_empty_tag_1033_0001_0001.rst7                                   
|  PARM: NoH_5_empty_tag_1033_0001_0001.parm7                                  
|RESTRT: min_NoH_5_empty_tag_1033_0001_0001.rst7                               
|  REFC: NoH_5_empty_tag_1033_0001_0001.rst7                                   
| MDVEL: mdvel                                                                 
| MDFRC: mdfrc                                                                 
|  MDEN: mden                                                                  
| MDCRD: mdcrd                                                                 
|MDINFO: mdinfo                                                                
|  MTMD: mtmd                                                                  
|INPDIP: inpdip                                                                
|RSTDIP: rstdip                                                                
|INPTRA: inptraj                                                               


 Here is the input file:

                                                                               
&cntrl                                                                         
    imin = 1, maxcyc=1000,                                                     
    ntx = 1,                                                                   
    ntwr = 100, ntpr = 100,                                                    
    cut = 999.0,                                                               
    ntb = 0, igb = 8,                                                          
    ntr = 1, restraint_wt = 10, restraintmask = "!@H=",                        
/                                                                              

--------------------------------------------------------------------------------
   1.  RESOURCE   USE: 
--------------------------------------------------------------------------------

| Flags:                                                                        
| New format PARM file being parsed.
| Version =    1.000 Date = 02/03/16 Time = 11:52:15
 NATOM  =    1590 NTYPES =      14 NBONH =     791 MBONA  =     820
 NTHETH =    1812 MTHETA =    1115 NPHIH =    3578 MPHIA  =    3525
 NHPARM =       0 NPARM  =       0 NNB   =    8805 NRES   =     104
 NBONA  =     820 NTHETA =    1115 NPHIA =    3525 NUMBND =      65
 NUMANG =     152 NPTRA  =     189 NATYP =      33 NPHB   =       0
 IFBOX  =       0 NMXRS  =      24 IFCAP =       0 NEXTRA =       0
 NCOPY  =       0

 Implicit solvent radii are ArgH and AspGluO modified Bondi2 radii (mbondi3)                                
 Replacing prmtop screening parameters with GBn2 (igb=8) values

|     Memory Use     Allocated
|     Real              145027
|     Hollerith           4876
|     Integer           109197
|     Max Pairs              1
|     nblistReal             0
|     nblist Int             0
|       Total             1578 kbytes

| Note: 1-4 EEL scale factors are being read from the topology file.

| Note: 1-4 VDW scale factors are being read from the topology file.
| Duplicated    0 dihedrals
| Duplicated    0 dihedrals

--------------------------------------------------------------------------------
   2.  CONTROL  DATA  FOR  THE  RUN
--------------------------------------------------------------------------------

default_name                                                                    

General flags:
     imin    =       1, nmropt  =       0

Nature and format of input:
     ntx     =       1, irest   =       0, ntrx    =       1

Nature and format of output:
     ntxo    =       1, ntpr    =     100, ntrx    =       1, ntwr    =     100
     iwrap   =       0, ntwx    =       0, ntwv    =       0, ntwe    =       0
     ioutfm  =       0, ntwprt  =       0, idecomp =       0, rbornstat=      0

Potential function:
     ntf     =       1, ntb     =       0, igb     =       8, nsnb    =      25
     ipol    =       0, gbsa    =       0, iesp    =       0
     dielc   =   1.00000, cut     = 999.00000, intdiel =   1.00000
     saltcon =   0.00000, offset  =   0.19514, surften =   0.00500
     rdt     =   0.00000, rgbmax  =  25.00000  extdiel =  78.50000
     alpb  =        0
     gbalphaH  =   0.78844, gbbetaH   =   0.79870,  gbgammaH  =    0.43733
     gbalphaC  =   0.73376, gbbetaC   =   0.50638,  gbgammaC  =    0.20584
     gbalphaN  =   0.50336, gbbetaN   =   0.31683,  gbgammaN  =    0.19292
     gbalphaOS =   0.86781, gbbetaOS  =   0.87664,  gbgammaOS =    0.38788
     gbalphaP  =   1.00000, gbbetaP   =   0.80000,  gbgammaP  =    4.85000
     gb_alpha_hnu  =   0.53705, gb_beta_hnu   =   0.36286,  gb_gamma_hnu  =    0.11670
     gb_alpha_cnu  =   0.33167, gb_beta_cnu   =   0.19684,  gb_gamma_cnu  =    0.09342
     gb_alpha_nnu  =   0.68631, gb_beta_nnu   =   0.46319,  gb_gamma_nnu  =    0.13872
     gb_alpha_onu  =   0.60634, gb_beta_onu   =   0.46301,  gb_gamma_onu  =    0.14226
     gb_alpha_pnu  =   0.41836, gb_beta_pnu   =   0.29005,  gb_gamma_pnu  =    0.10642

Frozen or restrained atoms:
     ibelly  =       0, ntr     =       1
     restraint_wt =  10.00000

Energy minimization:
     maxcyc  =    1000, ncyc    =      10, ntmin   =       1
     dx0     =   0.01000, drms    =   0.00010
|  INFO: Old style inpcrd file read


    LOADING THE CONSTRAINED ATOMS AS GROUPS


   5.  REFERENCE ATOM COORDINATES

  defa
     Mask !@H=; matches   799 atoms

--------------------------------------------------------------------------------
   3.  ATOMIC COORDINATES AND VELOCITIES
--------------------------------------------------------------------------------

default_name                                                                    
 begin time read from input coords =     0.000 ps

 Number of triangulated 3-point waters found:        0

--------------------------------------------------------------------------------
   4.  RESULTS
--------------------------------------------------------------------------------



   NSTEP       ENERGY          RMS            GMAX         NAME    NUMBER
      1      -2.1766E+03     9.0945E+00     7.1204E+01     OXT      1590

 BOND    =       70.1763  ANGLE   =      211.6059  DIHED      =     1078.5358
 VDWAALS =     -626.5227  EEL     =    -7125.4748  EGB        =    -1942.6121
 1-4 VDW =      433.3362  1-4 EEL =     5724.3759  RESTRAINT  =        0.0000


   NSTEP       ENERGY          RMS            GMAX         NAME    NUMBER
    100      -2.5569E+03     3.3899E-01     3.8366E+00     HB       1383

 BOND    =       31.4051  ANGLE   =      206.3804  DIHED      =     1082.0435
 VDWAALS =     -767.8438  EEL     =    -7173.9424  EGB        =    -1951.4411
 1-4 VDW =      326.1551  1-4 EEL =     5648.8367  RESTRAINT  =       41.4897
 EAMBER  =    -2598.4065


   NSTEP       ENERGY          RMS            GMAX         NAME    NUMBER
    200      -2.5651E+03     1.7561E-01     2.2806E+00     OG1        45

 BOND    =       31.3753  ANGLE   =      206.4602  DIHED      =     1079.7000
 VDWAALS =     -770.6651  EEL     =    -7181.4433  EGB        =    -1949.9382
 1-4 VDW =      326.1141  1-4 EEL =     5649.8975  RESTRAINT  =       43.4303
 EAMBER  =    -2608.4994


   NSTEP       ENERGY          RMS            GMAX         NAME    NUMBER
    300      -2.5664E+03     9.1594E-02     8.7963E-01     CG2        41

 BOND    =       30.9326  ANGLE   =      205.8978  DIHED      =     1079.1934
 VDWAALS =     -771.0852  EEL     =    -7181.4565  EGB        =    -1950.0142
 1-4 VDW =      326.8275  1-4 EEL =     5649.8808  RESTRAINT  =       43.4316
 EAMBER  =    -2609.8238


   NSTEP       ENERGY          RMS            GMAX         NAME    NUMBER
    400      -2.5664E+03     1.0244E-02     1.2737E-01     N           1

 BOND    =       30.9094  ANGLE   =      205.8638  DIHED      =     1079.2266
 VDWAALS =     -771.1961  EEL     =    -7181.4673  EGB        =    -1950.0811
 1-4 VDW =      327.0141  1-4 EEL =     5649.8524  RESTRAINT  =       43.4299
 EAMBER  =    -2609.8781


   NSTEP       ENERGY          RMS            GMAX         NAME    NUMBER
    500      -2.5665E+03     6.0571E-03     9.4649E-02     CA         37

 BOND    =       30.9036  ANGLE   =      205.8518  DIHED      =     1079.2682
 VDWAALS =     -771.2266  EEL     =    -7181.4276  EGB        =    -1950.1463
 1-4 VDW =      327.0382  1-4 EEL =     5649.8562  RESTRAINT  =       43.4306
 EAMBER  =    -2609.8824


   NSTEP       ENERGY          RMS            GMAX         NAME    NUMBER
    600      -2.5665E+03     5.8415E-03     9.6408E-02     CD        103

 BOND    =       30.8998  ANGLE   =      205.8573  DIHED      =     1079.3092
 VDWAALS =     -771.2424  EEL     =    -7181.3532  EGB        =    -1950.2376
 1-4 VDW =      327.0350  1-4 EEL =     5649.8468  RESTRAINT  =       43.4315
 EAMBER  =    -2609.8850


   NSTEP       ENERGY          RMS            GMAX         NAME    NUMBER
    700      -2.5665E+03     5.9768E-03     1.3021E-01     CA         37

 BOND    =       30.8948  ANGLE   =      205.8468  DIHED      =     1079.3413
 VDWAALS =     -771.2276  EEL     =    -7181.2602  EGB        =    -1950.3418
 1-4 VDW =      327.0518  1-4 EEL =     5649.8259  RESTRAINT  =       43.4144
 EAMBER  =    -2609.8691


   NSTEP       ENERGY          RMS            GMAX         NAME    NUMBER
    800      -2.5665E+03     6.1666E-03     8.1507E-02     CA         37

 BOND    =       30.8919  ANGLE   =      205.8499  DIHED      =     1079.3758
 VDWAALS =     -771.2224  EEL     =    -7181.1575  EGB        =    -1950.4576
 1-4 VDW =      327.0535  1-4 EEL =     5649.8052  RESTRAINT  =       43.4054
 EAMBER  =    -2609.8612


   NSTEP       ENERGY          RMS            GMAX         NAME    NUMBER
    900      -2.5673E+03     2.3215E-01     5.0371E+00     HG1       605

 BOND    =       31.0211  ANGLE   =      206.5574  DIHED      =     1080.3891
 VDWAALS =     -771.2318  EEL     =    -7179.4216  EGB        =    -1953.5766
 1-4 VDW =      326.7298  1-4 EEL =     5648.8718  RESTRAINT  =       43.3935
 EAMBER  =    -2610.6608


   NSTEP       ENERGY          RMS            GMAX         NAME    NUMBER
   1000      -2.5719E+03     1.8447E-02     4.0772E-01     OG1       604

 BOND    =       30.9517  ANGLE   =      206.0567  DIHED      =     1078.9274
 VDWAALS =     -770.0022  EEL     =    -7182.9737  EGB        =    -1955.4023
 1-4 VDW =      327.1589  1-4 EEL =     5650.4728  RESTRAINT  =       42.8694
 EAMBER  =    -2614.8108


  Maximum number of minimization cycles reached.


                    FINAL RESULTS



   NSTEP       ENERGY          RMS            GMAX         NAME    NUMBER
   1000      -2.5719E+03     1.8447E-02     4.0772E-01     OG1       604

 BOND    =       30.9517  ANGLE   =      206.0567  DIHED      =     1078.9274
 VDWAALS =     -770.0022  EEL     =    -7182.9737  EGB        =    -1955.4023
 1-4 VDW =      327.1589  1-4 EEL =     5650.4728  RESTRAINT  =       42.8694
 EAMBER  =    -2614.8108

--------------------------------------------------------------------------------
   5.  TIMINGS
--------------------------------------------------------------------------------

|                Calc gb radii             57.71 (20.24% of Gen B)
|                Calc gb diag             106.29 (37.28% of Gen B)
|                Calc gb off-diag         121.14 (42.48% of Gen B)
|             Gen Born time            285.15 (100.0% of Nonbo)
|          Nonbond force            285.15 (99.27% of Force)
|          Bond/Angle/Dihedral        2.09 ( 0.73% of Force)
|          Other                      0.02 ( 0.01% of Force)
|       Force time               287.25 (100.0% of Runmd)
|    Runmd Time               287.25 (99.75% of Total)
|    Other                      0.70 ( 0.24% of Total)
| Total time               287.96 (100.0% of ALL  )

| Number of list builds   :          0

| Highest rstack allocated:          0
| Highest istack allocated:          0
|           Job began  at 13:53:18.807  on 02/03/2016
|           Setup done at 13:53:18.889  on 02/03/2016
|           Run   done at 13:58:06.768  on 02/03/2016
|     wallclock() was called   18028 times
