
          -------------------------------------------------------
          Amber 14 SANDER                              2014
          -------------------------------------------------------

| Run on 02/03/2016 at 14:57:19

|   Executable path: sander
| Working directory: /lustre/cs1500/scratch/kmb413/RealDecoyDisc/DecoyDiscrimination/decoys.set2.init/1aaj/Rosetta_relaxed
|          Hostname: slepner15


File Assignments:
|  MDIN: /scratch/kmb413/RealDecoyDisc/DecoyDiscrimination/scripts/min/min.in  
| MDOUT: NoH_5_empty_tag_1_763_0001.out                                        
|INPCRD: NoH_5_empty_tag_1_763_0001.rst7                                       
|  PARM: NoH_5_empty_tag_1_763_0001.parm7                                      
|RESTRT: min_NoH_5_empty_tag_1_763_0001.rst7                                   
|  REFC: NoH_5_empty_tag_1_763_0001.rst7                                       
| MDVEL: mdvel                                                                 
| MDFRC: mdfrc                                                                 
|  MDEN: mden                                                                  
| MDCRD: mdcrd                                                                 
|MDINFO: mdinfo                                                                
|  MTMD: mtmd                                                                  
|INPDIP: inpdip                                                                
|RSTDIP: rstdip                                                                
|INPTRA: inptraj                                                               


 Here is the input file:

                                                                               
&cntrl                                                                         
    imin = 1, maxcyc=1000,                                                     
    ntx = 1,                                                                   
    ntwr = 100, ntpr = 100,                                                    
    cut = 999.0,                                                               
    ntb = 0, igb = 8,                                                          
    ntr = 1, restraint_wt = 10, restraintmask = "!@H=",                        
/                                                                              

--------------------------------------------------------------------------------
   1.  RESOURCE   USE: 
--------------------------------------------------------------------------------

| Flags:                                                                        
| New format PARM file being parsed.
| Version =    1.000 Date = 02/03/16 Time = 11:53:18
 NATOM  =    1590 NTYPES =      14 NBONH =     791 MBONA  =     820
 NTHETH =    1812 MTHETA =    1115 NPHIH =    3578 MPHIA  =    3525
 NHPARM =       0 NPARM  =       0 NNB   =    8805 NRES   =     104
 NBONA  =     820 NTHETA =    1115 NPHIA =    3525 NUMBND =      65
 NUMANG =     152 NPTRA  =     189 NATYP =      33 NPHB   =       0
 IFBOX  =       0 NMXRS  =      24 IFCAP =       0 NEXTRA =       0
 NCOPY  =       0

 Implicit solvent radii are ArgH and AspGluO modified Bondi2 radii (mbondi3)                                
 Replacing prmtop screening parameters with GBn2 (igb=8) values

|     Memory Use     Allocated
|     Real              145027
|     Hollerith           4876
|     Integer           109197
|     Max Pairs              1
|     nblistReal             0
|     nblist Int             0
|       Total             1578 kbytes

| Note: 1-4 EEL scale factors are being read from the topology file.

| Note: 1-4 VDW scale factors are being read from the topology file.
| Duplicated    0 dihedrals
| Duplicated    0 dihedrals

--------------------------------------------------------------------------------
   2.  CONTROL  DATA  FOR  THE  RUN
--------------------------------------------------------------------------------

default_name                                                                    

General flags:
     imin    =       1, nmropt  =       0

Nature and format of input:
     ntx     =       1, irest   =       0, ntrx    =       1

Nature and format of output:
     ntxo    =       1, ntpr    =     100, ntrx    =       1, ntwr    =     100
     iwrap   =       0, ntwx    =       0, ntwv    =       0, ntwe    =       0
     ioutfm  =       0, ntwprt  =       0, idecomp =       0, rbornstat=      0

Potential function:
     ntf     =       1, ntb     =       0, igb     =       8, nsnb    =      25
     ipol    =       0, gbsa    =       0, iesp    =       0
     dielc   =   1.00000, cut     = 999.00000, intdiel =   1.00000
     saltcon =   0.00000, offset  =   0.19514, surften =   0.00500
     rdt     =   0.00000, rgbmax  =  25.00000  extdiel =  78.50000
     alpb  =        0
     gbalphaH  =   0.78844, gbbetaH   =   0.79870,  gbgammaH  =    0.43733
     gbalphaC  =   0.73376, gbbetaC   =   0.50638,  gbgammaC  =    0.20584
     gbalphaN  =   0.50336, gbbetaN   =   0.31683,  gbgammaN  =    0.19292
     gbalphaOS =   0.86781, gbbetaOS  =   0.87664,  gbgammaOS =    0.38788
     gbalphaP  =   1.00000, gbbetaP   =   0.80000,  gbgammaP  =    4.85000
     gb_alpha_hnu  =   0.53705, gb_beta_hnu   =   0.36286,  gb_gamma_hnu  =    0.11670
     gb_alpha_cnu  =   0.33167, gb_beta_cnu   =   0.19684,  gb_gamma_cnu  =    0.09342
     gb_alpha_nnu  =   0.68631, gb_beta_nnu   =   0.46319,  gb_gamma_nnu  =    0.13872
     gb_alpha_onu  =   0.60634, gb_beta_onu   =   0.46301,  gb_gamma_onu  =    0.14226
     gb_alpha_pnu  =   0.41836, gb_beta_pnu   =   0.29005,  gb_gamma_pnu  =    0.10642

Frozen or restrained atoms:
     ibelly  =       0, ntr     =       1
     restraint_wt =  10.00000

Energy minimization:
     maxcyc  =    1000, ncyc    =      10, ntmin   =       1
     dx0     =   0.01000, drms    =   0.00010
|  INFO: Old style inpcrd file read


    LOADING THE CONSTRAINED ATOMS AS GROUPS


   5.  REFERENCE ATOM COORDINATES

  defa
     Mask !@H=; matches   799 atoms

--------------------------------------------------------------------------------
   3.  ATOMIC COORDINATES AND VELOCITIES
--------------------------------------------------------------------------------

default_name                                                                    
 begin time read from input coords =     0.000 ps

 Number of triangulated 3-point waters found:        0

--------------------------------------------------------------------------------
   4.  RESULTS
--------------------------------------------------------------------------------



   NSTEP       ENERGY          RMS            GMAX         NAME    NUMBER
      1      -2.1612E+03     9.2262E+00     6.4646E+01     OE1      1586

 BOND    =       71.3276  ANGLE   =      211.8816  DIHED      =     1083.5907
 VDWAALS =     -620.0156  EEL     =    -7112.7581  EGB        =    -1951.7754
 1-4 VDW =      442.6348  1-4 EEL =     5713.8722  RESTRAINT  =        0.0000


   NSTEP       ENERGY          RMS            GMAX         NAME    NUMBER
    100      -2.5416E+03     6.2929E-01     8.3958E+00     CE2       650

 BOND    =       32.2245  ANGLE   =      210.2485  DIHED      =     1083.0854
 VDWAALS =     -771.8695  EEL     =    -7145.9551  EGB        =    -1955.5132
 1-4 VDW =      327.9241  1-4 EEL =     5631.9277  RESTRAINT  =       46.3686
 EAMBER  =    -2587.9276


   NSTEP       ENERGY          RMS            GMAX         NAME    NUMBER
    200      -2.5538E+03     4.1735E-01     4.7402E+00     HG       1180

 BOND    =       31.6946  ANGLE   =      210.8107  DIHED      =     1081.2743
 VDWAALS =     -772.4262  EEL     =    -7167.0499  EGB        =    -1944.9889
 1-4 VDW =      328.1792  1-4 EEL =     5632.3381  RESTRAINT  =       46.3372
 EAMBER  =    -2600.1682


   NSTEP       ENERGY          RMS            GMAX         NAME    NUMBER
    300      -2.5585E+03     1.5859E-01     3.0269E+00     HG1       605

 BOND    =       31.0506  ANGLE   =      209.1066  DIHED      =     1079.6514
 VDWAALS =     -771.2290  EEL     =    -7170.5571  EGB        =    -1944.1829
 1-4 VDW =      329.8870  1-4 EEL =     5632.5399  RESTRAINT  =       45.2686
 EAMBER  =    -2603.7334


   NSTEP       ENERGY          RMS            GMAX         NAME    NUMBER
    400      -2.5630E+03     3.1060E-02     3.9783E-01     CD        437

 BOND    =       30.7017  ANGLE   =      208.2121  DIHED      =     1078.2100
 VDWAALS =     -769.7713  EEL     =    -7176.4408  EGB        =    -1943.3554
 1-4 VDW =      331.2759  1-4 EEL =     5633.8486  RESTRAINT  =       44.3382
 EAMBER  =    -2607.3193


   NSTEP       ENERGY          RMS            GMAX         NAME    NUMBER
    500      -2.5630E+03     8.9394E-03     1.5336E-01     CD        437

 BOND    =       30.6690  ANGLE   =      208.1471  DIHED      =     1078.2445
 VDWAALS =     -769.7306  EEL     =    -7176.7692  EGB        =    -1943.3155
 1-4 VDW =      331.3799  1-4 EEL =     5634.0585  RESTRAINT  =       44.3094
 EAMBER  =    -2607.3164


   NSTEP       ENERGY          RMS            GMAX         NAME    NUMBER
    600      -2.5630E+03     6.6292E-03     1.0522E-01     HG1       635

 BOND    =       30.6561  ANGLE   =      208.1385  DIHED      =     1078.3066
 VDWAALS =     -769.7585  EEL     =    -7177.1492  EGB        =    -1943.1416
 1-4 VDW =      331.4247  1-4 EEL =     5634.2032  RESTRAINT  =       44.3047
 EAMBER  =    -2607.3201


   NSTEP       ENERGY          RMS            GMAX         NAME    NUMBER
    700      -2.5631E+03     4.9420E-02     7.2693E-01     HG1       635

 BOND    =       30.6902  ANGLE   =      208.2394  DIHED      =     1078.3545
 VDWAALS =     -770.1004  EEL     =    -7178.0399  EGB        =    -1942.4553
 1-4 VDW =      331.3272  1-4 EEL =     5634.5201  RESTRAINT  =       44.3888
 EAMBER  =    -2607.4643


   NSTEP       ENERGY          RMS            GMAX         NAME    NUMBER
    800      -2.5640E+03     2.3450E-02     3.6629E-01     HG1       635

 BOND    =       30.6422  ANGLE   =      208.1712  DIHED      =     1076.9737
 VDWAALS =     -770.0144  EEL     =    -7180.1747  EGB        =    -1940.6312
 1-4 VDW =      331.4857  1-4 EEL =     5635.1940  RESTRAINT  =       44.3594
 EAMBER  =    -2608.3535


   NSTEP       ENERGY          RMS            GMAX         NAME    NUMBER
    900      -2.5640E+03     2.2675E-03     5.2746E-02     HG1       635

 BOND    =       30.6500  ANGLE   =      208.1525  DIHED      =     1076.8085
 VDWAALS =     -769.9039  EEL     =    -7180.5338  EGB        =    -1940.4716
 1-4 VDW =      331.5083  1-4 EEL =     5635.3532  RESTRAINT  =       44.4035
 EAMBER  =    -2608.4368


   NSTEP       ENERGY          RMS            GMAX         NAME    NUMBER
   1000      -2.5640E+03     6.2239E-04     9.4810E-03     NE2      1361

 BOND    =       30.6512  ANGLE   =      208.1498  DIHED      =     1076.8005
 VDWAALS =     -769.8934  EEL     =    -7180.5590  EGB        =    -1940.4610
 1-4 VDW =      331.5101  1-4 EEL =     5635.3603  RESTRAINT  =       44.4079
 EAMBER  =    -2608.4415


  Maximum number of minimization cycles reached.


                    FINAL RESULTS



   NSTEP       ENERGY          RMS            GMAX         NAME    NUMBER
   1000      -2.5640E+03     6.2239E-04     9.4810E-03     NE2      1361

 BOND    =       30.6512  ANGLE   =      208.1498  DIHED      =     1076.8005
 VDWAALS =     -769.8934  EEL     =    -7180.5590  EGB        =    -1940.4610
 1-4 VDW =      331.5101  1-4 EEL =     5635.3603  RESTRAINT  =       44.4079
 EAMBER  =    -2608.4415

--------------------------------------------------------------------------------
   5.  TIMINGS
--------------------------------------------------------------------------------

|                Calc gb radii             55.66 (19.94% of Gen B)
|                Calc gb diag             103.05 (36.92% of Gen B)
|                Calc gb off-diag         120.42 (43.14% of Gen B)
|             Gen Born time            279.13 (100.0% of Nonbo)
|          Nonbond force            279.13 (99.26% of Force)
|          Bond/Angle/Dihedral        2.06 ( 0.73% of Force)
|          Other                      0.02 ( 0.01% of Force)
|       Force time               281.21 (100.0% of Runmd)
|    Runmd Time               281.21 (99.70% of Total)
|    Other                      0.85 ( 0.30% of Total)
| Total time               282.06 (100.0% of ALL  )

| Number of list builds   :          0

| Highest rstack allocated:          0
| Highest istack allocated:          0
|           Job began  at 14:57:19.046  on 02/03/2016
|           Setup done at 14:57:19.146  on 02/03/2016
|           Run   done at 15:02:01.107  on 02/03/2016
|     wallclock() was called   18028 times
