
          -------------------------------------------------------
          Amber 14 SANDER                              2014
          -------------------------------------------------------

| Run on 02/03/2016 at 13:33:43

|   Executable path: sander
| Working directory: /lustre/cs1500/scratch/kmb413/RealDecoyDisc/DecoyDiscrimination/decoys.set2.init/1aaj/Rosetta_relaxed
|          Hostname: slepner7


File Assignments:
|  MDIN: /scratch/kmb413/RealDecoyDisc/DecoyDiscrimination/scripts/min/min.in  
| MDOUT: NoH_1_empty_tag_1_762_0001.out                                        
|INPCRD: NoH_1_empty_tag_1_762_0001.rst7                                       
|  PARM: NoH_1_empty_tag_1_762_0001.parm7                                      
|RESTRT: min_NoH_1_empty_tag_1_762_0001.rst7                                   
|  REFC: NoH_1_empty_tag_1_762_0001.rst7                                       
| MDVEL: mdvel                                                                 
| MDFRC: mdfrc                                                                 
|  MDEN: mden                                                                  
| MDCRD: mdcrd                                                                 
|MDINFO: mdinfo                                                                
|  MTMD: mtmd                                                                  
|INPDIP: inpdip                                                                
|RSTDIP: rstdip                                                                
|INPTRA: inptraj                                                               


 Here is the input file:

                                                                               
&cntrl                                                                         
    imin = 1, maxcyc=1000,                                                     
    ntx = 1,                                                                   
    ntwr = 100, ntpr = 100,                                                    
    cut = 999.0,                                                               
    ntb = 0, igb = 8,                                                          
    ntr = 1, restraint_wt = 10, restraintmask = "!@H=",                        
/                                                                              

--------------------------------------------------------------------------------
   1.  RESOURCE   USE: 
--------------------------------------------------------------------------------

| Flags:                                                                        
| New format PARM file being parsed.
| Version =    1.000 Date = 02/03/16 Time = 11:45:26
 NATOM  =    1590 NTYPES =      14 NBONH =     791 MBONA  =     820
 NTHETH =    1812 MTHETA =    1115 NPHIH =    3578 MPHIA  =    3525
 NHPARM =       0 NPARM  =       0 NNB   =    8805 NRES   =     104
 NBONA  =     820 NTHETA =    1115 NPHIA =    3525 NUMBND =      65
 NUMANG =     152 NPTRA  =     189 NATYP =      33 NPHB   =       0
 IFBOX  =       0 NMXRS  =      24 IFCAP =       0 NEXTRA =       0
 NCOPY  =       0

 Implicit solvent radii are ArgH and AspGluO modified Bondi2 radii (mbondi3)                                
 Replacing prmtop screening parameters with GBn2 (igb=8) values

|     Memory Use     Allocated
|     Real              145027
|     Hollerith           4876
|     Integer           109197
|     Max Pairs              1
|     nblistReal             0
|     nblist Int             0
|       Total             1578 kbytes

| Note: 1-4 EEL scale factors are being read from the topology file.

| Note: 1-4 VDW scale factors are being read from the topology file.
| Duplicated    0 dihedrals
| Duplicated    0 dihedrals

--------------------------------------------------------------------------------
   2.  CONTROL  DATA  FOR  THE  RUN
--------------------------------------------------------------------------------

default_name                                                                    

General flags:
     imin    =       1, nmropt  =       0

Nature and format of input:
     ntx     =       1, irest   =       0, ntrx    =       1

Nature and format of output:
     ntxo    =       1, ntpr    =     100, ntrx    =       1, ntwr    =     100
     iwrap   =       0, ntwx    =       0, ntwv    =       0, ntwe    =       0
     ioutfm  =       0, ntwprt  =       0, idecomp =       0, rbornstat=      0

Potential function:
     ntf     =       1, ntb     =       0, igb     =       8, nsnb    =      25
     ipol    =       0, gbsa    =       0, iesp    =       0
     dielc   =   1.00000, cut     = 999.00000, intdiel =   1.00000
     saltcon =   0.00000, offset  =   0.19514, surften =   0.00500
     rdt     =   0.00000, rgbmax  =  25.00000  extdiel =  78.50000
     alpb  =        0
     gbalphaH  =   0.78844, gbbetaH   =   0.79870,  gbgammaH  =    0.43733
     gbalphaC  =   0.73376, gbbetaC   =   0.50638,  gbgammaC  =    0.20584
     gbalphaN  =   0.50336, gbbetaN   =   0.31683,  gbgammaN  =    0.19292
     gbalphaOS =   0.86781, gbbetaOS  =   0.87664,  gbgammaOS =    0.38788
     gbalphaP  =   1.00000, gbbetaP   =   0.80000,  gbgammaP  =    4.85000
     gb_alpha_hnu  =   0.53705, gb_beta_hnu   =   0.36286,  gb_gamma_hnu  =    0.11670
     gb_alpha_cnu  =   0.33167, gb_beta_cnu   =   0.19684,  gb_gamma_cnu  =    0.09342
     gb_alpha_nnu  =   0.68631, gb_beta_nnu   =   0.46319,  gb_gamma_nnu  =    0.13872
     gb_alpha_onu  =   0.60634, gb_beta_onu   =   0.46301,  gb_gamma_onu  =    0.14226
     gb_alpha_pnu  =   0.41836, gb_beta_pnu   =   0.29005,  gb_gamma_pnu  =    0.10642

Frozen or restrained atoms:
     ibelly  =       0, ntr     =       1
     restraint_wt =  10.00000

Energy minimization:
     maxcyc  =    1000, ncyc    =      10, ntmin   =       1
     dx0     =   0.01000, drms    =   0.00010
|  INFO: Old style inpcrd file read


    LOADING THE CONSTRAINED ATOMS AS GROUPS


   5.  REFERENCE ATOM COORDINATES

  defa
     Mask !@H=; matches   799 atoms

--------------------------------------------------------------------------------
   3.  ATOMIC COORDINATES AND VELOCITIES
--------------------------------------------------------------------------------

default_name                                                                    
 begin time read from input coords =     0.000 ps

 Number of triangulated 3-point waters found:        0

--------------------------------------------------------------------------------
   4.  RESULTS
--------------------------------------------------------------------------------



   NSTEP       ENERGY          RMS            GMAX         NAME    NUMBER
      1      -2.1726E+03     9.3889E+00     6.1811E+01     OE1       945

 BOND    =       72.4872  ANGLE   =      212.0956  DIHED      =     1075.3496
 VDWAALS =     -630.4812  EEL     =    -7196.8134  EGB        =    -1856.2098
 1-4 VDW =      444.4783  1-4 EEL =     5706.5092  RESTRAINT  =        0.0000


   NSTEP       ENERGY          RMS            GMAX         NAME    NUMBER
    100      -2.5751E+03     2.8825E-01     2.4993E+00     CG       1324

 BOND    =       30.9856  ANGLE   =      211.5861  DIHED      =     1078.3986
 VDWAALS =     -795.4108  EEL     =    -7240.5838  EGB        =    -1862.6515
 1-4 VDW =      332.7945  1-4 EEL =     5622.4909  RESTRAINT  =       47.3371
 EAMBER  =    -2622.3905


   NSTEP       ENERGY          RMS            GMAX         NAME    NUMBER
    200      -2.5926E+03     1.9192E-01     2.5667E+00     HB3       114

 BOND    =       31.2478  ANGLE   =      211.5062  DIHED      =     1078.0667
 VDWAALS =     -797.4160  EEL     =    -7262.1763  EGB        =    -1856.3571
 1-4 VDW =      332.7591  1-4 EEL =     5620.4807  RESTRAINT  =       49.2506
 EAMBER  =    -2641.8890


   NSTEP       ENERGY          RMS            GMAX         NAME    NUMBER
    300      -2.5946E+03     3.8375E-02     3.8548E-01     C          23

 BOND    =       30.9469  ANGLE   =      210.7002  DIHED      =     1077.7213
 VDWAALS =     -797.7482  EEL     =    -7264.4912  EGB        =    -1854.3469
 1-4 VDW =      333.6191  1-4 EEL =     5620.4280  RESTRAINT  =       48.5937
 EAMBER  =    -2643.1708


   NSTEP       ENERGY          RMS            GMAX         NAME    NUMBER
    400      -2.6012E+03     8.4288E-02     1.0359E+00     OG       1179

 BOND    =       31.4266  ANGLE   =      211.0962  DIHED      =     1077.5114
 VDWAALS =     -796.2330  EEL     =    -7277.6859  EGB        =    -1847.9868
 1-4 VDW =      332.9070  1-4 EEL =     5619.5338  RESTRAINT  =       48.1946
 EAMBER  =    -2649.4307


   NSTEP       ENERGY          RMS            GMAX         NAME    NUMBER
    500      -2.6044E+03     1.3413E-01     1.9283E+00     HB3        88

 BOND    =       31.4652  ANGLE   =      210.7429  DIHED      =     1074.2055
 VDWAALS =     -795.6803  EEL     =    -7288.4481  EGB        =    -1837.0318
 1-4 VDW =      333.1902  1-4 EEL =     5619.5652  RESTRAINT  =       47.5598
 EAMBER  =    -2651.9912


   NSTEP       ENERGY          RMS            GMAX         NAME    NUMBER
    600      -2.6076E+03     1.4701E-01     2.2586E+00     HG         90

 BOND    =       31.4401  ANGLE   =      210.3303  DIHED      =     1075.6995
 VDWAALS =     -795.1305  EEL     =    -7299.0427  EGB        =    -1831.3397
 1-4 VDW =      333.2476  1-4 EEL =     5620.7329  RESTRAINT  =       46.4658
 EAMBER  =    -2654.0625


   NSTEP       ENERGY          RMS            GMAX         NAME    NUMBER
    700      -2.6132E+03     1.2795E-01     1.7655E+00     CB         86

 BOND    =       31.5661  ANGLE   =      210.4717  DIHED      =     1075.0870
 VDWAALS =     -794.9825  EEL     =    -7302.5528  EGB        =    -1832.2164
 1-4 VDW =      333.4625  1-4 EEL =     5619.3499  RESTRAINT  =       46.6086
 EAMBER  =    -2659.8146


   NSTEP       ENERGY          RMS            GMAX         NAME    NUMBER
    800      -2.6156E+03     4.7682E-02     7.0545E-01     OG1      1388

 BOND    =       31.3583  ANGLE   =      209.9390  DIHED      =     1074.0657
 VDWAALS =     -794.7410  EEL     =    -7298.7908  EGB        =    -1836.2740
 1-4 VDW =      333.9768  1-4 EEL =     5618.4259  RESTRAINT  =       46.4333
 EAMBER  =    -2662.0401


   NSTEP       ENERGY          RMS            GMAX         NAME    NUMBER
    900      -2.6157E+03     7.3692E-03     1.1922E-01     CG       1324

 BOND    =       31.2865  ANGLE   =      209.8542  DIHED      =     1074.0588
 VDWAALS =     -794.6714  EEL     =    -7298.1775  EGB        =    -1836.6570
 1-4 VDW =      334.1012  1-4 EEL =     5618.2030  RESTRAINT  =       46.3363
 EAMBER  =    -2662.0023


   NSTEP       ENERGY          RMS            GMAX         NAME    NUMBER
   1000      -2.6157E+03     1.3260E-03     1.7799E-02     CD       1585

 BOND    =       31.2771  ANGLE   =      209.8457  DIHED      =     1074.0577
 VDWAALS =     -794.6685  EEL     =    -7298.1221  EGB        =    -1836.6822
 1-4 VDW =      334.1188  1-4 EEL =     5618.1846  RESTRAINT  =       46.3218
 EAMBER  =    -2661.9888


  Maximum number of minimization cycles reached.


                    FINAL RESULTS



   NSTEP       ENERGY          RMS            GMAX         NAME    NUMBER
   1000      -2.6157E+03     1.3260E-03     1.7799E-02     CD       1585

 BOND    =       31.2771  ANGLE   =      209.8457  DIHED      =     1074.0577
 VDWAALS =     -794.6685  EEL     =    -7298.1221  EGB        =    -1836.6822
 1-4 VDW =      334.1188  1-4 EEL =     5618.1846  RESTRAINT  =       46.3218
 EAMBER  =    -2661.9888

--------------------------------------------------------------------------------
   5.  TIMINGS
--------------------------------------------------------------------------------

|                Calc gb radii             58.74 (20.31% of Gen B)
|                Calc gb diag             108.63 (37.55% of Gen B)
|                Calc gb off-diag         121.89 (42.14% of Gen B)
|             Gen Born time            289.26 (100.0% of Nonbo)
|          Nonbond force            289.26 (99.28% of Force)
|          Bond/Angle/Dihedral        2.08 ( 0.72% of Force)
|          Other                      0.02 ( 0.01% of Force)
|       Force time               291.36 (100.0% of Runmd)
|    Runmd Time               291.36 (99.76% of Total)
|    Other                      0.71 ( 0.24% of Total)
| Total time               292.08 (100.0% of ALL  )

| Number of list builds   :          0

| Highest rstack allocated:          0
| Highest istack allocated:          0
|           Job began  at 13:33:43.532  on 02/03/2016
|           Setup done at 13:33:43.640  on 02/03/2016
|           Run   done at 13:38:35.607  on 02/03/2016
|     wallclock() was called   18028 times
