
          -------------------------------------------------------
          Amber 14 SANDER                              2014
          -------------------------------------------------------

| Run on 02/03/2016 at 14:54:59

|   Executable path: sander
| Working directory: /lustre/cs1500/scratch/kmb413/RealDecoyDisc/DecoyDiscrimination/decoys.set2.init/1aaj/Rosetta_relaxed
|          Hostname: slepner15


File Assignments:
|  MDIN: /scratch/kmb413/RealDecoyDisc/DecoyDiscrimination/scripts/min/min.in  
| MDOUT: NoH_4_empty_tag_673_0001_0001.out                                     
|INPCRD: NoH_4_empty_tag_673_0001_0001.rst7                                    
|  PARM: NoH_4_empty_tag_673_0001_0001.parm7                                   
|RESTRT: min_NoH_4_empty_tag_673_0001_0001.rst7                                
|  REFC: NoH_4_empty_tag_673_0001_0001.rst7                                    
| MDVEL: mdvel                                                                 
| MDFRC: mdfrc                                                                 
|  MDEN: mden                                                                  
| MDCRD: mdcrd                                                                 
|MDINFO: mdinfo                                                                
|  MTMD: mtmd                                                                  
|INPDIP: inpdip                                                                
|RSTDIP: rstdip                                                                
|INPTRA: inptraj                                                               


 Here is the input file:

                                                                               
&cntrl                                                                         
    imin = 1, maxcyc=1000,                                                     
    ntx = 1,                                                                   
    ntwr = 100, ntpr = 100,                                                    
    cut = 999.0,                                                               
    ntb = 0, igb = 8,                                                          
    ntr = 1, restraint_wt = 10, restraintmask = "!@H=",                        
/                                                                              

--------------------------------------------------------------------------------
   1.  RESOURCE   USE: 
--------------------------------------------------------------------------------

| Flags:                                                                        
| New format PARM file being parsed.
| Version =    1.000 Date = 02/03/16 Time = 11:52:06
 NATOM  =    1590 NTYPES =      14 NBONH =     791 MBONA  =     820
 NTHETH =    1812 MTHETA =    1115 NPHIH =    3578 MPHIA  =    3525
 NHPARM =       0 NPARM  =       0 NNB   =    8805 NRES   =     104
 NBONA  =     820 NTHETA =    1115 NPHIA =    3525 NUMBND =      65
 NUMANG =     152 NPTRA  =     189 NATYP =      33 NPHB   =       0
 IFBOX  =       0 NMXRS  =      24 IFCAP =       0 NEXTRA =       0
 NCOPY  =       0

 Implicit solvent radii are ArgH and AspGluO modified Bondi2 radii (mbondi3)                                
 Replacing prmtop screening parameters with GBn2 (igb=8) values

|     Memory Use     Allocated
|     Real              145027
|     Hollerith           4876
|     Integer           109197
|     Max Pairs              1
|     nblistReal             0
|     nblist Int             0
|       Total             1578 kbytes

| Note: 1-4 EEL scale factors are being read from the topology file.

| Note: 1-4 VDW scale factors are being read from the topology file.
| Duplicated    0 dihedrals
| Duplicated    0 dihedrals

--------------------------------------------------------------------------------
   2.  CONTROL  DATA  FOR  THE  RUN
--------------------------------------------------------------------------------

default_name                                                                    

General flags:
     imin    =       1, nmropt  =       0

Nature and format of input:
     ntx     =       1, irest   =       0, ntrx    =       1

Nature and format of output:
     ntxo    =       1, ntpr    =     100, ntrx    =       1, ntwr    =     100
     iwrap   =       0, ntwx    =       0, ntwv    =       0, ntwe    =       0
     ioutfm  =       0, ntwprt  =       0, idecomp =       0, rbornstat=      0

Potential function:
     ntf     =       1, ntb     =       0, igb     =       8, nsnb    =      25
     ipol    =       0, gbsa    =       0, iesp    =       0
     dielc   =   1.00000, cut     = 999.00000, intdiel =   1.00000
     saltcon =   0.00000, offset  =   0.19514, surften =   0.00500
     rdt     =   0.00000, rgbmax  =  25.00000  extdiel =  78.50000
     alpb  =        0
     gbalphaH  =   0.78844, gbbetaH   =   0.79870,  gbgammaH  =    0.43733
     gbalphaC  =   0.73376, gbbetaC   =   0.50638,  gbgammaC  =    0.20584
     gbalphaN  =   0.50336, gbbetaN   =   0.31683,  gbgammaN  =    0.19292
     gbalphaOS =   0.86781, gbbetaOS  =   0.87664,  gbgammaOS =    0.38788
     gbalphaP  =   1.00000, gbbetaP   =   0.80000,  gbgammaP  =    4.85000
     gb_alpha_hnu  =   0.53705, gb_beta_hnu   =   0.36286,  gb_gamma_hnu  =    0.11670
     gb_alpha_cnu  =   0.33167, gb_beta_cnu   =   0.19684,  gb_gamma_cnu  =    0.09342
     gb_alpha_nnu  =   0.68631, gb_beta_nnu   =   0.46319,  gb_gamma_nnu  =    0.13872
     gb_alpha_onu  =   0.60634, gb_beta_onu   =   0.46301,  gb_gamma_onu  =    0.14226
     gb_alpha_pnu  =   0.41836, gb_beta_pnu   =   0.29005,  gb_gamma_pnu  =    0.10642

Frozen or restrained atoms:
     ibelly  =       0, ntr     =       1
     restraint_wt =  10.00000

Energy minimization:
     maxcyc  =    1000, ncyc    =      10, ntmin   =       1
     dx0     =   0.01000, drms    =   0.00010
|  INFO: Old style inpcrd file read


    LOADING THE CONSTRAINED ATOMS AS GROUPS


   5.  REFERENCE ATOM COORDINATES

  defa
     Mask !@H=; matches   799 atoms

--------------------------------------------------------------------------------
   3.  ATOMIC COORDINATES AND VELOCITIES
--------------------------------------------------------------------------------

default_name                                                                    
 begin time read from input coords =     0.000 ps

 Number of triangulated 3-point waters found:        0

--------------------------------------------------------------------------------
   4.  RESULTS
--------------------------------------------------------------------------------



   NSTEP       ENERGY          RMS            GMAX         NAME    NUMBER
      1      -2.2284E+03     9.0286E+00     6.9215E+01     OXT      1590

 BOND    =       68.6252  ANGLE   =      211.4483  DIHED      =     1088.6663
 VDWAALS =     -640.0456  EEL     =    -7173.1239  EGB        =    -1942.3752
 1-4 VDW =      437.5526  1-4 EEL =     5720.8353  RESTRAINT  =        0.0000


   NSTEP       ENERGY          RMS            GMAX         NAME    NUMBER
    100      -2.5813E+03     5.3695E-01     5.1500E+00     CE2       650

 BOND    =       31.6060  ANGLE   =      204.9041  DIHED      =     1091.8560
 VDWAALS =     -773.9916  EEL     =    -7181.8031  EGB        =    -1961.0591
 1-4 VDW =      326.8956  1-4 EEL =     5640.1389  RESTRAINT  =       40.1673
 EAMBER  =    -2621.4532


   NSTEP       ENERGY          RMS            GMAX         NAME    NUMBER
    200      -2.5898E+03     1.0436E-01     9.5988E-01     H2          3

 BOND    =       30.9778  ANGLE   =      204.1213  DIHED      =     1090.4026
 VDWAALS =     -774.8872  EEL     =    -7192.5744  EGB        =    -1956.5878
 1-4 VDW =      327.9886  1-4 EEL =     5640.9105  RESTRAINT  =       39.8644
 EAMBER  =    -2629.6486


   NSTEP       ENERGY          RMS            GMAX         NAME    NUMBER
    300      -2.5970E+03     9.6677E-02     1.1330E+00     OG1       604

 BOND    =       31.0450  ANGLE   =      204.2449  DIHED      =     1088.2624
 VDWAALS =     -774.1665  EEL     =    -7194.0584  EGB        =    -1961.1744
 1-4 VDW =      328.1004  1-4 EEL =     5640.9444  RESTRAINT  =       39.8299
 EAMBER  =    -2636.8021


   NSTEP       ENERGY          RMS            GMAX         NAME    NUMBER
    400      -2.5981E+03     7.1916E-02     1.3264E+00     HG1      1213

 BOND    =       30.7421  ANGLE   =      204.0585  DIHED      =     1087.6895
 VDWAALS =     -774.0868  EEL     =    -7192.2736  EGB        =    -1964.7081
 1-4 VDW =      328.6760  1-4 EEL =     5642.2452  RESTRAINT  =       39.5332
 EAMBER  =    -2637.6571


   NSTEP       ENERGY          RMS            GMAX         NAME    NUMBER
    500      -2.5987E+03     7.4699E-03     1.2764E-01     CD       1119

 BOND    =       30.7021  ANGLE   =      203.7033  DIHED      =     1086.6557
 VDWAALS =     -773.9598  EEL     =    -7191.8278  EGB        =    -1965.1825
 1-4 VDW =      328.9759  1-4 EEL =     5642.8359  RESTRAINT  =       39.4268
 EAMBER  =    -2638.0971

     ... RESTARTED DUE TO LINMIN FAILURE ...


   NSTEP       ENERGY          RMS            GMAX         NAME    NUMBER
    600      -2.5987E+03     1.8264E-03     2.0937E-02     CA       1204

 BOND    =       30.6918  ANGLE   =      203.6755  DIHED      =     1086.6335
 VDWAALS =     -773.9365  EEL     =    -7191.8700  EGB        =    -1965.1675
 1-4 VDW =      329.0022  1-4 EEL =     5642.8735  RESTRAINT  =       39.4247
 EAMBER  =    -2638.0975


                    FINAL RESULTS



   NSTEP       ENERGY          RMS            GMAX         NAME    NUMBER
    695      -2.5987E+03     8.3319E-05     1.4478E-03     HG1      1213

 BOND    =       30.6939  ANGLE   =      203.6783  DIHED      =     1086.6344
 VDWAALS =     -773.9398  EEL     =    -7191.8772  EGB        =    -1965.1661
 1-4 VDW =      329.0005  1-4 EEL =     5642.8749  RESTRAINT  =       39.4282
 EAMBER  =    -2638.1011

--------------------------------------------------------------------------------
   5.  TIMINGS
--------------------------------------------------------------------------------

|                Calc gb radii             41.32 (20.43% of Gen B)
|                Calc gb diag              76.42 (37.78% of Gen B)
|                Calc gb off-diag          84.55 (41.80% of Gen B)
|             Gen Born time            202.29 (100.0% of Nonbo)
|          Nonbond force            202.29 (99.28% of Force)
|          Bond/Angle/Dihedral        1.45 ( 0.71% of Force)
|          Other                      0.01 ( 0.01% of Force)
|       Force time               203.76 (100.0% of Runmd)
|    Runmd Time               203.76 (99.70% of Total)
|    Other                      0.60 ( 0.29% of Total)
| Total time               204.36 (100.0% of ALL  )

| Number of list builds   :          0

| Highest rstack allocated:          0
| Highest istack allocated:          0
|           Job began  at 14:54:59.441  on 02/03/2016
|           Setup done at 14:54:59.492  on 02/03/2016
|           Run   done at 14:58:23.800  on 02/03/2016
|     wallclock() was called   12538 times
