
          -------------------------------------------------------
          Amber 14 SANDER                              2014
          -------------------------------------------------------

| Run on 02/03/2016 at 14:24:34

|   Executable path: sander
| Working directory: /lustre/cs1500/scratch/kmb413/RealDecoyDisc/DecoyDiscrimination/decoys.set2.init/1aaj/Rosetta_relaxed
|          Hostname: slepner13


File Assignments:
|  MDIN: /scratch/kmb413/RealDecoyDisc/DecoyDiscrimination/scripts/min/min.in  
| MDOUT: NoH_2_empty_tag_1146_0001_0001.out                                    
|INPCRD: NoH_2_empty_tag_1146_0001_0001.rst7                                   
|  PARM: NoH_2_empty_tag_1146_0001_0001.parm7                                  
|RESTRT: min_NoH_2_empty_tag_1146_0001_0001.rst7                               
|  REFC: NoH_2_empty_tag_1146_0001_0001.rst7                                   
| MDVEL: mdvel                                                                 
| MDFRC: mdfrc                                                                 
|  MDEN: mden                                                                  
| MDCRD: mdcrd                                                                 
|MDINFO: mdinfo                                                                
|  MTMD: mtmd                                                                  
|INPDIP: inpdip                                                                
|RSTDIP: rstdip                                                                
|INPTRA: inptraj                                                               


 Here is the input file:

                                                                               
&cntrl                                                                         
    imin = 1, maxcyc=1000,                                                     
    ntx = 1,                                                                   
    ntwr = 100, ntpr = 100,                                                    
    cut = 999.0,                                                               
    ntb = 0, igb = 8,                                                          
    ntr = 1, restraint_wt = 10, restraintmask = "!@H=",                        
/                                                                              

--------------------------------------------------------------------------------
   1.  RESOURCE   USE: 
--------------------------------------------------------------------------------

| Flags:                                                                        
| New format PARM file being parsed.
| Version =    1.000 Date = 02/03/16 Time = 11:46:29
 NATOM  =    1590 NTYPES =      14 NBONH =     791 MBONA  =     820
 NTHETH =    1812 MTHETA =    1115 NPHIH =    3578 MPHIA  =    3525
 NHPARM =       0 NPARM  =       0 NNB   =    8805 NRES   =     104
 NBONA  =     820 NTHETA =    1115 NPHIA =    3525 NUMBND =      65
 NUMANG =     152 NPTRA  =     189 NATYP =      33 NPHB   =       0
 IFBOX  =       0 NMXRS  =      24 IFCAP =       0 NEXTRA =       0
 NCOPY  =       0

 Implicit solvent radii are ArgH and AspGluO modified Bondi2 radii (mbondi3)                                
 Replacing prmtop screening parameters with GBn2 (igb=8) values

|     Memory Use     Allocated
|     Real              145027
|     Hollerith           4876
|     Integer           109197
|     Max Pairs              1
|     nblistReal             0
|     nblist Int             0
|       Total             1578 kbytes

| Note: 1-4 EEL scale factors are being read from the topology file.

| Note: 1-4 VDW scale factors are being read from the topology file.
| Duplicated    0 dihedrals
| Duplicated    0 dihedrals

--------------------------------------------------------------------------------
   2.  CONTROL  DATA  FOR  THE  RUN
--------------------------------------------------------------------------------

default_name                                                                    

General flags:
     imin    =       1, nmropt  =       0

Nature and format of input:
     ntx     =       1, irest   =       0, ntrx    =       1

Nature and format of output:
     ntxo    =       1, ntpr    =     100, ntrx    =       1, ntwr    =     100
     iwrap   =       0, ntwx    =       0, ntwv    =       0, ntwe    =       0
     ioutfm  =       0, ntwprt  =       0, idecomp =       0, rbornstat=      0

Potential function:
     ntf     =       1, ntb     =       0, igb     =       8, nsnb    =      25
     ipol    =       0, gbsa    =       0, iesp    =       0
     dielc   =   1.00000, cut     = 999.00000, intdiel =   1.00000
     saltcon =   0.00000, offset  =   0.19514, surften =   0.00500
     rdt     =   0.00000, rgbmax  =  25.00000  extdiel =  78.50000
     alpb  =        0
     gbalphaH  =   0.78844, gbbetaH   =   0.79870,  gbgammaH  =    0.43733
     gbalphaC  =   0.73376, gbbetaC   =   0.50638,  gbgammaC  =    0.20584
     gbalphaN  =   0.50336, gbbetaN   =   0.31683,  gbgammaN  =    0.19292
     gbalphaOS =   0.86781, gbbetaOS  =   0.87664,  gbgammaOS =    0.38788
     gbalphaP  =   1.00000, gbbetaP   =   0.80000,  gbgammaP  =    4.85000
     gb_alpha_hnu  =   0.53705, gb_beta_hnu   =   0.36286,  gb_gamma_hnu  =    0.11670
     gb_alpha_cnu  =   0.33167, gb_beta_cnu   =   0.19684,  gb_gamma_cnu  =    0.09342
     gb_alpha_nnu  =   0.68631, gb_beta_nnu   =   0.46319,  gb_gamma_nnu  =    0.13872
     gb_alpha_onu  =   0.60634, gb_beta_onu   =   0.46301,  gb_gamma_onu  =    0.14226
     gb_alpha_pnu  =   0.41836, gb_beta_pnu   =   0.29005,  gb_gamma_pnu  =    0.10642

Frozen or restrained atoms:
     ibelly  =       0, ntr     =       1
     restraint_wt =  10.00000

Energy minimization:
     maxcyc  =    1000, ncyc    =      10, ntmin   =       1
     dx0     =   0.01000, drms    =   0.00010
|  INFO: Old style inpcrd file read


    LOADING THE CONSTRAINED ATOMS AS GROUPS


   5.  REFERENCE ATOM COORDINATES

  defa
     Mask !@H=; matches   799 atoms

--------------------------------------------------------------------------------
   3.  ATOMIC COORDINATES AND VELOCITIES
--------------------------------------------------------------------------------

default_name                                                                    
 begin time read from input coords =     0.000 ps

 Number of triangulated 3-point waters found:        0

--------------------------------------------------------------------------------
   4.  RESULTS
--------------------------------------------------------------------------------



   NSTEP       ENERGY          RMS            GMAX         NAME    NUMBER
      1      -2.2079E+03     9.0194E+00     6.2180E+01     OE1       194

 BOND    =       68.7966  ANGLE   =      211.3377  DIHED      =     1078.8778
 VDWAALS =     -643.1540  EEL     =    -7411.2577  EGB        =    -1645.9940
 1-4 VDW =      439.7494  1-4 EEL =     5693.7692  RESTRAINT  =        0.0000


   NSTEP       ENERGY          RMS            GMAX         NAME    NUMBER
    100      -2.5872E+03     3.6922E-01     3.3449E+00     CB        628

 BOND    =       31.5963  ANGLE   =      208.6095  DIHED      =     1079.6175
 VDWAALS =     -778.6121  EEL     =    -7437.9032  EGB        =    -1674.2810
 1-4 VDW =      330.3927  1-4 EEL =     5610.6413  RESTRAINT  =       42.7628
 EAMBER  =    -2629.9391


   NSTEP       ENERGY          RMS            GMAX         NAME    NUMBER
    200      -2.5979E+03     1.1769E-01     1.7906E+00     HG1       605

 BOND    =       31.0363  ANGLE   =      207.9064  DIHED      =     1077.0363
 VDWAALS =     -779.1533  EEL     =    -7448.2995  EGB        =    -1673.2273
 1-4 VDW =      330.9719  1-4 EEL =     5612.5902  RESTRAINT  =       43.2036
 EAMBER  =    -2641.1391


   NSTEP       ENERGY          RMS            GMAX         NAME    NUMBER
    300      -2.5984E+03     1.5169E-02     1.5167E-01     CG       1324

 BOND    =       30.9152  ANGLE   =      207.6773  DIHED      =     1076.7110
 VDWAALS =     -779.3595  EEL     =    -7448.4519  EGB        =    -1673.7591
 1-4 VDW =      331.4239  1-4 EEL =     5613.3577  RESTRAINT  =       43.1025
 EAMBER  =    -2641.4854


   NSTEP       ENERGY          RMS            GMAX         NAME    NUMBER
    400      -2.5984E+03     2.2196E-03     3.1243E-02     HB        599

 BOND    =       30.8968  ANGLE   =      207.6409  DIHED      =     1076.7490
 VDWAALS =     -779.4334  EEL     =    -7448.5538  EGB        =    -1673.8399
 1-4 VDW =      331.4874  1-4 EEL =     5613.5141  RESTRAINT  =       43.1393
 EAMBER  =    -2641.5389


   NSTEP       ENERGY          RMS            GMAX         NAME    NUMBER
    500      -2.5984E+03     1.1620E-03     1.3120E-02     HG21      601

 BOND    =       30.8974  ANGLE   =      207.6413  DIHED      =     1076.7600
 VDWAALS =     -779.4406  EEL     =    -7448.5805  EGB        =    -1673.8509
 1-4 VDW =      331.4892  1-4 EEL =     5613.5381  RESTRAINT  =       43.1450
 EAMBER  =    -2641.5459


   NSTEP       ENERGY          RMS            GMAX         NAME    NUMBER
    600      -2.5984E+03     1.1762E-03     1.9067E-02     CG       1324

 BOND    =       30.8976  ANGLE   =      207.6407  DIHED      =     1076.7629
 VDWAALS =     -779.4467  EEL     =    -7448.5889  EGB        =    -1673.8547
 1-4 VDW =      331.4902  1-4 EEL =     5613.5491  RESTRAINT  =       43.1486
 EAMBER  =    -2641.5498


   NSTEP       ENERGY          RMS            GMAX         NAME    NUMBER
    700      -2.5984E+03     1.8365E-04     2.4288E-03     HD13      332

 BOND    =       30.8969  ANGLE   =      207.6402  DIHED      =     1076.7630
 VDWAALS =     -779.4450  EEL     =    -7448.5884  EGB        =    -1673.8555
 1-4 VDW =      331.4920  1-4 EEL =     5613.5483  RESTRAINT  =       43.1474
 EAMBER  =    -2641.5485


                    FINAL RESULTS



   NSTEP       ENERGY          RMS            GMAX         NAME    NUMBER
    770      -2.5984E+03     9.2170E-05     1.5718E-03     HD13      332

 BOND    =       30.8968  ANGLE   =      207.6404  DIHED      =     1076.7633
 VDWAALS =     -779.4458  EEL     =    -7448.5897  EGB        =    -1673.8560
 1-4 VDW =      331.4922  1-4 EEL =     5613.5495  RESTRAINT  =       43.1480
 EAMBER  =    -2641.5492

--------------------------------------------------------------------------------
   5.  TIMINGS
--------------------------------------------------------------------------------

|                Calc gb radii             45.64 (20.08% of Gen B)
|                Calc gb diag              86.78 (38.17% of Gen B)
|                Calc gb off-diag          94.93 (41.75% of Gen B)
|             Gen Born time            227.35 (100.0% of Nonbo)
|          Nonbond force            227.35 (99.30% of Force)
|          Bond/Angle/Dihedral        1.59 ( 0.69% of Force)
|          Other                      0.01 ( 0.01% of Force)
|       Force time               228.95 (100.0% of Runmd)
|    Runmd Time               228.95 (99.69% of Total)
|    Other                      0.70 ( 0.31% of Total)
| Total time               229.65 (100.0% of ALL  )

| Number of list builds   :          0

| Highest rstack allocated:          0
| Highest istack allocated:          0
|           Job began  at 14:24:34.480  on 02/03/2016
|           Setup done at 14:24:34.562  on 02/03/2016
|           Run   done at 14:28:24.130  on 02/03/2016
|     wallclock() was called   13888 times
