
          -------------------------------------------------------
          Amber 14 SANDER                              2014
          -------------------------------------------------------

| Run on 02/03/2016 at 14:42:47

|   Executable path: sander
| Working directory: /lustre/cs1500/scratch/kmb413/RealDecoyDisc/DecoyDiscrimination/decoys.set2.init/1aaj/Rosetta_relaxed
|          Hostname: slepner1


File Assignments:
|  MDIN: /scratch/kmb413/RealDecoyDisc/DecoyDiscrimination/scripts/min/min.in  
| MDOUT: NoH_1_empty_tag_1_244_0001.out                                        
|INPCRD: NoH_1_empty_tag_1_244_0001.rst7                                       
|  PARM: NoH_1_empty_tag_1_244_0001.parm7                                      
|RESTRT: min_NoH_1_empty_tag_1_244_0001.rst7                                   
|  REFC: NoH_1_empty_tag_1_244_0001.rst7                                       
| MDVEL: mdvel                                                                 
| MDFRC: mdfrc                                                                 
|  MDEN: mden                                                                  
| MDCRD: mdcrd                                                                 
|MDINFO: mdinfo                                                                
|  MTMD: mtmd                                                                  
|INPDIP: inpdip                                                                
|RSTDIP: rstdip                                                                
|INPTRA: inptraj                                                               


 Here is the input file:

                                                                               
&cntrl                                                                         
    imin = 1, maxcyc=1000,                                                     
    ntx = 1,                                                                   
    ntwr = 100, ntpr = 100,                                                    
    cut = 999.0,                                                               
    ntb = 0, igb = 8,                                                          
    ntr = 1, restraint_wt = 10, restraintmask = "!@H=",                        
/                                                                              

--------------------------------------------------------------------------------
   1.  RESOURCE   USE: 
--------------------------------------------------------------------------------

| Flags:                                                                        
| New format PARM file being parsed.
| Version =    1.000 Date = 02/03/16 Time = 11:44:48
 NATOM  =    1590 NTYPES =      14 NBONH =     791 MBONA  =     820
 NTHETH =    1812 MTHETA =    1115 NPHIH =    3578 MPHIA  =    3525
 NHPARM =       0 NPARM  =       0 NNB   =    8805 NRES   =     104
 NBONA  =     820 NTHETA =    1115 NPHIA =    3525 NUMBND =      65
 NUMANG =     152 NPTRA  =     189 NATYP =      33 NPHB   =       0
 IFBOX  =       0 NMXRS  =      24 IFCAP =       0 NEXTRA =       0
 NCOPY  =       0

 Implicit solvent radii are ArgH and AspGluO modified Bondi2 radii (mbondi3)                                
 Replacing prmtop screening parameters with GBn2 (igb=8) values

|     Memory Use     Allocated
|     Real              145027
|     Hollerith           4876
|     Integer           109197
|     Max Pairs              1
|     nblistReal             0
|     nblist Int             0
|       Total             1578 kbytes

| Note: 1-4 EEL scale factors are being read from the topology file.

| Note: 1-4 VDW scale factors are being read from the topology file.
| Duplicated    0 dihedrals
| Duplicated    0 dihedrals

--------------------------------------------------------------------------------
   2.  CONTROL  DATA  FOR  THE  RUN
--------------------------------------------------------------------------------

default_name                                                                    

General flags:
     imin    =       1, nmropt  =       0

Nature and format of input:
     ntx     =       1, irest   =       0, ntrx    =       1

Nature and format of output:
     ntxo    =       1, ntpr    =     100, ntrx    =       1, ntwr    =     100
     iwrap   =       0, ntwx    =       0, ntwv    =       0, ntwe    =       0
     ioutfm  =       0, ntwprt  =       0, idecomp =       0, rbornstat=      0

Potential function:
     ntf     =       1, ntb     =       0, igb     =       8, nsnb    =      25
     ipol    =       0, gbsa    =       0, iesp    =       0
     dielc   =   1.00000, cut     = 999.00000, intdiel =   1.00000
     saltcon =   0.00000, offset  =   0.19514, surften =   0.00500
     rdt     =   0.00000, rgbmax  =  25.00000  extdiel =  78.50000
     alpb  =        0
     gbalphaH  =   0.78844, gbbetaH   =   0.79870,  gbgammaH  =    0.43733
     gbalphaC  =   0.73376, gbbetaC   =   0.50638,  gbgammaC  =    0.20584
     gbalphaN  =   0.50336, gbbetaN   =   0.31683,  gbgammaN  =    0.19292
     gbalphaOS =   0.86781, gbbetaOS  =   0.87664,  gbgammaOS =    0.38788
     gbalphaP  =   1.00000, gbbetaP   =   0.80000,  gbgammaP  =    4.85000
     gb_alpha_hnu  =   0.53705, gb_beta_hnu   =   0.36286,  gb_gamma_hnu  =    0.11670
     gb_alpha_cnu  =   0.33167, gb_beta_cnu   =   0.19684,  gb_gamma_cnu  =    0.09342
     gb_alpha_nnu  =   0.68631, gb_beta_nnu   =   0.46319,  gb_gamma_nnu  =    0.13872
     gb_alpha_onu  =   0.60634, gb_beta_onu   =   0.46301,  gb_gamma_onu  =    0.14226
     gb_alpha_pnu  =   0.41836, gb_beta_pnu   =   0.29005,  gb_gamma_pnu  =    0.10642

Frozen or restrained atoms:
     ibelly  =       0, ntr     =       1
     restraint_wt =  10.00000

Energy minimization:
     maxcyc  =    1000, ncyc    =      10, ntmin   =       1
     dx0     =   0.01000, drms    =   0.00010
|  INFO: Old style inpcrd file read


    LOADING THE CONSTRAINED ATOMS AS GROUPS


   5.  REFERENCE ATOM COORDINATES

  defa
     Mask !@H=; matches   799 atoms

--------------------------------------------------------------------------------
   3.  ATOMIC COORDINATES AND VELOCITIES
--------------------------------------------------------------------------------

default_name                                                                    
 begin time read from input coords =     0.000 ps

 Number of triangulated 3-point waters found:        0

--------------------------------------------------------------------------------
   4.  RESULTS
--------------------------------------------------------------------------------



   NSTEP       ENERGY          RMS            GMAX         NAME    NUMBER
      1      -2.2465E+03     9.0856E+00     6.2178E+01     OE1       730

 BOND    =       69.7173  ANGLE   =      211.3162  DIHED      =     1065.7385
 VDWAALS =     -683.9137  EEL     =    -7413.2070  EGB        =    -1634.9017
 1-4 VDW =      446.9174  1-4 EEL =     5691.8827  RESTRAINT  =        0.0000


   NSTEP       ENERGY          RMS            GMAX         NAME    NUMBER
    100      -2.6071E+03     6.1234E-01     6.4840E+00     HG1       635

 BOND    =       32.1905  ANGLE   =      209.6855  DIHED      =     1071.6363
 VDWAALS =     -822.0169  EEL     =    -7414.9749  EGB        =    -1653.9653
 1-4 VDW =      331.2356  1-4 EEL =     5595.2177  RESTRAINT  =       43.8819
 EAMBER  =    -2650.9915


   NSTEP       ENERGY          RMS            GMAX         NAME    NUMBER
    200      -2.6191E+03     6.3888E-02     9.3143E-01     H2          3

 BOND    =       31.1428  ANGLE   =      207.5377  DIHED      =     1068.6608
 VDWAALS =     -822.1136  EEL     =    -7420.4787  EGB        =    -1655.4898
 1-4 VDW =      333.7802  1-4 EEL =     5595.5727  RESTRAINT  =       42.2718
 EAMBER  =    -2661.3879


   NSTEP       ENERGY          RMS            GMAX         NAME    NUMBER
    300      -2.6207E+03     1.2615E-01     2.1820E+00     HG1      1389

 BOND    =       31.2760  ANGLE   =      207.6093  DIHED      =     1067.2406
 VDWAALS =     -822.3440  EEL     =    -7422.5499  EGB        =    -1654.1740
 1-4 VDW =      333.6604  1-4 EEL =     5596.1787  RESTRAINT  =       42.4155
 EAMBER  =    -2663.1030


   NSTEP       ENERGY          RMS            GMAX         NAME    NUMBER
    400      -2.6212E+03     1.2282E-02     1.4722E-01     HG1       635

 BOND    =       30.9648  ANGLE   =      207.1576  DIHED      =     1066.5845
 VDWAALS =     -822.1653  EEL     =    -7423.5384  EGB        =    -1653.4751
 1-4 VDW =      334.3155  1-4 EEL =     5596.9584  RESTRAINT  =       42.0230
 EAMBER  =    -2663.1979


   NSTEP       ENERGY          RMS            GMAX         NAME    NUMBER
    500      -2.6212E+03     1.3081E-02     1.8969E-01     CD2       659

 BOND    =       30.9545  ANGLE   =      207.1404  DIHED      =     1066.6119
 VDWAALS =     -822.2507  EEL     =    -7423.5847  EGB        =    -1653.4407
 1-4 VDW =      334.3350  1-4 EEL =     5596.9877  RESTRAINT  =       42.0598
 EAMBER  =    -2663.2466


   NSTEP       ENERGY          RMS            GMAX         NAME    NUMBER
    600      -2.6212E+03     9.4416E-03     8.3927E-02     CG       1396

 BOND    =       30.9546  ANGLE   =      207.1206  DIHED      =     1066.6364
 VDWAALS =     -822.3220  EEL     =    -7423.6085  EGB        =    -1653.4372
 1-4 VDW =      334.3635  1-4 EEL =     5597.0193  RESTRAINT  =       42.0798
 EAMBER  =    -2663.2732


   NSTEP       ENERGY          RMS            GMAX         NAME    NUMBER
    700      -2.6212E+03     1.8952E-02     2.4526E-01     CD        944

 BOND    =       30.9482  ANGLE   =      207.1117  DIHED      =     1066.6673
 VDWAALS =     -822.3862  EEL     =    -7423.6238  EGB        =    -1653.4300
 1-4 VDW =      334.3796  1-4 EEL =     5597.0334  RESTRAINT  =       42.1024
 EAMBER  =    -2663.3000


   NSTEP       ENERGY          RMS            GMAX         NAME    NUMBER
    800      -2.6212E+03     4.9981E-03     9.9535E-02     CD        944

 BOND    =       30.9452  ANGLE   =      207.1064  DIHED      =     1066.6971
 VDWAALS =     -822.4663  EEL     =    -7423.6509  EGB        =    -1653.4198
 1-4 VDW =      334.3934  1-4 EEL =     5597.0649  RESTRAINT  =       42.1297
 EAMBER  =    -2663.3301


   NSTEP       ENERGY          RMS            GMAX         NAME    NUMBER
    900      -2.6212E+03     4.8089E-04     1.2389E-02     HD11     1193

 BOND    =       30.9410  ANGLE   =      207.0948  DIHED      =     1066.6934
 VDWAALS =     -822.4589  EEL     =    -7423.6443  EGB        =    -1653.4203
 1-4 VDW =      334.4089  1-4 EEL =     5597.0705  RESTRAINT  =       42.1143
 EAMBER  =    -2663.3149

     ... RESTARTED DUE TO LINMIN FAILURE ...

     ... RESTARTED DUE TO LINMIN FAILURE ...


                    FINAL RESULTS



   NSTEP       ENERGY          RMS            GMAX         NAME    NUMBER
    973      -2.6212E+03     9.9439E-05     1.9558E-03     CG       1190

 BOND    =       30.9406  ANGLE   =      207.0932  DIHED      =     1066.7084
 VDWAALS =     -822.4963  EEL     =    -7423.6538  EGB        =    -1653.4175
 1-4 VDW =      334.4137  1-4 EEL =     5597.0842  RESTRAINT  =       42.1266
 EAMBER  =    -2663.3275

--------------------------------------------------------------------------------
   5.  TIMINGS
--------------------------------------------------------------------------------

|                Calc gb radii             58.37 (20.41% of Gen B)
|                Calc gb diag             108.42 (37.92% of Gen B)
|                Calc gb off-diag         119.13 (41.67% of Gen B)
|             Gen Born time            285.93 (100.0% of Nonbo)
|          Nonbond force            285.93 (99.30% of Force)
|          Bond/Angle/Dihedral        2.01 ( 0.70% of Force)
|          Other                      0.02 ( 0.01% of Force)
|       Force time               287.95 (100.0% of Runmd)
|    Runmd Time               287.95 (99.75% of Total)
|    Other                      0.72 ( 0.25% of Total)
| Total time               288.68 (100.0% of ALL  )

| Number of list builds   :          0

| Highest rstack allocated:          0
| Highest istack allocated:          0
|           Job began  at 14:42:47.458  on 02/03/2016
|           Setup done at 14:42:47.529  on 02/03/2016
|           Run   done at 14:47:36.139  on 02/03/2016
|     wallclock() was called   17542 times
