
          -------------------------------------------------------
          Amber 14 SANDER                              2014
          -------------------------------------------------------

| Run on 02/03/2016 at 14:25:40

|   Executable path: sander
| Working directory: /lustre/cs1500/scratch/kmb413/RealDecoyDisc/DecoyDiscrimination/decoys.set2.init/1aaj/Rosetta_relaxed
|          Hostname: slepner30


File Assignments:
|  MDIN: /scratch/kmb413/RealDecoyDisc/DecoyDiscrimination/scripts/min/min.in  
| MDOUT: NoH_2_empty_tag_541_0001_0001.out                                     
|INPCRD: NoH_2_empty_tag_541_0001_0001.rst7                                    
|  PARM: NoH_2_empty_tag_541_0001_0001.parm7                                   
|RESTRT: min_NoH_2_empty_tag_541_0001_0001.rst7                                
|  REFC: NoH_2_empty_tag_541_0001_0001.rst7                                    
| MDVEL: mdvel                                                                 
| MDFRC: mdfrc                                                                 
|  MDEN: mden                                                                  
| MDCRD: mdcrd                                                                 
|MDINFO: mdinfo                                                                
|  MTMD: mtmd                                                                  
|INPDIP: inpdip                                                                
|RSTDIP: rstdip                                                                
|INPTRA: inptraj                                                               


 Here is the input file:

                                                                               
&cntrl                                                                         
    imin = 1, maxcyc=1000,                                                     
    ntx = 1,                                                                   
    ntwr = 100, ntpr = 100,                                                    
    cut = 999.0,                                                               
    ntb = 0, igb = 8,                                                          
    ntr = 1, restraint_wt = 10, restraintmask = "!@H=",                        
/                                                                              

--------------------------------------------------------------------------------
   1.  RESOURCE   USE: 
--------------------------------------------------------------------------------

| Flags:                                                                        
| New format PARM file being parsed.
| Version =    1.000 Date = 02/03/16 Time = 11:48:11
 NATOM  =    1590 NTYPES =      14 NBONH =     791 MBONA  =     820
 NTHETH =    1812 MTHETA =    1115 NPHIH =    3578 MPHIA  =    3525
 NHPARM =       0 NPARM  =       0 NNB   =    8805 NRES   =     104
 NBONA  =     820 NTHETA =    1115 NPHIA =    3525 NUMBND =      65
 NUMANG =     152 NPTRA  =     189 NATYP =      33 NPHB   =       0
 IFBOX  =       0 NMXRS  =      24 IFCAP =       0 NEXTRA =       0
 NCOPY  =       0

 Implicit solvent radii are ArgH and AspGluO modified Bondi2 radii (mbondi3)                                
 Replacing prmtop screening parameters with GBn2 (igb=8) values

|     Memory Use     Allocated
|     Real              145027
|     Hollerith           4876
|     Integer           109197
|     Max Pairs              1
|     nblistReal             0
|     nblist Int             0
|       Total             1578 kbytes

| Note: 1-4 EEL scale factors are being read from the topology file.

| Note: 1-4 VDW scale factors are being read from the topology file.
| Duplicated    0 dihedrals
| Duplicated    0 dihedrals

--------------------------------------------------------------------------------
   2.  CONTROL  DATA  FOR  THE  RUN
--------------------------------------------------------------------------------

default_name                                                                    

General flags:
     imin    =       1, nmropt  =       0

Nature and format of input:
     ntx     =       1, irest   =       0, ntrx    =       1

Nature and format of output:
     ntxo    =       1, ntpr    =     100, ntrx    =       1, ntwr    =     100
     iwrap   =       0, ntwx    =       0, ntwv    =       0, ntwe    =       0
     ioutfm  =       0, ntwprt  =       0, idecomp =       0, rbornstat=      0

Potential function:
     ntf     =       1, ntb     =       0, igb     =       8, nsnb    =      25
     ipol    =       0, gbsa    =       0, iesp    =       0
     dielc   =   1.00000, cut     = 999.00000, intdiel =   1.00000
     saltcon =   0.00000, offset  =   0.19514, surften =   0.00500
     rdt     =   0.00000, rgbmax  =  25.00000  extdiel =  78.50000
     alpb  =        0
     gbalphaH  =   0.78844, gbbetaH   =   0.79870,  gbgammaH  =    0.43733
     gbalphaC  =   0.73376, gbbetaC   =   0.50638,  gbgammaC  =    0.20584
     gbalphaN  =   0.50336, gbbetaN   =   0.31683,  gbgammaN  =    0.19292
     gbalphaOS =   0.86781, gbbetaOS  =   0.87664,  gbgammaOS =    0.38788
     gbalphaP  =   1.00000, gbbetaP   =   0.80000,  gbgammaP  =    4.85000
     gb_alpha_hnu  =   0.53705, gb_beta_hnu   =   0.36286,  gb_gamma_hnu  =    0.11670
     gb_alpha_cnu  =   0.33167, gb_beta_cnu   =   0.19684,  gb_gamma_cnu  =    0.09342
     gb_alpha_nnu  =   0.68631, gb_beta_nnu   =   0.46319,  gb_gamma_nnu  =    0.13872
     gb_alpha_onu  =   0.60634, gb_beta_onu   =   0.46301,  gb_gamma_onu  =    0.14226
     gb_alpha_pnu  =   0.41836, gb_beta_pnu   =   0.29005,  gb_gamma_pnu  =    0.10642

Frozen or restrained atoms:
     ibelly  =       0, ntr     =       1
     restraint_wt =  10.00000

Energy minimization:
     maxcyc  =    1000, ncyc    =      10, ntmin   =       1
     dx0     =   0.01000, drms    =   0.00010
|  INFO: Old style inpcrd file read


    LOADING THE CONSTRAINED ATOMS AS GROUPS


   5.  REFERENCE ATOM COORDINATES

  defa
     Mask !@H=; matches   799 atoms

--------------------------------------------------------------------------------
   3.  ATOMIC COORDINATES AND VELOCITIES
--------------------------------------------------------------------------------

default_name                                                                    
 begin time read from input coords =     0.000 ps

 Number of triangulated 3-point waters found:        0

--------------------------------------------------------------------------------
   4.  RESULTS
--------------------------------------------------------------------------------



   NSTEP       ENERGY          RMS            GMAX         NAME    NUMBER
      1      -2.1509E+03     9.3127E+00     9.0981E+01     OXT      1590

 BOND    =       70.5762  ANGLE   =      211.5572  DIHED      =     1085.4719
 VDWAALS =     -632.7695  EEL     =    -7039.5253  EGB        =    -2011.0019
 1-4 VDW =      440.0573  1-4 EEL =     5724.7507  RESTRAINT  =        0.0000


   NSTEP       ENERGY          RMS            GMAX         NAME    NUMBER
    100      -2.5392E+03     2.7324E-01     3.4808E+00     CD       1585

 BOND    =       31.4346  ANGLE   =      209.1346  DIHED      =     1086.7385
 VDWAALS =     -794.4821  EEL     =    -7058.0810  EGB        =    -2026.7131
 1-4 VDW =      329.2255  1-4 EEL =     5636.5588  RESTRAINT  =       46.9617
 EAMBER  =    -2586.1842


   NSTEP       ENERGY          RMS            GMAX         NAME    NUMBER
    200      -2.5482E+03     2.9334E-01     3.4758E+00     CD       1585

 BOND    =       31.7159  ANGLE   =      210.5265  DIHED      =     1087.7574
 VDWAALS =     -797.3726  EEL     =    -7069.6575  EGB        =    -2024.1153
 1-4 VDW =      328.5504  1-4 EEL =     5635.2745  RESTRAINT  =       49.1238
 EAMBER  =    -2597.3207


   NSTEP       ENERGY          RMS            GMAX         NAME    NUMBER
    300      -2.5541E+03     8.3991E-02     8.8881E-01     HB         40

 BOND    =       31.4475  ANGLE   =      209.7561  DIHED      =     1085.3302
 VDWAALS =     -797.2779  EEL     =    -7074.4417  EGB        =    -2023.6373
 1-4 VDW =      329.2003  1-4 EEL =     5637.2679  RESTRAINT  =       48.3037
 EAMBER  =    -2602.3549


   NSTEP       ENERGY          RMS            GMAX         NAME    NUMBER
    400      -2.5542E+03     1.5336E-02     2.4206E-01     HG21       42

 BOND    =       31.3385  ANGLE   =      209.4926  DIHED      =     1085.2984
 VDWAALS =     -797.3281  EEL     =    -7074.5351  EGB        =    -2023.6188
 1-4 VDW =      329.4859  1-4 EEL =     5637.5026  RESTRAINT  =       48.2052
 EAMBER  =    -2602.3640


   NSTEP       ENERGY          RMS            GMAX         NAME    NUMBER
    500      -2.5542E+03     1.0340E-02     1.1147E-01     CB          7

 BOND    =       31.3284  ANGLE   =      209.4789  DIHED      =     1085.3104
 VDWAALS =     -797.3803  EEL     =    -7074.5782  EGB        =    -2023.6030
 1-4 VDW =      329.5255  1-4 EEL =     5637.5395  RESTRAINT  =       48.2121
 EAMBER  =    -2602.3787


   NSTEP       ENERGY          RMS            GMAX         NAME    NUMBER
    600      -2.5542E+03     3.0471E-03     4.1357E-02     HG21       42

 BOND    =       31.3241  ANGLE   =      209.4610  DIHED      =     1085.3084
 VDWAALS =     -797.3756  EEL     =    -7074.5734  EGB        =    -2023.6074
 1-4 VDW =      329.5410  1-4 EEL =     5637.5489  RESTRAINT  =       48.2043
 EAMBER  =    -2602.3730


   NSTEP       ENERGY          RMS            GMAX         NAME    NUMBER
    700      -2.5542E+03     3.0842E-03     4.2926E-02     CB         39

 BOND    =       31.3204  ANGLE   =      209.4537  DIHED      =     1085.3090
 VDWAALS =     -797.3798  EEL     =    -7074.5885  EGB        =    -2023.5988
 1-4 VDW =      329.5545  1-4 EEL =     5637.5578  RESTRAINT  =       48.2021
 EAMBER  =    -2602.3718

     ... RESTARTED DUE TO LINMIN FAILURE ...


   NSTEP       ENERGY          RMS            GMAX         NAME    NUMBER
    800      -2.5542E+03     2.0311E-03     3.9735E-02     CB         39

 BOND    =       31.3146  ANGLE   =      209.4402  DIHED      =     1085.3075
 VDWAALS =     -797.3652  EEL     =    -7074.5739  EGB        =    -2023.6053
 1-4 VDW =      329.5696  1-4 EEL =     5637.5537  RESTRAINT  =       48.1889
 EAMBER  =    -2602.3587


   NSTEP       ENERGY          RMS            GMAX         NAME    NUMBER
    900      -2.5542E+03     1.1504E-03     1.6907E-02     CG        589

 BOND    =       31.3158  ANGLE   =      209.4454  DIHED      =     1085.3082
 VDWAALS =     -797.3735  EEL     =    -7074.5854  EGB        =    -2023.5985
 1-4 VDW =      329.5659  1-4 EEL =     5637.5572  RESTRAINT  =       48.1949
 EAMBER  =    -2602.3649


   NSTEP       ENERGY          RMS            GMAX         NAME    NUMBER
   1000      -2.5542E+03     4.1420E-04     6.5963E-03     HG2       545

 BOND    =       31.3172  ANGLE   =      209.4468  DIHED      =     1085.3083
 VDWAALS =     -797.3779  EEL     =    -7074.5886  EGB        =    -2023.5958
 1-4 VDW =      329.5652  1-4 EEL =     5637.5573  RESTRAINT  =       48.1975
 EAMBER  =    -2602.3675


  Maximum number of minimization cycles reached.


                    FINAL RESULTS



   NSTEP       ENERGY          RMS            GMAX         NAME    NUMBER
   1000      -2.5542E+03     4.1420E-04     6.5963E-03     HG2       545

 BOND    =       31.3172  ANGLE   =      209.4468  DIHED      =     1085.3083
 VDWAALS =     -797.3779  EEL     =    -7074.5886  EGB        =    -2023.5958
 1-4 VDW =      329.5652  1-4 EEL =     5637.5573  RESTRAINT  =       48.1975
 EAMBER  =    -2602.3675

--------------------------------------------------------------------------------
   5.  TIMINGS
--------------------------------------------------------------------------------

|                Calc gb radii             58.03 (20.20% of Gen B)
|                Calc gb diag             107.30 (37.34% of Gen B)
|                Calc gb off-diag         122.02 (42.46% of Gen B)
|             Gen Born time            287.35 (100.0% of Nonbo)
|          Nonbond force            287.35 (99.28% of Force)
|          Bond/Angle/Dihedral        2.07 ( 0.72% of Force)
|          Other                      0.02 ( 0.01% of Force)
|       Force time               289.44 (100.0% of Runmd)
|    Runmd Time               289.44 (99.72% of Total)
|    Other                      0.82 ( 0.28% of Total)
| Total time               290.26 (100.0% of ALL  )

| Number of list builds   :          0

| Highest rstack allocated:          0
| Highest istack allocated:          0
|           Job began  at 14:25:40.618  on 02/03/2016
|           Setup done at 14:25:40.670  on 02/03/2016
|           Run   done at 14:30:30.881  on 02/03/2016
|     wallclock() was called   18028 times
