
          -------------------------------------------------------
          Amber 14 SANDER                              2014
          -------------------------------------------------------

| Run on 02/03/2016 at 13:10:10

|   Executable path: sander
| Working directory: /lustre/cs1500/scratch/kmb413/RealDecoyDisc/DecoyDiscrimination/decoys.set2.init/1aaj/Rosetta_relaxed
|          Hostname: slepner13


File Assignments:
|  MDIN: /scratch/kmb413/RealDecoyDisc/DecoyDiscrimination/scripts/min/min.in  
| MDOUT: NoH_2_empty_tag_1072_0001_0001.out                                    
|INPCRD: NoH_2_empty_tag_1072_0001_0001.rst7                                   
|  PARM: NoH_2_empty_tag_1072_0001_0001.parm7                                  
|RESTRT: min_NoH_2_empty_tag_1072_0001_0001.rst7                               
|  REFC: NoH_2_empty_tag_1072_0001_0001.rst7                                   
| MDVEL: mdvel                                                                 
| MDFRC: mdfrc                                                                 
|  MDEN: mden                                                                  
| MDCRD: mdcrd                                                                 
|MDINFO: mdinfo                                                                
|  MTMD: mtmd                                                                  
|INPDIP: inpdip                                                                
|RSTDIP: rstdip                                                                
|INPTRA: inptraj                                                               


 Here is the input file:

                                                                               
&cntrl                                                                         
    imin = 1, maxcyc=1000,                                                     
    ntx = 1,                                                                   
    ntwr = 100, ntpr = 100,                                                    
    cut = 999.0,                                                               
    ntb = 0, igb = 8,                                                          
    ntr = 1, restraint_wt = 10, restraintmask = "!@H=",                        
/                                                                              

--------------------------------------------------------------------------------
   1.  RESOURCE   USE: 
--------------------------------------------------------------------------------

| Flags:                                                                        
| New format PARM file being parsed.
| Version =    1.000 Date = 02/03/16 Time = 11:46:22
 NATOM  =    1590 NTYPES =      14 NBONH =     791 MBONA  =     820
 NTHETH =    1812 MTHETA =    1115 NPHIH =    3578 MPHIA  =    3525
 NHPARM =       0 NPARM  =       0 NNB   =    8805 NRES   =     104
 NBONA  =     820 NTHETA =    1115 NPHIA =    3525 NUMBND =      65
 NUMANG =     152 NPTRA  =     189 NATYP =      33 NPHB   =       0
 IFBOX  =       0 NMXRS  =      24 IFCAP =       0 NEXTRA =       0
 NCOPY  =       0

 Implicit solvent radii are ArgH and AspGluO modified Bondi2 radii (mbondi3)                                
 Replacing prmtop screening parameters with GBn2 (igb=8) values

|     Memory Use     Allocated
|     Real              145027
|     Hollerith           4876
|     Integer           109197
|     Max Pairs              1
|     nblistReal             0
|     nblist Int             0
|       Total             1578 kbytes

| Note: 1-4 EEL scale factors are being read from the topology file.

| Note: 1-4 VDW scale factors are being read from the topology file.
| Duplicated    0 dihedrals
| Duplicated    0 dihedrals

--------------------------------------------------------------------------------
   2.  CONTROL  DATA  FOR  THE  RUN
--------------------------------------------------------------------------------

default_name                                                                    

General flags:
     imin    =       1, nmropt  =       0

Nature and format of input:
     ntx     =       1, irest   =       0, ntrx    =       1

Nature and format of output:
     ntxo    =       1, ntpr    =     100, ntrx    =       1, ntwr    =     100
     iwrap   =       0, ntwx    =       0, ntwv    =       0, ntwe    =       0
     ioutfm  =       0, ntwprt  =       0, idecomp =       0, rbornstat=      0

Potential function:
     ntf     =       1, ntb     =       0, igb     =       8, nsnb    =      25
     ipol    =       0, gbsa    =       0, iesp    =       0
     dielc   =   1.00000, cut     = 999.00000, intdiel =   1.00000
     saltcon =   0.00000, offset  =   0.19514, surften =   0.00500
     rdt     =   0.00000, rgbmax  =  25.00000  extdiel =  78.50000
     alpb  =        0
     gbalphaH  =   0.78844, gbbetaH   =   0.79870,  gbgammaH  =    0.43733
     gbalphaC  =   0.73376, gbbetaC   =   0.50638,  gbgammaC  =    0.20584
     gbalphaN  =   0.50336, gbbetaN   =   0.31683,  gbgammaN  =    0.19292
     gbalphaOS =   0.86781, gbbetaOS  =   0.87664,  gbgammaOS =    0.38788
     gbalphaP  =   1.00000, gbbetaP   =   0.80000,  gbgammaP  =    4.85000
     gb_alpha_hnu  =   0.53705, gb_beta_hnu   =   0.36286,  gb_gamma_hnu  =    0.11670
     gb_alpha_cnu  =   0.33167, gb_beta_cnu   =   0.19684,  gb_gamma_cnu  =    0.09342
     gb_alpha_nnu  =   0.68631, gb_beta_nnu   =   0.46319,  gb_gamma_nnu  =    0.13872
     gb_alpha_onu  =   0.60634, gb_beta_onu   =   0.46301,  gb_gamma_onu  =    0.14226
     gb_alpha_pnu  =   0.41836, gb_beta_pnu   =   0.29005,  gb_gamma_pnu  =    0.10642

Frozen or restrained atoms:
     ibelly  =       0, ntr     =       1
     restraint_wt =  10.00000

Energy minimization:
     maxcyc  =    1000, ncyc    =      10, ntmin   =       1
     dx0     =   0.01000, drms    =   0.00010
|  INFO: Old style inpcrd file read


    LOADING THE CONSTRAINED ATOMS AS GROUPS


   5.  REFERENCE ATOM COORDINATES

  defa
     Mask !@H=; matches   799 atoms

--------------------------------------------------------------------------------
   3.  ATOMIC COORDINATES AND VELOCITIES
--------------------------------------------------------------------------------

default_name                                                                    
 begin time read from input coords =     0.000 ps

 Number of triangulated 3-point waters found:        0

--------------------------------------------------------------------------------
   4.  RESULTS
--------------------------------------------------------------------------------



   NSTEP       ENERGY          RMS            GMAX         NAME    NUMBER
      1      -2.2187E+03     9.1389E+00     5.8751E+01     OXT      1590

 BOND    =       69.5674  ANGLE   =      211.2154  DIHED      =     1078.1067
 VDWAALS =     -639.9192  EEL     =    -7249.5722  EGB        =    -1843.5750
 1-4 VDW =      444.7826  1-4 EEL =     5710.6688  RESTRAINT  =        0.0000


   NSTEP       ENERGY          RMS            GMAX         NAME    NUMBER
    100      -2.5828E+03     4.2219E-01     4.2239E+00     HG1        46

 BOND    =       31.8417  ANGLE   =      207.9770  DIHED      =     1083.8905
 VDWAALS =     -786.7894  EEL     =    -7253.7547  EGB        =    -1864.2099
 1-4 VDW =      331.4356  1-4 EEL =     5623.7602  RESTRAINT  =       43.0006
 EAMBER  =    -2625.8491


   NSTEP       ENERGY          RMS            GMAX         NAME    NUMBER
    200      -2.5940E+03     2.1644E-01     2.4907E+00     H2          3

 BOND    =       31.6481  ANGLE   =      208.0721  DIHED      =     1079.9984
 VDWAALS =     -790.3743  EEL     =    -7266.0085  EGB        =    -1858.8654
 1-4 VDW =      331.8708  1-4 EEL =     5625.2227  RESTRAINT  =       44.4509
 EAMBER  =    -2638.4361


   NSTEP       ENERGY          RMS            GMAX         NAME    NUMBER
    300      -2.5958E+03     1.7539E-02     3.3835E-01     CD        729

 BOND    =       31.1554  ANGLE   =      206.8032  DIHED      =     1078.8536
 VDWAALS =     -790.5101  EEL     =    -7265.5288  EGB        =    -1859.6544
 1-4 VDW =      333.1127  1-4 EEL =     5625.7970  RESTRAINT  =       44.1868
 EAMBER  =    -2639.9715


   NSTEP       ENERGY          RMS            GMAX         NAME    NUMBER
    400      -2.6001E+03     1.8102E-01     4.4395E+00     OG1       604

 BOND    =       31.2946  ANGLE   =      207.5232  DIHED      =     1078.6394
 VDWAALS =     -790.4223  EEL     =    -7269.1349  EGB        =    -1861.0912
 1-4 VDW =      333.1379  1-4 EEL =     5625.5494  RESTRAINT  =       44.3590
 EAMBER  =    -2644.5038


   NSTEP       ENERGY          RMS            GMAX         NAME    NUMBER
    500      -2.6011E+03     6.9259E-03     1.0147E-01     HB        599

 BOND    =       31.2212  ANGLE   =      206.9435  DIHED      =     1078.3075
 VDWAALS =     -789.4332  EEL     =    -7270.2040  EGB        =    -1861.4090
 1-4 VDW =      333.2636  1-4 EEL =     5626.3945  RESTRAINT  =       43.7887
 EAMBER  =    -2644.9160


   NSTEP       ENERGY          RMS            GMAX         NAME    NUMBER
    600      -2.6011E+03     1.2697E-03     2.4575E-02     CD       1585

 BOND    =       31.2150  ANGLE   =      206.9205  DIHED      =     1078.3261
 VDWAALS =     -789.4257  EEL     =    -7270.1752  EGB        =    -1861.4877
 1-4 VDW =      333.2828  1-4 EEL =     5626.4395  RESTRAINT  =       43.7746
 EAMBER  =    -2644.9047


   NSTEP       ENERGY          RMS            GMAX         NAME    NUMBER
    700      -2.6011E+03     3.2610E-04     4.9109E-03     HG22      602

 BOND    =       31.2135  ANGLE   =      206.9174  DIHED      =     1078.3292
 VDWAALS =     -789.4244  EEL     =    -7270.1676  EGB        =    -1861.5019
 1-4 VDW =      333.2892  1-4 EEL =     5626.4434  RESTRAINT  =       43.7708
 EAMBER  =    -2644.9011


   NSTEP       ENERGY          RMS            GMAX         NAME    NUMBER
    800      -2.6011E+03     1.8923E-04     2.1583E-03     CA        610

 BOND    =       31.2135  ANGLE   =      206.9172  DIHED      =     1078.3300
 VDWAALS =     -789.4255  EEL     =    -7270.1658  EGB        =    -1861.5044
 1-4 VDW =      333.2898  1-4 EEL =     5626.4438  RESTRAINT  =       43.7710
 EAMBER  =    -2644.9013


                    FINAL RESULTS



   NSTEP       ENERGY          RMS            GMAX         NAME    NUMBER
    823      -2.6011E+03     9.6270E-05     1.2277E-03     OG1       604

 BOND    =       31.2135  ANGLE   =      206.9172  DIHED      =     1078.3301
 VDWAALS =     -789.4257  EEL     =    -7270.1654  EGB        =    -1861.5048
 1-4 VDW =      333.2899  1-4 EEL =     5626.4439  RESTRAINT  =       43.7711
 EAMBER  =    -2644.9014

--------------------------------------------------------------------------------
   5.  TIMINGS
--------------------------------------------------------------------------------

|                Calc gb radii             48.45 (20.36% of Gen B)
|                Calc gb diag              89.20 (37.49% of Gen B)
|                Calc gb off-diag         100.26 (42.14% of Gen B)
|             Gen Born time            237.91 (100.0% of Nonbo)
|          Nonbond force            237.91 (99.28% of Force)
|          Bond/Angle/Dihedral        1.72 ( 0.72% of Force)
|          Other                      0.01 ( 0.01% of Force)
|       Force time               239.65 (100.0% of Runmd)
|    Runmd Time               239.65 (99.68% of Total)
|    Other                      0.76 ( 0.32% of Total)
| Total time               240.41 (100.0% of ALL  )

| Number of list builds   :          0

| Highest rstack allocated:          0
| Highest istack allocated:          0
|           Job began  at 13:10:10.846  on 02/03/2016
|           Setup done at 13:10:10.898  on 02/03/2016
|           Run   done at 13:14:11.258  on 02/03/2016
|     wallclock() was called   14842 times
