
          -------------------------------------------------------
          Amber 14 SANDER                              2014
          -------------------------------------------------------

| Run on 02/03/2016 at 14:42:08

|   Executable path: sander
| Working directory: /lustre/cs1500/scratch/kmb413/RealDecoyDisc/DecoyDiscrimination/decoys.set2.init/1aaj/Rosetta_relaxed
|          Hostname: slepner15


File Assignments:
|  MDIN: /scratch/kmb413/RealDecoyDisc/DecoyDiscrimination/scripts/min/min.in  
| MDOUT: NoH_2_empty_tag_1_703_0001.out                                        
|INPCRD: NoH_2_empty_tag_1_703_0001.rst7                                       
|  PARM: NoH_2_empty_tag_1_703_0001.parm7                                      
|RESTRT: min_NoH_2_empty_tag_1_703_0001.rst7                                   
|  REFC: NoH_2_empty_tag_1_703_0001.rst7                                       
| MDVEL: mdvel                                                                 
| MDFRC: mdfrc                                                                 
|  MDEN: mden                                                                  
| MDCRD: mdcrd                                                                 
|MDINFO: mdinfo                                                                
|  MTMD: mtmd                                                                  
|INPDIP: inpdip                                                                
|RSTDIP: rstdip                                                                
|INPTRA: inptraj                                                               


 Here is the input file:

                                                                               
&cntrl                                                                         
    imin = 1, maxcyc=1000,                                                     
    ntx = 1,                                                                   
    ntwr = 100, ntpr = 100,                                                    
    cut = 999.0,                                                               
    ntb = 0, igb = 8,                                                          
    ntr = 1, restraint_wt = 10, restraintmask = "!@H=",                        
/                                                                              

--------------------------------------------------------------------------------
   1.  RESOURCE   USE: 
--------------------------------------------------------------------------------

| Flags:                                                                        
| New format PARM file being parsed.
| Version =    1.000 Date = 02/03/16 Time = 11:47:29
 NATOM  =    1590 NTYPES =      14 NBONH =     791 MBONA  =     820
 NTHETH =    1812 MTHETA =    1115 NPHIH =    3578 MPHIA  =    3525
 NHPARM =       0 NPARM  =       0 NNB   =    8805 NRES   =     104
 NBONA  =     820 NTHETA =    1115 NPHIA =    3525 NUMBND =      65
 NUMANG =     152 NPTRA  =     189 NATYP =      33 NPHB   =       0
 IFBOX  =       0 NMXRS  =      24 IFCAP =       0 NEXTRA =       0
 NCOPY  =       0

 Implicit solvent radii are ArgH and AspGluO modified Bondi2 radii (mbondi3)                                
 Replacing prmtop screening parameters with GBn2 (igb=8) values

|     Memory Use     Allocated
|     Real              145027
|     Hollerith           4876
|     Integer           109197
|     Max Pairs              1
|     nblistReal             0
|     nblist Int             0
|       Total             1578 kbytes

| Note: 1-4 EEL scale factors are being read from the topology file.

| Note: 1-4 VDW scale factors are being read from the topology file.
| Duplicated    0 dihedrals
| Duplicated    0 dihedrals

--------------------------------------------------------------------------------
   2.  CONTROL  DATA  FOR  THE  RUN
--------------------------------------------------------------------------------

default_name                                                                    

General flags:
     imin    =       1, nmropt  =       0

Nature and format of input:
     ntx     =       1, irest   =       0, ntrx    =       1

Nature and format of output:
     ntxo    =       1, ntpr    =     100, ntrx    =       1, ntwr    =     100
     iwrap   =       0, ntwx    =       0, ntwv    =       0, ntwe    =       0
     ioutfm  =       0, ntwprt  =       0, idecomp =       0, rbornstat=      0

Potential function:
     ntf     =       1, ntb     =       0, igb     =       8, nsnb    =      25
     ipol    =       0, gbsa    =       0, iesp    =       0
     dielc   =   1.00000, cut     = 999.00000, intdiel =   1.00000
     saltcon =   0.00000, offset  =   0.19514, surften =   0.00500
     rdt     =   0.00000, rgbmax  =  25.00000  extdiel =  78.50000
     alpb  =        0
     gbalphaH  =   0.78844, gbbetaH   =   0.79870,  gbgammaH  =    0.43733
     gbalphaC  =   0.73376, gbbetaC   =   0.50638,  gbgammaC  =    0.20584
     gbalphaN  =   0.50336, gbbetaN   =   0.31683,  gbgammaN  =    0.19292
     gbalphaOS =   0.86781, gbbetaOS  =   0.87664,  gbgammaOS =    0.38788
     gbalphaP  =   1.00000, gbbetaP   =   0.80000,  gbgammaP  =    4.85000
     gb_alpha_hnu  =   0.53705, gb_beta_hnu   =   0.36286,  gb_gamma_hnu  =    0.11670
     gb_alpha_cnu  =   0.33167, gb_beta_cnu   =   0.19684,  gb_gamma_cnu  =    0.09342
     gb_alpha_nnu  =   0.68631, gb_beta_nnu   =   0.46319,  gb_gamma_nnu  =    0.13872
     gb_alpha_onu  =   0.60634, gb_beta_onu   =   0.46301,  gb_gamma_onu  =    0.14226
     gb_alpha_pnu  =   0.41836, gb_beta_pnu   =   0.29005,  gb_gamma_pnu  =    0.10642

Frozen or restrained atoms:
     ibelly  =       0, ntr     =       1
     restraint_wt =  10.00000

Energy minimization:
     maxcyc  =    1000, ncyc    =      10, ntmin   =       1
     dx0     =   0.01000, drms    =   0.00010
|  INFO: Old style inpcrd file read


    LOADING THE CONSTRAINED ATOMS AS GROUPS


   5.  REFERENCE ATOM COORDINATES

  defa
     Mask !@H=; matches   799 atoms

--------------------------------------------------------------------------------
   3.  ATOMIC COORDINATES AND VELOCITIES
--------------------------------------------------------------------------------

default_name                                                                    
 begin time read from input coords =     0.000 ps

 Number of triangulated 3-point waters found:        0

--------------------------------------------------------------------------------
   4.  RESULTS
--------------------------------------------------------------------------------



   NSTEP       ENERGY          RMS            GMAX         NAME    NUMBER
      1      -2.2098E+03     9.1579E+00     6.1161E+01     OE1       104

 BOND    =       70.2153  ANGLE   =      211.9569  DIHED      =     1089.1512
 VDWAALS =     -650.7946  EEL     =    -7004.8817  EGB        =    -2081.3375
 1-4 VDW =      439.8971  1-4 EEL =     5715.9501  RESTRAINT  =        0.0000


   NSTEP       ENERGY          RMS            GMAX         NAME    NUMBER
    100      -2.5870E+03     3.6491E-01     4.3644E+00     CG        589

 BOND    =       30.1190  ANGLE   =      205.4923  DIHED      =     1092.1520
 VDWAALS =     -794.8583  EEL     =    -7014.9889  EGB        =    -2110.2077
 1-4 VDW =      330.5269  1-4 EEL =     5632.5811  RESTRAINT  =       42.1514
 EAMBER  =    -2629.1836


   NSTEP       ENERGY          RMS            GMAX         NAME    NUMBER
    200      -2.5939E+03     1.7004E-01     1.9746E+00     CG        589

 BOND    =       30.1503  ANGLE   =      205.8585  DIHED      =     1090.6587
 VDWAALS =     -797.6872  EEL     =    -7020.7160  EGB        =    -2107.9868
 1-4 VDW =      330.0532  1-4 EEL =     5631.8113  RESTRAINT  =       43.9160
 EAMBER  =    -2637.8580


   NSTEP       ENERGY          RMS            GMAX         NAME    NUMBER
    300      -2.6059E+03     3.0537E-01     3.7520E+00     HG1       635

 BOND    =       30.2700  ANGLE   =      206.3779  DIHED      =     1089.0437
 VDWAALS =     -797.1240  EEL     =    -7028.9185  EGB        =    -2110.0171
 1-4 VDW =      329.8832  1-4 EEL =     5630.8827  RESTRAINT  =       43.7414
 EAMBER  =    -2649.6020


   NSTEP       ENERGY          RMS            GMAX         NAME    NUMBER
    400      -2.6068E+03     1.1900E-02     1.3676E-01     OG1       634

 BOND    =       29.9399  ANGLE   =      205.3344  DIHED      =     1088.3172
 VDWAALS =     -796.0717  EEL     =    -7030.2560  EGB        =    -2110.5578
 1-4 VDW =      330.9369  1-4 EEL =     5632.6450  RESTRAINT  =       42.9418
 EAMBER  =    -2649.7121


   NSTEP       ENERGY          RMS            GMAX         NAME    NUMBER
    500      -2.6068E+03     9.8653E-03     1.5049E-01     CD       1119

 BOND    =       29.9231  ANGLE   =      205.2831  DIHED      =     1088.3551
 VDWAALS =     -796.0699  EEL     =    -7030.2080  EGB        =    -2110.6864
 1-4 VDW =      331.0057  1-4 EEL =     5632.7156  RESTRAINT  =       42.9070
 EAMBER  =    -2649.6818


   NSTEP       ENERGY          RMS            GMAX         NAME    NUMBER
    600      -2.6068E+03     8.9925E-04     1.1570E-02     CG        589

 BOND    =       29.9203  ANGLE   =      205.2783  DIHED      =     1088.3532
 VDWAALS =     -796.0643  EEL     =    -7030.2181  EGB        =    -2110.6868
 1-4 VDW =      331.0116  1-4 EEL =     5632.7277  RESTRAINT  =       42.9029
 EAMBER  =    -2649.6781


   NSTEP       ENERGY          RMS            GMAX         NAME    NUMBER
    700      -2.6068E+03     3.0574E-04     3.8375E-03     HG13      328

 BOND    =       29.9207  ANGLE   =      205.2783  DIHED      =     1088.3533
 VDWAALS =     -796.0655  EEL     =    -7030.2193  EGB        =    -2110.6870
 1-4 VDW =      331.0119  1-4 EEL =     5632.7287  RESTRAINT  =       42.9036
 EAMBER  =    -2649.6789


   NSTEP       ENERGY          RMS            GMAX         NAME    NUMBER
    800      -2.6068E+03     1.6995E-04     2.5400E-03     HG13      328

 BOND    =       29.9206  ANGLE   =      205.2785  DIHED      =     1088.3533
 VDWAALS =     -796.0664  EEL     =    -7030.2201  EGB        =    -2110.6869
 1-4 VDW =      331.0121  1-4 EEL =     5632.7295  RESTRAINT  =       42.9040
 EAMBER  =    -2649.6794


                    FINAL RESULTS



   NSTEP       ENERGY          RMS            GMAX         NAME    NUMBER
    875      -2.6068E+03     8.5162E-05     1.8372E-03     HD11      330

 BOND    =       29.9207  ANGLE   =      205.2785  DIHED      =     1088.3532
 VDWAALS =     -796.0670  EEL     =    -7030.2207  EGB        =    -2110.6867
 1-4 VDW =      331.0122  1-4 EEL =     5632.7300  RESTRAINT  =       42.9044
 EAMBER  =    -2649.6797

--------------------------------------------------------------------------------
   5.  TIMINGS
--------------------------------------------------------------------------------

|                Calc gb radii             51.85 (20.33% of Gen B)
|                Calc gb diag              96.10 (37.68% of Gen B)
|                Calc gb off-diag         107.07 (41.98% of Gen B)
|             Gen Born time            255.01 (100.0% of Nonbo)
|          Nonbond force            255.02 (99.29% of Force)
|          Bond/Angle/Dihedral        1.80 ( 0.70% of Force)
|       Force time               256.83 (100.0% of Runmd)
|    Runmd Time               256.83 (99.69% of Total)
|    Other                      0.80 ( 0.31% of Total)
| Total time               257.63 (100.0% of ALL  )

| Number of list builds   :          0

| Highest rstack allocated:          0
| Highest istack allocated:          0
|           Job began  at 14:42:08.000  on 02/03/2016
|           Setup done at 14:42:08.051  on 02/03/2016
|           Run   done at 14:46:25.630  on 02/03/2016
|     wallclock() was called   15778 times
