
          -------------------------------------------------------
          Amber 14 SANDER                              2014
          -------------------------------------------------------

| Run on 02/03/2016 at 12:53:38

|   Executable path: sander
| Working directory: /lustre/cs1500/scratch/kmb413/RealDecoyDisc/DecoyDiscrimination/decoys.set2.init/1aaj/Rosetta_relaxed
|          Hostname: slepner7


File Assignments:
|  MDIN: /scratch/kmb413/RealDecoyDisc/DecoyDiscrimination/scripts/min/min.in  
| MDOUT: NoH_1_empty_tag_1_973_0001.out                                        
|INPCRD: NoH_1_empty_tag_1_973_0001.rst7                                       
|  PARM: NoH_1_empty_tag_1_973_0001.parm7                                      
|RESTRT: min_NoH_1_empty_tag_1_973_0001.rst7                                   
|  REFC: NoH_1_empty_tag_1_973_0001.rst7                                       
| MDVEL: mdvel                                                                 
| MDFRC: mdfrc                                                                 
|  MDEN: mden                                                                  
| MDCRD: mdcrd                                                                 
|MDINFO: mdinfo                                                                
|  MTMD: mtmd                                                                  
|INPDIP: inpdip                                                                
|RSTDIP: rstdip                                                                
|INPTRA: inptraj                                                               


 Here is the input file:

                                                                               
&cntrl                                                                         
    imin = 1, maxcyc=1000,                                                     
    ntx = 1,                                                                   
    ntwr = 100, ntpr = 100,                                                    
    cut = 999.0,                                                               
    ntb = 0, igb = 8,                                                          
    ntr = 1, restraint_wt = 10, restraintmask = "!@H=",                        
/                                                                              

--------------------------------------------------------------------------------
   1.  RESOURCE   USE: 
--------------------------------------------------------------------------------

| Flags:                                                                        
| New format PARM file being parsed.
| Version =    1.000 Date = 02/03/16 Time = 11:45:38
 NATOM  =    1590 NTYPES =      14 NBONH =     791 MBONA  =     820
 NTHETH =    1812 MTHETA =    1115 NPHIH =    3578 MPHIA  =    3525
 NHPARM =       0 NPARM  =       0 NNB   =    8805 NRES   =     104
 NBONA  =     820 NTHETA =    1115 NPHIA =    3525 NUMBND =      65
 NUMANG =     152 NPTRA  =     189 NATYP =      33 NPHB   =       0
 IFBOX  =       0 NMXRS  =      24 IFCAP =       0 NEXTRA =       0
 NCOPY  =       0

 Implicit solvent radii are ArgH and AspGluO modified Bondi2 radii (mbondi3)                                
 Replacing prmtop screening parameters with GBn2 (igb=8) values

|     Memory Use     Allocated
|     Real              145027
|     Hollerith           4876
|     Integer           109197
|     Max Pairs              1
|     nblistReal             0
|     nblist Int             0
|       Total             1578 kbytes

| Note: 1-4 EEL scale factors are being read from the topology file.

| Note: 1-4 VDW scale factors are being read from the topology file.
| Duplicated    0 dihedrals
| Duplicated    0 dihedrals

--------------------------------------------------------------------------------
   2.  CONTROL  DATA  FOR  THE  RUN
--------------------------------------------------------------------------------

default_name                                                                    

General flags:
     imin    =       1, nmropt  =       0

Nature and format of input:
     ntx     =       1, irest   =       0, ntrx    =       1

Nature and format of output:
     ntxo    =       1, ntpr    =     100, ntrx    =       1, ntwr    =     100
     iwrap   =       0, ntwx    =       0, ntwv    =       0, ntwe    =       0
     ioutfm  =       0, ntwprt  =       0, idecomp =       0, rbornstat=      0

Potential function:
     ntf     =       1, ntb     =       0, igb     =       8, nsnb    =      25
     ipol    =       0, gbsa    =       0, iesp    =       0
     dielc   =   1.00000, cut     = 999.00000, intdiel =   1.00000
     saltcon =   0.00000, offset  =   0.19514, surften =   0.00500
     rdt     =   0.00000, rgbmax  =  25.00000  extdiel =  78.50000
     alpb  =        0
     gbalphaH  =   0.78844, gbbetaH   =   0.79870,  gbgammaH  =    0.43733
     gbalphaC  =   0.73376, gbbetaC   =   0.50638,  gbgammaC  =    0.20584
     gbalphaN  =   0.50336, gbbetaN   =   0.31683,  gbgammaN  =    0.19292
     gbalphaOS =   0.86781, gbbetaOS  =   0.87664,  gbgammaOS =    0.38788
     gbalphaP  =   1.00000, gbbetaP   =   0.80000,  gbgammaP  =    4.85000
     gb_alpha_hnu  =   0.53705, gb_beta_hnu   =   0.36286,  gb_gamma_hnu  =    0.11670
     gb_alpha_cnu  =   0.33167, gb_beta_cnu   =   0.19684,  gb_gamma_cnu  =    0.09342
     gb_alpha_nnu  =   0.68631, gb_beta_nnu   =   0.46319,  gb_gamma_nnu  =    0.13872
     gb_alpha_onu  =   0.60634, gb_beta_onu   =   0.46301,  gb_gamma_onu  =    0.14226
     gb_alpha_pnu  =   0.41836, gb_beta_pnu   =   0.29005,  gb_gamma_pnu  =    0.10642

Frozen or restrained atoms:
     ibelly  =       0, ntr     =       1
     restraint_wt =  10.00000

Energy minimization:
     maxcyc  =    1000, ncyc    =      10, ntmin   =       1
     dx0     =   0.01000, drms    =   0.00010
|  INFO: Old style inpcrd file read


    LOADING THE CONSTRAINED ATOMS AS GROUPS


   5.  REFERENCE ATOM COORDINATES

  defa
     Mask !@H=; matches   799 atoms

--------------------------------------------------------------------------------
   3.  ATOMIC COORDINATES AND VELOCITIES
--------------------------------------------------------------------------------

default_name                                                                    
 begin time read from input coords =     0.000 ps

 Number of triangulated 3-point waters found:        0

--------------------------------------------------------------------------------
   4.  RESULTS
--------------------------------------------------------------------------------



   NSTEP       ENERGY          RMS            GMAX         NAME    NUMBER
      1      -2.2216E+03     9.0101E+00     6.1354E+01     OE1       945

 BOND    =       69.1305  ANGLE   =      211.3001  DIHED      =     1076.4122
 VDWAALS =     -664.4134  EEL     =    -7390.2048  EGB        =    -1652.8301
 1-4 VDW =      438.4372  1-4 EEL =     5690.5719  RESTRAINT  =        0.0000


   NSTEP       ENERGY          RMS            GMAX         NAME    NUMBER
    100      -2.5810E+03     3.0710E-01     2.5932E+00     CE2       650

 BOND    =       30.7210  ANGLE   =      204.9667  DIHED      =     1075.7259
 VDWAALS =     -801.2937  EEL     =    -7405.7604  EGB        =    -1667.9356
 1-4 VDW =      330.2693  1-4 EEL =     5610.4974  RESTRAINT  =       41.8454
 EAMBER  =    -2622.8093


   NSTEP       ENERGY          RMS            GMAX         NAME    NUMBER
    200      -2.5903E+03     3.7180E-01     5.2649E+00     HG1       605

 BOND    =       31.2860  ANGLE   =      206.9698  DIHED      =     1074.5527
 VDWAALS =     -803.4582  EEL     =    -7416.0064  EGB        =    -1665.7952
 1-4 VDW =      328.7654  1-4 EEL =     5609.3754  RESTRAINT  =       43.9943
 EAMBER  =    -2634.3105


   NSTEP       ENERGY          RMS            GMAX         NAME    NUMBER
    300      -2.5929E+03     5.8560E-02     1.0804E+00     CB        598

 BOND    =       30.7461  ANGLE   =      205.5456  DIHED      =     1073.2965
 VDWAALS =     -803.0133  EEL     =    -7419.3429  EGB        =    -1664.8084
 1-4 VDW =      330.3922  1-4 EEL =     5611.4781  RESTRAINT  =       42.8299
 EAMBER  =    -2635.7061


   NSTEP       ENERGY          RMS            GMAX         NAME    NUMBER
    400      -2.5995E+03     1.7572E-01     2.2131E+00     HG1       635

 BOND    =       31.0402  ANGLE   =      206.1377  DIHED      =     1072.7448
 VDWAALS =     -802.4086  EEL     =    -7420.0423  EGB        =    -1670.2472
 1-4 VDW =      329.7857  1-4 EEL =     5610.7100  RESTRAINT  =       42.7422
 EAMBER  =    -2642.2797


   NSTEP       ENERGY          RMS            GMAX         NAME    NUMBER
    500      -2.6012E+03     1.4123E-01     3.2397E+00     HG       1180

 BOND    =       30.9792  ANGLE   =      205.6113  DIHED      =     1071.7576
 VDWAALS =     -802.3840  EEL     =    -7420.6677  EGB        =    -1671.1201
 1-4 VDW =      330.2437  1-4 EEL =     5611.7299  RESTRAINT  =       42.6516
 EAMBER  =    -2643.8501


   NSTEP       ENERGY          RMS            GMAX         NAME    NUMBER
    600      -2.6017E+03     9.6626E-03     1.2783E-01     HG       1180

 BOND    =       30.7303  ANGLE   =      205.0892  DIHED      =     1071.3422
 VDWAALS =     -801.7655  EEL     =    -7420.5240  EGB        =    -1671.0460
 1-4 VDW =      330.8431  1-4 EEL =     5611.4364  RESTRAINT  =       42.2259
 EAMBER  =    -2643.8944


   NSTEP       ENERGY          RMS            GMAX         NAME    NUMBER
    700      -2.6017E+03     9.4820E-04     1.4137E-02     CA       1174

 BOND    =       30.7178  ANGLE   =      205.0569  DIHED      =     1071.3325
 VDWAALS =     -801.7295  EEL     =    -7420.5053  EGB        =    -1671.0436
 1-4 VDW =      330.8834  1-4 EEL =     5611.4121  RESTRAINT  =       42.2050
 EAMBER  =    -2643.8756


                    FINAL RESULTS



   NSTEP       ENERGY          RMS            GMAX         NAME    NUMBER
    799      -2.6017E+03     6.0813E-05     5.3484E-04     HE3       552

 BOND    =       30.7168  ANGLE   =      205.0546  DIHED      =     1071.3318
 VDWAALS =     -801.7275  EEL     =    -7420.5035  EGB        =    -1671.0437
 1-4 VDW =      330.8864  1-4 EEL =     5611.4108  RESTRAINT  =       42.2036
 EAMBER  =    -2643.8743

--------------------------------------------------------------------------------
   5.  TIMINGS
--------------------------------------------------------------------------------

|                Calc gb radii             47.86 (20.52% of Gen B)
|                Calc gb diag              88.73 (38.04% of Gen B)
|                Calc gb off-diag          96.69 (41.45% of Gen B)
|             Gen Born time            233.28 (100.0% of Nonbo)
|          Nonbond force            233.28 (99.29% of Force)
|          Bond/Angle/Dihedral        1.66 ( 0.70% of Force)
|          Other                      0.01 ( 0.01% of Force)
|       Force time               234.95 (100.0% of Runmd)
|    Runmd Time               234.95 (99.76% of Total)
|    Other                      0.56 ( 0.24% of Total)
| Total time               235.51 (100.0% of ALL  )

| Number of list builds   :          0

| Highest rstack allocated:          0
| Highest istack allocated:          0
|           Job began  at 12:53:38.257  on 02/03/2016
|           Setup done at 12:53:38.307  on 02/03/2016
|           Run   done at 12:57:33.769  on 02/03/2016
|     wallclock() was called   14410 times
