
          -------------------------------------------------------
          Amber 14 SANDER                              2014
          -------------------------------------------------------

| Run on 02/03/2016 at 12:38:43

|   Executable path: sander
| Working directory: /lustre/cs1500/scratch/kmb413/RealDecoyDisc/DecoyDiscrimination/decoys.set2.init/1aaj/Rosetta_relaxed
|          Hostname: slepner13


File Assignments:
|  MDIN: /scratch/kmb413/RealDecoyDisc/DecoyDiscrimination/scripts/min/min.in  
| MDOUT: NoH_1_empty_tag_652_0001_0001.out                                     
|INPCRD: NoH_1_empty_tag_652_0001_0001.rst7                                    
|  PARM: NoH_1_empty_tag_652_0001_0001.parm7                                   
|RESTRT: min_NoH_1_empty_tag_652_0001_0001.rst7                                
|  REFC: NoH_1_empty_tag_652_0001_0001.rst7                                    
| MDVEL: mdvel                                                                 
| MDFRC: mdfrc                                                                 
|  MDEN: mden                                                                  
| MDCRD: mdcrd                                                                 
|MDINFO: mdinfo                                                                
|  MTMD: mtmd                                                                  
|INPDIP: inpdip                                                                
|RSTDIP: rstdip                                                                
|INPTRA: inptraj                                                               


 Here is the input file:

                                                                               
&cntrl                                                                         
    imin = 1, maxcyc=1000,                                                     
    ntx = 1,                                                                   
    ntwr = 100, ntpr = 100,                                                    
    cut = 999.0,                                                               
    ntb = 0, igb = 8,                                                          
    ntr = 1, restraint_wt = 10, restraintmask = "!@H=",                        
/                                                                              

--------------------------------------------------------------------------------
   1.  RESOURCE   USE: 
--------------------------------------------------------------------------------

| Flags:                                                                        
| New format PARM file being parsed.
| Version =    1.000 Date = 02/03/16 Time = 11:46:05
 NATOM  =    1590 NTYPES =      14 NBONH =     791 MBONA  =     820
 NTHETH =    1812 MTHETA =    1115 NPHIH =    3578 MPHIA  =    3525
 NHPARM =       0 NPARM  =       0 NNB   =    8805 NRES   =     104
 NBONA  =     820 NTHETA =    1115 NPHIA =    3525 NUMBND =      65
 NUMANG =     152 NPTRA  =     189 NATYP =      33 NPHB   =       0
 IFBOX  =       0 NMXRS  =      24 IFCAP =       0 NEXTRA =       0
 NCOPY  =       0

 Implicit solvent radii are ArgH and AspGluO modified Bondi2 radii (mbondi3)                                
 Replacing prmtop screening parameters with GBn2 (igb=8) values

|     Memory Use     Allocated
|     Real              145027
|     Hollerith           4876
|     Integer           109197
|     Max Pairs              1
|     nblistReal             0
|     nblist Int             0
|       Total             1578 kbytes

| Note: 1-4 EEL scale factors are being read from the topology file.

| Note: 1-4 VDW scale factors are being read from the topology file.
| Duplicated    0 dihedrals
| Duplicated    0 dihedrals

--------------------------------------------------------------------------------
   2.  CONTROL  DATA  FOR  THE  RUN
--------------------------------------------------------------------------------

default_name                                                                    

General flags:
     imin    =       1, nmropt  =       0

Nature and format of input:
     ntx     =       1, irest   =       0, ntrx    =       1

Nature and format of output:
     ntxo    =       1, ntpr    =     100, ntrx    =       1, ntwr    =     100
     iwrap   =       0, ntwx    =       0, ntwv    =       0, ntwe    =       0
     ioutfm  =       0, ntwprt  =       0, idecomp =       0, rbornstat=      0

Potential function:
     ntf     =       1, ntb     =       0, igb     =       8, nsnb    =      25
     ipol    =       0, gbsa    =       0, iesp    =       0
     dielc   =   1.00000, cut     = 999.00000, intdiel =   1.00000
     saltcon =   0.00000, offset  =   0.19514, surften =   0.00500
     rdt     =   0.00000, rgbmax  =  25.00000  extdiel =  78.50000
     alpb  =        0
     gbalphaH  =   0.78844, gbbetaH   =   0.79870,  gbgammaH  =    0.43733
     gbalphaC  =   0.73376, gbbetaC   =   0.50638,  gbgammaC  =    0.20584
     gbalphaN  =   0.50336, gbbetaN   =   0.31683,  gbgammaN  =    0.19292
     gbalphaOS =   0.86781, gbbetaOS  =   0.87664,  gbgammaOS =    0.38788
     gbalphaP  =   1.00000, gbbetaP   =   0.80000,  gbgammaP  =    4.85000
     gb_alpha_hnu  =   0.53705, gb_beta_hnu   =   0.36286,  gb_gamma_hnu  =    0.11670
     gb_alpha_cnu  =   0.33167, gb_beta_cnu   =   0.19684,  gb_gamma_cnu  =    0.09342
     gb_alpha_nnu  =   0.68631, gb_beta_nnu   =   0.46319,  gb_gamma_nnu  =    0.13872
     gb_alpha_onu  =   0.60634, gb_beta_onu   =   0.46301,  gb_gamma_onu  =    0.14226
     gb_alpha_pnu  =   0.41836, gb_beta_pnu   =   0.29005,  gb_gamma_pnu  =    0.10642

Frozen or restrained atoms:
     ibelly  =       0, ntr     =       1
     restraint_wt =  10.00000

Energy minimization:
     maxcyc  =    1000, ncyc    =      10, ntmin   =       1
     dx0     =   0.01000, drms    =   0.00010
|  INFO: Old style inpcrd file read


    LOADING THE CONSTRAINED ATOMS AS GROUPS


   5.  REFERENCE ATOM COORDINATES

  defa
     Mask !@H=; matches   799 atoms

--------------------------------------------------------------------------------
   3.  ATOMIC COORDINATES AND VELOCITIES
--------------------------------------------------------------------------------

default_name                                                                    
 begin time read from input coords =     0.000 ps

 Number of triangulated 3-point waters found:        0

--------------------------------------------------------------------------------
   4.  RESULTS
--------------------------------------------------------------------------------



   NSTEP       ENERGY          RMS            GMAX         NAME    NUMBER
      1      -2.1970E+03     9.2522E+00     6.3983E+01     OE1      1586

 BOND    =       71.4301  ANGLE   =      212.1508  DIHED      =     1080.0359
 VDWAALS =     -633.4246  EEL     =    -7222.5150  EGB        =    -1866.1671
 1-4 VDW =      444.2239  1-4 EEL =     5717.2738  RESTRAINT  =        0.0000


   NSTEP       ENERGY          RMS            GMAX         NAME    NUMBER
    100      -2.5830E+03     4.5820E-01     5.1171E+00     CD        193

 BOND    =       31.4639  ANGLE   =      211.1501  DIHED      =     1083.3813
 VDWAALS =     -795.5935  EEL     =    -7247.2838  EGB        =    -1874.8282
 1-4 VDW =      331.9194  1-4 EEL =     5631.2496  RESTRAINT  =       45.5162
 EAMBER  =    -2628.5411


   NSTEP       ENERGY          RMS            GMAX         NAME    NUMBER
    200      -2.5992E+03     2.1817E-01     2.7071E+00     CG       1324

 BOND    =       31.2192  ANGLE   =      210.7796  DIHED      =     1079.8708
 VDWAALS =     -796.3640  EEL     =    -7263.6127  EGB        =    -1871.1862
 1-4 VDW =      332.4956  1-4 EEL =     5631.9753  RESTRAINT  =       45.6444
 EAMBER  =    -2644.8225


   NSTEP       ENERGY          RMS            GMAX         NAME    NUMBER
    300      -2.6007E+03     5.7865E-02     8.0554E-01     H1          2

 BOND    =       30.9840  ANGLE   =      210.1706  DIHED      =     1078.5029
 VDWAALS =     -796.6109  EEL     =    -7264.0862  EGB        =    -1870.9469
 1-4 VDW =      333.1850  1-4 EEL =     5632.5432  RESTRAINT  =       45.5247
 EAMBER  =    -2646.2583


   NSTEP       ENERGY          RMS            GMAX         NAME    NUMBER
    400      -2.6009E+03     1.0548E-02     1.4965E-01     CE2       650

 BOND    =       30.8433  ANGLE   =      209.8960  DIHED      =     1078.4253
 VDWAALS =     -796.6404  EEL     =    -7264.0148  EGB        =    -1870.8676
 1-4 VDW =      333.5685  1-4 EEL =     5632.5313  RESTRAINT  =       45.3797
 EAMBER  =    -2646.2583


   NSTEP       ENERGY          RMS            GMAX         NAME    NUMBER
    500      -2.6009E+03     2.6777E-02     2.8928E-01     CG         10

 BOND    =       30.8671  ANGLE   =      209.9515  DIHED      =     1078.6329
 VDWAALS =     -796.7187  EEL     =    -7264.1537  EGB        =    -1870.6809
 1-4 VDW =      333.5176  1-4 EEL =     5632.2334  RESTRAINT  =       45.4325
 EAMBER  =    -2646.3507


   NSTEP       ENERGY          RMS            GMAX         NAME    NUMBER
    600      -2.6067E+03     3.5264E-01     6.7395E+00     HG1       635

 BOND    =       31.7917  ANGLE   =      211.5344  DIHED      =     1078.7622
 VDWAALS =     -796.4730  EEL     =    -7271.7837  EGB        =    -1870.2484
 1-4 VDW =      332.0216  1-4 EEL =     5631.3514  RESTRAINT  =       46.3151
 EAMBER  =    -2653.0437


   NSTEP       ENERGY          RMS            GMAX         NAME    NUMBER
    700      -2.6082E+03     1.8066E-02     3.7690E-01     CD        193

 BOND    =       30.9593  ANGLE   =      209.7770  DIHED      =     1078.1080
 VDWAALS =     -795.1616  EEL     =    -7271.7400  EGB        =    -1870.8940
 1-4 VDW =      333.5302  1-4 EEL =     5632.3203  RESTRAINT  =       44.9086
 EAMBER  =    -2653.1008


   NSTEP       ENERGY          RMS            GMAX         NAME    NUMBER
    800      -2.6082E+03     4.7354E-03     1.0568E-01     CE2       650

 BOND    =       30.9383  ANGLE   =      209.7408  DIHED      =     1078.1697
 VDWAALS =     -795.1413  EEL     =    -7271.6786  EGB        =    -1871.0673
 1-4 VDW =      333.5900  1-4 EEL =     5632.3624  RESTRAINT  =       44.8830
 EAMBER  =    -2653.0860

     ... RESTARTED DUE TO LINMIN FAILURE ...


   NSTEP       ENERGY          RMS            GMAX         NAME    NUMBER
    900      -2.6082E+03     1.9198E-02     3.4656E-01     CG       1324

 BOND    =       30.9326  ANGLE   =      209.7360  DIHED      =     1078.1788
 VDWAALS =     -795.1370  EEL     =    -7271.6579  EGB        =    -1871.0968
 1-4 VDW =      333.6012  1-4 EEL =     5632.3621  RESTRAINT  =       44.8777
 EAMBER  =    -2653.0808

     ... RESTARTED DUE TO LINMIN FAILURE ...


                    FINAL RESULTS



   NSTEP       ENERGY          RMS            GMAX         NAME    NUMBER
    992      -2.6082E+03     7.4440E-05     1.8530E-03     HG       1180

 BOND    =       30.9350  ANGLE   =      209.7306  DIHED      =     1078.1886
 VDWAALS =     -795.1359  EEL     =    -7271.6450  EGB        =    -1871.1252
 1-4 VDW =      333.6035  1-4 EEL =     5632.3666  RESTRAINT  =       44.8780
 EAMBER  =    -2653.0816

--------------------------------------------------------------------------------
   5.  TIMINGS
--------------------------------------------------------------------------------

|                Calc gb radii             58.76 (20.42% of Gen B)
|                Calc gb diag             108.74 (37.80% of Gen B)
|                Calc gb off-diag         120.20 (41.78% of Gen B)
|             Gen Born time            287.70 (100.0% of Nonbo)
|          Nonbond force            287.70 (99.29% of Force)
|          Bond/Angle/Dihedral        2.05 ( 0.71% of Force)
|          Other                      0.02 ( 0.01% of Force)
|       Force time               289.77 (100.0% of Runmd)
|    Runmd Time               289.77 (99.83% of Total)
|    Other                      0.50 ( 0.17% of Total)
| Total time               290.27 (100.0% of ALL  )

| Number of list builds   :          0

| Highest rstack allocated:          0
| Highest istack allocated:          0
|           Job began  at 12:38:43.204  on 02/03/2016
|           Setup done at 12:38:43.255  on 02/03/2016
|           Run   done at 12:43:33.479  on 02/03/2016
|     wallclock() was called   17884 times
