
          -------------------------------------------------------
          Amber 14 SANDER                              2014
          -------------------------------------------------------

| Run on 02/03/2016 at 13:25:14

|   Executable path: sander
| Working directory: /lustre/cs1500/scratch/kmb413/RealDecoyDisc/DecoyDiscrimination/decoys.set2.init/1aaj/Rosetta_relaxed
|          Hostname: slepner16


File Assignments:
|  MDIN: /scratch/kmb413/RealDecoyDisc/DecoyDiscrimination/scripts/min/min.in  
| MDOUT: NoH_2_empty_tag_1_225_1_0001.out                                      
|INPCRD: NoH_2_empty_tag_1_225_1_0001.rst7                                     
|  PARM: NoH_2_empty_tag_1_225_1_0001.parm7                                    
|RESTRT: min_NoH_2_empty_tag_1_225_1_0001.rst7                                 
|  REFC: NoH_2_empty_tag_1_225_1_0001.rst7                                     
| MDVEL: mdvel                                                                 
| MDFRC: mdfrc                                                                 
|  MDEN: mden                                                                  
| MDCRD: mdcrd                                                                 
|MDINFO: mdinfo                                                                
|  MTMD: mtmd                                                                  
|INPDIP: inpdip                                                                
|RSTDIP: rstdip                                                                
|INPTRA: inptraj                                                               


 Here is the input file:

                                                                               
&cntrl                                                                         
    imin = 1, maxcyc=1000,                                                     
    ntx = 1,                                                                   
    ntwr = 100, ntpr = 100,                                                    
    cut = 999.0,                                                               
    ntb = 0, igb = 8,                                                          
    ntr = 1, restraint_wt = 10, restraintmask = "!@H=",                        
/                                                                              

--------------------------------------------------------------------------------
   1.  RESOURCE   USE: 
--------------------------------------------------------------------------------

| Flags:                                                                        
| New format PARM file being parsed.
| Version =    1.000 Date = 02/03/16 Time = 11:46:38
 NATOM  =    1590 NTYPES =      14 NBONH =     791 MBONA  =     820
 NTHETH =    1812 MTHETA =    1115 NPHIH =    3578 MPHIA  =    3525
 NHPARM =       0 NPARM  =       0 NNB   =    8805 NRES   =     104
 NBONA  =     820 NTHETA =    1115 NPHIA =    3525 NUMBND =      65
 NUMANG =     152 NPTRA  =     189 NATYP =      33 NPHB   =       0
 IFBOX  =       0 NMXRS  =      24 IFCAP =       0 NEXTRA =       0
 NCOPY  =       0

 Implicit solvent radii are ArgH and AspGluO modified Bondi2 radii (mbondi3)                                
 Replacing prmtop screening parameters with GBn2 (igb=8) values

|     Memory Use     Allocated
|     Real              145027
|     Hollerith           4876
|     Integer           109197
|     Max Pairs              1
|     nblistReal             0
|     nblist Int             0
|       Total             1578 kbytes

| Note: 1-4 EEL scale factors are being read from the topology file.

| Note: 1-4 VDW scale factors are being read from the topology file.
| Duplicated    0 dihedrals
| Duplicated    0 dihedrals

--------------------------------------------------------------------------------
   2.  CONTROL  DATA  FOR  THE  RUN
--------------------------------------------------------------------------------

default_name                                                                    

General flags:
     imin    =       1, nmropt  =       0

Nature and format of input:
     ntx     =       1, irest   =       0, ntrx    =       1

Nature and format of output:
     ntxo    =       1, ntpr    =     100, ntrx    =       1, ntwr    =     100
     iwrap   =       0, ntwx    =       0, ntwv    =       0, ntwe    =       0
     ioutfm  =       0, ntwprt  =       0, idecomp =       0, rbornstat=      0

Potential function:
     ntf     =       1, ntb     =       0, igb     =       8, nsnb    =      25
     ipol    =       0, gbsa    =       0, iesp    =       0
     dielc   =   1.00000, cut     = 999.00000, intdiel =   1.00000
     saltcon =   0.00000, offset  =   0.19514, surften =   0.00500
     rdt     =   0.00000, rgbmax  =  25.00000  extdiel =  78.50000
     alpb  =        0
     gbalphaH  =   0.78844, gbbetaH   =   0.79870,  gbgammaH  =    0.43733
     gbalphaC  =   0.73376, gbbetaC   =   0.50638,  gbgammaC  =    0.20584
     gbalphaN  =   0.50336, gbbetaN   =   0.31683,  gbgammaN  =    0.19292
     gbalphaOS =   0.86781, gbbetaOS  =   0.87664,  gbgammaOS =    0.38788
     gbalphaP  =   1.00000, gbbetaP   =   0.80000,  gbgammaP  =    4.85000
     gb_alpha_hnu  =   0.53705, gb_beta_hnu   =   0.36286,  gb_gamma_hnu  =    0.11670
     gb_alpha_cnu  =   0.33167, gb_beta_cnu   =   0.19684,  gb_gamma_cnu  =    0.09342
     gb_alpha_nnu  =   0.68631, gb_beta_nnu   =   0.46319,  gb_gamma_nnu  =    0.13872
     gb_alpha_onu  =   0.60634, gb_beta_onu   =   0.46301,  gb_gamma_onu  =    0.14226
     gb_alpha_pnu  =   0.41836, gb_beta_pnu   =   0.29005,  gb_gamma_pnu  =    0.10642

Frozen or restrained atoms:
     ibelly  =       0, ntr     =       1
     restraint_wt =  10.00000

Energy minimization:
     maxcyc  =    1000, ncyc    =      10, ntmin   =       1
     dx0     =   0.01000, drms    =   0.00010
|  INFO: Old style inpcrd file read


    LOADING THE CONSTRAINED ATOMS AS GROUPS


   5.  REFERENCE ATOM COORDINATES

  defa
     Mask !@H=; matches   799 atoms

--------------------------------------------------------------------------------
   3.  ATOMIC COORDINATES AND VELOCITIES
--------------------------------------------------------------------------------

default_name                                                                    
 begin time read from input coords =     0.000 ps

 Number of triangulated 3-point waters found:        0

--------------------------------------------------------------------------------
   4.  RESULTS
--------------------------------------------------------------------------------



   NSTEP       ENERGY          RMS            GMAX         NAME    NUMBER
      1      -2.1900E+03     9.2289E+00     6.7447E+01     HA        430

 BOND    =       69.4321  ANGLE   =      211.5240  DIHED      =     1088.9151
 VDWAALS =     -623.5808  EEL     =    -7157.5455  EGB        =    -1948.4677
 1-4 VDW =      435.2703  1-4 EEL =     5734.4359  RESTRAINT  =        0.0000


   NSTEP       ENERGY          RMS            GMAX         NAME    NUMBER
    100      -2.5565E+03     2.9980E-01     3.6929E+00     CD       1585

 BOND    =       31.7920  ANGLE   =      204.4153  DIHED      =     1092.2241
 VDWAALS =     -767.7763  EEL     =    -7176.2966  EGB        =    -1962.5229
 1-4 VDW =      327.5404  1-4 EEL =     5652.4555  RESTRAINT  =       41.6907
 EAMBER  =    -2598.1686


   NSTEP       ENERGY          RMS            GMAX         NAME    NUMBER
    200      -2.5630E+03     1.4693E-01     1.6477E+00     H1          2

 BOND    =       31.8857  ANGLE   =      205.2034  DIHED      =     1090.3230
 VDWAALS =     -771.1121  EEL     =    -7186.7371  EGB        =    -1957.1809
 1-4 VDW =      327.1303  1-4 EEL =     5653.6553  RESTRAINT  =       43.7894
 EAMBER  =    -2606.8324


   NSTEP       ENERGY          RMS            GMAX         NAME    NUMBER
    300      -2.5644E+03     2.0083E-02     2.4661E-01     CE2       650

 BOND    =       31.4105  ANGLE   =      204.3269  DIHED      =     1089.3583
 VDWAALS =     -771.4828  EEL     =    -7187.3369  EGB        =    -1956.7606
 1-4 VDW =      328.2865  1-4 EEL =     5654.3631  RESTRAINT  =       43.4386
 EAMBER  =    -2607.8351


   NSTEP       ENERGY          RMS            GMAX         NAME    NUMBER
    400      -2.5644E+03     5.9589E-03     8.1984E-02     HG1      1389

 BOND    =       31.4042  ANGLE   =      204.2903  DIHED      =     1089.4834
 VDWAALS =     -771.6958  EEL     =    -7187.3934  EGB        =    -1956.7901
 1-4 VDW =      328.3484  1-4 EEL =     5654.4432  RESTRAINT  =       43.4690
 EAMBER  =    -2607.9099


   NSTEP       ENERGY          RMS            GMAX         NAME    NUMBER
    500      -2.5644E+03     2.2198E-03     2.0749E-02     CG       1582

 BOND    =       31.3978  ANGLE   =      204.2680  DIHED      =     1089.5484
 VDWAALS =     -771.7817  EEL     =    -7187.3911  EGB        =    -1956.8265
 1-4 VDW =      328.3791  1-4 EEL =     5654.4745  RESTRAINT  =       43.4837
 EAMBER  =    -2607.9316

     ... RESTARTED DUE TO LINMIN FAILURE ...


   NSTEP       ENERGY          RMS            GMAX         NAME    NUMBER
    600      -2.5644E+03     1.2534E-02     1.2181E-01     CA        306

 BOND    =       31.3949  ANGLE   =      204.2598  DIHED      =     1089.5661
 VDWAALS =     -771.8005  EEL     =    -7187.3785  EGB        =    -1956.8435
 1-4 VDW =      328.3943  1-4 EEL =     5654.4775  RESTRAINT  =       43.4817
 EAMBER  =    -2607.9300


   NSTEP       ENERGY          RMS            GMAX         NAME    NUMBER
    700      -2.5644E+03     2.2033E-04     2.2655E-03     HG1       605

 BOND    =       31.3929  ANGLE   =      204.2533  DIHED      =     1089.5797
 VDWAALS =     -771.8080  EEL     =    -7187.3520  EGB        =    -1956.8636
 1-4 VDW =      328.3966  1-4 EEL =     5654.4676  RESTRAINT  =       43.4847
 EAMBER  =    -2607.9334


                    FINAL RESULTS



   NSTEP       ENERGY          RMS            GMAX         NAME    NUMBER
    772      -2.5644E+03     9.7092E-05     2.1279E-03     HG1       605

 BOND    =       31.3928  ANGLE   =      204.2530  DIHED      =     1089.5804
 VDWAALS =     -771.8068  EEL     =    -7187.3472  EGB        =    -1956.8670
 1-4 VDW =      328.3966  1-4 EEL =     5654.4654  RESTRAINT  =       43.4843
 EAMBER  =    -2607.9329

--------------------------------------------------------------------------------
   5.  TIMINGS
--------------------------------------------------------------------------------

|                Calc gb radii             44.62 (20.17% of Gen B)
|                Calc gb diag              82.47 (37.28% of Gen B)
|                Calc gb off-diag          94.13 (42.55% of Gen B)
|             Gen Born time            221.22 (100.0% of Nonbo)
|          Nonbond force            221.22 (99.27% of Force)
|          Bond/Angle/Dihedral        1.60 ( 0.72% of Force)
|          Other                      0.01 ( 0.01% of Force)
|       Force time               222.84 (100.0% of Runmd)
|    Runmd Time               222.84 (99.71% of Total)
|    Other                      0.64 ( 0.28% of Total)
| Total time               223.48 (100.0% of ALL  )

| Number of list builds   :          0

| Highest rstack allocated:          0
| Highest istack allocated:          0
|           Job began  at 13:25:14.588  on 02/03/2016
|           Setup done at 13:25:14.640  on 02/03/2016
|           Run   done at 13:28:58.067  on 02/03/2016
|     wallclock() was called   13924 times
