
          -------------------------------------------------------
          Amber 14 SANDER                              2014
          -------------------------------------------------------

| Run on 02/03/2016 at 12:47:48

|   Executable path: sander
| Working directory: /lustre/cs1500/scratch/kmb413/RealDecoyDisc/DecoyDiscrimination/decoys.set2.init/1aaj/Rosetta_relaxed
|          Hostname: slepner7


File Assignments:
|  MDIN: /scratch/kmb413/RealDecoyDisc/DecoyDiscrimination/scripts/min/min.in  
| MDOUT: NoH_4_empty_tag_1_401_0001.out                                        
|INPCRD: NoH_4_empty_tag_1_401_0001.rst7                                       
|  PARM: NoH_4_empty_tag_1_401_0001.parm7                                      
|RESTRT: min_NoH_4_empty_tag_1_401_0001.rst7                                   
|  REFC: NoH_4_empty_tag_1_401_0001.rst7                                       
| MDVEL: mdvel                                                                 
| MDFRC: mdfrc                                                                 
|  MDEN: mden                                                                  
| MDCRD: mdcrd                                                                 
|MDINFO: mdinfo                                                                
|  MTMD: mtmd                                                                  
|INPDIP: inpdip                                                                
|RSTDIP: rstdip                                                                
|INPTRA: inptraj                                                               


 Here is the input file:

                                                                               
&cntrl                                                                         
    imin = 1, maxcyc=1000,                                                     
    ntx = 1,                                                                   
    ntwr = 100, ntpr = 100,                                                    
    cut = 999.0,                                                               
    ntb = 0, igb = 8,                                                          
    ntr = 1, restraint_wt = 10, restraintmask = "!@H=",                        
/                                                                              

--------------------------------------------------------------------------------
   1.  RESOURCE   USE: 
--------------------------------------------------------------------------------

| Flags:                                                                        
| New format PARM file being parsed.
| Version =    1.000 Date = 02/03/16 Time = 11:50:58
 NATOM  =    1590 NTYPES =      14 NBONH =     791 MBONA  =     820
 NTHETH =    1812 MTHETA =    1115 NPHIH =    3578 MPHIA  =    3525
 NHPARM =       0 NPARM  =       0 NNB   =    8805 NRES   =     104
 NBONA  =     820 NTHETA =    1115 NPHIA =    3525 NUMBND =      65
 NUMANG =     152 NPTRA  =     189 NATYP =      33 NPHB   =       0
 IFBOX  =       0 NMXRS  =      24 IFCAP =       0 NEXTRA =       0
 NCOPY  =       0

 Implicit solvent radii are ArgH and AspGluO modified Bondi2 radii (mbondi3)                                
 Replacing prmtop screening parameters with GBn2 (igb=8) values

|     Memory Use     Allocated
|     Real              145027
|     Hollerith           4876
|     Integer           109197
|     Max Pairs              1
|     nblistReal             0
|     nblist Int             0
|       Total             1578 kbytes

| Note: 1-4 EEL scale factors are being read from the topology file.

| Note: 1-4 VDW scale factors are being read from the topology file.
| Duplicated    0 dihedrals
| Duplicated    0 dihedrals

--------------------------------------------------------------------------------
   2.  CONTROL  DATA  FOR  THE  RUN
--------------------------------------------------------------------------------

default_name                                                                    

General flags:
     imin    =       1, nmropt  =       0

Nature and format of input:
     ntx     =       1, irest   =       0, ntrx    =       1

Nature and format of output:
     ntxo    =       1, ntpr    =     100, ntrx    =       1, ntwr    =     100
     iwrap   =       0, ntwx    =       0, ntwv    =       0, ntwe    =       0
     ioutfm  =       0, ntwprt  =       0, idecomp =       0, rbornstat=      0

Potential function:
     ntf     =       1, ntb     =       0, igb     =       8, nsnb    =      25
     ipol    =       0, gbsa    =       0, iesp    =       0
     dielc   =   1.00000, cut     = 999.00000, intdiel =   1.00000
     saltcon =   0.00000, offset  =   0.19514, surften =   0.00500
     rdt     =   0.00000, rgbmax  =  25.00000  extdiel =  78.50000
     alpb  =        0
     gbalphaH  =   0.78844, gbbetaH   =   0.79870,  gbgammaH  =    0.43733
     gbalphaC  =   0.73376, gbbetaC   =   0.50638,  gbgammaC  =    0.20584
     gbalphaN  =   0.50336, gbbetaN   =   0.31683,  gbgammaN  =    0.19292
     gbalphaOS =   0.86781, gbbetaOS  =   0.87664,  gbgammaOS =    0.38788
     gbalphaP  =   1.00000, gbbetaP   =   0.80000,  gbgammaP  =    4.85000
     gb_alpha_hnu  =   0.53705, gb_beta_hnu   =   0.36286,  gb_gamma_hnu  =    0.11670
     gb_alpha_cnu  =   0.33167, gb_beta_cnu   =   0.19684,  gb_gamma_cnu  =    0.09342
     gb_alpha_nnu  =   0.68631, gb_beta_nnu   =   0.46319,  gb_gamma_nnu  =    0.13872
     gb_alpha_onu  =   0.60634, gb_beta_onu   =   0.46301,  gb_gamma_onu  =    0.14226
     gb_alpha_pnu  =   0.41836, gb_beta_pnu   =   0.29005,  gb_gamma_pnu  =    0.10642

Frozen or restrained atoms:
     ibelly  =       0, ntr     =       1
     restraint_wt =  10.00000

Energy minimization:
     maxcyc  =    1000, ncyc    =      10, ntmin   =       1
     dx0     =   0.01000, drms    =   0.00010
|  INFO: Old style inpcrd file read


    LOADING THE CONSTRAINED ATOMS AS GROUPS


   5.  REFERENCE ATOM COORDINATES

  defa
     Mask !@H=; matches   799 atoms

--------------------------------------------------------------------------------
   3.  ATOMIC COORDINATES AND VELOCITIES
--------------------------------------------------------------------------------

default_name                                                                    
 begin time read from input coords =     0.000 ps

 Number of triangulated 3-point waters found:        0

--------------------------------------------------------------------------------
   4.  RESULTS
--------------------------------------------------------------------------------



   NSTEP       ENERGY          RMS            GMAX         NAME    NUMBER
      1      -2.2219E+03     9.1065E+00     6.0829E+01     OE2      1587

 BOND    =       69.7204  ANGLE   =      211.5517  DIHED      =     1084.4261
 VDWAALS =     -653.5739  EEL     =    -7103.8469  EGB        =    -1992.0127
 1-4 VDW =      442.2078  1-4 EEL =     5719.5996  RESTRAINT  =        0.0000


   NSTEP       ENERGY          RMS            GMAX         NAME    NUMBER
    100      -2.5878E+03     4.2151E-01     4.4610E+00     CE2       650

 BOND    =       31.9419  ANGLE   =      208.0649  DIHED      =     1090.0305
 VDWAALS =     -792.7469  EEL     =    -7122.5574  EGB        =    -2008.4685
 1-4 VDW =      329.4853  1-4 EEL =     5633.7112  RESTRAINT  =       42.7390
 EAMBER  =    -2630.5390


   NSTEP       ENERGY          RMS            GMAX         NAME    NUMBER
    200      -2.6025E+03     4.3516E-01     5.6524E+00     CE2       650

 BOND    =       32.2786  ANGLE   =      208.3517  DIHED      =     1087.0487
 VDWAALS =     -795.3618  EEL     =    -7139.2905  EGB        =    -2004.2058
 1-4 VDW =      329.6365  1-4 EEL =     5634.7617  RESTRAINT  =       44.2540
 EAMBER  =    -2646.7809


   NSTEP       ENERGY          RMS            GMAX         NAME    NUMBER
    300      -2.6039E+03     7.5971E-02     8.7322E-01     OG1       634

 BOND    =       31.6972  ANGLE   =      207.4990  DIHED      =     1086.2438
 VDWAALS =     -794.9030  EEL     =    -7139.8489  EGB        =    -2003.5482
 1-4 VDW =      330.5151  1-4 EEL =     5634.7348  RESTRAINT  =       43.7387
 EAMBER  =    -2647.6100


   NSTEP       ENERGY          RMS            GMAX         NAME    NUMBER
    400      -2.6045E+03     1.1549E-01     1.7035E+00     CB         86

 BOND    =       31.7335  ANGLE   =      207.9240  DIHED      =     1085.6281
 VDWAALS =     -795.2336  EEL     =    -7144.3089  EGB        =    -1998.7329
 1-4 VDW =      330.3077  1-4 EEL =     5634.2208  RESTRAINT  =       43.9171
 EAMBER  =    -2648.4612


   NSTEP       ENERGY          RMS            GMAX         NAME    NUMBER
    500      -2.6046E+03     9.0622E-03     1.1742E-01     CB         86

 BOND    =       31.6183  ANGLE   =      207.4673  DIHED      =     1085.5634
 VDWAALS =     -794.9154  EEL     =    -7144.4094  EGB        =    -1998.3779
 1-4 VDW =      330.7349  1-4 EEL =     5634.0663  RESTRAINT  =       43.6035
 EAMBER  =    -2648.2524


   NSTEP       ENERGY          RMS            GMAX         NAME    NUMBER
    600      -2.6047E+03     1.3643E-01     3.6970E+00     HG1       605

 BOND    =       31.8525  ANGLE   =      208.1184  DIHED      =     1086.3354
 VDWAALS =     -795.4955  EEL     =    -7143.9961  EGB        =    -1999.6665
 1-4 VDW =      330.0505  1-4 EEL =     5633.9533  RESTRAINT  =       44.1013
 EAMBER  =    -2648.8482


   NSTEP       ENERGY          RMS            GMAX         NAME    NUMBER
    700      -2.6092E+03     2.6737E-02     5.2505E-01     OG1       604

 BOND    =       31.6915  ANGLE   =      207.7047  DIHED      =     1085.2419
 VDWAALS =     -793.7631  EEL     =    -7146.0220  EGB        =    -2002.4020
 1-4 VDW =      330.8145  1-4 EEL =     5634.2685  RESTRAINT  =       43.2250
 EAMBER  =    -2652.4658


   NSTEP       ENERGY          RMS            GMAX         NAME    NUMBER
    800      -2.6093E+03     3.1413E-03     4.5021E-02     CG2       600

 BOND    =       31.6747  ANGLE   =      207.6477  DIHED      =     1085.2631
 VDWAALS =     -793.7084  EEL     =    -7145.9766  EGB        =    -2002.5783
 1-4 VDW =      330.8861  1-4 EEL =     5634.3625  RESTRAINT  =       43.1733
 EAMBER  =    -2652.4294


   NSTEP       ENERGY          RMS            GMAX         NAME    NUMBER
    900      -2.6093E+03     3.0293E-04     6.8340E-03     OG1      1212

 BOND    =       31.6721  ANGLE   =      207.6401  DIHED      =     1085.2741
 VDWAALS =     -793.7040  EEL     =    -7145.9618  EGB        =    -2002.6246
 1-4 VDW =      330.8971  1-4 EEL =     5634.3822  RESTRAINT  =       43.1683
 EAMBER  =    -2652.4248


                    FINAL RESULTS



   NSTEP       ENERGY          RMS            GMAX         NAME    NUMBER
    949      -2.6093E+03     9.7805E-05     1.8751E-03     HG1      1213

 BOND    =       31.6717  ANGLE   =      207.6393  DIHED      =     1085.2750
 VDWAALS =     -793.7037  EEL     =    -7145.9600  EGB        =    -2002.6275
 1-4 VDW =      330.8982  1-4 EEL =     5634.3828  RESTRAINT  =       43.1677
 EAMBER  =    -2652.4242

--------------------------------------------------------------------------------
   5.  TIMINGS
--------------------------------------------------------------------------------

|                Calc gb radii             57.04 (20.45% of Gen B)
|                Calc gb diag             105.58 (37.85% of Gen B)
|                Calc gb off-diag         116.33 (41.70% of Gen B)
|             Gen Born time            278.96 (100.0% of Nonbo)
|          Nonbond force            278.96 (99.30% of Force)
|          Bond/Angle/Dihedral        1.96 ( 0.70% of Force)
|          Other                      0.02 ( 0.01% of Force)
|       Force time               280.94 (100.0% of Runmd)
|    Runmd Time               280.94 (99.71% of Total)
|    Other                      0.82 ( 0.29% of Total)
| Total time               281.76 (100.0% of ALL  )

| Number of list builds   :          0

| Highest rstack allocated:          0
| Highest istack allocated:          0
|           Job began  at 12:47:48.983  on 02/03/2016
|           Setup done at 12:47:49.077  on 02/03/2016
|           Run   done at 12:52:30.741  on 02/03/2016
|     wallclock() was called   17110 times
