
          -------------------------------------------------------
          Amber 14 SANDER                              2014
          -------------------------------------------------------

| Run on 02/03/2016 at 13:13:09

|   Executable path: sander
| Working directory: /lustre/cs1500/scratch/kmb413/RealDecoyDisc/DecoyDiscrimination/decoys.set2.init/1aaj/Rosetta_relaxed
|          Hostname: slepner13


File Assignments:
|  MDIN: /scratch/kmb413/RealDecoyDisc/DecoyDiscrimination/scripts/min/min.in  
| MDOUT: NoH_1_empty_tag_732_0001_0001.out                                     
|INPCRD: NoH_1_empty_tag_732_0001_0001.rst7                                    
|  PARM: NoH_1_empty_tag_732_0001_0001.parm7                                   
|RESTRT: min_NoH_1_empty_tag_732_0001_0001.rst7                                
|  REFC: NoH_1_empty_tag_732_0001_0001.rst7                                    
| MDVEL: mdvel                                                                 
| MDFRC: mdfrc                                                                 
|  MDEN: mden                                                                  
| MDCRD: mdcrd                                                                 
|MDINFO: mdinfo                                                                
|  MTMD: mtmd                                                                  
|INPDIP: inpdip                                                                
|RSTDIP: rstdip                                                                
|INPTRA: inptraj                                                               


 Here is the input file:

                                                                               
&cntrl                                                                         
    imin = 1, maxcyc=1000,                                                     
    ntx = 1,                                                                   
    ntwr = 100, ntpr = 100,                                                    
    cut = 999.0,                                                               
    ntb = 0, igb = 8,                                                          
    ntr = 1, restraint_wt = 10, restraintmask = "!@H=",                        
/                                                                              

--------------------------------------------------------------------------------
   1.  RESOURCE   USE: 
--------------------------------------------------------------------------------

| Flags:                                                                        
| New format PARM file being parsed.
| Version =    1.000 Date = 02/03/16 Time = 11:46:08
 NATOM  =    1590 NTYPES =      14 NBONH =     791 MBONA  =     820
 NTHETH =    1812 MTHETA =    1115 NPHIH =    3578 MPHIA  =    3525
 NHPARM =       0 NPARM  =       0 NNB   =    8805 NRES   =     104
 NBONA  =     820 NTHETA =    1115 NPHIA =    3525 NUMBND =      65
 NUMANG =     152 NPTRA  =     189 NATYP =      33 NPHB   =       0
 IFBOX  =       0 NMXRS  =      24 IFCAP =       0 NEXTRA =       0
 NCOPY  =       0

 Implicit solvent radii are ArgH and AspGluO modified Bondi2 radii (mbondi3)                                
 Replacing prmtop screening parameters with GBn2 (igb=8) values

|     Memory Use     Allocated
|     Real              145027
|     Hollerith           4876
|     Integer           109197
|     Max Pairs              1
|     nblistReal             0
|     nblist Int             0
|       Total             1578 kbytes

| Note: 1-4 EEL scale factors are being read from the topology file.

| Note: 1-4 VDW scale factors are being read from the topology file.
| Duplicated    0 dihedrals
| Duplicated    0 dihedrals

--------------------------------------------------------------------------------
   2.  CONTROL  DATA  FOR  THE  RUN
--------------------------------------------------------------------------------

default_name                                                                    

General flags:
     imin    =       1, nmropt  =       0

Nature and format of input:
     ntx     =       1, irest   =       0, ntrx    =       1

Nature and format of output:
     ntxo    =       1, ntpr    =     100, ntrx    =       1, ntwr    =     100
     iwrap   =       0, ntwx    =       0, ntwv    =       0, ntwe    =       0
     ioutfm  =       0, ntwprt  =       0, idecomp =       0, rbornstat=      0

Potential function:
     ntf     =       1, ntb     =       0, igb     =       8, nsnb    =      25
     ipol    =       0, gbsa    =       0, iesp    =       0
     dielc   =   1.00000, cut     = 999.00000, intdiel =   1.00000
     saltcon =   0.00000, offset  =   0.19514, surften =   0.00500
     rdt     =   0.00000, rgbmax  =  25.00000  extdiel =  78.50000
     alpb  =        0
     gbalphaH  =   0.78844, gbbetaH   =   0.79870,  gbgammaH  =    0.43733
     gbalphaC  =   0.73376, gbbetaC   =   0.50638,  gbgammaC  =    0.20584
     gbalphaN  =   0.50336, gbbetaN   =   0.31683,  gbgammaN  =    0.19292
     gbalphaOS =   0.86781, gbbetaOS  =   0.87664,  gbgammaOS =    0.38788
     gbalphaP  =   1.00000, gbbetaP   =   0.80000,  gbgammaP  =    4.85000
     gb_alpha_hnu  =   0.53705, gb_beta_hnu   =   0.36286,  gb_gamma_hnu  =    0.11670
     gb_alpha_cnu  =   0.33167, gb_beta_cnu   =   0.19684,  gb_gamma_cnu  =    0.09342
     gb_alpha_nnu  =   0.68631, gb_beta_nnu   =   0.46319,  gb_gamma_nnu  =    0.13872
     gb_alpha_onu  =   0.60634, gb_beta_onu   =   0.46301,  gb_gamma_onu  =    0.14226
     gb_alpha_pnu  =   0.41836, gb_beta_pnu   =   0.29005,  gb_gamma_pnu  =    0.10642

Frozen or restrained atoms:
     ibelly  =       0, ntr     =       1
     restraint_wt =  10.00000

Energy minimization:
     maxcyc  =    1000, ncyc    =      10, ntmin   =       1
     dx0     =   0.01000, drms    =   0.00010
|  INFO: Old style inpcrd file read


    LOADING THE CONSTRAINED ATOMS AS GROUPS


   5.  REFERENCE ATOM COORDINATES

  defa
     Mask !@H=; matches   799 atoms

--------------------------------------------------------------------------------
   3.  ATOMIC COORDINATES AND VELOCITIES
--------------------------------------------------------------------------------

default_name                                                                    
 begin time read from input coords =     0.000 ps

 Number of triangulated 3-point waters found:        0

--------------------------------------------------------------------------------
   4.  RESULTS
--------------------------------------------------------------------------------



   NSTEP       ENERGY          RMS            GMAX         NAME    NUMBER
      1      -2.2099E+03     9.0829E+00     6.2590E+01     OXT      1590

 BOND    =       69.8573  ANGLE   =      210.9669  DIHED      =     1073.4245
 VDWAALS =     -653.7363  EEL     =    -7198.8472  EGB        =    -1867.8212
 1-4 VDW =      443.5015  1-4 EEL =     5712.7226  RESTRAINT  =        0.0000


   NSTEP       ENERGY          RMS            GMAX         NAME    NUMBER
    100      -2.5805E+03     2.4016E-01     3.4886E+00     HB       1383

 BOND    =       30.7862  ANGLE   =      206.3361  DIHED      =     1076.1307
 VDWAALS =     -791.5826  EEL     =    -7224.5307  EGB        =    -1877.5242
 1-4 VDW =      332.8015  1-4 EEL =     5626.0693  RESTRAINT  =       41.0168
 EAMBER  =    -2621.5139


   NSTEP       ENERGY          RMS            GMAX         NAME    NUMBER
    200      -2.5841E+03     3.3878E-01     7.2312E+00     H2          3

 BOND    =       31.4464  ANGLE   =      207.7550  DIHED      =     1076.0917
 VDWAALS =     -795.6902  EEL     =    -7228.1047  EGB        =    -1877.4231
 1-4 VDW =      331.7857  1-4 EEL =     5626.0969  RESTRAINT  =       43.9913
 EAMBER  =    -2628.0423


   NSTEP       ENERGY          RMS            GMAX         NAME    NUMBER
    300      -2.5857E+03     1.0053E-01     2.1287E+00     N           1

 BOND    =       30.5410  ANGLE   =      206.7178  DIHED      =     1075.3063
 VDWAALS =     -795.7426  EEL     =    -7229.3144  EGB        =    -1876.1503
 1-4 VDW =      333.0639  1-4 EEL =     5626.4037  RESTRAINT  =       43.4277
 EAMBER  =    -2629.1744


   NSTEP       ENERGY          RMS            GMAX         NAME    NUMBER
    400      -2.5931E+03     6.4453E-02     8.9133E-01     HB2      1177

 BOND    =       31.1352  ANGLE   =      207.2309  DIHED      =     1074.6064
 VDWAALS =     -794.2984  EEL     =    -7233.0914  EGB        =    -1879.4358
 1-4 VDW =      332.3611  1-4 EEL =     5625.0794  RESTRAINT  =       43.2935
 EAMBER  =    -2636.4127


   NSTEP       ENERGY          RMS            GMAX         NAME    NUMBER
    500      -2.5933E+03     1.0691E-02     2.4793E-01     CD       1260

 BOND    =       30.7808  ANGLE   =      206.7080  DIHED      =     1074.4172
 VDWAALS =     -793.8281  EEL     =    -7233.4085  EGB        =    -1879.7063
 1-4 VDW =      333.2352  1-4 EEL =     5625.4993  RESTRAINT  =       42.9802
 EAMBER  =    -2636.3024


   NSTEP       ENERGY          RMS            GMAX         NAME    NUMBER
    600      -2.5933E+03     2.7352E-03     6.8548E-02     CD       1260

 BOND    =       30.7878  ANGLE   =      206.7143  DIHED      =     1074.4344
 VDWAALS =     -793.8501  EEL     =    -7233.4090  EGB        =    -1879.7156
 1-4 VDW =      333.2339  1-4 EEL =     5625.4957  RESTRAINT  =       42.9856
 EAMBER  =    -2636.3086


   NSTEP       ENERGY          RMS            GMAX         NAME    NUMBER
    700      -2.5933E+03     1.2273E-03     1.6356E-02     HG        116

 BOND    =       30.7822  ANGLE   =      206.7068  DIHED      =     1074.4454
 VDWAALS =     -793.8473  EEL     =    -7233.4039  EGB        =    -1879.7198
 1-4 VDW =      333.2477  1-4 EEL =     5625.4869  RESTRAINT  =       42.9786
 EAMBER  =    -2636.3020


   NSTEP       ENERGY          RMS            GMAX         NAME    NUMBER
    800      -2.5933E+03     1.3803E-03     2.5728E-02     CB        112

 BOND    =       30.7819  ANGLE   =      206.7133  DIHED      =     1074.4908
 VDWAALS =     -793.8694  EEL     =    -7233.3425  EGB        =    -1879.7876
 1-4 VDW =      333.2467  1-4 EEL =     5625.4648  RESTRAINT  =       42.9775
 EAMBER  =    -2636.3019


   NSTEP       ENERGY          RMS            GMAX         NAME    NUMBER
    900      -2.5933E+03     1.8880E-03     4.6594E-02     HG        116

 BOND    =       30.7832  ANGLE   =      206.7242  DIHED      =     1074.5019
 VDWAALS =     -793.8707  EEL     =    -7233.2834  EGB        =    -1879.8461
 1-4 VDW =      333.2373  1-4 EEL =     5625.4539  RESTRAINT  =       42.9737
 EAMBER  =    -2636.2996


   NSTEP       ENERGY          RMS            GMAX         NAME    NUMBER
   1000      -2.5933E+03     1.2334E-02     2.4823E-01     CD       1260

 BOND    =       30.7879  ANGLE   =      206.7367  DIHED      =     1074.5024
 VDWAALS =     -793.8833  EEL     =    -7233.1816  EGB        =    -1879.9299
 1-4 VDW =      333.2346  1-4 EEL =     5625.4303  RESTRAINT  =       42.9712
 EAMBER  =    -2636.3028


  Maximum number of minimization cycles reached.


                    FINAL RESULTS



   NSTEP       ENERGY          RMS            GMAX         NAME    NUMBER
   1000      -2.5933E+03     1.2334E-02     2.4823E-01     CD       1260

 BOND    =       30.7879  ANGLE   =      206.7367  DIHED      =     1074.5024
 VDWAALS =     -793.8833  EEL     =    -7233.1816  EGB        =    -1879.9299
 1-4 VDW =      333.2346  1-4 EEL =     5625.4303  RESTRAINT  =       42.9712
 EAMBER  =    -2636.3028

--------------------------------------------------------------------------------
   5.  TIMINGS
--------------------------------------------------------------------------------

|                Calc gb radii             59.33 (20.41% of Gen B)
|                Calc gb diag             109.94 (37.81% of Gen B)
|                Calc gb off-diag         121.50 (41.78% of Gen B)
|             Gen Born time            290.77 (100.0% of Nonbo)
|          Nonbond force            290.77 (99.28% of Force)
|          Bond/Angle/Dihedral        2.08 ( 0.71% of Force)
|          Other                      0.02 ( 0.01% of Force)
|       Force time               292.87 (100.0% of Runmd)
|    Runmd Time               292.87 (99.70% of Total)
|    Other                      0.89 ( 0.30% of Total)
| Total time               293.76 (100.0% of ALL  )

| Number of list builds   :          0

| Highest rstack allocated:          0
| Highest istack allocated:          0
|           Job began  at 13:13:09.796  on 02/03/2016
|           Setup done at 13:13:09.873  on 02/03/2016
|           Run   done at 13:18:03.556  on 02/03/2016
|     wallclock() was called   18028 times
