
          -------------------------------------------------------
          Amber 14 SANDER                              2014
          -------------------------------------------------------

| Run on 02/03/2016 at 13:08:44

|   Executable path: sander
| Working directory: /lustre/cs1500/scratch/kmb413/RealDecoyDisc/DecoyDiscrimination/decoys.set2.init/1aaj/Rosetta_relaxed
|          Hostname: slepner36


File Assignments:
|  MDIN: /scratch/kmb413/RealDecoyDisc/DecoyDiscrimination/scripts/min/min.in  
| MDOUT: NoH_4_empty_tag_1581_0001_0001.out                                    
|INPCRD: NoH_4_empty_tag_1581_0001_0001.rst7                                   
|  PARM: NoH_4_empty_tag_1581_0001_0001.parm7                                  
|RESTRT: min_NoH_4_empty_tag_1581_0001_0001.rst7                               
|  REFC: NoH_4_empty_tag_1581_0001_0001.rst7                                   
| MDVEL: mdvel                                                                 
| MDFRC: mdfrc                                                                 
|  MDEN: mden                                                                  
| MDCRD: mdcrd                                                                 
|MDINFO: mdinfo                                                                
|  MTMD: mtmd                                                                  
|INPDIP: inpdip                                                                
|RSTDIP: rstdip                                                                
|INPTRA: inptraj                                                               


 Here is the input file:

                                                                               
&cntrl                                                                         
    imin = 1, maxcyc=1000,                                                     
    ntx = 1,                                                                   
    ntwr = 100, ntpr = 100,                                                    
    cut = 999.0,                                                               
    ntb = 0, igb = 8,                                                          
    ntr = 1, restraint_wt = 10, restraintmask = "!@H=",                        
/                                                                              

--------------------------------------------------------------------------------
   1.  RESOURCE   USE: 
--------------------------------------------------------------------------------

| Flags:                                                                        
| New format PARM file being parsed.
| Version =    1.000 Date = 02/03/16 Time = 11:51:15
 NATOM  =    1590 NTYPES =      14 NBONH =     791 MBONA  =     820
 NTHETH =    1812 MTHETA =    1115 NPHIH =    3578 MPHIA  =    3525
 NHPARM =       0 NPARM  =       0 NNB   =    8805 NRES   =     104
 NBONA  =     820 NTHETA =    1115 NPHIA =    3525 NUMBND =      65
 NUMANG =     152 NPTRA  =     189 NATYP =      33 NPHB   =       0
 IFBOX  =       0 NMXRS  =      24 IFCAP =       0 NEXTRA =       0
 NCOPY  =       0

 Implicit solvent radii are ArgH and AspGluO modified Bondi2 radii (mbondi3)                                
 Replacing prmtop screening parameters with GBn2 (igb=8) values

|     Memory Use     Allocated
|     Real              145027
|     Hollerith           4876
|     Integer           109197
|     Max Pairs              1
|     nblistReal             0
|     nblist Int             0
|       Total             1578 kbytes

| Note: 1-4 EEL scale factors are being read from the topology file.

| Note: 1-4 VDW scale factors are being read from the topology file.
| Duplicated    0 dihedrals
| Duplicated    0 dihedrals

--------------------------------------------------------------------------------
   2.  CONTROL  DATA  FOR  THE  RUN
--------------------------------------------------------------------------------

default_name                                                                    

General flags:
     imin    =       1, nmropt  =       0

Nature and format of input:
     ntx     =       1, irest   =       0, ntrx    =       1

Nature and format of output:
     ntxo    =       1, ntpr    =     100, ntrx    =       1, ntwr    =     100
     iwrap   =       0, ntwx    =       0, ntwv    =       0, ntwe    =       0
     ioutfm  =       0, ntwprt  =       0, idecomp =       0, rbornstat=      0

Potential function:
     ntf     =       1, ntb     =       0, igb     =       8, nsnb    =      25
     ipol    =       0, gbsa    =       0, iesp    =       0
     dielc   =   1.00000, cut     = 999.00000, intdiel =   1.00000
     saltcon =   0.00000, offset  =   0.19514, surften =   0.00500
     rdt     =   0.00000, rgbmax  =  25.00000  extdiel =  78.50000
     alpb  =        0
     gbalphaH  =   0.78844, gbbetaH   =   0.79870,  gbgammaH  =    0.43733
     gbalphaC  =   0.73376, gbbetaC   =   0.50638,  gbgammaC  =    0.20584
     gbalphaN  =   0.50336, gbbetaN   =   0.31683,  gbgammaN  =    0.19292
     gbalphaOS =   0.86781, gbbetaOS  =   0.87664,  gbgammaOS =    0.38788
     gbalphaP  =   1.00000, gbbetaP   =   0.80000,  gbgammaP  =    4.85000
     gb_alpha_hnu  =   0.53705, gb_beta_hnu   =   0.36286,  gb_gamma_hnu  =    0.11670
     gb_alpha_cnu  =   0.33167, gb_beta_cnu   =   0.19684,  gb_gamma_cnu  =    0.09342
     gb_alpha_nnu  =   0.68631, gb_beta_nnu   =   0.46319,  gb_gamma_nnu  =    0.13872
     gb_alpha_onu  =   0.60634, gb_beta_onu   =   0.46301,  gb_gamma_onu  =    0.14226
     gb_alpha_pnu  =   0.41836, gb_beta_pnu   =   0.29005,  gb_gamma_pnu  =    0.10642

Frozen or restrained atoms:
     ibelly  =       0, ntr     =       1
     restraint_wt =  10.00000

Energy minimization:
     maxcyc  =    1000, ncyc    =      10, ntmin   =       1
     dx0     =   0.01000, drms    =   0.00010
|  INFO: Old style inpcrd file read


    LOADING THE CONSTRAINED ATOMS AS GROUPS


   5.  REFERENCE ATOM COORDINATES

  defa
     Mask !@H=; matches   799 atoms

--------------------------------------------------------------------------------
   3.  ATOMIC COORDINATES AND VELOCITIES
--------------------------------------------------------------------------------

default_name                                                                    
 begin time read from input coords =     0.000 ps

 Number of triangulated 3-point waters found:        0

--------------------------------------------------------------------------------
   4.  RESULTS
--------------------------------------------------------------------------------



   NSTEP       ENERGY          RMS            GMAX         NAME    NUMBER
      1      -2.2443E+03     9.0357E+00     6.2462E+01     OE1       945

 BOND    =       70.1443  ANGLE   =      211.4253  DIHED      =     1085.5326
 VDWAALS =     -661.9303  EEL     =    -6971.3657  EGB        =    -2138.9303
 1-4 VDW =      437.3468  1-4 EEL =     5723.4655  RESTRAINT  =        0.0000


   NSTEP       ENERGY          RMS            GMAX         NAME    NUMBER
    100      -2.5854E+03     3.1710E-01     5.0023E+00     CG        589

 BOND    =       30.1692  ANGLE   =      202.7491  DIHED      =     1087.4466
 VDWAALS =     -788.4377  EEL     =    -6973.3224  EGB        =    -2157.7919
 1-4 VDW =      330.1872  1-4 EEL =     5644.1580  RESTRAINT  =       39.4134
 EAMBER  =    -2624.8420


   NSTEP       ENERGY          RMS            GMAX         NAME    NUMBER
    200      -2.5908E+03     2.1020E-01     3.1322E+00     CD        193

 BOND    =       30.3170  ANGLE   =      203.4944  DIHED      =     1086.2149
 VDWAALS =     -791.2692  EEL     =    -6981.0191  EGB        =    -2153.9199
 1-4 VDW =      329.6051  1-4 EEL =     5644.4871  RESTRAINT  =       41.2694
 EAMBER  =    -2632.0898


   NSTEP       ENERGY          RMS            GMAX         NAME    NUMBER
    300      -2.5926E+03     8.9972E-02     1.3039E+00     CA          5

 BOND    =       30.1570  ANGLE   =      203.4592  DIHED      =     1085.4682
 VDWAALS =     -792.3688  EEL     =    -6983.2394  EGB        =    -2152.6807
 1-4 VDW =      330.0411  1-4 EEL =     5645.2222  RESTRAINT  =       41.3027
 EAMBER  =    -2633.9412


   NSTEP       ENERGY          RMS            GMAX         NAME    NUMBER
    400      -2.5976E+03     3.5902E-02     5.0565E-01     HG23      603

 BOND    =       30.1045  ANGLE   =      203.0868  DIHED      =     1084.5755
 VDWAALS =     -790.9715  EEL     =    -6988.6601  EGB        =    -2153.0272
 1-4 VDW =      330.5594  1-4 EEL =     5645.9543  RESTRAINT  =       40.7474
 EAMBER  =    -2638.3783


   NSTEP       ENERGY          RMS            GMAX         NAME    NUMBER
    500      -2.5977E+03     6.2472E-03     8.3175E-02     OG1       604

 BOND    =       30.0819  ANGLE   =      203.0406  DIHED      =     1084.6149
 VDWAALS =     -790.9674  EEL     =    -6988.5976  EGB        =    -2153.2291
 1-4 VDW =      330.6485  1-4 EEL =     5646.0560  RESTRAINT  =       40.6987
 EAMBER  =    -2638.3522


   NSTEP       ENERGY          RMS            GMAX         NAME    NUMBER
    600      -2.5977E+03     1.5966E-03     3.1398E-02     CG        589

 BOND    =       30.0721  ANGLE   =      203.0202  DIHED      =     1084.6261
 VDWAALS =     -790.9692  EEL     =    -6988.5707  EGB        =    -2153.2790
 1-4 VDW =      330.6802  1-4 EEL =     5646.0831  RESTRAINT  =       40.6826
 EAMBER  =    -2638.3370

     ... RESTARTED DUE TO LINMIN FAILURE ...


   NSTEP       ENERGY          RMS            GMAX         NAME    NUMBER
    700      -2.5977E+03     2.0449E-03     3.7605E-02     CZ        418

 BOND    =       30.0714  ANGLE   =      203.0202  DIHED      =     1084.6277
 VDWAALS =     -790.9700  EEL     =    -6988.5682  EGB        =    -2153.2860
 1-4 VDW =      330.6810  1-4 EEL =     5646.0862  RESTRAINT  =       40.6831
 EAMBER  =    -2638.3376


                    FINAL RESULTS



   NSTEP       ENERGY          RMS            GMAX         NAME    NUMBER
    797      -2.5977E+03     9.7526E-05     1.4515E-03     CD2      1363

 BOND    =       30.0711  ANGLE   =      203.0211  DIHED      =     1084.6290
 VDWAALS =     -790.9728  EEL     =    -6988.5653  EGB        =    -2153.2939
 1-4 VDW =      330.6812  1-4 EEL =     5646.0905  RESTRAINT  =       40.6846
 EAMBER  =    -2638.3391

--------------------------------------------------------------------------------
   5.  TIMINGS
--------------------------------------------------------------------------------

|                Calc gb radii             47.37 (20.41% of Gen B)
|                Calc gb diag              87.44 (37.68% of Gen B)
|                Calc gb off-diag          97.27 (41.91% of Gen B)
|             Gen Born time            232.08 (100.0% of Nonbo)
|          Nonbond force            232.08 (99.29% of Force)
|          Bond/Angle/Dihedral        1.65 ( 0.71% of Force)
|          Other                      0.01 ( 0.01% of Force)
|       Force time               233.74 (100.0% of Runmd)
|    Runmd Time               233.74 (99.70% of Total)
|    Other                      0.69 ( 0.29% of Total)
| Total time               234.44 (100.0% of ALL  )

| Number of list builds   :          0

| Highest rstack allocated:          0
| Highest istack allocated:          0
|           Job began  at 13:08:44.216  on 02/03/2016
|           Setup done at 13:08:44.306  on 02/03/2016
|           Run   done at 13:12:38.654  on 02/03/2016
|     wallclock() was called   14374 times
