
          -------------------------------------------------------
          Amber 14 SANDER                              2014
          -------------------------------------------------------

| Run on 02/03/2016 at 12:55:55

|   Executable path: sander
| Working directory: /lustre/cs1500/scratch/kmb413/RealDecoyDisc/DecoyDiscrimination/decoys.set2.init/1aaj/Rosetta_relaxed
|          Hostname: slepner36


File Assignments:
|  MDIN: /scratch/kmb413/RealDecoyDisc/DecoyDiscrimination/scripts/min/min.in  
| MDOUT: NoH_4_empty_tag_1572_0001_0001.out                                    
|INPCRD: NoH_4_empty_tag_1572_0001_0001.rst7                                   
|  PARM: NoH_4_empty_tag_1572_0001_0001.parm7                                  
|RESTRT: min_NoH_4_empty_tag_1572_0001_0001.rst7                               
|  REFC: NoH_4_empty_tag_1572_0001_0001.rst7                                   
| MDVEL: mdvel                                                                 
| MDFRC: mdfrc                                                                 
|  MDEN: mden                                                                  
| MDCRD: mdcrd                                                                 
|MDINFO: mdinfo                                                                
|  MTMD: mtmd                                                                  
|INPDIP: inpdip                                                                
|RSTDIP: rstdip                                                                
|INPTRA: inptraj                                                               


 Here is the input file:

                                                                               
&cntrl                                                                         
    imin = 1, maxcyc=1000,                                                     
    ntx = 1,                                                                   
    ntwr = 100, ntpr = 100,                                                    
    cut = 999.0,                                                               
    ntb = 0, igb = 8,                                                          
    ntr = 1, restraint_wt = 10, restraintmask = "!@H=",                        
/                                                                              

--------------------------------------------------------------------------------
   1.  RESOURCE   USE: 
--------------------------------------------------------------------------------

| Flags:                                                                        
| New format PARM file being parsed.
| Version =    1.000 Date = 02/03/16 Time = 11:51:13
 NATOM  =    1590 NTYPES =      14 NBONH =     791 MBONA  =     820
 NTHETH =    1812 MTHETA =    1115 NPHIH =    3578 MPHIA  =    3525
 NHPARM =       0 NPARM  =       0 NNB   =    8805 NRES   =     104
 NBONA  =     820 NTHETA =    1115 NPHIA =    3525 NUMBND =      65
 NUMANG =     152 NPTRA  =     189 NATYP =      33 NPHB   =       0
 IFBOX  =       0 NMXRS  =      24 IFCAP =       0 NEXTRA =       0
 NCOPY  =       0

 Implicit solvent radii are ArgH and AspGluO modified Bondi2 radii (mbondi3)                                
 Replacing prmtop screening parameters with GBn2 (igb=8) values

|     Memory Use     Allocated
|     Real              145027
|     Hollerith           4876
|     Integer           109197
|     Max Pairs              1
|     nblistReal             0
|     nblist Int             0
|       Total             1578 kbytes

| Note: 1-4 EEL scale factors are being read from the topology file.

| Note: 1-4 VDW scale factors are being read from the topology file.
| Duplicated    0 dihedrals
| Duplicated    0 dihedrals

--------------------------------------------------------------------------------
   2.  CONTROL  DATA  FOR  THE  RUN
--------------------------------------------------------------------------------

default_name                                                                    

General flags:
     imin    =       1, nmropt  =       0

Nature and format of input:
     ntx     =       1, irest   =       0, ntrx    =       1

Nature and format of output:
     ntxo    =       1, ntpr    =     100, ntrx    =       1, ntwr    =     100
     iwrap   =       0, ntwx    =       0, ntwv    =       0, ntwe    =       0
     ioutfm  =       0, ntwprt  =       0, idecomp =       0, rbornstat=      0

Potential function:
     ntf     =       1, ntb     =       0, igb     =       8, nsnb    =      25
     ipol    =       0, gbsa    =       0, iesp    =       0
     dielc   =   1.00000, cut     = 999.00000, intdiel =   1.00000
     saltcon =   0.00000, offset  =   0.19514, surften =   0.00500
     rdt     =   0.00000, rgbmax  =  25.00000  extdiel =  78.50000
     alpb  =        0
     gbalphaH  =   0.78844, gbbetaH   =   0.79870,  gbgammaH  =    0.43733
     gbalphaC  =   0.73376, gbbetaC   =   0.50638,  gbgammaC  =    0.20584
     gbalphaN  =   0.50336, gbbetaN   =   0.31683,  gbgammaN  =    0.19292
     gbalphaOS =   0.86781, gbbetaOS  =   0.87664,  gbgammaOS =    0.38788
     gbalphaP  =   1.00000, gbbetaP   =   0.80000,  gbgammaP  =    4.85000
     gb_alpha_hnu  =   0.53705, gb_beta_hnu   =   0.36286,  gb_gamma_hnu  =    0.11670
     gb_alpha_cnu  =   0.33167, gb_beta_cnu   =   0.19684,  gb_gamma_cnu  =    0.09342
     gb_alpha_nnu  =   0.68631, gb_beta_nnu   =   0.46319,  gb_gamma_nnu  =    0.13872
     gb_alpha_onu  =   0.60634, gb_beta_onu   =   0.46301,  gb_gamma_onu  =    0.14226
     gb_alpha_pnu  =   0.41836, gb_beta_pnu   =   0.29005,  gb_gamma_pnu  =    0.10642

Frozen or restrained atoms:
     ibelly  =       0, ntr     =       1
     restraint_wt =  10.00000

Energy minimization:
     maxcyc  =    1000, ncyc    =      10, ntmin   =       1
     dx0     =   0.01000, drms    =   0.00010
|  INFO: Old style inpcrd file read


    LOADING THE CONSTRAINED ATOMS AS GROUPS


   5.  REFERENCE ATOM COORDINATES

  defa
     Mask !@H=; matches   799 atoms

--------------------------------------------------------------------------------
   3.  ATOMIC COORDINATES AND VELOCITIES
--------------------------------------------------------------------------------

default_name                                                                    
 begin time read from input coords =     0.000 ps

 Number of triangulated 3-point waters found:        0

--------------------------------------------------------------------------------
   4.  RESULTS
--------------------------------------------------------------------------------



   NSTEP       ENERGY          RMS            GMAX         NAME    NUMBER
      1      -2.2188E+03     9.0533E+00     6.4969E+01     OD1       590

 BOND    =       69.8894  ANGLE   =      211.5551  DIHED      =     1081.5329
 VDWAALS =     -662.9184  EEL     =    -6973.7804  EGB        =    -2090.0646
 1-4 VDW =      438.1333  1-4 EEL =     5706.8867  RESTRAINT  =        0.0000


   NSTEP       ENERGY          RMS            GMAX         NAME    NUMBER
    100      -2.5671E+03     3.2700E-01     4.8066E+00     CG        589

 BOND    =       30.4885  ANGLE   =      203.5327  DIHED      =     1083.0039
 VDWAALS =     -792.3021  EEL     =    -6984.5564  EGB        =    -2108.0856
 1-4 VDW =      330.4889  1-4 EEL =     5628.6702  RESTRAINT  =       41.6208
 EAMBER  =    -2608.7599


   NSTEP       ENERGY          RMS            GMAX         NAME    NUMBER
    200      -2.5729E+03     2.1187E-01     2.9002E+00     CG        589

 BOND    =       30.6035  ANGLE   =      204.2693  DIHED      =     1081.9631
 VDWAALS =     -795.3746  EEL     =    -6991.9542  EGB        =    -2104.6879
 1-4 VDW =      330.0235  1-4 EEL =     5628.6845  RESTRAINT  =       43.6147
 EAMBER  =    -2616.4728


   NSTEP       ENERGY          RMS            GMAX         NAME    NUMBER
    300      -2.5746E+03     2.3178E-02     3.4244E-01     OG1      1388

 BOND    =       30.2922  ANGLE   =      203.7807  DIHED      =     1080.9651
 VDWAALS =     -796.3369  EEL     =    -6993.8818  EGB        =    -2103.4546
 1-4 VDW =      330.8924  1-4 EEL =     5629.7847  RESTRAINT  =       43.4077
 EAMBER  =    -2617.9580


   NSTEP       ENERGY          RMS            GMAX         NAME    NUMBER
    400      -2.5795E+03     1.4962E-01     3.2393E+00     CG        589

 BOND    =       30.5791  ANGLE   =      204.5175  DIHED      =     1080.7072
 VDWAALS =     -795.5883  EEL     =    -6997.7496  EGB        =    -2105.3272
 1-4 VDW =      330.3367  1-4 EEL =     5629.4696  RESTRAINT  =       43.6021
 EAMBER  =    -2623.0550


   NSTEP       ENERGY          RMS            GMAX         NAME    NUMBER
    500      -2.5797E+03     1.3327E-02     1.5042E-01     C          23

 BOND    =       30.3432  ANGLE   =      203.8059  DIHED      =     1080.4967
 VDWAALS =     -795.1713  EEL     =    -6997.9895  EGB        =    -2105.6217
 1-4 VDW =      331.1376  1-4 EEL =     5630.2667  RESTRAINT  =       43.0382
 EAMBER  =    -2622.7325


   NSTEP       ENERGY          RMS            GMAX         NAME    NUMBER
    600      -2.5797E+03     2.0902E-03     1.7400E-02     CA          5

 BOND    =       30.3281  ANGLE   =      203.7707  DIHED      =     1080.5083
 VDWAALS =     -795.1649  EEL     =    -6997.9406  EGB        =    -2105.6906
 1-4 VDW =      331.1904  1-4 EEL =     5630.2965  RESTRAINT  =       43.0060
 EAMBER  =    -2622.7022


   NSTEP       ENERGY          RMS            GMAX         NAME    NUMBER
    700      -2.5797E+03     2.5594E-04     3.0310E-03     HB        599

 BOND    =       30.3268  ANGLE   =      203.7725  DIHED      =     1080.5127
 VDWAALS =     -795.1685  EEL     =    -6997.9238  EGB        =    -2105.7112
 1-4 VDW =      331.1924  1-4 EEL =     5630.2970  RESTRAINT  =       43.0058
 EAMBER  =    -2622.7022


                    FINAL RESULTS



   NSTEP       ENERGY          RMS            GMAX         NAME    NUMBER
    749      -2.5797E+03     9.6180E-05     1.0952E-03     CE2       650

 BOND    =       30.3268  ANGLE   =      203.7728  DIHED      =     1080.5131
 VDWAALS =     -795.1691  EEL     =    -6997.9212  EGB        =    -2105.7129
 1-4 VDW =      331.1924  1-4 EEL =     5630.2958  RESTRAINT  =       43.0060
 EAMBER  =    -2622.7023

--------------------------------------------------------------------------------
   5.  TIMINGS
--------------------------------------------------------------------------------

|                Calc gb radii             44.83 (20.50% of Gen B)
|                Calc gb diag              83.00 (37.95% of Gen B)
|                Calc gb off-diag          90.87 (41.55% of Gen B)
|             Gen Born time            218.70 (100.0% of Nonbo)
|          Nonbond force            218.70 (99.29% of Force)
|          Bond/Angle/Dihedral        1.55 ( 0.71% of Force)
|          Other                      0.01 ( 0.01% of Force)
|       Force time               220.27 (100.0% of Runmd)
|    Runmd Time               220.27 (99.78% of Total)
|    Other                      0.48 ( 0.22% of Total)
| Total time               220.76 (100.0% of ALL  )

| Number of list builds   :          0

| Highest rstack allocated:          0
| Highest istack allocated:          0
|           Job began  at 12:55:55.309  on 02/03/2016
|           Setup done at 12:55:55.360  on 02/03/2016
|           Run   done at 12:59:36.064  on 02/03/2016
|     wallclock() was called   13510 times
