
          -------------------------------------------------------
          Amber 14 SANDER                              2014
          -------------------------------------------------------

| Run on 02/03/2016 at 14:16:52

|   Executable path: sander
| Working directory: /lustre/cs1500/scratch/kmb413/RealDecoyDisc/DecoyDiscrimination/decoys.set2.init/1aaj/Rosetta_relaxed
|          Hostname: slepner30


File Assignments:
|  MDIN: /scratch/kmb413/RealDecoyDisc/DecoyDiscrimination/scripts/min/min.in  
| MDOUT: NoH_3_empty_tag_1_561_0001.out                                        
|INPCRD: NoH_3_empty_tag_1_561_0001.rst7                                       
|  PARM: NoH_3_empty_tag_1_561_0001.parm7                                      
|RESTRT: min_NoH_3_empty_tag_1_561_0001.rst7                                   
|  REFC: NoH_3_empty_tag_1_561_0001.rst7                                       
| MDVEL: mdvel                                                                 
| MDFRC: mdfrc                                                                 
|  MDEN: mden                                                                  
| MDCRD: mdcrd                                                                 
|MDINFO: mdinfo                                                                
|  MTMD: mtmd                                                                  
|INPDIP: inpdip                                                                
|RSTDIP: rstdip                                                                
|INPTRA: inptraj                                                               


 Here is the input file:

                                                                               
&cntrl                                                                         
    imin = 1, maxcyc=1000,                                                     
    ntx = 1,                                                                   
    ntwr = 100, ntpr = 100,                                                    
    cut = 999.0,                                                               
    ntb = 0, igb = 8,                                                          
    ntr = 1, restraint_wt = 10, restraintmask = "!@H=",                        
/                                                                              

--------------------------------------------------------------------------------
   1.  RESOURCE   USE: 
--------------------------------------------------------------------------------

| Flags:                                                                        
| New format PARM file being parsed.
| Version =    1.000 Date = 02/03/16 Time = 11:49:24
 NATOM  =    1590 NTYPES =      14 NBONH =     791 MBONA  =     820
 NTHETH =    1812 MTHETA =    1115 NPHIH =    3578 MPHIA  =    3525
 NHPARM =       0 NPARM  =       0 NNB   =    8805 NRES   =     104
 NBONA  =     820 NTHETA =    1115 NPHIA =    3525 NUMBND =      65
 NUMANG =     152 NPTRA  =     189 NATYP =      33 NPHB   =       0
 IFBOX  =       0 NMXRS  =      24 IFCAP =       0 NEXTRA =       0
 NCOPY  =       0

 Implicit solvent radii are ArgH and AspGluO modified Bondi2 radii (mbondi3)                                
 Replacing prmtop screening parameters with GBn2 (igb=8) values

|     Memory Use     Allocated
|     Real              145027
|     Hollerith           4876
|     Integer           109197
|     Max Pairs              1
|     nblistReal             0
|     nblist Int             0
|       Total             1578 kbytes

| Note: 1-4 EEL scale factors are being read from the topology file.

| Note: 1-4 VDW scale factors are being read from the topology file.
| Duplicated    0 dihedrals
| Duplicated    0 dihedrals

--------------------------------------------------------------------------------
   2.  CONTROL  DATA  FOR  THE  RUN
--------------------------------------------------------------------------------

default_name                                                                    

General flags:
     imin    =       1, nmropt  =       0

Nature and format of input:
     ntx     =       1, irest   =       0, ntrx    =       1

Nature and format of output:
     ntxo    =       1, ntpr    =     100, ntrx    =       1, ntwr    =     100
     iwrap   =       0, ntwx    =       0, ntwv    =       0, ntwe    =       0
     ioutfm  =       0, ntwprt  =       0, idecomp =       0, rbornstat=      0

Potential function:
     ntf     =       1, ntb     =       0, igb     =       8, nsnb    =      25
     ipol    =       0, gbsa    =       0, iesp    =       0
     dielc   =   1.00000, cut     = 999.00000, intdiel =   1.00000
     saltcon =   0.00000, offset  =   0.19514, surften =   0.00500
     rdt     =   0.00000, rgbmax  =  25.00000  extdiel =  78.50000
     alpb  =        0
     gbalphaH  =   0.78844, gbbetaH   =   0.79870,  gbgammaH  =    0.43733
     gbalphaC  =   0.73376, gbbetaC   =   0.50638,  gbgammaC  =    0.20584
     gbalphaN  =   0.50336, gbbetaN   =   0.31683,  gbgammaN  =    0.19292
     gbalphaOS =   0.86781, gbbetaOS  =   0.87664,  gbgammaOS =    0.38788
     gbalphaP  =   1.00000, gbbetaP   =   0.80000,  gbgammaP  =    4.85000
     gb_alpha_hnu  =   0.53705, gb_beta_hnu   =   0.36286,  gb_gamma_hnu  =    0.11670
     gb_alpha_cnu  =   0.33167, gb_beta_cnu   =   0.19684,  gb_gamma_cnu  =    0.09342
     gb_alpha_nnu  =   0.68631, gb_beta_nnu   =   0.46319,  gb_gamma_nnu  =    0.13872
     gb_alpha_onu  =   0.60634, gb_beta_onu   =   0.46301,  gb_gamma_onu  =    0.14226
     gb_alpha_pnu  =   0.41836, gb_beta_pnu   =   0.29005,  gb_gamma_pnu  =    0.10642

Frozen or restrained atoms:
     ibelly  =       0, ntr     =       1
     restraint_wt =  10.00000

Energy minimization:
     maxcyc  =    1000, ncyc    =      10, ntmin   =       1
     dx0     =   0.01000, drms    =   0.00010
|  INFO: Old style inpcrd file read


    LOADING THE CONSTRAINED ATOMS AS GROUPS


   5.  REFERENCE ATOM COORDINATES

  defa
     Mask !@H=; matches   799 atoms

--------------------------------------------------------------------------------
   3.  ATOMIC COORDINATES AND VELOCITIES
--------------------------------------------------------------------------------

default_name                                                                    
 begin time read from input coords =     0.000 ps

 Number of triangulated 3-point waters found:        0

--------------------------------------------------------------------------------
   4.  RESULTS
--------------------------------------------------------------------------------



   NSTEP       ENERGY          RMS            GMAX         NAME    NUMBER
      1      -2.1644E+03     9.2545E+00     7.2010E+01     OE1       104

 BOND    =       69.9523  ANGLE   =      212.1712  DIHED      =     1085.3186
 VDWAALS =     -634.3763  EEL     =    -7261.8329  EGB        =    -1789.1001
 1-4 VDW =      442.4805  1-4 EEL =     5710.9555  RESTRAINT  =        0.0000


   NSTEP       ENERGY          RMS            GMAX         NAME    NUMBER
    100      -2.5536E+03     3.0137E-01     4.4690E+00     CD        480

 BOND    =       32.5326  ANGLE   =      211.3522  DIHED      =     1090.1951
 VDWAALS =     -808.8897  EEL     =    -7271.0330  EGB        =    -1801.6569
 1-4 VDW =      329.9568  1-4 EEL =     5618.6091  RESTRAINT  =       45.3057
 EAMBER  =    -2598.9338


   NSTEP       ENERGY          RMS            GMAX         NAME    NUMBER
    200      -2.5607E+03     3.9161E-01     6.5626E+00     HG       1180

 BOND    =       33.0165  ANGLE   =      213.2805  DIHED      =     1090.3436
 VDWAALS =     -813.5585  EEL     =    -7286.9459  EGB        =    -1793.4430
 1-4 VDW =      328.3177  1-4 EEL =     5619.6305  RESTRAINT  =       48.6117
 EAMBER  =    -2609.3586


   NSTEP       ENERGY          RMS            GMAX         NAME    NUMBER
    300      -2.5670E+03     4.9740E-02     6.3319E-01     H3          4

 BOND    =       32.2629  ANGLE   =      211.0886  DIHED      =     1087.0381
 VDWAALS =     -812.3342  EEL     =    -7292.5433  EGB        =    -1791.6968
 1-4 VDW =      330.6142  1-4 EEL =     5621.3833  RESTRAINT  =       47.2295
 EAMBER  =    -2614.1872


   NSTEP       ENERGY          RMS            GMAX         NAME    NUMBER
    400      -2.5673E+03     2.8398E-02     5.1715E-01     HG        116

 BOND    =       32.1687  ANGLE   =      210.9536  DIHED      =     1087.1415
 VDWAALS =     -812.7695  EEL     =    -7293.9201  EGB        =    -1790.5523
 1-4 VDW =      330.8006  1-4 EEL =     5621.7317  RESTRAINT  =       47.1786
 EAMBER  =    -2614.4457


   NSTEP       ENERGY          RMS            GMAX         NAME    NUMBER
    500      -2.5758E+03     1.1373E-01     1.6644E+00     HB3       114

 BOND    =       32.5305  ANGLE   =      210.4937  DIHED      =     1086.1982
 VDWAALS =     -811.1044  EEL     =    -7312.7944  EGB        =    -1780.1076
 1-4 VDW =      330.9994  1-4 EEL =     5621.4119  RESTRAINT  =       46.5497
 EAMBER  =    -2622.3726


   NSTEP       ENERGY          RMS            GMAX         NAME    NUMBER
    600      -2.5760E+03     3.2062E-03     4.1214E-02     CE2       650

 BOND    =       32.3137  ANGLE   =      210.2440  DIHED      =     1086.1243
 VDWAALS =     -810.7038  EEL     =    -7312.9479  EGB        =    -1780.1513
 1-4 VDW =      331.4329  1-4 EEL =     5621.5850  RESTRAINT  =       46.1409
 EAMBER  =    -2622.1031


   NSTEP       ENERGY          RMS            GMAX         NAME    NUMBER
    700      -2.5760E+03     3.5838E-04     5.4931E-03     CA         95

 BOND    =       32.3088  ANGLE   =      210.2387  DIHED      =     1086.1214
 VDWAALS =     -810.6979  EEL     =    -7312.9476  EGB        =    -1780.1483
 1-4 VDW =      331.4429  1-4 EEL =     5621.5856  RESTRAINT  =       46.1340
 EAMBER  =    -2622.0965


                    FINAL RESULTS



   NSTEP       ENERGY          RMS            GMAX         NAME    NUMBER
    797      -2.5760E+03     9.6989E-05     1.7346E-03     CD        193

 BOND    =       32.3091  ANGLE   =      210.2400  DIHED      =     1086.1213
 VDWAALS =     -810.6992  EEL     =    -7312.9485  EGB        =    -1780.1492
 1-4 VDW =      331.4427  1-4 EEL =     5621.5865  RESTRAINT  =       46.1348
 EAMBER  =    -2622.0973

--------------------------------------------------------------------------------
   5.  TIMINGS
--------------------------------------------------------------------------------

|                Calc gb radii             47.67 (20.42% of Gen B)
|                Calc gb diag              88.43 (37.88% of Gen B)
|                Calc gb off-diag          97.33 (41.69% of Gen B)
|             Gen Born time            233.43 (100.0% of Nonbo)
|          Nonbond force            233.43 (99.29% of Force)
|          Bond/Angle/Dihedral        1.65 ( 0.70% of Force)
|          Other                      0.01 ( 0.01% of Force)
|       Force time               235.10 (100.0% of Runmd)
|    Runmd Time               235.10 (99.71% of Total)
|    Other                      0.68 ( 0.29% of Total)
| Total time               235.78 (100.0% of ALL  )

| Number of list builds   :          0

| Highest rstack allocated:          0
| Highest istack allocated:          0
|           Job began  at 14:16:52.846  on 02/03/2016
|           Setup done at 14:16:52.897  on 02/03/2016
|           Run   done at 14:20:48.627  on 02/03/2016
|     wallclock() was called   14374 times
