
          -------------------------------------------------------
          Amber 14 SANDER                              2014
          -------------------------------------------------------

| Run on 02/03/2016 at 13:01:15

|   Executable path: sander
| Working directory: /lustre/cs1500/scratch/kmb413/RealDecoyDisc/DecoyDiscrimination/decoys.set2.init/1aaj/Rosetta_relaxed
|          Hostname: slepner25


File Assignments:
|  MDIN: /scratch/kmb413/RealDecoyDisc/DecoyDiscrimination/scripts/min/min.in  
| MDOUT: NoH_5_empty_tag_1_860_0001.out                                        
|INPCRD: NoH_5_empty_tag_1_860_0001.rst7                                       
|  PARM: NoH_5_empty_tag_1_860_0001.parm7                                      
|RESTRT: min_NoH_5_empty_tag_1_860_0001.rst7                                   
|  REFC: NoH_5_empty_tag_1_860_0001.rst7                                       
| MDVEL: mdvel                                                                 
| MDFRC: mdfrc                                                                 
|  MDEN: mden                                                                  
| MDCRD: mdcrd                                                                 
|MDINFO: mdinfo                                                                
|  MTMD: mtmd                                                                  
|INPDIP: inpdip                                                                
|RSTDIP: rstdip                                                                
|INPTRA: inptraj                                                               


 Here is the input file:

                                                                               
&cntrl                                                                         
    imin = 1, maxcyc=1000,                                                     
    ntx = 1,                                                                   
    ntwr = 100, ntpr = 100,                                                    
    cut = 999.0,                                                               
    ntb = 0, igb = 8,                                                          
    ntr = 1, restraint_wt = 10, restraintmask = "!@H=",                        
/                                                                              

--------------------------------------------------------------------------------
   1.  RESOURCE   USE: 
--------------------------------------------------------------------------------

| Flags:                                                                        
| New format PARM file being parsed.
| Version =    1.000 Date = 02/03/16 Time = 11:53:22
 NATOM  =    1590 NTYPES =      14 NBONH =     791 MBONA  =     820
 NTHETH =    1812 MTHETA =    1115 NPHIH =    3578 MPHIA  =    3525
 NHPARM =       0 NPARM  =       0 NNB   =    8805 NRES   =     104
 NBONA  =     820 NTHETA =    1115 NPHIA =    3525 NUMBND =      65
 NUMANG =     152 NPTRA  =     189 NATYP =      33 NPHB   =       0
 IFBOX  =       0 NMXRS  =      24 IFCAP =       0 NEXTRA =       0
 NCOPY  =       0

 Implicit solvent radii are ArgH and AspGluO modified Bondi2 radii (mbondi3)                                
 Replacing prmtop screening parameters with GBn2 (igb=8) values

|     Memory Use     Allocated
|     Real              145027
|     Hollerith           4876
|     Integer           109197
|     Max Pairs              1
|     nblistReal             0
|     nblist Int             0
|       Total             1578 kbytes

| Note: 1-4 EEL scale factors are being read from the topology file.

| Note: 1-4 VDW scale factors are being read from the topology file.
| Duplicated    0 dihedrals
| Duplicated    0 dihedrals

--------------------------------------------------------------------------------
   2.  CONTROL  DATA  FOR  THE  RUN
--------------------------------------------------------------------------------

default_name                                                                    

General flags:
     imin    =       1, nmropt  =       0

Nature and format of input:
     ntx     =       1, irest   =       0, ntrx    =       1

Nature and format of output:
     ntxo    =       1, ntpr    =     100, ntrx    =       1, ntwr    =     100
     iwrap   =       0, ntwx    =       0, ntwv    =       0, ntwe    =       0
     ioutfm  =       0, ntwprt  =       0, idecomp =       0, rbornstat=      0

Potential function:
     ntf     =       1, ntb     =       0, igb     =       8, nsnb    =      25
     ipol    =       0, gbsa    =       0, iesp    =       0
     dielc   =   1.00000, cut     = 999.00000, intdiel =   1.00000
     saltcon =   0.00000, offset  =   0.19514, surften =   0.00500
     rdt     =   0.00000, rgbmax  =  25.00000  extdiel =  78.50000
     alpb  =        0
     gbalphaH  =   0.78844, gbbetaH   =   0.79870,  gbgammaH  =    0.43733
     gbalphaC  =   0.73376, gbbetaC   =   0.50638,  gbgammaC  =    0.20584
     gbalphaN  =   0.50336, gbbetaN   =   0.31683,  gbgammaN  =    0.19292
     gbalphaOS =   0.86781, gbbetaOS  =   0.87664,  gbgammaOS =    0.38788
     gbalphaP  =   1.00000, gbbetaP   =   0.80000,  gbgammaP  =    4.85000
     gb_alpha_hnu  =   0.53705, gb_beta_hnu   =   0.36286,  gb_gamma_hnu  =    0.11670
     gb_alpha_cnu  =   0.33167, gb_beta_cnu   =   0.19684,  gb_gamma_cnu  =    0.09342
     gb_alpha_nnu  =   0.68631, gb_beta_nnu   =   0.46319,  gb_gamma_nnu  =    0.13872
     gb_alpha_onu  =   0.60634, gb_beta_onu   =   0.46301,  gb_gamma_onu  =    0.14226
     gb_alpha_pnu  =   0.41836, gb_beta_pnu   =   0.29005,  gb_gamma_pnu  =    0.10642

Frozen or restrained atoms:
     ibelly  =       0, ntr     =       1
     restraint_wt =  10.00000

Energy minimization:
     maxcyc  =    1000, ncyc    =      10, ntmin   =       1
     dx0     =   0.01000, drms    =   0.00010
|  INFO: Old style inpcrd file read


    LOADING THE CONSTRAINED ATOMS AS GROUPS


   5.  REFERENCE ATOM COORDINATES

  defa
     Mask !@H=; matches   799 atoms

--------------------------------------------------------------------------------
   3.  ATOMIC COORDINATES AND VELOCITIES
--------------------------------------------------------------------------------

default_name                                                                    
 begin time read from input coords =     0.000 ps

 Number of triangulated 3-point waters found:        0

--------------------------------------------------------------------------------
   4.  RESULTS
--------------------------------------------------------------------------------



   NSTEP       ENERGY          RMS            GMAX         NAME    NUMBER
      1      -2.2185E+03     9.0408E+00     6.1529E+01     OE1      1120

 BOND    =       69.8450  ANGLE   =      211.0458  DIHED      =     1066.6461
 VDWAALS =     -661.2715  EEL     =    -7246.4077  EGB        =    -1775.3843
 1-4 VDW =      435.3053  1-4 EEL =     5681.7500  RESTRAINT  =        0.0000


   NSTEP       ENERGY          RMS            GMAX         NAME    NUMBER
    100      -2.5800E+03     3.4262E-01     2.4585E+00     CE2       650

 BOND    =       30.6487  ANGLE   =      204.8341  DIHED      =     1072.0266
 VDWAALS =     -798.5776  EEL     =    -7282.7943  EGB        =    -1789.9721
 1-4 VDW =      329.6028  1-4 EEL =     5610.9383  RESTRAINT  =       43.2520
 EAMBER  =    -2623.2935


   NSTEP       ENERGY          RMS            GMAX         NAME    NUMBER
    200      -2.6003E+03     5.9823E-01     1.8815E+01     HG1      1213

 BOND    =       32.6256  ANGLE   =      206.3811  DIHED      =     1069.6823
 VDWAALS =     -798.4676  EEL     =    -7320.0147  EGB        =    -1775.5207
 1-4 VDW =      328.4404  1-4 EEL =     5612.5014  RESTRAINT  =       44.0716
 EAMBER  =    -2644.3723


   NSTEP       ENERGY          RMS            GMAX         NAME    NUMBER
    300      -2.6060E+03     5.9217E-02     8.0703E-01     H2          3

 BOND    =       31.3613  ANGLE   =      205.6007  DIHED      =     1067.7771
 VDWAALS =     -797.8618  EEL     =    -7323.0037  EGB        =    -1775.2532
 1-4 VDW =      330.0655  1-4 EEL =     5612.3639  RESTRAINT  =       42.9805
 EAMBER  =    -2648.9501


   NSTEP       ENERGY          RMS            GMAX         NAME    NUMBER
    400      -2.6063E+03     7.5008E-03     1.3498E-01     CA          5

 BOND    =       31.2333  ANGLE   =      205.2980  DIHED      =     1067.4052
 VDWAALS =     -797.8206  EEL     =    -7322.9229  EGB        =    -1775.2925
 1-4 VDW =      330.3728  1-4 EEL =     5612.5452  RESTRAINT  =       42.8685
 EAMBER  =    -2649.1814


   NSTEP       ENERGY          RMS            GMAX         NAME    NUMBER
    500      -2.6063E+03     1.4243E-03     2.1300E-02     CG       1324

 BOND    =       31.2271  ANGLE   =      205.2838  DIHED      =     1067.4164
 VDWAALS =     -797.8381  EEL     =    -7323.0329  EGB        =    -1775.2166
 1-4 VDW =      330.3903  1-4 EEL =     5612.5843  RESTRAINT  =       42.8693
 EAMBER  =    -2649.1856

     ... RESTARTED DUE TO LINMIN FAILURE ...


   NSTEP       ENERGY          RMS            GMAX         NAME    NUMBER
    600      -2.6063E+03     1.1831E-03     1.3369E-02     HG22     1210

 BOND    =       31.2283  ANGLE   =      205.2853  DIHED      =     1067.4263
 VDWAALS =     -797.8463  EEL     =    -7323.1172  EGB        =    -1775.1607
 1-4 VDW =      330.3885  1-4 EEL =     5612.6052  RESTRAINT  =       42.8735
 EAMBER  =    -2649.1904


   NSTEP       ENERGY          RMS            GMAX         NAME    NUMBER
    700      -2.6063E+03     1.3630E-03     2.4674E-02     CD        103

 BOND    =       31.2289  ANGLE   =      205.2846  DIHED      =     1067.4276
 VDWAALS =     -797.8466  EEL     =    -7323.1299  EGB        =    -1775.1522
 1-4 VDW =      330.3882  1-4 EEL =     5612.6093  RESTRAINT  =       42.8735
 EAMBER  =    -2649.1904


   NSTEP       ENERGY          RMS            GMAX         NAME    NUMBER
    800      -2.6063E+03     6.8175E-04     1.5380E-02     CD        103

 BOND    =       31.2287  ANGLE   =      205.2849  DIHED      =     1067.4286
 VDWAALS =     -797.8468  EEL     =    -7323.1388  EGB        =    -1775.1458
 1-4 VDW =      330.3878  1-4 EEL =     5612.6110  RESTRAINT  =       42.8736
 EAMBER  =    -2649.1905


   NSTEP       ENERGY          RMS            GMAX         NAME    NUMBER
    900      -2.6063E+03     3.0124E-04     4.0302E-03     CD        193

 BOND    =       31.2289  ANGLE   =      205.2850  DIHED      =     1067.4296
 VDWAALS =     -797.8471  EEL     =    -7323.1473  EGB        =    -1775.1403
 1-4 VDW =      330.3876  1-4 EEL =     5612.6132  RESTRAINT  =       42.8735
 EAMBER  =    -2649.1905


   NSTEP       ENERGY          RMS            GMAX         NAME    NUMBER
   1000      -2.6063E+03     3.0805E-04     2.7407E-03     HA          6

 BOND    =       31.2290  ANGLE   =      205.2854  DIHED      =     1067.4305
 VDWAALS =     -797.8474  EEL     =    -7323.1550  EGB        =    -1775.1352
 1-4 VDW =      330.3872  1-4 EEL =     5612.6150  RESTRAINT  =       42.8735
 EAMBER  =    -2649.1904


  Maximum number of minimization cycles reached.


                    FINAL RESULTS



   NSTEP       ENERGY          RMS            GMAX         NAME    NUMBER
   1000      -2.6063E+03     3.0805E-04     2.7407E-03     HA          6

 BOND    =       31.2290  ANGLE   =      205.2854  DIHED      =     1067.4305
 VDWAALS =     -797.8474  EEL     =    -7323.1550  EGB        =    -1775.1352
 1-4 VDW =      330.3872  1-4 EEL =     5612.6150  RESTRAINT  =       42.8735
 EAMBER  =    -2649.1904

--------------------------------------------------------------------------------
   5.  TIMINGS
--------------------------------------------------------------------------------

|                Calc gb radii             59.52 (20.40% of Gen B)
|                Calc gb diag             110.84 (38.00% of Gen B)
|                Calc gb off-diag         121.36 (41.60% of Gen B)
|             Gen Born time            291.72 (100.0% of Nonbo)
|          Nonbond force            291.72 (99.28% of Force)
|          Bond/Angle/Dihedral        2.08 ( 0.71% of Force)
|          Other                      0.02 ( 0.01% of Force)
|       Force time               293.83 (100.0% of Runmd)
|    Runmd Time               293.83 (99.71% of Total)
|    Other                      0.86 ( 0.29% of Total)
| Total time               294.69 (100.0% of ALL  )

| Number of list builds   :          0

| Highest rstack allocated:          0
| Highest istack allocated:          0
|           Job began  at 13:01:15.729  on 02/03/2016
|           Setup done at 13:01:15.780  on 02/03/2016
|           Run   done at 13:06:10.416  on 02/03/2016
|     wallclock() was called   18028 times
