
          -------------------------------------------------------
          Amber 14 SANDER                              2014
          -------------------------------------------------------

| Run on 02/03/2016 at 14:42:10

|   Executable path: sander
| Working directory: /lustre/cs1500/scratch/kmb413/RealDecoyDisc/DecoyDiscrimination/decoys.set2.init/1aaj/Rosetta_relaxed
|          Hostname: slepner1


File Assignments:
|  MDIN: /scratch/kmb413/RealDecoyDisc/DecoyDiscrimination/scripts/min/min.in  
| MDOUT: NoH_5_empty_tag_962_0001_0001.out                                     
|INPCRD: NoH_5_empty_tag_962_0001_0001.rst7                                    
|  PARM: NoH_5_empty_tag_962_0001_0001.parm7                                   
|RESTRT: min_NoH_5_empty_tag_962_0001_0001.rst7                                
|  REFC: NoH_5_empty_tag_962_0001_0001.rst7                                    
| MDVEL: mdvel                                                                 
| MDFRC: mdfrc                                                                 
|  MDEN: mden                                                                  
| MDCRD: mdcrd                                                                 
|MDINFO: mdinfo                                                                
|  MTMD: mtmd                                                                  
|INPDIP: inpdip                                                                
|RSTDIP: rstdip                                                                
|INPTRA: inptraj                                                               


 Here is the input file:

                                                                               
&cntrl                                                                         
    imin = 1, maxcyc=1000,                                                     
    ntx = 1,                                                                   
    ntwr = 100, ntpr = 100,                                                    
    cut = 999.0,                                                               
    ntb = 0, igb = 8,                                                          
    ntr = 1, restraint_wt = 10, restraintmask = "!@H=",                        
/                                                                              

--------------------------------------------------------------------------------
   1.  RESOURCE   USE: 
--------------------------------------------------------------------------------

| Flags:                                                                        
| New format PARM file being parsed.
| Version =    1.000 Date = 02/03/16 Time = 11:54:14
 NATOM  =    1590 NTYPES =      14 NBONH =     791 MBONA  =     820
 NTHETH =    1812 MTHETA =    1115 NPHIH =    3578 MPHIA  =    3525
 NHPARM =       0 NPARM  =       0 NNB   =    8805 NRES   =     104
 NBONA  =     820 NTHETA =    1115 NPHIA =    3525 NUMBND =      65
 NUMANG =     152 NPTRA  =     189 NATYP =      33 NPHB   =       0
 IFBOX  =       0 NMXRS  =      24 IFCAP =       0 NEXTRA =       0
 NCOPY  =       0

 Implicit solvent radii are ArgH and AspGluO modified Bondi2 radii (mbondi3)                                
 Replacing prmtop screening parameters with GBn2 (igb=8) values

|     Memory Use     Allocated
|     Real              145027
|     Hollerith           4876
|     Integer           109197
|     Max Pairs              1
|     nblistReal             0
|     nblist Int             0
|       Total             1578 kbytes

| Note: 1-4 EEL scale factors are being read from the topology file.

| Note: 1-4 VDW scale factors are being read from the topology file.
| Duplicated    0 dihedrals
| Duplicated    0 dihedrals

--------------------------------------------------------------------------------
   2.  CONTROL  DATA  FOR  THE  RUN
--------------------------------------------------------------------------------

default_name                                                                    

General flags:
     imin    =       1, nmropt  =       0

Nature and format of input:
     ntx     =       1, irest   =       0, ntrx    =       1

Nature and format of output:
     ntxo    =       1, ntpr    =     100, ntrx    =       1, ntwr    =     100
     iwrap   =       0, ntwx    =       0, ntwv    =       0, ntwe    =       0
     ioutfm  =       0, ntwprt  =       0, idecomp =       0, rbornstat=      0

Potential function:
     ntf     =       1, ntb     =       0, igb     =       8, nsnb    =      25
     ipol    =       0, gbsa    =       0, iesp    =       0
     dielc   =   1.00000, cut     = 999.00000, intdiel =   1.00000
     saltcon =   0.00000, offset  =   0.19514, surften =   0.00500
     rdt     =   0.00000, rgbmax  =  25.00000  extdiel =  78.50000
     alpb  =        0
     gbalphaH  =   0.78844, gbbetaH   =   0.79870,  gbgammaH  =    0.43733
     gbalphaC  =   0.73376, gbbetaC   =   0.50638,  gbgammaC  =    0.20584
     gbalphaN  =   0.50336, gbbetaN   =   0.31683,  gbgammaN  =    0.19292
     gbalphaOS =   0.86781, gbbetaOS  =   0.87664,  gbgammaOS =    0.38788
     gbalphaP  =   1.00000, gbbetaP   =   0.80000,  gbgammaP  =    4.85000
     gb_alpha_hnu  =   0.53705, gb_beta_hnu   =   0.36286,  gb_gamma_hnu  =    0.11670
     gb_alpha_cnu  =   0.33167, gb_beta_cnu   =   0.19684,  gb_gamma_cnu  =    0.09342
     gb_alpha_nnu  =   0.68631, gb_beta_nnu   =   0.46319,  gb_gamma_nnu  =    0.13872
     gb_alpha_onu  =   0.60634, gb_beta_onu   =   0.46301,  gb_gamma_onu  =    0.14226
     gb_alpha_pnu  =   0.41836, gb_beta_pnu   =   0.29005,  gb_gamma_pnu  =    0.10642

Frozen or restrained atoms:
     ibelly  =       0, ntr     =       1
     restraint_wt =  10.00000

Energy minimization:
     maxcyc  =    1000, ncyc    =      10, ntmin   =       1
     dx0     =   0.01000, drms    =   0.00010
|  INFO: Old style inpcrd file read


    LOADING THE CONSTRAINED ATOMS AS GROUPS


   5.  REFERENCE ATOM COORDINATES

  defa
     Mask !@H=; matches   799 atoms

--------------------------------------------------------------------------------
   3.  ATOMIC COORDINATES AND VELOCITIES
--------------------------------------------------------------------------------

default_name                                                                    
 begin time read from input coords =     0.000 ps

 Number of triangulated 3-point waters found:        0

--------------------------------------------------------------------------------
   4.  RESULTS
--------------------------------------------------------------------------------



   NSTEP       ENERGY          RMS            GMAX         NAME    NUMBER
      1      -2.1858E+03     9.1323E+00     6.5493E+01     OXT      1590

 BOND    =       71.5838  ANGLE   =      211.8464  DIHED      =     1078.8376
 VDWAALS =     -656.7670  EEL     =    -7003.8193  EGB        =    -2050.1096
 1-4 VDW =      438.2316  1-4 EEL =     5724.3496  RESTRAINT  =        0.0000


   NSTEP       ENERGY          RMS            GMAX         NAME    NUMBER
    100      -2.5517E+03     4.1364E-01     5.2990E+00     CG        589

 BOND    =       32.2686  ANGLE   =      209.2689  DIHED      =     1080.5744
 VDWAALS =     -803.2086  EEL     =    -7023.2408  EGB        =    -2057.1835
 1-4 VDW =      327.3450  1-4 EEL =     5640.6225  RESTRAINT  =       41.8760
 EAMBER  =    -2593.5535


   NSTEP       ENERGY          RMS            GMAX         NAME    NUMBER
    200      -2.5558E+03     2.0369E-01     5.3485E+00     CG        589

 BOND    =       31.7662  ANGLE   =      208.6678  DIHED      =     1080.6251
 VDWAALS =     -806.1895  EEL     =    -7030.5818  EGB        =    -2055.1755
 1-4 VDW =      328.1866  1-4 EEL =     5643.3735  RESTRAINT  =       43.4922
 EAMBER  =    -2599.3277


   NSTEP       ENERGY          RMS            GMAX         NAME    NUMBER
    300      -2.5579E+03     1.4611E-01     1.6295E+00     N           1

 BOND    =       32.0791  ANGLE   =      208.9486  DIHED      =     1078.7530
 VDWAALS =     -806.7301  EEL     =    -7029.4327  EGB        =    -2055.7566
 1-4 VDW =      327.7487  1-4 EEL =     5642.7592  RESTRAINT  =       43.7077
 EAMBER  =    -2601.6307


   NSTEP       ENERGY          RMS            GMAX         NAME    NUMBER
    400      -2.5585E+03     2.4525E-02     4.0491E-01     CA          5

 BOND    =       31.7339  ANGLE   =      208.3915  DIHED      =     1078.1478
 VDWAALS =     -806.3211  EEL     =    -7029.5315  EGB        =    -2055.3519
 1-4 VDW =      328.2944  1-4 EEL =     5642.8762  RESTRAINT  =       43.2361
 EAMBER  =    -2601.7606


   NSTEP       ENERGY          RMS            GMAX         NAME    NUMBER
    500      -2.5585E+03     1.5441E-02     2.1116E-01     HG       1180

 BOND    =       31.7428  ANGLE   =      208.3911  DIHED      =     1078.2218
 VDWAALS =     -806.3605  EEL     =    -7030.0288  EGB        =    -2054.9460
 1-4 VDW =      328.2795  1-4 EEL =     5642.9175  RESTRAINT  =       43.2472
 EAMBER  =    -2601.7826


   NSTEP       ENERGY          RMS            GMAX         NAME    NUMBER
    600      -2.5586E+03     5.6627E-02     8.3337E-01     CG        589

 BOND    =       31.8182  ANGLE   =      208.5414  DIHED      =     1078.4714
 VDWAALS =     -806.5077  EEL     =    -7031.5204  EGB        =    -2053.9425
 1-4 VDW =      328.1175  1-4 EEL =     5643.0452  RESTRAINT  =       43.4031
 EAMBER  =    -2601.9769


   NSTEP       ENERGY          RMS            GMAX         NAME    NUMBER
    700      -2.5646E+03     3.4054E-02     5.0924E-01     HB2      1177

 BOND    =       31.9598  ANGLE   =      208.5303  DIHED      =     1077.8986
 VDWAALS =     -804.8470  EEL     =    -7042.2744  EGB        =    -2049.5037
 1-4 VDW =      328.0709  1-4 EEL =     5642.4951  RESTRAINT  =       43.0648
 EAMBER  =    -2607.6704


   NSTEP       ENERGY          RMS            GMAX         NAME    NUMBER
    800      -2.5647E+03     4.2013E-02     6.0763E-01     CD       1260

 BOND    =       31.9346  ANGLE   =      208.4619  DIHED      =     1077.9542
 VDWAALS =     -804.7238  EEL     =    -7044.1578  EGB        =    -2048.4783
 1-4 VDW =      328.2141  1-4 EEL =     5643.0278  RESTRAINT  =       43.0323
 EAMBER  =    -2607.7672


   NSTEP       ENERGY          RMS            GMAX         NAME    NUMBER
    900      -2.5653E+03     7.8998E-02     1.7862E+00     HG1       635

 BOND    =       32.1311  ANGLE   =      208.8096  DIHED      =     1077.3720
 VDWAALS =     -805.1388  EEL     =    -7047.9470  EGB        =    -2045.5971
 1-4 VDW =      327.8566  1-4 EEL =     5643.6970  RESTRAINT  =       43.4692
 EAMBER  =    -2608.8166


   NSTEP       ENERGY          RMS            GMAX         NAME    NUMBER
   1000      -2.5660E+03     1.1066E-02     2.0990E-01     HG1       635

 BOND    =       31.8885  ANGLE   =      208.4023  DIHED      =     1076.3745
 VDWAALS =     -804.8126  EEL     =    -7049.0254  EGB        =    -2044.3213
 1-4 VDW =      328.3407  1-4 EEL =     5644.1971  RESTRAINT  =       42.9908
 EAMBER  =    -2608.9560


  Maximum number of minimization cycles reached.


                    FINAL RESULTS



   NSTEP       ENERGY          RMS            GMAX         NAME    NUMBER
   1000      -2.5660E+03     1.1066E-02     2.0990E-01     HG1       635

 BOND    =       31.8885  ANGLE   =      208.4023  DIHED      =     1076.3745
 VDWAALS =     -804.8126  EEL     =    -7049.0254  EGB        =    -2044.3213
 1-4 VDW =      328.3407  1-4 EEL =     5644.1971  RESTRAINT  =       42.9908
 EAMBER  =    -2608.9560

--------------------------------------------------------------------------------
   5.  TIMINGS
--------------------------------------------------------------------------------

|                Calc gb radii             59.22 (20.38% of Gen B)
|                Calc gb diag             109.55 (37.71% of Gen B)
|                Calc gb off-diag         121.75 (41.91% of Gen B)
|             Gen Born time            290.52 (100.0% of Nonbo)
|          Nonbond force            290.52 (99.28% of Force)
|          Bond/Angle/Dihedral        2.10 ( 0.72% of Force)
|          Other                      0.02 ( 0.01% of Force)
|       Force time               292.63 (100.0% of Runmd)
|    Runmd Time               292.63 (99.79% of Total)
|    Other                      0.61 ( 0.21% of Total)
| Total time               293.24 (100.0% of ALL  )

| Number of list builds   :          0

| Highest rstack allocated:          0
| Highest istack allocated:          0
|           Job began  at 14:42:10.079  on 02/03/2016
|           Setup done at 14:42:10.188  on 02/03/2016
|           Run   done at 14:47:03.324  on 02/03/2016
|     wallclock() was called   18028 times
