
          -------------------------------------------------------
          Amber 14 SANDER                              2014
          -------------------------------------------------------

| Run on 02/03/2016 at 14:32:55

|   Executable path: sander
| Working directory: /lustre/cs1500/scratch/kmb413/RealDecoyDisc/DecoyDiscrimination/decoys.set2.init/1aaj/Rosetta_relaxed
|          Hostname: slepner7


File Assignments:
|  MDIN: /scratch/kmb413/RealDecoyDisc/DecoyDiscrimination/scripts/min/min.in  
| MDOUT: NoH_1_empty_tag_1_868_0001.out                                        
|INPCRD: NoH_1_empty_tag_1_868_0001.rst7                                       
|  PARM: NoH_1_empty_tag_1_868_0001.parm7                                      
|RESTRT: min_NoH_1_empty_tag_1_868_0001.rst7                                   
|  REFC: NoH_1_empty_tag_1_868_0001.rst7                                       
| MDVEL: mdvel                                                                 
| MDFRC: mdfrc                                                                 
|  MDEN: mden                                                                  
| MDCRD: mdcrd                                                                 
|MDINFO: mdinfo                                                                
|  MTMD: mtmd                                                                  
|INPDIP: inpdip                                                                
|RSTDIP: rstdip                                                                
|INPTRA: inptraj                                                               


 Here is the input file:

                                                                               
&cntrl                                                                         
    imin = 1, maxcyc=1000,                                                     
    ntx = 1,                                                                   
    ntwr = 100, ntpr = 100,                                                    
    cut = 999.0,                                                               
    ntb = 0, igb = 8,                                                          
    ntr = 1, restraint_wt = 10, restraintmask = "!@H=",                        
/                                                                              

--------------------------------------------------------------------------------
   1.  RESOURCE   USE: 
--------------------------------------------------------------------------------

| Flags:                                                                        
| New format PARM file being parsed.
| Version =    1.000 Date = 02/03/16 Time = 11:45:31
 NATOM  =    1590 NTYPES =      14 NBONH =     791 MBONA  =     820
 NTHETH =    1812 MTHETA =    1115 NPHIH =    3578 MPHIA  =    3525
 NHPARM =       0 NPARM  =       0 NNB   =    8805 NRES   =     104
 NBONA  =     820 NTHETA =    1115 NPHIA =    3525 NUMBND =      65
 NUMANG =     152 NPTRA  =     189 NATYP =      33 NPHB   =       0
 IFBOX  =       0 NMXRS  =      24 IFCAP =       0 NEXTRA =       0
 NCOPY  =       0

 Implicit solvent radii are ArgH and AspGluO modified Bondi2 radii (mbondi3)                                
 Replacing prmtop screening parameters with GBn2 (igb=8) values

|     Memory Use     Allocated
|     Real              145027
|     Hollerith           4876
|     Integer           109197
|     Max Pairs              1
|     nblistReal             0
|     nblist Int             0
|       Total             1578 kbytes

| Note: 1-4 EEL scale factors are being read from the topology file.

| Note: 1-4 VDW scale factors are being read from the topology file.
| Duplicated    0 dihedrals
| Duplicated    0 dihedrals

--------------------------------------------------------------------------------
   2.  CONTROL  DATA  FOR  THE  RUN
--------------------------------------------------------------------------------

default_name                                                                    

General flags:
     imin    =       1, nmropt  =       0

Nature and format of input:
     ntx     =       1, irest   =       0, ntrx    =       1

Nature and format of output:
     ntxo    =       1, ntpr    =     100, ntrx    =       1, ntwr    =     100
     iwrap   =       0, ntwx    =       0, ntwv    =       0, ntwe    =       0
     ioutfm  =       0, ntwprt  =       0, idecomp =       0, rbornstat=      0

Potential function:
     ntf     =       1, ntb     =       0, igb     =       8, nsnb    =      25
     ipol    =       0, gbsa    =       0, iesp    =       0
     dielc   =   1.00000, cut     = 999.00000, intdiel =   1.00000
     saltcon =   0.00000, offset  =   0.19514, surften =   0.00500
     rdt     =   0.00000, rgbmax  =  25.00000  extdiel =  78.50000
     alpb  =        0
     gbalphaH  =   0.78844, gbbetaH   =   0.79870,  gbgammaH  =    0.43733
     gbalphaC  =   0.73376, gbbetaC   =   0.50638,  gbgammaC  =    0.20584
     gbalphaN  =   0.50336, gbbetaN   =   0.31683,  gbgammaN  =    0.19292
     gbalphaOS =   0.86781, gbbetaOS  =   0.87664,  gbgammaOS =    0.38788
     gbalphaP  =   1.00000, gbbetaP   =   0.80000,  gbgammaP  =    4.85000
     gb_alpha_hnu  =   0.53705, gb_beta_hnu   =   0.36286,  gb_gamma_hnu  =    0.11670
     gb_alpha_cnu  =   0.33167, gb_beta_cnu   =   0.19684,  gb_gamma_cnu  =    0.09342
     gb_alpha_nnu  =   0.68631, gb_beta_nnu   =   0.46319,  gb_gamma_nnu  =    0.13872
     gb_alpha_onu  =   0.60634, gb_beta_onu   =   0.46301,  gb_gamma_onu  =    0.14226
     gb_alpha_pnu  =   0.41836, gb_beta_pnu   =   0.29005,  gb_gamma_pnu  =    0.10642

Frozen or restrained atoms:
     ibelly  =       0, ntr     =       1
     restraint_wt =  10.00000

Energy minimization:
     maxcyc  =    1000, ncyc    =      10, ntmin   =       1
     dx0     =   0.01000, drms    =   0.00010
|  INFO: Old style inpcrd file read


    LOADING THE CONSTRAINED ATOMS AS GROUPS


   5.  REFERENCE ATOM COORDINATES

  defa
     Mask !@H=; matches   799 atoms

--------------------------------------------------------------------------------
   3.  ATOMIC COORDINATES AND VELOCITIES
--------------------------------------------------------------------------------

default_name                                                                    
 begin time read from input coords =     0.000 ps

 Number of triangulated 3-point waters found:        0

--------------------------------------------------------------------------------
   4.  RESULTS
--------------------------------------------------------------------------------



   NSTEP       ENERGY          RMS            GMAX         NAME    NUMBER
      1      -2.1632E+03     9.2354E+00     6.1367E+01     OE1       945

 BOND    =       72.6860  ANGLE   =      212.0506  DIHED      =     1080.4839
 VDWAALS =     -658.4691  EEL     =    -7411.2146  EGB        =    -1595.2851
 1-4 VDW =      441.2018  1-4 EEL =     5695.3577  RESTRAINT  =        0.0000


   NSTEP       ENERGY          RMS            GMAX         NAME    NUMBER
    100      -2.5654E+03     6.0564E-01     6.4651E+00     HG1      1213

 BOND    =       32.0355  ANGLE   =      212.5261  DIHED      =     1085.3075
 VDWAALS =     -811.8096  EEL     =    -7460.4973  EGB        =    -1609.4291
 1-4 VDW =      329.8763  1-4 EEL =     5610.6048  RESTRAINT  =       45.9593
 EAMBER  =    -2611.3858


   NSTEP       ENERGY          RMS            GMAX         NAME    NUMBER
    200      -2.5903E+03     1.8722E-01     1.6855E+00     HG1      1389

 BOND    =       31.7651  ANGLE   =      211.6306  DIHED      =     1079.8027
 VDWAALS =     -809.2929  EEL     =    -7490.9509  EGB        =    -1603.4205
 1-4 VDW =      330.9882  1-4 EEL =     5614.4674  RESTRAINT  =       44.6772
 EAMBER  =    -2635.0103


   NSTEP       ENERGY          RMS            GMAX         NAME    NUMBER
    300      -2.5919E+03     4.2590E-02     9.4626E-01     HG1       635

 BOND    =       31.6011  ANGLE   =      211.1691  DIHED      =     1079.6179
 VDWAALS =     -810.1865  EEL     =    -7494.0363  EGB        =    -1603.1832
 1-4 VDW =      331.7524  1-4 EEL =     5616.7921  RESTRAINT  =       44.5899
 EAMBER  =    -2636.4735


   NSTEP       ENERGY          RMS            GMAX         NAME    NUMBER
    400      -2.5927E+03     1.9620E-02     5.4437E-01     HG1       635

 BOND    =       31.5913  ANGLE   =      211.0699  DIHED      =     1078.5747
 VDWAALS =     -810.1296  EEL     =    -7494.4312  EGB        =    -1602.6232
 1-4 VDW =      331.9052  1-4 EEL =     5616.9341  RESTRAINT  =       44.4377
 EAMBER  =    -2637.1089


   NSTEP       ENERGY          RMS            GMAX         NAME    NUMBER
    500      -2.5927E+03     5.8780E-03     8.0523E-02     HG1       635

 BOND    =       31.5822  ANGLE   =      210.9902  DIHED      =     1078.3920
 VDWAALS =     -810.0784  EEL     =    -7494.4318  EGB        =    -1602.5119
 1-4 VDW =      331.9876  1-4 EEL =     5616.9841  RESTRAINT  =       44.3730
 EAMBER  =    -2637.0862


   NSTEP       ENERGY          RMS            GMAX         NAME    NUMBER
    600      -2.5927E+03     1.4925E-03     1.6567E-02     CD       1585

 BOND    =       31.5787  ANGLE   =      210.9828  DIHED      =     1078.3721
 VDWAALS =     -810.0810  EEL     =    -7494.4420  EGB        =    -1602.5015
 1-4 VDW =      332.0017  1-4 EEL =     5617.0051  RESTRAINT  =       44.3693
 EAMBER  =    -2637.0841


   NSTEP       ENERGY          RMS            GMAX         NAME    NUMBER
    700      -2.5927E+03     6.5706E-04     9.3123E-03     CD       1585

 BOND    =       31.5778  ANGLE   =      210.9791  DIHED      =     1078.3711
 VDWAALS =     -810.0775  EEL     =    -7494.4399  EGB        =    -1602.5028
 1-4 VDW =      332.0057  1-4 EEL =     5617.0043  RESTRAINT  =       44.3674
 EAMBER  =    -2637.0823


   NSTEP       ENERGY          RMS            GMAX         NAME    NUMBER
    800      -2.5927E+03     2.0610E-04     3.1964E-03     HG23      633

 BOND    =       31.5778  ANGLE   =      210.9792  DIHED      =     1078.3711
 VDWAALS =     -810.0791  EEL     =    -7494.4409  EGB        =    -1602.5024
 1-4 VDW =      332.0060  1-4 EEL =     5617.0050  RESTRAINT  =       44.3685
 EAMBER  =    -2637.0834


                    FINAL RESULTS



   NSTEP       ENERGY          RMS            GMAX         NAME    NUMBER
    823      -2.5927E+03     8.3230E-05     1.5117E-03     HD13      332

 BOND    =       31.5778  ANGLE   =      210.9790  DIHED      =     1078.3711
 VDWAALS =     -810.0793  EEL     =    -7494.4413  EGB        =    -1602.5024
 1-4 VDW =      332.0061  1-4 EEL =     5617.0055  RESTRAINT  =       44.3687
 EAMBER  =    -2637.0836

--------------------------------------------------------------------------------
   5.  TIMINGS
--------------------------------------------------------------------------------

|                Calc gb radii             49.22 (20.37% of Gen B)
|                Calc gb diag              91.72 (37.96% of Gen B)
|                Calc gb off-diag         100.68 (41.67% of Gen B)
|             Gen Born time            241.62 (100.0% of Nonbo)
|          Nonbond force            241.62 (99.30% of Force)
|          Bond/Angle/Dihedral        1.70 ( 0.70% of Force)
|          Other                      0.01 ( 0.01% of Force)
|       Force time               243.33 (100.0% of Runmd)
|    Runmd Time               243.33 (99.73% of Total)
|    Other                      0.65 ( 0.27% of Total)
| Total time               243.98 (100.0% of ALL  )

| Number of list builds   :          0

| Highest rstack allocated:          0
| Highest istack allocated:          0
|           Job began  at 14:32:55.957  on 02/03/2016
|           Setup done at 14:32:56.029  on 02/03/2016
|           Run   done at 14:36:59.937  on 02/03/2016
|     wallclock() was called   14842 times
