
          -------------------------------------------------------
          Amber 14 SANDER                              2014
          -------------------------------------------------------

| Run on 02/03/2016 at 14:01:31

|   Executable path: sander
| Working directory: /lustre/cs1500/scratch/kmb413/RealDecoyDisc/DecoyDiscrimination/decoys.set2.init/1aaj/Rosetta_relaxed
|          Hostname: slepner13


File Assignments:
|  MDIN: /scratch/kmb413/RealDecoyDisc/DecoyDiscrimination/scripts/min/min.in  
| MDOUT: NoH_3_empty_tag_317_0001_0001.out                                     
|INPCRD: NoH_3_empty_tag_317_0001_0001.rst7                                    
|  PARM: NoH_3_empty_tag_317_0001_0001.parm7                                   
|RESTRT: min_NoH_3_empty_tag_317_0001_0001.rst7                                
|  REFC: NoH_3_empty_tag_317_0001_0001.rst7                                    
| MDVEL: mdvel                                                                 
| MDFRC: mdfrc                                                                 
|  MDEN: mden                                                                  
| MDCRD: mdcrd                                                                 
|MDINFO: mdinfo                                                                
|  MTMD: mtmd                                                                  
|INPDIP: inpdip                                                                
|RSTDIP: rstdip                                                                
|INPTRA: inptraj                                                               


 Here is the input file:

                                                                               
&cntrl                                                                         
    imin = 1, maxcyc=1000,                                                     
    ntx = 1,                                                                   
    ntwr = 100, ntpr = 100,                                                    
    cut = 999.0,                                                               
    ntb = 0, igb = 8,                                                          
    ntr = 1, restraint_wt = 10, restraintmask = "!@H=",                        
/                                                                              

--------------------------------------------------------------------------------
   1.  RESOURCE   USE: 
--------------------------------------------------------------------------------

| Flags:                                                                        
| New format PARM file being parsed.
| Version =    1.000 Date = 02/03/16 Time = 11:49:52
 NATOM  =    1590 NTYPES =      14 NBONH =     791 MBONA  =     820
 NTHETH =    1812 MTHETA =    1115 NPHIH =    3578 MPHIA  =    3525
 NHPARM =       0 NPARM  =       0 NNB   =    8805 NRES   =     104
 NBONA  =     820 NTHETA =    1115 NPHIA =    3525 NUMBND =      65
 NUMANG =     152 NPTRA  =     189 NATYP =      33 NPHB   =       0
 IFBOX  =       0 NMXRS  =      24 IFCAP =       0 NEXTRA =       0
 NCOPY  =       0

 Implicit solvent radii are ArgH and AspGluO modified Bondi2 radii (mbondi3)                                
 Replacing prmtop screening parameters with GBn2 (igb=8) values

|     Memory Use     Allocated
|     Real              145027
|     Hollerith           4876
|     Integer           109197
|     Max Pairs              1
|     nblistReal             0
|     nblist Int             0
|       Total             1578 kbytes

| Note: 1-4 EEL scale factors are being read from the topology file.

| Note: 1-4 VDW scale factors are being read from the topology file.
| Duplicated    0 dihedrals
| Duplicated    0 dihedrals

--------------------------------------------------------------------------------
   2.  CONTROL  DATA  FOR  THE  RUN
--------------------------------------------------------------------------------

default_name                                                                    

General flags:
     imin    =       1, nmropt  =       0

Nature and format of input:
     ntx     =       1, irest   =       0, ntrx    =       1

Nature and format of output:
     ntxo    =       1, ntpr    =     100, ntrx    =       1, ntwr    =     100
     iwrap   =       0, ntwx    =       0, ntwv    =       0, ntwe    =       0
     ioutfm  =       0, ntwprt  =       0, idecomp =       0, rbornstat=      0

Potential function:
     ntf     =       1, ntb     =       0, igb     =       8, nsnb    =      25
     ipol    =       0, gbsa    =       0, iesp    =       0
     dielc   =   1.00000, cut     = 999.00000, intdiel =   1.00000
     saltcon =   0.00000, offset  =   0.19514, surften =   0.00500
     rdt     =   0.00000, rgbmax  =  25.00000  extdiel =  78.50000
     alpb  =        0
     gbalphaH  =   0.78844, gbbetaH   =   0.79870,  gbgammaH  =    0.43733
     gbalphaC  =   0.73376, gbbetaC   =   0.50638,  gbgammaC  =    0.20584
     gbalphaN  =   0.50336, gbbetaN   =   0.31683,  gbgammaN  =    0.19292
     gbalphaOS =   0.86781, gbbetaOS  =   0.87664,  gbgammaOS =    0.38788
     gbalphaP  =   1.00000, gbbetaP   =   0.80000,  gbgammaP  =    4.85000
     gb_alpha_hnu  =   0.53705, gb_beta_hnu   =   0.36286,  gb_gamma_hnu  =    0.11670
     gb_alpha_cnu  =   0.33167, gb_beta_cnu   =   0.19684,  gb_gamma_cnu  =    0.09342
     gb_alpha_nnu  =   0.68631, gb_beta_nnu   =   0.46319,  gb_gamma_nnu  =    0.13872
     gb_alpha_onu  =   0.60634, gb_beta_onu   =   0.46301,  gb_gamma_onu  =    0.14226
     gb_alpha_pnu  =   0.41836, gb_beta_pnu   =   0.29005,  gb_gamma_pnu  =    0.10642

Frozen or restrained atoms:
     ibelly  =       0, ntr     =       1
     restraint_wt =  10.00000

Energy minimization:
     maxcyc  =    1000, ncyc    =      10, ntmin   =       1
     dx0     =   0.01000, drms    =   0.00010
|  INFO: Old style inpcrd file read


    LOADING THE CONSTRAINED ATOMS AS GROUPS


   5.  REFERENCE ATOM COORDINATES

  defa
     Mask !@H=; matches   799 atoms

--------------------------------------------------------------------------------
   3.  ATOMIC COORDINATES AND VELOCITIES
--------------------------------------------------------------------------------

default_name                                                                    
 begin time read from input coords =     0.000 ps

 Number of triangulated 3-point waters found:        0

--------------------------------------------------------------------------------
   4.  RESULTS
--------------------------------------------------------------------------------



   NSTEP       ENERGY          RMS            GMAX         NAME    NUMBER
      1      -2.2669E+03     9.0569E+00     6.0441E+01     OE2       946

 BOND    =       69.8887  ANGLE   =      211.4780  DIHED      =     1067.3774
 VDWAALS =     -672.1608  EEL     =    -7420.4754  EGB        =    -1666.0292
 1-4 VDW =      438.2293  1-4 EEL =     5704.7877  RESTRAINT  =        0.0000


   NSTEP       ENERGY          RMS            GMAX         NAME    NUMBER
    100      -2.6141E+03     3.8989E-01     3.3600E+00     CD        193

 BOND    =       30.7617  ANGLE   =      206.2154  DIHED      =     1073.4697
 VDWAALS =     -800.3840  EEL     =    -7436.0937  EGB        =    -1684.1301
 1-4 VDW =      328.1978  1-4 EEL =     5627.4181  RESTRAINT  =       40.4181
 EAMBER  =    -2654.5450


   NSTEP       ENERGY          RMS            GMAX         NAME    NUMBER
    200      -2.6328E+03     1.4653E-01     2.4485E+00     OG1       604

 BOND    =       30.5420  ANGLE   =      205.6058  DIHED      =     1070.7681
 VDWAALS =     -798.6187  EEL     =    -7449.4814  EGB        =    -1688.4596
 1-4 VDW =      329.6441  1-4 EEL =     5627.2399  RESTRAINT  =       39.9637
 EAMBER  =    -2672.7597


   NSTEP       ENERGY          RMS            GMAX         NAME    NUMBER
    300      -2.6348E+03     8.4923E-02     1.3175E+00     CD       1119

 BOND    =       30.4149  ANGLE   =      205.5986  DIHED      =     1069.1065
 VDWAALS =     -798.8842  EEL     =    -7449.7454  EGB        =    -1688.6196
 1-4 VDW =      329.8601  1-4 EEL =     5627.5137  RESTRAINT  =       39.9155
 EAMBER  =    -2674.7554


   NSTEP       ENERGY          RMS            GMAX         NAME    NUMBER
    400      -2.6349E+03     8.5771E-03     1.0236E-01     HB       1207

 BOND    =       30.4089  ANGLE   =      205.4860  DIHED      =     1069.0251
 VDWAALS =     -798.8280  EEL     =    -7449.8389  EGB        =    -1688.5589
 1-4 VDW =      329.9820  1-4 EEL =     5627.5478  RESTRAINT  =       39.8776
 EAMBER  =    -2674.7759


   NSTEP       ENERGY          RMS            GMAX         NAME    NUMBER
    500      -2.6349E+03     1.4554E-03     1.5184E-02     OG1       604

 BOND    =       30.4087  ANGLE   =      205.4773  DIHED      =     1069.0203
 VDWAALS =     -798.8373  EEL     =    -7449.8674  EGB        =    -1688.5325
 1-4 VDW =      329.9772  1-4 EEL =     5627.5605  RESTRAINT  =       39.8932
 EAMBER  =    -2674.7933


   NSTEP       ENERGY          RMS            GMAX         NAME    NUMBER
    600      -2.6349E+03     1.3823E-03     1.1252E-02     CA         27

 BOND    =       30.4077  ANGLE   =      205.4714  DIHED      =     1069.0166
 VDWAALS =     -798.8299  EEL     =    -7449.8924  EGB        =    -1688.5154
 1-4 VDW =      329.9769  1-4 EEL =     5627.5668  RESTRAINT  =       39.8981
 EAMBER  =    -2674.7985


   NSTEP       ENERGY          RMS            GMAX         NAME    NUMBER
    700      -2.6349E+03     6.1718E-04     7.0012E-03     CG2        41

 BOND    =       30.4090  ANGLE   =      205.4730  DIHED      =     1069.0175
 VDWAALS =     -798.8353  EEL     =    -7449.8952  EGB        =    -1688.5146
 1-4 VDW =      329.9749  1-4 EEL =     5627.5678  RESTRAINT  =       39.9024
 EAMBER  =    -2674.8029


   NSTEP       ENERGY          RMS            GMAX         NAME    NUMBER
    800      -2.6349E+03     1.5352E-04     1.4850E-03     CA          5

 BOND    =       30.4089  ANGLE   =      205.4728  DIHED      =     1069.0173
 VDWAALS =     -798.8357  EEL     =    -7449.8965  EGB        =    -1688.5136
 1-4 VDW =      329.9747  1-4 EEL =     5627.5682  RESTRAINT  =       39.9033
 EAMBER  =    -2674.8038


                    FINAL RESULTS



   NSTEP       ENERGY          RMS            GMAX         NAME    NUMBER
    822      -2.6349E+03     7.8367E-05     1.0757E-03     HD13      332

 BOND    =       30.4090  ANGLE   =      205.4727  DIHED      =     1069.0173
 VDWAALS =     -798.8357  EEL     =    -7449.8970  EGB        =    -1688.5133
 1-4 VDW =      329.9748  1-4 EEL =     5627.5682  RESTRAINT  =       39.9035
 EAMBER  =    -2674.8040

--------------------------------------------------------------------------------
   5.  TIMINGS
--------------------------------------------------------------------------------

|                Calc gb radii             48.89 (20.44% of Gen B)
|                Calc gb diag              90.84 (37.98% of Gen B)
|                Calc gb off-diag          99.43 (41.57% of Gen B)
|             Gen Born time            239.16 (100.0% of Nonbo)
|          Nonbond force            239.16 (99.29% of Force)
|          Bond/Angle/Dihedral        1.70 ( 0.71% of Force)
|          Other                      0.01 ( 0.01% of Force)
|       Force time               240.88 (100.0% of Runmd)
|    Runmd Time               240.88 (99.80% of Total)
|    Other                      0.47 ( 0.19% of Total)
| Total time               241.35 (100.0% of ALL  )

| Number of list builds   :          0

| Highest rstack allocated:          0
| Highest istack allocated:          0
|           Job began  at 14:01:31.102  on 02/03/2016
|           Setup done at 14:01:31.187  on 02/03/2016
|           Run   done at 14:05:32.450  on 02/03/2016
|     wallclock() was called   14824 times
