
          -------------------------------------------------------
          Amber 14 SANDER                              2014
          -------------------------------------------------------

| Run on 02/03/2016 at 14:07:49

|   Executable path: sander
| Working directory: /lustre/cs1500/scratch/kmb413/RealDecoyDisc/DecoyDiscrimination/decoys.set2.init/1aaj/Rosetta_relaxed
|          Hostname: slepner30


File Assignments:
|  MDIN: /scratch/kmb413/RealDecoyDisc/DecoyDiscrimination/scripts/min/min.in  
| MDOUT: NoH_2_empty_tag_94_0001_0001.out                                      
|INPCRD: NoH_2_empty_tag_94_0001_0001.rst7                                     
|  PARM: NoH_2_empty_tag_94_0001_0001.parm7                                    
|RESTRT: min_NoH_2_empty_tag_94_0001_0001.rst7                                 
|  REFC: NoH_2_empty_tag_94_0001_0001.rst7                                     
| MDVEL: mdvel                                                                 
| MDFRC: mdfrc                                                                 
|  MDEN: mden                                                                  
| MDCRD: mdcrd                                                                 
|MDINFO: mdinfo                                                                
|  MTMD: mtmd                                                                  
|INPDIP: inpdip                                                                
|RSTDIP: rstdip                                                                
|INPTRA: inptraj                                                               


 Here is the input file:

                                                                               
&cntrl                                                                         
    imin = 1, maxcyc=1000,                                                     
    ntx = 1,                                                                   
    ntwr = 100, ntpr = 100,                                                    
    cut = 999.0,                                                               
    ntb = 0, igb = 8,                                                          
    ntr = 1, restraint_wt = 10, restraintmask = "!@H=",                        
/                                                                              

--------------------------------------------------------------------------------
   1.  RESOURCE   USE: 
--------------------------------------------------------------------------------

| Flags:                                                                        
| New format PARM file being parsed.
| Version =    1.000 Date = 02/03/16 Time = 11:48:25
 NATOM  =    1590 NTYPES =      14 NBONH =     791 MBONA  =     820
 NTHETH =    1812 MTHETA =    1115 NPHIH =    3578 MPHIA  =    3525
 NHPARM =       0 NPARM  =       0 NNB   =    8805 NRES   =     104
 NBONA  =     820 NTHETA =    1115 NPHIA =    3525 NUMBND =      65
 NUMANG =     152 NPTRA  =     189 NATYP =      33 NPHB   =       0
 IFBOX  =       0 NMXRS  =      24 IFCAP =       0 NEXTRA =       0
 NCOPY  =       0

 Implicit solvent radii are ArgH and AspGluO modified Bondi2 radii (mbondi3)                                
 Replacing prmtop screening parameters with GBn2 (igb=8) values

|     Memory Use     Allocated
|     Real              145027
|     Hollerith           4876
|     Integer           109197
|     Max Pairs              1
|     nblistReal             0
|     nblist Int             0
|       Total             1578 kbytes

| Note: 1-4 EEL scale factors are being read from the topology file.

| Note: 1-4 VDW scale factors are being read from the topology file.
| Duplicated    0 dihedrals
| Duplicated    0 dihedrals

--------------------------------------------------------------------------------
   2.  CONTROL  DATA  FOR  THE  RUN
--------------------------------------------------------------------------------

default_name                                                                    

General flags:
     imin    =       1, nmropt  =       0

Nature and format of input:
     ntx     =       1, irest   =       0, ntrx    =       1

Nature and format of output:
     ntxo    =       1, ntpr    =     100, ntrx    =       1, ntwr    =     100
     iwrap   =       0, ntwx    =       0, ntwv    =       0, ntwe    =       0
     ioutfm  =       0, ntwprt  =       0, idecomp =       0, rbornstat=      0

Potential function:
     ntf     =       1, ntb     =       0, igb     =       8, nsnb    =      25
     ipol    =       0, gbsa    =       0, iesp    =       0
     dielc   =   1.00000, cut     = 999.00000, intdiel =   1.00000
     saltcon =   0.00000, offset  =   0.19514, surften =   0.00500
     rdt     =   0.00000, rgbmax  =  25.00000  extdiel =  78.50000
     alpb  =        0
     gbalphaH  =   0.78844, gbbetaH   =   0.79870,  gbgammaH  =    0.43733
     gbalphaC  =   0.73376, gbbetaC   =   0.50638,  gbgammaC  =    0.20584
     gbalphaN  =   0.50336, gbbetaN   =   0.31683,  gbgammaN  =    0.19292
     gbalphaOS =   0.86781, gbbetaOS  =   0.87664,  gbgammaOS =    0.38788
     gbalphaP  =   1.00000, gbbetaP   =   0.80000,  gbgammaP  =    4.85000
     gb_alpha_hnu  =   0.53705, gb_beta_hnu   =   0.36286,  gb_gamma_hnu  =    0.11670
     gb_alpha_cnu  =   0.33167, gb_beta_cnu   =   0.19684,  gb_gamma_cnu  =    0.09342
     gb_alpha_nnu  =   0.68631, gb_beta_nnu   =   0.46319,  gb_gamma_nnu  =    0.13872
     gb_alpha_onu  =   0.60634, gb_beta_onu   =   0.46301,  gb_gamma_onu  =    0.14226
     gb_alpha_pnu  =   0.41836, gb_beta_pnu   =   0.29005,  gb_gamma_pnu  =    0.10642

Frozen or restrained atoms:
     ibelly  =       0, ntr     =       1
     restraint_wt =  10.00000

Energy minimization:
     maxcyc  =    1000, ncyc    =      10, ntmin   =       1
     dx0     =   0.01000, drms    =   0.00010
|  INFO: Old style inpcrd file read


    LOADING THE CONSTRAINED ATOMS AS GROUPS


   5.  REFERENCE ATOM COORDINATES

  defa
     Mask !@H=; matches   799 atoms

--------------------------------------------------------------------------------
   3.  ATOMIC COORDINATES AND VELOCITIES
--------------------------------------------------------------------------------

default_name                                                                    
 begin time read from input coords =     0.000 ps

 Number of triangulated 3-point waters found:        0

--------------------------------------------------------------------------------
   4.  RESULTS
--------------------------------------------------------------------------------



   NSTEP       ENERGY          RMS            GMAX         NAME    NUMBER
      1      -2.2502E+03     9.0321E+00     6.0994E+01     OE1       104

 BOND    =       69.1655  ANGLE   =      211.1734  DIHED      =     1066.7713
 VDWAALS =     -680.0556  EEL     =    -7455.9866  EGB        =    -1593.3476
 1-4 VDW =      441.3163  1-4 EEL =     5690.7923  RESTRAINT  =        0.0000


   NSTEP       ENERGY          RMS            GMAX         NAME    NUMBER
    100      -2.6059E+03     5.0527E-01     5.8637E+00     HG1       635

 BOND    =       31.2316  ANGLE   =      208.2015  DIHED      =     1067.8805
 VDWAALS =     -808.2177  EEL     =    -7468.6645  EGB        =    -1617.4893
 1-4 VDW =      329.9939  1-4 EEL =     5608.5635  RESTRAINT  =       42.5522
 EAMBER  =    -2648.5005


   NSTEP       ENERGY          RMS            GMAX         NAME    NUMBER
    200      -2.6194E+03     2.1216E-01     3.0628E+00     HG1      1389

 BOND    =       31.0639  ANGLE   =      206.9634  DIHED      =     1064.6838
 VDWAALS =     -807.5366  EEL     =    -7479.3530  EGB        =    -1617.2637
 1-4 VDW =      330.9921  1-4 EEL =     5609.0849  RESTRAINT  =       41.9877
 EAMBER  =    -2661.3653


   NSTEP       ENERGY          RMS            GMAX         NAME    NUMBER
    300      -2.6230E+03     2.6374E-02     3.3025E-01     HG1      1389

 BOND    =       30.5639  ANGLE   =      206.6337  DIHED      =     1062.4298
 VDWAALS =     -807.6702  EEL     =    -7482.8596  EGB        =    -1615.1579
 1-4 VDW =      331.9970  1-4 EEL =     5609.9689  RESTRAINT  =       41.0959
 EAMBER  =    -2664.0944


   NSTEP       ENERGY          RMS            GMAX         NAME    NUMBER
    400      -2.6230E+03     7.2320E-03     9.0748E-02     CZ3       655

 BOND    =       30.5517  ANGLE   =      206.5118  DIHED      =     1062.4413
 VDWAALS =     -807.7913  EEL     =    -7482.5447  EGB        =    -1615.3957
 1-4 VDW =      332.1073  1-4 EEL =     5609.9710  RESTRAINT  =       41.1145
 EAMBER  =    -2664.1485


   NSTEP       ENERGY          RMS            GMAX         NAME    NUMBER
    500      -2.6230E+03     2.6108E-02     5.2005E-01     CD       1260

 BOND    =       30.5811  ANGLE   =      206.5562  DIHED      =     1062.5986
 VDWAALS =     -807.8622  EEL     =    -7482.4220  EGB        =    -1615.5828
 1-4 VDW =      332.0689  1-4 EEL =     5609.8609  RESTRAINT  =       41.1532
 EAMBER  =    -2664.2013


   NSTEP       ENERGY          RMS            GMAX         NAME    NUMBER
    600      -2.6277E+03     3.5180E-01     5.3591E+00     HG1       605

 BOND    =       31.1227  ANGLE   =      208.2484  DIHED      =     1062.4627
 VDWAALS =     -807.7422  EEL     =    -7487.6276  EGB        =    -1616.3621
 1-4 VDW =      331.1605  1-4 EEL =     5609.2920  RESTRAINT  =       41.7770
 EAMBER  =    -2669.4456


   NSTEP       ENERGY          RMS            GMAX         NAME    NUMBER
    700      -2.6293E+03     9.4806E-03     1.5447E-01     CB        598

 BOND    =       30.6576  ANGLE   =      206.6264  DIHED      =     1061.9830
 VDWAALS =     -806.3489  EEL     =    -7488.7987  EGB        =    -1616.4075
 1-4 VDW =      332.1540  1-4 EEL =     5610.1027  RESTRAINT  =       40.6992
 EAMBER  =    -2670.0314


   NSTEP       ENERGY          RMS            GMAX         NAME    NUMBER
    800      -2.6293E+03     7.7607E-04     1.1099E-02     CG2       600

 BOND    =       30.6450  ANGLE   =      206.5967  DIHED      =     1061.9970
 VDWAALS =     -806.3233  EEL     =    -7488.7888  EGB        =    -1616.4433
 1-4 VDW =      332.1959  1-4 EEL =     5610.1214  RESTRAINT  =       40.6629
 EAMBER  =    -2669.9994


                    FINAL RESULTS



   NSTEP       ENERGY          RMS            GMAX         NAME    NUMBER
    871      -2.6293E+03     9.9869E-05     1.2196E-03     OG1      1212

 BOND    =       30.6432  ANGLE   =      206.5933  DIHED      =     1061.9986
 VDWAALS =     -806.3201  EEL     =    -7488.7872  EGB        =    -1616.4468
 1-4 VDW =      332.2010  1-4 EEL =     5610.1222  RESTRAINT  =       40.6593
 EAMBER  =    -2669.9959

--------------------------------------------------------------------------------
   5.  TIMINGS
--------------------------------------------------------------------------------

|                Calc gb radii             51.79 (20.41% of Gen B)
|                Calc gb diag              96.34 (37.96% of Gen B)
|                Calc gb off-diag         105.64 (41.63% of Gen B)
|             Gen Born time            253.78 (100.0% of Nonbo)
|          Nonbond force            253.78 (99.29% of Force)
|          Bond/Angle/Dihedral        1.81 ( 0.71% of Force)
|          Other                      0.01 ( 0.01% of Force)
|       Force time               255.60 (100.0% of Runmd)
|    Runmd Time               255.60 (99.75% of Total)
|    Other                      0.63 ( 0.24% of Total)
| Total time               256.23 (100.0% of ALL  )

| Number of list builds   :          0

| Highest rstack allocated:          0
| Highest istack allocated:          0
|           Job began  at 14:07:49.059  on 02/03/2016
|           Setup done at 14:07:49.130  on 02/03/2016
|           Run   done at 14:12:05.289  on 02/03/2016
|     wallclock() was called   15706 times
