
          -------------------------------------------------------
          Amber 14 SANDER                              2014
          -------------------------------------------------------

| Run on 02/03/2016 at 14:00:30

|   Executable path: sander
| Working directory: /lustre/cs1500/scratch/kmb413/RealDecoyDisc/DecoyDiscrimination/decoys.set2.init/1aaj/Rosetta_relaxed
|          Hostname: slepner43


File Assignments:
|  MDIN: /scratch/kmb413/RealDecoyDisc/DecoyDiscrimination/scripts/min/min.in  
| MDOUT: NoH_5_empty_tag_338_0001_1_0001.out                                   
|INPCRD: NoH_5_empty_tag_338_0001_1_0001.rst7                                  
|  PARM: NoH_5_empty_tag_338_0001_1_0001.parm7                                 
|RESTRT: min_NoH_5_empty_tag_338_0001_1_0001.rst7                              
|  REFC: NoH_5_empty_tag_338_0001_1_0001.rst7                                  
| MDVEL: mdvel                                                                 
| MDFRC: mdfrc                                                                 
|  MDEN: mden                                                                  
| MDCRD: mdcrd                                                                 
|MDINFO: mdinfo                                                                
|  MTMD: mtmd                                                                  
|INPDIP: inpdip                                                                
|RSTDIP: rstdip                                                                
|INPTRA: inptraj                                                               


 Here is the input file:

                                                                               
&cntrl                                                                         
    imin = 1, maxcyc=1000,                                                     
    ntx = 1,                                                                   
    ntwr = 100, ntpr = 100,                                                    
    cut = 999.0,                                                               
    ntb = 0, igb = 8,                                                          
    ntr = 1, restraint_wt = 10, restraintmask = "!@H=",                        
/                                                                              

--------------------------------------------------------------------------------
   1.  RESOURCE   USE: 
--------------------------------------------------------------------------------

| Flags:                                                                        
| New format PARM file being parsed.
| Version =    1.000 Date = 02/03/16 Time = 11:53:43
 NATOM  =    1590 NTYPES =      14 NBONH =     791 MBONA  =     820
 NTHETH =    1812 MTHETA =    1115 NPHIH =    3578 MPHIA  =    3525
 NHPARM =       0 NPARM  =       0 NNB   =    8805 NRES   =     104
 NBONA  =     820 NTHETA =    1115 NPHIA =    3525 NUMBND =      65
 NUMANG =     152 NPTRA  =     189 NATYP =      33 NPHB   =       0
 IFBOX  =       0 NMXRS  =      24 IFCAP =       0 NEXTRA =       0
 NCOPY  =       0

 Implicit solvent radii are ArgH and AspGluO modified Bondi2 radii (mbondi3)                                
 Replacing prmtop screening parameters with GBn2 (igb=8) values

|     Memory Use     Allocated
|     Real              145027
|     Hollerith           4876
|     Integer           109197
|     Max Pairs              1
|     nblistReal             0
|     nblist Int             0
|       Total             1578 kbytes

| Note: 1-4 EEL scale factors are being read from the topology file.

| Note: 1-4 VDW scale factors are being read from the topology file.
| Duplicated    0 dihedrals
| Duplicated    0 dihedrals

--------------------------------------------------------------------------------
   2.  CONTROL  DATA  FOR  THE  RUN
--------------------------------------------------------------------------------

default_name                                                                    

General flags:
     imin    =       1, nmropt  =       0

Nature and format of input:
     ntx     =       1, irest   =       0, ntrx    =       1

Nature and format of output:
     ntxo    =       1, ntpr    =     100, ntrx    =       1, ntwr    =     100
     iwrap   =       0, ntwx    =       0, ntwv    =       0, ntwe    =       0
     ioutfm  =       0, ntwprt  =       0, idecomp =       0, rbornstat=      0

Potential function:
     ntf     =       1, ntb     =       0, igb     =       8, nsnb    =      25
     ipol    =       0, gbsa    =       0, iesp    =       0
     dielc   =   1.00000, cut     = 999.00000, intdiel =   1.00000
     saltcon =   0.00000, offset  =   0.19514, surften =   0.00500
     rdt     =   0.00000, rgbmax  =  25.00000  extdiel =  78.50000
     alpb  =        0
     gbalphaH  =   0.78844, gbbetaH   =   0.79870,  gbgammaH  =    0.43733
     gbalphaC  =   0.73376, gbbetaC   =   0.50638,  gbgammaC  =    0.20584
     gbalphaN  =   0.50336, gbbetaN   =   0.31683,  gbgammaN  =    0.19292
     gbalphaOS =   0.86781, gbbetaOS  =   0.87664,  gbgammaOS =    0.38788
     gbalphaP  =   1.00000, gbbetaP   =   0.80000,  gbgammaP  =    4.85000
     gb_alpha_hnu  =   0.53705, gb_beta_hnu   =   0.36286,  gb_gamma_hnu  =    0.11670
     gb_alpha_cnu  =   0.33167, gb_beta_cnu   =   0.19684,  gb_gamma_cnu  =    0.09342
     gb_alpha_nnu  =   0.68631, gb_beta_nnu   =   0.46319,  gb_gamma_nnu  =    0.13872
     gb_alpha_onu  =   0.60634, gb_beta_onu   =   0.46301,  gb_gamma_onu  =    0.14226
     gb_alpha_pnu  =   0.41836, gb_beta_pnu   =   0.29005,  gb_gamma_pnu  =    0.10642

Frozen or restrained atoms:
     ibelly  =       0, ntr     =       1
     restraint_wt =  10.00000

Energy minimization:
     maxcyc  =    1000, ncyc    =      10, ntmin   =       1
     dx0     =   0.01000, drms    =   0.00010
|  INFO: Old style inpcrd file read


    LOADING THE CONSTRAINED ATOMS AS GROUPS


   5.  REFERENCE ATOM COORDINATES

  defa
     Mask !@H=; matches   799 atoms

--------------------------------------------------------------------------------
   3.  ATOMIC COORDINATES AND VELOCITIES
--------------------------------------------------------------------------------

default_name                                                                    
 begin time read from input coords =     0.000 ps

 Number of triangulated 3-point waters found:        0

--------------------------------------------------------------------------------
   4.  RESULTS
--------------------------------------------------------------------------------



   NSTEP       ENERGY          RMS            GMAX         NAME    NUMBER
      1      -2.0797E+03     9.1871E+00     6.0879E+01     OE2       105

 BOND    =       69.7495  ANGLE   =      211.0653  DIHED      =     1090.7406
 VDWAALS =     -576.5062  EEL     =    -7030.2663  EGB        =    -1955.0433
 1-4 VDW =      447.3737  1-4 EEL =     5663.2227  RESTRAINT  =        0.0000


   NSTEP       ENERGY          RMS            GMAX         NAME    NUMBER
    100      -2.4591E+03     2.9955E-01     2.8569E+00     CE2       650

 BOND    =       33.3549  ANGLE   =      214.5170  DIHED      =     1091.2690
 VDWAALS =     -713.0801  EEL     =    -7058.4195  EGB        =    -1966.6168
 1-4 VDW =      331.1481  1-4 EEL =     5564.4520  RESTRAINT  =       44.2937
 EAMBER  =    -2503.3753


   NSTEP       ENERGY          RMS            GMAX         NAME    NUMBER
    200      -2.4626E+03     1.4133E-01     1.8219E+00     H2          3

 BOND    =       33.4175  ANGLE   =      215.2282  DIHED      =     1091.1563
 VDWAALS =     -716.0380  EEL     =    -7062.2499  EGB        =    -1965.3329
 1-4 VDW =      330.9030  1-4 EEL =     5563.3947  RESTRAINT  =       46.8937
 EAMBER  =    -2509.5212


   NSTEP       ENERGY          RMS            GMAX         NAME    NUMBER
    300      -2.4641E+03     2.3537E-02     3.9377E-01     N           1

 BOND    =       33.1705  ANGLE   =      214.6065  DIHED      =     1090.1279
 VDWAALS =     -716.3188  EEL     =    -7062.6472  EGB        =    -1964.9372
 1-4 VDW =      331.6071  1-4 EEL =     5563.4654  RESTRAINT  =       46.7906
 EAMBER  =    -2510.9258


   NSTEP       ENERGY          RMS            GMAX         NAME    NUMBER
    400      -2.4642E+03     8.7423E-03     9.7090E-02     H2          3

 BOND    =       33.1349  ANGLE   =      214.5123  DIHED      =     1090.1964
 VDWAALS =     -716.3473  EEL     =    -7063.1219  EGB        =    -1964.6237
 1-4 VDW =      331.7174  1-4 EEL =     5563.5636  RESTRAINT  =       46.7900
 EAMBER  =    -2510.9684


   NSTEP       ENERGY          RMS            GMAX         NAME    NUMBER
    500      -2.4642E+03     3.7542E-02     4.6727E-01     HG1      1293

 BOND    =       33.2322  ANGLE   =      214.7095  DIHED      =     1090.3421
 VDWAALS =     -716.5005  EEL     =    -7064.5354  EGB        =    -1963.7200
 1-4 VDW =      331.4922  1-4 EEL =     5563.7918  RESTRAINT  =       46.9573
 EAMBER  =    -2511.1882


   NSTEP       ENERGY          RMS            GMAX         NAME    NUMBER
    600      -2.4657E+03     9.7723E-02     2.0359E+00     CE3       657

 BOND    =       33.2341  ANGLE   =      214.7898  DIHED      =     1088.8452
 VDWAALS =     -716.5034  EEL     =    -7069.0828  EGB        =    -1959.7301
 1-4 VDW =      331.4361  1-4 EEL =     5564.3360  RESTRAINT  =       46.9628
 EAMBER  =    -2512.6751


   NSTEP       ENERGY          RMS            GMAX         NAME    NUMBER
    700      -2.4659E+03     7.0399E-03     1.1033E-01     CD       1260

 BOND    =       33.1229  ANGLE   =      214.4717  DIHED      =     1088.5515
 VDWAALS =     -716.3714  EEL     =    -7069.9055  EGB        =    -1958.9873
 1-4 VDW =      331.7670  1-4 EEL =     5564.6527  RESTRAINT  =       46.7809
 EAMBER  =    -2512.6984


   NSTEP       ENERGY          RMS            GMAX         NAME    NUMBER
    800      -2.4659E+03     5.9782E-04     8.2441E-03     HG23     1291

 BOND    =       33.1081  ANGLE   =      214.4458  DIHED      =     1088.5431
 VDWAALS =     -716.3614  EEL     =    -7069.9442  EGB        =    -1958.9539
 1-4 VDW =      331.8034  1-4 EEL =     5564.6752  RESTRAINT  =       46.7650
 EAMBER  =    -2512.6839


                    FINAL RESULTS



   NSTEP       ENERGY          RMS            GMAX         NAME    NUMBER
    897      -2.4659E+03     8.9854E-05     1.2176E-03     HA3      1279

 BOND    =       33.1062  ANGLE   =      214.4426  DIHED      =     1088.5429
 VDWAALS =     -716.3614  EEL     =    -7069.9490  EGB        =    -1958.9507
 1-4 VDW =      331.8083  1-4 EEL =     5564.6790  RESTRAINT  =       46.7634
 EAMBER  =    -2512.6823

--------------------------------------------------------------------------------
   5.  TIMINGS
--------------------------------------------------------------------------------

|                Calc gb radii             51.59 (20.26% of Gen B)
|                Calc gb diag              94.61 (37.16% of Gen B)
|                Calc gb off-diag         108.40 (42.58% of Gen B)
|             Gen Born time            254.60 (100.0% of Nonbo)
|          Nonbond force            254.60 (99.26% of Force)
|          Bond/Angle/Dihedral        1.87 ( 0.73% of Force)
|          Other                      0.02 ( 0.01% of Force)
|       Force time               256.49 (100.0% of Runmd)
|    Runmd Time               256.49 (99.65% of Total)
|    Other                      0.90 ( 0.35% of Total)
| Total time               257.39 (100.0% of ALL  )

| Number of list builds   :          0

| Highest rstack allocated:          0
| Highest istack allocated:          0
|           Job began  at 14:00:30.456  on 02/03/2016
|           Setup done at 14:00:30.559  on 02/03/2016
|           Run   done at 14:04:47.845  on 02/03/2016
|     wallclock() was called   16174 times
