
          -------------------------------------------------------
          Amber 14 SANDER                              2014
          -------------------------------------------------------

| Run on 02/03/2016 at 13:16:59

|   Executable path: sander
| Working directory: /lustre/cs1500/scratch/kmb413/RealDecoyDisc/DecoyDiscrimination/decoys.set2.init/1aaj/Rosetta_relaxed
|          Hostname: slepner30


File Assignments:
|  MDIN: /scratch/kmb413/RealDecoyDisc/DecoyDiscrimination/scripts/min/min.in  
| MDOUT: NoH_2_empty_tag_44_0001_0001.out                                      
|INPCRD: NoH_2_empty_tag_44_0001_0001.rst7                                     
|  PARM: NoH_2_empty_tag_44_0001_0001.parm7                                    
|RESTRT: min_NoH_2_empty_tag_44_0001_0001.rst7                                 
|  REFC: NoH_2_empty_tag_44_0001_0001.rst7                                     
| MDVEL: mdvel                                                                 
| MDFRC: mdfrc                                                                 
|  MDEN: mden                                                                  
| MDCRD: mdcrd                                                                 
|MDINFO: mdinfo                                                                
|  MTMD: mtmd                                                                  
|INPDIP: inpdip                                                                
|RSTDIP: rstdip                                                                
|INPTRA: inptraj                                                               


 Here is the input file:

                                                                               
&cntrl                                                                         
    imin = 1, maxcyc=1000,                                                     
    ntx = 1,                                                                   
    ntwr = 100, ntpr = 100,                                                    
    cut = 999.0,                                                               
    ntb = 0, igb = 8,                                                          
    ntr = 1, restraint_wt = 10, restraintmask = "!@H=",                        
/                                                                              

--------------------------------------------------------------------------------
   1.  RESOURCE   USE: 
--------------------------------------------------------------------------------

| Flags:                                                                        
| New format PARM file being parsed.
| Version =    1.000 Date = 02/03/16 Time = 11:48:06
 NATOM  =    1590 NTYPES =      14 NBONH =     791 MBONA  =     820
 NTHETH =    1812 MTHETA =    1115 NPHIH =    3578 MPHIA  =    3525
 NHPARM =       0 NPARM  =       0 NNB   =    8805 NRES   =     104
 NBONA  =     820 NTHETA =    1115 NPHIA =    3525 NUMBND =      65
 NUMANG =     152 NPTRA  =     189 NATYP =      33 NPHB   =       0
 IFBOX  =       0 NMXRS  =      24 IFCAP =       0 NEXTRA =       0
 NCOPY  =       0

 Implicit solvent radii are ArgH and AspGluO modified Bondi2 radii (mbondi3)                                
 Replacing prmtop screening parameters with GBn2 (igb=8) values

|     Memory Use     Allocated
|     Real              145027
|     Hollerith           4876
|     Integer           109197
|     Max Pairs              1
|     nblistReal             0
|     nblist Int             0
|       Total             1578 kbytes

| Note: 1-4 EEL scale factors are being read from the topology file.

| Note: 1-4 VDW scale factors are being read from the topology file.
| Duplicated    0 dihedrals
| Duplicated    0 dihedrals

--------------------------------------------------------------------------------
   2.  CONTROL  DATA  FOR  THE  RUN
--------------------------------------------------------------------------------

default_name                                                                    

General flags:
     imin    =       1, nmropt  =       0

Nature and format of input:
     ntx     =       1, irest   =       0, ntrx    =       1

Nature and format of output:
     ntxo    =       1, ntpr    =     100, ntrx    =       1, ntwr    =     100
     iwrap   =       0, ntwx    =       0, ntwv    =       0, ntwe    =       0
     ioutfm  =       0, ntwprt  =       0, idecomp =       0, rbornstat=      0

Potential function:
     ntf     =       1, ntb     =       0, igb     =       8, nsnb    =      25
     ipol    =       0, gbsa    =       0, iesp    =       0
     dielc   =   1.00000, cut     = 999.00000, intdiel =   1.00000
     saltcon =   0.00000, offset  =   0.19514, surften =   0.00500
     rdt     =   0.00000, rgbmax  =  25.00000  extdiel =  78.50000
     alpb  =        0
     gbalphaH  =   0.78844, gbbetaH   =   0.79870,  gbgammaH  =    0.43733
     gbalphaC  =   0.73376, gbbetaC   =   0.50638,  gbgammaC  =    0.20584
     gbalphaN  =   0.50336, gbbetaN   =   0.31683,  gbgammaN  =    0.19292
     gbalphaOS =   0.86781, gbbetaOS  =   0.87664,  gbgammaOS =    0.38788
     gbalphaP  =   1.00000, gbbetaP   =   0.80000,  gbgammaP  =    4.85000
     gb_alpha_hnu  =   0.53705, gb_beta_hnu   =   0.36286,  gb_gamma_hnu  =    0.11670
     gb_alpha_cnu  =   0.33167, gb_beta_cnu   =   0.19684,  gb_gamma_cnu  =    0.09342
     gb_alpha_nnu  =   0.68631, gb_beta_nnu   =   0.46319,  gb_gamma_nnu  =    0.13872
     gb_alpha_onu  =   0.60634, gb_beta_onu   =   0.46301,  gb_gamma_onu  =    0.14226
     gb_alpha_pnu  =   0.41836, gb_beta_pnu   =   0.29005,  gb_gamma_pnu  =    0.10642

Frozen or restrained atoms:
     ibelly  =       0, ntr     =       1
     restraint_wt =  10.00000

Energy minimization:
     maxcyc  =    1000, ncyc    =      10, ntmin   =       1
     dx0     =   0.01000, drms    =   0.00010
|  INFO: Old style inpcrd file read


    LOADING THE CONSTRAINED ATOMS AS GROUPS


   5.  REFERENCE ATOM COORDINATES

  defa
     Mask !@H=; matches   799 atoms

--------------------------------------------------------------------------------
   3.  ATOMIC COORDINATES AND VELOCITIES
--------------------------------------------------------------------------------

default_name                                                                    
 begin time read from input coords =     0.000 ps

 Number of triangulated 3-point waters found:        0

--------------------------------------------------------------------------------
   4.  RESULTS
--------------------------------------------------------------------------------



   NSTEP       ENERGY          RMS            GMAX         NAME    NUMBER
      1      -2.2438E+03     9.1109E+00     6.6617E+01     OXT      1590

 BOND    =       70.4709  ANGLE   =      210.9746  DIHED      =     1075.8914
 VDWAALS =     -678.6907  EEL     =    -7458.7913  EGB        =    -1600.7279
 1-4 VDW =      436.4000  1-4 EEL =     5700.6523  RESTRAINT  =        0.0000


   NSTEP       ENERGY          RMS            GMAX         NAME    NUMBER
    100      -2.6018E+03     3.9002E-01     3.6725E+00     CE2       650

 BOND    =       31.3335  ANGLE   =      204.7576  DIHED      =     1077.5775
 VDWAALS =     -812.0898  EEL     =    -7475.0945  EGB        =    -1616.7579
 1-4 VDW =      329.2198  1-4 EEL =     5617.7460  RESTRAINT  =       41.5565
 EAMBER  =    -2643.3080


   NSTEP       ENERGY          RMS            GMAX         NAME    NUMBER
    200      -2.6149E+03     1.4649E-01     2.4916E+00     OG1       634

 BOND    =       31.5921  ANGLE   =      205.1387  DIHED      =     1075.8511
 VDWAALS =     -813.1593  EEL     =    -7482.2156  EGB        =    -1619.8779
 1-4 VDW =      329.6919  1-4 EEL =     5616.2933  RESTRAINT  =       41.8131
 EAMBER  =    -2656.6856


   NSTEP       ENERGY          RMS            GMAX         NAME    NUMBER
    300      -2.6204E+03     3.8739E-02     7.5660E-01     CA        596

 BOND    =       31.2875  ANGLE   =      204.4290  DIHED      =     1074.5960
 VDWAALS =     -811.5194  EEL     =    -7487.9799  EGB        =    -1620.3271
 1-4 VDW =      330.3979  1-4 EEL =     5617.6952  RESTRAINT  =       41.0246
 EAMBER  =    -2661.4207


   NSTEP       ENERGY          RMS            GMAX         NAME    NUMBER
    400      -2.6204E+03     1.5790E-02     2.3684E-01     C        1588

 BOND    =       31.2637  ANGLE   =      204.3886  DIHED      =     1074.6612
 VDWAALS =     -811.6085  EEL     =    -7487.9857  EGB        =    -1620.4045
 1-4 VDW =      330.4714  1-4 EEL =     5617.7853  RESTRAINT  =       41.0111
 EAMBER  =    -2661.4285


   NSTEP       ENERGY          RMS            GMAX         NAME    NUMBER
    500      -2.6204E+03     3.5747E-03     5.2238E-02     OG1       604

 BOND    =       31.2523  ANGLE   =      204.3874  DIHED      =     1074.6690
 VDWAALS =     -811.6311  EEL     =    -7488.0093  EGB        =    -1620.4124
 1-4 VDW =      330.4980  1-4 EEL =     5617.8154  RESTRAINT  =       41.0109
 EAMBER  =    -2661.4308


   NSTEP       ENERGY          RMS            GMAX         NAME    NUMBER
    600      -2.6204E+03     1.1803E-03     1.3815E-02     OG1       604

 BOND    =       31.2520  ANGLE   =      204.3858  DIHED      =     1074.6695
 VDWAALS =     -811.6358  EEL     =    -7488.0171  EGB        =    -1620.4109
 1-4 VDW =      330.4998  1-4 EEL =     5617.8223  RESTRAINT  =       41.0141
 EAMBER  =    -2661.4344


   NSTEP       ENERGY          RMS            GMAX         NAME    NUMBER
    700      -2.6204E+03     3.2892E-04     3.9478E-03     HD11      330

 BOND    =       31.2501  ANGLE   =      204.3810  DIHED      =     1074.6685
 VDWAALS =     -811.6305  EEL     =    -7488.0221  EGB        =    -1620.4110
 1-4 VDW =      330.5050  1-4 EEL =     5617.8268  RESTRAINT  =       41.0117
 EAMBER  =    -2661.4322


   NSTEP       ENERGY          RMS            GMAX         NAME    NUMBER
    800      -2.6204E+03     3.7282E-04     5.0736E-03     CD        437

 BOND    =       31.2502  ANGLE   =      204.3819  DIHED      =     1074.6689
 VDWAALS =     -811.6330  EEL     =    -7488.0232  EGB        =    -1620.4106
 1-4 VDW =      330.5047  1-4 EEL =     5617.8275  RESTRAINT  =       41.0130
 EAMBER  =    -2661.4336


                    FINAL RESULTS



   NSTEP       ENERGY          RMS            GMAX         NAME    NUMBER
    874      -2.6204E+03     9.9131E-05     1.7950E-03     HD11      330

 BOND    =       31.2502  ANGLE   =      204.3817  DIHED      =     1074.6689
 VDWAALS =     -811.6339  EEL     =    -7488.0241  EGB        =    -1620.4102
 1-4 VDW =      330.5050  1-4 EEL =     5617.8283  RESTRAINT  =       41.0136
 EAMBER  =    -2661.4342

--------------------------------------------------------------------------------
   5.  TIMINGS
--------------------------------------------------------------------------------

|                Calc gb radii             52.47 (20.50% of Gen B)
|                Calc gb diag              97.42 (38.05% of Gen B)
|                Calc gb off-diag         106.11 (41.45% of Gen B)
|             Gen Born time            256.01 (100.0% of Nonbo)
|          Nonbond force            256.01 (99.29% of Force)
|          Bond/Angle/Dihedral        1.82 ( 0.71% of Force)
|          Other                      0.01 ( 0.01% of Force)
|       Force time               257.84 (100.0% of Runmd)
|    Runmd Time               257.84 (99.66% of Total)
|    Other                      0.87 ( 0.33% of Total)
| Total time               258.71 (100.0% of ALL  )

| Number of list builds   :          0

| Highest rstack allocated:          0
| Highest istack allocated:          0
|           Job began  at 13:16:59.251  on 02/03/2016
|           Setup done at 13:16:59.301  on 02/03/2016
|           Run   done at 13:21:17.961  on 02/03/2016
|     wallclock() was called   15760 times
