
          -------------------------------------------------------
          Amber 14 SANDER                              2014
          -------------------------------------------------------

| Run on 02/03/2016 at 14:27:30

|   Executable path: sander
| Working directory: /lustre/cs1500/scratch/kmb413/RealDecoyDisc/DecoyDiscrimination/decoys.set2.init/1aaj/Rosetta_relaxed
|          Hostname: slepner25


File Assignments:
|  MDIN: /scratch/kmb413/RealDecoyDisc/DecoyDiscrimination/scripts/min/min.in  
| MDOUT: NoH_5_empty_tag_1_951_0001.out                                        
|INPCRD: NoH_5_empty_tag_1_951_0001.rst7                                       
|  PARM: NoH_5_empty_tag_1_951_0001.parm7                                      
|RESTRT: min_NoH_5_empty_tag_1_951_0001.rst7                                   
|  REFC: NoH_5_empty_tag_1_951_0001.rst7                                       
| MDVEL: mdvel                                                                 
| MDFRC: mdfrc                                                                 
|  MDEN: mden                                                                  
| MDCRD: mdcrd                                                                 
|MDINFO: mdinfo                                                                
|  MTMD: mtmd                                                                  
|INPDIP: inpdip                                                                
|RSTDIP: rstdip                                                                
|INPTRA: inptraj                                                               


 Here is the input file:

                                                                               
&cntrl                                                                         
    imin = 1, maxcyc=1000,                                                     
    ntx = 1,                                                                   
    ntwr = 100, ntpr = 100,                                                    
    cut = 999.0,                                                               
    ntb = 0, igb = 8,                                                          
    ntr = 1, restraint_wt = 10, restraintmask = "!@H=",                        
/                                                                              

--------------------------------------------------------------------------------
   1.  RESOURCE   USE: 
--------------------------------------------------------------------------------

| Flags:                                                                        
| New format PARM file being parsed.
| Version =    1.000 Date = 02/03/16 Time = 11:53:30
 NATOM  =    1590 NTYPES =      14 NBONH =     791 MBONA  =     820
 NTHETH =    1812 MTHETA =    1115 NPHIH =    3578 MPHIA  =    3525
 NHPARM =       0 NPARM  =       0 NNB   =    8805 NRES   =     104
 NBONA  =     820 NTHETA =    1115 NPHIA =    3525 NUMBND =      65
 NUMANG =     152 NPTRA  =     189 NATYP =      33 NPHB   =       0
 IFBOX  =       0 NMXRS  =      24 IFCAP =       0 NEXTRA =       0
 NCOPY  =       0

 Implicit solvent radii are ArgH and AspGluO modified Bondi2 radii (mbondi3)                                
 Replacing prmtop screening parameters with GBn2 (igb=8) values

|     Memory Use     Allocated
|     Real              145027
|     Hollerith           4876
|     Integer           109197
|     Max Pairs              1
|     nblistReal             0
|     nblist Int             0
|       Total             1578 kbytes

| Note: 1-4 EEL scale factors are being read from the topology file.

| Note: 1-4 VDW scale factors are being read from the topology file.
| Duplicated    0 dihedrals
| Duplicated    0 dihedrals

--------------------------------------------------------------------------------
   2.  CONTROL  DATA  FOR  THE  RUN
--------------------------------------------------------------------------------

default_name                                                                    

General flags:
     imin    =       1, nmropt  =       0

Nature and format of input:
     ntx     =       1, irest   =       0, ntrx    =       1

Nature and format of output:
     ntxo    =       1, ntpr    =     100, ntrx    =       1, ntwr    =     100
     iwrap   =       0, ntwx    =       0, ntwv    =       0, ntwe    =       0
     ioutfm  =       0, ntwprt  =       0, idecomp =       0, rbornstat=      0

Potential function:
     ntf     =       1, ntb     =       0, igb     =       8, nsnb    =      25
     ipol    =       0, gbsa    =       0, iesp    =       0
     dielc   =   1.00000, cut     = 999.00000, intdiel =   1.00000
     saltcon =   0.00000, offset  =   0.19514, surften =   0.00500
     rdt     =   0.00000, rgbmax  =  25.00000  extdiel =  78.50000
     alpb  =        0
     gbalphaH  =   0.78844, gbbetaH   =   0.79870,  gbgammaH  =    0.43733
     gbalphaC  =   0.73376, gbbetaC   =   0.50638,  gbgammaC  =    0.20584
     gbalphaN  =   0.50336, gbbetaN   =   0.31683,  gbgammaN  =    0.19292
     gbalphaOS =   0.86781, gbbetaOS  =   0.87664,  gbgammaOS =    0.38788
     gbalphaP  =   1.00000, gbbetaP   =   0.80000,  gbgammaP  =    4.85000
     gb_alpha_hnu  =   0.53705, gb_beta_hnu   =   0.36286,  gb_gamma_hnu  =    0.11670
     gb_alpha_cnu  =   0.33167, gb_beta_cnu   =   0.19684,  gb_gamma_cnu  =    0.09342
     gb_alpha_nnu  =   0.68631, gb_beta_nnu   =   0.46319,  gb_gamma_nnu  =    0.13872
     gb_alpha_onu  =   0.60634, gb_beta_onu   =   0.46301,  gb_gamma_onu  =    0.14226
     gb_alpha_pnu  =   0.41836, gb_beta_pnu   =   0.29005,  gb_gamma_pnu  =    0.10642

Frozen or restrained atoms:
     ibelly  =       0, ntr     =       1
     restraint_wt =  10.00000

Energy minimization:
     maxcyc  =    1000, ncyc    =      10, ntmin   =       1
     dx0     =   0.01000, drms    =   0.00010
|  INFO: Old style inpcrd file read


    LOADING THE CONSTRAINED ATOMS AS GROUPS


   5.  REFERENCE ATOM COORDINATES

  defa
     Mask !@H=; matches   799 atoms

--------------------------------------------------------------------------------
   3.  ATOMIC COORDINATES AND VELOCITIES
--------------------------------------------------------------------------------

default_name                                                                    
 begin time read from input coords =     0.000 ps

 Number of triangulated 3-point waters found:        0

--------------------------------------------------------------------------------
   4.  RESULTS
--------------------------------------------------------------------------------



   NSTEP       ENERGY          RMS            GMAX         NAME    NUMBER
      1      -2.2356E+03     9.0413E+00     6.1451E+01     OE1       945

 BOND    =       69.9067  ANGLE   =      211.1726  DIHED      =     1067.5361
 VDWAALS =     -670.8445  EEL     =    -7314.1326  EGB        =    -1748.1587
 1-4 VDW =      440.9336  1-4 EEL =     5707.9688  RESTRAINT  =        0.0000


   NSTEP       ENERGY          RMS            GMAX         NAME    NUMBER
    100      -2.5982E+03     3.0307E-01     2.6861E+00     CD        944

 BOND    =       30.5806  ANGLE   =      205.9574  DIHED      =     1072.3082
 VDWAALS =     -806.2737  EEL     =    -7332.2662  EGB        =    -1772.1583
 1-4 VDW =      331.8145  1-4 EEL =     5628.0919  RESTRAINT  =       43.7278
 EAMBER  =    -2641.9455


   NSTEP       ENERGY          RMS            GMAX         NAME    NUMBER
    200      -2.6084E+03     3.0870E-01     6.1916E+00     HG1       605

 BOND    =       31.1154  ANGLE   =      207.2339  DIHED      =     1071.5744
 VDWAALS =     -808.2000  EEL     =    -7347.5649  EGB        =    -1769.6891
 1-4 VDW =      331.4525  1-4 EEL =     5629.6501  RESTRAINT  =       46.0443
 EAMBER  =    -2654.4277


   NSTEP       ENERGY          RMS            GMAX         NAME    NUMBER
    300      -2.6161E+03     5.9729E-02     7.2165E-01     OG1       604

 BOND    =       31.0462  ANGLE   =      207.3873  DIHED      =     1069.3014
 VDWAALS =     -808.7901  EEL     =    -7357.1023  EGB        =    -1766.5510
 1-4 VDW =      331.8817  1-4 EEL =     5630.9407  RESTRAINT  =       45.7749
 EAMBER  =    -2661.8860


   NSTEP       ENERGY          RMS            GMAX         NAME    NUMBER
    400      -2.6179E+03     2.1984E-01     4.7607E+00     HG1      1389

 BOND    =       31.8043  ANGLE   =      208.8173  DIHED      =     1070.6236
 VDWAALS =     -809.9325  EEL     =    -7361.9364  EGB        =    -1763.9599
 1-4 VDW =      330.2782  1-4 EEL =     5629.5429  RESTRAINT  =       46.8670
 EAMBER  =    -2664.7625


   NSTEP       ENERGY          RMS            GMAX         NAME    NUMBER
    500      -2.6211E+03     2.9074E-02     5.1241E-01     CG       1324

 BOND    =       31.0171  ANGLE   =      207.1275  DIHED      =     1068.7953
 VDWAALS =     -809.3236  EEL     =    -7367.1242  EGB        =    -1759.8092
 1-4 VDW =      332.0276  1-4 EEL =     5630.9943  RESTRAINT  =       45.2345
 EAMBER  =    -2666.2952


   NSTEP       ENERGY          RMS            GMAX         NAME    NUMBER
    600      -2.6211E+03     2.4415E-02     3.4782E-01     CE       1001

 BOND    =       30.9664  ANGLE   =      207.0202  DIHED      =     1068.7938
 VDWAALS =     -809.3445  EEL     =    -7367.2227  EGB        =    -1759.6742
 1-4 VDW =      332.1335  1-4 EEL =     5631.0397  RESTRAINT  =       45.1757
 EAMBER  =    -2666.2878


   NSTEP       ENERGY          RMS            GMAX         NAME    NUMBER
    700      -2.6211E+03     1.0734E-02     1.0594E-01     CG        100

 BOND    =       30.9481  ANGLE   =      206.9658  DIHED      =     1068.7965
 VDWAALS =     -809.3419  EEL     =    -7367.2082  EGB        =    -1759.6577
 1-4 VDW =      332.1840  1-4 EEL =     5631.0370  RESTRAINT  =       45.1536
 EAMBER  =    -2666.2764


   NSTEP       ENERGY          RMS            GMAX         NAME    NUMBER
    800      -2.6211E+03     6.9228E-03     1.3533E-01     CD        944

 BOND    =       30.9376  ANGLE   =      206.9603  DIHED      =     1068.7984
 VDWAALS =     -809.3291  EEL     =    -7367.2161  EGB        =    -1759.6528
 1-4 VDW =      332.2041  1-4 EEL =     5631.0294  RESTRAINT  =       45.1438
 EAMBER  =    -2666.2682


                    FINAL RESULTS



   NSTEP       ENERGY          RMS            GMAX         NAME    NUMBER
    844      -2.6211E+03     8.3285E-05     8.3004E-04     HZ3      1007

 BOND    =       30.9333  ANGLE   =      206.9540  DIHED      =     1068.7978
 VDWAALS =     -809.3243  EEL     =    -7367.2100  EGB        =    -1759.6495
 1-4 VDW =      332.2114  1-4 EEL =     5631.0243  RESTRAINT  =       45.1385
 EAMBER  =    -2666.2630

--------------------------------------------------------------------------------
   5.  TIMINGS
--------------------------------------------------------------------------------

|                Calc gb radii             50.27 (20.24% of Gen B)
|                Calc gb diag              93.58 (37.68% of Gen B)
|                Calc gb off-diag         104.53 (42.08% of Gen B)
|             Gen Born time            248.39 (100.0% of Nonbo)
|          Nonbond force            248.39 (99.30% of Force)
|          Bond/Angle/Dihedral        1.74 ( 0.70% of Force)
|          Other                      0.01 ( 0.01% of Force)
|       Force time               250.15 (100.0% of Runmd)
|    Runmd Time               250.15 (99.70% of Total)
|    Other                      0.75 ( 0.30% of Total)
| Total time               250.90 (100.0% of ALL  )

| Number of list builds   :          0

| Highest rstack allocated:          0
| Highest istack allocated:          0
|           Job began  at 14:27:30.376  on 02/03/2016
|           Setup done at 14:27:30.427  on 02/03/2016
|           Run   done at 14:31:41.280  on 02/03/2016
|     wallclock() was called   15220 times
