
          -------------------------------------------------------
          Amber 14 SANDER                              2014
          -------------------------------------------------------

| Run on 02/03/2016 at 13:35:11

|   Executable path: sander
| Working directory: /lustre/cs1500/scratch/kmb413/RealDecoyDisc/DecoyDiscrimination/decoys.set2.init/1aaj/Rosetta_relaxed
|          Hostname: slepner30


File Assignments:
|  MDIN: /scratch/kmb413/RealDecoyDisc/DecoyDiscrimination/scripts/min/min.in  
| MDOUT: NoH_2_empty_tag_319_0001_0001.out                                     
|INPCRD: NoH_2_empty_tag_319_0001_0001.rst7                                    
|  PARM: NoH_2_empty_tag_319_0001_0001.parm7                                   
|RESTRT: min_NoH_2_empty_tag_319_0001_0001.rst7                                
|  REFC: NoH_2_empty_tag_319_0001_0001.rst7                                    
| MDVEL: mdvel                                                                 
| MDFRC: mdfrc                                                                 
|  MDEN: mden                                                                  
| MDCRD: mdcrd                                                                 
|MDINFO: mdinfo                                                                
|  MTMD: mtmd                                                                  
|INPDIP: inpdip                                                                
|RSTDIP: rstdip                                                                
|INPTRA: inptraj                                                               


 Here is the input file:

                                                                               
&cntrl                                                                         
    imin = 1, maxcyc=1000,                                                     
    ntx = 1,                                                                   
    ntwr = 100, ntpr = 100,                                                    
    cut = 999.0,                                                               
    ntb = 0, igb = 8,                                                          
    ntr = 1, restraint_wt = 10, restraintmask = "!@H=",                        
/                                                                              

--------------------------------------------------------------------------------
   1.  RESOURCE   USE: 
--------------------------------------------------------------------------------

| Flags:                                                                        
| New format PARM file being parsed.
| Version =    1.000 Date = 02/03/16 Time = 11:47:53
 NATOM  =    1590 NTYPES =      14 NBONH =     791 MBONA  =     820
 NTHETH =    1812 MTHETA =    1115 NPHIH =    3578 MPHIA  =    3525
 NHPARM =       0 NPARM  =       0 NNB   =    8805 NRES   =     104
 NBONA  =     820 NTHETA =    1115 NPHIA =    3525 NUMBND =      65
 NUMANG =     152 NPTRA  =     189 NATYP =      33 NPHB   =       0
 IFBOX  =       0 NMXRS  =      24 IFCAP =       0 NEXTRA =       0
 NCOPY  =       0

 Implicit solvent radii are ArgH and AspGluO modified Bondi2 radii (mbondi3)                                
 Replacing prmtop screening parameters with GBn2 (igb=8) values

|     Memory Use     Allocated
|     Real              145027
|     Hollerith           4876
|     Integer           109197
|     Max Pairs              1
|     nblistReal             0
|     nblist Int             0
|       Total             1578 kbytes

| Note: 1-4 EEL scale factors are being read from the topology file.

| Note: 1-4 VDW scale factors are being read from the topology file.
| Duplicated    0 dihedrals
| Duplicated    0 dihedrals

--------------------------------------------------------------------------------
   2.  CONTROL  DATA  FOR  THE  RUN
--------------------------------------------------------------------------------

default_name                                                                    

General flags:
     imin    =       1, nmropt  =       0

Nature and format of input:
     ntx     =       1, irest   =       0, ntrx    =       1

Nature and format of output:
     ntxo    =       1, ntpr    =     100, ntrx    =       1, ntwr    =     100
     iwrap   =       0, ntwx    =       0, ntwv    =       0, ntwe    =       0
     ioutfm  =       0, ntwprt  =       0, idecomp =       0, rbornstat=      0

Potential function:
     ntf     =       1, ntb     =       0, igb     =       8, nsnb    =      25
     ipol    =       0, gbsa    =       0, iesp    =       0
     dielc   =   1.00000, cut     = 999.00000, intdiel =   1.00000
     saltcon =   0.00000, offset  =   0.19514, surften =   0.00500
     rdt     =   0.00000, rgbmax  =  25.00000  extdiel =  78.50000
     alpb  =        0
     gbalphaH  =   0.78844, gbbetaH   =   0.79870,  gbgammaH  =    0.43733
     gbalphaC  =   0.73376, gbbetaC   =   0.50638,  gbgammaC  =    0.20584
     gbalphaN  =   0.50336, gbbetaN   =   0.31683,  gbgammaN  =    0.19292
     gbalphaOS =   0.86781, gbbetaOS  =   0.87664,  gbgammaOS =    0.38788
     gbalphaP  =   1.00000, gbbetaP   =   0.80000,  gbgammaP  =    4.85000
     gb_alpha_hnu  =   0.53705, gb_beta_hnu   =   0.36286,  gb_gamma_hnu  =    0.11670
     gb_alpha_cnu  =   0.33167, gb_beta_cnu   =   0.19684,  gb_gamma_cnu  =    0.09342
     gb_alpha_nnu  =   0.68631, gb_beta_nnu   =   0.46319,  gb_gamma_nnu  =    0.13872
     gb_alpha_onu  =   0.60634, gb_beta_onu   =   0.46301,  gb_gamma_onu  =    0.14226
     gb_alpha_pnu  =   0.41836, gb_beta_pnu   =   0.29005,  gb_gamma_pnu  =    0.10642

Frozen or restrained atoms:
     ibelly  =       0, ntr     =       1
     restraint_wt =  10.00000

Energy minimization:
     maxcyc  =    1000, ncyc    =      10, ntmin   =       1
     dx0     =   0.01000, drms    =   0.00010
|  INFO: Old style inpcrd file read


    LOADING THE CONSTRAINED ATOMS AS GROUPS


   5.  REFERENCE ATOM COORDINATES

  defa
     Mask !@H=; matches   799 atoms

--------------------------------------------------------------------------------
   3.  ATOMIC COORDINATES AND VELOCITIES
--------------------------------------------------------------------------------

default_name                                                                    
 begin time read from input coords =     0.000 ps

 Number of triangulated 3-point waters found:        0

--------------------------------------------------------------------------------
   4.  RESULTS
--------------------------------------------------------------------------------



   NSTEP       ENERGY          RMS            GMAX         NAME    NUMBER
      1      -2.2204E+03     9.1234E+00     5.9187E+01     OD1       232

 BOND    =       69.5542  ANGLE   =      211.4408  DIHED      =     1078.7069
 VDWAALS =     -676.7139  EEL     =    -7474.6784  EGB        =    -1576.0877
 1-4 VDW =      445.2754  1-4 EEL =     5702.0659  RESTRAINT  =        0.0000


   NSTEP       ENERGY          RMS            GMAX         NAME    NUMBER
    100      -2.5917E+03     6.3069E-01     7.5804E+00     HG1      1389

 BOND    =       32.9152  ANGLE   =      214.2221  DIHED      =     1084.5310
 VDWAALS =     -824.7483  EEL     =    -7489.4853  EGB        =    -1592.3293
 1-4 VDW =      330.3878  1-4 EEL =     5607.0160  RESTRAINT  =       45.7936
 EAMBER  =    -2637.4907


   NSTEP       ENERGY          RMS            GMAX         NAME    NUMBER
    200      -2.6089E+03     4.5165E-01     7.2132E+00     H3          4

 BOND    =       32.6063  ANGLE   =      212.6123  DIHED      =     1081.0366
 VDWAALS =     -824.5068  EEL     =    -7503.1143  EGB        =    -1591.4731
 1-4 VDW =      331.6870  1-4 EEL =     5608.3884  RESTRAINT  =       43.8624
 EAMBER  =    -2652.7636


   NSTEP       ENERGY          RMS            GMAX         NAME    NUMBER
    300      -2.6156E+03     1.2610E-01     2.1256E+00     C         592

 BOND    =       31.6863  ANGLE   =      211.5862  DIHED      =     1079.6171
 VDWAALS =     -822.2649  EEL     =    -7509.5738  EGB        =    -1591.8474
 1-4 VDW =      333.1409  1-4 EEL =     5609.4651  RESTRAINT  =       42.5885
 EAMBER  =    -2658.1905


   NSTEP       ENERGY          RMS            GMAX         NAME    NUMBER
    400      -2.6157E+03     7.4083E-03     1.0712E-01     CB        598

 BOND    =       31.6972  ANGLE   =      211.3663  DIHED      =     1079.7500
 VDWAALS =     -822.2716  EEL     =    -7509.7317  EGB        =    -1591.9917
 1-4 VDW =      333.3818  1-4 EEL =     5609.6313  RESTRAINT  =       42.4954
 EAMBER  =    -2658.1685


   NSTEP       ENERGY          RMS            GMAX         NAME    NUMBER
    500      -2.6157E+03     1.4413E-02     2.0759E-01     CA        610

 BOND    =       31.7100  ANGLE   =      211.3756  DIHED      =     1080.1099
 VDWAALS =     -822.2972  EEL     =    -7510.0851  EGB        =    -1592.1596
 1-4 VDW =      333.3526  1-4 EEL =     5609.7592  RESTRAINT  =       42.5363
 EAMBER  =    -2658.2345


   NSTEP       ENERGY          RMS            GMAX         NAME    NUMBER
    600      -2.6206E+03     2.2994E-01     4.3474E+00     CD1      1159

 BOND    =       32.1294  ANGLE   =      212.0219  DIHED      =     1082.3024
 VDWAALS =     -821.7265  EEL     =    -7516.9099  EGB        =    -1594.1345
 1-4 VDW =      332.3620  1-4 EEL =     5610.5115  RESTRAINT  =       42.8785
 EAMBER  =    -2663.4437


   NSTEP       ENERGY          RMS            GMAX         NAME    NUMBER
    700      -2.6216E+03     7.8866E-03     1.2235E-01     OH       1164

 BOND    =       31.7357  ANGLE   =      211.2806  DIHED      =     1081.0062
 VDWAALS =     -821.6058  EEL     =    -7515.2546  EGB        =    -1593.8968
 1-4 VDW =      333.2093  1-4 EEL =     5609.7396  RESTRAINT  =       42.1450
 EAMBER  =    -2663.7857


   NSTEP       ENERGY          RMS            GMAX         NAME    NUMBER
    800      -2.6216E+03     1.5339E-03     2.0910E-02     CB       1155

 BOND    =       31.7318  ANGLE   =      211.2668  DIHED      =     1081.0009
 VDWAALS =     -821.6211  EEL     =    -7515.2159  EGB        =    -1593.8902
 1-4 VDW =      333.2314  1-4 EEL =     5609.7133  RESTRAINT  =       42.1406
 EAMBER  =    -2663.7829


   NSTEP       ENERGY          RMS            GMAX         NAME    NUMBER
    900      -2.6216E+03     1.9507E-04     2.5932E-03     HZ3      1007

 BOND    =       31.7301  ANGLE   =      211.2651  DIHED      =     1081.0000
 VDWAALS =     -821.6211  EEL     =    -7515.2132  EGB        =    -1593.8895
 1-4 VDW =      333.2338  1-4 EEL =     5609.7127  RESTRAINT  =       42.1396
 EAMBER  =    -2663.7820


   NSTEP       ENERGY          RMS            GMAX         NAME    NUMBER
   1000      -2.6216E+03     1.9501E-04     4.9870E-03     CE1      1161

 BOND    =       31.7300  ANGLE   =      211.2654  DIHED      =     1081.0002
 VDWAALS =     -821.6224  EEL     =    -7515.2129  EGB        =    -1593.8894
 1-4 VDW =      333.2337  1-4 EEL =     5609.7130  RESTRAINT  =       42.1400
 EAMBER  =    -2663.7824


  Maximum number of minimization cycles reached.


                    FINAL RESULTS



   NSTEP       ENERGY          RMS            GMAX         NAME    NUMBER
   1000      -2.6216E+03     1.9501E-04     4.9870E-03     CE1      1161

 BOND    =       31.7300  ANGLE   =      211.2654  DIHED      =     1081.0002
 VDWAALS =     -821.6224  EEL     =    -7515.2129  EGB        =    -1593.8894
 1-4 VDW =      333.2337  1-4 EEL =     5609.7130  RESTRAINT  =       42.1400
 EAMBER  =    -2663.7824

--------------------------------------------------------------------------------
   5.  TIMINGS
--------------------------------------------------------------------------------

|                Calc gb radii             59.89 (20.37% of Gen B)
|                Calc gb diag             111.64 (37.98% of Gen B)
|                Calc gb off-diag         122.45 (41.65% of Gen B)
|             Gen Born time            293.99 (100.0% of Nonbo)
|          Nonbond force            293.99 (99.29% of Force)
|          Bond/Angle/Dihedral        2.08 ( 0.70% of Force)
|          Other                      0.02 ( 0.01% of Force)
|       Force time               296.09 (100.0% of Runmd)
|    Runmd Time               296.09 (99.73% of Total)
|    Other                      0.80 ( 0.27% of Total)
| Total time               296.89 (100.0% of ALL  )

| Number of list builds   :          0

| Highest rstack allocated:          0
| Highest istack allocated:          0
|           Job began  at 13:35:11.842  on 02/03/2016
|           Setup done at 13:35:11.893  on 02/03/2016
|           Run   done at 13:40:08.730  on 02/03/2016
|     wallclock() was called   18028 times
