
          -------------------------------------------------------
          Amber 14 SANDER                              2014
          -------------------------------------------------------

| Run on 02/03/2016 at 13:52:02

|   Executable path: sander
| Working directory: /lustre/cs1500/scratch/kmb413/RealDecoyDisc/DecoyDiscrimination/decoys.set2.init/1aaj/Rosetta_relaxed
|          Hostname: slepner1


File Assignments:
|  MDIN: /scratch/kmb413/RealDecoyDisc/DecoyDiscrimination/scripts/min/min.in  
| MDOUT: NoH_5_empty_tag_844_0001_0001.out                                     
|INPCRD: NoH_5_empty_tag_844_0001_0001.rst7                                    
|  PARM: NoH_5_empty_tag_844_0001_0001.parm7                                   
|RESTRT: min_NoH_5_empty_tag_844_0001_0001.rst7                                
|  REFC: NoH_5_empty_tag_844_0001_0001.rst7                                    
| MDVEL: mdvel                                                                 
| MDFRC: mdfrc                                                                 
|  MDEN: mden                                                                  
| MDCRD: mdcrd                                                                 
|MDINFO: mdinfo                                                                
|  MTMD: mtmd                                                                  
|INPDIP: inpdip                                                                
|RSTDIP: rstdip                                                                
|INPTRA: inptraj                                                               


 Here is the input file:

                                                                               
&cntrl                                                                         
    imin = 1, maxcyc=1000,                                                     
    ntx = 1,                                                                   
    ntwr = 100, ntpr = 100,                                                    
    cut = 999.0,                                                               
    ntb = 0, igb = 8,                                                          
    ntr = 1, restraint_wt = 10, restraintmask = "!@H=",                        
/                                                                              

--------------------------------------------------------------------------------
   1.  RESOURCE   USE: 
--------------------------------------------------------------------------------

| Flags:                                                                        
| New format PARM file being parsed.
| Version =    1.000 Date = 02/03/16 Time = 11:54:10
 NATOM  =    1590 NTYPES =      14 NBONH =     791 MBONA  =     820
 NTHETH =    1812 MTHETA =    1115 NPHIH =    3578 MPHIA  =    3525
 NHPARM =       0 NPARM  =       0 NNB   =    8805 NRES   =     104
 NBONA  =     820 NTHETA =    1115 NPHIA =    3525 NUMBND =      65
 NUMANG =     152 NPTRA  =     189 NATYP =      33 NPHB   =       0
 IFBOX  =       0 NMXRS  =      24 IFCAP =       0 NEXTRA =       0
 NCOPY  =       0

 Implicit solvent radii are ArgH and AspGluO modified Bondi2 radii (mbondi3)                                
 Replacing prmtop screening parameters with GBn2 (igb=8) values

|     Memory Use     Allocated
|     Real              145027
|     Hollerith           4876
|     Integer           109197
|     Max Pairs              1
|     nblistReal             0
|     nblist Int             0
|       Total             1578 kbytes

| Note: 1-4 EEL scale factors are being read from the topology file.

| Note: 1-4 VDW scale factors are being read from the topology file.
| Duplicated    0 dihedrals
| Duplicated    0 dihedrals

--------------------------------------------------------------------------------
   2.  CONTROL  DATA  FOR  THE  RUN
--------------------------------------------------------------------------------

default_name                                                                    

General flags:
     imin    =       1, nmropt  =       0

Nature and format of input:
     ntx     =       1, irest   =       0, ntrx    =       1

Nature and format of output:
     ntxo    =       1, ntpr    =     100, ntrx    =       1, ntwr    =     100
     iwrap   =       0, ntwx    =       0, ntwv    =       0, ntwe    =       0
     ioutfm  =       0, ntwprt  =       0, idecomp =       0, rbornstat=      0

Potential function:
     ntf     =       1, ntb     =       0, igb     =       8, nsnb    =      25
     ipol    =       0, gbsa    =       0, iesp    =       0
     dielc   =   1.00000, cut     = 999.00000, intdiel =   1.00000
     saltcon =   0.00000, offset  =   0.19514, surften =   0.00500
     rdt     =   0.00000, rgbmax  =  25.00000  extdiel =  78.50000
     alpb  =        0
     gbalphaH  =   0.78844, gbbetaH   =   0.79870,  gbgammaH  =    0.43733
     gbalphaC  =   0.73376, gbbetaC   =   0.50638,  gbgammaC  =    0.20584
     gbalphaN  =   0.50336, gbbetaN   =   0.31683,  gbgammaN  =    0.19292
     gbalphaOS =   0.86781, gbbetaOS  =   0.87664,  gbgammaOS =    0.38788
     gbalphaP  =   1.00000, gbbetaP   =   0.80000,  gbgammaP  =    4.85000
     gb_alpha_hnu  =   0.53705, gb_beta_hnu   =   0.36286,  gb_gamma_hnu  =    0.11670
     gb_alpha_cnu  =   0.33167, gb_beta_cnu   =   0.19684,  gb_gamma_cnu  =    0.09342
     gb_alpha_nnu  =   0.68631, gb_beta_nnu   =   0.46319,  gb_gamma_nnu  =    0.13872
     gb_alpha_onu  =   0.60634, gb_beta_onu   =   0.46301,  gb_gamma_onu  =    0.14226
     gb_alpha_pnu  =   0.41836, gb_beta_pnu   =   0.29005,  gb_gamma_pnu  =    0.10642

Frozen or restrained atoms:
     ibelly  =       0, ntr     =       1
     restraint_wt =  10.00000

Energy minimization:
     maxcyc  =    1000, ncyc    =      10, ntmin   =       1
     dx0     =   0.01000, drms    =   0.00010
|  INFO: Old style inpcrd file read


    LOADING THE CONSTRAINED ATOMS AS GROUPS


   5.  REFERENCE ATOM COORDINATES

  defa
     Mask !@H=; matches   799 atoms

--------------------------------------------------------------------------------
   3.  ATOMIC COORDINATES AND VELOCITIES
--------------------------------------------------------------------------------

default_name                                                                    
 begin time read from input coords =     0.000 ps

 Number of triangulated 3-point waters found:        0

--------------------------------------------------------------------------------
   4.  RESULTS
--------------------------------------------------------------------------------



   NSTEP       ENERGY          RMS            GMAX         NAME    NUMBER
      1      -2.2374E+03     9.0450E+00     6.0873E+01     O        1589

 BOND    =       69.7468  ANGLE   =      211.4664  DIHED      =     1081.0328
 VDWAALS =     -657.4283  EEL     =    -7328.7435  EGB        =    -1773.2336
 1-4 VDW =      437.0055  1-4 EEL =     5722.7352  RESTRAINT  =        0.0000


   NSTEP       ENERGY          RMS            GMAX         NAME    NUMBER
    100      -2.5907E+03     3.8920E-01     4.9257E+00     CD        193

 BOND    =       30.7880  ANGLE   =      204.9044  DIHED      =     1082.5025
 VDWAALS =     -793.7292  EEL     =    -7341.3087  EGB        =    -1789.7433
 1-4 VDW =      329.2183  1-4 EEL =     5644.8949  RESTRAINT  =       41.8229
 EAMBER  =    -2632.4733


   NSTEP       ENERGY          RMS            GMAX         NAME    NUMBER
    200      -2.6142E+03     1.6787E-01     1.8862E+00     HB2      1177

 BOND    =       31.2011  ANGLE   =      204.8762  DIHED      =     1078.6486
 VDWAALS =     -792.4248  EEL     =    -7365.7820  EGB        =    -1788.8439
 1-4 VDW =      329.8020  1-4 EEL =     5646.6058  RESTRAINT  =       41.6903
 EAMBER  =    -2655.9170


   NSTEP       ENERGY          RMS            GMAX         NAME    NUMBER
    300      -2.6194E+03     1.6881E-01     3.0067E+00     CG       1324

 BOND    =       31.4851  ANGLE   =      205.3620  DIHED      =     1077.9898
 VDWAALS =     -792.6124  EEL     =    -7375.5767  EGB        =    -1782.8809
 1-4 VDW =      329.0841  1-4 EEL =     5646.1146  RESTRAINT  =       41.6627
 EAMBER  =    -2661.0345


   NSTEP       ENERGY          RMS            GMAX         NAME    NUMBER
    400      -2.6201E+03     2.0343E-02     5.3218E-01     OG1      1388

 BOND    =       31.0661  ANGLE   =      204.6492  DIHED      =     1077.5345
 VDWAALS =     -792.7021  EEL     =    -7377.6582  EGB        =    -1781.2677
 1-4 VDW =      330.0450  1-4 EEL =     5647.1003  RESTRAINT  =       41.1479
 EAMBER  =    -2661.2329


   NSTEP       ENERGY          RMS            GMAX         NAME    NUMBER
    500      -2.6201E+03     6.4237E-03     1.1317E-01     HG1      1389

 BOND    =       31.0417  ANGLE   =      204.5727  DIHED      =     1077.5265
 VDWAALS =     -792.6784  EEL     =    -7377.7459  EGB        =    -1781.2162
 1-4 VDW =      330.1389  1-4 EEL =     5647.1263  RESTRAINT  =       41.1217
 EAMBER  =    -2661.2344


   NSTEP       ENERGY          RMS            GMAX         NAME    NUMBER
    600      -2.6201E+03     1.9290E-03     2.1433E-02     CD       1393

 BOND    =       31.0287  ANGLE   =      204.5502  DIHED      =     1077.5259
 VDWAALS =     -792.6613  EEL     =    -7377.7522  EGB        =    -1781.2183
 1-4 VDW =      330.1728  1-4 EEL =     5647.1238  RESTRAINT  =       41.1136
 EAMBER  =    -2661.2304


   NSTEP       ENERGY          RMS            GMAX         NAME    NUMBER
    700      -2.6201E+03     9.2060E-04     1.4634E-02     HG1      1389

 BOND    =       31.0287  ANGLE   =      204.5484  DIHED      =     1077.5262
 VDWAALS =     -792.6628  EEL     =    -7377.7578  EGB        =    -1781.2182
 1-4 VDW =      330.1766  1-4 EEL =     5647.1247  RESTRAINT  =       41.1169
 EAMBER  =    -2661.2342


   NSTEP       ENERGY          RMS            GMAX         NAME    NUMBER
    800      -2.6201E+03     5.0578E-04     8.2742E-03     CB       1382

 BOND    =       31.0285  ANGLE   =      204.5487  DIHED      =     1077.5263
 VDWAALS =     -792.6625  EEL     =    -7377.7586  EGB        =    -1781.2193
 1-4 VDW =      330.1775  1-4 EEL =     5647.1233  RESTRAINT  =       41.1189
 EAMBER  =    -2661.2362


                    FINAL RESULTS



   NSTEP       ENERGY          RMS            GMAX         NAME    NUMBER
    875      -2.6201E+03     9.1517E-05     1.0509E-03     HE2      1002

 BOND    =       31.0286  ANGLE   =      204.5488  DIHED      =     1077.5263
 VDWAALS =     -792.6630  EEL     =    -7377.7598  EGB        =    -1781.2185
 1-4 VDW =      330.1773  1-4 EEL =     5647.1238  RESTRAINT  =       41.1193
 EAMBER  =    -2661.2367

--------------------------------------------------------------------------------
   5.  TIMINGS
--------------------------------------------------------------------------------

|                Calc gb radii             52.19 (20.47% of Gen B)
|                Calc gb diag              96.81 (37.97% of Gen B)
|                Calc gb off-diag         105.97 (41.56% of Gen B)
|             Gen Born time            254.98 (100.0% of Nonbo)
|          Nonbond force            254.98 (99.29% of Force)
|          Bond/Angle/Dihedral        1.80 ( 0.70% of Force)
|          Other                      0.01 ( 0.01% of Force)
|       Force time               256.80 (100.0% of Runmd)
|    Runmd Time               256.80 (99.70% of Total)
|    Other                      0.76 ( 0.29% of Total)
| Total time               257.56 (100.0% of ALL  )

| Number of list builds   :          0

| Highest rstack allocated:          0
| Highest istack allocated:          0
|           Job began  at 13:52:02.874  on 02/03/2016
|           Setup done at 13:52:02.946  on 02/03/2016
|           Run   done at 13:56:20.431  on 02/03/2016
|     wallclock() was called   15778 times
