
          -------------------------------------------------------
          Amber 14 SANDER                              2014
          -------------------------------------------------------

| Run on 02/03/2016 at 13:09:46

|   Executable path: sander
| Working directory: /lustre/cs1500/scratch/kmb413/RealDecoyDisc/DecoyDiscrimination/decoys.set2.init/1aaj/Rosetta_relaxed
|          Hostname: slepner30


File Assignments:
|  MDIN: /scratch/kmb413/RealDecoyDisc/DecoyDiscrimination/scripts/min/min.in  
| MDOUT: NoH_2_empty_tag_1_826_0001.out                                        
|INPCRD: NoH_2_empty_tag_1_826_0001.rst7                                       
|  PARM: NoH_2_empty_tag_1_826_0001.parm7                                      
|RESTRT: min_NoH_2_empty_tag_1_826_0001.rst7                                   
|  REFC: NoH_2_empty_tag_1_826_0001.rst7                                       
| MDVEL: mdvel                                                                 
| MDFRC: mdfrc                                                                 
|  MDEN: mden                                                                  
| MDCRD: mdcrd                                                                 
|MDINFO: mdinfo                                                                
|  MTMD: mtmd                                                                  
|INPDIP: inpdip                                                                
|RSTDIP: rstdip                                                                
|INPTRA: inptraj                                                               


 Here is the input file:

                                                                               
&cntrl                                                                         
    imin = 1, maxcyc=1000,                                                     
    ntx = 1,                                                                   
    ntwr = 100, ntpr = 100,                                                    
    cut = 999.0,                                                               
    ntb = 0, igb = 8,                                                          
    ntr = 1, restraint_wt = 10, restraintmask = "!@H=",                        
/                                                                              

--------------------------------------------------------------------------------
   1.  RESOURCE   USE: 
--------------------------------------------------------------------------------

| Flags:                                                                        
| New format PARM file being parsed.
| Version =    1.000 Date = 02/03/16 Time = 11:47:36
 NATOM  =    1590 NTYPES =      14 NBONH =     791 MBONA  =     820
 NTHETH =    1812 MTHETA =    1115 NPHIH =    3578 MPHIA  =    3525
 NHPARM =       0 NPARM  =       0 NNB   =    8805 NRES   =     104
 NBONA  =     820 NTHETA =    1115 NPHIA =    3525 NUMBND =      65
 NUMANG =     152 NPTRA  =     189 NATYP =      33 NPHB   =       0
 IFBOX  =       0 NMXRS  =      24 IFCAP =       0 NEXTRA =       0
 NCOPY  =       0

 Implicit solvent radii are ArgH and AspGluO modified Bondi2 radii (mbondi3)                                
 Replacing prmtop screening parameters with GBn2 (igb=8) values

|     Memory Use     Allocated
|     Real              145027
|     Hollerith           4876
|     Integer           109197
|     Max Pairs              1
|     nblistReal             0
|     nblist Int             0
|       Total             1578 kbytes

| Note: 1-4 EEL scale factors are being read from the topology file.

| Note: 1-4 VDW scale factors are being read from the topology file.
| Duplicated    0 dihedrals
| Duplicated    0 dihedrals

--------------------------------------------------------------------------------
   2.  CONTROL  DATA  FOR  THE  RUN
--------------------------------------------------------------------------------

default_name                                                                    

General flags:
     imin    =       1, nmropt  =       0

Nature and format of input:
     ntx     =       1, irest   =       0, ntrx    =       1

Nature and format of output:
     ntxo    =       1, ntpr    =     100, ntrx    =       1, ntwr    =     100
     iwrap   =       0, ntwx    =       0, ntwv    =       0, ntwe    =       0
     ioutfm  =       0, ntwprt  =       0, idecomp =       0, rbornstat=      0

Potential function:
     ntf     =       1, ntb     =       0, igb     =       8, nsnb    =      25
     ipol    =       0, gbsa    =       0, iesp    =       0
     dielc   =   1.00000, cut     = 999.00000, intdiel =   1.00000
     saltcon =   0.00000, offset  =   0.19514, surften =   0.00500
     rdt     =   0.00000, rgbmax  =  25.00000  extdiel =  78.50000
     alpb  =        0
     gbalphaH  =   0.78844, gbbetaH   =   0.79870,  gbgammaH  =    0.43733
     gbalphaC  =   0.73376, gbbetaC   =   0.50638,  gbgammaC  =    0.20584
     gbalphaN  =   0.50336, gbbetaN   =   0.31683,  gbgammaN  =    0.19292
     gbalphaOS =   0.86781, gbbetaOS  =   0.87664,  gbgammaOS =    0.38788
     gbalphaP  =   1.00000, gbbetaP   =   0.80000,  gbgammaP  =    4.85000
     gb_alpha_hnu  =   0.53705, gb_beta_hnu   =   0.36286,  gb_gamma_hnu  =    0.11670
     gb_alpha_cnu  =   0.33167, gb_beta_cnu   =   0.19684,  gb_gamma_cnu  =    0.09342
     gb_alpha_nnu  =   0.68631, gb_beta_nnu   =   0.46319,  gb_gamma_nnu  =    0.13872
     gb_alpha_onu  =   0.60634, gb_beta_onu   =   0.46301,  gb_gamma_onu  =    0.14226
     gb_alpha_pnu  =   0.41836, gb_beta_pnu   =   0.29005,  gb_gamma_pnu  =    0.10642

Frozen or restrained atoms:
     ibelly  =       0, ntr     =       1
     restraint_wt =  10.00000

Energy minimization:
     maxcyc  =    1000, ncyc    =      10, ntmin   =       1
     dx0     =   0.01000, drms    =   0.00010
|  INFO: Old style inpcrd file read


    LOADING THE CONSTRAINED ATOMS AS GROUPS


   5.  REFERENCE ATOM COORDINATES

  defa
     Mask !@H=; matches   799 atoms

--------------------------------------------------------------------------------
   3.  ATOMIC COORDINATES AND VELOCITIES
--------------------------------------------------------------------------------

default_name                                                                    
 begin time read from input coords =     0.000 ps

 Number of triangulated 3-point waters found:        0

--------------------------------------------------------------------------------
   4.  RESULTS
--------------------------------------------------------------------------------



   NSTEP       ENERGY          RMS            GMAX         NAME    NUMBER
      1      -2.2360E+03     9.0151E+00     6.3503E+01     OE1       945

 BOND    =       69.5652  ANGLE   =      211.4859  DIHED      =     1070.4799
 VDWAALS =     -676.8949  EEL     =    -7279.8226  EGB        =    -1774.8945
 1-4 VDW =      443.6983  1-4 EEL =     5700.3923  RESTRAINT  =        0.0000


   NSTEP       ENERGY          RMS            GMAX         NAME    NUMBER
    100      -2.5979E+03     3.6055E-01     2.8958E+00     CE2       650

 BOND    =       31.0932  ANGLE   =      208.3787  DIHED      =     1072.8526
 VDWAALS =     -816.8814  EEL     =    -7273.9127  EGB        =    -1803.7138
 1-4 VDW =      332.6767  1-4 EEL =     5609.6920  RESTRAINT  =       41.8921
 EAMBER  =    -2639.8146


   NSTEP       ENERGY          RMS            GMAX         NAME    NUMBER
    200      -2.6117E+03     2.3893E-01     4.0866E+00     HG1       605

 BOND    =       31.5441  ANGLE   =      209.2287  DIHED      =     1070.6262
 VDWAALS =     -818.4851  EEL     =    -7279.7243  EGB        =    -1809.4186
 1-4 VDW =      331.6933  1-4 EEL =     5609.4932  RESTRAINT  =       43.3114
 EAMBER  =    -2655.0425


   NSTEP       ENERGY          RMS            GMAX         NAME    NUMBER
    300      -2.6184E+03     2.2943E-02     3.2571E-01     CA        596

 BOND    =       31.0496  ANGLE   =      207.8630  DIHED      =     1068.3187
 VDWAALS =     -817.3937  EEL     =    -7283.7288  EGB        =    -1811.9641
 1-4 VDW =      333.1697  1-4 EEL =     5612.1181  RESTRAINT  =       42.1417
 EAMBER  =    -2660.5675


   NSTEP       ENERGY          RMS            GMAX         NAME    NUMBER
    400      -2.6184E+03     9.1228E-03     1.0873E-01     CD        193

 BOND    =       31.0400  ANGLE   =      207.7815  DIHED      =     1068.3661
 VDWAALS =     -817.4998  EEL     =    -7283.8359  EGB        =    -1811.9495
 1-4 VDW =      333.2548  1-4 EEL =     5612.2336  RESTRAINT  =       42.1624
 EAMBER  =    -2660.6093


   NSTEP       ENERGY          RMS            GMAX         NAME    NUMBER
    500      -2.6184E+03     1.9937E-03     2.7935E-02     CD        729

 BOND    =       31.0360  ANGLE   =      207.7850  DIHED      =     1068.3828
 VDWAALS =     -817.5240  EEL     =    -7283.8569  EGB        =    -1811.9540
 1-4 VDW =      333.2646  1-4 EEL =     5612.2452  RESTRAINT  =       42.1723
 EAMBER  =    -2660.6212


   NSTEP       ENERGY          RMS            GMAX         NAME    NUMBER
    600      -2.6184E+03     1.2972E-03     2.1248E-02     OG1       604

 BOND    =       31.0381  ANGLE   =      207.7837  DIHED      =     1068.3905
 VDWAALS =     -817.5336  EEL     =    -7283.8609  EGB        =    -1811.9542
 1-4 VDW =      333.2646  1-4 EEL =     5612.2436  RESTRAINT  =       42.1789
 EAMBER  =    -2660.6281


   NSTEP       ENERGY          RMS            GMAX         NAME    NUMBER
    700      -2.6184E+03     4.0592E-04     4.5639E-03     OG1       604

 BOND    =       31.0379  ANGLE   =      207.7854  DIHED      =     1068.3916
 VDWAALS =     -817.5346  EEL     =    -7283.8632  EGB        =    -1811.9549
 1-4 VDW =      333.2633  1-4 EEL =     5612.2441  RESTRAINT  =       42.1811
 EAMBER  =    -2660.6304


   NSTEP       ENERGY          RMS            GMAX         NAME    NUMBER
    800      -2.6184E+03     1.7687E-04     2.8806E-03     CD        193

 BOND    =       31.0379  ANGLE   =      207.7854  DIHED      =     1068.3926
 VDWAALS =     -817.5366  EEL     =    -7283.8626  EGB        =    -1811.9549
 1-4 VDW =      333.2634  1-4 EEL =     5612.2436  RESTRAINT  =       42.1819
 EAMBER  =    -2660.6312


                    FINAL RESULTS



   NSTEP       ENERGY          RMS            GMAX         NAME    NUMBER
    845      -2.6184E+03     9.8128E-05     9.2958E-04     CE3       657

 BOND    =       31.0379  ANGLE   =      207.7854  DIHED      =     1068.3930
 VDWAALS =     -817.5375  EEL     =    -7283.8624  EGB        =    -1811.9548
 1-4 VDW =      333.2635  1-4 EEL =     5612.2433  RESTRAINT  =       42.1823
 EAMBER  =    -2660.6316

--------------------------------------------------------------------------------
   5.  TIMINGS
--------------------------------------------------------------------------------

|                Calc gb radii             50.55 (20.32% of Gen B)
|                Calc gb diag              93.88 (37.74% of Gen B)
|                Calc gb off-diag         104.32 (41.94% of Gen B)
|             Gen Born time            248.75 (100.0% of Nonbo)
|          Nonbond force            248.75 (99.29% of Force)
|          Bond/Angle/Dihedral        1.76 ( 0.70% of Force)
|          Other                      0.01 ( 0.01% of Force)
|       Force time               250.52 (100.0% of Runmd)
|    Runmd Time               250.52 (99.65% of Total)
|    Other                      0.87 ( 0.35% of Total)
| Total time               251.40 (100.0% of ALL  )

| Number of list builds   :          0

| Highest rstack allocated:          0
| Highest istack allocated:          0
|           Job began  at 13:09:46.968  on 02/03/2016
|           Setup done at 13:09:47.058  on 02/03/2016
|           Run   done at 13:13:58.364  on 02/03/2016
|     wallclock() was called   15238 times
