
          -------------------------------------------------------
          Amber 14 SANDER                              2014
          -------------------------------------------------------

| Run on 02/03/2016 at 13:39:43

|   Executable path: sander
| Working directory: /lustre/cs1500/scratch/kmb413/RealDecoyDisc/DecoyDiscrimination/decoys.set2.init/1aaj/Rosetta_relaxed
|          Hostname: slepner30


File Assignments:
|  MDIN: /scratch/kmb413/RealDecoyDisc/DecoyDiscrimination/scripts/min/min.in  
| MDOUT: NoH_2_empty_tag_480_0001_0001.out                                     
|INPCRD: NoH_2_empty_tag_480_0001_0001.rst7                                    
|  PARM: NoH_2_empty_tag_480_0001_0001.parm7                                   
|RESTRT: min_NoH_2_empty_tag_480_0001_0001.rst7                                
|  REFC: NoH_2_empty_tag_480_0001_0001.rst7                                    
| MDVEL: mdvel                                                                 
| MDFRC: mdfrc                                                                 
|  MDEN: mden                                                                  
| MDCRD: mdcrd                                                                 
|MDINFO: mdinfo                                                                
|  MTMD: mtmd                                                                  
|INPDIP: inpdip                                                                
|RSTDIP: rstdip                                                                
|INPTRA: inptraj                                                               


 Here is the input file:

                                                                               
&cntrl                                                                         
    imin = 1, maxcyc=1000,                                                     
    ntx = 1,                                                                   
    ntwr = 100, ntpr = 100,                                                    
    cut = 999.0,                                                               
    ntb = 0, igb = 8,                                                          
    ntr = 1, restraint_wt = 10, restraintmask = "!@H=",                        
/                                                                              

--------------------------------------------------------------------------------
   1.  RESOURCE   USE: 
--------------------------------------------------------------------------------

| Flags:                                                                        
| New format PARM file being parsed.
| Version =    1.000 Date = 02/03/16 Time = 11:48:08
 NATOM  =    1590 NTYPES =      14 NBONH =     791 MBONA  =     820
 NTHETH =    1812 MTHETA =    1115 NPHIH =    3578 MPHIA  =    3525
 NHPARM =       0 NPARM  =       0 NNB   =    8805 NRES   =     104
 NBONA  =     820 NTHETA =    1115 NPHIA =    3525 NUMBND =      65
 NUMANG =     152 NPTRA  =     189 NATYP =      33 NPHB   =       0
 IFBOX  =       0 NMXRS  =      24 IFCAP =       0 NEXTRA =       0
 NCOPY  =       0

 Implicit solvent radii are ArgH and AspGluO modified Bondi2 radii (mbondi3)                                
 Replacing prmtop screening parameters with GBn2 (igb=8) values

|     Memory Use     Allocated
|     Real              145027
|     Hollerith           4876
|     Integer           109197
|     Max Pairs              1
|     nblistReal             0
|     nblist Int             0
|       Total             1578 kbytes

| Note: 1-4 EEL scale factors are being read from the topology file.

| Note: 1-4 VDW scale factors are being read from the topology file.
| Duplicated    0 dihedrals
| Duplicated    0 dihedrals

--------------------------------------------------------------------------------
   2.  CONTROL  DATA  FOR  THE  RUN
--------------------------------------------------------------------------------

default_name                                                                    

General flags:
     imin    =       1, nmropt  =       0

Nature and format of input:
     ntx     =       1, irest   =       0, ntrx    =       1

Nature and format of output:
     ntxo    =       1, ntpr    =     100, ntrx    =       1, ntwr    =     100
     iwrap   =       0, ntwx    =       0, ntwv    =       0, ntwe    =       0
     ioutfm  =       0, ntwprt  =       0, idecomp =       0, rbornstat=      0

Potential function:
     ntf     =       1, ntb     =       0, igb     =       8, nsnb    =      25
     ipol    =       0, gbsa    =       0, iesp    =       0
     dielc   =   1.00000, cut     = 999.00000, intdiel =   1.00000
     saltcon =   0.00000, offset  =   0.19514, surften =   0.00500
     rdt     =   0.00000, rgbmax  =  25.00000  extdiel =  78.50000
     alpb  =        0
     gbalphaH  =   0.78844, gbbetaH   =   0.79870,  gbgammaH  =    0.43733
     gbalphaC  =   0.73376, gbbetaC   =   0.50638,  gbgammaC  =    0.20584
     gbalphaN  =   0.50336, gbbetaN   =   0.31683,  gbgammaN  =    0.19292
     gbalphaOS =   0.86781, gbbetaOS  =   0.87664,  gbgammaOS =    0.38788
     gbalphaP  =   1.00000, gbbetaP   =   0.80000,  gbgammaP  =    4.85000
     gb_alpha_hnu  =   0.53705, gb_beta_hnu   =   0.36286,  gb_gamma_hnu  =    0.11670
     gb_alpha_cnu  =   0.33167, gb_beta_cnu   =   0.19684,  gb_gamma_cnu  =    0.09342
     gb_alpha_nnu  =   0.68631, gb_beta_nnu   =   0.46319,  gb_gamma_nnu  =    0.13872
     gb_alpha_onu  =   0.60634, gb_beta_onu   =   0.46301,  gb_gamma_onu  =    0.14226
     gb_alpha_pnu  =   0.41836, gb_beta_pnu   =   0.29005,  gb_gamma_pnu  =    0.10642

Frozen or restrained atoms:
     ibelly  =       0, ntr     =       1
     restraint_wt =  10.00000

Energy minimization:
     maxcyc  =    1000, ncyc    =      10, ntmin   =       1
     dx0     =   0.01000, drms    =   0.00010
|  INFO: Old style inpcrd file read


    LOADING THE CONSTRAINED ATOMS AS GROUPS


   5.  REFERENCE ATOM COORDINATES

  defa
     Mask !@H=; matches   799 atoms

--------------------------------------------------------------------------------
   3.  ATOMIC COORDINATES AND VELOCITIES
--------------------------------------------------------------------------------

default_name                                                                    
 begin time read from input coords =     0.000 ps

 Number of triangulated 3-point waters found:        0

--------------------------------------------------------------------------------
   4.  RESULTS
--------------------------------------------------------------------------------



   NSTEP       ENERGY          RMS            GMAX         NAME    NUMBER
      1      -2.2424E+03     9.0831E+00     5.9123E+01     OD1       232

 BOND    =       69.8762  ANGLE   =      211.0769  DIHED      =     1076.8326
 VDWAALS =     -692.5391  EEL     =    -7464.7738  EGB        =    -1585.8022
 1-4 VDW =      442.2675  1-4 EEL =     5700.6639  RESTRAINT  =        0.0000


   NSTEP       ENERGY          RMS            GMAX         NAME    NUMBER
    100      -2.5991E+03     3.4978E-01     3.4817E+00     CE2       650

 BOND    =       30.1969  ANGLE   =      205.7619  DIHED      =     1079.7007
 VDWAALS =     -825.8127  EEL     =    -7474.9810  EGB        =    -1601.8992
 1-4 VDW =      333.9220  1-4 EEL =     5611.1252  RESTRAINT  =       42.8523
 EAMBER  =    -2641.9862


   NSTEP       ENERGY          RMS            GMAX         NAME    NUMBER
    200      -2.6158E+03     5.0918E-01     9.5194E+00     HG1       635

 BOND    =       31.6691  ANGLE   =      207.1465  DIHED      =     1079.1319
 VDWAALS =     -826.9269  EEL     =    -7484.7901  EGB        =    -1606.5534
 1-4 VDW =      332.4812  1-4 EEL =     5607.4898  RESTRAINT  =       44.5336
 EAMBER  =    -2660.3520


   NSTEP       ENERGY          RMS            GMAX         NAME    NUMBER
    300      -2.6212E+03     3.6706E-02     4.9684E-01     CD2       659

 BOND    =       30.3144  ANGLE   =      205.5967  DIHED      =     1077.0364
 VDWAALS =     -826.0407  EEL     =    -7487.3520  EGB        =    -1608.2387
 1-4 VDW =      334.4851  1-4 EEL =     5609.9830  RESTRAINT  =       43.0380
 EAMBER  =    -2664.2159


   NSTEP       ENERGY          RMS            GMAX         NAME    NUMBER
    400      -2.6212E+03     1.7325E-02     1.9218E-01     HG1       635

 BOND    =       30.2673  ANGLE   =      205.4980  DIHED      =     1077.1138
 VDWAALS =     -826.0996  EEL     =    -7487.5644  EGB        =    -1608.2462
 1-4 VDW =      334.6169  1-4 EEL =     5610.1137  RESTRAINT  =       43.0539
 EAMBER  =    -2664.3006


   NSTEP       ENERGY          RMS            GMAX         NAME    NUMBER
    500      -2.6213E+03     2.2170E-02     4.6376E-01     CG        311

 BOND    =       30.2577  ANGLE   =      205.4720  DIHED      =     1077.2350
 VDWAALS =     -826.0549  EEL     =    -7488.0032  EGB        =    -1608.0559
 1-4 VDW =      334.6529  1-4 EEL =     5610.1546  RESTRAINT  =       43.0678
 EAMBER  =    -2664.3417


   NSTEP       ENERGY          RMS            GMAX         NAME    NUMBER
    600      -2.6213E+03     7.7183E-03     8.0434E-02     HB        629

 BOND    =       30.2522  ANGLE   =      205.4632  DIHED      =     1077.3376
 VDWAALS =     -826.0092  EEL     =    -7488.4002  EGB        =    -1607.8627
 1-4 VDW =      334.6708  1-4 EEL =     5610.1805  RESTRAINT  =       43.0796
 EAMBER  =    -2664.3676


   NSTEP       ENERGY          RMS            GMAX         NAME    NUMBER
    700      -2.6213E+03     3.6689E-03     5.0525E-02     C        1008

 BOND    =       30.2365  ANGLE   =      205.4306  DIHED      =     1077.4136
 VDWAALS =     -825.9455  EEL     =    -7488.6786  EGB        =    -1607.7240
 1-4 VDW =      334.7109  1-4 EEL =     5610.2010  RESTRAINT  =       43.0615
 EAMBER  =    -2664.3555


   NSTEP       ENERGY          RMS            GMAX         NAME    NUMBER
    800      -2.6213E+03     8.7833E-04     1.6758E-02     HZ2      1006

 BOND    =       30.2362  ANGLE   =      205.4243  DIHED      =     1077.4469
 VDWAALS =     -825.9207  EEL     =    -7488.8021  EGB        =    -1607.6648
 1-4 VDW =      334.7150  1-4 EEL =     5610.2075  RESTRAINT  =       43.0625
 EAMBER  =    -2664.3577


   NSTEP       ENERGY          RMS            GMAX         NAME    NUMBER
    900      -2.6213E+03     1.9821E-04     3.1835E-03     CE2       650

 BOND    =       30.2349  ANGLE   =      205.4204  DIHED      =     1077.4782
 VDWAALS =     -825.8972  EEL     =    -7488.9152  EGB        =    -1607.6111
 1-4 VDW =      334.7187  1-4 EEL =     5610.2123  RESTRAINT  =       43.0633
 EAMBER  =    -2664.3590


                    FINAL RESULTS



   NSTEP       ENERGY          RMS            GMAX         NAME    NUMBER
    973      -2.6213E+03     9.4861E-05     1.3006E-03     HZ2      1006

 BOND    =       30.2350  ANGLE   =      205.4205  DIHED      =     1077.4804
 VDWAALS =     -825.8961  EEL     =    -7488.9229  EGB        =    -1607.6076
 1-4 VDW =      334.7186  1-4 EEL =     5610.2127  RESTRAINT  =       43.0638
 EAMBER  =    -2664.3595

--------------------------------------------------------------------------------
   5.  TIMINGS
--------------------------------------------------------------------------------

|                Calc gb radii             58.54 (20.52% of Gen B)
|                Calc gb diag             109.05 (38.24% of Gen B)
|                Calc gb off-diag         117.62 (41.24% of Gen B)
|             Gen Born time            285.21 (100.0% of Nonbo)
|          Nonbond force            285.21 (99.29% of Force)
|          Bond/Angle/Dihedral        2.01 ( 0.70% of Force)
|          Other                      0.02 ( 0.01% of Force)
|       Force time               287.24 (100.0% of Runmd)
|    Runmd Time               287.24 (99.70% of Total)
|    Other                      0.86 ( 0.30% of Total)
| Total time               288.10 (100.0% of ALL  )

| Number of list builds   :          0

| Highest rstack allocated:          0
| Highest istack allocated:          0
|           Job began  at 13:39:43.373  on 02/03/2016
|           Setup done at 13:39:43.461  on 02/03/2016
|           Run   done at 13:44:31.477  on 02/03/2016
|     wallclock() was called   17542 times
