
          -------------------------------------------------------
          Amber 14 SANDER                              2014
          -------------------------------------------------------

| Run on 02/03/2016 at 14:08:24

|   Executable path: sander
| Working directory: /lustre/cs1500/scratch/kmb413/RealDecoyDisc/DecoyDiscrimination/decoys.set2.init/1aaj/Rosetta_relaxed
|          Hostname: slepner1


File Assignments:
|  MDIN: /scratch/kmb413/RealDecoyDisc/DecoyDiscrimination/scripts/min/min.in  
| MDOUT: NoH_3_empty_tag_496_0001_0001.out                                     
|INPCRD: NoH_3_empty_tag_496_0001_0001.rst7                                    
|  PARM: NoH_3_empty_tag_496_0001_0001.parm7                                   
|RESTRT: min_NoH_3_empty_tag_496_0001_0001.rst7                                
|  REFC: NoH_3_empty_tag_496_0001_0001.rst7                                    
| MDVEL: mdvel                                                                 
| MDFRC: mdfrc                                                                 
|  MDEN: mden                                                                  
| MDCRD: mdcrd                                                                 
|MDINFO: mdinfo                                                                
|  MTMD: mtmd                                                                  
|INPDIP: inpdip                                                                
|RSTDIP: rstdip                                                                
|INPTRA: inptraj                                                               


 Here is the input file:

                                                                               
&cntrl                                                                         
    imin = 1, maxcyc=1000,                                                     
    ntx = 1,                                                                   
    ntwr = 100, ntpr = 100,                                                    
    cut = 999.0,                                                               
    ntb = 0, igb = 8,                                                          
    ntr = 1, restraint_wt = 10, restraintmask = "!@H=",                        
/                                                                              

--------------------------------------------------------------------------------
   1.  RESOURCE   USE: 
--------------------------------------------------------------------------------

| Flags:                                                                        
| New format PARM file being parsed.
| Version =    1.000 Date = 02/03/16 Time = 11:50:08
 NATOM  =    1590 NTYPES =      14 NBONH =     791 MBONA  =     820
 NTHETH =    1812 MTHETA =    1115 NPHIH =    3578 MPHIA  =    3525
 NHPARM =       0 NPARM  =       0 NNB   =    8805 NRES   =     104
 NBONA  =     820 NTHETA =    1115 NPHIA =    3525 NUMBND =      65
 NUMANG =     152 NPTRA  =     189 NATYP =      33 NPHB   =       0
 IFBOX  =       0 NMXRS  =      24 IFCAP =       0 NEXTRA =       0
 NCOPY  =       0

 Implicit solvent radii are ArgH and AspGluO modified Bondi2 radii (mbondi3)                                
 Replacing prmtop screening parameters with GBn2 (igb=8) values

|     Memory Use     Allocated
|     Real              145027
|     Hollerith           4876
|     Integer           109197
|     Max Pairs              1
|     nblistReal             0
|     nblist Int             0
|       Total             1578 kbytes

| Note: 1-4 EEL scale factors are being read from the topology file.

| Note: 1-4 VDW scale factors are being read from the topology file.
| Duplicated    0 dihedrals
| Duplicated    0 dihedrals

--------------------------------------------------------------------------------
   2.  CONTROL  DATA  FOR  THE  RUN
--------------------------------------------------------------------------------

default_name                                                                    

General flags:
     imin    =       1, nmropt  =       0

Nature and format of input:
     ntx     =       1, irest   =       0, ntrx    =       1

Nature and format of output:
     ntxo    =       1, ntpr    =     100, ntrx    =       1, ntwr    =     100
     iwrap   =       0, ntwx    =       0, ntwv    =       0, ntwe    =       0
     ioutfm  =       0, ntwprt  =       0, idecomp =       0, rbornstat=      0

Potential function:
     ntf     =       1, ntb     =       0, igb     =       8, nsnb    =      25
     ipol    =       0, gbsa    =       0, iesp    =       0
     dielc   =   1.00000, cut     = 999.00000, intdiel =   1.00000
     saltcon =   0.00000, offset  =   0.19514, surften =   0.00500
     rdt     =   0.00000, rgbmax  =  25.00000  extdiel =  78.50000
     alpb  =        0
     gbalphaH  =   0.78844, gbbetaH   =   0.79870,  gbgammaH  =    0.43733
     gbalphaC  =   0.73376, gbbetaC   =   0.50638,  gbgammaC  =    0.20584
     gbalphaN  =   0.50336, gbbetaN   =   0.31683,  gbgammaN  =    0.19292
     gbalphaOS =   0.86781, gbbetaOS  =   0.87664,  gbgammaOS =    0.38788
     gbalphaP  =   1.00000, gbbetaP   =   0.80000,  gbgammaP  =    4.85000
     gb_alpha_hnu  =   0.53705, gb_beta_hnu   =   0.36286,  gb_gamma_hnu  =    0.11670
     gb_alpha_cnu  =   0.33167, gb_beta_cnu   =   0.19684,  gb_gamma_cnu  =    0.09342
     gb_alpha_nnu  =   0.68631, gb_beta_nnu   =   0.46319,  gb_gamma_nnu  =    0.13872
     gb_alpha_onu  =   0.60634, gb_beta_onu   =   0.46301,  gb_gamma_onu  =    0.14226
     gb_alpha_pnu  =   0.41836, gb_beta_pnu   =   0.29005,  gb_gamma_pnu  =    0.10642

Frozen or restrained atoms:
     ibelly  =       0, ntr     =       1
     restraint_wt =  10.00000

Energy minimization:
     maxcyc  =    1000, ncyc    =      10, ntmin   =       1
     dx0     =   0.01000, drms    =   0.00010
|  INFO: Old style inpcrd file read


    LOADING THE CONSTRAINED ATOMS AS GROUPS


   5.  REFERENCE ATOM COORDINATES

  defa
     Mask !@H=; matches   799 atoms

--------------------------------------------------------------------------------
   3.  ATOMIC COORDINATES AND VELOCITIES
--------------------------------------------------------------------------------

default_name                                                                    
 begin time read from input coords =     0.000 ps

 Number of triangulated 3-point waters found:        0

--------------------------------------------------------------------------------
   4.  RESULTS
--------------------------------------------------------------------------------



   NSTEP       ENERGY          RMS            GMAX         NAME    NUMBER
      1      -2.2150E+03     9.0637E+00     6.0744E+01     OE1       730

 BOND    =       69.2750  ANGLE   =      211.4322  DIHED      =     1070.4180
 VDWAALS =     -671.7530  EEL     =    -7395.0932  EGB        =    -1631.2276
 1-4 VDW =      449.1744  1-4 EEL =     5682.8017  RESTRAINT  =        0.0000


   NSTEP       ENERGY          RMS            GMAX         NAME    NUMBER
    100      -2.5807E+03     3.8646E-01     4.5316E+00     CD        193

 BOND    =       30.9251  ANGLE   =      210.7518  DIHED      =     1074.0461
 VDWAALS =     -815.7357  EEL     =    -7400.8162  EGB        =    -1650.0374
 1-4 VDW =      336.4569  1-4 EEL =     5589.3660  RESTRAINT  =       44.3458
 EAMBER  =    -2625.0435


   NSTEP       ENERGY          RMS            GMAX         NAME    NUMBER
    200      -2.5993E+03     4.1840E-01     1.0068E+01     CD        193

 BOND    =       32.0782  ANGLE   =      212.6531  DIHED      =     1071.9273
 VDWAALS =     -816.2355  EEL     =    -7414.4073  EGB        =    -1653.8593
 1-4 VDW =      334.9292  1-4 EEL =     5587.8991  RESTRAINT  =       45.6661
 EAMBER  =    -2645.0151


   NSTEP       ENERGY          RMS            GMAX         NAME    NUMBER
    300      -2.6026E+03     4.3366E-02     5.3593E-01     CA        626

 BOND    =       30.9943  ANGLE   =      210.7824  DIHED      =     1070.1002
 VDWAALS =     -815.9131  EEL     =    -7416.4970  EGB        =    -1653.6780
 1-4 VDW =      337.0852  1-4 EEL =     5590.3956  RESTRAINT  =       44.1675
 EAMBER  =    -2646.7304


   NSTEP       ENERGY          RMS            GMAX         NAME    NUMBER
    400      -2.6026E+03     8.2273E-03     9.7106E-02     HG1       605

 BOND    =       30.9268  ANGLE   =      210.6286  DIHED      =     1070.0659
 VDWAALS =     -816.0969  EEL     =    -7416.5062  EGB        =    -1653.6351
 1-4 VDW =      337.3100  1-4 EEL =     5590.5174  RESTRAINT  =       44.1777
 EAMBER  =    -2646.7895


   NSTEP       ENERGY          RMS            GMAX         NAME    NUMBER
    500      -2.6026E+03     5.7084E-03     8.8028E-02     OG1       634

 BOND    =       30.9287  ANGLE   =      210.6352  DIHED      =     1070.0773
 VDWAALS =     -816.1792  EEL     =    -7416.5374  EGB        =    -1653.6192
 1-4 VDW =      337.3085  1-4 EEL =     5590.5357  RESTRAINT  =       44.2331
 EAMBER  =    -2646.8504


   NSTEP       ENERGY          RMS            GMAX         NAME    NUMBER
    600      -2.6026E+03     2.3818E-03     3.8551E-02     CG        311

 BOND    =       30.9144  ANGLE   =      210.6152  DIHED      =     1070.0733
 VDWAALS =     -816.1634  EEL     =    -7416.5384  EGB        =    -1653.6111
 1-4 VDW =      337.3466  1-4 EEL =     5590.5339  RESTRAINT  =       44.2114
 EAMBER  =    -2646.8296


   NSTEP       ENERGY          RMS            GMAX         NAME    NUMBER
    700      -2.6026E+03     4.8333E-04     1.2427E-02     CG        311

 BOND    =       30.9133  ANGLE   =      210.6129  DIHED      =     1070.0758
 VDWAALS =     -816.1658  EEL     =    -7416.5436  EGB        =    -1653.6097
 1-4 VDW =      337.3489  1-4 EEL =     5590.5370  RESTRAINT  =       44.2130
 EAMBER  =    -2646.8313


   NSTEP       ENERGY          RMS            GMAX         NAME    NUMBER
    800      -2.6026E+03     3.1718E-04     5.3050E-03     CD        103

 BOND    =       30.9132  ANGLE   =      210.6134  DIHED      =     1070.0765
 VDWAALS =     -816.1669  EEL     =    -7416.5457  EGB        =    -1653.6092
 1-4 VDW =      337.3492  1-4 EEL =     5590.5368  RESTRAINT  =       44.2143
 EAMBER  =    -2646.8326


                    FINAL RESULTS



   NSTEP       ENERGY          RMS            GMAX         NAME    NUMBER
    848      -2.6026E+03     6.3424E-05     1.1116E-03     HH       1165

 BOND    =       30.9132  ANGLE   =      210.6137  DIHED      =     1070.0768
 VDWAALS =     -816.1674  EEL     =    -7416.5467  EGB        =    -1653.6088
 1-4 VDW =      337.3493  1-4 EEL =     5590.5368  RESTRAINT  =       44.2149
 EAMBER  =    -2646.8332

--------------------------------------------------------------------------------
   5.  TIMINGS
--------------------------------------------------------------------------------

|                Calc gb radii             51.30 (20.53% of Gen B)
|                Calc gb diag              95.30 (38.13% of Gen B)
|                Calc gb off-diag         103.30 (41.34% of Gen B)
|             Gen Born time            249.91 (100.0% of Nonbo)
|          Nonbond force            249.91 (99.30% of Force)
|          Bond/Angle/Dihedral        1.75 ( 0.70% of Force)
|          Other                      0.01 ( 0.01% of Force)
|       Force time               251.68 (100.0% of Runmd)
|    Runmd Time               251.68 (99.66% of Total)
|    Other                      0.85 ( 0.34% of Total)
| Total time               252.54 (100.0% of ALL  )

| Number of list builds   :          0

| Highest rstack allocated:          0
| Highest istack allocated:          0
|           Job began  at 14:08:24.778  on 02/03/2016
|           Setup done at 14:08:24.832  on 02/03/2016
|           Run   done at 14:12:37.314  on 02/03/2016
|     wallclock() was called   15292 times
