
          -------------------------------------------------------
          Amber 14 SANDER                              2014
          -------------------------------------------------------

| Run on 02/03/2016 at 13:29:43

|   Executable path: sander
| Working directory: /lustre/cs1500/scratch/kmb413/RealDecoyDisc/DecoyDiscrimination/decoys.set2.init/1aaj/Rosetta_relaxed
|          Hostname: slepner25


File Assignments:
|  MDIN: /scratch/kmb413/RealDecoyDisc/DecoyDiscrimination/scripts/min/min.in  
| MDOUT: NoH_4_empty_tag_13_0001_1_0001.out                                    
|INPCRD: NoH_4_empty_tag_13_0001_1_0001.rst7                                   
|  PARM: NoH_4_empty_tag_13_0001_1_0001.parm7                                  
|RESTRT: min_NoH_4_empty_tag_13_0001_1_0001.rst7                               
|  REFC: NoH_4_empty_tag_13_0001_1_0001.rst7                                   
| MDVEL: mdvel                                                                 
| MDFRC: mdfrc                                                                 
|  MDEN: mden                                                                  
| MDCRD: mdcrd                                                                 
|MDINFO: mdinfo                                                                
|  MTMD: mtmd                                                                  
|INPDIP: inpdip                                                                
|RSTDIP: rstdip                                                                
|INPTRA: inptraj                                                               


 Here is the input file:

                                                                               
&cntrl                                                                         
    imin = 1, maxcyc=1000,                                                     
    ntx = 1,                                                                   
    ntwr = 100, ntpr = 100,                                                    
    cut = 999.0,                                                               
    ntb = 0, igb = 8,                                                          
    ntr = 1, restraint_wt = 10, restraintmask = "!@H=",                        
/                                                                              

--------------------------------------------------------------------------------
   1.  RESOURCE   USE: 
--------------------------------------------------------------------------------

| Flags:                                                                        
| New format PARM file being parsed.
| Version =    1.000 Date = 02/03/16 Time = 11:50:48
 NATOM  =    1590 NTYPES =      14 NBONH =     791 MBONA  =     820
 NTHETH =    1812 MTHETA =    1115 NPHIH =    3578 MPHIA  =    3525
 NHPARM =       0 NPARM  =       0 NNB   =    8805 NRES   =     104
 NBONA  =     820 NTHETA =    1115 NPHIA =    3525 NUMBND =      65
 NUMANG =     152 NPTRA  =     189 NATYP =      33 NPHB   =       0
 IFBOX  =       0 NMXRS  =      24 IFCAP =       0 NEXTRA =       0
 NCOPY  =       0

 Implicit solvent radii are ArgH and AspGluO modified Bondi2 radii (mbondi3)                                
 Replacing prmtop screening parameters with GBn2 (igb=8) values

|     Memory Use     Allocated
|     Real              145027
|     Hollerith           4876
|     Integer           109197
|     Max Pairs              1
|     nblistReal             0
|     nblist Int             0
|       Total             1578 kbytes

| Note: 1-4 EEL scale factors are being read from the topology file.

| Note: 1-4 VDW scale factors are being read from the topology file.
| Duplicated    0 dihedrals
| Duplicated    0 dihedrals

--------------------------------------------------------------------------------
   2.  CONTROL  DATA  FOR  THE  RUN
--------------------------------------------------------------------------------

default_name                                                                    

General flags:
     imin    =       1, nmropt  =       0

Nature and format of input:
     ntx     =       1, irest   =       0, ntrx    =       1

Nature and format of output:
     ntxo    =       1, ntpr    =     100, ntrx    =       1, ntwr    =     100
     iwrap   =       0, ntwx    =       0, ntwv    =       0, ntwe    =       0
     ioutfm  =       0, ntwprt  =       0, idecomp =       0, rbornstat=      0

Potential function:
     ntf     =       1, ntb     =       0, igb     =       8, nsnb    =      25
     ipol    =       0, gbsa    =       0, iesp    =       0
     dielc   =   1.00000, cut     = 999.00000, intdiel =   1.00000
     saltcon =   0.00000, offset  =   0.19514, surften =   0.00500
     rdt     =   0.00000, rgbmax  =  25.00000  extdiel =  78.50000
     alpb  =        0
     gbalphaH  =   0.78844, gbbetaH   =   0.79870,  gbgammaH  =    0.43733
     gbalphaC  =   0.73376, gbbetaC   =   0.50638,  gbgammaC  =    0.20584
     gbalphaN  =   0.50336, gbbetaN   =   0.31683,  gbgammaN  =    0.19292
     gbalphaOS =   0.86781, gbbetaOS  =   0.87664,  gbgammaOS =    0.38788
     gbalphaP  =   1.00000, gbbetaP   =   0.80000,  gbgammaP  =    4.85000
     gb_alpha_hnu  =   0.53705, gb_beta_hnu   =   0.36286,  gb_gamma_hnu  =    0.11670
     gb_alpha_cnu  =   0.33167, gb_beta_cnu   =   0.19684,  gb_gamma_cnu  =    0.09342
     gb_alpha_nnu  =   0.68631, gb_beta_nnu   =   0.46319,  gb_gamma_nnu  =    0.13872
     gb_alpha_onu  =   0.60634, gb_beta_onu   =   0.46301,  gb_gamma_onu  =    0.14226
     gb_alpha_pnu  =   0.41836, gb_beta_pnu   =   0.29005,  gb_gamma_pnu  =    0.10642

Frozen or restrained atoms:
     ibelly  =       0, ntr     =       1
     restraint_wt =  10.00000

Energy minimization:
     maxcyc  =    1000, ncyc    =      10, ntmin   =       1
     dx0     =   0.01000, drms    =   0.00010
|  INFO: Old style inpcrd file read


    LOADING THE CONSTRAINED ATOMS AS GROUPS


   5.  REFERENCE ATOM COORDINATES

  defa
     Mask !@H=; matches   799 atoms

--------------------------------------------------------------------------------
   3.  ATOMIC COORDINATES AND VELOCITIES
--------------------------------------------------------------------------------

default_name                                                                    
 begin time read from input coords =     0.000 ps

 Number of triangulated 3-point waters found:        0

--------------------------------------------------------------------------------
   4.  RESULTS
--------------------------------------------------------------------------------



   NSTEP       ENERGY          RMS            GMAX         NAME    NUMBER
      1      -2.0437E+03     9.3020E+00     8.7469E+01     OE1       945

 BOND    =       71.5862  ANGLE   =      212.1289  DIHED      =     1075.0860
 VDWAALS =     -564.3979  EEL     =    -6903.3821  EGB        =    -2060.1476
 1-4 VDW =      440.5924  1-4 EEL =     5684.8583  RESTRAINT  =        0.0000


   NSTEP       ENERGY          RMS            GMAX         NAME    NUMBER
    100      -2.4385E+03     5.2985E-01     7.6461E+00     CG       1324

 BOND    =       32.5277  ANGLE   =      210.1858  DIHED      =     1076.1166
 VDWAALS =     -725.1104  EEL     =    -6924.2901  EGB        =    -2086.9888
 1-4 VDW =      327.4725  1-4 EEL =     5602.9672  RESTRAINT  =       48.5784
 EAMBER  =    -2487.1195


   NSTEP       ENERGY          RMS            GMAX         NAME    NUMBER
    200      -2.4447E+03     1.2430E-01     1.7475E+00     H2          3

 BOND    =       31.6921  ANGLE   =      209.2188  DIHED      =     1075.1059
 VDWAALS =     -727.6892  EEL     =    -6926.4047  EGB        =    -2088.0540
 1-4 VDW =      328.5500  1-4 EEL =     5604.5405  RESTRAINT  =       48.3754
 EAMBER  =    -2493.0406


   NSTEP       ENERGY          RMS            GMAX         NAME    NUMBER
    300      -2.4461E+03     1.3900E-02     2.0517E-01     CE2       650

 BOND    =       31.3636  ANGLE   =      208.5396  DIHED      =     1073.8476
 VDWAALS =     -727.9077  EEL     =    -6926.4812  EGB        =    -2087.8219
 1-4 VDW =      329.5226  1-4 EEL =     5604.8339  RESTRAINT  =       48.0329
 EAMBER  =    -2494.1036


   NSTEP       ENERGY          RMS            GMAX         NAME    NUMBER
    400      -2.4462E+03     9.9874E-02     1.7792E+00     CA          5

 BOND    =       31.4772  ANGLE   =      208.7582  DIHED      =     1074.3321
 VDWAALS =     -728.1413  EEL     =    -6929.1765  EGB        =    -2086.1210
 1-4 VDW =      329.2147  1-4 EEL =     5605.1623  RESTRAINT  =       48.2794
 EAMBER  =    -2494.4943


   NSTEP       ENERGY          RMS            GMAX         NAME    NUMBER
    500      -2.4524E+03     3.4662E-02     6.7814E-01     CB       1176

 BOND    =       31.5618  ANGLE   =      208.7933  DIHED      =     1073.6364
 VDWAALS =     -726.0880  EEL     =    -6938.5924  EGB        =    -2084.3181
 1-4 VDW =      329.4675  1-4 EEL =     5605.6017  RESTRAINT  =       47.5269
 EAMBER  =    -2499.9379


   NSTEP       ENERGY          RMS            GMAX         NAME    NUMBER
    600      -2.4524E+03     3.1528E-03     6.8231E-02     HG1       453

 BOND    =       31.5242  ANGLE   =      208.7377  DIHED      =     1073.7018
 VDWAALS =     -726.0281  EEL     =    -6938.7256  EGB        =    -2084.2793
 1-4 VDW =      329.5433  1-4 EEL =     5605.5938  RESTRAINT  =       47.4959
 EAMBER  =    -2499.9321


   NSTEP       ENERGY          RMS            GMAX         NAME    NUMBER
    700      -2.4525E+03     4.7904E-02     9.6824E-01     CB        446

 BOND    =       31.5597  ANGLE   =      208.8090  DIHED      =     1073.9148
 VDWAALS =     -726.1634  EEL     =    -6940.0843  EGB        =    -2083.6204
 1-4 VDW =      329.4349  1-4 EEL =     5606.0559  RESTRAINT  =       47.6244
 EAMBER  =    -2500.0939


   NSTEP       ENERGY          RMS            GMAX         NAME    NUMBER
    800      -2.4547E+03     7.2322E-02     2.3409E+00     OG1       452

 BOND    =       31.6073  ANGLE   =      209.0917  DIHED      =     1072.1549
 VDWAALS =     -726.4925  EEL     =    -6944.0899  EGB        =    -2081.1314
 1-4 VDW =      329.1728  1-4 EEL =     5607.0416  RESTRAINT  =       47.9189
 EAMBER  =    -2502.6455


   NSTEP       ENERGY          RMS            GMAX         NAME    NUMBER
    900      -2.4549E+03     1.6438E-02     3.1568E-01     HG1       453

 BOND    =       31.5019  ANGLE   =      208.8103  DIHED      =     1072.1118
 VDWAALS =     -726.3587  EEL     =    -6944.3828  EGB        =    -2081.0018
 1-4 VDW =      329.4340  1-4 EEL =     5607.1598  RESTRAINT  =       47.8557
 EAMBER  =    -2502.7256


   NSTEP       ENERGY          RMS            GMAX         NAME    NUMBER
   1000      -2.4549E+03     1.1616E-03     2.3145E-02     CB        446

 BOND    =       31.4826  ANGLE   =      208.8059  DIHED      =     1072.0957
 VDWAALS =     -726.3452  EEL     =    -6944.3641  EGB        =    -2080.9953
 1-4 VDW =      329.4485  1-4 EEL =     5607.1536  RESTRAINT  =       47.8469
 EAMBER  =    -2502.7182


  Maximum number of minimization cycles reached.


                    FINAL RESULTS



   NSTEP       ENERGY          RMS            GMAX         NAME    NUMBER
   1000      -2.4549E+03     1.1616E-03     2.3145E-02     CB        446

 BOND    =       31.4826  ANGLE   =      208.8059  DIHED      =     1072.0957
 VDWAALS =     -726.3452  EEL     =    -6944.3641  EGB        =    -2080.9953
 1-4 VDW =      329.4485  1-4 EEL =     5607.1536  RESTRAINT  =       47.8469
 EAMBER  =    -2502.7182

--------------------------------------------------------------------------------
   5.  TIMINGS
--------------------------------------------------------------------------------

|                Calc gb radii             55.74 (19.89% of Gen B)
|                Calc gb diag             102.43 (36.55% of Gen B)
|                Calc gb off-diag         122.05 (43.56% of Gen B)
|             Gen Born time            280.23 (100.0% of Nonbo)
|          Nonbond force            280.23 (99.25% of Force)
|          Bond/Angle/Dihedral        2.09 ( 0.74% of Force)
|          Other                      0.02 ( 0.01% of Force)
|       Force time               282.34 (100.0% of Runmd)
|    Runmd Time               282.34 (99.69% of Total)
|    Other                      0.86 ( 0.30% of Total)
| Total time               283.20 (100.0% of ALL  )

| Number of list builds   :          0

| Highest rstack allocated:          0
| Highest istack allocated:          0
|           Job began  at 13:29:43.757  on 02/03/2016
|           Setup done at 13:29:43.834  on 02/03/2016
|           Run   done at 13:34:26.960  on 02/03/2016
|     wallclock() was called   18028 times
