
          -------------------------------------------------------
          Amber 14 SANDER                              2014
          -------------------------------------------------------

| Run on 02/03/2016 at 14:15:39

|   Executable path: sander
| Working directory: /lustre/cs1500/scratch/kmb413/RealDecoyDisc/DecoyDiscrimination/decoys.set2.init/1aaj/Rosetta_relaxed
|          Hostname: slepner7


File Assignments:
|  MDIN: /scratch/kmb413/RealDecoyDisc/DecoyDiscrimination/scripts/min/min.in  
| MDOUT: NoH_4_empty_tag_150_0001_1_0001.out                                   
|INPCRD: NoH_4_empty_tag_150_0001_1_0001.rst7                                  
|  PARM: NoH_4_empty_tag_150_0001_1_0001.parm7                                 
|RESTRT: min_NoH_4_empty_tag_150_0001_1_0001.rst7                              
|  REFC: NoH_4_empty_tag_150_0001_1_0001.rst7                                  
| MDVEL: mdvel                                                                 
| MDFRC: mdfrc                                                                 
|  MDEN: mden                                                                  
| MDCRD: mdcrd                                                                 
|MDINFO: mdinfo                                                                
|  MTMD: mtmd                                                                  
|INPDIP: inpdip                                                                
|RSTDIP: rstdip                                                                
|INPTRA: inptraj                                                               


 Here is the input file:

                                                                               
&cntrl                                                                         
    imin = 1, maxcyc=1000,                                                     
    ntx = 1,                                                                   
    ntwr = 100, ntpr = 100,                                                    
    cut = 999.0,                                                               
    ntb = 0, igb = 8,                                                          
    ntr = 1, restraint_wt = 10, restraintmask = "!@H=",                        
/                                                                              

--------------------------------------------------------------------------------
   1.  RESOURCE   USE: 
--------------------------------------------------------------------------------

| Flags:                                                                        
| New format PARM file being parsed.
| Version =    1.000 Date = 02/03/16 Time = 11:51:06
 NATOM  =    1590 NTYPES =      14 NBONH =     791 MBONA  =     820
 NTHETH =    1812 MTHETA =    1115 NPHIH =    3578 MPHIA  =    3525
 NHPARM =       0 NPARM  =       0 NNB   =    8805 NRES   =     104
 NBONA  =     820 NTHETA =    1115 NPHIA =    3525 NUMBND =      65
 NUMANG =     152 NPTRA  =     189 NATYP =      33 NPHB   =       0
 IFBOX  =       0 NMXRS  =      24 IFCAP =       0 NEXTRA =       0
 NCOPY  =       0

 Implicit solvent radii are ArgH and AspGluO modified Bondi2 radii (mbondi3)                                
 Replacing prmtop screening parameters with GBn2 (igb=8) values

|     Memory Use     Allocated
|     Real              145027
|     Hollerith           4876
|     Integer           109197
|     Max Pairs              1
|     nblistReal             0
|     nblist Int             0
|       Total             1578 kbytes

| Note: 1-4 EEL scale factors are being read from the topology file.

| Note: 1-4 VDW scale factors are being read from the topology file.
| Duplicated    0 dihedrals
| Duplicated    0 dihedrals

--------------------------------------------------------------------------------
   2.  CONTROL  DATA  FOR  THE  RUN
--------------------------------------------------------------------------------

default_name                                                                    

General flags:
     imin    =       1, nmropt  =       0

Nature and format of input:
     ntx     =       1, irest   =       0, ntrx    =       1

Nature and format of output:
     ntxo    =       1, ntpr    =     100, ntrx    =       1, ntwr    =     100
     iwrap   =       0, ntwx    =       0, ntwv    =       0, ntwe    =       0
     ioutfm  =       0, ntwprt  =       0, idecomp =       0, rbornstat=      0

Potential function:
     ntf     =       1, ntb     =       0, igb     =       8, nsnb    =      25
     ipol    =       0, gbsa    =       0, iesp    =       0
     dielc   =   1.00000, cut     = 999.00000, intdiel =   1.00000
     saltcon =   0.00000, offset  =   0.19514, surften =   0.00500
     rdt     =   0.00000, rgbmax  =  25.00000  extdiel =  78.50000
     alpb  =        0
     gbalphaH  =   0.78844, gbbetaH   =   0.79870,  gbgammaH  =    0.43733
     gbalphaC  =   0.73376, gbbetaC   =   0.50638,  gbgammaC  =    0.20584
     gbalphaN  =   0.50336, gbbetaN   =   0.31683,  gbgammaN  =    0.19292
     gbalphaOS =   0.86781, gbbetaOS  =   0.87664,  gbgammaOS =    0.38788
     gbalphaP  =   1.00000, gbbetaP   =   0.80000,  gbgammaP  =    4.85000
     gb_alpha_hnu  =   0.53705, gb_beta_hnu   =   0.36286,  gb_gamma_hnu  =    0.11670
     gb_alpha_cnu  =   0.33167, gb_beta_cnu   =   0.19684,  gb_gamma_cnu  =    0.09342
     gb_alpha_nnu  =   0.68631, gb_beta_nnu   =   0.46319,  gb_gamma_nnu  =    0.13872
     gb_alpha_onu  =   0.60634, gb_beta_onu   =   0.46301,  gb_gamma_onu  =    0.14226
     gb_alpha_pnu  =   0.41836, gb_beta_pnu   =   0.29005,  gb_gamma_pnu  =    0.10642

Frozen or restrained atoms:
     ibelly  =       0, ntr     =       1
     restraint_wt =  10.00000

Energy minimization:
     maxcyc  =    1000, ncyc    =      10, ntmin   =       1
     dx0     =   0.01000, drms    =   0.00010
|  INFO: Old style inpcrd file read


    LOADING THE CONSTRAINED ATOMS AS GROUPS


   5.  REFERENCE ATOM COORDINATES

  defa
     Mask !@H=; matches   799 atoms

--------------------------------------------------------------------------------
   3.  ATOMIC COORDINATES AND VELOCITIES
--------------------------------------------------------------------------------

default_name                                                                    
 begin time read from input coords =     0.000 ps

 Number of triangulated 3-point waters found:        0

--------------------------------------------------------------------------------
   4.  RESULTS
--------------------------------------------------------------------------------



   NSTEP       ENERGY          RMS            GMAX         NAME    NUMBER
      1      -2.1380E+03     9.2657E+00     6.9788E+01     OXT      1590

 BOND    =       71.5180  ANGLE   =      211.7177  DIHED      =     1081.0750
 VDWAALS =     -588.7500  EEL     =    -7086.4225  EGB        =    -1982.1164
 1-4 VDW =      434.9586  1-4 EEL =     5719.9825  RESTRAINT  =        0.0000


   NSTEP       ENERGY          RMS            GMAX         NAME    NUMBER
    100      -2.5186E+03     3.0717E-01     2.2519E+00     HG1       635

 BOND    =       31.3821  ANGLE   =      206.3361  DIHED      =     1088.2328
 VDWAALS =     -743.6781  EEL     =    -7109.0900  EGB        =    -2006.7096
 1-4 VDW =      326.2480  1-4 EEL =     5646.7392  RESTRAINT  =       41.9715
 EAMBER  =    -2560.5395


   NSTEP       ENERGY          RMS            GMAX         NAME    NUMBER
    200      -2.5316E+03     2.7387E-01     2.7410E+00     H1          2

 BOND    =       31.9869  ANGLE   =      207.1045  DIHED      =     1087.2466
 VDWAALS =     -746.2155  EEL     =    -7119.7172  EGB        =    -2009.1241
 1-4 VDW =      325.7369  1-4 EEL =     5647.7494  RESTRAINT  =       43.6773
 EAMBER  =    -2575.2325


   NSTEP       ENERGY          RMS            GMAX         NAME    NUMBER
    300      -2.5346E+03     1.5263E-01     3.0508E+00     HG       1375

 BOND    =       31.3829  ANGLE   =      206.5939  DIHED      =     1086.2452
 VDWAALS =     -745.6935  EEL     =    -7122.6548  EGB        =    -2009.2159
 1-4 VDW =      326.5916  1-4 EEL =     5648.5889  RESTRAINT  =       43.5306
 EAMBER  =    -2578.1616


   NSTEP       ENERGY          RMS            GMAX         NAME    NUMBER
    400      -2.5402E+03     1.9042E-01     2.5797E+00     OG1       452

 BOND    =       31.7271  ANGLE   =      207.4043  DIHED      =     1082.9401
 VDWAALS =     -746.4132  EEL     =    -7126.3830  EGB        =    -2007.4516
 1-4 VDW =      325.5094  1-4 EEL =     5648.4532  RESTRAINT  =       43.9812
 EAMBER  =    -2584.2137


   NSTEP       ENERGY          RMS            GMAX         NAME    NUMBER
    500      -2.5423E+03     5.7968E-02     1.1265E+00     HG       1375

 BOND    =       31.2682  ANGLE   =      206.5130  DIHED      =     1081.5228
 VDWAALS =     -745.7763  EEL     =    -7128.1736  EGB        =    -2005.7128
 1-4 VDW =      326.5975  1-4 EEL =     5648.3751  RESTRAINT  =       43.0829
 EAMBER  =    -2585.3861


   NSTEP       ENERGY          RMS            GMAX         NAME    NUMBER
    600      -2.5429E+03     1.2239E-01     2.1701E+00     CG        589

 BOND    =       31.3415  ANGLE   =      206.7858  DIHED      =     1081.5695
 VDWAALS =     -746.1698  EEL     =    -7129.5232  EGB        =    -2004.9618
 1-4 VDW =      326.3936  1-4 EEL =     5648.3398  RESTRAINT  =       43.3456
 EAMBER  =    -2586.2246


   NSTEP       ENERGY          RMS            GMAX         NAME    NUMBER
    700      -2.5444E+03     1.3051E-02     3.2655E-01     CG2      1384

 BOND    =       31.0872  ANGLE   =      206.2930  DIHED      =     1080.1636
 VDWAALS =     -745.9078  EEL     =    -7133.0652  EGB        =    -2002.3056
 1-4 VDW =      326.9044  1-4 EEL =     5649.5845  RESTRAINT  =       42.8887
 EAMBER  =    -2587.2457


   NSTEP       ENERGY          RMS            GMAX         NAME    NUMBER
    800      -2.5444E+03     1.8845E-03     4.4394E-02     CG        589

 BOND    =       31.0524  ANGLE   =      206.2374  DIHED      =     1080.1740
 VDWAALS =     -745.8997  EEL     =    -7133.4880  EGB        =    -2002.0104
 1-4 VDW =      326.9811  1-4 EEL =     5649.7133  RESTRAINT  =       42.8620
 EAMBER  =    -2587.2399


   NSTEP       ENERGY          RMS            GMAX         NAME    NUMBER
    900      -2.5444E+03     6.7151E-04     1.4775E-02     CB       1371

 BOND    =       31.0502  ANGLE   =      206.2349  DIHED      =     1080.1810
 VDWAALS =     -745.9064  EEL     =    -7133.5024  EGB        =    -2002.0032
 1-4 VDW =      326.9897  1-4 EEL =     5649.7219  RESTRAINT  =       42.8555
 EAMBER  =    -2587.2342


                    FINAL RESULTS



   NSTEP       ENERGY          RMS            GMAX         NAME    NUMBER
    967      -2.5444E+03     7.9985E-05     1.1701E-03     CD       1393

 BOND    =       31.0489  ANGLE   =      206.2336  DIHED      =     1080.1849
 VDWAALS =     -745.9104  EEL     =    -7133.5046  EGB        =    -2002.0026
 1-4 VDW =      326.9945  1-4 EEL =     5649.7255  RESTRAINT  =       42.8514
 EAMBER  =    -2587.2302

--------------------------------------------------------------------------------
   5.  TIMINGS
--------------------------------------------------------------------------------

|                Calc gb radii             53.33 (19.83% of Gen B)
|                Calc gb diag              98.53 (36.64% of Gen B)
|                Calc gb off-diag         117.03 (43.52% of Gen B)
|             Gen Born time            268.89 (100.0% of Nonbo)
|          Nonbond force            268.89 (99.26% of Force)
|          Bond/Angle/Dihedral        2.00 ( 0.74% of Force)
|          Other                      0.02 ( 0.01% of Force)
|       Force time               270.91 (100.0% of Runmd)
|    Runmd Time               270.91 (98.94% of Total)
|    Other                      2.89 ( 1.05% of Total)
| Total time               273.79 (100.0% of ALL  )

| Number of list builds   :          0

| Highest rstack allocated:          0
| Highest istack allocated:          0
|           Job began  at 14:15:39.147  on 02/03/2016
|           Setup done at 14:15:39.221  on 02/03/2016
|           Run   done at 14:20:12.942  on 02/03/2016
|     wallclock() was called   17434 times
