
          -------------------------------------------------------
          Amber 14 SANDER                              2014
          -------------------------------------------------------

| Run on 02/03/2016 at 13:47:09

|   Executable path: sander
| Working directory: /lustre/cs1500/scratch/kmb413/RealDecoyDisc/DecoyDiscrimination/decoys.set2.init/1aaj/Rosetta_relaxed
|          Hostname: slepner1


File Assignments:
|  MDIN: /scratch/kmb413/RealDecoyDisc/DecoyDiscrimination/scripts/min/min.in  
| MDOUT: NoH_5_empty_tag_842_0001_0001.out                                     
|INPCRD: NoH_5_empty_tag_842_0001_0001.rst7                                    
|  PARM: NoH_5_empty_tag_842_0001_0001.parm7                                   
|RESTRT: min_NoH_5_empty_tag_842_0001_0001.rst7                                
|  REFC: NoH_5_empty_tag_842_0001_0001.rst7                                    
| MDVEL: mdvel                                                                 
| MDFRC: mdfrc                                                                 
|  MDEN: mden                                                                  
| MDCRD: mdcrd                                                                 
|MDINFO: mdinfo                                                                
|  MTMD: mtmd                                                                  
|INPDIP: inpdip                                                                
|RSTDIP: rstdip                                                                
|INPTRA: inptraj                                                               


 Here is the input file:

                                                                               
&cntrl                                                                         
    imin = 1, maxcyc=1000,                                                     
    ntx = 1,                                                                   
    ntwr = 100, ntpr = 100,                                                    
    cut = 999.0,                                                               
    ntb = 0, igb = 8,                                                          
    ntr = 1, restraint_wt = 10, restraintmask = "!@H=",                        
/                                                                              

--------------------------------------------------------------------------------
   1.  RESOURCE   USE: 
--------------------------------------------------------------------------------

| Flags:                                                                        
| New format PARM file being parsed.
| Version =    1.000 Date = 02/03/16 Time = 11:54:09
 NATOM  =    1590 NTYPES =      14 NBONH =     791 MBONA  =     820
 NTHETH =    1812 MTHETA =    1115 NPHIH =    3578 MPHIA  =    3525
 NHPARM =       0 NPARM  =       0 NNB   =    8805 NRES   =     104
 NBONA  =     820 NTHETA =    1115 NPHIA =    3525 NUMBND =      65
 NUMANG =     152 NPTRA  =     189 NATYP =      33 NPHB   =       0
 IFBOX  =       0 NMXRS  =      24 IFCAP =       0 NEXTRA =       0
 NCOPY  =       0

 Implicit solvent radii are ArgH and AspGluO modified Bondi2 radii (mbondi3)                                
 Replacing prmtop screening parameters with GBn2 (igb=8) values

|     Memory Use     Allocated
|     Real              145027
|     Hollerith           4876
|     Integer           109197
|     Max Pairs              1
|     nblistReal             0
|     nblist Int             0
|       Total             1578 kbytes

| Note: 1-4 EEL scale factors are being read from the topology file.

| Note: 1-4 VDW scale factors are being read from the topology file.
| Duplicated    0 dihedrals
| Duplicated    0 dihedrals

--------------------------------------------------------------------------------
   2.  CONTROL  DATA  FOR  THE  RUN
--------------------------------------------------------------------------------

default_name                                                                    

General flags:
     imin    =       1, nmropt  =       0

Nature and format of input:
     ntx     =       1, irest   =       0, ntrx    =       1

Nature and format of output:
     ntxo    =       1, ntpr    =     100, ntrx    =       1, ntwr    =     100
     iwrap   =       0, ntwx    =       0, ntwv    =       0, ntwe    =       0
     ioutfm  =       0, ntwprt  =       0, idecomp =       0, rbornstat=      0

Potential function:
     ntf     =       1, ntb     =       0, igb     =       8, nsnb    =      25
     ipol    =       0, gbsa    =       0, iesp    =       0
     dielc   =   1.00000, cut     = 999.00000, intdiel =   1.00000
     saltcon =   0.00000, offset  =   0.19514, surften =   0.00500
     rdt     =   0.00000, rgbmax  =  25.00000  extdiel =  78.50000
     alpb  =        0
     gbalphaH  =   0.78844, gbbetaH   =   0.79870,  gbgammaH  =    0.43733
     gbalphaC  =   0.73376, gbbetaC   =   0.50638,  gbgammaC  =    0.20584
     gbalphaN  =   0.50336, gbbetaN   =   0.31683,  gbgammaN  =    0.19292
     gbalphaOS =   0.86781, gbbetaOS  =   0.87664,  gbgammaOS =    0.38788
     gbalphaP  =   1.00000, gbbetaP   =   0.80000,  gbgammaP  =    4.85000
     gb_alpha_hnu  =   0.53705, gb_beta_hnu   =   0.36286,  gb_gamma_hnu  =    0.11670
     gb_alpha_cnu  =   0.33167, gb_beta_cnu   =   0.19684,  gb_gamma_cnu  =    0.09342
     gb_alpha_nnu  =   0.68631, gb_beta_nnu   =   0.46319,  gb_gamma_nnu  =    0.13872
     gb_alpha_onu  =   0.60634, gb_beta_onu   =   0.46301,  gb_gamma_onu  =    0.14226
     gb_alpha_pnu  =   0.41836, gb_beta_pnu   =   0.29005,  gb_gamma_pnu  =    0.10642

Frozen or restrained atoms:
     ibelly  =       0, ntr     =       1
     restraint_wt =  10.00000

Energy minimization:
     maxcyc  =    1000, ncyc    =      10, ntmin   =       1
     dx0     =   0.01000, drms    =   0.00010
|  INFO: Old style inpcrd file read


    LOADING THE CONSTRAINED ATOMS AS GROUPS


   5.  REFERENCE ATOM COORDINATES

  defa
     Mask !@H=; matches   799 atoms

--------------------------------------------------------------------------------
   3.  ATOMIC COORDINATES AND VELOCITIES
--------------------------------------------------------------------------------

default_name                                                                    
 begin time read from input coords =     0.000 ps

 Number of triangulated 3-point waters found:        0

--------------------------------------------------------------------------------
   4.  RESULTS
--------------------------------------------------------------------------------



   NSTEP       ENERGY          RMS            GMAX         NAME    NUMBER
      1      -2.1716E+03     9.2193E+00     6.2739E+01     CD         69

 BOND    =       72.3812  ANGLE   =      212.0752  DIHED      =     1085.8087
 VDWAALS =     -633.6836  EEL     =    -7263.3503  EGB        =    -1834.4133
 1-4 VDW =      449.7032  1-4 EEL =     5739.9195  RESTRAINT  =        0.0000


   NSTEP       ENERGY          RMS            GMAX         NAME    NUMBER
    100      -2.5666E+03     3.8197E-01     6.2774E+00     CG        231

 BOND    =       32.0734  ANGLE   =      212.1530  DIHED      =     1086.7639
 VDWAALS =     -787.4565  EEL     =    -7278.8718  EGB        =    -1852.5251
 1-4 VDW =      332.6720  1-4 EEL =     5644.0685  RESTRAINT  =       44.5136
 EAMBER  =    -2611.1226


   NSTEP       ENERGY          RMS            GMAX         NAME    NUMBER
    200      -2.5710E+03     1.0938E-01     1.2214E+00     H2          3

 BOND    =       31.7310  ANGLE   =      212.5473  DIHED      =     1085.8971
 VDWAALS =     -790.3965  EEL     =    -7282.8418  EGB        =    -1852.8761
 1-4 VDW =      332.7085  1-4 EEL =     5645.3943  RESTRAINT  =       46.8640
 EAMBER  =    -2617.8362


   NSTEP       ENERGY          RMS            GMAX         NAME    NUMBER
    300      -2.5721E+03     6.2906E-02     1.0335E+00     H3          4

 BOND    =       31.6287  ANGLE   =      212.3736  DIHED      =     1085.3819
 VDWAALS =     -791.1500  EEL     =    -7283.3569  EGB        =    -1852.9208
 1-4 VDW =      333.2088  1-4 EEL =     5645.6932  RESTRAINT  =       47.0786
 EAMBER  =    -2619.1415


   NSTEP       ENERGY          RMS            GMAX         NAME    NUMBER
    400      -2.5763E+03     6.5695E-02     1.4539E+00     OG        115

 BOND    =       31.8211  ANGLE   =      212.6991  DIHED      =     1085.0232
 VDWAALS =     -790.2324  EEL     =    -7290.0716  EGB        =    -1851.0523
 1-4 VDW =      333.2212  1-4 EEL =     5645.6359  RESTRAINT  =       46.6385
 EAMBER  =    -2622.9558


   NSTEP       ENERGY          RMS            GMAX         NAME    NUMBER
    500      -2.5781E+03     1.2527E-01     2.0993E+00     HG1       453

 BOND    =       31.8065  ANGLE   =      212.7806  DIHED      =     1083.6708
 VDWAALS =     -790.1228  EEL     =    -7293.3105  EGB        =    -1849.5062
 1-4 VDW =      333.4519  1-4 EEL =     5646.4264  RESTRAINT  =       46.7412
 EAMBER  =    -2624.8033


   NSTEP       ENERGY          RMS            GMAX         NAME    NUMBER
    600      -2.5788E+03     3.0071E-02     6.6894E-01     OG1      1388

 BOND    =       31.7015  ANGLE   =      212.4482  DIHED      =     1083.2884
 VDWAALS =     -789.7786  EEL     =    -7294.0468  EGB        =    -1849.1324
 1-4 VDW =      333.6597  1-4 EEL =     5646.5706  RESTRAINT  =       46.4690
 EAMBER  =    -2625.2893


   NSTEP       ENERGY          RMS            GMAX         NAME    NUMBER
    700      -2.5789E+03     7.2059E-03     1.0861E-01     CG        589

 BOND    =       31.6675  ANGLE   =      212.4277  DIHED      =     1083.3435
 VDWAALS =     -789.6881  EEL     =    -7294.2092  EGB        =    -1849.0740
 1-4 VDW =      333.7113  1-4 EEL =     5646.5478  RESTRAINT  =       46.4210
 EAMBER  =    -2625.2735


   NSTEP       ENERGY          RMS            GMAX         NAME    NUMBER
    800      -2.5789E+03     2.1332E-03     3.7025E-02     HG1       453

 BOND    =       31.6622  ANGLE   =      212.4123  DIHED      =     1083.4075
 VDWAALS =     -789.6373  EEL     =    -7294.2842  EGB        =    -1849.0793
 1-4 VDW =      333.7379  1-4 EEL =     5646.5189  RESTRAINT  =       46.4029
 EAMBER  =    -2625.2619


   NSTEP       ENERGY          RMS            GMAX         NAME    NUMBER
    900      -2.5789E+03     1.4923E-03     3.1070E-02     CB        446

 BOND    =       31.6592  ANGLE   =      212.4082  DIHED      =     1083.4480
 VDWAALS =     -789.6147  EEL     =    -7294.3158  EGB        =    -1849.0906
 1-4 VDW =      333.7493  1-4 EEL =     5646.5001  RESTRAINT  =       46.3959
 EAMBER  =    -2625.2564


   NSTEP       ENERGY          RMS            GMAX         NAME    NUMBER
   1000      -2.5789E+03     7.4213E-04     1.2283E-02     HG1       453

 BOND    =       31.6568  ANGLE   =      212.4085  DIHED      =     1083.4891
 VDWAALS =     -789.5989  EEL     =    -7294.3396  EGB        =    -1849.1073
 1-4 VDW =      333.7555  1-4 EEL =     5646.4818  RESTRAINT  =       46.3927
 EAMBER  =    -2625.2540


  Maximum number of minimization cycles reached.


                    FINAL RESULTS



   NSTEP       ENERGY          RMS            GMAX         NAME    NUMBER
   1000      -2.5789E+03     7.4213E-04     1.2283E-02     HG1       453

 BOND    =       31.6568  ANGLE   =      212.4085  DIHED      =     1083.4891
 VDWAALS =     -789.5989  EEL     =    -7294.3396  EGB        =    -1849.1073
 1-4 VDW =      333.7555  1-4 EEL =     5646.4818  RESTRAINT  =       46.3927
 EAMBER  =    -2625.2540

--------------------------------------------------------------------------------
   5.  TIMINGS
--------------------------------------------------------------------------------

|                Calc gb radii             59.34 (20.39% of Gen B)
|                Calc gb diag             109.55 (37.65% of Gen B)
|                Calc gb off-diag         122.08 (41.96% of Gen B)
|             Gen Born time            290.99 (100.0% of Nonbo)
|          Nonbond force            290.99 (99.29% of Force)
|          Bond/Angle/Dihedral        2.07 ( 0.71% of Force)
|          Other                      0.02 ( 0.01% of Force)
|       Force time               293.07 (100.0% of Runmd)
|    Runmd Time               293.07 (99.74% of Total)
|    Other                      0.75 ( 0.25% of Total)
| Total time               293.82 (100.0% of ALL  )

| Number of list builds   :          0

| Highest rstack allocated:          0
| Highest istack allocated:          0
|           Job began  at 13:47:09.044  on 02/03/2016
|           Setup done at 13:47:09.122  on 02/03/2016
|           Run   done at 13:52:02.866  on 02/03/2016
|     wallclock() was called   18028 times
