
          -------------------------------------------------------
          Amber 14 SANDER                              2014
          -------------------------------------------------------

| Run on 02/03/2016 at 14:21:12

|   Executable path: sander
| Working directory: /lustre/cs1500/scratch/kmb413/RealDecoyDisc/DecoyDiscrimination/decoys.set2.init/1aaj/Rosetta_relaxed
|          Hostname: slepner15


File Assignments:
|  MDIN: /scratch/kmb413/RealDecoyDisc/DecoyDiscrimination/scripts/min/min.in  
| MDOUT: NoH_4_empty_tag_61_0001_1_0001.out                                    
|INPCRD: NoH_4_empty_tag_61_0001_1_0001.rst7                                   
|  PARM: NoH_4_empty_tag_61_0001_1_0001.parm7                                  
|RESTRT: min_NoH_4_empty_tag_61_0001_1_0001.rst7                               
|  REFC: NoH_4_empty_tag_61_0001_1_0001.rst7                                   
| MDVEL: mdvel                                                                 
| MDFRC: mdfrc                                                                 
|  MDEN: mden                                                                  
| MDCRD: mdcrd                                                                 
|MDINFO: mdinfo                                                                
|  MTMD: mtmd                                                                  
|INPDIP: inpdip                                                                
|RSTDIP: rstdip                                                                
|INPTRA: inptraj                                                               


 Here is the input file:

                                                                               
&cntrl                                                                         
    imin = 1, maxcyc=1000,                                                     
    ntx = 1,                                                                   
    ntwr = 100, ntpr = 100,                                                    
    cut = 999.0,                                                               
    ntb = 0, igb = 8,                                                          
    ntr = 1, restraint_wt = 10, restraintmask = "!@H=",                        
/                                                                              

--------------------------------------------------------------------------------
   1.  RESOURCE   USE: 
--------------------------------------------------------------------------------

| Flags:                                                                        
| New format PARM file being parsed.
| Version =    1.000 Date = 02/03/16 Time = 11:52:03
 NATOM  =    1590 NTYPES =      14 NBONH =     791 MBONA  =     820
 NTHETH =    1812 MTHETA =    1115 NPHIH =    3578 MPHIA  =    3525
 NHPARM =       0 NPARM  =       0 NNB   =    8805 NRES   =     104
 NBONA  =     820 NTHETA =    1115 NPHIA =    3525 NUMBND =      65
 NUMANG =     152 NPTRA  =     189 NATYP =      33 NPHB   =       0
 IFBOX  =       0 NMXRS  =      24 IFCAP =       0 NEXTRA =       0
 NCOPY  =       0

 Implicit solvent radii are ArgH and AspGluO modified Bondi2 radii (mbondi3)                                
 Replacing prmtop screening parameters with GBn2 (igb=8) values

|     Memory Use     Allocated
|     Real              145027
|     Hollerith           4876
|     Integer           109197
|     Max Pairs              1
|     nblistReal             0
|     nblist Int             0
|       Total             1578 kbytes

| Note: 1-4 EEL scale factors are being read from the topology file.

| Note: 1-4 VDW scale factors are being read from the topology file.
| Duplicated    0 dihedrals
| Duplicated    0 dihedrals

--------------------------------------------------------------------------------
   2.  CONTROL  DATA  FOR  THE  RUN
--------------------------------------------------------------------------------

default_name                                                                    

General flags:
     imin    =       1, nmropt  =       0

Nature and format of input:
     ntx     =       1, irest   =       0, ntrx    =       1

Nature and format of output:
     ntxo    =       1, ntpr    =     100, ntrx    =       1, ntwr    =     100
     iwrap   =       0, ntwx    =       0, ntwv    =       0, ntwe    =       0
     ioutfm  =       0, ntwprt  =       0, idecomp =       0, rbornstat=      0

Potential function:
     ntf     =       1, ntb     =       0, igb     =       8, nsnb    =      25
     ipol    =       0, gbsa    =       0, iesp    =       0
     dielc   =   1.00000, cut     = 999.00000, intdiel =   1.00000
     saltcon =   0.00000, offset  =   0.19514, surften =   0.00500
     rdt     =   0.00000, rgbmax  =  25.00000  extdiel =  78.50000
     alpb  =        0
     gbalphaH  =   0.78844, gbbetaH   =   0.79870,  gbgammaH  =    0.43733
     gbalphaC  =   0.73376, gbbetaC   =   0.50638,  gbgammaC  =    0.20584
     gbalphaN  =   0.50336, gbbetaN   =   0.31683,  gbgammaN  =    0.19292
     gbalphaOS =   0.86781, gbbetaOS  =   0.87664,  gbgammaOS =    0.38788
     gbalphaP  =   1.00000, gbbetaP   =   0.80000,  gbgammaP  =    4.85000
     gb_alpha_hnu  =   0.53705, gb_beta_hnu   =   0.36286,  gb_gamma_hnu  =    0.11670
     gb_alpha_cnu  =   0.33167, gb_beta_cnu   =   0.19684,  gb_gamma_cnu  =    0.09342
     gb_alpha_nnu  =   0.68631, gb_beta_nnu   =   0.46319,  gb_gamma_nnu  =    0.13872
     gb_alpha_onu  =   0.60634, gb_beta_onu   =   0.46301,  gb_gamma_onu  =    0.14226
     gb_alpha_pnu  =   0.41836, gb_beta_pnu   =   0.29005,  gb_gamma_pnu  =    0.10642

Frozen or restrained atoms:
     ibelly  =       0, ntr     =       1
     restraint_wt =  10.00000

Energy minimization:
     maxcyc  =    1000, ncyc    =      10, ntmin   =       1
     dx0     =   0.01000, drms    =   0.00010
|  INFO: Old style inpcrd file read


    LOADING THE CONSTRAINED ATOMS AS GROUPS


   5.  REFERENCE ATOM COORDINATES

  defa
     Mask !@H=; matches   799 atoms

--------------------------------------------------------------------------------
   3.  ATOMIC COORDINATES AND VELOCITIES
--------------------------------------------------------------------------------

default_name                                                                    
 begin time read from input coords =     0.000 ps

 Number of triangulated 3-point waters found:        0

--------------------------------------------------------------------------------
   4.  RESULTS
--------------------------------------------------------------------------------



   NSTEP       ENERGY          RMS            GMAX         NAME    NUMBER
      1      -2.0938E+03     9.1605E+00     5.8951E+01     OE1       481

 BOND    =       71.0038  ANGLE   =      211.2833  DIHED      =     1083.9155
 VDWAALS =     -595.9897  EEL     =    -6987.7585  EGB        =    -2027.8171
 1-4 VDW =      429.7267  1-4 EEL =     5721.8715  RESTRAINT  =        0.0000


   NSTEP       ENERGY          RMS            GMAX         NAME    NUMBER
    100      -2.4541E+03     4.3058E-01     3.7565E+00     HG1       453

 BOND    =       32.2770  ANGLE   =      207.0913  DIHED      =     1083.7864
 VDWAALS =     -728.1982  EEL     =    -7013.2548  EGB        =    -2055.2055
 1-4 VDW =      322.3304  1-4 EEL =     5655.7277  RESTRAINT  =       41.3292
 EAMBER  =    -2495.4456


   NSTEP       ENERGY          RMS            GMAX         NAME    NUMBER
    200      -2.4584E+03     1.4391E-01     1.7471E+00     CD2       659

 BOND    =       32.1830  ANGLE   =      206.6444  DIHED      =     1082.2330
 VDWAALS =     -729.9648  EEL     =    -7016.0189  EGB        =    -2055.8667
 1-4 VDW =      323.1984  1-4 EEL =     5656.5173  RESTRAINT  =       42.7066
 EAMBER  =    -2501.0744


   NSTEP       ENERGY          RMS            GMAX         NAME    NUMBER
    300      -2.4596E+03     1.5006E-02     2.3017E-01     H1          2

 BOND    =       31.9193  ANGLE   =      206.1804  DIHED      =     1080.7393
 VDWAALS =     -729.5707  EEL     =    -7015.3338  EGB        =    -2056.0473
 1-4 VDW =      323.6580  1-4 EEL =     5656.5736  RESTRAINT  =       42.2354
 EAMBER  =    -2501.8812


   NSTEP       ENERGY          RMS            GMAX         NAME    NUMBER
    400      -2.4597E+03     1.3747E-03     1.3002E-02     HD13      332

 BOND    =       31.8886  ANGLE   =      206.0835  DIHED      =     1080.6991
 VDWAALS =     -729.5549  EEL     =    -7015.3620  EGB        =    -2056.0283
 1-4 VDW =      323.7650  1-4 EEL =     5656.6098  RESTRAINT  =       42.2189
 EAMBER  =    -2501.8992


   NSTEP       ENERGY          RMS            GMAX         NAME    NUMBER
    500      -2.4597E+03     6.9998E-04     5.9076E-03     CB          7

 BOND    =       31.8867  ANGLE   =      206.0782  DIHED      =     1080.7048
 VDWAALS =     -729.5670  EEL     =    -7015.3815  EGB        =    -2056.0142
 1-4 VDW =      323.7719  1-4 EEL =     5656.6129  RESTRAINT  =       42.2272
 EAMBER  =    -2501.9082


   NSTEP       ENERGY          RMS            GMAX         NAME    NUMBER
    600      -2.4597E+03     1.4291E-04     1.3493E-03     CA          5

 BOND    =       31.8853  ANGLE   =      206.0733  DIHED      =     1080.7071
 VDWAALS =     -729.5699  EEL     =    -7015.3898  EGB        =    -2056.0079
 1-4 VDW =      323.7770  1-4 EEL =     5656.6143  RESTRAINT  =       42.2295
 EAMBER  =    -2501.9106


                    FINAL RESULTS



   NSTEP       ENERGY          RMS            GMAX         NAME    NUMBER
    620      -2.4597E+03     9.0857E-05     8.9297E-04     HZ1       554

 BOND    =       31.8852  ANGLE   =      206.0731  DIHED      =     1080.7073
 VDWAALS =     -729.5702  EEL     =    -7015.3903  EGB        =    -2056.0075
 1-4 VDW =      323.7771  1-4 EEL =     5656.6144  RESTRAINT  =       42.2298
 EAMBER  =    -2501.9110

--------------------------------------------------------------------------------
   5.  TIMINGS
--------------------------------------------------------------------------------

|                Calc gb radii             34.73 (19.99% of Gen B)
|                Calc gb diag              63.91 (36.78% of Gen B)
|                Calc gb off-diag          75.14 (43.23% of Gen B)
|             Gen Born time            173.79 (100.0% of Nonbo)
|          Nonbond force            173.79 (99.26% of Force)
|          Bond/Angle/Dihedral        1.29 ( 0.74% of Force)
|          Other                      0.01 ( 0.01% of Force)
|       Force time               175.09 (100.0% of Runmd)
|    Runmd Time               175.09 (99.69% of Total)
|    Other                      0.55 ( 0.31% of Total)
| Total time               175.64 (100.0% of ALL  )

| Number of list builds   :          0

| Highest rstack allocated:          0
| Highest istack allocated:          0
|           Job began  at 14:21:12.060  on 02/03/2016
|           Setup done at 14:21:12.110  on 02/03/2016
|           Run   done at 14:24:07.700  on 02/03/2016
|     wallclock() was called   11188 times
