
          -------------------------------------------------------
          Amber 14 SANDER                              2014
          -------------------------------------------------------

| Run on 02/03/2016 at 13:35:23

|   Executable path: sander
| Working directory: /lustre/cs1500/scratch/kmb413/RealDecoyDisc/DecoyDiscrimination/decoys.set2.init/1aaj/Rosetta_relaxed
|          Hostname: slepner1


File Assignments:
|  MDIN: /scratch/kmb413/RealDecoyDisc/DecoyDiscrimination/scripts/min/min.in  
| MDOUT: NoH_1_empty_tag_1_192_1_0001.out                                      
|INPCRD: NoH_1_empty_tag_1_192_1_0001.rst7                                     
|  PARM: NoH_1_empty_tag_1_192_1_0001.parm7                                    
|RESTRT: min_NoH_1_empty_tag_1_192_1_0001.rst7                                 
|  REFC: NoH_1_empty_tag_1_192_1_0001.rst7                                     
| MDVEL: mdvel                                                                 
| MDFRC: mdfrc                                                                 
|  MDEN: mden                                                                  
| MDCRD: mdcrd                                                                 
|MDINFO: mdinfo                                                                
|  MTMD: mtmd                                                                  
|INPDIP: inpdip                                                                
|RSTDIP: rstdip                                                                
|INPTRA: inptraj                                                               


 Here is the input file:

                                                                               
&cntrl                                                                         
    imin = 1, maxcyc=1000,                                                     
    ntx = 1,                                                                   
    ntwr = 100, ntpr = 100,                                                    
    cut = 999.0,                                                               
    ntb = 0, igb = 8,                                                          
    ntr = 1, restraint_wt = 10, restraintmask = "!@H=",                        
/                                                                              

--------------------------------------------------------------------------------
   1.  RESOURCE   USE: 
--------------------------------------------------------------------------------

| Flags:                                                                        
| New format PARM file being parsed.
| Version =    1.000 Date = 02/03/16 Time = 11:44:43
 NATOM  =    1590 NTYPES =      14 NBONH =     791 MBONA  =     820
 NTHETH =    1812 MTHETA =    1115 NPHIH =    3578 MPHIA  =    3525
 NHPARM =       0 NPARM  =       0 NNB   =    8805 NRES   =     104
 NBONA  =     820 NTHETA =    1115 NPHIA =    3525 NUMBND =      65
 NUMANG =     152 NPTRA  =     189 NATYP =      33 NPHB   =       0
 IFBOX  =       0 NMXRS  =      24 IFCAP =       0 NEXTRA =       0
 NCOPY  =       0

 Implicit solvent radii are ArgH and AspGluO modified Bondi2 radii (mbondi3)                                
 Replacing prmtop screening parameters with GBn2 (igb=8) values

|     Memory Use     Allocated
|     Real              145027
|     Hollerith           4876
|     Integer           109197
|     Max Pairs              1
|     nblistReal             0
|     nblist Int             0
|       Total             1578 kbytes

| Note: 1-4 EEL scale factors are being read from the topology file.

| Note: 1-4 VDW scale factors are being read from the topology file.
| Duplicated    0 dihedrals
| Duplicated    0 dihedrals

--------------------------------------------------------------------------------
   2.  CONTROL  DATA  FOR  THE  RUN
--------------------------------------------------------------------------------

default_name                                                                    

General flags:
     imin    =       1, nmropt  =       0

Nature and format of input:
     ntx     =       1, irest   =       0, ntrx    =       1

Nature and format of output:
     ntxo    =       1, ntpr    =     100, ntrx    =       1, ntwr    =     100
     iwrap   =       0, ntwx    =       0, ntwv    =       0, ntwe    =       0
     ioutfm  =       0, ntwprt  =       0, idecomp =       0, rbornstat=      0

Potential function:
     ntf     =       1, ntb     =       0, igb     =       8, nsnb    =      25
     ipol    =       0, gbsa    =       0, iesp    =       0
     dielc   =   1.00000, cut     = 999.00000, intdiel =   1.00000
     saltcon =   0.00000, offset  =   0.19514, surften =   0.00500
     rdt     =   0.00000, rgbmax  =  25.00000  extdiel =  78.50000
     alpb  =        0
     gbalphaH  =   0.78844, gbbetaH   =   0.79870,  gbgammaH  =    0.43733
     gbalphaC  =   0.73376, gbbetaC   =   0.50638,  gbgammaC  =    0.20584
     gbalphaN  =   0.50336, gbbetaN   =   0.31683,  gbgammaN  =    0.19292
     gbalphaOS =   0.86781, gbbetaOS  =   0.87664,  gbgammaOS =    0.38788
     gbalphaP  =   1.00000, gbbetaP   =   0.80000,  gbgammaP  =    4.85000
     gb_alpha_hnu  =   0.53705, gb_beta_hnu   =   0.36286,  gb_gamma_hnu  =    0.11670
     gb_alpha_cnu  =   0.33167, gb_beta_cnu   =   0.19684,  gb_gamma_cnu  =    0.09342
     gb_alpha_nnu  =   0.68631, gb_beta_nnu   =   0.46319,  gb_gamma_nnu  =    0.13872
     gb_alpha_onu  =   0.60634, gb_beta_onu   =   0.46301,  gb_gamma_onu  =    0.14226
     gb_alpha_pnu  =   0.41836, gb_beta_pnu   =   0.29005,  gb_gamma_pnu  =    0.10642

Frozen or restrained atoms:
     ibelly  =       0, ntr     =       1
     restraint_wt =  10.00000

Energy minimization:
     maxcyc  =    1000, ncyc    =      10, ntmin   =       1
     dx0     =   0.01000, drms    =   0.00010
|  INFO: Old style inpcrd file read


    LOADING THE CONSTRAINED ATOMS AS GROUPS


   5.  REFERENCE ATOM COORDINATES

  defa
     Mask !@H=; matches   799 atoms

--------------------------------------------------------------------------------
   3.  ATOMIC COORDINATES AND VELOCITIES
--------------------------------------------------------------------------------

default_name                                                                    
 begin time read from input coords =     0.000 ps

 Number of triangulated 3-point waters found:        0

--------------------------------------------------------------------------------
   4.  RESULTS
--------------------------------------------------------------------------------



   NSTEP       ENERGY          RMS            GMAX         NAME    NUMBER
      1      -2.1826E+03     9.3864E+00     9.4789E+01     HA        430

 BOND    =       69.6392  ANGLE   =      210.9685  DIHED      =     1089.1875
 VDWAALS =     -631.4759  EEL     =    -7377.0135  EGB        =    -1703.6554
 1-4 VDW =      437.2672  1-4 EEL =     5722.4989  RESTRAINT  =        0.0000


   NSTEP       ENERGY          RMS            GMAX         NAME    NUMBER
    100      -2.5693E+03     2.5657E-01     2.3571E+00     HA        430

 BOND    =       32.1311  ANGLE   =      207.2334  DIHED      =     1092.3539
 VDWAALS =     -785.0351  EEL     =    -7413.1448  EGB        =    -1716.5963
 1-4 VDW =      328.3642  1-4 EEL =     5641.9661  RESTRAINT  =       43.4039
 EAMBER  =    -2612.7274


   NSTEP       ENERGY          RMS            GMAX         NAME    NUMBER
    200      -2.5763E+03     3.5553E-01     9.7801E+00     CG        589

 BOND    =       32.6326  ANGLE   =      208.8220  DIHED      =     1091.2624
 VDWAALS =     -788.2675  EEL     =    -7427.0493  EGB        =    -1709.4589
 1-4 VDW =      327.3959  1-4 EEL =     5642.2408  RESTRAINT  =       46.0909
 EAMBER  =    -2622.4220


   NSTEP       ENERGY          RMS            GMAX         NAME    NUMBER
    300      -2.5794E+03     1.5361E-01     2.2500E+00     CD        437

 BOND    =       31.9408  ANGLE   =      207.6231  DIHED      =     1088.9904
 VDWAALS =     -788.4185  EEL     =    -7426.2999  EGB        =    -1710.0446
 1-4 VDW =      328.9586  1-4 EEL =     5642.4103  RESTRAINT  =       45.4616
 EAMBER  =    -2624.8399


   NSTEP       ENERGY          RMS            GMAX         NAME    NUMBER
    400      -2.5841E+03     1.2511E-01     2.2001E+00     CG2       600

 BOND    =       31.8809  ANGLE   =      207.7374  DIHED      =     1088.4201
 VDWAALS =     -787.6817  EEL     =    -7428.5197  EGB        =    -1712.9549
 1-4 VDW =      329.1623  1-4 EEL =     5642.7203  RESTRAINT  =       45.1346
 EAMBER  =    -2629.2352


   NSTEP       ENERGY          RMS            GMAX         NAME    NUMBER
    500      -2.5843E+03     1.4969E-02     2.1300E-01     CD        437

 BOND    =       31.8183  ANGLE   =      207.6178  DIHED      =     1088.2492
 VDWAALS =     -787.5872  EEL     =    -7429.0290  EGB        =    -1713.2408
 1-4 VDW =      329.4125  1-4 EEL =     5643.4119  RESTRAINT  =       45.0392
 EAMBER  =    -2629.3473


   NSTEP       ENERGY          RMS            GMAX         NAME    NUMBER
    600      -2.5843E+03     1.1599E-02     1.4662E-01     CE2       650

 BOND    =       31.8151  ANGLE   =      207.6219  DIHED      =     1088.3219
 VDWAALS =     -787.7087  EEL     =    -7429.0448  EGB        =    -1713.3154
 1-4 VDW =      329.4352  1-4 EEL =     5643.4943  RESTRAINT  =       45.0591
 EAMBER  =    -2629.3804


   NSTEP       ENERGY          RMS            GMAX         NAME    NUMBER
    700      -2.5843E+03     2.2850E-03     2.8551E-02     CG        589

 BOND    =       31.8144  ANGLE   =      207.6175  DIHED      =     1088.3358
 VDWAALS =     -787.7260  EEL     =    -7429.0445  EGB        =    -1713.3278
 1-4 VDW =      329.4413  1-4 EEL =     5643.5102  RESTRAINT  =       45.0565
 EAMBER  =    -2629.3791


   NSTEP       ENERGY          RMS            GMAX         NAME    NUMBER
    800      -2.5843E+03     6.1399E-04     6.0828E-03     CB        598

 BOND    =       31.8102  ANGLE   =      207.6102  DIHED      =     1088.3356
 VDWAALS =     -787.7201  EEL     =    -7429.0476  EGB        =    -1713.3242
 1-4 VDW =      329.4524  1-4 EEL =     5643.5105  RESTRAINT  =       45.0503
 EAMBER  =    -2629.3730


   NSTEP       ENERGY          RMS            GMAX         NAME    NUMBER
    900      -2.5843E+03     1.2630E-03     1.2489E-02     CG2       600

 BOND    =       31.8100  ANGLE   =      207.6105  DIHED      =     1088.3374
 VDWAALS =     -787.7234  EEL     =    -7429.0455  EGB        =    -1713.3266
 1-4 VDW =      329.4524  1-4 EEL =     5643.5114  RESTRAINT  =       45.0510
 EAMBER  =    -2629.3738


                    FINAL RESULTS



   NSTEP       ENERGY          RMS            GMAX         NAME    NUMBER
    944      -2.5843E+03     8.7033E-05     1.1167E-03     CD        437

 BOND    =       31.8103  ANGLE   =      207.6122  DIHED      =     1088.3412
 VDWAALS =     -787.7313  EEL     =    -7429.0423  EGB        =    -1713.3325
 1-4 VDW =      329.4526  1-4 EEL =     5643.5140  RESTRAINT  =       45.0530
 EAMBER  =    -2629.3758

--------------------------------------------------------------------------------
   5.  TIMINGS
--------------------------------------------------------------------------------

|                Calc gb radii             56.14 (20.39% of Gen B)
|                Calc gb diag             104.14 (37.82% of Gen B)
|                Calc gb off-diag         115.05 (41.79% of Gen B)
|             Gen Born time            275.33 (100.0% of Nonbo)
|          Nonbond force            275.33 (99.29% of Force)
|          Bond/Angle/Dihedral        1.95 ( 0.70% of Force)
|          Other                      0.02 ( 0.01% of Force)
|       Force time               277.30 (100.0% of Runmd)
|    Runmd Time               277.30 (99.80% of Total)
|    Other                      0.54 ( 0.19% of Total)
| Total time               277.84 (100.0% of ALL  )

| Number of list builds   :          0

| Highest rstack allocated:          0
| Highest istack allocated:          0
|           Job began  at 13:35:23.849  on 02/03/2016
|           Setup done at 13:35:23.904  on 02/03/2016
|           Run   done at 13:40:01.689  on 02/03/2016
|     wallclock() was called   17020 times
