
          -------------------------------------------------------
          Amber 14 SANDER                              2014
          -------------------------------------------------------

| Run on 02/03/2016 at 15:10:25

|   Executable path: sander
| Working directory: /lustre/cs1500/scratch/kmb413/RealDecoyDisc/DecoyDiscrimination/decoys.set2.init/1aaj/Rosetta_relaxed
|          Hostname: slepner13


File Assignments:
|  MDIN: /scratch/kmb413/RealDecoyDisc/DecoyDiscrimination/scripts/min/min.in  
| MDOUT: NoH_5_empty_tag_1_278_0001.out                                        
|INPCRD: NoH_5_empty_tag_1_278_0001.rst7                                       
|  PARM: NoH_5_empty_tag_1_278_0001.parm7                                      
|RESTRT: min_NoH_5_empty_tag_1_278_0001.rst7                                   
|  REFC: NoH_5_empty_tag_1_278_0001.rst7                                       
| MDVEL: mdvel                                                                 
| MDFRC: mdfrc                                                                 
|  MDEN: mden                                                                  
| MDCRD: mdcrd                                                                 
|MDINFO: mdinfo                                                                
|  MTMD: mtmd                                                                  
|INPDIP: inpdip                                                                
|RSTDIP: rstdip                                                                
|INPTRA: inptraj                                                               


 Here is the input file:

                                                                               
&cntrl                                                                         
    imin = 1, maxcyc=1000,                                                     
    ntx = 1,                                                                   
    ntwr = 100, ntpr = 100,                                                    
    cut = 999.0,                                                               
    ntb = 0, igb = 8,                                                          
    ntr = 1, restraint_wt = 10, restraintmask = "!@H=",                        
/                                                                              

--------------------------------------------------------------------------------
   1.  RESOURCE   USE: 
--------------------------------------------------------------------------------

| Flags:                                                                        
| New format PARM file being parsed.
| Version =    1.000 Date = 02/03/16 Time = 11:52:37
 NATOM  =    1590 NTYPES =      14 NBONH =     791 MBONA  =     820
 NTHETH =    1812 MTHETA =    1115 NPHIH =    3578 MPHIA  =    3525
 NHPARM =       0 NPARM  =       0 NNB   =    8805 NRES   =     104
 NBONA  =     820 NTHETA =    1115 NPHIA =    3525 NUMBND =      65
 NUMANG =     152 NPTRA  =     189 NATYP =      33 NPHB   =       0
 IFBOX  =       0 NMXRS  =      24 IFCAP =       0 NEXTRA =       0
 NCOPY  =       0

 Implicit solvent radii are ArgH and AspGluO modified Bondi2 radii (mbondi3)                                
 Replacing prmtop screening parameters with GBn2 (igb=8) values

|     Memory Use     Allocated
|     Real              145027
|     Hollerith           4876
|     Integer           109197
|     Max Pairs              1
|     nblistReal             0
|     nblist Int             0
|       Total             1578 kbytes

| Note: 1-4 EEL scale factors are being read from the topology file.

| Note: 1-4 VDW scale factors are being read from the topology file.
| Duplicated    0 dihedrals
| Duplicated    0 dihedrals

--------------------------------------------------------------------------------
   2.  CONTROL  DATA  FOR  THE  RUN
--------------------------------------------------------------------------------

default_name                                                                    

General flags:
     imin    =       1, nmropt  =       0

Nature and format of input:
     ntx     =       1, irest   =       0, ntrx    =       1

Nature and format of output:
     ntxo    =       1, ntpr    =     100, ntrx    =       1, ntwr    =     100
     iwrap   =       0, ntwx    =       0, ntwv    =       0, ntwe    =       0
     ioutfm  =       0, ntwprt  =       0, idecomp =       0, rbornstat=      0

Potential function:
     ntf     =       1, ntb     =       0, igb     =       8, nsnb    =      25
     ipol    =       0, gbsa    =       0, iesp    =       0
     dielc   =   1.00000, cut     = 999.00000, intdiel =   1.00000
     saltcon =   0.00000, offset  =   0.19514, surften =   0.00500
     rdt     =   0.00000, rgbmax  =  25.00000  extdiel =  78.50000
     alpb  =        0
     gbalphaH  =   0.78844, gbbetaH   =   0.79870,  gbgammaH  =    0.43733
     gbalphaC  =   0.73376, gbbetaC   =   0.50638,  gbgammaC  =    0.20584
     gbalphaN  =   0.50336, gbbetaN   =   0.31683,  gbgammaN  =    0.19292
     gbalphaOS =   0.86781, gbbetaOS  =   0.87664,  gbgammaOS =    0.38788
     gbalphaP  =   1.00000, gbbetaP   =   0.80000,  gbgammaP  =    4.85000
     gb_alpha_hnu  =   0.53705, gb_beta_hnu   =   0.36286,  gb_gamma_hnu  =    0.11670
     gb_alpha_cnu  =   0.33167, gb_beta_cnu   =   0.19684,  gb_gamma_cnu  =    0.09342
     gb_alpha_nnu  =   0.68631, gb_beta_nnu   =   0.46319,  gb_gamma_nnu  =    0.13872
     gb_alpha_onu  =   0.60634, gb_beta_onu   =   0.46301,  gb_gamma_onu  =    0.14226
     gb_alpha_pnu  =   0.41836, gb_beta_pnu   =   0.29005,  gb_gamma_pnu  =    0.10642

Frozen or restrained atoms:
     ibelly  =       0, ntr     =       1
     restraint_wt =  10.00000

Energy minimization:
     maxcyc  =    1000, ncyc    =      10, ntmin   =       1
     dx0     =   0.01000, drms    =   0.00010
|  INFO: Old style inpcrd file read


    LOADING THE CONSTRAINED ATOMS AS GROUPS


   5.  REFERENCE ATOM COORDINATES

  defa
     Mask !@H=; matches   799 atoms

--------------------------------------------------------------------------------
   3.  ATOMIC COORDINATES AND VELOCITIES
--------------------------------------------------------------------------------

default_name                                                                    
 begin time read from input coords =     0.000 ps

 Number of triangulated 3-point waters found:        0

--------------------------------------------------------------------------------
   4.  RESULTS
--------------------------------------------------------------------------------



   NSTEP       ENERGY          RMS            GMAX         NAME    NUMBER
      1      -2.2651E+03     8.9584E+00     6.2473E+01     OE1       945

 BOND    =       69.0544  ANGLE   =      211.1211  DIHED      =     1067.9666
 VDWAALS =     -677.3248  EEL     =    -7446.7113  EGB        =    -1608.6700
 1-4 VDW =      440.1496  1-4 EEL =     5679.3167  RESTRAINT  =        0.0000


   NSTEP       ENERGY          RMS            GMAX         NAME    NUMBER
    100      -2.6134E+03     3.1766E-01     2.7350E+00     CE2       650

 BOND    =       30.2826  ANGLE   =      204.4971  DIHED      =     1070.5965
 VDWAALS =     -801.2726  EEL     =    -7453.4759  EGB        =    -1633.0789
 1-4 VDW =      331.5059  1-4 EEL =     5599.6741  RESTRAINT  =       37.8268
 EAMBER  =    -2651.2712


   NSTEP       ENERGY          RMS            GMAX         NAME    NUMBER
    200      -2.6233E+03     4.3444E-01     1.1952E+01     HG1      1389

 BOND    =       31.0971  ANGLE   =      206.4584  DIHED      =     1070.2018
 VDWAALS =     -803.7283  EEL     =    -7459.5335  EGB        =    -1636.3922
 1-4 VDW =      330.1267  1-4 EEL =     5598.6100  RESTRAINT  =       39.8726
 EAMBER  =    -2663.1599


   NSTEP       ENERGY          RMS            GMAX         NAME    NUMBER
    300      -2.6273E+03     7.7673E-02     1.1227E+00     CB       1382

 BOND    =       30.2938  ANGLE   =      204.8764  DIHED      =     1068.1938
 VDWAALS =     -803.6122  EEL     =    -7466.2754  EGB        =    -1632.2210
 1-4 VDW =      331.6964  1-4 EEL =     5600.8476  RESTRAINT  =       38.8869
 EAMBER  =    -2666.2004


   NSTEP       ENERGY          RMS            GMAX         NAME    NUMBER
    400      -2.6276E+03     6.8780E-02     9.8463E-01     CA         84

 BOND    =       30.3746  ANGLE   =      204.9258  DIHED      =     1067.9333
 VDWAALS =     -803.8633  EEL     =    -7465.9124  EGB        =    -1632.6116
 1-4 VDW =      331.6546  1-4 EEL =     5600.8632  RESTRAINT  =       39.0409
 EAMBER  =    -2666.6358


   NSTEP       ENERGY          RMS            GMAX         NAME    NUMBER
    500      -2.6278E+03     1.3792E-02     1.9646E-01     CD        193

 BOND    =       30.2667  ANGLE   =      204.6770  DIHED      =     1067.5367
 VDWAALS =     -803.6975  EEL     =    -7465.3068  EGB        =    -1632.7630
 1-4 VDW =      331.8862  1-4 EEL =     5600.7463  RESTRAINT  =       38.8921
 EAMBER  =    -2666.6545


   NSTEP       ENERGY          RMS            GMAX         NAME    NUMBER
    600      -2.6278E+03     2.3212E-03     3.6125E-02     CD       1119

 BOND    =       30.2475  ANGLE   =      204.6557  DIHED      =     1067.4992
 VDWAALS =     -803.6682  EEL     =    -7465.2252  EGB        =    -1632.7809
 1-4 VDW =      331.9147  1-4 EEL =     5600.7210  RESTRAINT  =       38.8701
 EAMBER  =    -2666.6362


   NSTEP       ENERGY          RMS            GMAX         NAME    NUMBER
    700      -2.6278E+03     1.0415E-03     1.3259E-02     HG1       605

 BOND    =       30.2467  ANGLE   =      204.6516  DIHED      =     1067.4951
 VDWAALS =     -803.6636  EEL     =    -7465.2088  EGB        =    -1632.7886
 1-4 VDW =      331.9183  1-4 EEL =     5600.7147  RESTRAINT  =       38.8685
 EAMBER  =    -2666.6347


   NSTEP       ENERGY          RMS            GMAX         NAME    NUMBER
    800      -2.6278E+03     3.5634E-04     3.7681E-03     HG        116

 BOND    =       30.2460  ANGLE   =      204.6503  DIHED      =     1067.4951
 VDWAALS =     -803.6623  EEL     =    -7465.2028  EGB        =    -1632.7927
 1-4 VDW =      331.9196  1-4 EEL =     5600.7128  RESTRAINT  =       38.8678
 EAMBER  =    -2666.6340


   NSTEP       ENERGY          RMS            GMAX         NAME    NUMBER
    900      -2.6278E+03     3.1736E-04     5.2699E-03     CD        729

 BOND    =       30.2461  ANGLE   =      204.6503  DIHED      =     1067.4958
 VDWAALS =     -803.6626  EEL     =    -7465.1983  EGB        =    -1632.7977
 1-4 VDW =      331.9197  1-4 EEL =     5600.7122  RESTRAINT  =       38.8683
 EAMBER  =    -2666.6345


   NSTEP       ENERGY          RMS            GMAX         NAME    NUMBER
   1000      -2.6278E+03     1.1472E-04     2.8244E-03     HG        116

 BOND    =       30.2462  ANGLE   =      204.6503  DIHED      =     1067.4965
 VDWAALS =     -803.6628  EEL     =    -7465.1945  EGB        =    -1632.8018
 1-4 VDW =      331.9197  1-4 EEL =     5600.7115  RESTRAINT  =       38.8686
 EAMBER  =    -2666.6349


  Maximum number of minimization cycles reached.


                    FINAL RESULTS



   NSTEP       ENERGY          RMS            GMAX         NAME    NUMBER
   1000      -2.6278E+03     1.1472E-04     2.8244E-03     HG        116

 BOND    =       30.2462  ANGLE   =      204.6503  DIHED      =     1067.4965
 VDWAALS =     -803.6628  EEL     =    -7465.1945  EGB        =    -1632.8018
 1-4 VDW =      331.9197  1-4 EEL =     5600.7115  RESTRAINT  =       38.8686
 EAMBER  =    -2666.6349

--------------------------------------------------------------------------------
   5.  TIMINGS
--------------------------------------------------------------------------------

|                Calc gb radii             58.04 (20.13% of Gen B)
|                Calc gb diag             111.15 (38.55% of Gen B)
|                Calc gb off-diag         119.17 (41.33% of Gen B)
|             Gen Born time            288.35 (100.0% of Nonbo)
|          Nonbond force            288.35 (99.31% of Force)
|          Bond/Angle/Dihedral        1.99 ( 0.68% of Force)
|       Force time               290.35 (100.0% of Runmd)
|    Runmd Time               290.35 (99.78% of Total)
|    Other                      0.63 ( 0.22% of Total)
| Total time               290.98 (100.0% of ALL  )

| Number of list builds   :          0

| Highest rstack allocated:          0
| Highest istack allocated:          0
|           Job began  at 15:10:25.791  on 02/03/2016
|           Setup done at 15:10:25.841  on 02/03/2016
|           Run   done at 15:15:16.775  on 02/03/2016
|     wallclock() was called   18028 times
