
          -------------------------------------------------------
          Amber 14 SANDER                              2014
          -------------------------------------------------------

| Run on 02/03/2016 at 12:43:51

|   Executable path: sander
| Working directory: /lustre/cs1500/scratch/kmb413/RealDecoyDisc/DecoyDiscrimination/decoys.set2.init/1aaj/Rosetta_relaxed
|          Hostname: slepner1


File Assignments:
|  MDIN: /scratch/kmb413/RealDecoyDisc/DecoyDiscrimination/scripts/min/min.in  
| MDOUT: NoH_1_empty_tag_1163_0001_0001.out                                    
|INPCRD: NoH_1_empty_tag_1163_0001_0001.rst7                                   
|  PARM: NoH_1_empty_tag_1163_0001_0001.parm7                                  
|RESTRT: min_NoH_1_empty_tag_1163_0001_0001.rst7                               
|  REFC: NoH_1_empty_tag_1163_0001_0001.rst7                                   
| MDVEL: mdvel                                                                 
| MDFRC: mdfrc                                                                 
|  MDEN: mden                                                                  
| MDCRD: mdcrd                                                                 
|MDINFO: mdinfo                                                                
|  MTMD: mtmd                                                                  
|INPDIP: inpdip                                                                
|RSTDIP: rstdip                                                                
|INPTRA: inptraj                                                               


 Here is the input file:

                                                                               
&cntrl                                                                         
    imin = 1, maxcyc=1000,                                                     
    ntx = 1,                                                                   
    ntwr = 100, ntpr = 100,                                                    
    cut = 999.0,                                                               
    ntb = 0, igb = 8,                                                          
    ntr = 1, restraint_wt = 10, restraintmask = "!@H=",                        
/                                                                              

--------------------------------------------------------------------------------
   1.  RESOURCE   USE: 
--------------------------------------------------------------------------------

| Flags:                                                                        
| New format PARM file being parsed.
| Version =    1.000 Date = 02/03/16 Time = 11:44:38
 NATOM  =    1590 NTYPES =      14 NBONH =     791 MBONA  =     820
 NTHETH =    1812 MTHETA =    1115 NPHIH =    3578 MPHIA  =    3525
 NHPARM =       0 NPARM  =       0 NNB   =    8805 NRES   =     104
 NBONA  =     820 NTHETA =    1115 NPHIA =    3525 NUMBND =      65
 NUMANG =     152 NPTRA  =     189 NATYP =      33 NPHB   =       0
 IFBOX  =       0 NMXRS  =      24 IFCAP =       0 NEXTRA =       0
 NCOPY  =       0

 Implicit solvent radii are ArgH and AspGluO modified Bondi2 radii (mbondi3)                                
 Replacing prmtop screening parameters with GBn2 (igb=8) values

|     Memory Use     Allocated
|     Real              145027
|     Hollerith           4876
|     Integer           109197
|     Max Pairs              1
|     nblistReal             0
|     nblist Int             0
|       Total             1578 kbytes

| Note: 1-4 EEL scale factors are being read from the topology file.

| Note: 1-4 VDW scale factors are being read from the topology file.
| Duplicated    0 dihedrals
| Duplicated    0 dihedrals

--------------------------------------------------------------------------------
   2.  CONTROL  DATA  FOR  THE  RUN
--------------------------------------------------------------------------------

default_name                                                                    

General flags:
     imin    =       1, nmropt  =       0

Nature and format of input:
     ntx     =       1, irest   =       0, ntrx    =       1

Nature and format of output:
     ntxo    =       1, ntpr    =     100, ntrx    =       1, ntwr    =     100
     iwrap   =       0, ntwx    =       0, ntwv    =       0, ntwe    =       0
     ioutfm  =       0, ntwprt  =       0, idecomp =       0, rbornstat=      0

Potential function:
     ntf     =       1, ntb     =       0, igb     =       8, nsnb    =      25
     ipol    =       0, gbsa    =       0, iesp    =       0
     dielc   =   1.00000, cut     = 999.00000, intdiel =   1.00000
     saltcon =   0.00000, offset  =   0.19514, surften =   0.00500
     rdt     =   0.00000, rgbmax  =  25.00000  extdiel =  78.50000
     alpb  =        0
     gbalphaH  =   0.78844, gbbetaH   =   0.79870,  gbgammaH  =    0.43733
     gbalphaC  =   0.73376, gbbetaC   =   0.50638,  gbgammaC  =    0.20584
     gbalphaN  =   0.50336, gbbetaN   =   0.31683,  gbgammaN  =    0.19292
     gbalphaOS =   0.86781, gbbetaOS  =   0.87664,  gbgammaOS =    0.38788
     gbalphaP  =   1.00000, gbbetaP   =   0.80000,  gbgammaP  =    4.85000
     gb_alpha_hnu  =   0.53705, gb_beta_hnu   =   0.36286,  gb_gamma_hnu  =    0.11670
     gb_alpha_cnu  =   0.33167, gb_beta_cnu   =   0.19684,  gb_gamma_cnu  =    0.09342
     gb_alpha_nnu  =   0.68631, gb_beta_nnu   =   0.46319,  gb_gamma_nnu  =    0.13872
     gb_alpha_onu  =   0.60634, gb_beta_onu   =   0.46301,  gb_gamma_onu  =    0.14226
     gb_alpha_pnu  =   0.41836, gb_beta_pnu   =   0.29005,  gb_gamma_pnu  =    0.10642

Frozen or restrained atoms:
     ibelly  =       0, ntr     =       1
     restraint_wt =  10.00000

Energy minimization:
     maxcyc  =    1000, ncyc    =      10, ntmin   =       1
     dx0     =   0.01000, drms    =   0.00010
|  INFO: Old style inpcrd file read


    LOADING THE CONSTRAINED ATOMS AS GROUPS


   5.  REFERENCE ATOM COORDINATES

  defa
     Mask !@H=; matches   799 atoms

--------------------------------------------------------------------------------
   3.  ATOMIC COORDINATES AND VELOCITIES
--------------------------------------------------------------------------------

default_name                                                                    
 begin time read from input coords =     0.000 ps

 Number of triangulated 3-point waters found:        0

--------------------------------------------------------------------------------
   4.  RESULTS
--------------------------------------------------------------------------------



   NSTEP       ENERGY          RMS            GMAX         NAME    NUMBER
      1      -2.2050E+03     9.0871E+00     6.1344E+01     OE1      1120

 BOND    =       69.2224  ANGLE   =      211.2944  DIHED      =     1072.5290
 VDWAALS =     -657.4371  EEL     =    -7499.9398  EGB        =    -1536.9789
 1-4 VDW =      443.3272  1-4 EEL =     5692.9968  RESTRAINT  =        0.0000


   NSTEP       ENERGY          RMS            GMAX         NAME    NUMBER
    100      -2.5638E+03     3.5083E-01     2.2062E+00     NE1       648

 BOND    =       31.3995  ANGLE   =      208.9953  DIHED      =     1073.2652
 VDWAALS =     -798.0109  EEL     =    -7504.1470  EGB        =    -1557.7761
 1-4 VDW =      333.0236  1-4 EEL =     5608.0058  RESTRAINT  =       41.4314
 EAMBER  =    -2605.2445


   NSTEP       ENERGY          RMS            GMAX         NAME    NUMBER
    200      -2.5796E+03     4.8031E-01     7.8316E+00     HG1       605

 BOND    =       32.4186  ANGLE   =      210.9137  DIHED      =     1070.8962
 VDWAALS =     -800.2356  EEL     =    -7524.4589  EGB        =    -1551.2278
 1-4 VDW =      331.5522  1-4 EEL =     5606.9094  RESTRAINT  =       43.6312
 EAMBER  =    -2623.2322


   NSTEP       ENERGY          RMS            GMAX         NAME    NUMBER
    300      -2.5828E+03     4.5507E-02     7.7099E-01     CD        193

 BOND    =       31.2821  ANGLE   =      208.7579  DIHED      =     1069.5681
 VDWAALS =     -799.2418  EEL     =    -7527.7007  EGB        =    -1550.6950
 1-4 VDW =      333.9169  1-4 EEL =     5609.0039  RESTRAINT  =       42.3220
 EAMBER  =    -2625.1087


   NSTEP       ENERGY          RMS            GMAX         NAME    NUMBER
    400      -2.5829E+03     1.2247E-02     1.1860E-01     CD        193

 BOND    =       31.2179  ANGLE   =      208.7013  DIHED      =     1069.7167
 VDWAALS =     -799.5018  EEL     =    -7527.9793  EGB        =    -1550.5411
 1-4 VDW =      334.0566  1-4 EEL =     5609.0765  RESTRAINT  =       42.4029
 EAMBER  =    -2625.2531


   NSTEP       ENERGY          RMS            GMAX         NAME    NUMBER
    500      -2.5829E+03     1.9158E-02     2.6369E-01     CA        610

 BOND    =       31.2125  ANGLE   =      208.7045  DIHED      =     1069.8588
 VDWAALS =     -799.6056  EEL     =    -7528.4091  EGB        =    -1550.2964
 1-4 VDW =      334.0922  1-4 EEL =     5609.0823  RESTRAINT  =       42.4714
 EAMBER  =    -2625.3609


   NSTEP       ENERGY          RMS            GMAX         NAME    NUMBER
    600      -2.5829E+03     7.8062E-03     1.3727E-01     CD        729

 BOND    =       31.1929  ANGLE   =      208.7173  DIHED      =     1070.0177
 VDWAALS =     -799.6142  EEL     =    -7529.0251  EGB        =    -1549.9452
 1-4 VDW =      334.1370  1-4 EEL =     5609.0763  RESTRAINT  =       42.5139
 EAMBER  =    -2625.4433


   NSTEP       ENERGY          RMS            GMAX         NAME    NUMBER
    700      -2.5829E+03     2.0233E-03     3.9705E-02     HZ1        20

 BOND    =       31.1847  ANGLE   =      208.7380  DIHED      =     1070.1532
 VDWAALS =     -799.5949  EEL     =    -7529.6072  EGB        =    -1549.6219
 1-4 VDW =      334.1615  1-4 EEL =     5609.0779  RESTRAINT  =       42.5614
 EAMBER  =    -2625.5088


   NSTEP       ENERGY          RMS            GMAX         NAME    NUMBER
    800      -2.5829E+03     1.6690E-03     3.5158E-02     CD        729

 BOND    =       31.1804  ANGLE   =      208.7377  DIHED      =     1070.2071
 VDWAALS =     -799.5755  EEL     =    -7529.8356  EGB        =    -1549.5002
 1-4 VDW =      334.1804  1-4 EEL =     5609.0768  RESTRAINT  =       42.5796
 EAMBER  =    -2625.5289


                    FINAL RESULTS



   NSTEP       ENERGY          RMS            GMAX         NAME    NUMBER
    871      -2.5829E+03     9.1974E-05     2.7424E-03     HZ1        20

 BOND    =       31.1806  ANGLE   =      208.7412  DIHED      =     1070.2094
 VDWAALS =     -799.5773  EEL     =    -7529.8468  EGB        =    -1549.4939
 1-4 VDW =      334.1777  1-4 EEL =     5609.0780  RESTRAINT  =       42.5818
 EAMBER  =    -2625.5312

--------------------------------------------------------------------------------
   5.  TIMINGS
--------------------------------------------------------------------------------

|                Calc gb radii             52.10 (20.14% of Gen B)
|                Calc gb diag              97.31 (37.62% of Gen B)
|                Calc gb off-diag         109.27 (42.24% of Gen B)
|             Gen Born time            258.69 (100.0% of Nonbo)
|          Nonbond force            258.69 (99.30% of Force)
|          Bond/Angle/Dihedral        1.81 ( 0.69% of Force)
|          Other                      0.01 ( 0.01% of Force)
|       Force time               260.51 (100.0% of Runmd)
|    Runmd Time               260.51 (99.64% of Total)
|    Other                      0.93 ( 0.36% of Total)
| Total time               261.44 (100.0% of ALL  )

| Number of list builds   :          0

| Highest rstack allocated:          0
| Highest istack allocated:          0
|           Job began  at 12:43:51.849  on 02/03/2016
|           Setup done at 12:43:51.904  on 02/03/2016
|           Run   done at 12:48:13.291  on 02/03/2016
|     wallclock() was called   15706 times
