
          -------------------------------------------------------
          Amber 14 SANDER                              2014
          -------------------------------------------------------

| Run on 02/03/2016 at 12:11:10

|   Executable path: sander
| Working directory: /lustre/cs1500/scratch/kmb413/RealDecoyDisc/DecoyDiscrimination/decoys.set2.init/1aaj/Rosetta_relaxed
|          Hostname: slepner30


File Assignments:
|  MDIN: /scratch/kmb413/RealDecoyDisc/DecoyDiscrimination/scripts/min/min.in  
| MDOUT: NoH_2_empty_tag_597_0001_0001.out                                     
|INPCRD: NoH_2_empty_tag_597_0001_0001.rst7                                    
|  PARM: NoH_2_empty_tag_597_0001_0001.parm7                                   
|RESTRT: min_NoH_2_empty_tag_597_0001_0001.rst7                                
|  REFC: NoH_2_empty_tag_597_0001_0001.rst7                                    
| MDVEL: mdvel                                                                 
| MDFRC: mdfrc                                                                 
|  MDEN: mden                                                                  
| MDCRD: mdcrd                                                                 
|MDINFO: mdinfo                                                                
|  MTMD: mtmd                                                                  
|INPDIP: inpdip                                                                
|RSTDIP: rstdip                                                                
|INPTRA: inptraj                                                               


 Here is the input file:

                                                                               
&cntrl                                                                         
    imin = 1, maxcyc=1000,                                                     
    ntx = 1,                                                                   
    ntwr = 100, ntpr = 100,                                                    
    cut = 999.0,                                                               
    ntb = 0, igb = 8,                                                          
    ntr = 1, restraint_wt = 10, restraintmask = "!@H=",                        
/                                                                              

--------------------------------------------------------------------------------
   1.  RESOURCE   USE: 
--------------------------------------------------------------------------------

| Flags:                                                                        
| New format PARM file being parsed.
| Version =    1.000 Date = 02/03/16 Time = 11:48:15
 NATOM  =    1590 NTYPES =      14 NBONH =     791 MBONA  =     820
 NTHETH =    1812 MTHETA =    1115 NPHIH =    3578 MPHIA  =    3525
 NHPARM =       0 NPARM  =       0 NNB   =    8805 NRES   =     104
 NBONA  =     820 NTHETA =    1115 NPHIA =    3525 NUMBND =      65
 NUMANG =     152 NPTRA  =     189 NATYP =      33 NPHB   =       0
 IFBOX  =       0 NMXRS  =      24 IFCAP =       0 NEXTRA =       0
 NCOPY  =       0

 Implicit solvent radii are ArgH and AspGluO modified Bondi2 radii (mbondi3)                                
 Replacing prmtop screening parameters with GBn2 (igb=8) values

|     Memory Use     Allocated
|     Real              145027
|     Hollerith           4876
|     Integer           109197
|     Max Pairs              1
|     nblistReal             0
|     nblist Int             0
|       Total             1578 kbytes

| Note: 1-4 EEL scale factors are being read from the topology file.

| Note: 1-4 VDW scale factors are being read from the topology file.
| Duplicated    0 dihedrals
| Duplicated    0 dihedrals

--------------------------------------------------------------------------------
   2.  CONTROL  DATA  FOR  THE  RUN
--------------------------------------------------------------------------------

default_name                                                                    

General flags:
     imin    =       1, nmropt  =       0

Nature and format of input:
     ntx     =       1, irest   =       0, ntrx    =       1

Nature and format of output:
     ntxo    =       1, ntpr    =     100, ntrx    =       1, ntwr    =     100
     iwrap   =       0, ntwx    =       0, ntwv    =       0, ntwe    =       0
     ioutfm  =       0, ntwprt  =       0, idecomp =       0, rbornstat=      0

Potential function:
     ntf     =       1, ntb     =       0, igb     =       8, nsnb    =      25
     ipol    =       0, gbsa    =       0, iesp    =       0
     dielc   =   1.00000, cut     = 999.00000, intdiel =   1.00000
     saltcon =   0.00000, offset  =   0.19514, surften =   0.00500
     rdt     =   0.00000, rgbmax  =  25.00000  extdiel =  78.50000
     alpb  =        0
     gbalphaH  =   0.78844, gbbetaH   =   0.79870,  gbgammaH  =    0.43733
     gbalphaC  =   0.73376, gbbetaC   =   0.50638,  gbgammaC  =    0.20584
     gbalphaN  =   0.50336, gbbetaN   =   0.31683,  gbgammaN  =    0.19292
     gbalphaOS =   0.86781, gbbetaOS  =   0.87664,  gbgammaOS =    0.38788
     gbalphaP  =   1.00000, gbbetaP   =   0.80000,  gbgammaP  =    4.85000
     gb_alpha_hnu  =   0.53705, gb_beta_hnu   =   0.36286,  gb_gamma_hnu  =    0.11670
     gb_alpha_cnu  =   0.33167, gb_beta_cnu   =   0.19684,  gb_gamma_cnu  =    0.09342
     gb_alpha_nnu  =   0.68631, gb_beta_nnu   =   0.46319,  gb_gamma_nnu  =    0.13872
     gb_alpha_onu  =   0.60634, gb_beta_onu   =   0.46301,  gb_gamma_onu  =    0.14226
     gb_alpha_pnu  =   0.41836, gb_beta_pnu   =   0.29005,  gb_gamma_pnu  =    0.10642

Frozen or restrained atoms:
     ibelly  =       0, ntr     =       1
     restraint_wt =  10.00000

Energy minimization:
     maxcyc  =    1000, ncyc    =      10, ntmin   =       1
     dx0     =   0.01000, drms    =   0.00010
|  INFO: Old style inpcrd file read


    LOADING THE CONSTRAINED ATOMS AS GROUPS


   5.  REFERENCE ATOM COORDINATES

  defa
     Mask !@H=; matches   799 atoms

--------------------------------------------------------------------------------
   3.  ATOMIC COORDINATES AND VELOCITIES
--------------------------------------------------------------------------------

default_name                                                                    
 begin time read from input coords =     0.000 ps

 Number of triangulated 3-point waters found:        0

--------------------------------------------------------------------------------
   4.  RESULTS
--------------------------------------------------------------------------------



   NSTEP       ENERGY          RMS            GMAX         NAME    NUMBER
      1      -2.0848E+03     8.9056E+00     6.4398E+01     OXT      1590

 BOND    =       69.6854  ANGLE   =      211.3406  DIHED      =     1092.6489
 VDWAALS =     -613.9219  EEL     =    -7159.2212  EGB        =    -1900.1166
 1-4 VDW =      444.3105  1-4 EEL =     5770.5208  RESTRAINT  =        0.0000


   NSTEP       ENERGY          RMS            GMAX         NAME    NUMBER
    100      -2.4392E+03     3.1087E-01     2.8655E+00     C        1588

 BOND    =       31.7160  ANGLE   =      205.4692  DIHED      =     1102.4660
 VDWAALS =     -737.7443  EEL     =    -7178.6465  EGB        =    -1909.4052
 1-4 VDW =      331.3567  1-4 EEL =     5674.1797  RESTRAINT  =       41.3660
 EAMBER  =    -2480.6084


   NSTEP       ENERGY          RMS            GMAX         NAME    NUMBER
    200      -2.4431E+03     1.2034E-01     1.6687E+00     H2          3

 BOND    =       31.8762  ANGLE   =      206.4671  DIHED      =     1102.4081
 VDWAALS =     -740.1633  EEL     =    -7183.8321  EGB        =    -1909.1154
 1-4 VDW =      330.8818  1-4 EEL =     5674.4901  RESTRAINT  =       43.8922
 EAMBER  =    -2486.9876


   NSTEP       ENERGY          RMS            GMAX         NAME    NUMBER
    300      -2.4446E+03     5.8662E-02     1.1279E+00     CD        103

 BOND    =       31.7910  ANGLE   =      206.3075  DIHED      =     1101.8615
 VDWAALS =     -740.6610  EEL     =    -7185.6313  EGB        =    -1908.3556
 1-4 VDW =      331.1756  1-4 EEL =     5674.7241  RESTRAINT  =       44.1821
 EAMBER  =    -2488.7882


   NSTEP       ENERGY          RMS            GMAX         NAME    NUMBER
    400      -2.4447E+03     3.7381E-02     6.0099E-01     N           1

 BOND    =       31.7539  ANGLE   =      206.1796  DIHED      =     1102.0204
 VDWAALS =     -740.5055  EEL     =    -7186.7326  EGB        =    -1907.8388
 1-4 VDW =      331.3349  1-4 EEL =     5674.8631  RESTRAINT  =       44.2399
 EAMBER  =    -2488.9248


   NSTEP       ENERGY          RMS            GMAX         NAME    NUMBER
    500      -2.4447E+03     1.0200E-02     1.6506E-01     CG         10

 BOND    =       31.7368  ANGLE   =      206.1412  DIHED      =     1102.1249
 VDWAALS =     -740.4579  EEL     =    -7187.2489  EGB        =    -1907.5881
 1-4 VDW =      331.3920  1-4 EEL =     5674.8822  RESTRAINT  =       44.3109
 EAMBER  =    -2489.0178


   NSTEP       ENERGY          RMS            GMAX         NAME    NUMBER
    600      -2.4447E+03     4.0678E-03     5.3281E-02     C        1588

 BOND    =       31.7279  ANGLE   =      206.1455  DIHED      =     1102.1390
 VDWAALS =     -740.4523  EEL     =    -7187.3354  EGB        =    -1907.5503
 1-4 VDW =      331.4074  1-4 EEL =     5674.8831  RESTRAINT  =       44.3264
 EAMBER  =    -2489.0350


   NSTEP       ENERGY          RMS            GMAX         NAME    NUMBER
    700      -2.4447E+03     1.3910E-04     2.4432E-03     CD        193

 BOND    =       31.7206  ANGLE   =      206.1256  DIHED      =     1102.1437
 VDWAALS =     -740.4406  EEL     =    -7187.3943  EGB        =    -1907.5216
 1-4 VDW =      331.4329  1-4 EEL =     5674.8966  RESTRAINT  =       44.3281
 EAMBER  =    -2489.0371


                    FINAL RESULTS



   NSTEP       ENERGY          RMS            GMAX         NAME    NUMBER
    742      -2.4447E+03     9.8442E-05     9.3028E-04     HE2       551

 BOND    =       31.7205  ANGLE   =      206.1257  DIHED      =     1102.1432
 VDWAALS =     -740.4412  EEL     =    -7187.3912  EGB        =    -1907.5231
 1-4 VDW =      331.4329  1-4 EEL =     5674.8964  RESTRAINT  =       44.3278
 EAMBER  =    -2489.0368

--------------------------------------------------------------------------------
   5.  TIMINGS
--------------------------------------------------------------------------------

|                Calc gb radii             41.51 (19.85% of Gen B)
|                Calc gb diag              75.78 (36.24% of Gen B)
|                Calc gb off-diag          91.79 (43.90% of Gen B)
|             Gen Born time            209.07 (100.0% of Nonbo)
|          Nonbond force            209.07 (99.26% of Force)
|          Bond/Angle/Dihedral        1.54 ( 0.73% of Force)
|          Other                      0.01 ( 0.01% of Force)
|       Force time               210.62 (100.0% of Runmd)
|    Runmd Time               210.62 (99.75% of Total)
|    Other                      0.53 ( 0.25% of Total)
| Total time               211.16 (100.0% of ALL  )

| Number of list builds   :          0

| Highest rstack allocated:          0
| Highest istack allocated:          0
|           Job began  at 12:11:10.550  on 02/03/2016
|           Setup done at 12:11:10.600  on 02/03/2016
|           Run   done at 12:14:41.705  on 02/03/2016
|     wallclock() was called   13384 times
