
          -------------------------------------------------------
          Amber 14 SANDER                              2014
          -------------------------------------------------------

| Run on 02/03/2016 at 13:05:44

|   Executable path: sander
| Working directory: /lustre/cs1500/scratch/kmb413/RealDecoyDisc/DecoyDiscrimination/decoys.set2.init/1aaj/Rosetta_relaxed
|          Hostname: slepner30


File Assignments:
|  MDIN: /scratch/kmb413/RealDecoyDisc/DecoyDiscrimination/scripts/min/min.in  
| MDOUT: NoH_3_empty_tag_1213_0001_0001.out                                    
|INPCRD: NoH_3_empty_tag_1213_0001_0001.rst7                                   
|  PARM: NoH_3_empty_tag_1213_0001_0001.parm7                                  
|RESTRT: min_NoH_3_empty_tag_1213_0001_0001.rst7                               
|  REFC: NoH_3_empty_tag_1213_0001_0001.rst7                                   
| MDVEL: mdvel                                                                 
| MDFRC: mdfrc                                                                 
|  MDEN: mden                                                                  
| MDCRD: mdcrd                                                                 
|MDINFO: mdinfo                                                                
|  MTMD: mtmd                                                                  
|INPDIP: inpdip                                                                
|RSTDIP: rstdip                                                                
|INPTRA: inptraj                                                               


 Here is the input file:

                                                                               
&cntrl                                                                         
    imin = 1, maxcyc=1000,                                                     
    ntx = 1,                                                                   
    ntwr = 100, ntpr = 100,                                                    
    cut = 999.0,                                                               
    ntb = 0, igb = 8,                                                          
    ntr = 1, restraint_wt = 10, restraintmask = "!@H=",                        
/                                                                              

--------------------------------------------------------------------------------
   1.  RESOURCE   USE: 
--------------------------------------------------------------------------------

| Flags:                                                                        
| New format PARM file being parsed.
| Version =    1.000 Date = 02/03/16 Time = 11:48:49
 NATOM  =    1590 NTYPES =      14 NBONH =     791 MBONA  =     820
 NTHETH =    1812 MTHETA =    1115 NPHIH =    3578 MPHIA  =    3525
 NHPARM =       0 NPARM  =       0 NNB   =    8805 NRES   =     104
 NBONA  =     820 NTHETA =    1115 NPHIA =    3525 NUMBND =      65
 NUMANG =     152 NPTRA  =     189 NATYP =      33 NPHB   =       0
 IFBOX  =       0 NMXRS  =      24 IFCAP =       0 NEXTRA =       0
 NCOPY  =       0

 Implicit solvent radii are ArgH and AspGluO modified Bondi2 radii (mbondi3)                                
 Replacing prmtop screening parameters with GBn2 (igb=8) values

|     Memory Use     Allocated
|     Real              145027
|     Hollerith           4876
|     Integer           109197
|     Max Pairs              1
|     nblistReal             0
|     nblist Int             0
|       Total             1578 kbytes

| Note: 1-4 EEL scale factors are being read from the topology file.

| Note: 1-4 VDW scale factors are being read from the topology file.
| Duplicated    0 dihedrals
| Duplicated    0 dihedrals

--------------------------------------------------------------------------------
   2.  CONTROL  DATA  FOR  THE  RUN
--------------------------------------------------------------------------------

default_name                                                                    

General flags:
     imin    =       1, nmropt  =       0

Nature and format of input:
     ntx     =       1, irest   =       0, ntrx    =       1

Nature and format of output:
     ntxo    =       1, ntpr    =     100, ntrx    =       1, ntwr    =     100
     iwrap   =       0, ntwx    =       0, ntwv    =       0, ntwe    =       0
     ioutfm  =       0, ntwprt  =       0, idecomp =       0, rbornstat=      0

Potential function:
     ntf     =       1, ntb     =       0, igb     =       8, nsnb    =      25
     ipol    =       0, gbsa    =       0, iesp    =       0
     dielc   =   1.00000, cut     = 999.00000, intdiel =   1.00000
     saltcon =   0.00000, offset  =   0.19514, surften =   0.00500
     rdt     =   0.00000, rgbmax  =  25.00000  extdiel =  78.50000
     alpb  =        0
     gbalphaH  =   0.78844, gbbetaH   =   0.79870,  gbgammaH  =    0.43733
     gbalphaC  =   0.73376, gbbetaC   =   0.50638,  gbgammaC  =    0.20584
     gbalphaN  =   0.50336, gbbetaN   =   0.31683,  gbgammaN  =    0.19292
     gbalphaOS =   0.86781, gbbetaOS  =   0.87664,  gbgammaOS =    0.38788
     gbalphaP  =   1.00000, gbbetaP   =   0.80000,  gbgammaP  =    4.85000
     gb_alpha_hnu  =   0.53705, gb_beta_hnu   =   0.36286,  gb_gamma_hnu  =    0.11670
     gb_alpha_cnu  =   0.33167, gb_beta_cnu   =   0.19684,  gb_gamma_cnu  =    0.09342
     gb_alpha_nnu  =   0.68631, gb_beta_nnu   =   0.46319,  gb_gamma_nnu  =    0.13872
     gb_alpha_onu  =   0.60634, gb_beta_onu   =   0.46301,  gb_gamma_onu  =    0.14226
     gb_alpha_pnu  =   0.41836, gb_beta_pnu   =   0.29005,  gb_gamma_pnu  =    0.10642

Frozen or restrained atoms:
     ibelly  =       0, ntr     =       1
     restraint_wt =  10.00000

Energy minimization:
     maxcyc  =    1000, ncyc    =      10, ntmin   =       1
     dx0     =   0.01000, drms    =   0.00010
|  INFO: Old style inpcrd file read


    LOADING THE CONSTRAINED ATOMS AS GROUPS


   5.  REFERENCE ATOM COORDINATES

  defa
     Mask !@H=; matches   799 atoms

--------------------------------------------------------------------------------
   3.  ATOMIC COORDINATES AND VELOCITIES
--------------------------------------------------------------------------------

default_name                                                                    
 begin time read from input coords =     0.000 ps

 Number of triangulated 3-point waters found:        0

--------------------------------------------------------------------------------
   4.  RESULTS
--------------------------------------------------------------------------------



   NSTEP       ENERGY          RMS            GMAX         NAME    NUMBER
      1      -2.1952E+03     9.0863E+00     6.3190E+01     OE1       730

 BOND    =       69.9526  ANGLE   =      211.3674  DIHED      =     1083.5233
 VDWAALS =     -617.3782  EEL     =    -6968.9248  EGB        =    -2121.2110
 1-4 VDW =      441.2600  1-4 EEL =     5706.2338  RESTRAINT  =        0.0000


   NSTEP       ENERGY          RMS            GMAX         NAME    NUMBER
    100      -2.5564E+03     3.4470E-01     3.1893E+00     HG1      1389

 BOND    =       31.9677  ANGLE   =      209.5829  DIHED      =     1086.9794
 VDWAALS =     -767.2665  EEL     =    -6974.8817  EGB        =    -2137.0758
 1-4 VDW =      329.5069  1-4 EEL =     5623.6379  RESTRAINT  =       41.1649
 EAMBER  =    -2597.5492


   NSTEP       ENERGY          RMS            GMAX         NAME    NUMBER
    200      -2.5619E+03     1.4765E-01     2.0093E+00     HG       1180

 BOND    =       32.0037  ANGLE   =      210.1052  DIHED      =     1086.3663
 VDWAALS =     -771.2654  EEL     =    -6987.7142  EGB        =    -2129.7421
 1-4 VDW =      329.3539  1-4 EEL =     5625.8564  RESTRAINT  =       43.1838
 EAMBER  =    -2605.0361


   NSTEP       ENERGY          RMS            GMAX         NAME    NUMBER
    300      -2.5698E+03     1.8352E-01     3.0011E+00     N           1

 BOND    =       31.8643  ANGLE   =      209.7551  DIHED      =     1083.4691
 VDWAALS =     -770.3981  EEL     =    -6997.2381  EGB        =    -2126.4523
 1-4 VDW =      330.0750  1-4 EEL =     5626.1586  RESTRAINT  =       42.9164
 EAMBER  =    -2612.7664


   NSTEP       ENERGY          RMS            GMAX         NAME    NUMBER
    400      -2.5703E+03     6.4058E-02     1.1383E+00     CG         10

 BOND    =       31.7882  ANGLE   =      209.4284  DIHED      =     1083.5085
 VDWAALS =     -770.6385  EEL     =    -6998.6958  EGB        =    -2125.7406
 1-4 VDW =      330.2435  1-4 EEL =     5626.9805  RESTRAINT  =       42.8547
 EAMBER  =    -2613.1259


   NSTEP       ENERGY          RMS            GMAX         NAME    NUMBER
    500      -2.5714E+03     7.9001E-02     1.1314E+00     CB       1176

 BOND    =       31.7287  ANGLE   =      209.4295  DIHED      =     1082.5274
 VDWAALS =     -771.2892  EEL     =    -7000.9816  EGB        =    -2124.0044
 1-4 VDW =      330.3129  1-4 EEL =     5628.0136  RESTRAINT  =       42.8701
 EAMBER  =    -2614.2632


   NSTEP       ENERGY          RMS            GMAX         NAME    NUMBER
    600      -2.5717E+03     1.6125E-02     3.7284E-01     CD       1260

 BOND    =       31.6790  ANGLE   =      209.2520  DIHED      =     1082.0838
 VDWAALS =     -770.9293  EEL     =    -7001.2420  EGB        =    -2124.0880
 1-4 VDW =      330.5748  1-4 EEL =     5628.1664  RESTRAINT  =       42.7888
 EAMBER  =    -2614.5033


   NSTEP       ENERGY          RMS            GMAX         NAME    NUMBER
    700      -2.5717E+03     3.4549E-03     4.7612E-02     CB       1176

 BOND    =       31.6660  ANGLE   =      209.2254  DIHED      =     1082.0798
 VDWAALS =     -770.9162  EEL     =    -7001.2689  EGB        =    -2124.0947
 1-4 VDW =      330.6199  1-4 EEL =     5628.1895  RESTRAINT  =       42.7796
 EAMBER  =    -2614.4992


   NSTEP       ENERGY          RMS            GMAX         NAME    NUMBER
    800      -2.5717E+03     2.9119E-04     5.0468E-03     OG       1179

 BOND    =       31.6634  ANGLE   =      209.2225  DIHED      =     1082.0863
 VDWAALS =     -770.9153  EEL     =    -7001.2724  EGB        =    -2124.0967
 1-4 VDW =      330.6274  1-4 EEL =     5628.1897  RESTRAINT  =       42.7754
 EAMBER  =    -2614.4952


                    FINAL RESULTS



   NSTEP       ENERGY          RMS            GMAX         NAME    NUMBER
    869      -2.5717E+03     8.7189E-05     1.4048E-03     HG22     1244

 BOND    =       31.6633  ANGLE   =      209.2221  DIHED      =     1082.0880
 VDWAALS =     -770.9171  EEL     =    -7001.2728  EGB        =    -2124.0967
 1-4 VDW =      330.6286  1-4 EEL =     5628.1901  RESTRAINT  =       42.7749
 EAMBER  =    -2614.4947

--------------------------------------------------------------------------------
   5.  TIMINGS
--------------------------------------------------------------------------------

|                Calc gb radii             51.02 (20.38% of Gen B)
|                Calc gb diag              93.99 (37.53% of Gen B)
|                Calc gb off-diag         105.39 (42.09% of Gen B)
|             Gen Born time            250.40 (100.0% of Nonbo)
|          Nonbond force            250.40 (99.28% of Force)
|          Bond/Angle/Dihedral        1.80 ( 0.71% of Force)
|          Other                      0.01 ( 0.01% of Force)
|       Force time               252.22 (100.0% of Runmd)
|    Runmd Time               252.22 (99.68% of Total)
|    Other                      0.82 ( 0.32% of Total)
| Total time               253.04 (100.0% of ALL  )

| Number of list builds   :          0

| Highest rstack allocated:          0
| Highest istack allocated:          0
|           Job began  at 13:05:44.618  on 02/03/2016
|           Setup done at 13:05:44.669  on 02/03/2016
|           Run   done at 13:09:57.654  on 02/03/2016
|     wallclock() was called   15670 times
