
          -------------------------------------------------------
          Amber 14 SANDER                              2014
          -------------------------------------------------------

| Run on 02/03/2016 at 12:50:23

|   Executable path: sander
| Working directory: /lustre/cs1500/scratch/kmb413/RealDecoyDisc/DecoyDiscrimination/decoys.set2.init/1aaj/Rosetta_relaxed
|          Hostname: slepner25


File Assignments:
|  MDIN: /scratch/kmb413/RealDecoyDisc/DecoyDiscrimination/scripts/min/min.in  
| MDOUT: NoH_4_empty_tag_1_257_0001.out                                        
|INPCRD: NoH_4_empty_tag_1_257_0001.rst7                                       
|  PARM: NoH_4_empty_tag_1_257_0001.parm7                                      
|RESTRT: min_NoH_4_empty_tag_1_257_0001.rst7                                   
|  REFC: NoH_4_empty_tag_1_257_0001.rst7                                       
| MDVEL: mdvel                                                                 
| MDFRC: mdfrc                                                                 
|  MDEN: mden                                                                  
| MDCRD: mdcrd                                                                 
|MDINFO: mdinfo                                                                
|  MTMD: mtmd                                                                  
|INPDIP: inpdip                                                                
|RSTDIP: rstdip                                                                
|INPTRA: inptraj                                                               


 Here is the input file:

                                                                               
&cntrl                                                                         
    imin = 1, maxcyc=1000,                                                     
    ntx = 1,                                                                   
    ntwr = 100, ntpr = 100,                                                    
    cut = 999.0,                                                               
    ntb = 0, igb = 8,                                                          
    ntr = 1, restraint_wt = 10, restraintmask = "!@H=",                        
/                                                                              

--------------------------------------------------------------------------------
   1.  RESOURCE   USE: 
--------------------------------------------------------------------------------

| Flags:                                                                        
| New format PARM file being parsed.
| Version =    1.000 Date = 02/03/16 Time = 11:50:44
 NATOM  =    1590 NTYPES =      14 NBONH =     791 MBONA  =     820
 NTHETH =    1812 MTHETA =    1115 NPHIH =    3578 MPHIA  =    3525
 NHPARM =       0 NPARM  =       0 NNB   =    8805 NRES   =     104
 NBONA  =     820 NTHETA =    1115 NPHIA =    3525 NUMBND =      65
 NUMANG =     152 NPTRA  =     189 NATYP =      33 NPHB   =       0
 IFBOX  =       0 NMXRS  =      24 IFCAP =       0 NEXTRA =       0
 NCOPY  =       0

 Implicit solvent radii are ArgH and AspGluO modified Bondi2 radii (mbondi3)                                
 Replacing prmtop screening parameters with GBn2 (igb=8) values

|     Memory Use     Allocated
|     Real              145027
|     Hollerith           4876
|     Integer           109197
|     Max Pairs              1
|     nblistReal             0
|     nblist Int             0
|       Total             1578 kbytes

| Note: 1-4 EEL scale factors are being read from the topology file.

| Note: 1-4 VDW scale factors are being read from the topology file.
| Duplicated    0 dihedrals
| Duplicated    0 dihedrals

--------------------------------------------------------------------------------
   2.  CONTROL  DATA  FOR  THE  RUN
--------------------------------------------------------------------------------

default_name                                                                    

General flags:
     imin    =       1, nmropt  =       0

Nature and format of input:
     ntx     =       1, irest   =       0, ntrx    =       1

Nature and format of output:
     ntxo    =       1, ntpr    =     100, ntrx    =       1, ntwr    =     100
     iwrap   =       0, ntwx    =       0, ntwv    =       0, ntwe    =       0
     ioutfm  =       0, ntwprt  =       0, idecomp =       0, rbornstat=      0

Potential function:
     ntf     =       1, ntb     =       0, igb     =       8, nsnb    =      25
     ipol    =       0, gbsa    =       0, iesp    =       0
     dielc   =   1.00000, cut     = 999.00000, intdiel =   1.00000
     saltcon =   0.00000, offset  =   0.19514, surften =   0.00500
     rdt     =   0.00000, rgbmax  =  25.00000  extdiel =  78.50000
     alpb  =        0
     gbalphaH  =   0.78844, gbbetaH   =   0.79870,  gbgammaH  =    0.43733
     gbalphaC  =   0.73376, gbbetaC   =   0.50638,  gbgammaC  =    0.20584
     gbalphaN  =   0.50336, gbbetaN   =   0.31683,  gbgammaN  =    0.19292
     gbalphaOS =   0.86781, gbbetaOS  =   0.87664,  gbgammaOS =    0.38788
     gbalphaP  =   1.00000, gbbetaP   =   0.80000,  gbgammaP  =    4.85000
     gb_alpha_hnu  =   0.53705, gb_beta_hnu   =   0.36286,  gb_gamma_hnu  =    0.11670
     gb_alpha_cnu  =   0.33167, gb_beta_cnu   =   0.19684,  gb_gamma_cnu  =    0.09342
     gb_alpha_nnu  =   0.68631, gb_beta_nnu   =   0.46319,  gb_gamma_nnu  =    0.13872
     gb_alpha_onu  =   0.60634, gb_beta_onu   =   0.46301,  gb_gamma_onu  =    0.14226
     gb_alpha_pnu  =   0.41836, gb_beta_pnu   =   0.29005,  gb_gamma_pnu  =    0.10642

Frozen or restrained atoms:
     ibelly  =       0, ntr     =       1
     restraint_wt =  10.00000

Energy minimization:
     maxcyc  =    1000, ncyc    =      10, ntmin   =       1
     dx0     =   0.01000, drms    =   0.00010
|  INFO: Old style inpcrd file read


    LOADING THE CONSTRAINED ATOMS AS GROUPS


   5.  REFERENCE ATOM COORDINATES

  defa
     Mask !@H=; matches   799 atoms

--------------------------------------------------------------------------------
   3.  ATOMIC COORDINATES AND VELOCITIES
--------------------------------------------------------------------------------

default_name                                                                    
 begin time read from input coords =     0.000 ps

 Number of triangulated 3-point waters found:        0

--------------------------------------------------------------------------------
   4.  RESULTS
--------------------------------------------------------------------------------



   NSTEP       ENERGY          RMS            GMAX         NAME    NUMBER
      1      -2.2183E+03     9.0613E+00     6.1770E+01     OE1       945

 BOND    =       69.7074  ANGLE   =      211.4180  DIHED      =     1075.0201
 VDWAALS =     -657.5962  EEL     =    -7306.0561  EGB        =    -1774.2157
 1-4 VDW =      444.6083  1-4 EEL =     5718.8458  RESTRAINT  =        0.0000


   NSTEP       ENERGY          RMS            GMAX         NAME    NUMBER
    100      -2.5756E+03     4.6133E-01     5.5938E+00     HG1       605

 BOND    =       30.9033  ANGLE   =      208.5569  DIHED      =     1078.9736
 VDWAALS =     -793.4771  EEL     =    -7301.2649  EGB        =    -1806.3414
 1-4 VDW =      332.0153  1-4 EEL =     5631.5430  RESTRAINT  =       43.4484
 EAMBER  =    -2619.0912


   NSTEP       ENERGY          RMS            GMAX         NAME    NUMBER
    200      -2.5851E+03     1.2241E-01     1.1640E+00     HG1      1389

 BOND    =       30.4316  ANGLE   =      208.0154  DIHED      =     1076.7371
 VDWAALS =     -794.6483  EEL     =    -7305.4245  EGB        =    -1809.0614
 1-4 VDW =      332.9571  1-4 EEL =     5632.7759  RESTRAINT  =       43.0807
 EAMBER  =    -2628.2172


   NSTEP       ENERGY          RMS            GMAX         NAME    NUMBER
    300      -2.5893E+03     1.2490E-01     2.5661E+00     HG1      1389

 BOND    =       30.3324  ANGLE   =      207.9519  DIHED      =     1074.7414
 VDWAALS =     -795.7319  EEL     =    -7312.5742  EGB        =    -1805.0993
 1-4 VDW =      333.0316  1-4 EEL =     5634.5517  RESTRAINT  =       43.4565
 EAMBER  =    -2632.7965


   NSTEP       ENERGY          RMS            GMAX         NAME    NUMBER
    400      -2.5895E+03     1.4120E-02     2.0763E-01     C        1390

 BOND    =       30.1879  ANGLE   =      207.4030  DIHED      =     1074.7996
 VDWAALS =     -795.6671  EEL     =    -7313.1224  EGB        =    -1804.6535
 1-4 VDW =      333.5561  1-4 EEL =     5634.8255  RESTRAINT  =       43.1759
 EAMBER  =    -2632.6709


   NSTEP       ENERGY          RMS            GMAX         NAME    NUMBER
    500      -2.5895E+03     8.7793E-03     1.8076E-01     CD        480

 BOND    =       30.1782  ANGLE   =      207.3754  DIHED      =     1074.8158
 VDWAALS =     -795.6921  EEL     =    -7313.0760  EGB        =    -1804.6834
 1-4 VDW =      333.5993  1-4 EEL =     5634.8111  RESTRAINT  =       43.1735
 EAMBER  =    -2632.6717

     ... RESTARTED DUE TO LINMIN FAILURE ...


   NSTEP       ENERGY          RMS            GMAX         NAME    NUMBER
    600      -2.5895E+03     1.0739E-03     1.0742E-02     CG       1582

 BOND    =       30.1653  ANGLE   =      207.3758  DIHED      =     1074.8179
 VDWAALS =     -795.6914  EEL     =    -7313.0445  EGB        =    -1804.7017
 1-4 VDW =      333.6123  1-4 EEL =     5634.8034  RESTRAINT  =       43.1640
 EAMBER  =    -2632.6628


   NSTEP       ENERGY          RMS            GMAX         NAME    NUMBER
    700      -2.5895E+03     5.8687E-04     9.3489E-03     CD        729

 BOND    =       30.1636  ANGLE   =      207.3724  DIHED      =     1074.8230
 VDWAALS =     -795.6943  EEL     =    -7313.0137  EGB        =    -1804.7212
 1-4 VDW =      333.6170  1-4 EEL =     5634.7918  RESTRAINT  =       43.1624
 EAMBER  =    -2632.6614


                    FINAL RESULTS



   NSTEP       ENERGY          RMS            GMAX         NAME    NUMBER
    766      -2.5895E+03     8.9512E-05     1.0095E-03     N        1378

 BOND    =       30.1648  ANGLE   =      207.3742  DIHED      =     1074.8260
 VDWAALS =     -795.6978  EEL     =    -7312.9990  EGB        =    -1804.7311
 1-4 VDW =      333.6142  1-4 EEL =     5634.7841  RESTRAINT  =       43.1655
 EAMBER  =    -2632.6646

--------------------------------------------------------------------------------
   5.  TIMINGS
--------------------------------------------------------------------------------

|                Calc gb radii             45.51 (20.43% of Gen B)
|                Calc gb diag              84.19 (37.79% of Gen B)
|                Calc gb off-diag          93.09 (41.78% of Gen B)
|             Gen Born time            222.79 (100.0% of Nonbo)
|          Nonbond force            222.79 (99.28% of Force)
|          Bond/Angle/Dihedral        1.60 ( 0.71% of Force)
|          Other                      0.01 ( 0.01% of Force)
|       Force time               224.41 (100.0% of Runmd)
|    Runmd Time               224.41 (99.71% of Total)
|    Other                      0.65 ( 0.29% of Total)
| Total time               225.06 (100.0% of ALL  )

| Number of list builds   :          0

| Highest rstack allocated:          0
| Highest istack allocated:          0
|           Job began  at 12:50:23.773  on 02/03/2016
|           Setup done at 12:50:23.825  on 02/03/2016
|           Run   done at 12:54:08.838  on 02/03/2016
|     wallclock() was called   13816 times
