
          -------------------------------------------------------
          Amber 14 SANDER                              2014
          -------------------------------------------------------

| Run on 02/03/2016 at 13:21:42

|   Executable path: sander
| Working directory: /lustre/cs1500/scratch/kmb413/RealDecoyDisc/DecoyDiscrimination/decoys.set2.init/1aaj/Rosetta_relaxed
|          Hostname: slepner15


File Assignments:
|  MDIN: /scratch/kmb413/RealDecoyDisc/DecoyDiscrimination/scripts/min/min.in  
| MDOUT: NoH_2_empty_tag_1_640_0001.out                                        
|INPCRD: NoH_2_empty_tag_1_640_0001.rst7                                       
|  PARM: NoH_2_empty_tag_1_640_0001.parm7                                      
|RESTRT: min_NoH_2_empty_tag_1_640_0001.rst7                                   
|  REFC: NoH_2_empty_tag_1_640_0001.rst7                                       
| MDVEL: mdvel                                                                 
| MDFRC: mdfrc                                                                 
|  MDEN: mden                                                                  
| MDCRD: mdcrd                                                                 
|MDINFO: mdinfo                                                                
|  MTMD: mtmd                                                                  
|INPDIP: inpdip                                                                
|RSTDIP: rstdip                                                                
|INPTRA: inptraj                                                               


 Here is the input file:

                                                                               
&cntrl                                                                         
    imin = 1, maxcyc=1000,                                                     
    ntx = 1,                                                                   
    ntwr = 100, ntpr = 100,                                                    
    cut = 999.0,                                                               
    ntb = 0, igb = 8,                                                          
    ntr = 1, restraint_wt = 10, restraintmask = "!@H=",                        
/                                                                              

--------------------------------------------------------------------------------
   1.  RESOURCE   USE: 
--------------------------------------------------------------------------------

| Flags:                                                                        
| New format PARM file being parsed.
| Version =    1.000 Date = 02/03/16 Time = 11:47:22
 NATOM  =    1590 NTYPES =      14 NBONH =     791 MBONA  =     820
 NTHETH =    1812 MTHETA =    1115 NPHIH =    3578 MPHIA  =    3525
 NHPARM =       0 NPARM  =       0 NNB   =    8805 NRES   =     104
 NBONA  =     820 NTHETA =    1115 NPHIA =    3525 NUMBND =      65
 NUMANG =     152 NPTRA  =     189 NATYP =      33 NPHB   =       0
 IFBOX  =       0 NMXRS  =      24 IFCAP =       0 NEXTRA =       0
 NCOPY  =       0

 Implicit solvent radii are ArgH and AspGluO modified Bondi2 radii (mbondi3)                                
 Replacing prmtop screening parameters with GBn2 (igb=8) values

|     Memory Use     Allocated
|     Real              145027
|     Hollerith           4876
|     Integer           109197
|     Max Pairs              1
|     nblistReal             0
|     nblist Int             0
|       Total             1578 kbytes

| Note: 1-4 EEL scale factors are being read from the topology file.

| Note: 1-4 VDW scale factors are being read from the topology file.
| Duplicated    0 dihedrals
| Duplicated    0 dihedrals

--------------------------------------------------------------------------------
   2.  CONTROL  DATA  FOR  THE  RUN
--------------------------------------------------------------------------------

default_name                                                                    

General flags:
     imin    =       1, nmropt  =       0

Nature and format of input:
     ntx     =       1, irest   =       0, ntrx    =       1

Nature and format of output:
     ntxo    =       1, ntpr    =     100, ntrx    =       1, ntwr    =     100
     iwrap   =       0, ntwx    =       0, ntwv    =       0, ntwe    =       0
     ioutfm  =       0, ntwprt  =       0, idecomp =       0, rbornstat=      0

Potential function:
     ntf     =       1, ntb     =       0, igb     =       8, nsnb    =      25
     ipol    =       0, gbsa    =       0, iesp    =       0
     dielc   =   1.00000, cut     = 999.00000, intdiel =   1.00000
     saltcon =   0.00000, offset  =   0.19514, surften =   0.00500
     rdt     =   0.00000, rgbmax  =  25.00000  extdiel =  78.50000
     alpb  =        0
     gbalphaH  =   0.78844, gbbetaH   =   0.79870,  gbgammaH  =    0.43733
     gbalphaC  =   0.73376, gbbetaC   =   0.50638,  gbgammaC  =    0.20584
     gbalphaN  =   0.50336, gbbetaN   =   0.31683,  gbgammaN  =    0.19292
     gbalphaOS =   0.86781, gbbetaOS  =   0.87664,  gbgammaOS =    0.38788
     gbalphaP  =   1.00000, gbbetaP   =   0.80000,  gbgammaP  =    4.85000
     gb_alpha_hnu  =   0.53705, gb_beta_hnu   =   0.36286,  gb_gamma_hnu  =    0.11670
     gb_alpha_cnu  =   0.33167, gb_beta_cnu   =   0.19684,  gb_gamma_cnu  =    0.09342
     gb_alpha_nnu  =   0.68631, gb_beta_nnu   =   0.46319,  gb_gamma_nnu  =    0.13872
     gb_alpha_onu  =   0.60634, gb_beta_onu   =   0.46301,  gb_gamma_onu  =    0.14226
     gb_alpha_pnu  =   0.41836, gb_beta_pnu   =   0.29005,  gb_gamma_pnu  =    0.10642

Frozen or restrained atoms:
     ibelly  =       0, ntr     =       1
     restraint_wt =  10.00000

Energy minimization:
     maxcyc  =    1000, ncyc    =      10, ntmin   =       1
     dx0     =   0.01000, drms    =   0.00010
|  INFO: Old style inpcrd file read


    LOADING THE CONSTRAINED ATOMS AS GROUPS


   5.  REFERENCE ATOM COORDINATES

  defa
     Mask !@H=; matches   799 atoms

--------------------------------------------------------------------------------
   3.  ATOMIC COORDINATES AND VELOCITIES
--------------------------------------------------------------------------------

default_name                                                                    
 begin time read from input coords =     0.000 ps

 Number of triangulated 3-point waters found:        0

--------------------------------------------------------------------------------
   4.  RESULTS
--------------------------------------------------------------------------------



   NSTEP       ENERGY          RMS            GMAX         NAME    NUMBER
      1      -2.1806E+03     9.2116E+00     6.5746E+01     OXT      1590

 BOND    =       71.5480  ANGLE   =      211.7579  DIHED      =     1079.4335
 VDWAALS =     -640.8581  EEL     =    -7231.1961  EGB        =    -1808.2777
 1-4 VDW =      444.1769  1-4 EEL =     5692.7911  RESTRAINT  =        0.0000


   NSTEP       ENERGY          RMS            GMAX         NAME    NUMBER
    100      -2.5624E+03     6.5074E-01     7.8457E+00     CD        437

 BOND    =       32.3221  ANGLE   =      212.6471  DIHED      =     1085.0404
 VDWAALS =     -795.2676  EEL     =    -7245.3881  EGB        =    -1832.0382
 1-4 VDW =      329.8691  1-4 EEL =     5604.4695  RESTRAINT  =       45.9066
 EAMBER  =    -2608.3456


   NSTEP       ENERGY          RMS            GMAX         NAME    NUMBER
    200      -2.5776E+03     1.6049E-01     2.5638E+00     HG         90

 BOND    =       31.4453  ANGLE   =      210.3108  DIHED      =     1080.3606
 VDWAALS =     -796.6193  EEL     =    -7259.9730  EGB        =    -1827.2021
 1-4 VDW =      331.6681  1-4 EEL =     5608.1940  RESTRAINT  =       44.2033
 EAMBER  =    -2621.8157


   NSTEP       ENERGY          RMS            GMAX         NAME    NUMBER
    300      -2.5797E+03     1.0687E-01     2.2017E+00     HG1       605

 BOND    =       31.2820  ANGLE   =      209.7789  DIHED      =     1080.0965
 VDWAALS =     -797.4086  EEL     =    -7260.2170  EGB        =    -1827.7840
 1-4 VDW =      332.4487  1-4 EEL =     5607.8951  RESTRAINT  =       44.1791
 EAMBER  =    -2623.9084


   NSTEP       ENERGY          RMS            GMAX         NAME    NUMBER
    400      -2.5846E+03     2.3975E-02     2.6568E-01     HG1       605

 BOND    =       31.1892  ANGLE   =      209.6210  DIHED      =     1079.2328
 VDWAALS =     -796.0839  EEL     =    -7265.5367  EGB        =    -1828.4772
 1-4 VDW =      332.8563  1-4 EEL =     5608.9897  RESTRAINT  =       43.6375
 EAMBER  =    -2628.2089


   NSTEP       ENERGY          RMS            GMAX         NAME    NUMBER
    500      -2.5847E+03     4.7768E-02     9.8166E-01     CG2       600

 BOND    =       31.2723  ANGLE   =      209.6991  DIHED      =     1079.3707
 VDWAALS =     -796.1508  EEL     =    -7266.8781  EGB        =    -1828.0145
 1-4 VDW =      332.7671  1-4 EEL =     5609.5195  RESTRAINT  =       43.7515
 EAMBER  =    -2628.4147


   NSTEP       ENERGY          RMS            GMAX         NAME    NUMBER
    600      -2.5852E+03     3.2748E-02     5.4695E-01     HG1        46

 BOND    =       31.2820  ANGLE   =      209.6767  DIHED      =     1078.3981
 VDWAALS =     -796.1353  EEL     =    -7268.8182  EGB        =    -1826.4454
 1-4 VDW =      332.7998  1-4 EEL =     5610.1846  RESTRAINT  =       43.8125
 EAMBER  =    -2629.0577


   NSTEP       ENERGY          RMS            GMAX         NAME    NUMBER
    700      -2.5854E+03     1.7456E-02     2.2598E-01     CE3       657

 BOND    =       31.2149  ANGLE   =      209.5198  DIHED      =     1077.9211
 VDWAALS =     -796.0817  EEL     =    -7269.0142  EGB        =    -1825.8014
 1-4 VDW =      332.9288  1-4 EEL =     5610.1942  RESTRAINT  =       43.7167
 EAMBER  =    -2629.1185


   NSTEP       ENERGY          RMS            GMAX         NAME    NUMBER
    800      -2.5854E+03     9.2237E-03     1.3000E-01     CD        437

 BOND    =       31.2119  ANGLE   =      209.4739  DIHED      =     1077.8193
 VDWAALS =     -796.0580  EEL     =    -7269.0993  EGB        =    -1825.5914
 1-4 VDW =      332.9529  1-4 EEL =     5610.1892  RESTRAINT  =       43.6860
 EAMBER  =    -2629.1015


   NSTEP       ENERGY          RMS            GMAX         NAME    NUMBER
    900      -2.5854E+03     1.4094E-03     1.9731E-02     CA         37

 BOND    =       31.2033  ANGLE   =      209.4702  DIHED      =     1077.8097
 VDWAALS =     -796.0809  EEL     =    -7269.0939  EGB        =    -1825.5537
 1-4 VDW =      332.9533  1-4 EEL =     5610.1831  RESTRAINT  =       43.6925
 EAMBER  =    -2629.1089


   NSTEP       ENERGY          RMS            GMAX         NAME    NUMBER
   1000      -2.5854E+03     1.3975E-04     2.8162E-03     HG1        46

 BOND    =       31.2028  ANGLE   =      209.4700  DIHED      =     1077.8088
 VDWAALS =     -796.0840  EEL     =    -7269.0936  EGB        =    -1825.5501
 1-4 VDW =      332.9537  1-4 EEL =     5610.1820  RESTRAINT  =       43.6939
 EAMBER  =    -2629.1104


  Maximum number of minimization cycles reached.


                    FINAL RESULTS



   NSTEP       ENERGY          RMS            GMAX         NAME    NUMBER
   1000      -2.5854E+03     1.3975E-04     2.8162E-03     HG1        46

 BOND    =       31.2028  ANGLE   =      209.4700  DIHED      =     1077.8088
 VDWAALS =     -796.0840  EEL     =    -7269.0936  EGB        =    -1825.5501
 1-4 VDW =      332.9537  1-4 EEL =     5610.1820  RESTRAINT  =       43.6939
 EAMBER  =    -2629.1104

--------------------------------------------------------------------------------
   5.  TIMINGS
--------------------------------------------------------------------------------

|                Calc gb radii             58.79 (20.21% of Gen B)
|                Calc gb diag             108.93 (37.44% of Gen B)
|                Calc gb off-diag         123.24 (42.36% of Gen B)
|             Gen Born time            290.97 (100.0% of Nonbo)
|          Nonbond force            290.97 (99.29% of Force)
|          Bond/Angle/Dihedral        2.06 ( 0.70% of Force)
|          Other                      0.02 ( 0.01% of Force)
|       Force time               293.05 (100.0% of Runmd)
|    Runmd Time               293.05 (99.71% of Total)
|    Other                      0.84 ( 0.28% of Total)
| Total time               293.88 (100.0% of ALL  )

| Number of list builds   :          0

| Highest rstack allocated:          0
| Highest istack allocated:          0
|           Job began  at 13:21:42.894  on 02/03/2016
|           Setup done at 13:21:42.945  on 02/03/2016
|           Run   done at 13:26:36.777  on 02/03/2016
|     wallclock() was called   18028 times
