
          -------------------------------------------------------
          Amber 14 SANDER                              2014
          -------------------------------------------------------

| Run on 02/03/2016 at 14:08:33

|   Executable path: sander
| Working directory: /lustre/cs1500/scratch/kmb413/RealDecoyDisc/DecoyDiscrimination/decoys.set2.init/1aaj/Rosetta_relaxed
|          Hostname: slepner15


File Assignments:
|  MDIN: /scratch/kmb413/RealDecoyDisc/DecoyDiscrimination/scripts/min/min.in  
| MDOUT: NoH_4_empty_tag_595_0001_0001.out                                     
|INPCRD: NoH_4_empty_tag_595_0001_0001.rst7                                    
|  PARM: NoH_4_empty_tag_595_0001_0001.parm7                                   
|RESTRT: min_NoH_4_empty_tag_595_0001_0001.rst7                                
|  REFC: NoH_4_empty_tag_595_0001_0001.rst7                                    
| MDVEL: mdvel                                                                 
| MDFRC: mdfrc                                                                 
|  MDEN: mden                                                                  
| MDCRD: mdcrd                                                                 
|MDINFO: mdinfo                                                                
|  MTMD: mtmd                                                                  
|INPDIP: inpdip                                                                
|RSTDIP: rstdip                                                                
|INPTRA: inptraj                                                               


 Here is the input file:

                                                                               
&cntrl                                                                         
    imin = 1, maxcyc=1000,                                                     
    ntx = 1,                                                                   
    ntwr = 100, ntpr = 100,                                                    
    cut = 999.0,                                                               
    ntb = 0, igb = 8,                                                          
    ntr = 1, restraint_wt = 10, restraintmask = "!@H=",                        
/                                                                              

--------------------------------------------------------------------------------
   1.  RESOURCE   USE: 
--------------------------------------------------------------------------------

| Flags:                                                                        
| New format PARM file being parsed.
| Version =    1.000 Date = 02/03/16 Time = 11:52:02
 NATOM  =    1590 NTYPES =      14 NBONH =     791 MBONA  =     820
 NTHETH =    1812 MTHETA =    1115 NPHIH =    3578 MPHIA  =    3525
 NHPARM =       0 NPARM  =       0 NNB   =    8805 NRES   =     104
 NBONA  =     820 NTHETA =    1115 NPHIA =    3525 NUMBND =      65
 NUMANG =     152 NPTRA  =     189 NATYP =      33 NPHB   =       0
 IFBOX  =       0 NMXRS  =      24 IFCAP =       0 NEXTRA =       0
 NCOPY  =       0

 Implicit solvent radii are ArgH and AspGluO modified Bondi2 radii (mbondi3)                                
 Replacing prmtop screening parameters with GBn2 (igb=8) values

|     Memory Use     Allocated
|     Real              145027
|     Hollerith           4876
|     Integer           109197
|     Max Pairs              1
|     nblistReal             0
|     nblist Int             0
|       Total             1578 kbytes

| Note: 1-4 EEL scale factors are being read from the topology file.

| Note: 1-4 VDW scale factors are being read from the topology file.
| Duplicated    0 dihedrals
| Duplicated    0 dihedrals

--------------------------------------------------------------------------------
   2.  CONTROL  DATA  FOR  THE  RUN
--------------------------------------------------------------------------------

default_name                                                                    

General flags:
     imin    =       1, nmropt  =       0

Nature and format of input:
     ntx     =       1, irest   =       0, ntrx    =       1

Nature and format of output:
     ntxo    =       1, ntpr    =     100, ntrx    =       1, ntwr    =     100
     iwrap   =       0, ntwx    =       0, ntwv    =       0, ntwe    =       0
     ioutfm  =       0, ntwprt  =       0, idecomp =       0, rbornstat=      0

Potential function:
     ntf     =       1, ntb     =       0, igb     =       8, nsnb    =      25
     ipol    =       0, gbsa    =       0, iesp    =       0
     dielc   =   1.00000, cut     = 999.00000, intdiel =   1.00000
     saltcon =   0.00000, offset  =   0.19514, surften =   0.00500
     rdt     =   0.00000, rgbmax  =  25.00000  extdiel =  78.50000
     alpb  =        0
     gbalphaH  =   0.78844, gbbetaH   =   0.79870,  gbgammaH  =    0.43733
     gbalphaC  =   0.73376, gbbetaC   =   0.50638,  gbgammaC  =    0.20584
     gbalphaN  =   0.50336, gbbetaN   =   0.31683,  gbgammaN  =    0.19292
     gbalphaOS =   0.86781, gbbetaOS  =   0.87664,  gbgammaOS =    0.38788
     gbalphaP  =   1.00000, gbbetaP   =   0.80000,  gbgammaP  =    4.85000
     gb_alpha_hnu  =   0.53705, gb_beta_hnu   =   0.36286,  gb_gamma_hnu  =    0.11670
     gb_alpha_cnu  =   0.33167, gb_beta_cnu   =   0.19684,  gb_gamma_cnu  =    0.09342
     gb_alpha_nnu  =   0.68631, gb_beta_nnu   =   0.46319,  gb_gamma_nnu  =    0.13872
     gb_alpha_onu  =   0.60634, gb_beta_onu   =   0.46301,  gb_gamma_onu  =    0.14226
     gb_alpha_pnu  =   0.41836, gb_beta_pnu   =   0.29005,  gb_gamma_pnu  =    0.10642

Frozen or restrained atoms:
     ibelly  =       0, ntr     =       1
     restraint_wt =  10.00000

Energy minimization:
     maxcyc  =    1000, ncyc    =      10, ntmin   =       1
     dx0     =   0.01000, drms    =   0.00010
|  INFO: Old style inpcrd file read


    LOADING THE CONSTRAINED ATOMS AS GROUPS


   5.  REFERENCE ATOM COORDINATES

  defa
     Mask !@H=; matches   799 atoms

--------------------------------------------------------------------------------
   3.  ATOMIC COORDINATES AND VELOCITIES
--------------------------------------------------------------------------------

default_name                                                                    
 begin time read from input coords =     0.000 ps

 Number of triangulated 3-point waters found:        0

--------------------------------------------------------------------------------
   4.  RESULTS
--------------------------------------------------------------------------------



   NSTEP       ENERGY          RMS            GMAX         NAME    NUMBER
      1      -2.1576E+03     9.3440E+00     7.8673E+01     OE1      1586

 BOND    =       71.4998  ANGLE   =      211.4842  DIHED      =     1092.2959
 VDWAALS =     -626.6903  EEL     =    -7059.4855  EGB        =    -2020.8247
 1-4 VDW =      438.8584  1-4 EEL =     5735.2780  RESTRAINT  =        0.0000


   NSTEP       ENERGY          RMS            GMAX         NAME    NUMBER
    100      -2.5495E+03     2.7038E-01     3.0916E+00     CG       1324

 BOND    =       31.2918  ANGLE   =      209.7671  DIHED      =     1091.8193
 VDWAALS =     -786.7513  EEL     =    -7087.0924  EGB        =    -2030.9439
 1-4 VDW =      329.4211  1-4 EEL =     5647.8046  RESTRAINT  =       45.1815
 EAMBER  =    -2594.6837


   NSTEP       ENERGY          RMS            GMAX         NAME    NUMBER
    200      -2.5539E+03     2.8109E-01     4.2601E+00     CG       1324

 BOND    =       31.5818  ANGLE   =      211.4920  DIHED      =     1092.7896
 VDWAALS =     -790.7380  EEL     =    -7091.3671  EGB        =    -2031.0180
 1-4 VDW =      328.3462  1-4 EEL =     5646.9920  RESTRAINT  =       47.9827
 EAMBER  =    -2601.9214


   NSTEP       ENERGY          RMS            GMAX         NAME    NUMBER
    300      -2.5593E+03     7.5278E-02     2.1391E+00     CG       1324

 BOND    =       31.1635  ANGLE   =      210.0555  DIHED      =     1090.8706
 VDWAALS =     -789.7184  EEL     =    -7096.8362  EGB        =    -2030.4403
 1-4 VDW =      329.8078  1-4 EEL =     5648.6153  RESTRAINT  =       47.1715
 EAMBER  =    -2606.4822


   NSTEP       ENERGY          RMS            GMAX         NAME    NUMBER
    400      -2.5594E+03     1.6069E-02     3.7386E-01     CD        193

 BOND    =       31.0530  ANGLE   =      209.8236  DIHED      =     1090.8579
 VDWAALS =     -789.7218  EEL     =    -7096.8192  EGB        =    -2030.6110
 1-4 VDW =      330.1138  1-4 EEL =     5648.8707  RESTRAINT  =       47.0387
 EAMBER  =    -2606.4330


   NSTEP       ENERGY          RMS            GMAX         NAME    NUMBER
    500      -2.5594E+03     3.9167E-03     6.1696E-02     N           1

 BOND    =       31.0306  ANGLE   =      209.7811  DIHED      =     1090.8815
 VDWAALS =     -789.7462  EEL     =    -7096.8440  EGB        =    -2030.6259
 1-4 VDW =      330.1860  1-4 EEL =     5648.9120  RESTRAINT  =       47.0248
 EAMBER  =    -2606.4250


   NSTEP       ENERGY          RMS            GMAX         NAME    NUMBER
    600      -2.5594E+03     1.1423E-03     1.1565E-02     CA       1204

 BOND    =       31.0252  ANGLE   =      209.7709  DIHED      =     1090.8845
 VDWAALS =     -789.7523  EEL     =    -7096.8595  EGB        =    -2030.6208
 1-4 VDW =      330.1954  1-4 EEL =     5648.9305  RESTRAINT  =       47.0253
 EAMBER  =    -2606.4263


   NSTEP       ENERGY          RMS            GMAX         NAME    NUMBER
    700      -2.5594E+03     2.4586E-04     2.4311E-03     N         594

 BOND    =       31.0233  ANGLE   =      209.7662  DIHED      =     1090.8862
 VDWAALS =     -789.7549  EEL     =    -7096.8689  EGB        =    -2030.6167
 1-4 VDW =      330.2023  1-4 EEL =     5648.9354  RESTRAINT  =       47.0260
 EAMBER  =    -2606.4271


   NSTEP       ENERGY          RMS            GMAX         NAME    NUMBER
    800      -2.5594E+03     3.5096E-04     3.4368E-03     CD2       835

 BOND    =       31.0239  ANGLE   =      209.7672  DIHED      =     1090.8864
 VDWAALS =     -789.7564  EEL     =    -7096.8707  EGB        =    -2030.6160
 1-4 VDW =      330.2012  1-4 EEL =     5648.9357  RESTRAINT  =       47.0276
 EAMBER  =    -2606.4288

     ... RESTARTED DUE TO LINMIN FAILURE ...


                    FINAL RESULTS



   NSTEP       ENERGY          RMS            GMAX         NAME    NUMBER
    838      -2.5594E+03     9.4859E-05     9.5582E-04     HD13      332

 BOND    =       31.0238  ANGLE   =      209.7669  DIHED      =     1090.8864
 VDWAALS =     -789.7564  EEL     =    -7096.8711  EGB        =    -2030.6159
 1-4 VDW =      330.2015  1-4 EEL =     5648.9361  RESTRAINT  =       47.0275
 EAMBER  =    -2606.4287

--------------------------------------------------------------------------------
   5.  TIMINGS
--------------------------------------------------------------------------------

|                Calc gb radii             48.51 (20.17% of Gen B)
|                Calc gb diag              89.81 (37.34% of Gen B)
|                Calc gb off-diag         102.20 (42.49% of Gen B)
|             Gen Born time            240.52 (100.0% of Nonbo)
|          Nonbond force            240.52 (99.28% of Force)
|          Bond/Angle/Dihedral        1.73 ( 0.71% of Force)
|          Other                      0.01 ( 0.01% of Force)
|       Force time               242.26 (100.0% of Runmd)
|    Runmd Time               242.26 (99.67% of Total)
|    Other                      0.81 ( 0.33% of Total)
| Total time               243.07 (100.0% of ALL  )

| Number of list builds   :          0

| Highest rstack allocated:          0
| Highest istack allocated:          0
|           Job began  at 14:08:33.206  on 02/03/2016
|           Setup done at 14:08:33.255  on 02/03/2016
|           Run   done at 14:12:36.279  on 02/03/2016
|     wallclock() was called   15112 times
