
          -------------------------------------------------------
          Amber 14 SANDER                              2014
          -------------------------------------------------------

| Run on 02/03/2016 at 14:26:01

|   Executable path: sander
| Working directory: /lustre/cs1500/scratch/kmb413/RealDecoyDisc/DecoyDiscrimination/decoys.set2.init/1aaj/Rosetta_relaxed
|          Hostname: slepner15


File Assignments:
|  MDIN: /scratch/kmb413/RealDecoyDisc/DecoyDiscrimination/scripts/min/min.in  
| MDOUT: NoH_2_empty_tag_1_690_0001.out                                        
|INPCRD: NoH_2_empty_tag_1_690_0001.rst7                                       
|  PARM: NoH_2_empty_tag_1_690_0001.parm7                                      
|RESTRT: min_NoH_2_empty_tag_1_690_0001.rst7                                   
|  REFC: NoH_2_empty_tag_1_690_0001.rst7                                       
| MDVEL: mdvel                                                                 
| MDFRC: mdfrc                                                                 
|  MDEN: mden                                                                  
| MDCRD: mdcrd                                                                 
|MDINFO: mdinfo                                                                
|  MTMD: mtmd                                                                  
|INPDIP: inpdip                                                                
|RSTDIP: rstdip                                                                
|INPTRA: inptraj                                                               


 Here is the input file:

                                                                               
&cntrl                                                                         
    imin = 1, maxcyc=1000,                                                     
    ntx = 1,                                                                   
    ntwr = 100, ntpr = 100,                                                    
    cut = 999.0,                                                               
    ntb = 0, igb = 8,                                                          
    ntr = 1, restraint_wt = 10, restraintmask = "!@H=",                        
/                                                                              

--------------------------------------------------------------------------------
   1.  RESOURCE   USE: 
--------------------------------------------------------------------------------

| Flags:                                                                        
| New format PARM file being parsed.
| Version =    1.000 Date = 02/03/16 Time = 11:47:28
 NATOM  =    1590 NTYPES =      14 NBONH =     791 MBONA  =     820
 NTHETH =    1812 MTHETA =    1115 NPHIH =    3578 MPHIA  =    3525
 NHPARM =       0 NPARM  =       0 NNB   =    8805 NRES   =     104
 NBONA  =     820 NTHETA =    1115 NPHIA =    3525 NUMBND =      65
 NUMANG =     152 NPTRA  =     189 NATYP =      33 NPHB   =       0
 IFBOX  =       0 NMXRS  =      24 IFCAP =       0 NEXTRA =       0
 NCOPY  =       0

 Implicit solvent radii are ArgH and AspGluO modified Bondi2 radii (mbondi3)                                
 Replacing prmtop screening parameters with GBn2 (igb=8) values

|     Memory Use     Allocated
|     Real              145027
|     Hollerith           4876
|     Integer           109197
|     Max Pairs              1
|     nblistReal             0
|     nblist Int             0
|       Total             1578 kbytes

| Note: 1-4 EEL scale factors are being read from the topology file.

| Note: 1-4 VDW scale factors are being read from the topology file.
| Duplicated    0 dihedrals
| Duplicated    0 dihedrals

--------------------------------------------------------------------------------
   2.  CONTROL  DATA  FOR  THE  RUN
--------------------------------------------------------------------------------

default_name                                                                    

General flags:
     imin    =       1, nmropt  =       0

Nature and format of input:
     ntx     =       1, irest   =       0, ntrx    =       1

Nature and format of output:
     ntxo    =       1, ntpr    =     100, ntrx    =       1, ntwr    =     100
     iwrap   =       0, ntwx    =       0, ntwv    =       0, ntwe    =       0
     ioutfm  =       0, ntwprt  =       0, idecomp =       0, rbornstat=      0

Potential function:
     ntf     =       1, ntb     =       0, igb     =       8, nsnb    =      25
     ipol    =       0, gbsa    =       0, iesp    =       0
     dielc   =   1.00000, cut     = 999.00000, intdiel =   1.00000
     saltcon =   0.00000, offset  =   0.19514, surften =   0.00500
     rdt     =   0.00000, rgbmax  =  25.00000  extdiel =  78.50000
     alpb  =        0
     gbalphaH  =   0.78844, gbbetaH   =   0.79870,  gbgammaH  =    0.43733
     gbalphaC  =   0.73376, gbbetaC   =   0.50638,  gbgammaC  =    0.20584
     gbalphaN  =   0.50336, gbbetaN   =   0.31683,  gbgammaN  =    0.19292
     gbalphaOS =   0.86781, gbbetaOS  =   0.87664,  gbgammaOS =    0.38788
     gbalphaP  =   1.00000, gbbetaP   =   0.80000,  gbgammaP  =    4.85000
     gb_alpha_hnu  =   0.53705, gb_beta_hnu   =   0.36286,  gb_gamma_hnu  =    0.11670
     gb_alpha_cnu  =   0.33167, gb_beta_cnu   =   0.19684,  gb_gamma_cnu  =    0.09342
     gb_alpha_nnu  =   0.68631, gb_beta_nnu   =   0.46319,  gb_gamma_nnu  =    0.13872
     gb_alpha_onu  =   0.60634, gb_beta_onu   =   0.46301,  gb_gamma_onu  =    0.14226
     gb_alpha_pnu  =   0.41836, gb_beta_pnu   =   0.29005,  gb_gamma_pnu  =    0.10642

Frozen or restrained atoms:
     ibelly  =       0, ntr     =       1
     restraint_wt =  10.00000

Energy minimization:
     maxcyc  =    1000, ncyc    =      10, ntmin   =       1
     dx0     =   0.01000, drms    =   0.00010
|  INFO: Old style inpcrd file read


    LOADING THE CONSTRAINED ATOMS AS GROUPS


   5.  REFERENCE ATOM COORDINATES

  defa
     Mask !@H=; matches   799 atoms

--------------------------------------------------------------------------------
   3.  ATOMIC COORDINATES AND VELOCITIES
--------------------------------------------------------------------------------

default_name                                                                    
 begin time read from input coords =     0.000 ps

 Number of triangulated 3-point waters found:        0

--------------------------------------------------------------------------------
   4.  RESULTS
--------------------------------------------------------------------------------



   NSTEP       ENERGY          RMS            GMAX         NAME    NUMBER
      1      -2.1612E+03     9.1068E+00     7.0134E+01     OXT      1590

 BOND    =       69.6923  ANGLE   =      211.1849  DIHED      =     1077.7136
 VDWAALS =     -630.6056  EEL     =    -7276.8297  EGB        =    -1785.9719
 1-4 VDW =      434.1081  1-4 EEL =     5739.5383  RESTRAINT  =        0.0000


   NSTEP       ENERGY          RMS            GMAX         NAME    NUMBER
    100      -2.5574E+03     3.4820E-01     3.9815E+00     HB       1383

 BOND    =       31.2327  ANGLE   =      206.2821  DIHED      =     1077.3406
 VDWAALS =     -779.2873  EEL     =    -7338.0513  EGB        =    -1796.8643
 1-4 VDW =      330.1215  1-4 EEL =     5666.9624  RESTRAINT  =       44.8922
 EAMBER  =    -2602.2637


   NSTEP       ENERGY          RMS            GMAX         NAME    NUMBER
    200      -2.5640E+03     1.0889E-01     1.1944E+00     H2          3

 BOND    =       31.2246  ANGLE   =      207.2015  DIHED      =     1075.9317
 VDWAALS =     -781.6829  EEL     =    -7343.9998  EGB        =    -1795.8730
 1-4 VDW =      329.7955  1-4 EEL =     5666.9263  RESTRAINT  =       46.4422
 EAMBER  =    -2610.4761


   NSTEP       ENERGY          RMS            GMAX         NAME    NUMBER
    300      -2.5695E+03     4.5973E-01     5.9038E+00     CG        799

 BOND    =       32.4567  ANGLE   =      209.7659  DIHED      =     1074.2669
 VDWAALS =     -782.9084  EEL     =    -7346.7339  EGB        =    -1798.2228
 1-4 VDW =      327.9356  1-4 EEL =     5665.5513  RESTRAINT  =       48.3500
 EAMBER  =    -2617.8887


   NSTEP       ENERGY          RMS            GMAX         NAME    NUMBER
    400      -2.5728E+03     1.3841E-02     2.4273E-01     CB        628

 BOND    =       31.1816  ANGLE   =      206.9949  DIHED      =     1073.1629
 VDWAALS =     -780.9642  EEL     =    -7347.9598  EGB        =    -1798.2688
 1-4 VDW =      330.2255  1-4 EEL =     5666.6406  RESTRAINT  =       46.1501
 EAMBER  =    -2618.9873


   NSTEP       ENERGY          RMS            GMAX         NAME    NUMBER
    500      -2.5728E+03     7.1011E-03     9.8670E-02     CA          5

 BOND    =       31.1730  ANGLE   =      206.9779  DIHED      =     1073.1736
 VDWAALS =     -780.9798  EEL     =    -7347.9780  EGB        =    -1798.3057
 1-4 VDW =      330.2660  1-4 EEL =     5666.6741  RESTRAINT  =       46.1550
 EAMBER  =    -2618.9989


   NSTEP       ENERGY          RMS            GMAX         NAME    NUMBER
    600      -2.5728E+03     1.9892E-03     4.1670E-02     CD2       659

 BOND    =       31.1665  ANGLE   =      206.9778  DIHED      =     1073.1719
 VDWAALS =     -780.9818  EEL     =    -7347.9790  EGB        =    -1798.3057
 1-4 VDW =      330.2769  1-4 EEL =     5666.6769  RESTRAINT  =       46.1518
 EAMBER  =    -2618.9965


   NSTEP       ENERGY          RMS            GMAX         NAME    NUMBER
    700      -2.5728E+03     1.6650E-03     1.9022E-02     CA          5

 BOND    =       31.1600  ANGLE   =      206.9659  DIHED      =     1073.1674
 VDWAALS =     -780.9813  EEL     =    -7347.9742  EGB        =    -1798.3005
 1-4 VDW =      330.2976  1-4 EEL =     5666.6793  RESTRAINT  =       46.1409
 EAMBER  =    -2618.9859


   NSTEP       ENERGY          RMS            GMAX         NAME    NUMBER
    800      -2.5728E+03     1.0055E-03     1.3252E-02     NE2      1417

 BOND    =       31.1656  ANGLE   =      206.9780  DIHED      =     1073.1678
 VDWAALS =     -780.9887  EEL     =    -7347.9898  EGB        =    -1798.3017
 1-4 VDW =      330.2830  1-4 EEL =     5666.6856  RESTRAINT  =       46.1551
 EAMBER  =    -2619.0002

     ... RESTARTED DUE TO LINMIN FAILURE ...


   NSTEP       ENERGY          RMS            GMAX         NAME    NUMBER
    900      -2.5728E+03     3.8327E-02     5.3472E-01     CD        729

 BOND    =       31.1616  ANGLE   =      206.9796  DIHED      =     1073.1678
 VDWAALS =     -780.9897  EEL     =    -7347.9872  EGB        =    -1798.3006
 1-4 VDW =      330.2870  1-4 EEL =     5666.6844  RESTRAINT  =       46.1532
 EAMBER  =    -2618.9971

     ... RESTARTED DUE TO LINMIN FAILURE ...


                    FINAL RESULTS



   NSTEP       ENERGY          RMS            GMAX         NAME    NUMBER
    988      -2.5728E+03     9.5317E-05     1.3318E-03     HD13      332

 BOND    =       31.1643  ANGLE   =      206.9771  DIHED      =     1073.1664
 VDWAALS =     -780.9887  EEL     =    -7347.9910  EGB        =    -1798.3002
 1-4 VDW =      330.2864  1-4 EEL =     5666.6865  RESTRAINT  =       46.1540
 EAMBER  =    -2618.9991

--------------------------------------------------------------------------------
   5.  TIMINGS
--------------------------------------------------------------------------------

|                Calc gb radii             58.13 (20.34% of Gen B)
|                Calc gb diag             107.66 (37.67% of Gen B)
|                Calc gb off-diag         120.02 (41.99% of Gen B)
|             Gen Born time            285.81 (100.0% of Nonbo)
|          Nonbond force            285.81 (99.29% of Force)
|          Bond/Angle/Dihedral        2.03 ( 0.71% of Force)
|          Other                      0.02 ( 0.01% of Force)
|       Force time               287.86 (100.0% of Runmd)
|    Runmd Time               287.86 (99.60% of Total)
|    Other                      1.14 ( 0.39% of Total)
| Total time               289.00 (100.0% of ALL  )

| Number of list builds   :          0

| Highest rstack allocated:          0
| Highest istack allocated:          0
|           Job began  at 14:26:01.909  on 02/03/2016
|           Setup done at 14:26:01.978  on 02/03/2016
|           Run   done at 14:30:50.913  on 02/03/2016
|     wallclock() was called   17812 times
