
          -------------------------------------------------------
          Amber 14 SANDER                              2014
          -------------------------------------------------------

| Run on 02/03/2016 at 14:16:37

|   Executable path: sander
| Working directory: /lustre/cs1500/scratch/kmb413/RealDecoyDisc/DecoyDiscrimination/decoys.set2.init/1aaj/Rosetta_relaxed
|          Hostname: slepner36


File Assignments:
|  MDIN: /scratch/kmb413/RealDecoyDisc/DecoyDiscrimination/scripts/min/min.in  
| MDOUT: NoH_4_empty_tag_1_64_0001.out                                         
|INPCRD: NoH_4_empty_tag_1_64_0001.rst7                                        
|  PARM: NoH_4_empty_tag_1_64_0001.parm7                                       
|RESTRT: min_NoH_4_empty_tag_1_64_0001.rst7                                    
|  REFC: NoH_4_empty_tag_1_64_0001.rst7                                        
| MDVEL: mdvel                                                                 
| MDFRC: mdfrc                                                                 
|  MDEN: mden                                                                  
| MDCRD: mdcrd                                                                 
|MDINFO: mdinfo                                                                
|  MTMD: mtmd                                                                  
|INPDIP: inpdip                                                                
|RSTDIP: rstdip                                                                
|INPTRA: inptraj                                                               


 Here is the input file:

                                                                               
&cntrl                                                                         
    imin = 1, maxcyc=1000,                                                     
    ntx = 1,                                                                   
    ntwr = 100, ntpr = 100,                                                    
    cut = 999.0,                                                               
    ntb = 0, igb = 8,                                                          
    ntr = 1, restraint_wt = 10, restraintmask = "!@H=",                        
/                                                                              

--------------------------------------------------------------------------------
   1.  RESOURCE   USE: 
--------------------------------------------------------------------------------

| Flags:                                                                        
| New format PARM file being parsed.
| Version =    1.000 Date = 02/03/16 Time = 11:51:20
 NATOM  =    1590 NTYPES =      14 NBONH =     791 MBONA  =     820
 NTHETH =    1812 MTHETA =    1115 NPHIH =    3578 MPHIA  =    3525
 NHPARM =       0 NPARM  =       0 NNB   =    8805 NRES   =     104
 NBONA  =     820 NTHETA =    1115 NPHIA =    3525 NUMBND =      65
 NUMANG =     152 NPTRA  =     189 NATYP =      33 NPHB   =       0
 IFBOX  =       0 NMXRS  =      24 IFCAP =       0 NEXTRA =       0
 NCOPY  =       0

 Implicit solvent radii are ArgH and AspGluO modified Bondi2 radii (mbondi3)                                
 Replacing prmtop screening parameters with GBn2 (igb=8) values

|     Memory Use     Allocated
|     Real              145027
|     Hollerith           4876
|     Integer           109197
|     Max Pairs              1
|     nblistReal             0
|     nblist Int             0
|       Total             1578 kbytes

| Note: 1-4 EEL scale factors are being read from the topology file.

| Note: 1-4 VDW scale factors are being read from the topology file.
| Duplicated    0 dihedrals
| Duplicated    0 dihedrals

--------------------------------------------------------------------------------
   2.  CONTROL  DATA  FOR  THE  RUN
--------------------------------------------------------------------------------

default_name                                                                    

General flags:
     imin    =       1, nmropt  =       0

Nature and format of input:
     ntx     =       1, irest   =       0, ntrx    =       1

Nature and format of output:
     ntxo    =       1, ntpr    =     100, ntrx    =       1, ntwr    =     100
     iwrap   =       0, ntwx    =       0, ntwv    =       0, ntwe    =       0
     ioutfm  =       0, ntwprt  =       0, idecomp =       0, rbornstat=      0

Potential function:
     ntf     =       1, ntb     =       0, igb     =       8, nsnb    =      25
     ipol    =       0, gbsa    =       0, iesp    =       0
     dielc   =   1.00000, cut     = 999.00000, intdiel =   1.00000
     saltcon =   0.00000, offset  =   0.19514, surften =   0.00500
     rdt     =   0.00000, rgbmax  =  25.00000  extdiel =  78.50000
     alpb  =        0
     gbalphaH  =   0.78844, gbbetaH   =   0.79870,  gbgammaH  =    0.43733
     gbalphaC  =   0.73376, gbbetaC   =   0.50638,  gbgammaC  =    0.20584
     gbalphaN  =   0.50336, gbbetaN   =   0.31683,  gbgammaN  =    0.19292
     gbalphaOS =   0.86781, gbbetaOS  =   0.87664,  gbgammaOS =    0.38788
     gbalphaP  =   1.00000, gbbetaP   =   0.80000,  gbgammaP  =    4.85000
     gb_alpha_hnu  =   0.53705, gb_beta_hnu   =   0.36286,  gb_gamma_hnu  =    0.11670
     gb_alpha_cnu  =   0.33167, gb_beta_cnu   =   0.19684,  gb_gamma_cnu  =    0.09342
     gb_alpha_nnu  =   0.68631, gb_beta_nnu   =   0.46319,  gb_gamma_nnu  =    0.13872
     gb_alpha_onu  =   0.60634, gb_beta_onu   =   0.46301,  gb_gamma_onu  =    0.14226
     gb_alpha_pnu  =   0.41836, gb_beta_pnu   =   0.29005,  gb_gamma_pnu  =    0.10642

Frozen or restrained atoms:
     ibelly  =       0, ntr     =       1
     restraint_wt =  10.00000

Energy minimization:
     maxcyc  =    1000, ncyc    =      10, ntmin   =       1
     dx0     =   0.01000, drms    =   0.00010
|  INFO: Old style inpcrd file read


    LOADING THE CONSTRAINED ATOMS AS GROUPS


   5.  REFERENCE ATOM COORDINATES

  defa
     Mask !@H=; matches   799 atoms

--------------------------------------------------------------------------------
   3.  ATOMIC COORDINATES AND VELOCITIES
--------------------------------------------------------------------------------

default_name                                                                    
 begin time read from input coords =     0.000 ps

 Number of triangulated 3-point waters found:        0

--------------------------------------------------------------------------------
   4.  RESULTS
--------------------------------------------------------------------------------



   NSTEP       ENERGY          RMS            GMAX         NAME    NUMBER
      1      -2.1904E+03     9.0849E+00     6.2980E+01     OE1       438

 BOND    =       69.7186  ANGLE   =      211.5369  DIHED      =     1071.5190
 VDWAALS =     -630.3461  EEL     =    -7528.6476  EGB        =    -1531.1131
 1-4 VDW =      448.1754  1-4 EEL =     5698.7203  RESTRAINT  =        0.0000


   NSTEP       ENERGY          RMS            GMAX         NAME    NUMBER
    100      -2.5617E+03     4.3674E-01     3.5995E+00     CE2       650

 BOND    =       31.3692  ANGLE   =      211.9658  DIHED      =     1078.7863
 VDWAALS =     -772.5745  EEL     =    -7544.4761  EGB        =    -1547.9649
 1-4 VDW =      331.8603  1-4 EEL =     5606.2650  RESTRAINT  =       43.0290
 EAMBER  =    -2604.7691


   NSTEP       ENERGY          RMS            GMAX         NAME    NUMBER
    200      -2.5768E+03     2.4667E-01     2.5437E+00     HB        629

 BOND    =       31.7387  ANGLE   =      213.4697  DIHED      =     1077.7255
 VDWAALS =     -773.1888  EEL     =    -7556.5357  EGB        =    -1550.4603
 1-4 VDW =      331.5060  1-4 EEL =     5604.9498  RESTRAINT  =       43.9753
 EAMBER  =    -2620.7953


   NSTEP       ENERGY          RMS            GMAX         NAME    NUMBER
    300      -2.5829E+03     4.2006E-01     8.7351E+00     OG1       604

 BOND    =       32.8138  ANGLE   =      215.8576  DIHED      =     1076.4464
 VDWAALS =     -773.6375  EEL     =    -7562.5350  EGB        =    -1550.3456
 1-4 VDW =      329.9893  1-4 EEL =     5602.8761  RESTRAINT  =       45.6206
 EAMBER  =    -2628.5349


   NSTEP       ENERGY          RMS            GMAX         NAME    NUMBER
    400      -2.5873E+03     9.7085E-02     2.4139E+00     CD        944

 BOND    =       31.0417  ANGLE   =      212.0617  DIHED      =     1074.0457
 VDWAALS =     -772.4856  EEL     =    -7570.0687  EGB        =    -1546.2197
 1-4 VDW =      333.1782  1-4 EEL =     5608.2406  RESTRAINT  =       42.8901
 EAMBER  =    -2630.2062


   NSTEP       ENERGY          RMS            GMAX         NAME    NUMBER
    500      -2.5873E+03     6.3729E-03     1.0868E-01     CD        437

 BOND    =       31.0174  ANGLE   =      211.9542  DIHED      =     1074.0667
 VDWAALS =     -772.4498  EEL     =    -7570.3133  EGB        =    -1546.1395
 1-4 VDW =      333.2422  1-4 EEL =     5608.4052  RESTRAINT  =       42.8699
 EAMBER  =    -2630.2169


   NSTEP       ENERGY          RMS            GMAX         NAME    NUMBER
    600      -2.5873E+03     1.8687E-03     2.4171E-02     CD        944

 BOND    =       31.0013  ANGLE   =      211.9389  DIHED      =     1074.0667
 VDWAALS =     -772.4514  EEL     =    -7570.3395  EGB        =    -1546.1261
 1-4 VDW =      333.2698  1-4 EEL =     5608.4335  RESTRAINT  =       42.8590
 EAMBER  =    -2630.2070


   NSTEP       ENERGY          RMS            GMAX         NAME    NUMBER
    700      -2.5873E+03     4.2998E-04     3.8505E-03     HE2      1002

 BOND    =       31.0014  ANGLE   =      211.9409  DIHED      =     1074.0682
 VDWAALS =     -772.4565  EEL     =    -7570.3378  EGB        =    -1546.1259
 1-4 VDW =      333.2685  1-4 EEL =     5608.4314  RESTRAINT  =       42.8617
 EAMBER  =    -2630.2098


   NSTEP       ENERGY          RMS            GMAX         NAME    NUMBER
    800      -2.5873E+03     3.2231E-04     7.7741E-03     CD        437

 BOND    =       31.0017  ANGLE   =      211.9412  DIHED      =     1074.0686
 VDWAALS =     -772.4579  EEL     =    -7570.3375  EGB        =    -1546.1259
 1-4 VDW =      333.2685  1-4 EEL =     5608.4307  RESTRAINT  =       42.8625
 EAMBER  =    -2630.2105


                    FINAL RESULTS



   NSTEP       ENERGY          RMS            GMAX         NAME    NUMBER
    872      -2.5873E+03     9.4391E-05     1.0756E-03     CB       1382

 BOND    =       31.0017  ANGLE   =      211.9414  DIHED      =     1074.0689
 VDWAALS =     -772.4586  EEL     =    -7570.3378  EGB        =    -1546.1258
 1-4 VDW =      333.2686  1-4 EEL =     5608.4307  RESTRAINT  =       42.8628
 EAMBER  =    -2630.2109

--------------------------------------------------------------------------------
   5.  TIMINGS
--------------------------------------------------------------------------------

|                Calc gb radii             51.93 (20.42% of Gen B)
|                Calc gb diag              96.09 (37.79% of Gen B)
|                Calc gb off-diag         106.27 (41.79% of Gen B)
|             Gen Born time            254.30 (100.0% of Nonbo)
|          Nonbond force            254.30 (99.29% of Force)
|          Bond/Angle/Dihedral        1.81 ( 0.71% of Force)
|          Other                      0.02 ( 0.01% of Force)
|       Force time               256.12 (100.0% of Runmd)
|    Runmd Time               256.12 (99.63% of Total)
|    Other                      0.94 ( 0.37% of Total)
| Total time               257.07 (100.0% of ALL  )

| Number of list builds   :          0

| Highest rstack allocated:          0
| Highest istack allocated:          0
|           Job began  at 14:16:37.365  on 02/03/2016
|           Setup done at 14:16:37.436  on 02/03/2016
|           Run   done at 14:20:54.435  on 02/03/2016
|     wallclock() was called   15724 times
