
          -------------------------------------------------------
          Amber 14 SANDER                              2014
          -------------------------------------------------------

| Run on 02/03/2016 at 13:37:35

|   Executable path: sander
| Working directory: /lustre/cs1500/scratch/kmb413/RealDecoyDisc/DecoyDiscrimination/decoys.set2.init/1aaj/Rosetta_relaxed
|          Hostname: slepner7


File Assignments:
|  MDIN: /scratch/kmb413/RealDecoyDisc/DecoyDiscrimination/scripts/min/min.in  
| MDOUT: NoH_5_empty_tag_133_0001_0001.out                                     
|INPCRD: NoH_5_empty_tag_133_0001_0001.rst7                                    
|  PARM: NoH_5_empty_tag_133_0001_0001.parm7                                   
|RESTRT: min_NoH_5_empty_tag_133_0001_0001.rst7                                
|  REFC: NoH_5_empty_tag_133_0001_0001.rst7                                    
| MDVEL: mdvel                                                                 
| MDFRC: mdfrc                                                                 
|  MDEN: mden                                                                  
| MDCRD: mdcrd                                                                 
|MDINFO: mdinfo                                                                
|  MTMD: mtmd                                                                  
|INPDIP: inpdip                                                                
|RSTDIP: rstdip                                                                
|INPTRA: inptraj                                                               


 Here is the input file:

                                                                               
&cntrl                                                                         
    imin = 1, maxcyc=1000,                                                     
    ntx = 1,                                                                   
    ntwr = 100, ntpr = 100,                                                    
    cut = 999.0,                                                               
    ntb = 0, igb = 8,                                                          
    ntr = 1, restraint_wt = 10, restraintmask = "!@H=",                        
/                                                                              

--------------------------------------------------------------------------------
   1.  RESOURCE   USE: 
--------------------------------------------------------------------------------

| Flags:                                                                        
| New format PARM file being parsed.
| Version =    1.000 Date = 02/03/16 Time = 11:52:43
 NATOM  =    1590 NTYPES =      14 NBONH =     791 MBONA  =     820
 NTHETH =    1812 MTHETA =    1115 NPHIH =    3578 MPHIA  =    3525
 NHPARM =       0 NPARM  =       0 NNB   =    8805 NRES   =     104
 NBONA  =     820 NTHETA =    1115 NPHIA =    3525 NUMBND =      65
 NUMANG =     152 NPTRA  =     189 NATYP =      33 NPHB   =       0
 IFBOX  =       0 NMXRS  =      24 IFCAP =       0 NEXTRA =       0
 NCOPY  =       0

 Implicit solvent radii are ArgH and AspGluO modified Bondi2 radii (mbondi3)                                
 Replacing prmtop screening parameters with GBn2 (igb=8) values

|     Memory Use     Allocated
|     Real              145027
|     Hollerith           4876
|     Integer           109197
|     Max Pairs              1
|     nblistReal             0
|     nblist Int             0
|       Total             1578 kbytes

| Note: 1-4 EEL scale factors are being read from the topology file.

| Note: 1-4 VDW scale factors are being read from the topology file.
| Duplicated    0 dihedrals
| Duplicated    0 dihedrals

--------------------------------------------------------------------------------
   2.  CONTROL  DATA  FOR  THE  RUN
--------------------------------------------------------------------------------

default_name                                                                    

General flags:
     imin    =       1, nmropt  =       0

Nature and format of input:
     ntx     =       1, irest   =       0, ntrx    =       1

Nature and format of output:
     ntxo    =       1, ntpr    =     100, ntrx    =       1, ntwr    =     100
     iwrap   =       0, ntwx    =       0, ntwv    =       0, ntwe    =       0
     ioutfm  =       0, ntwprt  =       0, idecomp =       0, rbornstat=      0

Potential function:
     ntf     =       1, ntb     =       0, igb     =       8, nsnb    =      25
     ipol    =       0, gbsa    =       0, iesp    =       0
     dielc   =   1.00000, cut     = 999.00000, intdiel =   1.00000
     saltcon =   0.00000, offset  =   0.19514, surften =   0.00500
     rdt     =   0.00000, rgbmax  =  25.00000  extdiel =  78.50000
     alpb  =        0
     gbalphaH  =   0.78844, gbbetaH   =   0.79870,  gbgammaH  =    0.43733
     gbalphaC  =   0.73376, gbbetaC   =   0.50638,  gbgammaC  =    0.20584
     gbalphaN  =   0.50336, gbbetaN   =   0.31683,  gbgammaN  =    0.19292
     gbalphaOS =   0.86781, gbbetaOS  =   0.87664,  gbgammaOS =    0.38788
     gbalphaP  =   1.00000, gbbetaP   =   0.80000,  gbgammaP  =    4.85000
     gb_alpha_hnu  =   0.53705, gb_beta_hnu   =   0.36286,  gb_gamma_hnu  =    0.11670
     gb_alpha_cnu  =   0.33167, gb_beta_cnu   =   0.19684,  gb_gamma_cnu  =    0.09342
     gb_alpha_nnu  =   0.68631, gb_beta_nnu   =   0.46319,  gb_gamma_nnu  =    0.13872
     gb_alpha_onu  =   0.60634, gb_beta_onu   =   0.46301,  gb_gamma_onu  =    0.14226
     gb_alpha_pnu  =   0.41836, gb_beta_pnu   =   0.29005,  gb_gamma_pnu  =    0.10642

Frozen or restrained atoms:
     ibelly  =       0, ntr     =       1
     restraint_wt =  10.00000

Energy minimization:
     maxcyc  =    1000, ncyc    =      10, ntmin   =       1
     dx0     =   0.01000, drms    =   0.00010
|  INFO: Old style inpcrd file read


    LOADING THE CONSTRAINED ATOMS AS GROUPS


   5.  REFERENCE ATOM COORDINATES

  defa
     Mask !@H=; matches   799 atoms

--------------------------------------------------------------------------------
   3.  ATOMIC COORDINATES AND VELOCITIES
--------------------------------------------------------------------------------

default_name                                                                    
 begin time read from input coords =     0.000 ps

 Number of triangulated 3-point waters found:        0

--------------------------------------------------------------------------------
   4.  RESULTS
--------------------------------------------------------------------------------



   NSTEP       ENERGY          RMS            GMAX         NAME    NUMBER
      1      -2.2173E+03     9.1130E+00     6.0200E+01     OE1       730

 BOND    =       69.1187  ANGLE   =      211.3870  DIHED      =     1065.8699
 VDWAALS =     -665.0599  EEL     =    -7457.6151  EGB        =    -1579.4125
 1-4 VDW =      444.4412  1-4 EEL =     5693.9247  RESTRAINT  =        0.0000


   NSTEP       ENERGY          RMS            GMAX         NAME    NUMBER
    100      -2.5872E+03     4.1649E-01     4.5198E+00     CG        311

 BOND    =       31.9435  ANGLE   =      210.7930  DIHED      =     1067.1260
 VDWAALS =     -810.0719  EEL     =    -7468.4791  EGB        =    -1604.5790
 1-4 VDW =      333.4091  1-4 EEL =     5609.6219  RESTRAINT  =       43.0636
 EAMBER  =    -2630.2364


   NSTEP       ENERGY          RMS            GMAX         NAME    NUMBER
    200      -2.6073E+03     2.9066E-01     4.3740E+00     HG1      1389

 BOND    =       32.3866  ANGLE   =      212.3225  DIHED      =     1066.1828
 VDWAALS =     -809.8779  EEL     =    -7482.8921  EGB        =    -1609.6590
 1-4 VDW =      332.8660  1-4 EEL =     5607.3876  RESTRAINT  =       43.9874
 EAMBER  =    -2651.2835


   NSTEP       ENERGY          RMS            GMAX         NAME    NUMBER
    300      -2.6146E+03     1.2010E-01     1.1268E+00     HG1      1389

 BOND    =       31.8246  ANGLE   =      210.2698  DIHED      =     1063.9496
 VDWAALS =     -810.9061  EEL     =    -7491.3006  EGB        =    -1605.3324
 1-4 VDW =      334.1825  1-4 EEL =     5610.1704  RESTRAINT  =       42.5848
 EAMBER  =    -2657.1422


   NSTEP       ENERGY          RMS            GMAX         NAME    NUMBER
    400      -2.6147E+03     9.2439E-03     1.1965E-01     HG1      1389

 BOND    =       31.7595  ANGLE   =      209.9816  DIHED      =     1063.9257
 VDWAALS =     -810.8450  EEL     =    -7491.4897  EGB        =    -1605.1800
 1-4 VDW =      334.4960  1-4 EEL =     5610.3830  RESTRAINT  =       42.2833
 EAMBER  =    -2656.9690


   NSTEP       ENERGY          RMS            GMAX         NAME    NUMBER
    500      -2.6147E+03     2.7769E-03     2.7923E-02     CB        612

 BOND    =       31.7405  ANGLE   =      209.9320  DIHED      =     1063.9366
 VDWAALS =     -810.8746  EEL     =    -7491.5075  EGB        =    -1605.1378
 1-4 VDW =      334.5566  1-4 EEL =     5610.4089  RESTRAINT  =       42.2543
 EAMBER  =    -2656.9452


   NSTEP       ENERGY          RMS            GMAX         NAME    NUMBER
    600      -2.6147E+03     2.9047E-04     3.4925E-03     CE       1001

 BOND    =       31.7313  ANGLE   =      209.9217  DIHED      =     1063.9377
 VDWAALS =     -810.8823  EEL     =    -7491.5141  EGB        =    -1605.1281
 1-4 VDW =      334.5741  1-4 EEL =     5610.4202  RESTRAINT  =       42.2475
 EAMBER  =    -2656.9394


   NSTEP       ENERGY          RMS            GMAX         NAME    NUMBER
    700      -2.6147E+03     2.3573E-04     2.0099E-03     HB       1383

 BOND    =       31.7312  ANGLE   =      209.9214  DIHED      =     1063.9375
 VDWAALS =     -810.8831  EEL     =    -7491.5150  EGB        =    -1605.1273
 1-4 VDW =      334.5748  1-4 EEL =     5610.4208  RESTRAINT  =       42.2478
 EAMBER  =    -2656.9397


                    FINAL RESULTS



   NSTEP       ENERGY          RMS            GMAX         NAME    NUMBER
    769      -2.6147E+03     9.4265E-05     1.3500E-03     CB        628

 BOND    =       31.7311  ANGLE   =      209.9217  DIHED      =     1063.9374
 VDWAALS =     -810.8843  EEL     =    -7491.5158  EGB        =    -1605.1270
 1-4 VDW =      334.5749  1-4 EEL =     5610.4216  RESTRAINT  =       42.2485
 EAMBER  =    -2656.9404

--------------------------------------------------------------------------------
   5.  TIMINGS
--------------------------------------------------------------------------------

|                Calc gb radii             45.83 (20.35% of Gen B)
|                Calc gb diag              85.34 (37.88% of Gen B)
|                Calc gb off-diag          94.09 (41.77% of Gen B)
|             Gen Born time            225.26 (100.0% of Nonbo)
|          Nonbond force            225.26 (99.30% of Force)
|          Bond/Angle/Dihedral        1.59 ( 0.70% of Force)
|          Other                      0.01 ( 0.01% of Force)
|       Force time               226.86 (100.0% of Runmd)
|    Runmd Time               226.86 (99.75% of Total)
|    Other                      0.57 ( 0.25% of Total)
| Total time               227.43 (100.0% of ALL  )

| Number of list builds   :          0

| Highest rstack allocated:          0
| Highest istack allocated:          0
|           Job began  at 13:37:35.559  on 02/03/2016
|           Setup done at 13:37:35.609  on 02/03/2016
|           Run   done at 13:41:22.989  on 02/03/2016
|     wallclock() was called   13870 times
