
          -------------------------------------------------------
          Amber 14 SANDER                              2014
          -------------------------------------------------------

| Run on 02/03/2016 at 14:37:12

|   Executable path: sander
| Working directory: /lustre/cs1500/scratch/kmb413/RealDecoyDisc/DecoyDiscrimination/decoys.set2.init/1aaj/Rosetta_relaxed
|          Hostname: slepner1


File Assignments:
|  MDIN: /scratch/kmb413/RealDecoyDisc/DecoyDiscrimination/scripts/min/min.in  
| MDOUT: NoH_5_empty_tag_960_0001_0001.out                                     
|INPCRD: NoH_5_empty_tag_960_0001_0001.rst7                                    
|  PARM: NoH_5_empty_tag_960_0001_0001.parm7                                   
|RESTRT: min_NoH_5_empty_tag_960_0001_0001.rst7                                
|  REFC: NoH_5_empty_tag_960_0001_0001.rst7                                    
| MDVEL: mdvel                                                                 
| MDFRC: mdfrc                                                                 
|  MDEN: mden                                                                  
| MDCRD: mdcrd                                                                 
|MDINFO: mdinfo                                                                
|  MTMD: mtmd                                                                  
|INPDIP: inpdip                                                                
|RSTDIP: rstdip                                                                
|INPTRA: inptraj                                                               


 Here is the input file:

                                                                               
&cntrl                                                                         
    imin = 1, maxcyc=1000,                                                     
    ntx = 1,                                                                   
    ntwr = 100, ntpr = 100,                                                    
    cut = 999.0,                                                               
    ntb = 0, igb = 8,                                                          
    ntr = 1, restraint_wt = 10, restraintmask = "!@H=",                        
/                                                                              

--------------------------------------------------------------------------------
   1.  RESOURCE   USE: 
--------------------------------------------------------------------------------

| Flags:                                                                        
| New format PARM file being parsed.
| Version =    1.000 Date = 02/03/16 Time = 11:54:13
 NATOM  =    1590 NTYPES =      14 NBONH =     791 MBONA  =     820
 NTHETH =    1812 MTHETA =    1115 NPHIH =    3578 MPHIA  =    3525
 NHPARM =       0 NPARM  =       0 NNB   =    8805 NRES   =     104
 NBONA  =     820 NTHETA =    1115 NPHIA =    3525 NUMBND =      65
 NUMANG =     152 NPTRA  =     189 NATYP =      33 NPHB   =       0
 IFBOX  =       0 NMXRS  =      24 IFCAP =       0 NEXTRA =       0
 NCOPY  =       0

 Implicit solvent radii are ArgH and AspGluO modified Bondi2 radii (mbondi3)                                
 Replacing prmtop screening parameters with GBn2 (igb=8) values

|     Memory Use     Allocated
|     Real              145027
|     Hollerith           4876
|     Integer           109197
|     Max Pairs              1
|     nblistReal             0
|     nblist Int             0
|       Total             1578 kbytes

| Note: 1-4 EEL scale factors are being read from the topology file.

| Note: 1-4 VDW scale factors are being read from the topology file.
| Duplicated    0 dihedrals
| Duplicated    0 dihedrals

--------------------------------------------------------------------------------
   2.  CONTROL  DATA  FOR  THE  RUN
--------------------------------------------------------------------------------

default_name                                                                    

General flags:
     imin    =       1, nmropt  =       0

Nature and format of input:
     ntx     =       1, irest   =       0, ntrx    =       1

Nature and format of output:
     ntxo    =       1, ntpr    =     100, ntrx    =       1, ntwr    =     100
     iwrap   =       0, ntwx    =       0, ntwv    =       0, ntwe    =       0
     ioutfm  =       0, ntwprt  =       0, idecomp =       0, rbornstat=      0

Potential function:
     ntf     =       1, ntb     =       0, igb     =       8, nsnb    =      25
     ipol    =       0, gbsa    =       0, iesp    =       0
     dielc   =   1.00000, cut     = 999.00000, intdiel =   1.00000
     saltcon =   0.00000, offset  =   0.19514, surften =   0.00500
     rdt     =   0.00000, rgbmax  =  25.00000  extdiel =  78.50000
     alpb  =        0
     gbalphaH  =   0.78844, gbbetaH   =   0.79870,  gbgammaH  =    0.43733
     gbalphaC  =   0.73376, gbbetaC   =   0.50638,  gbgammaC  =    0.20584
     gbalphaN  =   0.50336, gbbetaN   =   0.31683,  gbgammaN  =    0.19292
     gbalphaOS =   0.86781, gbbetaOS  =   0.87664,  gbgammaOS =    0.38788
     gbalphaP  =   1.00000, gbbetaP   =   0.80000,  gbgammaP  =    4.85000
     gb_alpha_hnu  =   0.53705, gb_beta_hnu   =   0.36286,  gb_gamma_hnu  =    0.11670
     gb_alpha_cnu  =   0.33167, gb_beta_cnu   =   0.19684,  gb_gamma_cnu  =    0.09342
     gb_alpha_nnu  =   0.68631, gb_beta_nnu   =   0.46319,  gb_gamma_nnu  =    0.13872
     gb_alpha_onu  =   0.60634, gb_beta_onu   =   0.46301,  gb_gamma_onu  =    0.14226
     gb_alpha_pnu  =   0.41836, gb_beta_pnu   =   0.29005,  gb_gamma_pnu  =    0.10642

Frozen or restrained atoms:
     ibelly  =       0, ntr     =       1
     restraint_wt =  10.00000

Energy minimization:
     maxcyc  =    1000, ncyc    =      10, ntmin   =       1
     dx0     =   0.01000, drms    =   0.00010
|  INFO: Old style inpcrd file read


    LOADING THE CONSTRAINED ATOMS AS GROUPS


   5.  REFERENCE ATOM COORDINATES

  defa
     Mask !@H=; matches   799 atoms

--------------------------------------------------------------------------------
   3.  ATOMIC COORDINATES AND VELOCITIES
--------------------------------------------------------------------------------

default_name                                                                    
 begin time read from input coords =     0.000 ps

 Number of triangulated 3-point waters found:        0

--------------------------------------------------------------------------------
   4.  RESULTS
--------------------------------------------------------------------------------



   NSTEP       ENERGY          RMS            GMAX         NAME    NUMBER
      1      -2.2203E+03     9.1361E+00     6.2618E+01     OE1      1120

 BOND    =       69.6662  ANGLE   =      210.6881  DIHED      =     1062.5115
 VDWAALS =     -665.1449  EEL     =    -7350.5589  EGB        =    -1666.7669
 1-4 VDW =      440.6597  1-4 EEL =     5678.6571  RESTRAINT  =        0.0000


   NSTEP       ENERGY          RMS            GMAX         NAME    NUMBER
    100      -2.5944E+03     5.2439E-01     7.5819E+00     CD        437

 BOND    =       31.4442  ANGLE   =      208.1612  DIHED      =     1060.7739
 VDWAALS =     -805.7122  EEL     =    -7378.4438  EGB        =    -1677.5328
 1-4 VDW =      330.1225  1-4 EEL =     5592.7526  RESTRAINT  =       44.0705
 EAMBER  =    -2638.4345


   NSTEP       ENERGY          RMS            GMAX         NAME    NUMBER
    200      -2.6042E+03     8.4236E-02     1.1528E+00     HG1      1389

 BOND    =       30.9224  ANGLE   =      207.2557  DIHED      =     1058.7383
 VDWAALS =     -807.1548  EEL     =    -7393.8526  EGB        =    -1671.8300
 1-4 VDW =      331.4890  1-4 EEL =     5596.0485  RESTRAINT  =       44.1625
 EAMBER  =    -2648.3836


   NSTEP       ENERGY          RMS            GMAX         NAME    NUMBER
    300      -2.6044E+03     2.6834E-02     2.7808E-01     CG       1582

 BOND    =       30.8687  ANGLE   =      206.9548  DIHED      =     1058.9721
 VDWAALS =     -807.7257  EEL     =    -7394.9138  EGB        =    -1671.2405
 1-4 VDW =      331.8489  1-4 EEL =     5596.4165  RESTRAINT  =       44.3732
 EAMBER  =    -2648.8189


   NSTEP       ENERGY          RMS            GMAX         NAME    NUMBER
    400      -2.6090E+03     2.4004E-01     4.6921E+00     HG1       605

 BOND    =       31.8492  ANGLE   =      209.2719  DIHED      =     1059.1896
 VDWAALS =     -808.0913  EEL     =    -7400.3554  EGB        =    -1671.5579
 1-4 VDW =      329.9878  1-4 EEL =     5594.5049  RESTRAINT  =       46.1901
 EAMBER  =    -2655.2012


   NSTEP       ENERGY          RMS            GMAX         NAME    NUMBER
    500      -2.6110E+03     1.3267E-02     1.9380E-01     HG1      1213

 BOND    =       30.9780  ANGLE   =      206.9453  DIHED      =     1058.5691
 VDWAALS =     -806.1406  EEL     =    -7402.0229  EGB        =    -1671.9903
 1-4 VDW =      332.0311  1-4 EEL =     5596.7428  RESTRAINT  =       43.8867
 EAMBER  =    -2654.8876


   NSTEP       ENERGY          RMS            GMAX         NAME    NUMBER
    600      -2.6110E+03     6.3209E-03     8.6683E-02     HG1      1213

 BOND    =       30.9579  ANGLE   =      206.9233  DIHED      =     1058.6376
 VDWAALS =     -806.1792  EEL     =    -7402.1392  EGB        =    -1672.0927
 1-4 VDW =      332.0828  1-4 EEL =     5596.9288  RESTRAINT  =       43.8604
 EAMBER  =    -2654.8808


   NSTEP       ENERGY          RMS            GMAX         NAME    NUMBER
    700      -2.6110E+03     1.6099E-02     3.1161E-01     CD        437

 BOND    =       30.9508  ANGLE   =      206.9324  DIHED      =     1058.6901
 VDWAALS =     -806.1968  EEL     =    -7402.2663  EGB        =    -1672.1652
 1-4 VDW =      332.1011  1-4 EEL =     5597.0669  RESTRAINT  =       43.8614
 EAMBER  =    -2654.8870


   NSTEP       ENERGY          RMS            GMAX         NAME    NUMBER
    800      -2.6110E+03     2.9002E-02     3.4521E-01     CG        589

 BOND    =       30.9739  ANGLE   =      206.9774  DIHED      =     1058.6967
 VDWAALS =     -806.2627  EEL     =    -7402.4992  EGB        =    -1672.1836
 1-4 VDW =      332.0324  1-4 EEL =     5597.2747  RESTRAINT  =       43.9540
 EAMBER  =    -2654.9904


   NSTEP       ENERGY          RMS            GMAX         NAME    NUMBER
    900      -2.6113E+03     1.2564E-01     3.1314E+00     HG1      1213

 BOND    =       31.0559  ANGLE   =      207.1137  DIHED      =     1057.8655
 VDWAALS =     -806.6003  EEL     =    -7403.2344  EGB        =    -1671.4225
 1-4 VDW =      331.8819  1-4 EEL =     5597.8141  RESTRAINT  =       44.2125
 EAMBER  =    -2655.5261


   NSTEP       ENERGY          RMS            GMAX         NAME    NUMBER
   1000      -2.6115E+03     3.2171E-02     7.9395E-01     CG        311

 BOND    =       30.9285  ANGLE   =      206.8743  DIHED      =     1057.4299
 VDWAALS =     -806.2883  EEL     =    -7403.7147  EGB        =    -1670.9345
 1-4 VDW =      332.1503  1-4 EEL =     5598.1215  RESTRAINT  =       43.9476
 EAMBER  =    -2655.4330


  Maximum number of minimization cycles reached.


                    FINAL RESULTS



   NSTEP       ENERGY          RMS            GMAX         NAME    NUMBER
   1000      -2.6115E+03     3.2171E-02     7.9395E-01     CG        311

 BOND    =       30.9285  ANGLE   =      206.8743  DIHED      =     1057.4299
 VDWAALS =     -806.2883  EEL     =    -7403.7147  EGB        =    -1670.9345
 1-4 VDW =      332.1503  1-4 EEL =     5598.1215  RESTRAINT  =       43.9476
 EAMBER  =    -2655.4330

--------------------------------------------------------------------------------
   5.  TIMINGS
--------------------------------------------------------------------------------

|                Calc gb radii             59.89 (20.32% of Gen B)
|                Calc gb diag             111.67 (37.88% of Gen B)
|                Calc gb off-diag         123.23 (41.80% of Gen B)
|             Gen Born time            294.78 (100.0% of Nonbo)
|          Nonbond force            294.78 (99.29% of Force)
|          Bond/Angle/Dihedral        2.09 ( 0.70% of Force)
|          Other                      0.02 ( 0.01% of Force)
|       Force time               296.89 (100.0% of Runmd)
|    Runmd Time               296.89 (99.75% of Total)
|    Other                      0.73 ( 0.25% of Total)
| Total time               297.62 (100.0% of ALL  )

| Number of list builds   :          0

| Highest rstack allocated:          0
| Highest istack allocated:          0
|           Job began  at 14:37:12.451  on 02/03/2016
|           Setup done at 14:37:12.544  on 02/03/2016
|           Run   done at 14:42:10.072  on 02/03/2016
|     wallclock() was called   18028 times
