
          -------------------------------------------------------
          Amber 14 SANDER                              2014
          -------------------------------------------------------

| Run on 02/03/2016 at 13:38:46

|   Executable path: sander
| Working directory: /lustre/cs1500/scratch/kmb413/RealDecoyDisc/DecoyDiscrimination/decoys.set2.init/1aaj/Rosetta_relaxed
|          Hostname: slepner15


File Assignments:
|  MDIN: /scratch/kmb413/RealDecoyDisc/DecoyDiscrimination/scripts/min/min.in  
| MDOUT: NoH_4_empty_tag_51_0001_0001.out                                      
|INPCRD: NoH_4_empty_tag_51_0001_0001.rst7                                     
|  PARM: NoH_4_empty_tag_51_0001_0001.parm7                                    
|RESTRT: min_NoH_4_empty_tag_51_0001_0001.rst7                                 
|  REFC: NoH_4_empty_tag_51_0001_0001.rst7                                     
| MDVEL: mdvel                                                                 
| MDFRC: mdfrc                                                                 
|  MDEN: mden                                                                  
| MDCRD: mdcrd                                                                 
|MDINFO: mdinfo                                                                
|  MTMD: mtmd                                                                  
|INPDIP: inpdip                                                                
|RSTDIP: rstdip                                                                
|INPTRA: inptraj                                                               


 Here is the input file:

                                                                               
&cntrl                                                                         
    imin = 1, maxcyc=1000,                                                     
    ntx = 1,                                                                   
    ntwr = 100, ntpr = 100,                                                    
    cut = 999.0,                                                               
    ntb = 0, igb = 8,                                                          
    ntr = 1, restraint_wt = 10, restraintmask = "!@H=",                        
/                                                                              

--------------------------------------------------------------------------------
   1.  RESOURCE   USE: 
--------------------------------------------------------------------------------

| Flags:                                                                        
| New format PARM file being parsed.
| Version =    1.000 Date = 02/03/16 Time = 11:51:59
 NATOM  =    1590 NTYPES =      14 NBONH =     791 MBONA  =     820
 NTHETH =    1812 MTHETA =    1115 NPHIH =    3578 MPHIA  =    3525
 NHPARM =       0 NPARM  =       0 NNB   =    8805 NRES   =     104
 NBONA  =     820 NTHETA =    1115 NPHIA =    3525 NUMBND =      65
 NUMANG =     152 NPTRA  =     189 NATYP =      33 NPHB   =       0
 IFBOX  =       0 NMXRS  =      24 IFCAP =       0 NEXTRA =       0
 NCOPY  =       0

 Implicit solvent radii are ArgH and AspGluO modified Bondi2 radii (mbondi3)                                
 Replacing prmtop screening parameters with GBn2 (igb=8) values

|     Memory Use     Allocated
|     Real              145027
|     Hollerith           4876
|     Integer           109197
|     Max Pairs              1
|     nblistReal             0
|     nblist Int             0
|       Total             1578 kbytes

| Note: 1-4 EEL scale factors are being read from the topology file.

| Note: 1-4 VDW scale factors are being read from the topology file.
| Duplicated    0 dihedrals
| Duplicated    0 dihedrals

--------------------------------------------------------------------------------
   2.  CONTROL  DATA  FOR  THE  RUN
--------------------------------------------------------------------------------

default_name                                                                    

General flags:
     imin    =       1, nmropt  =       0

Nature and format of input:
     ntx     =       1, irest   =       0, ntrx    =       1

Nature and format of output:
     ntxo    =       1, ntpr    =     100, ntrx    =       1, ntwr    =     100
     iwrap   =       0, ntwx    =       0, ntwv    =       0, ntwe    =       0
     ioutfm  =       0, ntwprt  =       0, idecomp =       0, rbornstat=      0

Potential function:
     ntf     =       1, ntb     =       0, igb     =       8, nsnb    =      25
     ipol    =       0, gbsa    =       0, iesp    =       0
     dielc   =   1.00000, cut     = 999.00000, intdiel =   1.00000
     saltcon =   0.00000, offset  =   0.19514, surften =   0.00500
     rdt     =   0.00000, rgbmax  =  25.00000  extdiel =  78.50000
     alpb  =        0
     gbalphaH  =   0.78844, gbbetaH   =   0.79870,  gbgammaH  =    0.43733
     gbalphaC  =   0.73376, gbbetaC   =   0.50638,  gbgammaC  =    0.20584
     gbalphaN  =   0.50336, gbbetaN   =   0.31683,  gbgammaN  =    0.19292
     gbalphaOS =   0.86781, gbbetaOS  =   0.87664,  gbgammaOS =    0.38788
     gbalphaP  =   1.00000, gbbetaP   =   0.80000,  gbgammaP  =    4.85000
     gb_alpha_hnu  =   0.53705, gb_beta_hnu   =   0.36286,  gb_gamma_hnu  =    0.11670
     gb_alpha_cnu  =   0.33167, gb_beta_cnu   =   0.19684,  gb_gamma_cnu  =    0.09342
     gb_alpha_nnu  =   0.68631, gb_beta_nnu   =   0.46319,  gb_gamma_nnu  =    0.13872
     gb_alpha_onu  =   0.60634, gb_beta_onu   =   0.46301,  gb_gamma_onu  =    0.14226
     gb_alpha_pnu  =   0.41836, gb_beta_pnu   =   0.29005,  gb_gamma_pnu  =    0.10642

Frozen or restrained atoms:
     ibelly  =       0, ntr     =       1
     restraint_wt =  10.00000

Energy minimization:
     maxcyc  =    1000, ncyc    =      10, ntmin   =       1
     dx0     =   0.01000, drms    =   0.00010
|  INFO: Old style inpcrd file read


    LOADING THE CONSTRAINED ATOMS AS GROUPS


   5.  REFERENCE ATOM COORDINATES

  defa
     Mask !@H=; matches   799 atoms

--------------------------------------------------------------------------------
   3.  ATOMIC COORDINATES AND VELOCITIES
--------------------------------------------------------------------------------

default_name                                                                    
 begin time read from input coords =     0.000 ps

 Number of triangulated 3-point waters found:        0

--------------------------------------------------------------------------------
   4.  RESULTS
--------------------------------------------------------------------------------



   NSTEP       ENERGY          RMS            GMAX         NAME    NUMBER
      1      -2.2400E+03     9.0818E+00     5.9654E+01     OE1      1261

 BOND    =       69.0031  ANGLE   =      210.8932  DIHED      =     1073.3740
 VDWAALS =     -674.5793  EEL     =    -7426.9035  EGB        =    -1617.5384
 1-4 VDW =      443.6123  1-4 EEL =     5682.1465  RESTRAINT  =        0.0000


   NSTEP       ENERGY          RMS            GMAX         NAME    NUMBER
    100      -2.6101E+03     4.0650E-01     3.4604E+00     HG1      1389

 BOND    =       31.3584  ANGLE   =      211.3096  DIHED      =     1072.7558
 VDWAALS =     -819.5453  EEL     =    -7448.3736  EGB        =    -1629.9770
 1-4 VDW =      330.9283  1-4 EEL =     5597.8994  RESTRAINT  =       43.5683
 EAMBER  =    -2653.6445


   NSTEP       ENERGY          RMS            GMAX         NAME    NUMBER
    200      -2.6296E+03     2.7721E-01     5.3338E+00     HG1       605

 BOND    =       31.9382  ANGLE   =      213.7312  DIHED      =     1070.3511
 VDWAALS =     -819.6061  EEL     =    -7466.2021  EGB        =    -1630.7933
 1-4 VDW =      329.2361  1-4 EEL =     5596.7208  RESTRAINT  =       45.0195
 EAMBER  =    -2674.6242


   NSTEP       ENERGY          RMS            GMAX         NAME    NUMBER
    300      -2.6324E+03     8.1761E-02     1.9099E+00     CD       1119

 BOND    =       31.1345  ANGLE   =      210.8538  DIHED      =     1068.5661
 VDWAALS =     -818.6478  EEL     =    -7467.7172  EGB        =    -1630.6546
 1-4 VDW =      331.9168  1-4 EEL =     5599.1165  RESTRAINT  =       42.9933
 EAMBER  =    -2675.4318


   NSTEP       ENERGY          RMS            GMAX         NAME    NUMBER
    400      -2.6325E+03     1.1843E-02     1.3318E-01     OG       1179

 BOND    =       31.0875  ANGLE   =      210.7380  DIHED      =     1068.4000
 VDWAALS =     -818.7603  EEL     =    -7467.1312  EGB        =    -1630.9089
 1-4 VDW =      332.0794  1-4 EEL =     5599.1102  RESTRAINT  =       42.8999
 EAMBER  =    -2675.3853


   NSTEP       ENERGY          RMS            GMAX         NAME    NUMBER
    500      -2.6325E+03     3.5832E-03     4.1983E-02     C          23

 BOND    =       31.0723  ANGLE   =      210.7013  DIHED      =     1068.3567
 VDWAALS =     -818.7796  EEL     =    -7466.9697  EGB        =    -1630.9847
 1-4 VDW =      332.1175  1-4 EEL =     5599.1182  RESTRAINT  =       42.8790
 EAMBER  =    -2675.3679


   NSTEP       ENERGY          RMS            GMAX         NAME    NUMBER
    600      -2.6325E+03     9.0573E-04     1.2297E-02     CB       1382

 BOND    =       31.0646  ANGLE   =      210.6824  DIHED      =     1068.3508
 VDWAALS =     -818.7726  EEL     =    -7466.9458  EGB        =    -1630.9913
 1-4 VDW =      332.1377  1-4 EEL =     5599.1189  RESTRAINT  =       42.8662
 EAMBER  =    -2675.3554


   NSTEP       ENERGY          RMS            GMAX         NAME    NUMBER
    700      -2.6325E+03     6.9384E-04     6.4858E-03     C          47

 BOND    =       31.0643  ANGLE   =      210.6822  DIHED      =     1068.3486
 VDWAALS =     -818.7751  EEL     =    -7466.9426  EGB        =    -1630.9932
 1-4 VDW =      332.1396  1-4 EEL =     5599.1199  RESTRAINT  =       42.8670
 EAMBER  =    -2675.3563


                    FINAL RESULTS



   NSTEP       ENERGY          RMS            GMAX         NAME    NUMBER
    795      -2.6325E+03     9.8250E-05     1.6188E-03     HD13      332

 BOND    =       31.0630  ANGLE   =      210.6799  DIHED      =     1068.3483
 VDWAALS =     -818.7749  EEL     =    -7466.9395  EGB        =    -1630.9939
 1-4 VDW =      332.1424  1-4 EEL =     5599.1197  RESTRAINT  =       42.8656
 EAMBER  =    -2675.3549

--------------------------------------------------------------------------------
   5.  TIMINGS
--------------------------------------------------------------------------------

|                Calc gb radii             47.40 (20.46% of Gen B)
|                Calc gb diag              88.19 (38.07% of Gen B)
|                Calc gb off-diag          96.06 (41.47% of Gen B)
|             Gen Born time            231.64 (100.0% of Nonbo)
|          Nonbond force            231.64 (99.29% of Force)
|          Bond/Angle/Dihedral        1.65 ( 0.71% of Force)
|          Other                      0.01 ( 0.01% of Force)
|       Force time               233.30 (100.0% of Runmd)
|    Runmd Time               233.30 (99.77% of Total)
|    Other                      0.54 ( 0.23% of Total)
| Total time               233.85 (100.0% of ALL  )

| Number of list builds   :          0

| Highest rstack allocated:          0
| Highest istack allocated:          0
|           Job began  at 13:38:46.606  on 02/03/2016
|           Setup done at 13:38:46.657  on 02/03/2016
|           Run   done at 13:42:40.453  on 02/03/2016
|     wallclock() was called   14338 times
