
          -------------------------------------------------------
          Amber 14 SANDER                              2014
          -------------------------------------------------------

| Run on 02/03/2016 at 13:18:03

|   Executable path: sander
| Working directory: /lustre/cs1500/scratch/kmb413/RealDecoyDisc/DecoyDiscrimination/decoys.set2.init/1aaj/Rosetta_relaxed
|          Hostname: slepner13


File Assignments:
|  MDIN: /scratch/kmb413/RealDecoyDisc/DecoyDiscrimination/scripts/min/min.in  
| MDOUT: NoH_1_empty_tag_75_0001_0001.out                                      
|INPCRD: NoH_1_empty_tag_75_0001_0001.rst7                                     
|  PARM: NoH_1_empty_tag_75_0001_0001.parm7                                    
|RESTRT: min_NoH_1_empty_tag_75_0001_0001.rst7                                 
|  REFC: NoH_1_empty_tag_75_0001_0001.rst7                                     
| MDVEL: mdvel                                                                 
| MDFRC: mdfrc                                                                 
|  MDEN: mden                                                                  
| MDCRD: mdcrd                                                                 
|MDINFO: mdinfo                                                                
|  MTMD: mtmd                                                                  
|INPDIP: inpdip                                                                
|RSTDIP: rstdip                                                                
|INPTRA: inptraj                                                               


 Here is the input file:

                                                                               
&cntrl                                                                         
    imin = 1, maxcyc=1000,                                                     
    ntx = 1,                                                                   
    ntwr = 100, ntpr = 100,                                                    
    cut = 999.0,                                                               
    ntb = 0, igb = 8,                                                          
    ntr = 1, restraint_wt = 10, restraintmask = "!@H=",                        
/                                                                              

--------------------------------------------------------------------------------
   1.  RESOURCE   USE: 
--------------------------------------------------------------------------------

| Flags:                                                                        
| New format PARM file being parsed.
| Version =    1.000 Date = 02/03/16 Time = 11:46:09
 NATOM  =    1590 NTYPES =      14 NBONH =     791 MBONA  =     820
 NTHETH =    1812 MTHETA =    1115 NPHIH =    3578 MPHIA  =    3525
 NHPARM =       0 NPARM  =       0 NNB   =    8805 NRES   =     104
 NBONA  =     820 NTHETA =    1115 NPHIA =    3525 NUMBND =      65
 NUMANG =     152 NPTRA  =     189 NATYP =      33 NPHB   =       0
 IFBOX  =       0 NMXRS  =      24 IFCAP =       0 NEXTRA =       0
 NCOPY  =       0

 Implicit solvent radii are ArgH and AspGluO modified Bondi2 radii (mbondi3)                                
 Replacing prmtop screening parameters with GBn2 (igb=8) values

|     Memory Use     Allocated
|     Real              145027
|     Hollerith           4876
|     Integer           109197
|     Max Pairs              1
|     nblistReal             0
|     nblist Int             0
|       Total             1578 kbytes

| Note: 1-4 EEL scale factors are being read from the topology file.

| Note: 1-4 VDW scale factors are being read from the topology file.
| Duplicated    0 dihedrals
| Duplicated    0 dihedrals

--------------------------------------------------------------------------------
   2.  CONTROL  DATA  FOR  THE  RUN
--------------------------------------------------------------------------------

default_name                                                                    

General flags:
     imin    =       1, nmropt  =       0

Nature and format of input:
     ntx     =       1, irest   =       0, ntrx    =       1

Nature and format of output:
     ntxo    =       1, ntpr    =     100, ntrx    =       1, ntwr    =     100
     iwrap   =       0, ntwx    =       0, ntwv    =       0, ntwe    =       0
     ioutfm  =       0, ntwprt  =       0, idecomp =       0, rbornstat=      0

Potential function:
     ntf     =       1, ntb     =       0, igb     =       8, nsnb    =      25
     ipol    =       0, gbsa    =       0, iesp    =       0
     dielc   =   1.00000, cut     = 999.00000, intdiel =   1.00000
     saltcon =   0.00000, offset  =   0.19514, surften =   0.00500
     rdt     =   0.00000, rgbmax  =  25.00000  extdiel =  78.50000
     alpb  =        0
     gbalphaH  =   0.78844, gbbetaH   =   0.79870,  gbgammaH  =    0.43733
     gbalphaC  =   0.73376, gbbetaC   =   0.50638,  gbgammaC  =    0.20584
     gbalphaN  =   0.50336, gbbetaN   =   0.31683,  gbgammaN  =    0.19292
     gbalphaOS =   0.86781, gbbetaOS  =   0.87664,  gbgammaOS =    0.38788
     gbalphaP  =   1.00000, gbbetaP   =   0.80000,  gbgammaP  =    4.85000
     gb_alpha_hnu  =   0.53705, gb_beta_hnu   =   0.36286,  gb_gamma_hnu  =    0.11670
     gb_alpha_cnu  =   0.33167, gb_beta_cnu   =   0.19684,  gb_gamma_cnu  =    0.09342
     gb_alpha_nnu  =   0.68631, gb_beta_nnu   =   0.46319,  gb_gamma_nnu  =    0.13872
     gb_alpha_onu  =   0.60634, gb_beta_onu   =   0.46301,  gb_gamma_onu  =    0.14226
     gb_alpha_pnu  =   0.41836, gb_beta_pnu   =   0.29005,  gb_gamma_pnu  =    0.10642

Frozen or restrained atoms:
     ibelly  =       0, ntr     =       1
     restraint_wt =  10.00000

Energy minimization:
     maxcyc  =    1000, ncyc    =      10, ntmin   =       1
     dx0     =   0.01000, drms    =   0.00010
|  INFO: Old style inpcrd file read


    LOADING THE CONSTRAINED ATOMS AS GROUPS


   5.  REFERENCE ATOM COORDINATES

  defa
     Mask !@H=; matches   799 atoms

--------------------------------------------------------------------------------
   3.  ATOMIC COORDINATES AND VELOCITIES
--------------------------------------------------------------------------------

default_name                                                                    
 begin time read from input coords =     0.000 ps

 Number of triangulated 3-point waters found:        0

--------------------------------------------------------------------------------
   4.  RESULTS
--------------------------------------------------------------------------------



   NSTEP       ENERGY          RMS            GMAX         NAME    NUMBER
      1      -2.1876E+03     9.1339E+00     6.7041E+01     OXT      1590

 BOND    =       70.5540  ANGLE   =      211.4513  DIHED      =     1073.5208
 VDWAALS =     -647.4243  EEL     =    -7338.1697  EGB        =    -1721.7420
 1-4 VDW =      440.9541  1-4 EEL =     5723.2372  RESTRAINT  =        0.0000


   NSTEP       ENERGY          RMS            GMAX         NAME    NUMBER
    100      -2.5828E+03     3.9467E-01     4.7022E+00     HG         90

 BOND    =       32.1922  ANGLE   =      208.0791  DIHED      =     1075.1775
 VDWAALS =     -790.1012  EEL     =    -7397.2995  EGB        =    -1728.1205
 1-4 VDW =      330.5736  1-4 EEL =     5642.6515  RESTRAINT  =       44.0942
 EAMBER  =    -2626.8473


   NSTEP       ENERGY          RMS            GMAX         NAME    NUMBER
    200      -2.6000E+03     1.4063E-01     1.8428E+00     CD       1585

 BOND    =       31.7716  ANGLE   =      207.4891  DIHED      =     1071.0523
 VDWAALS =     -789.2820  EEL     =    -7419.0039  EGB        =    -1720.4378
 1-4 VDW =      331.0422  1-4 EEL =     5643.3584  RESTRAINT  =       44.0506
 EAMBER  =    -2644.0101


   NSTEP       ENERGY          RMS            GMAX         NAME    NUMBER
    300      -2.6005E+03     1.5351E-02     2.2424E-01     HB2      1177

 BOND    =       31.5563  ANGLE   =      207.3554  DIHED      =     1070.6736
 VDWAALS =     -789.5852  EEL     =    -7420.1152  EGB        =    -1720.1524
 1-4 VDW =      331.4606  1-4 EEL =     5644.1275  RESTRAINT  =       44.1933
 EAMBER  =    -2644.6794


   NSTEP       ENERGY          RMS            GMAX         NAME    NUMBER
    400      -2.6005E+03     9.4086E-03     2.5208E-01     CD       1585

 BOND    =       31.5318  ANGLE   =      207.3070  DIHED      =     1070.6759
 VDWAALS =     -789.6569  EEL     =    -7420.2495  EGB        =    -1720.1054
 1-4 VDW =      331.5468  1-4 EEL =     5644.2059  RESTRAINT  =       44.2418
 EAMBER  =    -2644.7443


   NSTEP       ENERGY          RMS            GMAX         NAME    NUMBER
    500      -2.6005E+03     4.1439E-03     6.7694E-02     CD       1585

 BOND    =       31.5227  ANGLE   =      207.2920  DIHED      =     1070.6762
 VDWAALS =     -789.6544  EEL     =    -7420.2963  EGB        =    -1720.0943
 1-4 VDW =      331.5748  1-4 EEL =     5644.2241  RESTRAINT  =       44.2494
 EAMBER  =    -2644.7553


   NSTEP       ENERGY          RMS            GMAX         NAME    NUMBER
    600      -2.6005E+03     1.0163E-03     9.5299E-03     CG         72

 BOND    =       31.5220  ANGLE   =      207.2902  DIHED      =     1070.6761
 VDWAALS =     -789.6582  EEL     =    -7420.3283  EGB        =    -1720.0853
 1-4 VDW =      331.5804  1-4 EEL =     5644.2357  RESTRAINT  =       44.2605
 EAMBER  =    -2644.7673


   NSTEP       ENERGY          RMS            GMAX         NAME    NUMBER
    700      -2.6005E+03     3.9269E-04     5.4079E-03     OG       1179

 BOND    =       31.5220  ANGLE   =      207.2893  DIHED      =     1070.6758
 VDWAALS =     -789.6615  EEL     =    -7420.3318  EGB        =    -1720.0835
 1-4 VDW =      331.5820  1-4 EEL =     5644.2387  RESTRAINT  =       44.2620
 EAMBER  =    -2644.7689


   NSTEP       ENERGY          RMS            GMAX         NAME    NUMBER
    800      -2.6005E+03     2.9893E-04     7.8505E-03     CD       1585

 BOND    =       31.5219  ANGLE   =      207.2896  DIHED      =     1070.6757
 VDWAALS =     -789.6625  EEL     =    -7420.3327  EGB        =    -1720.0832
 1-4 VDW =      331.5821  1-4 EEL =     5644.2394  RESTRAINT  =       44.2627
 EAMBER  =    -2644.7697


                    FINAL RESULTS



   NSTEP       ENERGY          RMS            GMAX         NAME    NUMBER
    893      -2.6005E+03     9.8416E-05     1.2330E-03     HD13      332

 BOND    =       31.5220  ANGLE   =      207.2901  DIHED      =     1070.6756
 VDWAALS =     -789.6635  EEL     =    -7420.3339  EGB        =    -1720.0830
 1-4 VDW =      331.5822  1-4 EEL =     5644.2400  RESTRAINT  =       44.2636
 EAMBER  =    -2644.7706

--------------------------------------------------------------------------------
   5.  TIMINGS
--------------------------------------------------------------------------------

|                Calc gb radii             52.42 (20.35% of Gen B)
|                Calc gb diag              96.92 (37.63% of Gen B)
|                Calc gb off-diag         108.23 (42.02% of Gen B)
|             Gen Born time            257.58 (100.0% of Nonbo)
|          Nonbond force            257.58 (99.28% of Force)
|          Bond/Angle/Dihedral        1.85 ( 0.71% of Force)
|          Other                      0.01 ( 0.01% of Force)
|       Force time               259.44 (100.0% of Runmd)
|    Runmd Time               259.44 (99.67% of Total)
|    Other                      0.85 ( 0.33% of Total)
| Total time               260.29 (100.0% of ALL  )

| Number of list builds   :          0

| Highest rstack allocated:          0
| Highest istack allocated:          0
|           Job began  at 13:18:03.565  on 02/03/2016
|           Setup done at 13:18:03.642  on 02/03/2016
|           Run   done at 13:22:23.854  on 02/03/2016
|     wallclock() was called   16102 times
