
          -------------------------------------------------------
          Amber 14 SANDER                              2014
          -------------------------------------------------------

| Run on 02/03/2016 at 14:07:25

|   Executable path: sander
| Working directory: /lustre/cs1500/scratch/kmb413/RealDecoyDisc/DecoyDiscrimination/decoys.set2.init/1aaj/Rosetta_relaxed
|          Hostname: slepner15


File Assignments:
|  MDIN: /scratch/kmb413/RealDecoyDisc/DecoyDiscrimination/scripts/min/min.in  
| MDOUT: NoH_3_empty_tag_1_765_0001.out                                        
|INPCRD: NoH_3_empty_tag_1_765_0001.rst7                                       
|  PARM: NoH_3_empty_tag_1_765_0001.parm7                                      
|RESTRT: min_NoH_3_empty_tag_1_765_0001.rst7                                   
|  REFC: NoH_3_empty_tag_1_765_0001.rst7                                       
| MDVEL: mdvel                                                                 
| MDFRC: mdfrc                                                                 
|  MDEN: mden                                                                  
| MDCRD: mdcrd                                                                 
|MDINFO: mdinfo                                                                
|  MTMD: mtmd                                                                  
|INPDIP: inpdip                                                                
|RSTDIP: rstdip                                                                
|INPTRA: inptraj                                                               


 Here is the input file:

                                                                               
&cntrl                                                                         
    imin = 1, maxcyc=1000,                                                     
    ntx = 1,                                                                   
    ntwr = 100, ntpr = 100,                                                    
    cut = 999.0,                                                               
    ntb = 0, igb = 8,                                                          
    ntr = 1, restraint_wt = 10, restraintmask = "!@H=",                        
/                                                                              

--------------------------------------------------------------------------------
   1.  RESOURCE   USE: 
--------------------------------------------------------------------------------

| Flags:                                                                        
| New format PARM file being parsed.
| Version =    1.000 Date = 02/03/16 Time = 11:49:38
 NATOM  =    1590 NTYPES =      14 NBONH =     791 MBONA  =     820
 NTHETH =    1812 MTHETA =    1115 NPHIH =    3578 MPHIA  =    3525
 NHPARM =       0 NPARM  =       0 NNB   =    8805 NRES   =     104
 NBONA  =     820 NTHETA =    1115 NPHIA =    3525 NUMBND =      65
 NUMANG =     152 NPTRA  =     189 NATYP =      33 NPHB   =       0
 IFBOX  =       0 NMXRS  =      24 IFCAP =       0 NEXTRA =       0
 NCOPY  =       0

 Implicit solvent radii are ArgH and AspGluO modified Bondi2 radii (mbondi3)                                
 Replacing prmtop screening parameters with GBn2 (igb=8) values

|     Memory Use     Allocated
|     Real              145027
|     Hollerith           4876
|     Integer           109197
|     Max Pairs              1
|     nblistReal             0
|     nblist Int             0
|       Total             1578 kbytes

| Note: 1-4 EEL scale factors are being read from the topology file.

| Note: 1-4 VDW scale factors are being read from the topology file.
| Duplicated    0 dihedrals
| Duplicated    0 dihedrals

--------------------------------------------------------------------------------
   2.  CONTROL  DATA  FOR  THE  RUN
--------------------------------------------------------------------------------

default_name                                                                    

General flags:
     imin    =       1, nmropt  =       0

Nature and format of input:
     ntx     =       1, irest   =       0, ntrx    =       1

Nature and format of output:
     ntxo    =       1, ntpr    =     100, ntrx    =       1, ntwr    =     100
     iwrap   =       0, ntwx    =       0, ntwv    =       0, ntwe    =       0
     ioutfm  =       0, ntwprt  =       0, idecomp =       0, rbornstat=      0

Potential function:
     ntf     =       1, ntb     =       0, igb     =       8, nsnb    =      25
     ipol    =       0, gbsa    =       0, iesp    =       0
     dielc   =   1.00000, cut     = 999.00000, intdiel =   1.00000
     saltcon =   0.00000, offset  =   0.19514, surften =   0.00500
     rdt     =   0.00000, rgbmax  =  25.00000  extdiel =  78.50000
     alpb  =        0
     gbalphaH  =   0.78844, gbbetaH   =   0.79870,  gbgammaH  =    0.43733
     gbalphaC  =   0.73376, gbbetaC   =   0.50638,  gbgammaC  =    0.20584
     gbalphaN  =   0.50336, gbbetaN   =   0.31683,  gbgammaN  =    0.19292
     gbalphaOS =   0.86781, gbbetaOS  =   0.87664,  gbgammaOS =    0.38788
     gbalphaP  =   1.00000, gbbetaP   =   0.80000,  gbgammaP  =    4.85000
     gb_alpha_hnu  =   0.53705, gb_beta_hnu   =   0.36286,  gb_gamma_hnu  =    0.11670
     gb_alpha_cnu  =   0.33167, gb_beta_cnu   =   0.19684,  gb_gamma_cnu  =    0.09342
     gb_alpha_nnu  =   0.68631, gb_beta_nnu   =   0.46319,  gb_gamma_nnu  =    0.13872
     gb_alpha_onu  =   0.60634, gb_beta_onu   =   0.46301,  gb_gamma_onu  =    0.14226
     gb_alpha_pnu  =   0.41836, gb_beta_pnu   =   0.29005,  gb_gamma_pnu  =    0.10642

Frozen or restrained atoms:
     ibelly  =       0, ntr     =       1
     restraint_wt =  10.00000

Energy minimization:
     maxcyc  =    1000, ncyc    =      10, ntmin   =       1
     dx0     =   0.01000, drms    =   0.00010
|  INFO: Old style inpcrd file read


    LOADING THE CONSTRAINED ATOMS AS GROUPS


   5.  REFERENCE ATOM COORDINATES

  defa
     Mask !@H=; matches   799 atoms

--------------------------------------------------------------------------------
   3.  ATOMIC COORDINATES AND VELOCITIES
--------------------------------------------------------------------------------

default_name                                                                    
 begin time read from input coords =     0.000 ps

 Number of triangulated 3-point waters found:        0

--------------------------------------------------------------------------------
   4.  RESULTS
--------------------------------------------------------------------------------



   NSTEP       ENERGY          RMS            GMAX         NAME    NUMBER
      1      -2.2165E+03     8.9776E+00     6.2757E+01     OE1       945

 BOND    =       69.2074  ANGLE   =      211.1827  DIHED      =     1068.1420
 VDWAALS =     -656.9736  EEL     =    -7223.0026  EGB        =    -1795.2658
 1-4 VDW =      437.2304  1-4 EEL =     5672.9788  RESTRAINT  =        0.0000


   NSTEP       ENERGY          RMS            GMAX         NAME    NUMBER
    100      -2.5819E+03     4.6298E-01     4.5656E+00     CE2       650

 BOND    =       31.1687  ANGLE   =      205.4246  DIHED      =     1072.2325
 VDWAALS =     -791.9204  EEL     =    -7253.0164  EGB        =    -1810.2311
 1-4 VDW =      328.5349  1-4 EEL =     5593.8499  RESTRAINT  =       42.0193
 EAMBER  =    -2623.9572


   NSTEP       ENERGY          RMS            GMAX         NAME    NUMBER
    200      -2.5965E+03     1.5809E-01     1.9907E+00     CD2       659

 BOND    =       30.9979  ANGLE   =      205.1302  DIHED      =     1069.0097
 VDWAALS =     -791.9322  EEL     =    -7266.6677  EGB        =    -1809.3817
 1-4 VDW =      328.9552  1-4 EEL =     5595.8293  RESTRAINT  =       41.5756
 EAMBER  =    -2638.0593


   NSTEP       ENERGY          RMS            GMAX         NAME    NUMBER
    300      -2.6026E+03     6.7246E-02     1.3279E+00     HG1       605

 BOND    =       31.0343  ANGLE   =      205.1838  DIHED      =     1067.8727
 VDWAALS =     -791.3922  EEL     =    -7267.5944  EGB        =    -1814.4863
 1-4 VDW =      329.1392  1-4 EEL =     5596.2037  RESTRAINT  =       41.4457
 EAMBER  =    -2644.0390


   NSTEP       ENERGY          RMS            GMAX         NAME    NUMBER
    400      -2.6028E+03     8.7126E-03     1.1935E-01     O         607

 BOND    =       30.8419  ANGLE   =      204.8961  DIHED      =     1067.7321
 VDWAALS =     -791.1407  EEL     =    -7268.0363  EGB        =    -1814.5506
 1-4 VDW =      329.5469  1-4 EEL =     5596.7577  RESTRAINT  =       41.2005
 EAMBER  =    -2643.9529


   NSTEP       ENERGY          RMS            GMAX         NAME    NUMBER
    500      -2.6028E+03     3.8032E-03     5.6408E-02     CB        598

 BOND    =       30.8375  ANGLE   =      204.8803  DIHED      =     1067.7319
 VDWAALS =     -791.1345  EEL     =    -7268.0627  EGB        =    -1814.5485
 1-4 VDW =      329.5665  1-4 EEL =     5596.7795  RESTRAINT  =       41.1949
 EAMBER  =    -2643.9499


   NSTEP       ENERGY          RMS            GMAX         NAME    NUMBER
    600      -2.6028E+03     1.8426E-03     2.3385E-02     CA        584

 BOND    =       30.8349  ANGLE   =      204.8803  DIHED      =     1067.7371
 VDWAALS =     -791.1511  EEL     =    -7268.0692  EGB        =    -1814.5446
 1-4 VDW =      329.5730  1-4 EEL =     5596.7837  RESTRAINT  =       41.2002
 EAMBER  =    -2643.9558


   NSTEP       ENERGY          RMS            GMAX         NAME    NUMBER
    700      -2.6028E+03     3.8329E-04     4.4193E-03     CG2       600

 BOND    =       30.8339  ANGLE   =      204.8764  DIHED      =     1067.7350
 VDWAALS =     -791.1374  EEL     =    -7268.0794  EGB        =    -1814.5448
 1-4 VDW =      329.5778  1-4 EEL =     5596.7875  RESTRAINT  =       41.1954
 EAMBER  =    -2643.9511


   NSTEP       ENERGY          RMS            GMAX         NAME    NUMBER
    800      -2.6028E+03     1.0281E-04     1.6749E-03     HD11      330

 BOND    =       30.8346  ANGLE   =      204.8776  DIHED      =     1067.7352
 VDWAALS =     -791.1396  EEL     =    -7268.0801  EGB        =    -1814.5443
 1-4 VDW =      329.5765  1-4 EEL =     5596.7871  RESTRAINT  =       41.1973
 EAMBER  =    -2643.9530


                    FINAL RESULTS



   NSTEP       ENERGY          RMS            GMAX         NAME    NUMBER
    822      -2.6028E+03     8.1534E-05     1.4527E-03     HD11      330

 BOND    =       30.8346  ANGLE   =      204.8777  DIHED      =     1067.7352
 VDWAALS =     -791.1398  EEL     =    -7268.0803  EGB        =    -1814.5443
 1-4 VDW =      329.5765  1-4 EEL =     5596.7872  RESTRAINT  =       41.1974
 EAMBER  =    -2643.9531

--------------------------------------------------------------------------------
   5.  TIMINGS
--------------------------------------------------------------------------------

|                Calc gb radii             48.62 (20.39% of Gen B)
|                Calc gb diag              89.88 (37.68% of Gen B)
|                Calc gb off-diag         100.00 (41.93% of Gen B)
|             Gen Born time            238.50 (100.0% of Nonbo)
|          Nonbond force            238.50 (99.28% of Force)
|          Bond/Angle/Dihedral        1.71 ( 0.71% of Force)
|          Other                      0.02 ( 0.01% of Force)
|       Force time               240.22 (100.0% of Runmd)
|    Runmd Time               240.22 (99.63% of Total)
|    Other                      0.88 ( 0.37% of Total)
| Total time               241.10 (100.0% of ALL  )

| Number of list builds   :          0

| Highest rstack allocated:          0
| Highest istack allocated:          0
|           Job began  at 14:07:25.835  on 02/03/2016
|           Setup done at 14:07:25.922  on 02/03/2016
|           Run   done at 14:11:26.940  on 02/03/2016
|     wallclock() was called   14824 times
