
          -------------------------------------------------------
          Amber 14 SANDER                              2014
          -------------------------------------------------------

| Run on 02/03/2016 at 13:25:50

|   Executable path: sander
| Working directory: /lustre/cs1500/scratch/kmb413/RealDecoyDisc/DecoyDiscrimination/decoys.set2.init/1aaj/Rosetta_relaxed
|          Hostname: slepner30


File Assignments:
|  MDIN: /scratch/kmb413/RealDecoyDisc/DecoyDiscrimination/scripts/min/min.in  
| MDOUT: NoH_3_empty_tag_1_336_0001.out                                        
|INPCRD: NoH_3_empty_tag_1_336_0001.rst7                                       
|  PARM: NoH_3_empty_tag_1_336_0001.parm7                                      
|RESTRT: min_NoH_3_empty_tag_1_336_0001.rst7                                   
|  REFC: NoH_3_empty_tag_1_336_0001.rst7                                       
| MDVEL: mdvel                                                                 
| MDFRC: mdfrc                                                                 
|  MDEN: mden                                                                  
| MDCRD: mdcrd                                                                 
|MDINFO: mdinfo                                                                
|  MTMD: mtmd                                                                  
|INPDIP: inpdip                                                                
|RSTDIP: rstdip                                                                
|INPTRA: inptraj                                                               


 Here is the input file:

                                                                               
&cntrl                                                                         
    imin = 1, maxcyc=1000,                                                     
    ntx = 1,                                                                   
    ntwr = 100, ntpr = 100,                                                    
    cut = 999.0,                                                               
    ntb = 0, igb = 8,                                                          
    ntr = 1, restraint_wt = 10, restraintmask = "!@H=",                        
/                                                                              

--------------------------------------------------------------------------------
   1.  RESOURCE   USE: 
--------------------------------------------------------------------------------

| Flags:                                                                        
| New format PARM file being parsed.
| Version =    1.000 Date = 02/03/16 Time = 11:49:06
 NATOM  =    1590 NTYPES =      14 NBONH =     791 MBONA  =     820
 NTHETH =    1812 MTHETA =    1115 NPHIH =    3578 MPHIA  =    3525
 NHPARM =       0 NPARM  =       0 NNB   =    8805 NRES   =     104
 NBONA  =     820 NTHETA =    1115 NPHIA =    3525 NUMBND =      65
 NUMANG =     152 NPTRA  =     189 NATYP =      33 NPHB   =       0
 IFBOX  =       0 NMXRS  =      24 IFCAP =       0 NEXTRA =       0
 NCOPY  =       0

 Implicit solvent radii are ArgH and AspGluO modified Bondi2 radii (mbondi3)                                
 Replacing prmtop screening parameters with GBn2 (igb=8) values

|     Memory Use     Allocated
|     Real              145027
|     Hollerith           4876
|     Integer           109197
|     Max Pairs              1
|     nblistReal             0
|     nblist Int             0
|       Total             1578 kbytes

| Note: 1-4 EEL scale factors are being read from the topology file.

| Note: 1-4 VDW scale factors are being read from the topology file.
| Duplicated    0 dihedrals
| Duplicated    0 dihedrals

--------------------------------------------------------------------------------
   2.  CONTROL  DATA  FOR  THE  RUN
--------------------------------------------------------------------------------

default_name                                                                    

General flags:
     imin    =       1, nmropt  =       0

Nature and format of input:
     ntx     =       1, irest   =       0, ntrx    =       1

Nature and format of output:
     ntxo    =       1, ntpr    =     100, ntrx    =       1, ntwr    =     100
     iwrap   =       0, ntwx    =       0, ntwv    =       0, ntwe    =       0
     ioutfm  =       0, ntwprt  =       0, idecomp =       0, rbornstat=      0

Potential function:
     ntf     =       1, ntb     =       0, igb     =       8, nsnb    =      25
     ipol    =       0, gbsa    =       0, iesp    =       0
     dielc   =   1.00000, cut     = 999.00000, intdiel =   1.00000
     saltcon =   0.00000, offset  =   0.19514, surften =   0.00500
     rdt     =   0.00000, rgbmax  =  25.00000  extdiel =  78.50000
     alpb  =        0
     gbalphaH  =   0.78844, gbbetaH   =   0.79870,  gbgammaH  =    0.43733
     gbalphaC  =   0.73376, gbbetaC   =   0.50638,  gbgammaC  =    0.20584
     gbalphaN  =   0.50336, gbbetaN   =   0.31683,  gbgammaN  =    0.19292
     gbalphaOS =   0.86781, gbbetaOS  =   0.87664,  gbgammaOS =    0.38788
     gbalphaP  =   1.00000, gbbetaP   =   0.80000,  gbgammaP  =    4.85000
     gb_alpha_hnu  =   0.53705, gb_beta_hnu   =   0.36286,  gb_gamma_hnu  =    0.11670
     gb_alpha_cnu  =   0.33167, gb_beta_cnu   =   0.19684,  gb_gamma_cnu  =    0.09342
     gb_alpha_nnu  =   0.68631, gb_beta_nnu   =   0.46319,  gb_gamma_nnu  =    0.13872
     gb_alpha_onu  =   0.60634, gb_beta_onu   =   0.46301,  gb_gamma_onu  =    0.14226
     gb_alpha_pnu  =   0.41836, gb_beta_pnu   =   0.29005,  gb_gamma_pnu  =    0.10642

Frozen or restrained atoms:
     ibelly  =       0, ntr     =       1
     restraint_wt =  10.00000

Energy minimization:
     maxcyc  =    1000, ncyc    =      10, ntmin   =       1
     dx0     =   0.01000, drms    =   0.00010
|  INFO: Old style inpcrd file read


    LOADING THE CONSTRAINED ATOMS AS GROUPS


   5.  REFERENCE ATOM COORDINATES

  defa
     Mask !@H=; matches   799 atoms

--------------------------------------------------------------------------------
   3.  ATOMIC COORDINATES AND VELOCITIES
--------------------------------------------------------------------------------

default_name                                                                    
 begin time read from input coords =     0.000 ps

 Number of triangulated 3-point waters found:        0

--------------------------------------------------------------------------------
   4.  RESULTS
--------------------------------------------------------------------------------



   NSTEP       ENERGY          RMS            GMAX         NAME    NUMBER
      1      -2.1879E+03     9.1179E+00     6.2111E+01     OE1      1120

 BOND    =       69.3674  ANGLE   =      211.5450  DIHED      =     1078.9378
 VDWAALS =     -629.7644  EEL     =    -7328.7683  EGB        =    -1760.1391
 1-4 VDW =      438.9859  1-4 EEL =     5731.9720  RESTRAINT  =        0.0000


   NSTEP       ENERGY          RMS            GMAX         NAME    NUMBER
    100      -2.5826E+03     2.6729E-01     2.8812E+00     HB       1383

 BOND    =       31.5633  ANGLE   =      208.6452  DIHED      =     1081.0428
 VDWAALS =     -782.8719  EEL     =    -7372.4032  EGB        =    -1769.9340
 1-4 VDW =      329.6540  1-4 EEL =     5648.8798  RESTRAINT  =       42.7985
 EAMBER  =    -2625.4242


   NSTEP       ENERGY          RMS            GMAX         NAME    NUMBER
    200      -2.5861E+03     3.0248E-01     6.6109E+00     H2          3

 BOND    =       31.8841  ANGLE   =      210.2127  DIHED      =     1080.1650
 VDWAALS =     -785.9128  EEL     =    -7372.4823  EGB        =    -1771.4678
 1-4 VDW =      328.7850  1-4 EEL =     5647.6128  RESTRAINT  =       45.1059
 EAMBER  =    -2631.2034


   NSTEP       ENERGY          RMS            GMAX         NAME    NUMBER
    300      -2.5912E+03     1.7146E-01     3.4794E+00     HG1       605

 BOND    =       31.6944  ANGLE   =      209.8949  DIHED      =     1079.2853
 VDWAALS =     -784.8853  EEL     =    -7376.6748  EGB        =    -1771.9173
 1-4 VDW =      329.5893  1-4 EEL =     5647.2512  RESTRAINT  =       44.5423
 EAMBER  =    -2635.7624


   NSTEP       ENERGY          RMS            GMAX         NAME    NUMBER
    400      -2.5941E+03     2.9607E-01     5.3140E+00     HG1       635

 BOND    =       32.2814  ANGLE   =      211.3637  DIHED      =     1079.8752
 VDWAALS =     -785.1282  EEL     =    -7379.7023  EGB        =    -1773.2823
 1-4 VDW =      328.6148  1-4 EEL =     5646.8348  RESTRAINT  =       45.0904
 EAMBER  =    -2639.1429


   NSTEP       ENERGY          RMS            GMAX         NAME    NUMBER
    500      -2.5974E+03     1.1371E-02     1.0985E-01     CD        729

 BOND    =       31.6142  ANGLE   =      209.6404  DIHED      =     1078.4650
 VDWAALS =     -783.3511  EEL     =    -7381.7209  EGB        =    -1773.7297
 1-4 VDW =      329.9682  1-4 EEL =     5647.8700  RESTRAINT  =       43.8658
 EAMBER  =    -2641.2440

     ... RESTARTED DUE TO LINMIN FAILURE ...


   NSTEP       ENERGY          RMS            GMAX         NAME    NUMBER
    600      -2.5972E+03     1.8271E-01     3.9093E+00     OE1       730

 BOND    =       31.5199  ANGLE   =      209.6002  DIHED      =     1078.3663
 VDWAALS =     -783.2616  EEL     =    -7381.4161  EGB        =    -1773.9298
 1-4 VDW =      330.2727  1-4 EEL =     5647.8057  RESTRAINT  =       43.8920
 EAMBER  =    -2641.0427


   NSTEP       ENERGY          RMS            GMAX         NAME    NUMBER
    700      -2.5974E+03     2.8181E-03     3.9692E-02     N         734

 BOND    =       31.5992  ANGLE   =      209.6144  DIHED      =     1078.4635
 VDWAALS =     -783.3405  EEL     =    -7381.7085  EGB        =    -1773.7663
 1-4 VDW =      330.0146  1-4 EEL =     5647.8818  RESTRAINT  =       43.8592
 EAMBER  =    -2641.2417


   NSTEP       ENERGY          RMS            GMAX         NAME    NUMBER
    800      -2.5974E+03     3.6160E-04     7.0052E-03     OE1       730

 BOND    =       31.6006  ANGLE   =      209.6190  DIHED      =     1078.4586
 VDWAALS =     -783.3423  EEL     =    -7381.7089  EGB        =    -1773.7565
 1-4 VDW =      330.0102  1-4 EEL =     5647.8749  RESTRAINT  =       43.8616
 EAMBER  =    -2641.2444


   NSTEP       ENERGY          RMS            GMAX         NAME    NUMBER
    900      -2.5974E+03     1.3908E-04     1.7193E-03     OE2       731

 BOND    =       31.6006  ANGLE   =      209.6193  DIHED      =     1078.4585
 VDWAALS =     -783.3415  EEL     =    -7381.7088  EGB        =    -1773.7550
 1-4 VDW =      330.0095  1-4 EEL =     5647.8740  RESTRAINT  =       43.8606
 EAMBER  =    -2641.2434


                    FINAL RESULTS



   NSTEP       ENERGY          RMS            GMAX         NAME    NUMBER
    919      -2.5974E+03     8.7536E-05     9.8305E-04     CD        729

 BOND    =       31.6006  ANGLE   =      209.6193  DIHED      =     1078.4584
 VDWAALS =     -783.3414  EEL     =    -7381.7087  EGB        =    -1773.7548
 1-4 VDW =      330.0094  1-4 EEL =     5647.8738  RESTRAINT  =       43.8605
 EAMBER  =    -2641.2433

--------------------------------------------------------------------------------
   5.  TIMINGS
--------------------------------------------------------------------------------

|                Calc gb radii             53.61 (20.29% of Gen B)
|                Calc gb diag              99.09 (37.49% of Gen B)
|                Calc gb off-diag         111.59 (42.22% of Gen B)
|             Gen Born time            264.30 (100.0% of Nonbo)
|          Nonbond force            264.30 (99.27% of Force)
|          Bond/Angle/Dihedral        1.92 ( 0.72% of Force)
|          Other                      0.02 ( 0.01% of Force)
|       Force time               266.23 (100.0% of Runmd)
|    Runmd Time               266.23 (99.53% of Total)
|    Other                      1.26 ( 0.47% of Total)
| Total time               267.50 (100.0% of ALL  )

| Number of list builds   :          0

| Highest rstack allocated:          0
| Highest istack allocated:          0
|           Job began  at 13:25:50.850  on 02/03/2016
|           Setup done at 13:25:50.934  on 02/03/2016
|           Run   done at 13:30:18.348  on 02/03/2016
|     wallclock() was called   16570 times
