
          -------------------------------------------------------
          Amber 14 SANDER                              2014
          -------------------------------------------------------

| Run on 02/03/2016 at 13:31:57

|   Executable path: sander
| Working directory: /lustre/cs1500/scratch/kmb413/RealDecoyDisc/DecoyDiscrimination/decoys.set2.init/1aaj/Rosetta_relaxed
|          Hostname: slepner13


File Assignments:
|  MDIN: /scratch/kmb413/RealDecoyDisc/DecoyDiscrimination/scripts/min/min.in  
| MDOUT: NoH_1_empty_tag_81_0001_0001.out                                      
|INPCRD: NoH_1_empty_tag_81_0001_0001.rst7                                     
|  PARM: NoH_1_empty_tag_81_0001_0001.parm7                                    
|RESTRT: min_NoH_1_empty_tag_81_0001_0001.rst7                                 
|  REFC: NoH_1_empty_tag_81_0001_0001.rst7                                     
| MDVEL: mdvel                                                                 
| MDFRC: mdfrc                                                                 
|  MDEN: mden                                                                  
| MDCRD: mdcrd                                                                 
|MDINFO: mdinfo                                                                
|  MTMD: mtmd                                                                  
|INPDIP: inpdip                                                                
|RSTDIP: rstdip                                                                
|INPTRA: inptraj                                                               


 Here is the input file:

                                                                               
&cntrl                                                                         
    imin = 1, maxcyc=1000,                                                     
    ntx = 1,                                                                   
    ntwr = 100, ntpr = 100,                                                    
    cut = 999.0,                                                               
    ntb = 0, igb = 8,                                                          
    ntr = 1, restraint_wt = 10, restraintmask = "!@H=",                        
/                                                                              

--------------------------------------------------------------------------------
   1.  RESOURCE   USE: 
--------------------------------------------------------------------------------

| Flags:                                                                        
| New format PARM file being parsed.
| Version =    1.000 Date = 02/03/16 Time = 11:46:10
 NATOM  =    1590 NTYPES =      14 NBONH =     791 MBONA  =     820
 NTHETH =    1812 MTHETA =    1115 NPHIH =    3578 MPHIA  =    3525
 NHPARM =       0 NPARM  =       0 NNB   =    8805 NRES   =     104
 NBONA  =     820 NTHETA =    1115 NPHIA =    3525 NUMBND =      65
 NUMANG =     152 NPTRA  =     189 NATYP =      33 NPHB   =       0
 IFBOX  =       0 NMXRS  =      24 IFCAP =       0 NEXTRA =       0
 NCOPY  =       0

 Implicit solvent radii are ArgH and AspGluO modified Bondi2 radii (mbondi3)                                
 Replacing prmtop screening parameters with GBn2 (igb=8) values

|     Memory Use     Allocated
|     Real              145027
|     Hollerith           4876
|     Integer           109197
|     Max Pairs              1
|     nblistReal             0
|     nblist Int             0
|       Total             1578 kbytes

| Note: 1-4 EEL scale factors are being read from the topology file.

| Note: 1-4 VDW scale factors are being read from the topology file.
| Duplicated    0 dihedrals
| Duplicated    0 dihedrals

--------------------------------------------------------------------------------
   2.  CONTROL  DATA  FOR  THE  RUN
--------------------------------------------------------------------------------

default_name                                                                    

General flags:
     imin    =       1, nmropt  =       0

Nature and format of input:
     ntx     =       1, irest   =       0, ntrx    =       1

Nature and format of output:
     ntxo    =       1, ntpr    =     100, ntrx    =       1, ntwr    =     100
     iwrap   =       0, ntwx    =       0, ntwv    =       0, ntwe    =       0
     ioutfm  =       0, ntwprt  =       0, idecomp =       0, rbornstat=      0

Potential function:
     ntf     =       1, ntb     =       0, igb     =       8, nsnb    =      25
     ipol    =       0, gbsa    =       0, iesp    =       0
     dielc   =   1.00000, cut     = 999.00000, intdiel =   1.00000
     saltcon =   0.00000, offset  =   0.19514, surften =   0.00500
     rdt     =   0.00000, rgbmax  =  25.00000  extdiel =  78.50000
     alpb  =        0
     gbalphaH  =   0.78844, gbbetaH   =   0.79870,  gbgammaH  =    0.43733
     gbalphaC  =   0.73376, gbbetaC   =   0.50638,  gbgammaC  =    0.20584
     gbalphaN  =   0.50336, gbbetaN   =   0.31683,  gbgammaN  =    0.19292
     gbalphaOS =   0.86781, gbbetaOS  =   0.87664,  gbgammaOS =    0.38788
     gbalphaP  =   1.00000, gbbetaP   =   0.80000,  gbgammaP  =    4.85000
     gb_alpha_hnu  =   0.53705, gb_beta_hnu   =   0.36286,  gb_gamma_hnu  =    0.11670
     gb_alpha_cnu  =   0.33167, gb_beta_cnu   =   0.19684,  gb_gamma_cnu  =    0.09342
     gb_alpha_nnu  =   0.68631, gb_beta_nnu   =   0.46319,  gb_gamma_nnu  =    0.13872
     gb_alpha_onu  =   0.60634, gb_beta_onu   =   0.46301,  gb_gamma_onu  =    0.14226
     gb_alpha_pnu  =   0.41836, gb_beta_pnu   =   0.29005,  gb_gamma_pnu  =    0.10642

Frozen or restrained atoms:
     ibelly  =       0, ntr     =       1
     restraint_wt =  10.00000

Energy minimization:
     maxcyc  =    1000, ncyc    =      10, ntmin   =       1
     dx0     =   0.01000, drms    =   0.00010
|  INFO: Old style inpcrd file read


    LOADING THE CONSTRAINED ATOMS AS GROUPS


   5.  REFERENCE ATOM COORDINATES

  defa
     Mask !@H=; matches   799 atoms

--------------------------------------------------------------------------------
   3.  ATOMIC COORDINATES AND VELOCITIES
--------------------------------------------------------------------------------

default_name                                                                    
 begin time read from input coords =     0.000 ps

 Number of triangulated 3-point waters found:        0

--------------------------------------------------------------------------------
   4.  RESULTS
--------------------------------------------------------------------------------



   NSTEP       ENERGY          RMS            GMAX         NAME    NUMBER
      1      -2.2194E+03     9.1189E+00     6.1747E+01     OE1       945

 BOND    =       69.6832  ANGLE   =      211.0909  DIHED      =     1082.9943
 VDWAALS =     -660.2994  EEL     =    -7482.3002  EGB        =    -1600.3252
 1-4 VDW =      438.6394  1-4 EEL =     5721.0964  RESTRAINT  =        0.0000


   NSTEP       ENERGY          RMS            GMAX         NAME    NUMBER
    100      -2.5916E+03     4.0838E-01     3.2093E+00     CE2       650

 BOND    =       31.3652  ANGLE   =      206.7802  DIHED      =     1083.4357
 VDWAALS =     -808.2197  EEL     =    -7497.8916  EGB        =    -1621.5444
 1-4 VDW =      329.1314  1-4 EEL =     5642.0837  RESTRAINT  =       43.3047
 EAMBER  =    -2634.8595


   NSTEP       ENERGY          RMS            GMAX         NAME    NUMBER
    200      -2.6072E+03     2.2775E-01     2.6071E+00     HG1       605

 BOND    =       31.4260  ANGLE   =      206.9347  DIHED      =     1080.3459
 VDWAALS =     -808.6356  EEL     =    -7506.0479  EGB        =    -1626.3413
 1-4 VDW =      329.2531  1-4 EEL =     5642.5886  RESTRAINT  =       43.2918
 EAMBER  =    -2650.4764


   NSTEP       ENERGY          RMS            GMAX         NAME    NUMBER
    300      -2.6123E+03     4.4696E-02     7.9769E-01     CD        103

 BOND    =       30.9720  ANGLE   =      206.1016  DIHED      =     1078.5867
 VDWAALS =     -806.9182  EEL     =    -7508.0929  EGB        =    -1630.1048
 1-4 VDW =      330.5345  1-4 EEL =     5644.3254  RESTRAINT  =       42.3289
 EAMBER  =    -2654.5957


   NSTEP       ENERGY          RMS            GMAX         NAME    NUMBER
    400      -2.6123E+03     1.6422E-02     2.2880E-01     OG1       604

 BOND    =       30.9911  ANGLE   =      206.1058  DIHED      =     1078.6293
 VDWAALS =     -807.0959  EEL     =    -7508.0528  EGB        =    -1630.0907
 1-4 VDW =      330.5462  1-4 EEL =     5644.2856  RESTRAINT  =       42.3873
 EAMBER  =    -2654.6813


   NSTEP       ENERGY          RMS            GMAX         NAME    NUMBER
    500      -2.6123E+03     3.5944E-03     4.0900E-02     CD       1119

 BOND    =       30.9709  ANGLE   =      206.0838  DIHED      =     1078.6451
 VDWAALS =     -807.1329  EEL     =    -7508.0586  EGB        =    -1630.0734
 1-4 VDW =      330.5863  1-4 EEL =     5644.2837  RESTRAINT  =       42.3970
 EAMBER  =    -2654.6950


   NSTEP       ENERGY          RMS            GMAX         NAME    NUMBER
    600      -2.6123E+03     3.1699E-04     3.2859E-03     HG21      601

 BOND    =       30.9649  ANGLE   =      206.0732  DIHED      =     1078.6447
 VDWAALS =     -807.1272  EEL     =    -7508.0534  EGB        =    -1630.0725
 1-4 VDW =      330.5991  1-4 EEL =     5644.2827  RESTRAINT  =       42.3901
 EAMBER  =    -2654.6883


   NSTEP       ENERGY          RMS            GMAX         NAME    NUMBER
    700      -2.6123E+03     1.4287E-04     2.7939E-03     CD        103

 BOND    =       30.9651  ANGLE   =      206.0734  DIHED      =     1078.6452
 VDWAALS =     -807.1291  EEL     =    -7508.0540  EGB        =    -1630.0725
 1-4 VDW =      330.5994  1-4 EEL =     5644.2829  RESTRAINT  =       42.3914
 EAMBER  =    -2654.6896


                    FINAL RESULTS



   NSTEP       ENERGY          RMS            GMAX         NAME    NUMBER
    723      -2.6123E+03     8.4402E-05     1.3007E-03     HD13      332

 BOND    =       30.9651  ANGLE   =      206.0734  DIHED      =     1078.6453
 VDWAALS =     -807.1295  EEL     =    -7508.0542  EGB        =    -1630.0726
 1-4 VDW =      330.5995  1-4 EEL =     5644.2831  RESTRAINT  =       42.3917
 EAMBER  =    -2654.6899

--------------------------------------------------------------------------------
   5.  TIMINGS
--------------------------------------------------------------------------------

|                Calc gb radii             43.27 (20.46% of Gen B)
|                Calc gb diag              80.51 (38.07% of Gen B)
|                Calc gb off-diag          87.68 (41.46% of Gen B)
|             Gen Born time            211.45 (100.0% of Nonbo)
|          Nonbond force            211.45 (99.30% of Force)
|          Bond/Angle/Dihedral        1.49 ( 0.70% of Force)
|          Other                      0.01 ( 0.01% of Force)
|       Force time               212.95 (100.0% of Runmd)
|    Runmd Time               212.95 (99.68% of Total)
|    Other                      0.68 ( 0.32% of Total)
| Total time               213.63 (100.0% of ALL  )

| Number of list builds   :          0

| Highest rstack allocated:          0
| Highest istack allocated:          0
|           Job began  at 13:31:57.416  on 02/03/2016
|           Setup done at 13:31:57.498  on 02/03/2016
|           Run   done at 13:35:31.047  on 02/03/2016
|     wallclock() was called   13042 times
