
          -------------------------------------------------------
          Amber 14 SANDER                              2014
          -------------------------------------------------------

| Run on 02/03/2016 at 14:00:42

|   Executable path: sander
| Working directory: /lustre/cs1500/scratch/kmb413/RealDecoyDisc/DecoyDiscrimination/decoys.set2.init/1aaj/Rosetta_relaxed
|          Hostname: slepner15


File Assignments:
|  MDIN: /scratch/kmb413/RealDecoyDisc/DecoyDiscrimination/scripts/min/min.in  
| MDOUT: NoH_2_empty_tag_1_365_0001.out                                        
|INPCRD: NoH_2_empty_tag_1_365_0001.rst7                                       
|  PARM: NoH_2_empty_tag_1_365_0001.parm7                                      
|RESTRT: min_NoH_2_empty_tag_1_365_0001.rst7                                   
|  REFC: NoH_2_empty_tag_1_365_0001.rst7                                       
| MDVEL: mdvel                                                                 
| MDFRC: mdfrc                                                                 
|  MDEN: mden                                                                  
| MDCRD: mdcrd                                                                 
|MDINFO: mdinfo                                                                
|  MTMD: mtmd                                                                  
|INPDIP: inpdip                                                                
|RSTDIP: rstdip                                                                
|INPTRA: inptraj                                                               


 Here is the input file:

                                                                               
&cntrl                                                                         
    imin = 1, maxcyc=1000,                                                     
    ntx = 1,                                                                   
    ntwr = 100, ntpr = 100,                                                    
    cut = 999.0,                                                               
    ntb = 0, igb = 8,                                                          
    ntr = 1, restraint_wt = 10, restraintmask = "!@H=",                        
/                                                                              

--------------------------------------------------------------------------------
   1.  RESOURCE   USE: 
--------------------------------------------------------------------------------

| Flags:                                                                        
| New format PARM file being parsed.
| Version =    1.000 Date = 02/03/16 Time = 11:46:56
 NATOM  =    1590 NTYPES =      14 NBONH =     791 MBONA  =     820
 NTHETH =    1812 MTHETA =    1115 NPHIH =    3578 MPHIA  =    3525
 NHPARM =       0 NPARM  =       0 NNB   =    8805 NRES   =     104
 NBONA  =     820 NTHETA =    1115 NPHIA =    3525 NUMBND =      65
 NUMANG =     152 NPTRA  =     189 NATYP =      33 NPHB   =       0
 IFBOX  =       0 NMXRS  =      24 IFCAP =       0 NEXTRA =       0
 NCOPY  =       0

 Implicit solvent radii are ArgH and AspGluO modified Bondi2 radii (mbondi3)                                
 Replacing prmtop screening parameters with GBn2 (igb=8) values

|     Memory Use     Allocated
|     Real              145027
|     Hollerith           4876
|     Integer           109197
|     Max Pairs              1
|     nblistReal             0
|     nblist Int             0
|       Total             1578 kbytes

| Note: 1-4 EEL scale factors are being read from the topology file.

| Note: 1-4 VDW scale factors are being read from the topology file.
| Duplicated    0 dihedrals
| Duplicated    0 dihedrals

--------------------------------------------------------------------------------
   2.  CONTROL  DATA  FOR  THE  RUN
--------------------------------------------------------------------------------

default_name                                                                    

General flags:
     imin    =       1, nmropt  =       0

Nature and format of input:
     ntx     =       1, irest   =       0, ntrx    =       1

Nature and format of output:
     ntxo    =       1, ntpr    =     100, ntrx    =       1, ntwr    =     100
     iwrap   =       0, ntwx    =       0, ntwv    =       0, ntwe    =       0
     ioutfm  =       0, ntwprt  =       0, idecomp =       0, rbornstat=      0

Potential function:
     ntf     =       1, ntb     =       0, igb     =       8, nsnb    =      25
     ipol    =       0, gbsa    =       0, iesp    =       0
     dielc   =   1.00000, cut     = 999.00000, intdiel =   1.00000
     saltcon =   0.00000, offset  =   0.19514, surften =   0.00500
     rdt     =   0.00000, rgbmax  =  25.00000  extdiel =  78.50000
     alpb  =        0
     gbalphaH  =   0.78844, gbbetaH   =   0.79870,  gbgammaH  =    0.43733
     gbalphaC  =   0.73376, gbbetaC   =   0.50638,  gbgammaC  =    0.20584
     gbalphaN  =   0.50336, gbbetaN   =   0.31683,  gbgammaN  =    0.19292
     gbalphaOS =   0.86781, gbbetaOS  =   0.87664,  gbgammaOS =    0.38788
     gbalphaP  =   1.00000, gbbetaP   =   0.80000,  gbgammaP  =    4.85000
     gb_alpha_hnu  =   0.53705, gb_beta_hnu   =   0.36286,  gb_gamma_hnu  =    0.11670
     gb_alpha_cnu  =   0.33167, gb_beta_cnu   =   0.19684,  gb_gamma_cnu  =    0.09342
     gb_alpha_nnu  =   0.68631, gb_beta_nnu   =   0.46319,  gb_gamma_nnu  =    0.13872
     gb_alpha_onu  =   0.60634, gb_beta_onu   =   0.46301,  gb_gamma_onu  =    0.14226
     gb_alpha_pnu  =   0.41836, gb_beta_pnu   =   0.29005,  gb_gamma_pnu  =    0.10642

Frozen or restrained atoms:
     ibelly  =       0, ntr     =       1
     restraint_wt =  10.00000

Energy minimization:
     maxcyc  =    1000, ncyc    =      10, ntmin   =       1
     dx0     =   0.01000, drms    =   0.00010
|  INFO: Old style inpcrd file read


    LOADING THE CONSTRAINED ATOMS AS GROUPS


   5.  REFERENCE ATOM COORDINATES

  defa
     Mask !@H=; matches   799 atoms

--------------------------------------------------------------------------------
   3.  ATOMIC COORDINATES AND VELOCITIES
--------------------------------------------------------------------------------

default_name                                                                    
 begin time read from input coords =     0.000 ps

 Number of triangulated 3-point waters found:        0

--------------------------------------------------------------------------------
   4.  RESULTS
--------------------------------------------------------------------------------



   NSTEP       ENERGY          RMS            GMAX         NAME    NUMBER
      1      -2.1687E+03     9.1379E+00     6.0152E+01     OE2       105

 BOND    =       70.8660  ANGLE   =      211.6354  DIHED      =     1084.5294
 VDWAALS =     -647.9439  EEL     =    -7491.5823  EGB        =    -1543.4390
 1-4 VDW =      436.6103  1-4 EEL =     5710.6097  RESTRAINT  =        0.0000


   NSTEP       ENERGY          RMS            GMAX         NAME    NUMBER
    100      -2.5472E+03     3.1738E-01     2.2375E+00     CD        437

 BOND    =       31.2079  ANGLE   =      211.7356  DIHED      =     1086.6399
 VDWAALS =     -803.3923  EEL     =    -7505.7584  EGB        =    -1568.0668
 1-4 VDW =      328.7324  1-4 EEL =     5626.6521  RESTRAINT  =       45.0816
 EAMBER  =    -2592.2495


   NSTEP       ENERGY          RMS            GMAX         NAME    NUMBER
    200      -2.5561E+03     4.7302E-01     7.2684E+00     HG         90

 BOND    =       31.9919  ANGLE   =      214.4934  DIHED      =     1086.3707
 VDWAALS =     -807.0339  EEL     =    -7517.5690  EGB        =    -1564.2571
 1-4 VDW =      326.7099  1-4 EEL =     5624.7212  RESTRAINT  =       48.4985
 EAMBER  =    -2604.5730


   NSTEP       ENERGY          RMS            GMAX         NAME    NUMBER
    300      -2.5607E+03     1.0542E-01     1.9852E+00     HG1       605

 BOND    =       31.1455  ANGLE   =      211.6803  DIHED      =     1086.6415
 VDWAALS =     -806.6484  EEL     =    -7521.6657  EGB        =    -1564.1425
 1-4 VDW =      328.9120  1-4 EEL =     5626.5068  RESTRAINT  =       46.8374
 EAMBER  =    -2607.5706


   NSTEP       ENERGY          RMS            GMAX         NAME    NUMBER
    400      -2.5657E+03     2.2530E-02     2.5860E-01     CE       1059

 BOND    =       31.1586  ANGLE   =      211.2419  DIHED      =     1085.6809
 VDWAALS =     -805.1452  EEL     =    -7525.5231  EGB        =    -1565.6354
 1-4 VDW =      329.3146  1-4 EEL =     5626.9192  RESTRAINT  =       46.2488
 EAMBER  =    -2611.9885


   NSTEP       ENERGY          RMS            GMAX         NAME    NUMBER
    500      -2.5658E+03     2.5420E-02     4.0840E-01     HG1      1389

 BOND    =       31.1813  ANGLE   =      211.2725  DIHED      =     1085.8542
 VDWAALS =     -805.2236  EEL     =    -7525.2125  EGB        =    -1565.9824
 1-4 VDW =      329.2498  1-4 EEL =     5626.7887  RESTRAINT  =       46.2971
 EAMBER  =    -2612.0720


   NSTEP       ENERGY          RMS            GMAX         NAME    NUMBER
    600      -2.5709E+03     1.9581E-01     2.9299E+00     CB       1382

 BOND    =       31.5585  ANGLE   =      211.8547  DIHED      =     1084.5235
 VDWAALS =     -806.0273  EEL     =    -7532.0834  EGB        =    -1563.5852
 1-4 VDW =      328.0908  1-4 EEL =     5627.6049  RESTRAINT  =       47.1583
 EAMBER  =    -2618.0634


   NSTEP       ENERGY          RMS            GMAX         NAME    NUMBER
    700      -2.5716E+03     1.4080E-02     1.8303E-01     C        1588

 BOND    =       31.0587  ANGLE   =      210.9003  DIHED      =     1084.5810
 VDWAALS =     -805.7331  EEL     =    -7534.2027  EGB        =    -1562.3168
 1-4 VDW =      329.1372  1-4 EEL =     5628.6958  RESTRAINT  =       46.2492
 EAMBER  =    -2617.8796


   NSTEP       ENERGY          RMS            GMAX         NAME    NUMBER
    800      -2.5716E+03     4.0928E-03     5.1175E-02     CE1      1161

 BOND    =       31.0246  ANGLE   =      210.8503  DIHED      =     1084.5926
 VDWAALS =     -805.6946  EEL     =    -7534.3289  EGB        =    -1562.2328
 1-4 VDW =      329.2143  1-4 EEL =     5628.7462  RESTRAINT  =       46.1928
 EAMBER  =    -2617.8284


   NSTEP       ENERGY          RMS            GMAX         NAME    NUMBER
    900      -2.5716E+03     5.4990E-04     8.9142E-03     C        1588

 BOND    =       31.0224  ANGLE   =      210.8429  DIHED      =     1084.5927
 VDWAALS =     -805.6890  EEL     =    -7534.3502  EGB        =    -1562.2189
 1-4 VDW =      329.2211  1-4 EEL =     5628.7547  RESTRAINT  =       46.1885
 EAMBER  =    -2617.8243


   NSTEP       ENERGY          RMS            GMAX         NAME    NUMBER
   1000      -2.5716E+03     2.0450E-04     3.5792E-03     HE3      1045

 BOND    =       31.0219  ANGLE   =      210.8419  DIHED      =     1084.5923
 VDWAALS =     -805.6884  EEL     =    -7534.3521  EGB        =    -1562.2178
 1-4 VDW =      329.2225  1-4 EEL =     5628.7557  RESTRAINT  =       46.1882
 EAMBER  =    -2617.8240


  Maximum number of minimization cycles reached.


                    FINAL RESULTS



   NSTEP       ENERGY          RMS            GMAX         NAME    NUMBER
   1000      -2.5716E+03     2.0450E-04     3.5792E-03     HE3      1045

 BOND    =       31.0219  ANGLE   =      210.8419  DIHED      =     1084.5923
 VDWAALS =     -805.6884  EEL     =    -7534.3521  EGB        =    -1562.2178
 1-4 VDW =      329.2225  1-4 EEL =     5628.7557  RESTRAINT  =       46.1882
 EAMBER  =    -2617.8240

--------------------------------------------------------------------------------
   5.  TIMINGS
--------------------------------------------------------------------------------

|                Calc gb radii             59.87 (20.38% of Gen B)
|                Calc gb diag             111.85 (38.07% of Gen B)
|                Calc gb off-diag         122.09 (41.55% of Gen B)
|             Gen Born time            293.82 (100.0% of Nonbo)
|          Nonbond force            293.82 (99.30% of Force)
|          Bond/Angle/Dihedral        2.06 ( 0.70% of Force)
|          Other                      0.02 ( 0.01% of Force)
|       Force time               295.90 (100.0% of Runmd)
|    Runmd Time               295.90 (99.68% of Total)
|    Other                      0.94 ( 0.32% of Total)
| Total time               296.84 (100.0% of ALL  )

| Number of list builds   :          0

| Highest rstack allocated:          0
| Highest istack allocated:          0
|           Job began  at 14:00:42.488  on 02/03/2016
|           Setup done at 14:00:42.550  on 02/03/2016
|           Run   done at 14:05:39.325  on 02/03/2016
|     wallclock() was called   18028 times
