
          -------------------------------------------------------
          Amber 14 SANDER                              2014
          -------------------------------------------------------

| Run on 02/03/2016 at 13:44:22

|   Executable path: sander
| Working directory: /lustre/cs1500/scratch/kmb413/RealDecoyDisc/DecoyDiscrimination/decoys.set2.init/1aaj/Rosetta_relaxed
|          Hostname: slepner13


File Assignments:
|  MDIN: /scratch/kmb413/RealDecoyDisc/DecoyDiscrimination/scripts/min/min.in  
| MDOUT: NoH_3_empty_tag_291_0001_0001.out                                     
|INPCRD: NoH_3_empty_tag_291_0001_0001.rst7                                    
|  PARM: NoH_3_empty_tag_291_0001_0001.parm7                                   
|RESTRT: min_NoH_3_empty_tag_291_0001_0001.rst7                                
|  REFC: NoH_3_empty_tag_291_0001_0001.rst7                                    
| MDVEL: mdvel                                                                 
| MDFRC: mdfrc                                                                 
|  MDEN: mden                                                                  
| MDCRD: mdcrd                                                                 
|MDINFO: mdinfo                                                                
|  MTMD: mtmd                                                                  
|INPDIP: inpdip                                                                
|RSTDIP: rstdip                                                                
|INPTRA: inptraj                                                               


 Here is the input file:

                                                                               
&cntrl                                                                         
    imin = 1, maxcyc=1000,                                                     
    ntx = 1,                                                                   
    ntwr = 100, ntpr = 100,                                                    
    cut = 999.0,                                                               
    ntb = 0, igb = 8,                                                          
    ntr = 1, restraint_wt = 10, restraintmask = "!@H=",                        
/                                                                              

--------------------------------------------------------------------------------
   1.  RESOURCE   USE: 
--------------------------------------------------------------------------------

| Flags:                                                                        
| New format PARM file being parsed.
| Version =    1.000 Date = 02/03/16 Time = 11:49:51
 NATOM  =    1590 NTYPES =      14 NBONH =     791 MBONA  =     820
 NTHETH =    1812 MTHETA =    1115 NPHIH =    3578 MPHIA  =    3525
 NHPARM =       0 NPARM  =       0 NNB   =    8805 NRES   =     104
 NBONA  =     820 NTHETA =    1115 NPHIA =    3525 NUMBND =      65
 NUMANG =     152 NPTRA  =     189 NATYP =      33 NPHB   =       0
 IFBOX  =       0 NMXRS  =      24 IFCAP =       0 NEXTRA =       0
 NCOPY  =       0

 Implicit solvent radii are ArgH and AspGluO modified Bondi2 radii (mbondi3)                                
 Replacing prmtop screening parameters with GBn2 (igb=8) values

|     Memory Use     Allocated
|     Real              145027
|     Hollerith           4876
|     Integer           109197
|     Max Pairs              1
|     nblistReal             0
|     nblist Int             0
|       Total             1578 kbytes

| Note: 1-4 EEL scale factors are being read from the topology file.

| Note: 1-4 VDW scale factors are being read from the topology file.
| Duplicated    0 dihedrals
| Duplicated    0 dihedrals

--------------------------------------------------------------------------------
   2.  CONTROL  DATA  FOR  THE  RUN
--------------------------------------------------------------------------------

default_name                                                                    

General flags:
     imin    =       1, nmropt  =       0

Nature and format of input:
     ntx     =       1, irest   =       0, ntrx    =       1

Nature and format of output:
     ntxo    =       1, ntpr    =     100, ntrx    =       1, ntwr    =     100
     iwrap   =       0, ntwx    =       0, ntwv    =       0, ntwe    =       0
     ioutfm  =       0, ntwprt  =       0, idecomp =       0, rbornstat=      0

Potential function:
     ntf     =       1, ntb     =       0, igb     =       8, nsnb    =      25
     ipol    =       0, gbsa    =       0, iesp    =       0
     dielc   =   1.00000, cut     = 999.00000, intdiel =   1.00000
     saltcon =   0.00000, offset  =   0.19514, surften =   0.00500
     rdt     =   0.00000, rgbmax  =  25.00000  extdiel =  78.50000
     alpb  =        0
     gbalphaH  =   0.78844, gbbetaH   =   0.79870,  gbgammaH  =    0.43733
     gbalphaC  =   0.73376, gbbetaC   =   0.50638,  gbgammaC  =    0.20584
     gbalphaN  =   0.50336, gbbetaN   =   0.31683,  gbgammaN  =    0.19292
     gbalphaOS =   0.86781, gbbetaOS  =   0.87664,  gbgammaOS =    0.38788
     gbalphaP  =   1.00000, gbbetaP   =   0.80000,  gbgammaP  =    4.85000
     gb_alpha_hnu  =   0.53705, gb_beta_hnu   =   0.36286,  gb_gamma_hnu  =    0.11670
     gb_alpha_cnu  =   0.33167, gb_beta_cnu   =   0.19684,  gb_gamma_cnu  =    0.09342
     gb_alpha_nnu  =   0.68631, gb_beta_nnu   =   0.46319,  gb_gamma_nnu  =    0.13872
     gb_alpha_onu  =   0.60634, gb_beta_onu   =   0.46301,  gb_gamma_onu  =    0.14226
     gb_alpha_pnu  =   0.41836, gb_beta_pnu   =   0.29005,  gb_gamma_pnu  =    0.10642

Frozen or restrained atoms:
     ibelly  =       0, ntr     =       1
     restraint_wt =  10.00000

Energy minimization:
     maxcyc  =    1000, ncyc    =      10, ntmin   =       1
     dx0     =   0.01000, drms    =   0.00010
|  INFO: Old style inpcrd file read


    LOADING THE CONSTRAINED ATOMS AS GROUPS


   5.  REFERENCE ATOM COORDINATES

  defa
     Mask !@H=; matches   799 atoms

--------------------------------------------------------------------------------
   3.  ATOMIC COORDINATES AND VELOCITIES
--------------------------------------------------------------------------------

default_name                                                                    
 begin time read from input coords =     0.000 ps

 Number of triangulated 3-point waters found:        0

--------------------------------------------------------------------------------
   4.  RESULTS
--------------------------------------------------------------------------------



   NSTEP       ENERGY          RMS            GMAX         NAME    NUMBER
      1      -2.2195E+03     9.0515E+00     5.9588E+01     OE1      1261

 BOND    =       69.6191  ANGLE   =      211.4531  DIHED      =     1075.4304
 VDWAALS =     -657.5915  EEL     =    -7292.3780  EGB        =    -1782.2720
 1-4 VDW =      440.9488  1-4 EEL =     5715.2418  RESTRAINT  =        0.0000


   NSTEP       ENERGY          RMS            GMAX         NAME    NUMBER
    100      -2.5863E+03     3.3193E-01     3.6111E+00     CE2       650

 BOND    =       31.0932  ANGLE   =      210.0363  DIHED      =     1076.7615
 VDWAALS =     -793.4537  EEL     =    -7311.3201  EGB        =    -1806.7684
 1-4 VDW =      329.5301  1-4 EEL =     5635.8801  RESTRAINT  =       41.9199
 EAMBER  =    -2628.2412


   NSTEP       ENERGY          RMS            GMAX         NAME    NUMBER
    200      -2.5922E+03     5.5609E-01     1.5474E+01     HG1       605

 BOND    =       32.5744  ANGLE   =      213.5054  DIHED      =     1076.2239
 VDWAALS =     -797.0056  EEL     =    -7317.6992  EGB        =    -1808.2532
 1-4 VDW =      326.5787  1-4 EEL =     5636.3500  RESTRAINT  =       45.4768
 EAMBER  =    -2637.7256


   NSTEP       ENERGY          RMS            GMAX         NAME    NUMBER
    300      -2.5977E+03     2.9403E-02     3.6635E-01     CG        589

 BOND    =       30.8853  ANGLE   =      209.8581  DIHED      =     1073.7958
 VDWAALS =     -794.7230  EEL     =    -7320.0769  EGB        =    -1808.2093
 1-4 VDW =      330.2940  1-4 EEL =     5637.8725  RESTRAINT  =       42.6274
 EAMBER  =    -2640.3035


   NSTEP       ENERGY          RMS            GMAX         NAME    NUMBER
    400      -2.5977E+03     1.3368E-02     3.3282E-01     CG        311

 BOND    =       30.8680  ANGLE   =      209.8016  DIHED      =     1073.6213
 VDWAALS =     -794.7751  EEL     =    -7320.0217  EGB        =    -1808.1477
 1-4 VDW =      330.3949  1-4 EEL =     5637.9456  RESTRAINT  =       42.6060
 EAMBER  =    -2640.3132


   NSTEP       ENERGY          RMS            GMAX         NAME    NUMBER
    500      -2.5977E+03     3.6248E-03     4.4740E-02     CG2       600

 BOND    =       30.8705  ANGLE   =      209.8106  DIHED      =     1073.5948
 VDWAALS =     -794.7990  EEL     =    -7320.0095  EGB        =    -1808.1289
 1-4 VDW =      330.4084  1-4 EEL =     5637.9339  RESTRAINT  =       42.6089
 EAMBER  =    -2640.3193


   NSTEP       ENERGY          RMS            GMAX         NAME    NUMBER
    600      -2.5977E+03     1.1025E-03     8.6500E-03     CB        612

 BOND    =       30.8655  ANGLE   =      209.7968  DIHED      =     1073.5899
 VDWAALS =     -794.8060  EEL     =    -7320.0078  EGB        =    -1808.1115
 1-4 VDW =      330.4220  1-4 EEL =     5637.9343  RESTRAINT  =       42.6058
 EAMBER  =    -2640.3170

     ... RESTARTED DUE TO LINMIN FAILURE ...

     ... RESTARTED DUE TO LINMIN FAILURE ...


   NSTEP       ENERGY          RMS            GMAX         NAME    NUMBER
    700      -2.5977E+03     2.5482E-04     5.1763E-03     HD11      330

 BOND    =       30.8632  ANGLE   =      209.7914  DIHED      =     1073.5890
 VDWAALS =     -794.8043  EEL     =    -7320.0075  EGB        =    -1808.1060
 1-4 VDW =      330.4273  1-4 EEL =     5637.9330  RESTRAINT  =       42.6026
 EAMBER  =    -2640.3139


   NSTEP       ENERGY          RMS            GMAX         NAME    NUMBER
    800      -2.5977E+03     3.5638E-04     5.8330E-03     CG        311

 BOND    =       30.8632  ANGLE   =      209.7897  DIHED      =     1073.5916
 VDWAALS =     -794.8091  EEL     =    -7320.0135  EGB        =    -1808.0997
 1-4 VDW =      330.4286  1-4 EEL =     5637.9332  RESTRAINT  =       42.6045
 EAMBER  =    -2640.3159


                    FINAL RESULTS



   NSTEP       ENERGY          RMS            GMAX         NAME    NUMBER
    847      -2.5977E+03     9.4708E-05     1.6378E-03     HD11      330

 BOND    =       30.8632  ANGLE   =      209.7895  DIHED      =     1073.5920
 VDWAALS =     -794.8099  EEL     =    -7320.0148  EGB        =    -1808.0985
 1-4 VDW =      330.4288  1-4 EEL =     5637.9335  RESTRAINT  =       42.6048
 EAMBER  =    -2640.3162

--------------------------------------------------------------------------------
   5.  TIMINGS
--------------------------------------------------------------------------------

|                Calc gb radii             49.43 (20.32% of Gen B)
|                Calc gb diag              91.27 (37.53% of Gen B)
|                Calc gb off-diag         102.50 (42.15% of Gen B)
|             Gen Born time            243.20 (100.0% of Nonbo)
|          Nonbond force            243.20 (99.28% of Force)
|          Bond/Angle/Dihedral        1.75 ( 0.72% of Force)
|          Other                      0.01 ( 0.01% of Force)
|       Force time               244.97 (100.0% of Runmd)
|    Runmd Time               244.97 (99.70% of Total)
|    Other                      0.74 ( 0.30% of Total)
| Total time               245.71 (100.0% of ALL  )

| Number of list builds   :          0

| Highest rstack allocated:          0
| Highest istack allocated:          0
|           Job began  at 13:44:22.328  on 02/03/2016
|           Setup done at 13:44:22.424  on 02/03/2016
|           Run   done at 13:48:28.041  on 02/03/2016
|     wallclock() was called   15274 times
