
          -------------------------------------------------------
          Amber 14 SANDER                              2014
          -------------------------------------------------------

| Run on 02/03/2016 at 13:37:03

|   Executable path: sander
| Working directory: /lustre/cs1500/scratch/kmb413/RealDecoyDisc/DecoyDiscrimination/decoys.set2.init/1aaj/Rosetta_relaxed
|          Hostname: slepner1


File Assignments:
|  MDIN: /scratch/kmb413/RealDecoyDisc/DecoyDiscrimination/scripts/min/min.in  
| MDOUT: NoH_3_empty_tag_471_0001_0001.out                                     
|INPCRD: NoH_3_empty_tag_471_0001_0001.rst7                                    
|  PARM: NoH_3_empty_tag_471_0001_0001.parm7                                   
|RESTRT: min_NoH_3_empty_tag_471_0001_0001.rst7                                
|  REFC: NoH_3_empty_tag_471_0001_0001.rst7                                    
| MDVEL: mdvel                                                                 
| MDFRC: mdfrc                                                                 
|  MDEN: mden                                                                  
| MDCRD: mdcrd                                                                 
|MDINFO: mdinfo                                                                
|  MTMD: mtmd                                                                  
|INPDIP: inpdip                                                                
|RSTDIP: rstdip                                                                
|INPTRA: inptraj                                                               


 Here is the input file:

                                                                               
&cntrl                                                                         
    imin = 1, maxcyc=1000,                                                     
    ntx = 1,                                                                   
    ntwr = 100, ntpr = 100,                                                    
    cut = 999.0,                                                               
    ntb = 0, igb = 8,                                                          
    ntr = 1, restraint_wt = 10, restraintmask = "!@H=",                        
/                                                                              

--------------------------------------------------------------------------------
   1.  RESOURCE   USE: 
--------------------------------------------------------------------------------

| Flags:                                                                        
| New format PARM file being parsed.
| Version =    1.000 Date = 02/03/16 Time = 11:50:05
 NATOM  =    1590 NTYPES =      14 NBONH =     791 MBONA  =     820
 NTHETH =    1812 MTHETA =    1115 NPHIH =    3578 MPHIA  =    3525
 NHPARM =       0 NPARM  =       0 NNB   =    8805 NRES   =     104
 NBONA  =     820 NTHETA =    1115 NPHIA =    3525 NUMBND =      65
 NUMANG =     152 NPTRA  =     189 NATYP =      33 NPHB   =       0
 IFBOX  =       0 NMXRS  =      24 IFCAP =       0 NEXTRA =       0
 NCOPY  =       0

 Implicit solvent radii are ArgH and AspGluO modified Bondi2 radii (mbondi3)                                
 Replacing prmtop screening parameters with GBn2 (igb=8) values

|     Memory Use     Allocated
|     Real              145027
|     Hollerith           4876
|     Integer           109197
|     Max Pairs              1
|     nblistReal             0
|     nblist Int             0
|       Total             1578 kbytes

| Note: 1-4 EEL scale factors are being read from the topology file.

| Note: 1-4 VDW scale factors are being read from the topology file.
| Duplicated    0 dihedrals
| Duplicated    0 dihedrals

--------------------------------------------------------------------------------
   2.  CONTROL  DATA  FOR  THE  RUN
--------------------------------------------------------------------------------

default_name                                                                    

General flags:
     imin    =       1, nmropt  =       0

Nature and format of input:
     ntx     =       1, irest   =       0, ntrx    =       1

Nature and format of output:
     ntxo    =       1, ntpr    =     100, ntrx    =       1, ntwr    =     100
     iwrap   =       0, ntwx    =       0, ntwv    =       0, ntwe    =       0
     ioutfm  =       0, ntwprt  =       0, idecomp =       0, rbornstat=      0

Potential function:
     ntf     =       1, ntb     =       0, igb     =       8, nsnb    =      25
     ipol    =       0, gbsa    =       0, iesp    =       0
     dielc   =   1.00000, cut     = 999.00000, intdiel =   1.00000
     saltcon =   0.00000, offset  =   0.19514, surften =   0.00500
     rdt     =   0.00000, rgbmax  =  25.00000  extdiel =  78.50000
     alpb  =        0
     gbalphaH  =   0.78844, gbbetaH   =   0.79870,  gbgammaH  =    0.43733
     gbalphaC  =   0.73376, gbbetaC   =   0.50638,  gbgammaC  =    0.20584
     gbalphaN  =   0.50336, gbbetaN   =   0.31683,  gbgammaN  =    0.19292
     gbalphaOS =   0.86781, gbbetaOS  =   0.87664,  gbgammaOS =    0.38788
     gbalphaP  =   1.00000, gbbetaP   =   0.80000,  gbgammaP  =    4.85000
     gb_alpha_hnu  =   0.53705, gb_beta_hnu   =   0.36286,  gb_gamma_hnu  =    0.11670
     gb_alpha_cnu  =   0.33167, gb_beta_cnu   =   0.19684,  gb_gamma_cnu  =    0.09342
     gb_alpha_nnu  =   0.68631, gb_beta_nnu   =   0.46319,  gb_gamma_nnu  =    0.13872
     gb_alpha_onu  =   0.60634, gb_beta_onu   =   0.46301,  gb_gamma_onu  =    0.14226
     gb_alpha_pnu  =   0.41836, gb_beta_pnu   =   0.29005,  gb_gamma_pnu  =    0.10642

Frozen or restrained atoms:
     ibelly  =       0, ntr     =       1
     restraint_wt =  10.00000

Energy minimization:
     maxcyc  =    1000, ncyc    =      10, ntmin   =       1
     dx0     =   0.01000, drms    =   0.00010
|  INFO: Old style inpcrd file read


    LOADING THE CONSTRAINED ATOMS AS GROUPS


   5.  REFERENCE ATOM COORDINATES

  defa
     Mask !@H=; matches   799 atoms

--------------------------------------------------------------------------------
   3.  ATOMIC COORDINATES AND VELOCITIES
--------------------------------------------------------------------------------

default_name                                                                    
 begin time read from input coords =     0.000 ps

 Number of triangulated 3-point waters found:        0

--------------------------------------------------------------------------------
   4.  RESULTS
--------------------------------------------------------------------------------



   NSTEP       ENERGY          RMS            GMAX         NAME    NUMBER
      1      -2.2022E+03     9.2036E+00     9.0627E+01     OE1       194

 BOND    =       70.8465  ANGLE   =      211.5561  DIHED      =     1074.6501
 VDWAALS =     -612.8951  EEL     =    -7035.9371  EGB        =    -2072.4467
 1-4 VDW =      436.5208  1-4 EEL =     5725.4771  RESTRAINT  =        0.0000


   NSTEP       ENERGY          RMS            GMAX         NAME    NUMBER
    100      -2.5650E+03     2.8369E-01     3.2587E+00     CE2       650

 BOND    =       30.6005  ANGLE   =      205.9747  DIHED      =     1076.3640
 VDWAALS =     -761.8233  EEL     =    -7045.1537  EGB        =    -2089.6005
 1-4 VDW =      328.0214  1-4 EEL =     5649.2093  RESTRAINT  =       41.4218
 EAMBER  =    -2606.4077


   NSTEP       ENERGY          RMS            GMAX         NAME    NUMBER
    200      -2.5694E+03     1.3685E-01     1.7554E+00     HG1      1389

 BOND    =       30.4708  ANGLE   =      206.2658  DIHED      =     1075.4778
 VDWAALS =     -764.9616  EEL     =    -7052.8110  EGB        =    -2085.2820
 1-4 VDW =      327.9631  1-4 EEL =     5650.2992  RESTRAINT  =       43.1392
 EAMBER  =    -2612.5779


   NSTEP       ENERGY          RMS            GMAX         NAME    NUMBER
    300      -2.5715E+03     1.7188E-01     4.2385E+00     H2          3

 BOND    =       30.2561  ANGLE   =      205.9793  DIHED      =     1073.2562
 VDWAALS =     -765.5008  EEL     =    -7053.0933  EGB        =    -2085.0373
 1-4 VDW =      328.5327  1-4 EEL =     5650.8070  RESTRAINT  =       43.2582
 EAMBER  =    -2614.8001


   NSTEP       ENERGY          RMS            GMAX         NAME    NUMBER
    400      -2.5718E+03     2.8325E-02     5.1255E-01     CA          5

 BOND    =       30.1710  ANGLE   =      205.4912  DIHED      =     1073.1854
 VDWAALS =     -765.2942  EEL     =    -7052.9804  EGB        =    -2085.0690
 1-4 VDW =      328.9413  1-4 EEL =     5650.8890  RESTRAINT  =       42.9096
 EAMBER  =    -2614.6657


   NSTEP       ENERGY          RMS            GMAX         NAME    NUMBER
    500      -2.5718E+03     5.8983E-03     1.4947E-01     CA          5

 BOND    =       30.1844  ANGLE   =      205.4506  DIHED      =     1073.2423
 VDWAALS =     -765.2857  EEL     =    -7052.8870  EGB        =    -2085.1420
 1-4 VDW =      328.9548  1-4 EEL =     5650.8394  RESTRAINT  =       42.8831
 EAMBER  =    -2614.6432


   NSTEP       ENERGY          RMS            GMAX         NAME    NUMBER
    600      -2.5718E+03     1.2161E-01     3.4688E+00     HG1       605

 BOND    =       30.2275  ANGLE   =      205.5717  DIHED      =     1073.5813
 VDWAALS =     -765.3091  EEL     =    -7052.7667  EGB        =    -2085.4799
 1-4 VDW =      328.8882  1-4 EEL =     5650.5841  RESTRAINT  =       42.9230
 EAMBER  =    -2614.7030


   NSTEP       ENERGY          RMS            GMAX         NAME    NUMBER
    700      -2.5765E+03     4.6148E-02     9.4178E-01     OG1       604

 BOND    =       30.3016  ANGLE   =      205.7248  DIHED      =     1072.8117
 VDWAALS =     -764.1165  EEL     =    -7058.4167  EGB        =    -2085.1705
 1-4 VDW =      328.9527  1-4 EEL =     5650.8564  RESTRAINT  =       42.5865
 EAMBER  =    -2619.0565


   NSTEP       ENERGY          RMS            GMAX         NAME    NUMBER
    800      -2.5765E+03     3.4214E-03     7.8322E-02     CB        598

 BOND    =       30.2596  ANGLE   =      205.6516  DIHED      =     1072.8349
 VDWAALS =     -764.0994  EEL     =    -7058.4430  EGB        =    -2085.4231
 1-4 VDW =      329.0441  1-4 EEL =     5651.1871  RESTRAINT  =       42.4744
 EAMBER  =    -2618.9881


   NSTEP       ENERGY          RMS            GMAX         NAME    NUMBER
    900      -2.5765E+03     6.5943E-04     7.7687E-03     HG1      1213

 BOND    =       30.2569  ANGLE   =      205.6409  DIHED      =     1072.8532
 VDWAALS =     -764.1046  EEL     =    -7058.4232  EGB        =    -2085.4898
 1-4 VDW =      329.0522  1-4 EEL =     5651.2342  RESTRAINT  =       42.4654
 EAMBER  =    -2618.9802


                    FINAL RESULTS



   NSTEP       ENERGY          RMS            GMAX         NAME    NUMBER
    972      -2.5765E+03     8.7963E-05     1.4688E-03     HG1      1213

 BOND    =       30.2568  ANGLE   =      205.6409  DIHED      =     1072.8540
 VDWAALS =     -764.1052  EEL     =    -7058.4174  EGB        =    -2085.4979
 1-4 VDW =      329.0529  1-4 EEL =     5651.2357  RESTRAINT  =       42.4654
 EAMBER  =    -2618.9802

--------------------------------------------------------------------------------
   5.  TIMINGS
--------------------------------------------------------------------------------

|                Calc gb radii             54.54 (19.93% of Gen B)
|                Calc gb diag             100.65 (36.78% of Gen B)
|                Calc gb off-diag         118.48 (43.29% of Gen B)
|             Gen Born time            273.66 (100.0% of Nonbo)
|          Nonbond force            273.66 (99.27% of Force)
|          Bond/Angle/Dihedral        2.01 ( 0.73% of Force)
|          Other                      0.02 ( 0.01% of Force)
|       Force time               275.68 (100.0% of Runmd)
|    Runmd Time               275.68 (99.69% of Total)
|    Other                      0.85 ( 0.31% of Total)
| Total time               276.54 (100.0% of ALL  )

| Number of list builds   :          0

| Highest rstack allocated:          0
| Highest istack allocated:          0
|           Job began  at 13:37:03.196  on 02/03/2016
|           Setup done at 13:37:03.251  on 02/03/2016
|           Run   done at 13:41:39.738  on 02/03/2016
|     wallclock() was called   17524 times
