
          -------------------------------------------------------
          Amber 14 SANDER                              2014
          -------------------------------------------------------

| Run on 02/03/2016 at 14:04:50

|   Executable path: sander
| Working directory: /lustre/cs1500/scratch/kmb413/RealDecoyDisc/DecoyDiscrimination/decoys.set2.init/1aaj/Rosetta_relaxed
|          Hostname: slepner15


File Assignments:
|  MDIN: /scratch/kmb413/RealDecoyDisc/DecoyDiscrimination/scripts/min/min.in  
| MDOUT: NoH_4_empty_tag_59_0001_0001.out                                      
|INPCRD: NoH_4_empty_tag_59_0001_0001.rst7                                     
|  PARM: NoH_4_empty_tag_59_0001_0001.parm7                                    
|RESTRT: min_NoH_4_empty_tag_59_0001_0001.rst7                                 
|  REFC: NoH_4_empty_tag_59_0001_0001.rst7                                     
| MDVEL: mdvel                                                                 
| MDFRC: mdfrc                                                                 
|  MDEN: mden                                                                  
| MDCRD: mdcrd                                                                 
|MDINFO: mdinfo                                                                
|  MTMD: mtmd                                                                  
|INPDIP: inpdip                                                                
|RSTDIP: rstdip                                                                
|INPTRA: inptraj                                                               


 Here is the input file:

                                                                               
&cntrl                                                                         
    imin = 1, maxcyc=1000,                                                     
    ntx = 1,                                                                   
    ntwr = 100, ntpr = 100,                                                    
    cut = 999.0,                                                               
    ntb = 0, igb = 8,                                                          
    ntr = 1, restraint_wt = 10, restraintmask = "!@H=",                        
/                                                                              

--------------------------------------------------------------------------------
   1.  RESOURCE   USE: 
--------------------------------------------------------------------------------

| Flags:                                                                        
| New format PARM file being parsed.
| Version =    1.000 Date = 02/03/16 Time = 11:52:02
 NATOM  =    1590 NTYPES =      14 NBONH =     791 MBONA  =     820
 NTHETH =    1812 MTHETA =    1115 NPHIH =    3578 MPHIA  =    3525
 NHPARM =       0 NPARM  =       0 NNB   =    8805 NRES   =     104
 NBONA  =     820 NTHETA =    1115 NPHIA =    3525 NUMBND =      65
 NUMANG =     152 NPTRA  =     189 NATYP =      33 NPHB   =       0
 IFBOX  =       0 NMXRS  =      24 IFCAP =       0 NEXTRA =       0
 NCOPY  =       0

 Implicit solvent radii are ArgH and AspGluO modified Bondi2 radii (mbondi3)                                
 Replacing prmtop screening parameters with GBn2 (igb=8) values

|     Memory Use     Allocated
|     Real              145027
|     Hollerith           4876
|     Integer           109197
|     Max Pairs              1
|     nblistReal             0
|     nblist Int             0
|       Total             1578 kbytes

| Note: 1-4 EEL scale factors are being read from the topology file.

| Note: 1-4 VDW scale factors are being read from the topology file.
| Duplicated    0 dihedrals
| Duplicated    0 dihedrals

--------------------------------------------------------------------------------
   2.  CONTROL  DATA  FOR  THE  RUN
--------------------------------------------------------------------------------

default_name                                                                    

General flags:
     imin    =       1, nmropt  =       0

Nature and format of input:
     ntx     =       1, irest   =       0, ntrx    =       1

Nature and format of output:
     ntxo    =       1, ntpr    =     100, ntrx    =       1, ntwr    =     100
     iwrap   =       0, ntwx    =       0, ntwv    =       0, ntwe    =       0
     ioutfm  =       0, ntwprt  =       0, idecomp =       0, rbornstat=      0

Potential function:
     ntf     =       1, ntb     =       0, igb     =       8, nsnb    =      25
     ipol    =       0, gbsa    =       0, iesp    =       0
     dielc   =   1.00000, cut     = 999.00000, intdiel =   1.00000
     saltcon =   0.00000, offset  =   0.19514, surften =   0.00500
     rdt     =   0.00000, rgbmax  =  25.00000  extdiel =  78.50000
     alpb  =        0
     gbalphaH  =   0.78844, gbbetaH   =   0.79870,  gbgammaH  =    0.43733
     gbalphaC  =   0.73376, gbbetaC   =   0.50638,  gbgammaC  =    0.20584
     gbalphaN  =   0.50336, gbbetaN   =   0.31683,  gbgammaN  =    0.19292
     gbalphaOS =   0.86781, gbbetaOS  =   0.87664,  gbgammaOS =    0.38788
     gbalphaP  =   1.00000, gbbetaP   =   0.80000,  gbgammaP  =    4.85000
     gb_alpha_hnu  =   0.53705, gb_beta_hnu   =   0.36286,  gb_gamma_hnu  =    0.11670
     gb_alpha_cnu  =   0.33167, gb_beta_cnu   =   0.19684,  gb_gamma_cnu  =    0.09342
     gb_alpha_nnu  =   0.68631, gb_beta_nnu   =   0.46319,  gb_gamma_nnu  =    0.13872
     gb_alpha_onu  =   0.60634, gb_beta_onu   =   0.46301,  gb_gamma_onu  =    0.14226
     gb_alpha_pnu  =   0.41836, gb_beta_pnu   =   0.29005,  gb_gamma_pnu  =    0.10642

Frozen or restrained atoms:
     ibelly  =       0, ntr     =       1
     restraint_wt =  10.00000

Energy minimization:
     maxcyc  =    1000, ncyc    =      10, ntmin   =       1
     dx0     =   0.01000, drms    =   0.00010
|  INFO: Old style inpcrd file read


    LOADING THE CONSTRAINED ATOMS AS GROUPS


   5.  REFERENCE ATOM COORDINATES

  defa
     Mask !@H=; matches   799 atoms

--------------------------------------------------------------------------------
   3.  ATOMIC COORDINATES AND VELOCITIES
--------------------------------------------------------------------------------

default_name                                                                    
 begin time read from input coords =     0.000 ps

 Number of triangulated 3-point waters found:        0

--------------------------------------------------------------------------------
   4.  RESULTS
--------------------------------------------------------------------------------



   NSTEP       ENERGY          RMS            GMAX         NAME    NUMBER
      1      -2.2270E+03     9.0742E+00     6.1469E+01     OD1       232

 BOND    =       69.7462  ANGLE   =      211.2872  DIHED      =     1070.5076
 VDWAALS =     -667.2968  EEL     =    -7486.3301  EGB        =    -1575.5045
 1-4 VDW =      444.8836  1-4 EEL =     5705.6693  RESTRAINT  =        0.0000


   NSTEP       ENERGY          RMS            GMAX         NAME    NUMBER
    100      -2.5940E+03     3.7743E-01     3.2121E+00     CE2       650

 BOND    =       30.9679  ANGLE   =      209.9697  DIHED      =     1071.0829
 VDWAALS =     -813.1383  EEL     =    -7494.7645  EGB        =    -1597.8392
 1-4 VDW =      333.6836  1-4 EEL =     5620.9187  RESTRAINT  =       45.1144
 EAMBER  =    -2639.1193


   NSTEP       ENERGY          RMS            GMAX         NAME    NUMBER
    200      -2.6064E+03     2.0452E-01     2.7860E+00     HH        420

 BOND    =       30.8972  ANGLE   =      209.9346  DIHED      =     1071.2546
 VDWAALS =     -813.2314  EEL     =    -7501.6272  EGB        =    -1602.5630
 1-4 VDW =      334.2903  1-4 EEL =     5619.5060  RESTRAINT  =       45.0965
 EAMBER  =    -2651.5388


   NSTEP       ENERGY          RMS            GMAX         NAME    NUMBER
    300      -2.6162E+03     1.3239E-01     2.4653E+00     HG1       605

 BOND    =       30.9916  ANGLE   =      209.9919  DIHED      =     1069.6377
 VDWAALS =     -812.5428  EEL     =    -7510.1445  EGB        =    -1602.4327
 1-4 VDW =      334.4385  1-4 EEL =     5618.7803  RESTRAINT  =       45.0407
 EAMBER  =    -2661.2799


   NSTEP       ENERGY          RMS            GMAX         NAME    NUMBER
    400      -2.6166E+03     7.1154E-03     8.7995E-02     OG1       604

 BOND    =       30.8959  ANGLE   =      209.5580  DIHED      =     1069.6201
 VDWAALS =     -812.3605  EEL     =    -7511.1669  EGB        =    -1602.3992
 1-4 VDW =      334.8077  1-4 EEL =     5619.7710  RESTRAINT  =       44.6322
 EAMBER  =    -2661.2739


   NSTEP       ENERGY          RMS            GMAX         NAME    NUMBER
    500      -2.6166E+03     1.5900E-03     2.2378E-02     HG       1375

 BOND    =       30.8834  ANGLE   =      209.5237  DIHED      =     1069.6379
 VDWAALS =     -812.3905  EEL     =    -7511.1884  EGB        =    -1602.3811
 1-4 VDW =      334.8569  1-4 EEL =     5619.7884  RESTRAINT  =       44.6214
 EAMBER  =    -2661.2697


   NSTEP       ENERGY          RMS            GMAX         NAME    NUMBER
    600      -2.6166E+03     1.6618E-03     2.3171E-02     CD2       423

 BOND    =       30.8803  ANGLE   =      209.5176  DIHED      =     1069.6422
 VDWAALS =     -812.4067  EEL     =    -7511.1897  EGB        =    -1602.3683
 1-4 VDW =      334.8672  1-4 EEL =     5619.7858  RESTRAINT  =       44.6226
 EAMBER  =    -2661.2715


   NSTEP       ENERGY          RMS            GMAX         NAME    NUMBER
    700      -2.6166E+03     1.8779E-04     2.4060E-03     CE3       657

 BOND    =       30.8817  ANGLE   =      209.5185  DIHED      =     1069.6423
 VDWAALS =     -812.4026  EEL     =    -7511.1911  EGB        =    -1602.3673
 1-4 VDW =      334.8669  1-4 EEL =     5619.7798  RESTRAINT  =       44.6228
 EAMBER  =    -2661.2718


                    FINAL RESULTS



   NSTEP       ENERGY          RMS            GMAX         NAME    NUMBER
    748      -2.6166E+03     8.8875E-05     1.3980E-03     CG        589

 BOND    =       30.8817  ANGLE   =      209.5186  DIHED      =     1069.6426
 VDWAALS =     -812.4035  EEL     =    -7511.1912  EGB        =    -1602.3670
 1-4 VDW =      334.8670  1-4 EEL =     5619.7796  RESTRAINT  =       44.6231
 EAMBER  =    -2661.2721

--------------------------------------------------------------------------------
   5.  TIMINGS
--------------------------------------------------------------------------------

|                Calc gb radii             44.88 (20.38% of Gen B)
|                Calc gb diag              83.41 (37.87% of Gen B)
|                Calc gb off-diag          91.94 (41.75% of Gen B)
|             Gen Born time            220.24 (100.0% of Nonbo)
|          Nonbond force            220.24 (99.30% of Force)
|          Bond/Angle/Dihedral        1.55 ( 0.70% of Force)
|          Other                      0.01 ( 0.01% of Force)
|       Force time               221.81 (100.0% of Runmd)
|    Runmd Time               221.81 (99.76% of Total)
|    Other                      0.54 ( 0.24% of Total)
| Total time               222.35 (100.0% of ALL  )

| Number of list builds   :          0

| Highest rstack allocated:          0
| Highest istack allocated:          0
|           Job began  at 14:04:50.852  on 02/03/2016
|           Setup done at 14:04:50.902  on 02/03/2016
|           Run   done at 14:08:33.198  on 02/03/2016
|     wallclock() was called   13492 times
