
          -------------------------------------------------------
          Amber 14 SANDER                              2014
          -------------------------------------------------------

| Run on 02/03/2016 at 14:00:07

|   Executable path: sander
| Working directory: /lustre/cs1500/scratch/kmb413/RealDecoyDisc/DecoyDiscrimination/decoys.set2.init/1aaj/Rosetta_relaxed
|          Hostname: slepner7


File Assignments:
|  MDIN: /scratch/kmb413/RealDecoyDisc/DecoyDiscrimination/scripts/min/min.in  
| MDOUT: NoH_5_empty_tag_1_341_0001.out                                        
|INPCRD: NoH_5_empty_tag_1_341_0001.rst7                                       
|  PARM: NoH_5_empty_tag_1_341_0001.parm7                                      
|RESTRT: min_NoH_5_empty_tag_1_341_0001.rst7                                   
|  REFC: NoH_5_empty_tag_1_341_0001.rst7                                       
| MDVEL: mdvel                                                                 
| MDFRC: mdfrc                                                                 
|  MDEN: mden                                                                  
| MDCRD: mdcrd                                                                 
|MDINFO: mdinfo                                                                
|  MTMD: mtmd                                                                  
|INPDIP: inpdip                                                                
|RSTDIP: rstdip                                                                
|INPTRA: inptraj                                                               


 Here is the input file:

                                                                               
&cntrl                                                                         
    imin = 1, maxcyc=1000,                                                     
    ntx = 1,                                                                   
    ntwr = 100, ntpr = 100,                                                    
    cut = 999.0,                                                               
    ntb = 0, igb = 8,                                                          
    ntr = 1, restraint_wt = 10, restraintmask = "!@H=",                        
/                                                                              

--------------------------------------------------------------------------------
   1.  RESOURCE   USE: 
--------------------------------------------------------------------------------

| Flags:                                                                        
| New format PARM file being parsed.
| Version =    1.000 Date = 02/03/16 Time = 11:52:45
 NATOM  =    1590 NTYPES =      14 NBONH =     791 MBONA  =     820
 NTHETH =    1812 MTHETA =    1115 NPHIH =    3578 MPHIA  =    3525
 NHPARM =       0 NPARM  =       0 NNB   =    8805 NRES   =     104
 NBONA  =     820 NTHETA =    1115 NPHIA =    3525 NUMBND =      65
 NUMANG =     152 NPTRA  =     189 NATYP =      33 NPHB   =       0
 IFBOX  =       0 NMXRS  =      24 IFCAP =       0 NEXTRA =       0
 NCOPY  =       0

 Implicit solvent radii are ArgH and AspGluO modified Bondi2 radii (mbondi3)                                
 Replacing prmtop screening parameters with GBn2 (igb=8) values

|     Memory Use     Allocated
|     Real              145027
|     Hollerith           4876
|     Integer           109197
|     Max Pairs              1
|     nblistReal             0
|     nblist Int             0
|       Total             1578 kbytes

| Note: 1-4 EEL scale factors are being read from the topology file.

| Note: 1-4 VDW scale factors are being read from the topology file.
| Duplicated    0 dihedrals
| Duplicated    0 dihedrals

--------------------------------------------------------------------------------
   2.  CONTROL  DATA  FOR  THE  RUN
--------------------------------------------------------------------------------

default_name                                                                    

General flags:
     imin    =       1, nmropt  =       0

Nature and format of input:
     ntx     =       1, irest   =       0, ntrx    =       1

Nature and format of output:
     ntxo    =       1, ntpr    =     100, ntrx    =       1, ntwr    =     100
     iwrap   =       0, ntwx    =       0, ntwv    =       0, ntwe    =       0
     ioutfm  =       0, ntwprt  =       0, idecomp =       0, rbornstat=      0

Potential function:
     ntf     =       1, ntb     =       0, igb     =       8, nsnb    =      25
     ipol    =       0, gbsa    =       0, iesp    =       0
     dielc   =   1.00000, cut     = 999.00000, intdiel =   1.00000
     saltcon =   0.00000, offset  =   0.19514, surften =   0.00500
     rdt     =   0.00000, rgbmax  =  25.00000  extdiel =  78.50000
     alpb  =        0
     gbalphaH  =   0.78844, gbbetaH   =   0.79870,  gbgammaH  =    0.43733
     gbalphaC  =   0.73376, gbbetaC   =   0.50638,  gbgammaC  =    0.20584
     gbalphaN  =   0.50336, gbbetaN   =   0.31683,  gbgammaN  =    0.19292
     gbalphaOS =   0.86781, gbbetaOS  =   0.87664,  gbgammaOS =    0.38788
     gbalphaP  =   1.00000, gbbetaP   =   0.80000,  gbgammaP  =    4.85000
     gb_alpha_hnu  =   0.53705, gb_beta_hnu   =   0.36286,  gb_gamma_hnu  =    0.11670
     gb_alpha_cnu  =   0.33167, gb_beta_cnu   =   0.19684,  gb_gamma_cnu  =    0.09342
     gb_alpha_nnu  =   0.68631, gb_beta_nnu   =   0.46319,  gb_gamma_nnu  =    0.13872
     gb_alpha_onu  =   0.60634, gb_beta_onu   =   0.46301,  gb_gamma_onu  =    0.14226
     gb_alpha_pnu  =   0.41836, gb_beta_pnu   =   0.29005,  gb_gamma_pnu  =    0.10642

Frozen or restrained atoms:
     ibelly  =       0, ntr     =       1
     restraint_wt =  10.00000

Energy minimization:
     maxcyc  =    1000, ncyc    =      10, ntmin   =       1
     dx0     =   0.01000, drms    =   0.00010
|  INFO: Old style inpcrd file read


    LOADING THE CONSTRAINED ATOMS AS GROUPS


   5.  REFERENCE ATOM COORDINATES

  defa
     Mask !@H=; matches   799 atoms

--------------------------------------------------------------------------------
   3.  ATOMIC COORDINATES AND VELOCITIES
--------------------------------------------------------------------------------

default_name                                                                    
 begin time read from input coords =     0.000 ps

 Number of triangulated 3-point waters found:        0

--------------------------------------------------------------------------------
   4.  RESULTS
--------------------------------------------------------------------------------



   NSTEP       ENERGY          RMS            GMAX         NAME    NUMBER
      1      -2.2054E+03     9.1111E+00     6.4723E+01     OXT      1590

 BOND    =       70.1678  ANGLE   =      211.4464  DIHED      =     1076.5781
 VDWAALS =     -654.0347  EEL     =    -7470.6847  EGB        =    -1559.3492
 1-4 VDW =      434.5671  1-4 EEL =     5685.9476  RESTRAINT  =        0.0000


   NSTEP       ENERGY          RMS            GMAX         NAME    NUMBER
    100      -2.5702E+03     4.0631E-01     4.4340E+00     C        1588

 BOND    =       31.4515  ANGLE   =      208.8604  DIHED      =     1079.0728
 VDWAALS =     -794.9133  EEL     =    -7490.5141  EGB        =    -1583.0699
 1-4 VDW =      328.0540  1-4 EEL =     5607.1108  RESTRAINT  =       43.7630
 EAMBER  =    -2613.9477


   NSTEP       ENERGY          RMS            GMAX         NAME    NUMBER
    200      -2.5890E+03     5.8332E-01     8.2406E+00     CD       1585

 BOND    =       32.9018  ANGLE   =      210.5737  DIHED      =     1077.9778
 VDWAALS =     -794.9606  EEL     =    -7505.9865  EGB        =    -1586.1336
 1-4 VDW =      326.8354  1-4 EEL =     5604.4380  RESTRAINT  =       45.3528
 EAMBER  =    -2634.3540


   NSTEP       ENERGY          RMS            GMAX         NAME    NUMBER
    300      -2.5937E+03     3.3631E-02     3.4314E-01     HG       1375

 BOND    =       31.3831  ANGLE   =      208.6574  DIHED      =     1075.4376
 VDWAALS =     -793.2414  EEL     =    -7508.9814  EGB        =    -1584.8147
 1-4 VDW =      329.1997  1-4 EEL =     5605.4831  RESTRAINT  =       43.1586
 EAMBER  =    -2636.8767


   NSTEP       ENERGY          RMS            GMAX         NAME    NUMBER
    400      -2.5939E+03     3.6503E-02     5.3213E-01     HG1       605

 BOND    =       31.4401  ANGLE   =      208.6500  DIHED      =     1075.2023
 VDWAALS =     -793.3175  EEL     =    -7509.4366  EGB        =    -1584.4270
 1-4 VDW =      329.1714  1-4 EEL =     5605.6523  RESTRAINT  =       43.2042
 EAMBER  =    -2637.0650


   NSTEP       ENERGY          RMS            GMAX         NAME    NUMBER
    500      -2.5942E+03     6.8859E-02     1.0438E+00     CB        598

 BOND    =       31.4806  ANGLE   =      208.8453  DIHED      =     1074.5181
 VDWAALS =     -793.4204  EEL     =    -7509.8545  EGB        =    -1583.8446
 1-4 VDW =      329.0584  1-4 EEL =     5605.7642  RESTRAINT  =       43.3022
 EAMBER  =    -2637.4529


   NSTEP       ENERGY          RMS            GMAX         NAME    NUMBER
    600      -2.5946E+03     5.0087E-02     8.3105E-01     HG       1375

 BOND    =       31.4162  ANGLE   =      208.7318  DIHED      =     1073.4257
 VDWAALS =     -793.3516  EEL     =    -7510.1549  EGB        =    -1582.9135
 1-4 VDW =      329.2203  1-4 EEL =     5605.7927  RESTRAINT  =       43.2240
 EAMBER  =    -2637.8332


   NSTEP       ENERGY          RMS            GMAX         NAME    NUMBER
    700      -2.5947E+03     2.1720E-02     3.5780E-01     CE2       421

 BOND    =       31.3489  ANGLE   =      208.6157  DIHED      =     1073.0954
 VDWAALS =     -793.2701  EEL     =    -7510.2896  EGB        =    -1582.4124
 1-4 VDW =      329.3679  1-4 EEL =     5605.6843  RESTRAINT  =       43.1325
 EAMBER  =    -2637.8599


   NSTEP       ENERGY          RMS            GMAX         NAME    NUMBER
    800      -2.5947E+03     1.7717E-02     3.2871E-01     CG        413

 BOND    =       31.3132  ANGLE   =      208.5502  DIHED      =     1073.0243
 VDWAALS =     -793.2229  EEL     =    -7510.3263  EGB        =    -1582.2038
 1-4 VDW =      329.4308  1-4 EEL =     5605.6113  RESTRAINT  =       43.0786
 EAMBER  =    -2637.8233


   NSTEP       ENERGY          RMS            GMAX         NAME    NUMBER
    900      -2.5947E+03     2.0280E-03     4.0329E-02     CB       1371

 BOND    =       31.3078  ANGLE   =      208.5389  DIHED      =     1073.0095
 VDWAALS =     -793.2139  EEL     =    -7510.3449  EGB        =    -1582.1517
 1-4 VDW =      329.4438  1-4 EEL =     5605.5969  RESTRAINT  =       43.0674
 EAMBER  =    -2637.8137


   NSTEP       ENERGY          RMS            GMAX         NAME    NUMBER
   1000      -2.5947E+03     4.1857E-04     5.5044E-03     CZ        710

 BOND    =       31.3031  ANGLE   =      208.5310  DIHED      =     1073.0031
 VDWAALS =     -793.2059  EEL     =    -7510.3504  EGB        =    -1582.1254
 1-4 VDW =      329.4532  1-4 EEL =     5605.5847  RESTRAINT  =       43.0601
 EAMBER  =    -2637.8067


  Maximum number of minimization cycles reached.


                    FINAL RESULTS



   NSTEP       ENERGY          RMS            GMAX         NAME    NUMBER
   1000      -2.5947E+03     4.1857E-04     5.5044E-03     CZ        710

 BOND    =       31.3031  ANGLE   =      208.5310  DIHED      =     1073.0031
 VDWAALS =     -793.2059  EEL     =    -7510.3504  EGB        =    -1582.1254
 1-4 VDW =      329.4532  1-4 EEL =     5605.5847  RESTRAINT  =       43.0601
 EAMBER  =    -2637.8067

--------------------------------------------------------------------------------
   5.  TIMINGS
--------------------------------------------------------------------------------

|                Calc gb radii             59.47 (20.36% of Gen B)
|                Calc gb diag             110.37 (37.79% of Gen B)
|                Calc gb off-diag         122.21 (41.84% of Gen B)
|             Gen Born time            292.05 (100.0% of Nonbo)
|          Nonbond force            292.05 (99.29% of Force)
|          Bond/Angle/Dihedral        2.06 ( 0.70% of Force)
|          Other                      0.02 ( 0.01% of Force)
|       Force time               294.13 (100.0% of Runmd)
|    Runmd Time               294.13 (99.61% of Total)
|    Other                      1.14 ( 0.39% of Total)
| Total time               295.27 (100.0% of ALL  )

| Number of list builds   :          0

| Highest rstack allocated:          0
| Highest istack allocated:          0
|           Job began  at 14:00:07.290  on 02/03/2016
|           Setup done at 14:00:07.369  on 02/03/2016
|           Run   done at 14:05:02.561  on 02/03/2016
|     wallclock() was called   18028 times
