
          -------------------------------------------------------
          Amber 14 SANDER                              2014
          -------------------------------------------------------

| Run on 02/03/2016 at 13:52:31

|   Executable path: sander
| Working directory: /lustre/cs1500/scratch/kmb413/RealDecoyDisc/DecoyDiscrimination/decoys.set2.init/1aaj/Rosetta_relaxed
|          Hostname: slepner7


File Assignments:
|  MDIN: /scratch/kmb413/RealDecoyDisc/DecoyDiscrimination/scripts/min/min.in  
| MDOUT: NoH_1_empty_tag_252_0001_0001.out                                     
|INPCRD: NoH_1_empty_tag_252_0001_0001.rst7                                    
|  PARM: NoH_1_empty_tag_252_0001_0001.parm7                                   
|RESTRT: min_NoH_1_empty_tag_252_0001_0001.rst7                                
|  REFC: NoH_1_empty_tag_252_0001_0001.rst7                                    
| MDVEL: mdvel                                                                 
| MDFRC: mdfrc                                                                 
|  MDEN: mden                                                                  
| MDCRD: mdcrd                                                                 
|MDINFO: mdinfo                                                                
|  MTMD: mtmd                                                                  
|INPDIP: inpdip                                                                
|RSTDIP: rstdip                                                                
|INPTRA: inptraj                                                               


 Here is the input file:

                                                                               
&cntrl                                                                         
    imin = 1, maxcyc=1000,                                                     
    ntx = 1,                                                                   
    ntwr = 100, ntpr = 100,                                                    
    cut = 999.0,                                                               
    ntb = 0, igb = 8,                                                          
    ntr = 1, restraint_wt = 10, restraintmask = "!@H=",                        
/                                                                              

--------------------------------------------------------------------------------
   1.  RESOURCE   USE: 
--------------------------------------------------------------------------------

| Flags:                                                                        
| New format PARM file being parsed.
| Version =    1.000 Date = 02/03/16 Time = 11:45:43
 NATOM  =    1590 NTYPES =      14 NBONH =     791 MBONA  =     820
 NTHETH =    1812 MTHETA =    1115 NPHIH =    3578 MPHIA  =    3525
 NHPARM =       0 NPARM  =       0 NNB   =    8805 NRES   =     104
 NBONA  =     820 NTHETA =    1115 NPHIA =    3525 NUMBND =      65
 NUMANG =     152 NPTRA  =     189 NATYP =      33 NPHB   =       0
 IFBOX  =       0 NMXRS  =      24 IFCAP =       0 NEXTRA =       0
 NCOPY  =       0

 Implicit solvent radii are ArgH and AspGluO modified Bondi2 radii (mbondi3)                                
 Replacing prmtop screening parameters with GBn2 (igb=8) values

|     Memory Use     Allocated
|     Real              145027
|     Hollerith           4876
|     Integer           109197
|     Max Pairs              1
|     nblistReal             0
|     nblist Int             0
|       Total             1578 kbytes

| Note: 1-4 EEL scale factors are being read from the topology file.

| Note: 1-4 VDW scale factors are being read from the topology file.
| Duplicated    0 dihedrals
| Duplicated    0 dihedrals

--------------------------------------------------------------------------------
   2.  CONTROL  DATA  FOR  THE  RUN
--------------------------------------------------------------------------------

default_name                                                                    

General flags:
     imin    =       1, nmropt  =       0

Nature and format of input:
     ntx     =       1, irest   =       0, ntrx    =       1

Nature and format of output:
     ntxo    =       1, ntpr    =     100, ntrx    =       1, ntwr    =     100
     iwrap   =       0, ntwx    =       0, ntwv    =       0, ntwe    =       0
     ioutfm  =       0, ntwprt  =       0, idecomp =       0, rbornstat=      0

Potential function:
     ntf     =       1, ntb     =       0, igb     =       8, nsnb    =      25
     ipol    =       0, gbsa    =       0, iesp    =       0
     dielc   =   1.00000, cut     = 999.00000, intdiel =   1.00000
     saltcon =   0.00000, offset  =   0.19514, surften =   0.00500
     rdt     =   0.00000, rgbmax  =  25.00000  extdiel =  78.50000
     alpb  =        0
     gbalphaH  =   0.78844, gbbetaH   =   0.79870,  gbgammaH  =    0.43733
     gbalphaC  =   0.73376, gbbetaC   =   0.50638,  gbgammaC  =    0.20584
     gbalphaN  =   0.50336, gbbetaN   =   0.31683,  gbgammaN  =    0.19292
     gbalphaOS =   0.86781, gbbetaOS  =   0.87664,  gbgammaOS =    0.38788
     gbalphaP  =   1.00000, gbbetaP   =   0.80000,  gbgammaP  =    4.85000
     gb_alpha_hnu  =   0.53705, gb_beta_hnu   =   0.36286,  gb_gamma_hnu  =    0.11670
     gb_alpha_cnu  =   0.33167, gb_beta_cnu   =   0.19684,  gb_gamma_cnu  =    0.09342
     gb_alpha_nnu  =   0.68631, gb_beta_nnu   =   0.46319,  gb_gamma_nnu  =    0.13872
     gb_alpha_onu  =   0.60634, gb_beta_onu   =   0.46301,  gb_gamma_onu  =    0.14226
     gb_alpha_pnu  =   0.41836, gb_beta_pnu   =   0.29005,  gb_gamma_pnu  =    0.10642

Frozen or restrained atoms:
     ibelly  =       0, ntr     =       1
     restraint_wt =  10.00000

Energy minimization:
     maxcyc  =    1000, ncyc    =      10, ntmin   =       1
     dx0     =   0.01000, drms    =   0.00010
|  INFO: Old style inpcrd file read


    LOADING THE CONSTRAINED ATOMS AS GROUPS


   5.  REFERENCE ATOM COORDINATES

  defa
     Mask !@H=; matches   799 atoms

--------------------------------------------------------------------------------
   3.  ATOMIC COORDINATES AND VELOCITIES
--------------------------------------------------------------------------------

default_name                                                                    
 begin time read from input coords =     0.000 ps

 Number of triangulated 3-point waters found:        0

--------------------------------------------------------------------------------
   4.  RESULTS
--------------------------------------------------------------------------------



   NSTEP       ENERGY          RMS            GMAX         NAME    NUMBER
      1      -2.2240E+03     9.1196E+00     6.5301E+01     OXT      1590

 BOND    =       69.6680  ANGLE   =      210.7647  DIHED      =     1075.6517
 VDWAALS =     -678.2608  EEL     =    -7512.0199  EGB        =    -1543.2295
 1-4 VDW =      443.4064  1-4 EEL =     5710.0290  RESTRAINT  =        0.0000


   NSTEP       ENERGY          RMS            GMAX         NAME    NUMBER
    100      -2.5908E+03     7.1603E-01     9.6070E+00     HG1       635

 BOND    =       33.0725  ANGLE   =      212.4506  DIHED      =     1077.6003
 VDWAALS =     -816.6555  EEL     =    -7520.3116  EGB        =    -1565.9821
 1-4 VDW =      326.4079  1-4 EEL =     5617.4234  RESTRAINT  =       45.2258
 EAMBER  =    -2635.9944


   NSTEP       ENERGY          RMS            GMAX         NAME    NUMBER
    200      -2.6128E+03     2.2796E-01     3.9167E+00     HG1       605

 BOND    =       32.2754  ANGLE   =      210.1342  DIHED      =     1073.1318
 VDWAALS =     -813.7621  EEL     =    -7534.4880  EGB        =    -1571.2106
 1-4 VDW =      328.6901  1-4 EEL =     5619.4604  RESTRAINT  =       42.9408
 EAMBER  =    -2655.7688


   NSTEP       ENERGY          RMS            GMAX         NAME    NUMBER
    300      -2.6141E+03     3.2029E-02     3.3966E-01     CD        437

 BOND    =       31.7825  ANGLE   =      208.8576  DIHED      =     1072.3888
 VDWAALS =     -813.5513  EEL     =    -7535.8428  EGB        =    -1571.5591
 1-4 VDW =      330.1174  1-4 EEL =     5621.2753  RESTRAINT  =       42.4004
 EAMBER  =    -2656.5316


   NSTEP       ENERGY          RMS            GMAX         NAME    NUMBER
    400      -2.6142E+03     1.1717E-02     2.0019E-01     CD        437

 BOND    =       31.7497  ANGLE   =      208.7526  DIHED      =     1072.4465
 VDWAALS =     -813.6580  EEL     =    -7535.8132  EGB        =    -1571.6571
 1-4 VDW =      330.2381  1-4 EEL =     5621.3659  RESTRAINT  =       42.4183
 EAMBER  =    -2656.5755


   NSTEP       ENERGY          RMS            GMAX         NAME    NUMBER
    500      -2.6142E+03     7.6551E-03     9.2336E-02     CD        437

 BOND    =       31.7370  ANGLE   =      208.7366  DIHED      =     1072.4502
 VDWAALS =     -813.6870  EEL     =    -7535.7804  EGB        =    -1571.7045
 1-4 VDW =      330.2701  1-4 EEL =     5621.3865  RESTRAINT  =       42.4293
 EAMBER  =    -2656.5916


   NSTEP       ENERGY          RMS            GMAX         NAME    NUMBER
    600      -2.6142E+03     2.0148E-03     3.0793E-02     OG1      1212

 BOND    =       31.7249  ANGLE   =      208.7100  DIHED      =     1072.4452
 VDWAALS =     -813.6846  EEL     =    -7535.7531  EGB        =    -1571.7216
 1-4 VDW =      330.3071  1-4 EEL =     5621.3902  RESTRAINT  =       42.4185
 EAMBER  =    -2656.5820


   NSTEP       ENERGY          RMS            GMAX         NAME    NUMBER
    700      -2.6142E+03     6.8241E-04     9.8465E-03     OG1      1212

 BOND    =       31.7260  ANGLE   =      208.7126  DIHED      =     1072.4450
 VDWAALS =     -813.6856  EEL     =    -7535.7463  EGB        =    -1571.7265
 1-4 VDW =      330.3069  1-4 EEL =     5621.3827  RESTRAINT  =       42.4216
 EAMBER  =    -2656.5852


   NSTEP       ENERGY          RMS            GMAX         NAME    NUMBER
    800      -2.6142E+03     1.7527E-04     2.2269E-03     HG        116

 BOND    =       31.7257  ANGLE   =      208.7123  DIHED      =     1072.4447
 VDWAALS =     -813.6879  EEL     =    -7535.7445  EGB        =    -1571.7281
 1-4 VDW =      330.3072  1-4 EEL =     5621.3848  RESTRAINT  =       42.4222
 EAMBER  =    -2656.5858


                    FINAL RESULTS



   NSTEP       ENERGY          RMS            GMAX         NAME    NUMBER
    850      -2.6142E+03     7.5293E-05     1.4039E-03     HG        116

 BOND    =       31.7256  ANGLE   =      208.7126  DIHED      =     1072.4445
 VDWAALS =     -813.6888  EEL     =    -7535.7432  EGB        =    -1571.7293
 1-4 VDW =      330.3074  1-4 EEL =     5621.3848  RESTRAINT  =       42.4228
 EAMBER  =    -2656.5864

--------------------------------------------------------------------------------
   5.  TIMINGS
--------------------------------------------------------------------------------

|                Calc gb radii             50.82 (20.11% of Gen B)
|                Calc gb diag              97.28 (38.50% of Gen B)
|                Calc gb off-diag         104.59 (41.39% of Gen B)
|             Gen Born time            252.69 (100.0% of Nonbo)
|          Nonbond force            252.69 (99.30% of Force)
|          Bond/Angle/Dihedral        1.76 ( 0.69% of Force)
|          Other                      0.01 ( 0.01% of Force)
|       Force time               254.46 (100.0% of Runmd)
|    Runmd Time               254.46 (99.75% of Total)
|    Other                      0.64 ( 0.25% of Total)
| Total time               255.11 (100.0% of ALL  )

| Number of list builds   :          0

| Highest rstack allocated:          0
| Highest istack allocated:          0
|           Job began  at 13:52:31.193  on 02/03/2016
|           Setup done at 13:52:31.245  on 02/03/2016
|           Run   done at 13:56:46.298  on 02/03/2016
|     wallclock() was called   15328 times
