
          -------------------------------------------------------
          Amber 14 SANDER                              2014
          -------------------------------------------------------

| Run on 02/03/2016 at 14:11:47

|   Executable path: sander
| Working directory: /lustre/cs1500/scratch/kmb413/RealDecoyDisc/DecoyDiscrimination/decoys.set2.init/1aaj/Rosetta_relaxed
|          Hostname: slepner36


File Assignments:
|  MDIN: /scratch/kmb413/RealDecoyDisc/DecoyDiscrimination/scripts/min/min.in  
| MDOUT: NoH_4_empty_tag_1_629_0001.out                                        
|INPCRD: NoH_4_empty_tag_1_629_0001.rst7                                       
|  PARM: NoH_4_empty_tag_1_629_0001.parm7                                      
|RESTRT: min_NoH_4_empty_tag_1_629_0001.rst7                                   
|  REFC: NoH_4_empty_tag_1_629_0001.rst7                                       
| MDVEL: mdvel                                                                 
| MDFRC: mdfrc                                                                 
|  MDEN: mden                                                                  
| MDCRD: mdcrd                                                                 
|MDINFO: mdinfo                                                                
|  MTMD: mtmd                                                                  
|INPDIP: inpdip                                                                
|RSTDIP: rstdip                                                                
|INPTRA: inptraj                                                               


 Here is the input file:

                                                                               
&cntrl                                                                         
    imin = 1, maxcyc=1000,                                                     
    ntx = 1,                                                                   
    ntwr = 100, ntpr = 100,                                                    
    cut = 999.0,                                                               
    ntb = 0, igb = 8,                                                          
    ntr = 1, restraint_wt = 10, restraintmask = "!@H=",                        
/                                                                              

--------------------------------------------------------------------------------
   1.  RESOURCE   USE: 
--------------------------------------------------------------------------------

| Flags:                                                                        
| New format PARM file being parsed.
| Version =    1.000 Date = 02/03/16 Time = 11:51:20
 NATOM  =    1590 NTYPES =      14 NBONH =     791 MBONA  =     820
 NTHETH =    1812 MTHETA =    1115 NPHIH =    3578 MPHIA  =    3525
 NHPARM =       0 NPARM  =       0 NNB   =    8805 NRES   =     104
 NBONA  =     820 NTHETA =    1115 NPHIA =    3525 NUMBND =      65
 NUMANG =     152 NPTRA  =     189 NATYP =      33 NPHB   =       0
 IFBOX  =       0 NMXRS  =      24 IFCAP =       0 NEXTRA =       0
 NCOPY  =       0

 Implicit solvent radii are ArgH and AspGluO modified Bondi2 radii (mbondi3)                                
 Replacing prmtop screening parameters with GBn2 (igb=8) values

|     Memory Use     Allocated
|     Real              145027
|     Hollerith           4876
|     Integer           109197
|     Max Pairs              1
|     nblistReal             0
|     nblist Int             0
|       Total             1578 kbytes

| Note: 1-4 EEL scale factors are being read from the topology file.

| Note: 1-4 VDW scale factors are being read from the topology file.
| Duplicated    0 dihedrals
| Duplicated    0 dihedrals

--------------------------------------------------------------------------------
   2.  CONTROL  DATA  FOR  THE  RUN
--------------------------------------------------------------------------------

default_name                                                                    

General flags:
     imin    =       1, nmropt  =       0

Nature and format of input:
     ntx     =       1, irest   =       0, ntrx    =       1

Nature and format of output:
     ntxo    =       1, ntpr    =     100, ntrx    =       1, ntwr    =     100
     iwrap   =       0, ntwx    =       0, ntwv    =       0, ntwe    =       0
     ioutfm  =       0, ntwprt  =       0, idecomp =       0, rbornstat=      0

Potential function:
     ntf     =       1, ntb     =       0, igb     =       8, nsnb    =      25
     ipol    =       0, gbsa    =       0, iesp    =       0
     dielc   =   1.00000, cut     = 999.00000, intdiel =   1.00000
     saltcon =   0.00000, offset  =   0.19514, surften =   0.00500
     rdt     =   0.00000, rgbmax  =  25.00000  extdiel =  78.50000
     alpb  =        0
     gbalphaH  =   0.78844, gbbetaH   =   0.79870,  gbgammaH  =    0.43733
     gbalphaC  =   0.73376, gbbetaC   =   0.50638,  gbgammaC  =    0.20584
     gbalphaN  =   0.50336, gbbetaN   =   0.31683,  gbgammaN  =    0.19292
     gbalphaOS =   0.86781, gbbetaOS  =   0.87664,  gbgammaOS =    0.38788
     gbalphaP  =   1.00000, gbbetaP   =   0.80000,  gbgammaP  =    4.85000
     gb_alpha_hnu  =   0.53705, gb_beta_hnu   =   0.36286,  gb_gamma_hnu  =    0.11670
     gb_alpha_cnu  =   0.33167, gb_beta_cnu   =   0.19684,  gb_gamma_cnu  =    0.09342
     gb_alpha_nnu  =   0.68631, gb_beta_nnu   =   0.46319,  gb_gamma_nnu  =    0.13872
     gb_alpha_onu  =   0.60634, gb_beta_onu   =   0.46301,  gb_gamma_onu  =    0.14226
     gb_alpha_pnu  =   0.41836, gb_beta_pnu   =   0.29005,  gb_gamma_pnu  =    0.10642

Frozen or restrained atoms:
     ibelly  =       0, ntr     =       1
     restraint_wt =  10.00000

Energy minimization:
     maxcyc  =    1000, ncyc    =      10, ntmin   =       1
     dx0     =   0.01000, drms    =   0.00010
|  INFO: Old style inpcrd file read


    LOADING THE CONSTRAINED ATOMS AS GROUPS


   5.  REFERENCE ATOM COORDINATES

  defa
     Mask !@H=; matches   799 atoms

--------------------------------------------------------------------------------
   3.  ATOMIC COORDINATES AND VELOCITIES
--------------------------------------------------------------------------------

default_name                                                                    
 begin time read from input coords =     0.000 ps

 Number of triangulated 3-point waters found:        0

--------------------------------------------------------------------------------
   4.  RESULTS
--------------------------------------------------------------------------------



   NSTEP       ENERGY          RMS            GMAX         NAME    NUMBER
      1      -2.2209E+03     9.0016E+00     6.3083E+01     OE1       104

 BOND    =       69.8102  ANGLE   =      211.2031  DIHED      =     1072.2309
 VDWAALS =     -665.1688  EEL     =    -7289.1603  EGB        =    -1750.4837
 1-4 VDW =      436.6682  1-4 EEL =     5693.9531  RESTRAINT  =        0.0000


   NSTEP       ENERGY          RMS            GMAX         NAME    NUMBER
    100      -2.5791E+03     3.5036E-01     2.9631E+00     HG1      1389

 BOND    =       30.5450  ANGLE   =      204.7491  DIHED      =     1073.4365
 VDWAALS =     -800.5111  EEL     =    -7305.1423  EGB        =    -1769.6792
 1-4 VDW =      329.6074  1-4 EEL =     5615.2070  RESTRAINT  =       42.7207
 EAMBER  =    -2621.7875


   NSTEP       ENERGY          RMS            GMAX         NAME    NUMBER
    200      -2.5861E+03     2.8123E-01     6.5642E+00     HG1       605

 BOND    =       31.1074  ANGLE   =      206.1341  DIHED      =     1072.0071
 VDWAALS =     -803.9557  EEL     =    -7311.5747  EGB        =    -1769.2623
 1-4 VDW =      328.3500  1-4 EEL =     5616.3982  RESTRAINT  =       44.7426
 EAMBER  =    -2630.7959


   NSTEP       ENERGY          RMS            GMAX         NAME    NUMBER
    300      -2.5910E+03     3.2163E-02     4.3578E-01     C        1588

 BOND    =       30.5537  ANGLE   =      204.9906  DIHED      =     1070.1954
 VDWAALS =     -803.0092  EEL     =    -7314.4046  EGB        =    -1771.1666
 1-4 VDW =      330.0045  1-4 EEL =     5618.2367  RESTRAINT  =       43.5622
 EAMBER  =    -2634.5996


   NSTEP       ENERGY          RMS            GMAX         NAME    NUMBER
    400      -2.5911E+03     1.2562E-02     1.4177E-01     HG21     1385

 BOND    =       30.5234  ANGLE   =      204.9381  DIHED      =     1070.2247
 VDWAALS =     -803.1025  EEL     =    -7314.7357  EGB        =    -1771.0812
 1-4 VDW =      330.1037  1-4 EEL =     5618.4861  RESTRAINT  =       43.5732
 EAMBER  =    -2634.6436


   NSTEP       ENERGY          RMS            GMAX         NAME    NUMBER
    500      -2.5911E+03     5.0627E-02     6.2271E-01     CB       1382

 BOND    =       30.5378  ANGLE   =      204.9533  DIHED      =     1070.3662
 VDWAALS =     -803.1680  EEL     =    -7315.5214  EGB        =    -1770.6233
 1-4 VDW =      330.1337  1-4 EEL =     5618.6330  RESTRAINT  =       43.5859
 EAMBER  =    -2634.6888


   NSTEP       ENERGY          RMS            GMAX         NAME    NUMBER
    600      -2.5983E+03     1.2970E-01     2.2418E+00     OG       1179

 BOND    =       30.8850  ANGLE   =      205.4017  DIHED      =     1069.9617
 VDWAALS =     -802.1936  EEL     =    -7323.3719  EGB        =    -1770.6756
 1-4 VDW =      329.5511  1-4 EEL =     5618.3960  RESTRAINT  =       43.7362
 EAMBER  =    -2642.0456


   NSTEP       ENERGY          RMS            GMAX         NAME    NUMBER
    700      -2.6000E+03     1.4289E-01     2.4519E+00     HG1       635

 BOND    =       30.9732  ANGLE   =      205.5254  DIHED      =     1068.8153
 VDWAALS =     -802.4908  EEL     =    -7326.1245  EGB        =    -1770.3298
 1-4 VDW =      329.5508  1-4 EEL =     5620.1147  RESTRAINT  =       43.9467
 EAMBER  =    -2643.9655


   NSTEP       ENERGY          RMS            GMAX         NAME    NUMBER
    800      -2.6007E+03     7.6891E-03     1.0448E-01     HG1       635

 BOND    =       30.7079  ANGLE   =      205.0706  DIHED      =     1068.1185
 VDWAALS =     -801.8277  EEL     =    -7326.0302  EGB        =    -1770.6868
 1-4 VDW =      330.2474  1-4 EEL =     5620.2044  RESTRAINT  =       43.5055
 EAMBER  =    -2644.1958


   NSTEP       ENERGY          RMS            GMAX         NAME    NUMBER
    900      -2.6007E+03     1.5452E-03     1.7481E-02     CG2       630

 BOND    =       30.6979  ANGLE   =      205.0483  DIHED      =     1068.0964
 VDWAALS =     -801.7768  EEL     =    -7326.0204  EGB        =    -1770.7173
 1-4 VDW =      330.2887  1-4 EEL =     5620.2033  RESTRAINT  =       43.4867
 EAMBER  =    -2644.1801


                    FINAL RESULTS



   NSTEP       ENERGY          RMS            GMAX         NAME    NUMBER
    970      -2.6007E+03     8.7605E-05     2.3025E-03     HG21      631

 BOND    =       30.6968  ANGLE   =      205.0472  DIHED      =     1068.0958
 VDWAALS =     -801.7731  EEL     =    -7326.0164  EGB        =    -1770.7186
 1-4 VDW =      330.2924  1-4 EEL =     5620.1988  RESTRAINT  =       43.4838
 EAMBER  =    -2644.1772

--------------------------------------------------------------------------------
   5.  TIMINGS
--------------------------------------------------------------------------------

|                Calc gb radii             58.50 (20.40% of Gen B)
|                Calc gb diag             108.47 (37.82% of Gen B)
|                Calc gb off-diag         119.84 (41.78% of Gen B)
|             Gen Born time            286.82 (100.0% of Nonbo)
|          Nonbond force            286.82 (99.30% of Force)
|          Bond/Angle/Dihedral        2.01 ( 0.70% of Force)
|          Other                      0.02 ( 0.01% of Force)
|       Force time               288.84 (100.0% of Runmd)
|    Runmd Time               288.84 (99.69% of Total)
|    Other                      0.89 ( 0.31% of Total)
| Total time               289.73 (100.0% of ALL  )

| Number of list builds   :          0

| Highest rstack allocated:          0
| Highest istack allocated:          0
|           Job began  at 14:11:47.622  on 02/03/2016
|           Setup done at 14:11:47.700  on 02/03/2016
|           Run   done at 14:16:37.354  on 02/03/2016
|     wallclock() was called   17488 times
