
          -------------------------------------------------------
          Amber 14 SANDER                              2014
          -------------------------------------------------------

| Run on 02/03/2016 at 13:34:09

|   Executable path: sander
| Working directory: /lustre/cs1500/scratch/kmb413/RealDecoyDisc/DecoyDiscrimination/decoys.set2.init/1aaj/Rosetta_relaxed
|          Hostname: slepner25


File Assignments:
|  MDIN: /scratch/kmb413/RealDecoyDisc/DecoyDiscrimination/scripts/min/min.in  
| MDOUT: NoH_5_empty_tag_486_0001_0001.out                                     
|INPCRD: NoH_5_empty_tag_486_0001_0001.rst7                                    
|  PARM: NoH_5_empty_tag_486_0001_0001.parm7                                   
|RESTRT: min_NoH_5_empty_tag_486_0001_0001.rst7                                
|  REFC: NoH_5_empty_tag_486_0001_0001.rst7                                    
| MDVEL: mdvel                                                                 
| MDFRC: mdfrc                                                                 
|  MDEN: mden                                                                  
| MDCRD: mdcrd                                                                 
|MDINFO: mdinfo                                                                
|  MTMD: mtmd                                                                  
|INPDIP: inpdip                                                                
|RSTDIP: rstdip                                                                
|INPTRA: inptraj                                                               


 Here is the input file:

                                                                               
&cntrl                                                                         
    imin = 1, maxcyc=1000,                                                     
    ntx = 1,                                                                   
    ntwr = 100, ntpr = 100,                                                    
    cut = 999.0,                                                               
    ntb = 0, igb = 8,                                                          
    ntr = 1, restraint_wt = 10, restraintmask = "!@H=",                        
/                                                                              

--------------------------------------------------------------------------------
   1.  RESOURCE   USE: 
--------------------------------------------------------------------------------

| Flags:                                                                        
| New format PARM file being parsed.
| Version =    1.000 Date = 02/03/16 Time = 11:53:54
 NATOM  =    1590 NTYPES =      14 NBONH =     791 MBONA  =     820
 NTHETH =    1812 MTHETA =    1115 NPHIH =    3578 MPHIA  =    3525
 NHPARM =       0 NPARM  =       0 NNB   =    8805 NRES   =     104
 NBONA  =     820 NTHETA =    1115 NPHIA =    3525 NUMBND =      65
 NUMANG =     152 NPTRA  =     189 NATYP =      33 NPHB   =       0
 IFBOX  =       0 NMXRS  =      24 IFCAP =       0 NEXTRA =       0
 NCOPY  =       0

 Implicit solvent radii are ArgH and AspGluO modified Bondi2 radii (mbondi3)                                
 Replacing prmtop screening parameters with GBn2 (igb=8) values

|     Memory Use     Allocated
|     Real              145027
|     Hollerith           4876
|     Integer           109197
|     Max Pairs              1
|     nblistReal             0
|     nblist Int             0
|       Total             1578 kbytes

| Note: 1-4 EEL scale factors are being read from the topology file.

| Note: 1-4 VDW scale factors are being read from the topology file.
| Duplicated    0 dihedrals
| Duplicated    0 dihedrals

--------------------------------------------------------------------------------
   2.  CONTROL  DATA  FOR  THE  RUN
--------------------------------------------------------------------------------

default_name                                                                    

General flags:
     imin    =       1, nmropt  =       0

Nature and format of input:
     ntx     =       1, irest   =       0, ntrx    =       1

Nature and format of output:
     ntxo    =       1, ntpr    =     100, ntrx    =       1, ntwr    =     100
     iwrap   =       0, ntwx    =       0, ntwv    =       0, ntwe    =       0
     ioutfm  =       0, ntwprt  =       0, idecomp =       0, rbornstat=      0

Potential function:
     ntf     =       1, ntb     =       0, igb     =       8, nsnb    =      25
     ipol    =       0, gbsa    =       0, iesp    =       0
     dielc   =   1.00000, cut     = 999.00000, intdiel =   1.00000
     saltcon =   0.00000, offset  =   0.19514, surften =   0.00500
     rdt     =   0.00000, rgbmax  =  25.00000  extdiel =  78.50000
     alpb  =        0
     gbalphaH  =   0.78844, gbbetaH   =   0.79870,  gbgammaH  =    0.43733
     gbalphaC  =   0.73376, gbbetaC   =   0.50638,  gbgammaC  =    0.20584
     gbalphaN  =   0.50336, gbbetaN   =   0.31683,  gbgammaN  =    0.19292
     gbalphaOS =   0.86781, gbbetaOS  =   0.87664,  gbgammaOS =    0.38788
     gbalphaP  =   1.00000, gbbetaP   =   0.80000,  gbgammaP  =    4.85000
     gb_alpha_hnu  =   0.53705, gb_beta_hnu   =   0.36286,  gb_gamma_hnu  =    0.11670
     gb_alpha_cnu  =   0.33167, gb_beta_cnu   =   0.19684,  gb_gamma_cnu  =    0.09342
     gb_alpha_nnu  =   0.68631, gb_beta_nnu   =   0.46319,  gb_gamma_nnu  =    0.13872
     gb_alpha_onu  =   0.60634, gb_beta_onu   =   0.46301,  gb_gamma_onu  =    0.14226
     gb_alpha_pnu  =   0.41836, gb_beta_pnu   =   0.29005,  gb_gamma_pnu  =    0.10642

Frozen or restrained atoms:
     ibelly  =       0, ntr     =       1
     restraint_wt =  10.00000

Energy minimization:
     maxcyc  =    1000, ncyc    =      10, ntmin   =       1
     dx0     =   0.01000, drms    =   0.00010
|  INFO: Old style inpcrd file read


    LOADING THE CONSTRAINED ATOMS AS GROUPS


   5.  REFERENCE ATOM COORDINATES

  defa
     Mask !@H=; matches   799 atoms

--------------------------------------------------------------------------------
   3.  ATOMIC COORDINATES AND VELOCITIES
--------------------------------------------------------------------------------

default_name                                                                    
 begin time read from input coords =     0.000 ps

 Number of triangulated 3-point waters found:        0

--------------------------------------------------------------------------------
   4.  RESULTS
--------------------------------------------------------------------------------



   NSTEP       ENERGY          RMS            GMAX         NAME    NUMBER
      1      -2.2037E+03     9.2083E+00     6.0742E+01     OE1       730

 BOND    =       71.9015  ANGLE   =      211.5308  DIHED      =     1082.2554
 VDWAALS =     -667.5899  EEL     =    -7421.0907  EGB        =    -1659.8068
 1-4 VDW =      449.6229  1-4 EEL =     5729.5208  RESTRAINT  =        0.0000


   NSTEP       ENERGY          RMS            GMAX         NAME    NUMBER
    100      -2.5861E+03     5.4601E-01     5.3817E+00     CG        311

 BOND    =       32.1317  ANGLE   =      213.2196  DIHED      =     1083.5534
 VDWAALS =     -817.2780  EEL     =    -7416.8694  EGB        =    -1692.1100
 1-4 VDW =      332.5253  1-4 EEL =     5632.8546  RESTRAINT  =       45.8801
 EAMBER  =    -2631.9729


   NSTEP       ENERGY          RMS            GMAX         NAME    NUMBER
    200      -2.5924E+03     3.2038E-01     5.0162E+00     HG1       635

 BOND    =       31.7840  ANGLE   =      213.0018  DIHED      =     1083.3073
 VDWAALS =     -820.3506  EEL     =    -7419.0493  EGB        =    -1694.6029
 1-4 VDW =      333.4612  1-4 EEL =     5633.7460  RESTRAINT  =       46.2583
 EAMBER  =    -2638.7024


   NSTEP       ENERGY          RMS            GMAX         NAME    NUMBER
    300      -2.5980E+03     4.4094E-02     3.9583E-01     C         622

 BOND    =       31.3698  ANGLE   =      211.6603  DIHED      =     1082.2593
 VDWAALS =     -818.8942  EEL     =    -7421.0675  EGB        =    -1697.8434
 1-4 VDW =      334.5780  1-4 EEL =     5634.5370  RESTRAINT  =       45.4246
 EAMBER  =    -2643.4007


   NSTEP       ENERGY          RMS            GMAX         NAME    NUMBER
    400      -2.5980E+03     8.4140E-03     1.4605E-01     HB        629

 BOND    =       31.3300  ANGLE   =      211.6129  DIHED      =     1082.3762
 VDWAALS =     -819.0550  EEL     =    -7421.0207  EGB        =    -1697.9602
 1-4 VDW =      334.6868  1-4 EEL =     5634.5632  RESTRAINT  =       45.4576
 EAMBER  =    -2643.4667


   NSTEP       ENERGY          RMS            GMAX         NAME    NUMBER
    500      -2.5980E+03     5.0780E-02     1.1102E+00     OG        115

 BOND    =       31.3200  ANGLE   =      211.5928  DIHED      =     1082.5647
 VDWAALS =     -819.1169  EEL     =    -7420.9126  EGB        =    -1698.2218
 1-4 VDW =      334.6974  1-4 EEL =     5634.5273  RESTRAINT  =       45.5291
 EAMBER  =    -2643.5490


   NSTEP       ENERGY          RMS            GMAX         NAME    NUMBER
    600      -2.6001E+03     3.2473E-01     9.4668E+00     OG        115

 BOND    =       32.2315  ANGLE   =      213.4772  DIHED      =     1082.3674
 VDWAALS =     -820.9955  EEL     =    -7420.9289  EGB        =    -1699.8381
 1-4 VDW =      333.1146  1-4 EEL =     5633.3277  RESTRAINT  =       47.1666
 EAMBER  =    -2647.2440


   NSTEP       ENERGY          RMS            GMAX         NAME    NUMBER
    700      -2.6047E+03     1.3944E-02     2.3150E-01     CA        110

 BOND    =       31.3903  ANGLE   =      211.3054  DIHED      =     1081.2085
 VDWAALS =     -820.0392  EEL     =    -7424.7570  EGB        =    -1698.6828
 1-4 VDW =      335.1181  1-4 EEL =     5634.1553  RESTRAINT  =       45.5762
 EAMBER  =    -2650.3014


   NSTEP       ENERGY          RMS            GMAX         NAME    NUMBER
    800      -2.6047E+03     1.7201E-03     2.1687E-02     CB        112

 BOND    =       31.3762  ANGLE   =      211.2481  DIHED      =     1081.1952
 VDWAALS =     -819.9849  EEL     =    -7424.7591  EGB        =    -1698.6583
 1-4 VDW =      335.1519  1-4 EEL =     5634.1548  RESTRAINT  =       45.5448
 EAMBER  =    -2650.2761


                    FINAL RESULTS



   NSTEP       ENERGY          RMS            GMAX         NAME    NUMBER
    871      -2.6047E+03     9.1551E-05     1.0605E-03     HD11     1193

 BOND    =       31.3751  ANGLE   =      211.2415  DIHED      =     1081.1894
 VDWAALS =     -819.9748  EEL     =    -7424.7599  EGB        =    -1698.6557
 1-4 VDW =      335.1594  1-4 EEL =     5634.1537  RESTRAINT  =       45.5399
 EAMBER  =    -2650.2714

--------------------------------------------------------------------------------
   5.  TIMINGS
--------------------------------------------------------------------------------

|                Calc gb radii             51.73 (20.39% of Gen B)
|                Calc gb diag              95.81 (37.77% of Gen B)
|                Calc gb off-diag         106.16 (41.84% of Gen B)
|             Gen Born time            253.70 (100.0% of Nonbo)
|          Nonbond force            253.70 (99.29% of Force)
|          Bond/Angle/Dihedral        1.81 ( 0.71% of Force)
|          Other                      0.01 ( 0.01% of Force)
|       Force time               255.52 (100.0% of Runmd)
|    Runmd Time               255.52 (99.59% of Total)
|    Other                      1.04 ( 0.41% of Total)
| Total time               256.57 (100.0% of ALL  )

| Number of list builds   :          0

| Highest rstack allocated:          0
| Highest istack allocated:          0
|           Job began  at 13:34:09.394  on 02/03/2016
|           Setup done at 13:34:09.457  on 02/03/2016
|           Run   done at 13:38:25.961  on 02/03/2016
|     wallclock() was called   15706 times
