
          -------------------------------------------------------
          Amber 14 SANDER                              2014
          -------------------------------------------------------

| Run on 02/03/2016 at 12:30:51

|   Executable path: sander
| Working directory: /lustre/cs1500/scratch/kmb413/RealDecoyDisc/DecoyDiscrimination/decoys.set2.init/1aaj/Rosetta_relaxed
|          Hostname: slepner13


File Assignments:
|  MDIN: /scratch/kmb413/RealDecoyDisc/DecoyDiscrimination/scripts/min/min.in  
| MDOUT: NoH_3_empty_tag_1_954_0001.out                                        
|INPCRD: NoH_3_empty_tag_1_954_0001.rst7                                       
|  PARM: NoH_3_empty_tag_1_954_0001.parm7                                      
|RESTRT: min_NoH_3_empty_tag_1_954_0001.rst7                                   
|  REFC: NoH_3_empty_tag_1_954_0001.rst7                                       
| MDVEL: mdvel                                                                 
| MDFRC: mdfrc                                                                 
|  MDEN: mden                                                                  
| MDCRD: mdcrd                                                                 
|MDINFO: mdinfo                                                                
|  MTMD: mtmd                                                                  
|INPDIP: inpdip                                                                
|RSTDIP: rstdip                                                                
|INPTRA: inptraj                                                               


 Here is the input file:

                                                                               
&cntrl                                                                         
    imin = 1, maxcyc=1000,                                                     
    ntx = 1,                                                                   
    ntwr = 100, ntpr = 100,                                                    
    cut = 999.0,                                                               
    ntb = 0, igb = 8,                                                          
    ntr = 1, restraint_wt = 10, restraintmask = "!@H=",                        
/                                                                              

--------------------------------------------------------------------------------
   1.  RESOURCE   USE: 
--------------------------------------------------------------------------------

| Flags:                                                                        
| New format PARM file being parsed.
| Version =    1.000 Date = 02/03/16 Time = 11:49:45
 NATOM  =    1590 NTYPES =      14 NBONH =     791 MBONA  =     820
 NTHETH =    1812 MTHETA =    1115 NPHIH =    3578 MPHIA  =    3525
 NHPARM =       0 NPARM  =       0 NNB   =    8805 NRES   =     104
 NBONA  =     820 NTHETA =    1115 NPHIA =    3525 NUMBND =      65
 NUMANG =     152 NPTRA  =     189 NATYP =      33 NPHB   =       0
 IFBOX  =       0 NMXRS  =      24 IFCAP =       0 NEXTRA =       0
 NCOPY  =       0

 Implicit solvent radii are ArgH and AspGluO modified Bondi2 radii (mbondi3)                                
 Replacing prmtop screening parameters with GBn2 (igb=8) values

|     Memory Use     Allocated
|     Real              145027
|     Hollerith           4876
|     Integer           109197
|     Max Pairs              1
|     nblistReal             0
|     nblist Int             0
|       Total             1578 kbytes

| Note: 1-4 EEL scale factors are being read from the topology file.

| Note: 1-4 VDW scale factors are being read from the topology file.
| Duplicated    0 dihedrals
| Duplicated    0 dihedrals

--------------------------------------------------------------------------------
   2.  CONTROL  DATA  FOR  THE  RUN
--------------------------------------------------------------------------------

default_name                                                                    

General flags:
     imin    =       1, nmropt  =       0

Nature and format of input:
     ntx     =       1, irest   =       0, ntrx    =       1

Nature and format of output:
     ntxo    =       1, ntpr    =     100, ntrx    =       1, ntwr    =     100
     iwrap   =       0, ntwx    =       0, ntwv    =       0, ntwe    =       0
     ioutfm  =       0, ntwprt  =       0, idecomp =       0, rbornstat=      0

Potential function:
     ntf     =       1, ntb     =       0, igb     =       8, nsnb    =      25
     ipol    =       0, gbsa    =       0, iesp    =       0
     dielc   =   1.00000, cut     = 999.00000, intdiel =   1.00000
     saltcon =   0.00000, offset  =   0.19514, surften =   0.00500
     rdt     =   0.00000, rgbmax  =  25.00000  extdiel =  78.50000
     alpb  =        0
     gbalphaH  =   0.78844, gbbetaH   =   0.79870,  gbgammaH  =    0.43733
     gbalphaC  =   0.73376, gbbetaC   =   0.50638,  gbgammaC  =    0.20584
     gbalphaN  =   0.50336, gbbetaN   =   0.31683,  gbgammaN  =    0.19292
     gbalphaOS =   0.86781, gbbetaOS  =   0.87664,  gbgammaOS =    0.38788
     gbalphaP  =   1.00000, gbbetaP   =   0.80000,  gbgammaP  =    4.85000
     gb_alpha_hnu  =   0.53705, gb_beta_hnu   =   0.36286,  gb_gamma_hnu  =    0.11670
     gb_alpha_cnu  =   0.33167, gb_beta_cnu   =   0.19684,  gb_gamma_cnu  =    0.09342
     gb_alpha_nnu  =   0.68631, gb_beta_nnu   =   0.46319,  gb_gamma_nnu  =    0.13872
     gb_alpha_onu  =   0.60634, gb_beta_onu   =   0.46301,  gb_gamma_onu  =    0.14226
     gb_alpha_pnu  =   0.41836, gb_beta_pnu   =   0.29005,  gb_gamma_pnu  =    0.10642

Frozen or restrained atoms:
     ibelly  =       0, ntr     =       1
     restraint_wt =  10.00000

Energy minimization:
     maxcyc  =    1000, ncyc    =      10, ntmin   =       1
     dx0     =   0.01000, drms    =   0.00010
|  INFO: Old style inpcrd file read


    LOADING THE CONSTRAINED ATOMS AS GROUPS


   5.  REFERENCE ATOM COORDINATES

  defa
     Mask !@H=; matches   799 atoms

--------------------------------------------------------------------------------
   3.  ATOMIC COORDINATES AND VELOCITIES
--------------------------------------------------------------------------------

default_name                                                                    
 begin time read from input coords =     0.000 ps

 Number of triangulated 3-point waters found:        0

--------------------------------------------------------------------------------
   4.  RESULTS
--------------------------------------------------------------------------------



   NSTEP       ENERGY          RMS            GMAX         NAME    NUMBER
      1      -2.2353E+03     9.0271E+00     6.2048E+01     OE1       945

 BOND    =       69.3283  ANGLE   =      211.3320  DIHED      =     1080.9470
 VDWAALS =     -671.3804  EEL     =    -7271.7976  EGB        =    -1781.1896
 1-4 VDW =      439.0341  1-4 EEL =     5688.4734  RESTRAINT  =        0.0000


   NSTEP       ENERGY          RMS            GMAX         NAME    NUMBER
    100      -2.5883E+03     3.4952E-01     3.3687E+00     CD        193

 BOND    =       30.6575  ANGLE   =      205.5486  DIHED      =     1082.4611
 VDWAALS =     -798.6121  EEL     =    -7285.7260  EGB        =    -1801.2240
 1-4 VDW =      330.0336  1-4 EEL =     5608.8620  RESTRAINT  =       39.7248
 EAMBER  =    -2627.9994


   NSTEP       ENERGY          RMS            GMAX         NAME    NUMBER
    200      -2.6000E+03     1.6889E-01     1.4775E+00     HG1      1389

 BOND    =       30.8428  ANGLE   =      206.0711  DIHED      =     1080.0691
 VDWAALS =     -799.8634  EEL     =    -7298.6996  EGB        =    -1799.1300
 1-4 VDW =      329.7203  1-4 EEL =     5610.5391  RESTRAINT  =       40.4340
 EAMBER  =    -2640.4506


   NSTEP       ENERGY          RMS            GMAX         NAME    NUMBER
    300      -2.6007E+03     1.7245E-02     2.4813E-01     OG1       604

 BOND    =       30.4520  ANGLE   =      205.2978  DIHED      =     1079.3535
 VDWAALS =     -799.9882  EEL     =    -7299.5628  EGB        =    -1798.5487
 1-4 VDW =      330.6523  1-4 EEL =     5611.5735  RESTRAINT  =       40.1072
 EAMBER  =    -2640.7705


   NSTEP       ENERGY          RMS            GMAX         NAME    NUMBER
    400      -2.6007E+03     3.8131E-03     4.0450E-02     CG        589

 BOND    =       30.4288  ANGLE   =      205.2353  DIHED      =     1079.3243
 VDWAALS =     -800.0176  EEL     =    -7299.5414  EGB        =    -1798.5745
 1-4 VDW =      330.7410  1-4 EEL =     5611.6406  RESTRAINT  =       40.0878
 EAMBER  =    -2640.7636


   NSTEP       ENERGY          RMS            GMAX         NAME    NUMBER
    500      -2.6007E+03     1.2702E-03     1.3751E-02     CG        589

 BOND    =       30.4172  ANGLE   =      205.2207  DIHED      =     1079.3185
 VDWAALS =     -800.0223  EEL     =    -7299.5394  EGB        =    -1798.5755
 1-4 VDW =      330.7687  1-4 EEL =     5611.6522  RESTRAINT  =       40.0818
 EAMBER  =    -2640.7598


   NSTEP       ENERGY          RMS            GMAX         NAME    NUMBER
    600      -2.6007E+03     1.1945E-03     1.1681E-02     CB       1399

 BOND    =       30.4183  ANGLE   =      205.2235  DIHED      =     1079.3197
 VDWAALS =     -800.0294  EEL     =    -7299.5388  EGB        =    -1798.5777
 1-4 VDW =      330.7681  1-4 EEL =     5611.6508  RESTRAINT  =       40.0873
 EAMBER  =    -2640.7655

     ... RESTARTED DUE TO LINMIN FAILURE ...


   NSTEP       ENERGY          RMS            GMAX         NAME    NUMBER
    700      -2.6007E+03     4.4601E-03     5.3088E-02     CG2       600

 BOND    =       30.4181  ANGLE   =      205.2248  DIHED      =     1079.3206
 VDWAALS =     -800.0340  EEL     =    -7299.5361  EGB        =    -1798.5788
 1-4 VDW =      330.7657  1-4 EEL =     5611.6496  RESTRAINT  =       40.0919
 EAMBER  =    -2640.7702

     ... RESTARTED DUE TO LINMIN FAILURE ...

     ... RESTARTED DUE TO LINMIN FAILURE ...

     ... RESTARTED DUE TO LINMIN FAILURE ...

     ... RESTARTED DUE TO LINMIN FAILURE ...

     ***** REPEATED LINMIN FAILURE *****

     ***** SEE http://ambermd.org/Questions/linmin.html FOR MORE INFO *****


                    FINAL RESULTS



   NSTEP       ENERGY          RMS            GMAX         NAME    NUMBER
    793      -2.6007E+03     1.3710E-04     3.0778E-03     OG1       604

 BOND    =       30.4195  ANGLE   =      205.2262  DIHED      =     1079.3213
 VDWAALS =     -800.0362  EEL     =    -7299.5364  EGB        =    -1798.5801
 1-4 VDW =      330.7656  1-4 EEL =     5611.6484  RESTRAINT  =       40.0932
 EAMBER  =    -2640.7715

--------------------------------------------------------------------------------
   5.  TIMINGS
--------------------------------------------------------------------------------

|                Calc gb radii             46.72 (20.36% of Gen B)
|                Calc gb diag              86.38 (37.65% of Gen B)
|                Calc gb off-diag          96.34 (41.99% of Gen B)
|             Gen Born time            229.44 (100.0% of Nonbo)
|          Nonbond force            229.44 (99.28% of Force)
|          Bond/Angle/Dihedral        1.64 ( 0.71% of Force)
|          Other                      0.01 ( 0.01% of Force)
|       Force time               231.10 (100.0% of Runmd)
|    Runmd Time               231.10 (99.70% of Total)
|    Other                      0.70 ( 0.30% of Total)
| Total time               231.80 (100.0% of ALL  )

| Number of list builds   :          0

| Highest rstack allocated:          0
| Highest istack allocated:          0
|           Job began  at 12:30:51.088  on 02/03/2016
|           Setup done at 12:30:51.138  on 02/03/2016
|           Run   done at 12:34:42.886  on 02/03/2016
|     wallclock() was called   14302 times
