
          -------------------------------------------------------
          Amber 14 SANDER                              2014
          -------------------------------------------------------

| Run on 02/03/2016 at 13:04:12

|   Executable path: sander
| Working directory: /lustre/cs1500/scratch/kmb413/RealDecoyDisc/DecoyDiscrimination/decoys.set2.init/1aaj/Rosetta_relaxed
|          Hostname: slepner15


File Assignments:
|  MDIN: /scratch/kmb413/RealDecoyDisc/DecoyDiscrimination/scripts/min/min.in  
| MDOUT: NoH_2_empty_tag_1464_0001_0001.out                                    
|INPCRD: NoH_2_empty_tag_1464_0001_0001.rst7                                   
|  PARM: NoH_2_empty_tag_1464_0001_0001.parm7                                  
|RESTRT: min_NoH_2_empty_tag_1464_0001_0001.rst7                               
|  REFC: NoH_2_empty_tag_1464_0001_0001.rst7                                   
| MDVEL: mdvel                                                                 
| MDFRC: mdfrc                                                                 
|  MDEN: mden                                                                  
| MDCRD: mdcrd                                                                 
|MDINFO: mdinfo                                                                
|  MTMD: mtmd                                                                  
|INPDIP: inpdip                                                                
|RSTDIP: rstdip                                                                
|INPTRA: inptraj                                                               


 Here is the input file:

                                                                               
&cntrl                                                                         
    imin = 1, maxcyc=1000,                                                     
    ntx = 1,                                                                   
    ntwr = 100, ntpr = 100,                                                    
    cut = 999.0,                                                               
    ntb = 0, igb = 8,                                                          
    ntr = 1, restraint_wt = 10, restraintmask = "!@H=",                        
/                                                                              

--------------------------------------------------------------------------------
   1.  RESOURCE   USE: 
--------------------------------------------------------------------------------

| Flags:                                                                        
| New format PARM file being parsed.
| Version =    1.000 Date = 02/03/16 Time = 11:47:07
 NATOM  =    1590 NTYPES =      14 NBONH =     791 MBONA  =     820
 NTHETH =    1812 MTHETA =    1115 NPHIH =    3578 MPHIA  =    3525
 NHPARM =       0 NPARM  =       0 NNB   =    8805 NRES   =     104
 NBONA  =     820 NTHETA =    1115 NPHIA =    3525 NUMBND =      65
 NUMANG =     152 NPTRA  =     189 NATYP =      33 NPHB   =       0
 IFBOX  =       0 NMXRS  =      24 IFCAP =       0 NEXTRA =       0
 NCOPY  =       0

 Implicit solvent radii are ArgH and AspGluO modified Bondi2 radii (mbondi3)                                
 Replacing prmtop screening parameters with GBn2 (igb=8) values

|     Memory Use     Allocated
|     Real              145027
|     Hollerith           4876
|     Integer           109197
|     Max Pairs              1
|     nblistReal             0
|     nblist Int             0
|       Total             1578 kbytes

| Note: 1-4 EEL scale factors are being read from the topology file.

| Note: 1-4 VDW scale factors are being read from the topology file.
| Duplicated    0 dihedrals
| Duplicated    0 dihedrals

--------------------------------------------------------------------------------
   2.  CONTROL  DATA  FOR  THE  RUN
--------------------------------------------------------------------------------

default_name                                                                    

General flags:
     imin    =       1, nmropt  =       0

Nature and format of input:
     ntx     =       1, irest   =       0, ntrx    =       1

Nature and format of output:
     ntxo    =       1, ntpr    =     100, ntrx    =       1, ntwr    =     100
     iwrap   =       0, ntwx    =       0, ntwv    =       0, ntwe    =       0
     ioutfm  =       0, ntwprt  =       0, idecomp =       0, rbornstat=      0

Potential function:
     ntf     =       1, ntb     =       0, igb     =       8, nsnb    =      25
     ipol    =       0, gbsa    =       0, iesp    =       0
     dielc   =   1.00000, cut     = 999.00000, intdiel =   1.00000
     saltcon =   0.00000, offset  =   0.19514, surften =   0.00500
     rdt     =   0.00000, rgbmax  =  25.00000  extdiel =  78.50000
     alpb  =        0
     gbalphaH  =   0.78844, gbbetaH   =   0.79870,  gbgammaH  =    0.43733
     gbalphaC  =   0.73376, gbbetaC   =   0.50638,  gbgammaC  =    0.20584
     gbalphaN  =   0.50336, gbbetaN   =   0.31683,  gbgammaN  =    0.19292
     gbalphaOS =   0.86781, gbbetaOS  =   0.87664,  gbgammaOS =    0.38788
     gbalphaP  =   1.00000, gbbetaP   =   0.80000,  gbgammaP  =    4.85000
     gb_alpha_hnu  =   0.53705, gb_beta_hnu   =   0.36286,  gb_gamma_hnu  =    0.11670
     gb_alpha_cnu  =   0.33167, gb_beta_cnu   =   0.19684,  gb_gamma_cnu  =    0.09342
     gb_alpha_nnu  =   0.68631, gb_beta_nnu   =   0.46319,  gb_gamma_nnu  =    0.13872
     gb_alpha_onu  =   0.60634, gb_beta_onu   =   0.46301,  gb_gamma_onu  =    0.14226
     gb_alpha_pnu  =   0.41836, gb_beta_pnu   =   0.29005,  gb_gamma_pnu  =    0.10642

Frozen or restrained atoms:
     ibelly  =       0, ntr     =       1
     restraint_wt =  10.00000

Energy minimization:
     maxcyc  =    1000, ncyc    =      10, ntmin   =       1
     dx0     =   0.01000, drms    =   0.00010
|  INFO: Old style inpcrd file read


    LOADING THE CONSTRAINED ATOMS AS GROUPS


   5.  REFERENCE ATOM COORDINATES

  defa
     Mask !@H=; matches   799 atoms

--------------------------------------------------------------------------------
   3.  ATOMIC COORDINATES AND VELOCITIES
--------------------------------------------------------------------------------

default_name                                                                    
 begin time read from input coords =     0.000 ps

 Number of triangulated 3-point waters found:        0

--------------------------------------------------------------------------------
   4.  RESULTS
--------------------------------------------------------------------------------



   NSTEP       ENERGY          RMS            GMAX         NAME    NUMBER
      1      -2.2282E+03     9.0257E+00     6.1976E+01     OE1       945

 BOND    =       69.4405  ANGLE   =      211.3831  DIHED      =     1075.9044
 VDWAALS =     -653.4203  EEL     =    -7343.8417  EGB        =    -1721.7787
 1-4 VDW =      443.7671  1-4 EEL =     5690.3591  RESTRAINT  =        0.0000


   NSTEP       ENERGY          RMS            GMAX         NAME    NUMBER
    100      -2.5905E+03     3.8403E-01     3.0433E+00     CE2       650

 BOND    =       31.7489  ANGLE   =      208.2193  DIHED      =     1079.4100
 VDWAALS =     -786.1443  EEL     =    -7351.2807  EGB        =    -1750.6658
 1-4 VDW =      330.5018  1-4 EEL =     5606.8472  RESTRAINT  =       40.8694
 EAMBER  =    -2631.3637


   NSTEP       ENERGY          RMS            GMAX         NAME    NUMBER
    200      -2.6020E+03     1.0415E-01     1.2754E+00     HG1      1389

 BOND    =       31.5315  ANGLE   =      208.2099  DIHED      =     1075.9856
 VDWAALS =     -786.9322  EEL     =    -7362.2250  EGB        =    -1749.3969
 1-4 VDW =      331.1155  1-4 EEL =     5608.5761  RESTRAINT  =       41.1635
 EAMBER  =    -2643.1354


   NSTEP       ENERGY          RMS            GMAX         NAME    NUMBER
    300      -2.6100E+03     2.3698E-01     3.5008E+00     CB       1176

 BOND    =       32.0474  ANGLE   =      209.6295  DIHED      =     1074.9644
 VDWAALS =     -787.3177  EEL     =    -7362.2203  EGB        =    -1756.5735
 1-4 VDW =      330.0469  1-4 EEL =     5607.9369  RESTRAINT  =       41.4561
 EAMBER  =    -2651.4864


   NSTEP       ENERGY          RMS            GMAX         NAME    NUMBER
    400      -2.6111E+03     1.0208E-02     1.4458E-01     CG       1324

 BOND    =       31.6032  ANGLE   =      207.9678  DIHED      =     1074.6003
 VDWAALS =     -785.8972  EEL     =    -7363.0726  EGB        =    -1756.8887
 1-4 VDW =      331.5772  1-4 EEL =     5608.3584  RESTRAINT  =       40.6289
 EAMBER  =    -2651.7517


   NSTEP       ENERGY          RMS            GMAX         NAME    NUMBER
    500      -2.6111E+03     1.3100E-03     1.4261E-02     CA       1174

 BOND    =       31.5948  ANGLE   =      207.9529  DIHED      =     1074.5999
 VDWAALS =     -785.8949  EEL     =    -7363.0762  EGB        =    -1756.9026
 1-4 VDW =      331.6094  1-4 EEL =     5608.3630  RESTRAINT  =       40.6290
 EAMBER  =    -2651.7536


   NSTEP       ENERGY          RMS            GMAX         NAME    NUMBER
    600      -2.6111E+03     6.5174E-04     7.2718E-03     CD        193

 BOND    =       31.5948  ANGLE   =      207.9538  DIHED      =     1074.5990
 VDWAALS =     -785.8969  EEL     =    -7363.0699  EGB        =    -1756.9006
 1-4 VDW =      331.6085  1-4 EEL =     5608.3583  RESTRAINT  =       40.6282
 EAMBER  =    -2651.7529


   NSTEP       ENERGY          RMS            GMAX         NAME    NUMBER
    700      -2.6111E+03     4.3839E-04     1.4453E-02     CD        193

 BOND    =       31.5945  ANGLE   =      207.9544  DIHED      =     1074.5987
 VDWAALS =     -785.8981  EEL     =    -7363.0699  EGB        =    -1756.8998
 1-4 VDW =      331.6087  1-4 EEL =     5608.3580  RESTRAINT  =       40.6288
 EAMBER  =    -2651.7536


                    FINAL RESULTS



   NSTEP       ENERGY          RMS            GMAX         NAME    NUMBER
    745      -2.6111E+03     9.7901E-05     1.2216E-03     HD11      330

 BOND    =       31.5945  ANGLE   =      207.9541  DIHED      =     1074.5987
 VDWAALS =     -785.8984  EEL     =    -7363.0702  EGB        =    -1756.8995
 1-4 VDW =      331.6087  1-4 EEL =     5608.3583  RESTRAINT  =       40.6290
 EAMBER  =    -2651.7538

--------------------------------------------------------------------------------
   5.  TIMINGS
--------------------------------------------------------------------------------

|                Calc gb radii             43.72 (20.23% of Gen B)
|                Calc gb diag              80.81 (37.40% of Gen B)
|                Calc gb off-diag          91.53 (42.36% of Gen B)
|             Gen Born time            216.05 (100.0% of Nonbo)
|          Nonbond force            216.06 (99.29% of Force)
|          Bond/Angle/Dihedral        1.54 ( 0.71% of Force)
|          Other                      0.01 ( 0.01% of Force)
|       Force time               217.61 (100.0% of Runmd)
|    Runmd Time               217.61 (99.70% of Total)
|    Other                      0.66 ( 0.30% of Total)
| Total time               218.27 (100.0% of ALL  )

| Number of list builds   :          0

| Highest rstack allocated:          0
| Highest istack allocated:          0
|           Job began  at 13:04:12.678  on 02/03/2016
|           Setup done at 13:04:12.759  on 02/03/2016
|           Run   done at 13:07:50.945  on 02/03/2016
|     wallclock() was called   13438 times
