
          -------------------------------------------------------
          Amber 14 SANDER                              2014
          -------------------------------------------------------

| Run on 02/03/2016 at 13:54:52

|   Executable path: sander
| Working directory: /lustre/cs1500/scratch/kmb413/RealDecoyDisc/DecoyDiscrimination/decoys.set2.init/1aaj/Rosetta_relaxed
|          Hostname: slepner43


File Assignments:
|  MDIN: /scratch/kmb413/RealDecoyDisc/DecoyDiscrimination/scripts/min/min.in  
| MDOUT: NoH_5_empty_tag_1_495_0001.out                                        
|INPCRD: NoH_5_empty_tag_1_495_0001.rst7                                       
|  PARM: NoH_5_empty_tag_1_495_0001.parm7                                      
|RESTRT: min_NoH_5_empty_tag_1_495_0001.rst7                                   
|  REFC: NoH_5_empty_tag_1_495_0001.rst7                                       
| MDVEL: mdvel                                                                 
| MDFRC: mdfrc                                                                 
|  MDEN: mden                                                                  
| MDCRD: mdcrd                                                                 
|MDINFO: mdinfo                                                                
|  MTMD: mtmd                                                                  
|INPDIP: inpdip                                                                
|RSTDIP: rstdip                                                                
|INPTRA: inptraj                                                               


 Here is the input file:

                                                                               
&cntrl                                                                         
    imin = 1, maxcyc=1000,                                                     
    ntx = 1,                                                                   
    ntwr = 100, ntpr = 100,                                                    
    cut = 999.0,                                                               
    ntb = 0, igb = 8,                                                          
    ntr = 1, restraint_wt = 10, restraintmask = "!@H=",                        
/                                                                              

--------------------------------------------------------------------------------
   1.  RESOURCE   USE: 
--------------------------------------------------------------------------------

| Flags:                                                                        
| New format PARM file being parsed.
| Version =    1.000 Date = 02/03/16 Time = 11:52:58
 NATOM  =    1590 NTYPES =      14 NBONH =     791 MBONA  =     820
 NTHETH =    1812 MTHETA =    1115 NPHIH =    3578 MPHIA  =    3525
 NHPARM =       0 NPARM  =       0 NNB   =    8805 NRES   =     104
 NBONA  =     820 NTHETA =    1115 NPHIA =    3525 NUMBND =      65
 NUMANG =     152 NPTRA  =     189 NATYP =      33 NPHB   =       0
 IFBOX  =       0 NMXRS  =      24 IFCAP =       0 NEXTRA =       0
 NCOPY  =       0

 Implicit solvent radii are ArgH and AspGluO modified Bondi2 radii (mbondi3)                                
 Replacing prmtop screening parameters with GBn2 (igb=8) values

|     Memory Use     Allocated
|     Real              145027
|     Hollerith           4876
|     Integer           109197
|     Max Pairs              1
|     nblistReal             0
|     nblist Int             0
|       Total             1578 kbytes

| Note: 1-4 EEL scale factors are being read from the topology file.

| Note: 1-4 VDW scale factors are being read from the topology file.
| Duplicated    0 dihedrals
| Duplicated    0 dihedrals

--------------------------------------------------------------------------------
   2.  CONTROL  DATA  FOR  THE  RUN
--------------------------------------------------------------------------------

default_name                                                                    

General flags:
     imin    =       1, nmropt  =       0

Nature and format of input:
     ntx     =       1, irest   =       0, ntrx    =       1

Nature and format of output:
     ntxo    =       1, ntpr    =     100, ntrx    =       1, ntwr    =     100
     iwrap   =       0, ntwx    =       0, ntwv    =       0, ntwe    =       0
     ioutfm  =       0, ntwprt  =       0, idecomp =       0, rbornstat=      0

Potential function:
     ntf     =       1, ntb     =       0, igb     =       8, nsnb    =      25
     ipol    =       0, gbsa    =       0, iesp    =       0
     dielc   =   1.00000, cut     = 999.00000, intdiel =   1.00000
     saltcon =   0.00000, offset  =   0.19514, surften =   0.00500
     rdt     =   0.00000, rgbmax  =  25.00000  extdiel =  78.50000
     alpb  =        0
     gbalphaH  =   0.78844, gbbetaH   =   0.79870,  gbgammaH  =    0.43733
     gbalphaC  =   0.73376, gbbetaC   =   0.50638,  gbgammaC  =    0.20584
     gbalphaN  =   0.50336, gbbetaN   =   0.31683,  gbgammaN  =    0.19292
     gbalphaOS =   0.86781, gbbetaOS  =   0.87664,  gbgammaOS =    0.38788
     gbalphaP  =   1.00000, gbbetaP   =   0.80000,  gbgammaP  =    4.85000
     gb_alpha_hnu  =   0.53705, gb_beta_hnu   =   0.36286,  gb_gamma_hnu  =    0.11670
     gb_alpha_cnu  =   0.33167, gb_beta_cnu   =   0.19684,  gb_gamma_cnu  =    0.09342
     gb_alpha_nnu  =   0.68631, gb_beta_nnu   =   0.46319,  gb_gamma_nnu  =    0.13872
     gb_alpha_onu  =   0.60634, gb_beta_onu   =   0.46301,  gb_gamma_onu  =    0.14226
     gb_alpha_pnu  =   0.41836, gb_beta_pnu   =   0.29005,  gb_gamma_pnu  =    0.10642

Frozen or restrained atoms:
     ibelly  =       0, ntr     =       1
     restraint_wt =  10.00000

Energy minimization:
     maxcyc  =    1000, ncyc    =      10, ntmin   =       1
     dx0     =   0.01000, drms    =   0.00010
|  INFO: Old style inpcrd file read


    LOADING THE CONSTRAINED ATOMS AS GROUPS


   5.  REFERENCE ATOM COORDINATES

  defa
     Mask !@H=; matches   799 atoms

--------------------------------------------------------------------------------
   3.  ATOMIC COORDINATES AND VELOCITIES
--------------------------------------------------------------------------------

default_name                                                                    
 begin time read from input coords =     0.000 ps

 Number of triangulated 3-point waters found:        0

--------------------------------------------------------------------------------
   4.  RESULTS
--------------------------------------------------------------------------------



   NSTEP       ENERGY          RMS            GMAX         NAME    NUMBER
      1      -2.1114E+03     8.9975E+00     6.1139E+01     OXT      1590

 BOND    =       69.2983  ANGLE   =      211.4519  DIHED      =     1068.0725
 VDWAALS =     -563.1724  EEL     =    -7298.6195  EGB        =    -1748.5671
 1-4 VDW =      436.6607  1-4 EEL =     5713.4579  RESTRAINT  =        0.0000


   NSTEP       ENERGY          RMS            GMAX         NAME    NUMBER
    100      -2.4701E+03     3.1911E-01     3.1362E+00     CE2       650

 BOND    =       32.4119  ANGLE   =      208.1046  DIHED      =     1067.0008
 VDWAALS =     -695.7987  EEL     =    -7316.5755  EGB        =    -1765.4022
 1-4 VDW =      326.2708  1-4 EEL =     5632.8516  RESTRAINT  =       40.9941
 EAMBER  =    -2511.1367


   NSTEP       ENERGY          RMS            GMAX         NAME    NUMBER
    200      -2.4740E+03     1.1202E-01     1.1820E+00     HH       1165

 BOND    =       32.3574  ANGLE   =      208.2063  DIHED      =     1067.2366
 VDWAALS =     -698.5966  EEL     =    -7318.6924  EGB        =    -1765.9491
 1-4 VDW =      326.3135  1-4 EEL =     5632.6768  RESTRAINT  =       42.4489
 EAMBER  =    -2516.4474


   NSTEP       ENERGY          RMS            GMAX         NAME    NUMBER
    300      -2.4838E+03     2.7279E-01     4.7297E+00     HH       1165

 BOND    =       32.7690  ANGLE   =      208.9391  DIHED      =     1064.8381
 VDWAALS =     -699.4968  EEL     =    -7324.6250  EGB        =    -1768.0617
 1-4 VDW =      325.1661  1-4 EEL =     5633.2888  RESTRAINT  =       43.4094
 EAMBER  =    -2527.1824


   NSTEP       ENERGY          RMS            GMAX         NAME    NUMBER
    400      -2.4849E+03     1.5827E-02     3.4671E-01     CD2      1168

 BOND    =       32.1261  ANGLE   =      207.3640  DIHED      =     1064.8647
 VDWAALS =     -698.6387  EEL     =    -7325.1720  EGB        =    -1768.8956
 1-4 VDW =      326.8540  1-4 EEL =     5633.9389  RESTRAINT  =       42.6677
 EAMBER  =    -2527.5585


   NSTEP       ENERGY          RMS            GMAX         NAME    NUMBER
    500      -2.4849E+03     4.6080E-03     6.7073E-02     OH       1164

 BOND    =       32.1130  ANGLE   =      207.3032  DIHED      =     1064.9036
 VDWAALS =     -698.7101  EEL     =    -7325.2546  EGB        =    -1768.8444
 1-4 VDW =      326.9133  1-4 EEL =     5633.9514  RESTRAINT  =       42.7191
 EAMBER  =    -2527.6244


   NSTEP       ENERGY          RMS            GMAX         NAME    NUMBER
    600      -2.4849E+03     3.3858E-03     6.9093E-02     HH       1165

 BOND    =       32.0999  ANGLE   =      207.2791  DIHED      =     1064.9295
 VDWAALS =     -698.7695  EEL     =    -7325.3028  EGB        =    -1768.8127
 1-4 VDW =      326.9488  1-4 EEL =     5633.9650  RESTRAINT  =       42.7534
 EAMBER  =    -2527.6628


   NSTEP       ENERGY          RMS            GMAX         NAME    NUMBER
    700      -2.4849E+03     1.5726E-03     1.9964E-02     CE3       657

 BOND    =       32.0974  ANGLE   =      207.2758  DIHED      =     1064.9421
 VDWAALS =     -698.7957  EEL     =    -7325.3330  EGB        =    -1768.8008
 1-4 VDW =      326.9527  1-4 EEL =     5633.9790  RESTRAINT  =       42.7724
 EAMBER  =    -2527.6825


                    FINAL RESULTS



   NSTEP       ENERGY          RMS            GMAX         NAME    NUMBER
    775      -2.4849E+03     6.7769E-05     7.3166E-04     HG13      868

 BOND    =       32.0904  ANGLE   =      207.2628  DIHED      =     1064.9503
 VDWAALS =     -698.8083  EEL     =    -7325.3416  EGB        =    -1768.7915
 1-4 VDW =      326.9691  1-4 EEL =     5633.9808  RESTRAINT  =       42.7778
 EAMBER  =    -2527.6882

--------------------------------------------------------------------------------
   5.  TIMINGS
--------------------------------------------------------------------------------

|                Calc gb radii             43.90 (20.02% of Gen B)
|                Calc gb diag              80.72 (36.80% of Gen B)
|                Calc gb off-diag          94.71 (43.18% of Gen B)
|             Gen Born time            219.34 (100.0% of Nonbo)
|          Nonbond force            219.34 (99.27% of Force)
|          Bond/Angle/Dihedral        1.60 ( 0.73% of Force)
|          Other                      0.01 ( 0.01% of Force)
|       Force time               220.96 (100.0% of Runmd)
|    Runmd Time               220.96 (99.77% of Total)
|    Other                      0.50 ( 0.23% of Total)
| Total time               221.46 (100.0% of ALL  )

| Number of list builds   :          0

| Highest rstack allocated:          0
| Highest istack allocated:          0
|           Job began  at 13:54:52.844  on 02/03/2016
|           Setup done at 13:54:52.919  on 02/03/2016
|           Run   done at 13:58:34.306  on 02/03/2016
|     wallclock() was called   13978 times
