
          -------------------------------------------------------
          Amber 14 SANDER                              2014
          -------------------------------------------------------

| Run on 02/03/2016 at 15:06:23

|   Executable path: sander
| Working directory: /lustre/cs1500/scratch/kmb413/RealDecoyDisc/DecoyDiscrimination/decoys.set2.init/1aaj/Rosetta_relaxed
|          Hostname: slepner36


File Assignments:
|  MDIN: /scratch/kmb413/RealDecoyDisc/DecoyDiscrimination/scripts/min/min.in  
| MDOUT: NoH_4_empty_tag_384_0001_1_0001.out                                   
|INPCRD: NoH_4_empty_tag_384_0001_1_0001.rst7                                  
|  PARM: NoH_4_empty_tag_384_0001_1_0001.parm7                                 
|RESTRT: min_NoH_4_empty_tag_384_0001_1_0001.rst7                              
|  REFC: NoH_4_empty_tag_384_0001_1_0001.rst7                                  
| MDVEL: mdvel                                                                 
| MDFRC: mdfrc                                                                 
|  MDEN: mden                                                                  
| MDCRD: mdcrd                                                                 
|MDINFO: mdinfo                                                                
|  MTMD: mtmd                                                                  
|INPDIP: inpdip                                                                
|RSTDIP: rstdip                                                                
|INPTRA: inptraj                                                               


 Here is the input file:

                                                                               
&cntrl                                                                         
    imin = 1, maxcyc=1000,                                                     
    ntx = 1,                                                                   
    ntwr = 100, ntpr = 100,                                                    
    cut = 999.0,                                                               
    ntb = 0, igb = 8,                                                          
    ntr = 1, restraint_wt = 10, restraintmask = "!@H=",                        
/                                                                              

--------------------------------------------------------------------------------
   1.  RESOURCE   USE: 
--------------------------------------------------------------------------------

| Flags:                                                                        
| New format PARM file being parsed.
| Version =    1.000 Date = 02/03/16 Time = 11:51:53
 NATOM  =    1590 NTYPES =      14 NBONH =     791 MBONA  =     820
 NTHETH =    1812 MTHETA =    1115 NPHIH =    3578 MPHIA  =    3525
 NHPARM =       0 NPARM  =       0 NNB   =    8805 NRES   =     104
 NBONA  =     820 NTHETA =    1115 NPHIA =    3525 NUMBND =      65
 NUMANG =     152 NPTRA  =     189 NATYP =      33 NPHB   =       0
 IFBOX  =       0 NMXRS  =      24 IFCAP =       0 NEXTRA =       0
 NCOPY  =       0

 Implicit solvent radii are ArgH and AspGluO modified Bondi2 radii (mbondi3)                                
 Replacing prmtop screening parameters with GBn2 (igb=8) values

|     Memory Use     Allocated
|     Real              145027
|     Hollerith           4876
|     Integer           109197
|     Max Pairs              1
|     nblistReal             0
|     nblist Int             0
|       Total             1578 kbytes

| Note: 1-4 EEL scale factors are being read from the topology file.

| Note: 1-4 VDW scale factors are being read from the topology file.
| Duplicated    0 dihedrals
| Duplicated    0 dihedrals

--------------------------------------------------------------------------------
   2.  CONTROL  DATA  FOR  THE  RUN
--------------------------------------------------------------------------------

default_name                                                                    

General flags:
     imin    =       1, nmropt  =       0

Nature and format of input:
     ntx     =       1, irest   =       0, ntrx    =       1

Nature and format of output:
     ntxo    =       1, ntpr    =     100, ntrx    =       1, ntwr    =     100
     iwrap   =       0, ntwx    =       0, ntwv    =       0, ntwe    =       0
     ioutfm  =       0, ntwprt  =       0, idecomp =       0, rbornstat=      0

Potential function:
     ntf     =       1, ntb     =       0, igb     =       8, nsnb    =      25
     ipol    =       0, gbsa    =       0, iesp    =       0
     dielc   =   1.00000, cut     = 999.00000, intdiel =   1.00000
     saltcon =   0.00000, offset  =   0.19514, surften =   0.00500
     rdt     =   0.00000, rgbmax  =  25.00000  extdiel =  78.50000
     alpb  =        0
     gbalphaH  =   0.78844, gbbetaH   =   0.79870,  gbgammaH  =    0.43733
     gbalphaC  =   0.73376, gbbetaC   =   0.50638,  gbgammaC  =    0.20584
     gbalphaN  =   0.50336, gbbetaN   =   0.31683,  gbgammaN  =    0.19292
     gbalphaOS =   0.86781, gbbetaOS  =   0.87664,  gbgammaOS =    0.38788
     gbalphaP  =   1.00000, gbbetaP   =   0.80000,  gbgammaP  =    4.85000
     gb_alpha_hnu  =   0.53705, gb_beta_hnu   =   0.36286,  gb_gamma_hnu  =    0.11670
     gb_alpha_cnu  =   0.33167, gb_beta_cnu   =   0.19684,  gb_gamma_cnu  =    0.09342
     gb_alpha_nnu  =   0.68631, gb_beta_nnu   =   0.46319,  gb_gamma_nnu  =    0.13872
     gb_alpha_onu  =   0.60634, gb_beta_onu   =   0.46301,  gb_gamma_onu  =    0.14226
     gb_alpha_pnu  =   0.41836, gb_beta_pnu   =   0.29005,  gb_gamma_pnu  =    0.10642

Frozen or restrained atoms:
     ibelly  =       0, ntr     =       1
     restraint_wt =  10.00000

Energy minimization:
     maxcyc  =    1000, ncyc    =      10, ntmin   =       1
     dx0     =   0.01000, drms    =   0.00010
|  INFO: Old style inpcrd file read


    LOADING THE CONSTRAINED ATOMS AS GROUPS


   5.  REFERENCE ATOM COORDINATES

  defa
     Mask !@H=; matches   799 atoms

--------------------------------------------------------------------------------
   3.  ATOMIC COORDINATES AND VELOCITIES
--------------------------------------------------------------------------------

default_name                                                                    
 begin time read from input coords =     0.000 ps

 Number of triangulated 3-point waters found:        0

--------------------------------------------------------------------------------
   4.  RESULTS
--------------------------------------------------------------------------------



   NSTEP       ENERGY          RMS            GMAX         NAME    NUMBER
      1      -2.2203E+03     8.9855E+00     6.1443E+01     OE1      1586

 BOND    =       68.9844  ANGLE   =      211.2743  DIHED      =     1069.8815
 VDWAALS =     -630.4913  EEL     =    -7137.9517  EGB        =    -1958.3042
 1-4 VDW =      433.1458  1-4 EEL =     5723.1993  RESTRAINT  =        0.0000


   NSTEP       ENERGY          RMS            GMAX         NAME    NUMBER
    100      -2.5611E+03     2.5491E-01     2.1310E+00     CE2       650

 BOND    =       30.6530  ANGLE   =      204.2815  DIHED      =     1070.8371
 VDWAALS =     -764.4634  EEL     =    -7145.7843  EGB        =    -1978.9729
 1-4 VDW =      326.7592  1-4 EEL =     5655.6507  RESTRAINT  =       39.9767
 EAMBER  =    -2601.0392


   NSTEP       ENERGY          RMS            GMAX         NAME    NUMBER
    200      -2.5645E+03     2.9672E-01     4.9872E+00     H2          3

 BOND    =       30.9147  ANGLE   =      205.9548  DIHED      =     1070.8405
 VDWAALS =     -768.8377  EEL     =    -7145.5388  EGB        =    -1980.4366
 1-4 VDW =      325.6998  1-4 EEL =     5654.7098  RESTRAINT  =       42.2220
 EAMBER  =    -2606.6934


   NSTEP       ENERGY          RMS            GMAX         NAME    NUMBER
    300      -2.5657E+03     4.3331E-01     1.4447E+01     HG1       635

 BOND    =       31.3867  ANGLE   =      206.0990  DIHED      =     1071.1829
 VDWAALS =     -769.2458  EEL     =    -7144.8106  EGB        =    -1982.1193
 1-4 VDW =      325.3890  1-4 EEL =     5653.9014  RESTRAINT  =       42.5381
 EAMBER  =    -2608.2167


   NSTEP       ENERGY          RMS            GMAX         NAME    NUMBER
    400      -2.5720E+03     4.0028E-02     6.7554E-01     CA        626

 BOND    =       30.7146  ANGLE   =      204.5067  DIHED      =     1069.8223
 VDWAALS =     -766.8926  EEL     =    -7149.9730  EGB        =    -1982.3157
 1-4 VDW =      326.9547  1-4 EEL =     5654.1361  RESTRAINT  =       41.0478
 EAMBER  =    -2613.0467


   NSTEP       ENERGY          RMS            GMAX         NAME    NUMBER
    500      -2.5759E+03     1.9628E-01     3.2418E+00     C        1588

 BOND    =       31.2162  ANGLE   =      205.7075  DIHED      =     1069.7342
 VDWAALS =     -767.2189  EEL     =    -7153.9479  EGB        =    -1982.0224
 1-4 VDW =      325.7950  1-4 EEL =     5653.1665  RESTRAINT  =       41.7101
 EAMBER  =    -2617.5699


   NSTEP       ENERGY          RMS            GMAX         NAME    NUMBER
    600      -2.5768E+03     7.4658E-03     9.4742E-02     HG1      1213

 BOND    =       30.7645  ANGLE   =      204.6365  DIHED      =     1069.3157
 VDWAALS =     -765.6173  EEL     =    -7156.3186  EGB        =    -1982.0446
 1-4 VDW =      327.0952  1-4 EEL =     5654.7159  RESTRAINT  =       40.6398
 EAMBER  =    -2617.4526


   NSTEP       ENERGY          RMS            GMAX         NAME    NUMBER
    700      -2.5768E+03     1.3741E-03     2.3804E-02     OG1       604

 BOND    =       30.7470  ANGLE   =      204.6051  DIHED      =     1069.3406
 VDWAALS =     -765.5921  EEL     =    -7156.3329  EGB        =    -1982.1302
 1-4 VDW =      327.1478  1-4 EEL =     5654.7885  RESTRAINT  =       40.6096
 EAMBER  =    -2617.4263


   NSTEP       ENERGY          RMS            GMAX         NAME    NUMBER
    800      -2.5768E+03     4.6803E-04     8.8756E-03     CD        437

 BOND    =       30.7453  ANGLE   =      204.6018  DIHED      =     1069.3453
 VDWAALS =     -765.5895  EEL     =    -7156.3312  EGB        =    -1982.1487
 1-4 VDW =      327.1540  1-4 EEL =     5654.8000  RESTRAINT  =       40.6063
 EAMBER  =    -2617.4231

     ... RESTARTED DUE TO LINMIN FAILURE ...

     ... RESTARTED DUE TO LINMIN FAILURE ...

     ... RESTARTED DUE TO LINMIN FAILURE ...

     ... RESTARTED DUE TO LINMIN FAILURE ...


                    FINAL RESULTS



   NSTEP       ENERGY          RMS            GMAX         NAME    NUMBER
    884      -2.5768E+03     9.4464E-05     2.8338E-03     HG1      1213

 BOND    =       30.7447  ANGLE   =      204.6005  DIHED      =     1069.3461
 VDWAALS =     -765.5896  EEL     =    -7156.3315  EGB        =    -1982.1509
 1-4 VDW =      327.1557  1-4 EEL =     5654.8026  RESTRAINT  =       40.6056
 EAMBER  =    -2617.4223

--------------------------------------------------------------------------------
   5.  TIMINGS
--------------------------------------------------------------------------------

|                Calc gb radii             49.77 (19.82% of Gen B)
|                Calc gb diag              91.61 (36.48% of Gen B)
|                Calc gb off-diag         109.75 (43.70% of Gen B)
|             Gen Born time            251.13 (100.0% of Nonbo)
|          Nonbond force            251.13 (99.27% of Force)
|          Bond/Angle/Dihedral        1.83 ( 0.72% of Force)
|          Other                      0.02 ( 0.01% of Force)
|       Force time               252.97 (100.0% of Runmd)
|    Runmd Time               252.97 (99.66% of Total)
|    Other                      0.86 ( 0.34% of Total)
| Total time               253.84 (100.0% of ALL  )

| Number of list builds   :          0

| Highest rstack allocated:          0
| Highest istack allocated:          0
|           Job began  at 15:06:23.390  on 02/03/2016
|           Setup done at 15:06:23.440  on 02/03/2016
|           Run   done at 15:10:37.231  on 02/03/2016
|     wallclock() was called   15940 times
