
          -------------------------------------------------------
          Amber 14 SANDER                              2014
          -------------------------------------------------------

| Run on 02/03/2016 at 14:34:56

|   Executable path: sander
| Working directory: /lustre/cs1500/scratch/kmb413/RealDecoyDisc/DecoyDiscrimination/decoys.set2.init/1aaj/Rosetta_relaxed
|          Hostname: slepner13


File Assignments:
|  MDIN: /scratch/kmb413/RealDecoyDisc/DecoyDiscrimination/scripts/min/min.in  
| MDOUT: NoH_4_empty_tag_1_226_0001.out                                        
|INPCRD: NoH_4_empty_tag_1_226_0001.rst7                                       
|  PARM: NoH_4_empty_tag_1_226_0001.parm7                                      
|RESTRT: min_NoH_4_empty_tag_1_226_0001.rst7                                   
|  REFC: NoH_4_empty_tag_1_226_0001.rst7                                       
| MDVEL: mdvel                                                                 
| MDFRC: mdfrc                                                                 
|  MDEN: mden                                                                  
| MDCRD: mdcrd                                                                 
|MDINFO: mdinfo                                                                
|  MTMD: mtmd                                                                  
|INPDIP: inpdip                                                                
|RSTDIP: rstdip                                                                
|INPTRA: inptraj                                                               


 Here is the input file:

                                                                               
&cntrl                                                                         
    imin = 1, maxcyc=1000,                                                     
    ntx = 1,                                                                   
    ntwr = 100, ntpr = 100,                                                    
    cut = 999.0,                                                               
    ntb = 0, igb = 8,                                                          
    ntr = 1, restraint_wt = 10, restraintmask = "!@H=",                        
/                                                                              

--------------------------------------------------------------------------------
   1.  RESOURCE   USE: 
--------------------------------------------------------------------------------

| Flags:                                                                        
| New format PARM file being parsed.
| Version =    1.000 Date = 02/03/16 Time = 11:50:39
 NATOM  =    1590 NTYPES =      14 NBONH =     791 MBONA  =     820
 NTHETH =    1812 MTHETA =    1115 NPHIH =    3578 MPHIA  =    3525
 NHPARM =       0 NPARM  =       0 NNB   =    8805 NRES   =     104
 NBONA  =     820 NTHETA =    1115 NPHIA =    3525 NUMBND =      65
 NUMANG =     152 NPTRA  =     189 NATYP =      33 NPHB   =       0
 IFBOX  =       0 NMXRS  =      24 IFCAP =       0 NEXTRA =       0
 NCOPY  =       0

 Implicit solvent radii are ArgH and AspGluO modified Bondi2 radii (mbondi3)                                
 Replacing prmtop screening parameters with GBn2 (igb=8) values

|     Memory Use     Allocated
|     Real              145027
|     Hollerith           4876
|     Integer           109197
|     Max Pairs              1
|     nblistReal             0
|     nblist Int             0
|       Total             1578 kbytes

| Note: 1-4 EEL scale factors are being read from the topology file.

| Note: 1-4 VDW scale factors are being read from the topology file.
| Duplicated    0 dihedrals
| Duplicated    0 dihedrals

--------------------------------------------------------------------------------
   2.  CONTROL  DATA  FOR  THE  RUN
--------------------------------------------------------------------------------

default_name                                                                    

General flags:
     imin    =       1, nmropt  =       0

Nature and format of input:
     ntx     =       1, irest   =       0, ntrx    =       1

Nature and format of output:
     ntxo    =       1, ntpr    =     100, ntrx    =       1, ntwr    =     100
     iwrap   =       0, ntwx    =       0, ntwv    =       0, ntwe    =       0
     ioutfm  =       0, ntwprt  =       0, idecomp =       0, rbornstat=      0

Potential function:
     ntf     =       1, ntb     =       0, igb     =       8, nsnb    =      25
     ipol    =       0, gbsa    =       0, iesp    =       0
     dielc   =   1.00000, cut     = 999.00000, intdiel =   1.00000
     saltcon =   0.00000, offset  =   0.19514, surften =   0.00500
     rdt     =   0.00000, rgbmax  =  25.00000  extdiel =  78.50000
     alpb  =        0
     gbalphaH  =   0.78844, gbbetaH   =   0.79870,  gbgammaH  =    0.43733
     gbalphaC  =   0.73376, gbbetaC   =   0.50638,  gbgammaC  =    0.20584
     gbalphaN  =   0.50336, gbbetaN   =   0.31683,  gbgammaN  =    0.19292
     gbalphaOS =   0.86781, gbbetaOS  =   0.87664,  gbgammaOS =    0.38788
     gbalphaP  =   1.00000, gbbetaP   =   0.80000,  gbgammaP  =    4.85000
     gb_alpha_hnu  =   0.53705, gb_beta_hnu   =   0.36286,  gb_gamma_hnu  =    0.11670
     gb_alpha_cnu  =   0.33167, gb_beta_cnu   =   0.19684,  gb_gamma_cnu  =    0.09342
     gb_alpha_nnu  =   0.68631, gb_beta_nnu   =   0.46319,  gb_gamma_nnu  =    0.13872
     gb_alpha_onu  =   0.60634, gb_beta_onu   =   0.46301,  gb_gamma_onu  =    0.14226
     gb_alpha_pnu  =   0.41836, gb_beta_pnu   =   0.29005,  gb_gamma_pnu  =    0.10642

Frozen or restrained atoms:
     ibelly  =       0, ntr     =       1
     restraint_wt =  10.00000

Energy minimization:
     maxcyc  =    1000, ncyc    =      10, ntmin   =       1
     dx0     =   0.01000, drms    =   0.00010
|  INFO: Old style inpcrd file read


    LOADING THE CONSTRAINED ATOMS AS GROUPS


   5.  REFERENCE ATOM COORDINATES

  defa
     Mask !@H=; matches   799 atoms

--------------------------------------------------------------------------------
   3.  ATOMIC COORDINATES AND VELOCITIES
--------------------------------------------------------------------------------

default_name                                                                    
 begin time read from input coords =     0.000 ps

 Number of triangulated 3-point waters found:        0

--------------------------------------------------------------------------------
   4.  RESULTS
--------------------------------------------------------------------------------



   NSTEP       ENERGY          RMS            GMAX         NAME    NUMBER
      1      -2.2136E+03     9.2012E+00     6.0666E+01     OE1       104

 BOND    =       69.8862  ANGLE   =      211.8460  DIHED      =     1071.5322
 VDWAALS =     -646.2629  EEL     =    -7428.2630  EGB        =    -1648.1784
 1-4 VDW =      436.2058  1-4 EEL =     5719.6704  RESTRAINT  =        0.0000


   NSTEP       ENERGY          RMS            GMAX         NAME    NUMBER
    100      -2.5914E+03     2.8439E-01     2.1988E+00     CE2       650

 BOND    =       31.0758  ANGLE   =      211.6288  DIHED      =     1073.1982
 VDWAALS =     -802.2172  EEL     =    -7446.5167  EGB        =    -1668.1278
 1-4 VDW =      327.7662  1-4 EEL =     5637.2633  RESTRAINT  =       44.5450
 EAMBER  =    -2635.9295


   NSTEP       ENERGY          RMS            GMAX         NAME    NUMBER
    200      -2.5994E+03     9.9569E-02     8.7197E-01     CB        598

 BOND    =       31.0898  ANGLE   =      212.3829  DIHED      =     1071.9961
 VDWAALS =     -803.4156  EEL     =    -7451.8807  EGB        =    -1670.4163
 1-4 VDW =      327.7679  1-4 EEL =     5637.1272  RESTRAINT  =       45.9796
 EAMBER  =    -2645.3487


   NSTEP       ENERGY          RMS            GMAX         NAME    NUMBER
    300      -2.5998E+03     2.3347E-02     4.0069E-01     CG        311

 BOND    =       30.9039  ANGLE   =      212.1308  DIHED      =     1071.3635
 VDWAALS =     -803.7134  EEL     =    -7452.1024  EGB        =    -1670.0701
 1-4 VDW =      328.3264  1-4 EEL =     5637.5586  RESTRAINT  =       45.8493
 EAMBER  =    -2645.6028


   NSTEP       ENERGY          RMS            GMAX         NAME    NUMBER
    400      -2.5998E+03     3.6529E-02     4.5497E-01     CA        596

 BOND    =       30.9208  ANGLE   =      212.1742  DIHED      =     1071.3791
 VDWAALS =     -803.8003  EEL     =    -7452.3918  EGB        =    -1670.0206
 1-4 VDW =      328.3247  1-4 EEL =     5637.7044  RESTRAINT  =       45.9133
 EAMBER  =    -2645.7094


   NSTEP       ENERGY          RMS            GMAX         NAME    NUMBER
    500      -2.6011E+03     8.7859E-02     1.7809E+00     HG1       635

 BOND    =       31.0738  ANGLE   =      212.4894  DIHED      =     1070.0537
 VDWAALS =     -803.9172  EEL     =    -7452.3675  EGB        =    -1671.2159
 1-4 VDW =      328.1513  1-4 EEL =     5638.4400  RESTRAINT  =       46.2265
 EAMBER  =    -2647.2925


   NSTEP       ENERGY          RMS            GMAX         NAME    NUMBER
    600      -2.6015E+03     4.7920E-03     8.1651E-02     HG1       635

 BOND    =       30.8680  ANGLE   =      212.0763  DIHED      =     1069.6011
 VDWAALS =     -803.6144  EEL     =    -7451.7436  EGB        =    -1671.8862
 1-4 VDW =      328.5483  1-4 EEL =     5638.7385  RESTRAINT  =       45.9336
 EAMBER  =    -2647.4119


   NSTEP       ENERGY          RMS            GMAX         NAME    NUMBER
    700      -2.6015E+03     6.1915E-04     7.3860E-03     CD        480

 BOND    =       30.8594  ANGLE   =      212.0581  DIHED      =     1069.5904
 VDWAALS =     -803.6010  EEL     =    -7451.6935  EGB        =    -1671.9167
 1-4 VDW =      328.5680  1-4 EEL =     5638.7339  RESTRAINT  =       45.9208
 EAMBER  =    -2647.4014


                    FINAL RESULTS



   NSTEP       ENERGY          RMS            GMAX         NAME    NUMBER
    748      -2.6015E+03     9.4633E-05     1.0782E-03     HG23      633

 BOND    =       30.8584  ANGLE   =      212.0566  DIHED      =     1069.5900
 VDWAALS =     -803.5997  EEL     =    -7451.6916  EGB        =    -1671.9167
 1-4 VDW =      328.5702  1-4 EEL =     5638.7331  RESTRAINT  =       45.9191
 EAMBER  =    -2647.3997

--------------------------------------------------------------------------------
   5.  TIMINGS
--------------------------------------------------------------------------------

|                Calc gb radii             44.41 (20.04% of Gen B)
|                Calc gb diag              85.08 (38.39% of Gen B)
|                Calc gb off-diag          92.12 (41.57% of Gen B)
|             Gen Born time            221.61 (100.0% of Nonbo)
|          Nonbond force            221.61 (99.31% of Force)
|          Bond/Angle/Dihedral        1.54 ( 0.69% of Force)
|       Force time               223.16 (100.0% of Runmd)
|    Runmd Time               223.16 (99.70% of Total)
|    Other                      0.68 ( 0.30% of Total)
| Total time               223.84 (100.0% of ALL  )

| Number of list builds   :          0

| Highest rstack allocated:          0
| Highest istack allocated:          0
|           Job began  at 14:34:56.138  on 02/03/2016
|           Setup done at 14:34:56.188  on 02/03/2016
|           Run   done at 14:38:39.976  on 02/03/2016
|     wallclock() was called   13492 times
