
          -------------------------------------------------------
          Amber 14 SANDER                              2014
          -------------------------------------------------------

| Run on 02/03/2016 at 13:59:34

|   Executable path: sander
| Working directory: /lustre/cs1500/scratch/kmb413/RealDecoyDisc/DecoyDiscrimination/decoys.set2.init/1aaj/Rosetta_relaxed
|          Hostname: slepner7


File Assignments:
|  MDIN: /scratch/kmb413/RealDecoyDisc/DecoyDiscrimination/scripts/min/min.in  
| MDOUT: NoH_4_empty_tag_1_862_0001.out                                        
|INPCRD: NoH_4_empty_tag_1_862_0001.rst7                                       
|  PARM: NoH_4_empty_tag_1_862_0001.parm7                                      
|RESTRT: min_NoH_4_empty_tag_1_862_0001.rst7                                   
|  REFC: NoH_4_empty_tag_1_862_0001.rst7                                       
| MDVEL: mdvel                                                                 
| MDFRC: mdfrc                                                                 
|  MDEN: mden                                                                  
| MDCRD: mdcrd                                                                 
|MDINFO: mdinfo                                                                
|  MTMD: mtmd                                                                  
|INPDIP: inpdip                                                                
|RSTDIP: rstdip                                                                
|INPTRA: inptraj                                                               


 Here is the input file:

                                                                               
&cntrl                                                                         
    imin = 1, maxcyc=1000,                                                     
    ntx = 1,                                                                   
    ntwr = 100, ntpr = 100,                                                    
    cut = 999.0,                                                               
    ntb = 0, igb = 8,                                                          
    ntr = 1, restraint_wt = 10, restraintmask = "!@H=",                        
/                                                                              

--------------------------------------------------------------------------------
   1.  RESOURCE   USE: 
--------------------------------------------------------------------------------

| Flags:                                                                        
| New format PARM file being parsed.
| Version =    1.000 Date = 02/03/16 Time = 11:51:33
 NATOM  =    1590 NTYPES =      14 NBONH =     791 MBONA  =     820
 NTHETH =    1812 MTHETA =    1115 NPHIH =    3578 MPHIA  =    3525
 NHPARM =       0 NPARM  =       0 NNB   =    8805 NRES   =     104
 NBONA  =     820 NTHETA =    1115 NPHIA =    3525 NUMBND =      65
 NUMANG =     152 NPTRA  =     189 NATYP =      33 NPHB   =       0
 IFBOX  =       0 NMXRS  =      24 IFCAP =       0 NEXTRA =       0
 NCOPY  =       0

 Implicit solvent radii are ArgH and AspGluO modified Bondi2 radii (mbondi3)                                
 Replacing prmtop screening parameters with GBn2 (igb=8) values

|     Memory Use     Allocated
|     Real              145027
|     Hollerith           4876
|     Integer           109197
|     Max Pairs              1
|     nblistReal             0
|     nblist Int             0
|       Total             1578 kbytes

| Note: 1-4 EEL scale factors are being read from the topology file.

| Note: 1-4 VDW scale factors are being read from the topology file.
| Duplicated    0 dihedrals
| Duplicated    0 dihedrals

--------------------------------------------------------------------------------
   2.  CONTROL  DATA  FOR  THE  RUN
--------------------------------------------------------------------------------

default_name                                                                    

General flags:
     imin    =       1, nmropt  =       0

Nature and format of input:
     ntx     =       1, irest   =       0, ntrx    =       1

Nature and format of output:
     ntxo    =       1, ntpr    =     100, ntrx    =       1, ntwr    =     100
     iwrap   =       0, ntwx    =       0, ntwv    =       0, ntwe    =       0
     ioutfm  =       0, ntwprt  =       0, idecomp =       0, rbornstat=      0

Potential function:
     ntf     =       1, ntb     =       0, igb     =       8, nsnb    =      25
     ipol    =       0, gbsa    =       0, iesp    =       0
     dielc   =   1.00000, cut     = 999.00000, intdiel =   1.00000
     saltcon =   0.00000, offset  =   0.19514, surften =   0.00500
     rdt     =   0.00000, rgbmax  =  25.00000  extdiel =  78.50000
     alpb  =        0
     gbalphaH  =   0.78844, gbbetaH   =   0.79870,  gbgammaH  =    0.43733
     gbalphaC  =   0.73376, gbbetaC   =   0.50638,  gbgammaC  =    0.20584
     gbalphaN  =   0.50336, gbbetaN   =   0.31683,  gbgammaN  =    0.19292
     gbalphaOS =   0.86781, gbbetaOS  =   0.87664,  gbgammaOS =    0.38788
     gbalphaP  =   1.00000, gbbetaP   =   0.80000,  gbgammaP  =    4.85000
     gb_alpha_hnu  =   0.53705, gb_beta_hnu   =   0.36286,  gb_gamma_hnu  =    0.11670
     gb_alpha_cnu  =   0.33167, gb_beta_cnu   =   0.19684,  gb_gamma_cnu  =    0.09342
     gb_alpha_nnu  =   0.68631, gb_beta_nnu   =   0.46319,  gb_gamma_nnu  =    0.13872
     gb_alpha_onu  =   0.60634, gb_beta_onu   =   0.46301,  gb_gamma_onu  =    0.14226
     gb_alpha_pnu  =   0.41836, gb_beta_pnu   =   0.29005,  gb_gamma_pnu  =    0.10642

Frozen or restrained atoms:
     ibelly  =       0, ntr     =       1
     restraint_wt =  10.00000

Energy minimization:
     maxcyc  =    1000, ncyc    =      10, ntmin   =       1
     dx0     =   0.01000, drms    =   0.00010
|  INFO: Old style inpcrd file read


    LOADING THE CONSTRAINED ATOMS AS GROUPS


   5.  REFERENCE ATOM COORDINATES

  defa
     Mask !@H=; matches   799 atoms

--------------------------------------------------------------------------------
   3.  ATOMIC COORDINATES AND VELOCITIES
--------------------------------------------------------------------------------

default_name                                                                    
 begin time read from input coords =     0.000 ps

 Number of triangulated 3-point waters found:        0

--------------------------------------------------------------------------------
   4.  RESULTS
--------------------------------------------------------------------------------



   NSTEP       ENERGY          RMS            GMAX         NAME    NUMBER
      1      -2.1724E+03     9.1996E+00     6.2472E+01     OE1       945

 BOND    =       72.6673  ANGLE   =      212.1305  DIHED      =     1077.8874
 VDWAALS =     -666.7855  EEL     =    -7412.0951  EGB        =    -1591.9113
 1-4 VDW =      441.2122  1-4 EEL =     5694.4653  RESTRAINT  =        0.0000


   NSTEP       ENERGY          RMS            GMAX         NAME    NUMBER
    100      -2.5685E+03     5.4539E-01     5.1880E+00     CE2       650

 BOND    =       31.8038  ANGLE   =      211.5010  DIHED      =     1082.0308
 VDWAALS =     -817.6621  EEL     =    -7455.2793  EGB        =    -1603.9639
 1-4 VDW =      329.4308  1-4 EEL =     5607.1974  RESTRAINT  =       46.4000
 EAMBER  =    -2614.9417


   NSTEP       ENERGY          RMS            GMAX         NAME    NUMBER
    200      -2.5933E+03     1.7198E-01     1.5674E+00     OG1      1212

 BOND    =       31.9805  ANGLE   =      210.8803  DIHED      =     1076.1881
 VDWAALS =     -815.4855  EEL     =    -7486.7295  EGB        =    -1596.7482
 1-4 VDW =      330.2944  1-4 EEL =     5610.9626  RESTRAINT  =       45.3656
 EAMBER  =    -2638.6573


   NSTEP       ENERGY          RMS            GMAX         NAME    NUMBER
    300      -2.5945E+03     3.3683E-02     4.2372E-01     OG1      1212

 BOND    =       31.5850  ANGLE   =      210.3022  DIHED      =     1075.7180
 VDWAALS =     -815.8192  EEL     =    -7488.6300  EGB        =    -1596.7232
 1-4 VDW =      331.1394  1-4 EEL =     5612.8339  RESTRAINT  =       45.1241
 EAMBER  =    -2639.5941


   NSTEP       ENERGY          RMS            GMAX         NAME    NUMBER
    400      -2.5947E+03     5.3529E-02     7.3840E-01     CD       1119

 BOND    =       31.5480  ANGLE   =      210.3584  DIHED      =     1076.0939
 VDWAALS =     -816.1560  EEL     =    -7489.8550  EGB        =    -1596.7608
 1-4 VDW =      331.2702  1-4 EEL =     5613.5472  RESTRAINT  =       45.2249
 EAMBER  =    -2639.9542


   NSTEP       ENERGY          RMS            GMAX         NAME    NUMBER
    500      -2.5954E+03     3.8597E-02     7.6763E-01     HG1       635

 BOND    =       31.5681  ANGLE   =      210.4090  DIHED      =     1075.1451
 VDWAALS =     -816.1802  EEL     =    -7490.5194  EGB        =    -1596.1159
 1-4 VDW =      331.3125  1-4 EEL =     5613.8162  RESTRAINT  =       45.1354
 EAMBER  =    -2640.5648


   NSTEP       ENERGY          RMS            GMAX         NAME    NUMBER
    600      -2.5955E+03     1.1658E-02     1.3828E-01     CA        610

 BOND    =       31.5675  ANGLE   =      210.2678  DIHED      =     1074.8197
 VDWAALS =     -815.9195  EEL     =    -7490.3744  EGB        =    -1596.0149
 1-4 VDW =      331.4029  1-4 EEL =     5613.7513  RESTRAINT  =       44.9675
 EAMBER  =    -2640.4997


   NSTEP       ENERGY          RMS            GMAX         NAME    NUMBER
    700      -2.5955E+03     1.2237E-03     1.2611E-02     CG2       630

 BOND    =       31.5577  ANGLE   =      210.2572  DIHED      =     1074.7781
 VDWAALS =     -815.8866  EEL     =    -7490.3445  EGB        =    -1596.0054
 1-4 VDW =      331.4156  1-4 EEL =     5613.7483  RESTRAINT  =       44.9427
 EAMBER  =    -2640.4797

     ... RESTARTED DUE TO LINMIN FAILURE ...


   NSTEP       ENERGY          RMS            GMAX         NAME    NUMBER
    800      -2.5955E+03     8.5404E-04     1.5170E-02     CG2       630

 BOND    =       31.5576  ANGLE   =      210.2527  DIHED      =     1074.7766
 VDWAALS =     -815.8814  EEL     =    -7490.3408  EGB        =    -1596.0068
 1-4 VDW =      331.4177  1-4 EEL =     5613.7468  RESTRAINT  =       44.9405
 EAMBER  =    -2640.4775


                    FINAL RESULTS



   NSTEP       ENERGY          RMS            GMAX         NAME    NUMBER
    848      -2.5955E+03     9.9790E-05     1.4530E-03     CD       1119

 BOND    =       31.5577  ANGLE   =      210.2534  DIHED      =     1074.7761
 VDWAALS =     -815.8830  EEL     =    -7490.3398  EGB        =    -1596.0060
 1-4 VDW =      331.4179  1-4 EEL =     5613.7457  RESTRAINT  =       44.9411
 EAMBER  =    -2640.4781

--------------------------------------------------------------------------------
   5.  TIMINGS
--------------------------------------------------------------------------------

|                Calc gb radii             50.85 (20.35% of Gen B)
|                Calc gb diag              94.71 (37.90% of Gen B)
|                Calc gb off-diag         104.34 (41.75% of Gen B)
|             Gen Born time            249.90 (100.0% of Nonbo)
|          Nonbond force            249.90 (99.30% of Force)
|          Bond/Angle/Dihedral        1.76 ( 0.70% of Force)
|          Other                      0.01 ( 0.01% of Force)
|       Force time               251.67 (100.0% of Runmd)
|    Runmd Time               251.67 (99.70% of Total)
|    Other                      0.75 ( 0.30% of Total)
| Total time               252.43 (100.0% of ALL  )

| Number of list builds   :          0

| Highest rstack allocated:          0
| Highest istack allocated:          0
|           Job began  at 13:59:34.192  on 02/03/2016
|           Setup done at 13:59:34.289  on 02/03/2016
|           Run   done at 14:03:46.619  on 02/03/2016
|     wallclock() was called   15292 times
