
          -------------------------------------------------------
          Amber 14 SANDER                              2014
          -------------------------------------------------------

| Run on 02/03/2016 at 12:38:12

|   Executable path: sander
| Working directory: /lustre/cs1500/scratch/kmb413/RealDecoyDisc/DecoyDiscrimination/decoys.set2.init/1aaj/Rosetta_relaxed
|          Hostname: slepner1


File Assignments:
|  MDIN: /scratch/kmb413/RealDecoyDisc/DecoyDiscrimination/scripts/min/min.in  
| MDOUT: NoH_4_empty_tag_783_0001_0001.out                                     
|INPCRD: NoH_4_empty_tag_783_0001_0001.rst7                                    
|  PARM: NoH_4_empty_tag_783_0001_0001.parm7                                   
|RESTRT: min_NoH_4_empty_tag_783_0001_0001.rst7                                
|  REFC: NoH_4_empty_tag_783_0001_0001.rst7                                    
| MDVEL: mdvel                                                                 
| MDFRC: mdfrc                                                                 
|  MDEN: mden                                                                  
| MDCRD: mdcrd                                                                 
|MDINFO: mdinfo                                                                
|  MTMD: mtmd                                                                  
|INPDIP: inpdip                                                                
|RSTDIP: rstdip                                                                
|INPTRA: inptraj                                                               


 Here is the input file:

                                                                               
&cntrl                                                                         
    imin = 1, maxcyc=1000,                                                     
    ntx = 1,                                                                   
    ntwr = 100, ntpr = 100,                                                    
    cut = 999.0,                                                               
    ntb = 0, igb = 8,                                                          
    ntr = 1, restraint_wt = 10, restraintmask = "!@H=",                        
/                                                                              

--------------------------------------------------------------------------------
   1.  RESOURCE   USE: 
--------------------------------------------------------------------------------

| Flags:                                                                        
| New format PARM file being parsed.
| Version =    1.000 Date = 02/03/16 Time = 11:52:09
 NATOM  =    1590 NTYPES =      14 NBONH =     791 MBONA  =     820
 NTHETH =    1812 MTHETA =    1115 NPHIH =    3578 MPHIA  =    3525
 NHPARM =       0 NPARM  =       0 NNB   =    8805 NRES   =     104
 NBONA  =     820 NTHETA =    1115 NPHIA =    3525 NUMBND =      65
 NUMANG =     152 NPTRA  =     189 NATYP =      33 NPHB   =       0
 IFBOX  =       0 NMXRS  =      24 IFCAP =       0 NEXTRA =       0
 NCOPY  =       0

 Implicit solvent radii are ArgH and AspGluO modified Bondi2 radii (mbondi3)                                
 Replacing prmtop screening parameters with GBn2 (igb=8) values

|     Memory Use     Allocated
|     Real              145027
|     Hollerith           4876
|     Integer           109197
|     Max Pairs              1
|     nblistReal             0
|     nblist Int             0
|       Total             1578 kbytes

| Note: 1-4 EEL scale factors are being read from the topology file.

| Note: 1-4 VDW scale factors are being read from the topology file.
| Duplicated    0 dihedrals
| Duplicated    0 dihedrals

--------------------------------------------------------------------------------
   2.  CONTROL  DATA  FOR  THE  RUN
--------------------------------------------------------------------------------

default_name                                                                    

General flags:
     imin    =       1, nmropt  =       0

Nature and format of input:
     ntx     =       1, irest   =       0, ntrx    =       1

Nature and format of output:
     ntxo    =       1, ntpr    =     100, ntrx    =       1, ntwr    =     100
     iwrap   =       0, ntwx    =       0, ntwv    =       0, ntwe    =       0
     ioutfm  =       0, ntwprt  =       0, idecomp =       0, rbornstat=      0

Potential function:
     ntf     =       1, ntb     =       0, igb     =       8, nsnb    =      25
     ipol    =       0, gbsa    =       0, iesp    =       0
     dielc   =   1.00000, cut     = 999.00000, intdiel =   1.00000
     saltcon =   0.00000, offset  =   0.19514, surften =   0.00500
     rdt     =   0.00000, rgbmax  =  25.00000  extdiel =  78.50000
     alpb  =        0
     gbalphaH  =   0.78844, gbbetaH   =   0.79870,  gbgammaH  =    0.43733
     gbalphaC  =   0.73376, gbbetaC   =   0.50638,  gbgammaC  =    0.20584
     gbalphaN  =   0.50336, gbbetaN   =   0.31683,  gbgammaN  =    0.19292
     gbalphaOS =   0.86781, gbbetaOS  =   0.87664,  gbgammaOS =    0.38788
     gbalphaP  =   1.00000, gbbetaP   =   0.80000,  gbgammaP  =    4.85000
     gb_alpha_hnu  =   0.53705, gb_beta_hnu   =   0.36286,  gb_gamma_hnu  =    0.11670
     gb_alpha_cnu  =   0.33167, gb_beta_cnu   =   0.19684,  gb_gamma_cnu  =    0.09342
     gb_alpha_nnu  =   0.68631, gb_beta_nnu   =   0.46319,  gb_gamma_nnu  =    0.13872
     gb_alpha_onu  =   0.60634, gb_beta_onu   =   0.46301,  gb_gamma_onu  =    0.14226
     gb_alpha_pnu  =   0.41836, gb_beta_pnu   =   0.29005,  gb_gamma_pnu  =    0.10642

Frozen or restrained atoms:
     ibelly  =       0, ntr     =       1
     restraint_wt =  10.00000

Energy minimization:
     maxcyc  =    1000, ncyc    =      10, ntmin   =       1
     dx0     =   0.01000, drms    =   0.00010
|  INFO: Old style inpcrd file read


    LOADING THE CONSTRAINED ATOMS AS GROUPS


   5.  REFERENCE ATOM COORDINATES

  defa
     Mask !@H=; matches   799 atoms

--------------------------------------------------------------------------------
   3.  ATOMIC COORDINATES AND VELOCITIES
--------------------------------------------------------------------------------

default_name                                                                    
 begin time read from input coords =     0.000 ps

 Number of triangulated 3-point waters found:        0

--------------------------------------------------------------------------------
   4.  RESULTS
--------------------------------------------------------------------------------



   NSTEP       ENERGY          RMS            GMAX         NAME    NUMBER
      1      -2.2422E+03     9.0365E+00     6.2187E+01     OE1       945

 BOND    =       69.9562  ANGLE   =      211.6030  DIHED      =     1085.8297
 VDWAALS =     -659.9333  EEL     =    -6972.6586  EGB        =    -2137.9149
 1-4 VDW =      437.3988  1-4 EEL =     5723.5485  RESTRAINT  =        0.0000


   NSTEP       ENERGY          RMS            GMAX         NAME    NUMBER
    100      -2.5855E+03     3.1744E-01     4.8457E+00     CG        589

 BOND    =       30.2026  ANGLE   =      202.6339  DIHED      =     1087.6345
 VDWAALS =     -788.5895  EEL     =    -6974.2644  EGB        =    -2157.6488
 1-4 VDW =      330.3149  1-4 EEL =     5644.2226  RESTRAINT  =       40.0178
 EAMBER  =    -2625.4941


   NSTEP       ENERGY          RMS            GMAX         NAME    NUMBER
    200      -2.5909E+03     2.1302E-01     3.0670E+00     CG        589

 BOND    =       30.3583  ANGLE   =      203.3908  DIHED      =     1086.5172
 VDWAALS =     -791.6218  EEL     =    -6981.7760  EGB        =    -2153.9119
 1-4 VDW =      329.7418  1-4 EEL =     5644.4344  RESTRAINT  =       41.9202
 EAMBER  =    -2632.8671


   NSTEP       ENERGY          RMS            GMAX         NAME    NUMBER
    300      -2.5928E+03     4.7399E-02     5.6915E-01     HG1       605

 BOND    =       30.1210  ANGLE   =      203.0772  DIHED      =     1085.5686
 VDWAALS =     -792.6840  EEL     =    -6983.8573  EGB        =    -2152.5553
 1-4 VDW =      330.4278  1-4 EEL =     5645.3544  RESTRAINT  =       41.7905
 EAMBER  =    -2634.5475


   NSTEP       ENERGY          RMS            GMAX         NAME    NUMBER
    400      -2.5977E+03     3.7193E-02     5.0644E-01     CD        193

 BOND    =       30.1677  ANGLE   =      203.1763  DIHED      =     1085.0933
 VDWAALS =     -791.5294  EEL     =    -6988.9851  EGB        =    -2153.2427
 1-4 VDW =      330.5723  1-4 EEL =     5645.5516  RESTRAINT  =       41.4826
 EAMBER  =    -2639.1960


   NSTEP       ENERGY          RMS            GMAX         NAME    NUMBER
    500      -2.5978E+03     5.4393E-03     7.8005E-02     CB        598

 BOND    =       30.1358  ANGLE   =      203.0023  DIHED      =     1085.0957
 VDWAALS =     -791.4260  EEL     =    -6988.9377  EGB        =    -2153.4808
 1-4 VDW =      330.7507  1-4 EEL =     5645.7548  RESTRAINT  =       41.3506
 EAMBER  =    -2639.1050


   NSTEP       ENERGY          RMS            GMAX         NAME    NUMBER
    600      -2.5978E+03     3.2802E-03     5.6605E-02     CB        598

 BOND    =       30.1279  ANGLE   =      202.9761  DIHED      =     1085.1356
 VDWAALS =     -791.4159  EEL     =    -6988.8433  EGB        =    -2153.6180
 1-4 VDW =      330.7862  1-4 EEL =     5645.7660  RESTRAINT  =       41.3287
 EAMBER  =    -2639.0854


   NSTEP       ENERGY          RMS            GMAX         NAME    NUMBER
    700      -2.5978E+03     1.2460E-03     3.0426E-02     HG1       635

 BOND    =       30.1284  ANGLE   =      202.9769  DIHED      =     1085.1626
 VDWAALS =     -791.4142  EEL     =    -6988.7585  EGB        =    -2153.6978
 1-4 VDW =      330.7879  1-4 EEL =     5645.7339  RESTRAINT  =       41.3234
 EAMBER  =    -2639.0809


   NSTEP       ENERGY          RMS            GMAX         NAME    NUMBER
    800      -2.5979E+03     1.1987E-01     4.0579E+00     HG1       635

 BOND    =       30.2467  ANGLE   =      203.1577  DIHED      =     1085.9345
 VDWAALS =     -791.3490  EEL     =    -6988.0436  EGB        =    -2154.7856
 1-4 VDW =      330.4828  1-4 EEL =     5645.0429  RESTRAINT  =       41.4136
 EAMBER  =    -2639.3136


   NSTEP       ENERGY          RMS            GMAX         NAME    NUMBER
    900      -2.6034E+03     2.1891E-02     4.8361E-01     CB        628

 BOND    =       30.2120  ANGLE   =      202.9630  DIHED      =     1084.8749
 VDWAALS =     -790.0095  EEL     =    -6991.5706  EGB        =    -2156.5659
 1-4 VDW =      330.7054  1-4 EEL =     5645.0640  RESTRAINT  =       40.9574
 EAMBER  =    -2644.3266


   NSTEP       ENERGY          RMS            GMAX         NAME    NUMBER
   1000      -2.6034E+03     1.1772E-03     2.4166E-02     CB        628

 BOND    =       30.1921  ANGLE   =      202.9161  DIHED      =     1084.8707
 VDWAALS =     -789.9794  EEL     =    -6991.5286  EGB        =    -2156.6204
 1-4 VDW =      330.7856  1-4 EEL =     5645.0591  RESTRAINT  =       40.9227
 EAMBER  =    -2644.3048


  Maximum number of minimization cycles reached.


                    FINAL RESULTS



   NSTEP       ENERGY          RMS            GMAX         NAME    NUMBER
   1000      -2.6034E+03     1.1772E-03     2.4166E-02     CB        628

 BOND    =       30.1921  ANGLE   =      202.9161  DIHED      =     1084.8707
 VDWAALS =     -789.9794  EEL     =    -6991.5286  EGB        =    -2156.6204
 1-4 VDW =      330.7856  1-4 EEL =     5645.0591  RESTRAINT  =       40.9227
 EAMBER  =    -2644.3048

--------------------------------------------------------------------------------
   5.  TIMINGS
--------------------------------------------------------------------------------

|                Calc gb radii             59.51 (20.33% of Gen B)
|                Calc gb diag             110.06 (37.60% of Gen B)
|                Calc gb off-diag         123.15 (42.07% of Gen B)
|             Gen Born time            292.73 (100.0% of Nonbo)
|          Nonbond force            292.73 (99.29% of Force)
|          Bond/Angle/Dihedral        2.08 ( 0.71% of Force)
|          Other                      0.02 ( 0.01% of Force)
|       Force time               294.83 (100.0% of Runmd)
|    Runmd Time               294.83 (99.79% of Total)
|    Other                      0.61 ( 0.21% of Total)
| Total time               295.44 (100.0% of ALL  )

| Number of list builds   :          0

| Highest rstack allocated:          0
| Highest istack allocated:          0
|           Job began  at 12:38:12.173  on 02/03/2016
|           Setup done at 12:38:12.228  on 02/03/2016
|           Run   done at 12:43:07.610  on 02/03/2016
|     wallclock() was called   18028 times
