
          -------------------------------------------------------
          Amber 14 SANDER                              2014
          -------------------------------------------------------

| Run on 02/03/2016 at 14:18:42

|   Executable path: sander
| Working directory: /lustre/cs1500/scratch/kmb413/RealDecoyDisc/DecoyDiscrimination/decoys.set2.init/1aaj/Rosetta_relaxed
|          Hostname: slepner15


File Assignments:
|  MDIN: /scratch/kmb413/RealDecoyDisc/DecoyDiscrimination/scripts/min/min.in  
| MDOUT: NoH_5_empty_tag_1674_0001_0001.out                                    
|INPCRD: NoH_5_empty_tag_1674_0001_0001.rst7                                   
|  PARM: NoH_5_empty_tag_1674_0001_0001.parm7                                  
|RESTRT: min_NoH_5_empty_tag_1674_0001_0001.rst7                               
|  REFC: NoH_5_empty_tag_1674_0001_0001.rst7                                   
| MDVEL: mdvel                                                                 
| MDFRC: mdfrc                                                                 
|  MDEN: mden                                                                  
| MDCRD: mdcrd                                                                 
|MDINFO: mdinfo                                                                
|  MTMD: mtmd                                                                  
|INPDIP: inpdip                                                                
|RSTDIP: rstdip                                                                
|INPTRA: inptraj                                                               


 Here is the input file:

                                                                               
&cntrl                                                                         
    imin = 1, maxcyc=1000,                                                     
    ntx = 1,                                                                   
    ntwr = 100, ntpr = 100,                                                    
    cut = 999.0,                                                               
    ntb = 0, igb = 8,                                                          
    ntr = 1, restraint_wt = 10, restraintmask = "!@H=",                        
/                                                                              

--------------------------------------------------------------------------------
   1.  RESOURCE   USE: 
--------------------------------------------------------------------------------

| Flags:                                                                        
| New format PARM file being parsed.
| Version =    1.000 Date = 02/03/16 Time = 11:53:14
 NATOM  =    1590 NTYPES =      14 NBONH =     791 MBONA  =     820
 NTHETH =    1812 MTHETA =    1115 NPHIH =    3578 MPHIA  =    3525
 NHPARM =       0 NPARM  =       0 NNB   =    8805 NRES   =     104
 NBONA  =     820 NTHETA =    1115 NPHIA =    3525 NUMBND =      65
 NUMANG =     152 NPTRA  =     189 NATYP =      33 NPHB   =       0
 IFBOX  =       0 NMXRS  =      24 IFCAP =       0 NEXTRA =       0
 NCOPY  =       0

 Implicit solvent radii are ArgH and AspGluO modified Bondi2 radii (mbondi3)                                
 Replacing prmtop screening parameters with GBn2 (igb=8) values

|     Memory Use     Allocated
|     Real              145027
|     Hollerith           4876
|     Integer           109197
|     Max Pairs              1
|     nblistReal             0
|     nblist Int             0
|       Total             1578 kbytes

| Note: 1-4 EEL scale factors are being read from the topology file.

| Note: 1-4 VDW scale factors are being read from the topology file.
| Duplicated    0 dihedrals
| Duplicated    0 dihedrals

--------------------------------------------------------------------------------
   2.  CONTROL  DATA  FOR  THE  RUN
--------------------------------------------------------------------------------

default_name                                                                    

General flags:
     imin    =       1, nmropt  =       0

Nature and format of input:
     ntx     =       1, irest   =       0, ntrx    =       1

Nature and format of output:
     ntxo    =       1, ntpr    =     100, ntrx    =       1, ntwr    =     100
     iwrap   =       0, ntwx    =       0, ntwv    =       0, ntwe    =       0
     ioutfm  =       0, ntwprt  =       0, idecomp =       0, rbornstat=      0

Potential function:
     ntf     =       1, ntb     =       0, igb     =       8, nsnb    =      25
     ipol    =       0, gbsa    =       0, iesp    =       0
     dielc   =   1.00000, cut     = 999.00000, intdiel =   1.00000
     saltcon =   0.00000, offset  =   0.19514, surften =   0.00500
     rdt     =   0.00000, rgbmax  =  25.00000  extdiel =  78.50000
     alpb  =        0
     gbalphaH  =   0.78844, gbbetaH   =   0.79870,  gbgammaH  =    0.43733
     gbalphaC  =   0.73376, gbbetaC   =   0.50638,  gbgammaC  =    0.20584
     gbalphaN  =   0.50336, gbbetaN   =   0.31683,  gbgammaN  =    0.19292
     gbalphaOS =   0.86781, gbbetaOS  =   0.87664,  gbgammaOS =    0.38788
     gbalphaP  =   1.00000, gbbetaP   =   0.80000,  gbgammaP  =    4.85000
     gb_alpha_hnu  =   0.53705, gb_beta_hnu   =   0.36286,  gb_gamma_hnu  =    0.11670
     gb_alpha_cnu  =   0.33167, gb_beta_cnu   =   0.19684,  gb_gamma_cnu  =    0.09342
     gb_alpha_nnu  =   0.68631, gb_beta_nnu   =   0.46319,  gb_gamma_nnu  =    0.13872
     gb_alpha_onu  =   0.60634, gb_beta_onu   =   0.46301,  gb_gamma_onu  =    0.14226
     gb_alpha_pnu  =   0.41836, gb_beta_pnu   =   0.29005,  gb_gamma_pnu  =    0.10642

Frozen or restrained atoms:
     ibelly  =       0, ntr     =       1
     restraint_wt =  10.00000

Energy minimization:
     maxcyc  =    1000, ncyc    =      10, ntmin   =       1
     dx0     =   0.01000, drms    =   0.00010
|  INFO: Old style inpcrd file read


    LOADING THE CONSTRAINED ATOMS AS GROUPS


   5.  REFERENCE ATOM COORDINATES

  defa
     Mask !@H=; matches   799 atoms

--------------------------------------------------------------------------------
   3.  ATOMIC COORDINATES AND VELOCITIES
--------------------------------------------------------------------------------

default_name                                                                    
 begin time read from input coords =     0.000 ps

 Number of triangulated 3-point waters found:        0

--------------------------------------------------------------------------------
   4.  RESULTS
--------------------------------------------------------------------------------



   NSTEP       ENERGY          RMS            GMAX         NAME    NUMBER
      1      -2.2278E+03     9.0262E+00     6.2470E+01     OE1       945

 BOND    =       70.0224  ANGLE   =      211.4939  DIHED      =     1071.7080
 VDWAALS =     -648.8751  EEL     =    -7287.2112  EGB        =    -1775.0132
 1-4 VDW =      437.2117  1-4 EEL =     5692.8565  RESTRAINT  =        0.0000


   NSTEP       ENERGY          RMS            GMAX         NAME    NUMBER
    100      -2.5855E+03     3.1425E-01     3.1993E+00     CD        193

 BOND    =       30.5750  ANGLE   =      205.4762  DIHED      =     1073.4866
 VDWAALS =     -783.3351  EEL     =    -7302.8851  EGB        =    -1793.7746
 1-4 VDW =      329.3330  1-4 EEL =     5614.8399  RESTRAINT  =       40.7841
 EAMBER  =    -2626.2840


   NSTEP       ENERGY          RMS            GMAX         NAME    NUMBER
    200      -2.5906E+03     1.4082E-01     2.0282E+00     HG1      1389

 BOND    =       30.6923  ANGLE   =      206.1978  DIHED      =     1072.2929
 VDWAALS =     -785.5966  EEL     =    -7309.3381  EGB        =    -1791.0323
 1-4 VDW =      328.8835  1-4 EEL =     5615.0275  RESTRAINT  =       42.2327
 EAMBER  =    -2632.8730


   NSTEP       ENERGY          RMS            GMAX         NAME    NUMBER
    300      -2.5976E+03     7.4812E-02     9.8384E-01     CD2       659

 BOND    =       30.6062  ANGLE   =      205.9309  DIHED      =     1070.4932
 VDWAALS =     -784.9338  EEL     =    -7313.6186  EGB        =    -1793.7080
 1-4 VDW =      329.3990  1-4 EEL =     5616.3358  RESTRAINT  =       41.8481
 EAMBER  =    -2639.4954


   NSTEP       ENERGY          RMS            GMAX         NAME    NUMBER
    400      -2.5977E+03     4.4508E-03     7.0051E-02     HG1       635

 BOND    =       30.5820  ANGLE   =      205.8049  DIHED      =     1070.4797
 VDWAALS =     -784.9597  EEL     =    -7313.4196  EGB        =    -1793.8925
 1-4 VDW =      329.5629  1-4 EEL =     5616.4139  RESTRAINT  =       41.7388
 EAMBER  =    -2639.4285


   NSTEP       ENERGY          RMS            GMAX         NAME    NUMBER
    500      -2.5977E+03     8.5848E-03     9.5445E-02     HG1       635

 BOND    =       30.5750  ANGLE   =      205.7965  DIHED      =     1070.5572
 VDWAALS =     -784.9683  EEL     =    -7313.2788  EGB        =    -1793.9948
 1-4 VDW =      329.5753  1-4 EEL =     5616.3042  RESTRAINT  =       41.7368
 EAMBER  =    -2639.4337


   NSTEP       ENERGY          RMS            GMAX         NAME    NUMBER
    600      -2.5978E+03     7.2630E-02     1.0720E+00     HG1       635

 BOND    =       30.7054  ANGLE   =      205.9903  DIHED      =     1071.0394
 VDWAALS =     -785.0466  EEL     =    -7313.0093  EGB        =    -1794.4668
 1-4 VDW =      329.3283  1-4 EEL =     5615.7872  RESTRAINT  =       41.8900
 EAMBER  =    -2639.6719


   NSTEP       ENERGY          RMS            GMAX         NAME    NUMBER
    700      -2.6032E+03     3.5498E-02     7.4558E-01     OG1       634

 BOND    =       30.6264  ANGLE   =      205.7871  DIHED      =     1070.2317
 VDWAALS =     -783.7184  EEL     =    -7316.3428  EGB        =    -1796.6924
 1-4 VDW =      329.6151  1-4 EEL =     5615.7822  RESTRAINT  =       41.4759
 EAMBER  =    -2644.7110


   NSTEP       ENERGY          RMS            GMAX         NAME    NUMBER
    800      -2.6033E+03     3.7582E-03     8.3090E-02     CG       1324

 BOND    =       30.6247  ANGLE   =      205.7363  DIHED      =     1070.2551
 VDWAALS =     -783.7272  EEL     =    -7316.2943  EGB        =    -1796.7896
 1-4 VDW =      329.6725  1-4 EEL =     5615.8088  RESTRAINT  =       41.4612
 EAMBER  =    -2644.7136


   NSTEP       ENERGY          RMS            GMAX         NAME    NUMBER
    900      -2.6033E+03     8.7992E-04     1.8221E-02     CD        193

 BOND    =       30.6199  ANGLE   =      205.7330  DIHED      =     1070.2631
 VDWAALS =     -783.7293  EEL     =    -7316.2754  EGB        =    -1796.8109
 1-4 VDW =      329.6836  1-4 EEL =     5615.8080  RESTRAINT  =       41.4553
 EAMBER  =    -2644.7080

     ... RESTARTED DUE TO LINMIN FAILURE ...

     ... RESTARTED DUE TO LINMIN FAILURE ...


                    FINAL RESULTS



   NSTEP       ENERGY          RMS            GMAX         NAME    NUMBER
    945      -2.6033E+03     6.6544E-05     1.7961E-03     HG       1180

 BOND    =       30.6193  ANGLE   =      205.7323  DIHED      =     1070.2632
 VDWAALS =     -783.7289  EEL     =    -7316.2744  EGB        =    -1796.8113
 1-4 VDW =      329.6852  1-4 EEL =     5615.8080  RESTRAINT  =       41.4539
 EAMBER  =    -2644.7066

--------------------------------------------------------------------------------
   5.  TIMINGS
--------------------------------------------------------------------------------

|                Calc gb radii             55.05 (20.23% of Gen B)
|                Calc gb diag             101.58 (37.33% of Gen B)
|                Calc gb off-diag         115.49 (42.44% of Gen B)
|             Gen Born time            272.13 (100.0% of Nonbo)
|          Nonbond force            272.13 (99.28% of Force)
|          Bond/Angle/Dihedral        1.96 ( 0.71% of Force)
|          Other                      0.02 ( 0.01% of Force)
|       Force time               274.10 (100.0% of Runmd)
|    Runmd Time               274.10 (99.73% of Total)
|    Other                      0.74 ( 0.27% of Total)
| Total time               274.84 (100.0% of ALL  )

| Number of list builds   :          0

| Highest rstack allocated:          0
| Highest istack allocated:          0
|           Job began  at 14:18:42.719  on 02/03/2016
|           Setup done at 14:18:42.770  on 02/03/2016
|           Run   done at 14:23:17.558  on 02/03/2016
|     wallclock() was called   17038 times
