
          -------------------------------------------------------
          Amber 14 SANDER                              2014
          -------------------------------------------------------

| Run on 02/03/2016 at 14:07:36

|   Executable path: sander
| Working directory: /lustre/cs1500/scratch/kmb413/RealDecoyDisc/DecoyDiscrimination/decoys.set2.init/1aaj/Rosetta_relaxed
|          Hostname: slepner30


File Assignments:
|  MDIN: /scratch/kmb413/RealDecoyDisc/DecoyDiscrimination/scripts/min/min.in  
| MDOUT: NoH_2_empty_tag_347_0001_0001.out                                     
|INPCRD: NoH_2_empty_tag_347_0001_0001.rst7                                    
|  PARM: NoH_2_empty_tag_347_0001_0001.parm7                                   
|RESTRT: min_NoH_2_empty_tag_347_0001_0001.rst7                                
|  REFC: NoH_2_empty_tag_347_0001_0001.rst7                                    
| MDVEL: mdvel                                                                 
| MDFRC: mdfrc                                                                 
|  MDEN: mden                                                                  
| MDCRD: mdcrd                                                                 
|MDINFO: mdinfo                                                                
|  MTMD: mtmd                                                                  
|INPDIP: inpdip                                                                
|RSTDIP: rstdip                                                                
|INPTRA: inptraj                                                               


 Here is the input file:

                                                                               
&cntrl                                                                         
    imin = 1, maxcyc=1000,                                                     
    ntx = 1,                                                                   
    ntwr = 100, ntpr = 100,                                                    
    cut = 999.0,                                                               
    ntb = 0, igb = 8,                                                          
    ntr = 1, restraint_wt = 10, restraintmask = "!@H=",                        
/                                                                              

--------------------------------------------------------------------------------
   1.  RESOURCE   USE: 
--------------------------------------------------------------------------------

| Flags:                                                                        
| New format PARM file being parsed.
| Version =    1.000 Date = 02/03/16 Time = 11:47:56
 NATOM  =    1590 NTYPES =      14 NBONH =     791 MBONA  =     820
 NTHETH =    1812 MTHETA =    1115 NPHIH =    3578 MPHIA  =    3525
 NHPARM =       0 NPARM  =       0 NNB   =    8805 NRES   =     104
 NBONA  =     820 NTHETA =    1115 NPHIA =    3525 NUMBND =      65
 NUMANG =     152 NPTRA  =     189 NATYP =      33 NPHB   =       0
 IFBOX  =       0 NMXRS  =      24 IFCAP =       0 NEXTRA =       0
 NCOPY  =       0

 Implicit solvent radii are ArgH and AspGluO modified Bondi2 radii (mbondi3)                                
 Replacing prmtop screening parameters with GBn2 (igb=8) values

|     Memory Use     Allocated
|     Real              145027
|     Hollerith           4876
|     Integer           109197
|     Max Pairs              1
|     nblistReal             0
|     nblist Int             0
|       Total             1578 kbytes

| Note: 1-4 EEL scale factors are being read from the topology file.

| Note: 1-4 VDW scale factors are being read from the topology file.
| Duplicated    0 dihedrals
| Duplicated    0 dihedrals

--------------------------------------------------------------------------------
   2.  CONTROL  DATA  FOR  THE  RUN
--------------------------------------------------------------------------------

default_name                                                                    

General flags:
     imin    =       1, nmropt  =       0

Nature and format of input:
     ntx     =       1, irest   =       0, ntrx    =       1

Nature and format of output:
     ntxo    =       1, ntpr    =     100, ntrx    =       1, ntwr    =     100
     iwrap   =       0, ntwx    =       0, ntwv    =       0, ntwe    =       0
     ioutfm  =       0, ntwprt  =       0, idecomp =       0, rbornstat=      0

Potential function:
     ntf     =       1, ntb     =       0, igb     =       8, nsnb    =      25
     ipol    =       0, gbsa    =       0, iesp    =       0
     dielc   =   1.00000, cut     = 999.00000, intdiel =   1.00000
     saltcon =   0.00000, offset  =   0.19514, surften =   0.00500
     rdt     =   0.00000, rgbmax  =  25.00000  extdiel =  78.50000
     alpb  =        0
     gbalphaH  =   0.78844, gbbetaH   =   0.79870,  gbgammaH  =    0.43733
     gbalphaC  =   0.73376, gbbetaC   =   0.50638,  gbgammaC  =    0.20584
     gbalphaN  =   0.50336, gbbetaN   =   0.31683,  gbgammaN  =    0.19292
     gbalphaOS =   0.86781, gbbetaOS  =   0.87664,  gbgammaOS =    0.38788
     gbalphaP  =   1.00000, gbbetaP   =   0.80000,  gbgammaP  =    4.85000
     gb_alpha_hnu  =   0.53705, gb_beta_hnu   =   0.36286,  gb_gamma_hnu  =    0.11670
     gb_alpha_cnu  =   0.33167, gb_beta_cnu   =   0.19684,  gb_gamma_cnu  =    0.09342
     gb_alpha_nnu  =   0.68631, gb_beta_nnu   =   0.46319,  gb_gamma_nnu  =    0.13872
     gb_alpha_onu  =   0.60634, gb_beta_onu   =   0.46301,  gb_gamma_onu  =    0.14226
     gb_alpha_pnu  =   0.41836, gb_beta_pnu   =   0.29005,  gb_gamma_pnu  =    0.10642

Frozen or restrained atoms:
     ibelly  =       0, ntr     =       1
     restraint_wt =  10.00000

Energy minimization:
     maxcyc  =    1000, ncyc    =      10, ntmin   =       1
     dx0     =   0.01000, drms    =   0.00010
|  INFO: Old style inpcrd file read


    LOADING THE CONSTRAINED ATOMS AS GROUPS


   5.  REFERENCE ATOM COORDINATES

  defa
     Mask !@H=; matches   799 atoms

--------------------------------------------------------------------------------
   3.  ATOMIC COORDINATES AND VELOCITIES
--------------------------------------------------------------------------------

default_name                                                                    
 begin time read from input coords =     0.000 ps

 Number of triangulated 3-point waters found:        0

--------------------------------------------------------------------------------
   4.  RESULTS
--------------------------------------------------------------------------------



   NSTEP       ENERGY          RMS            GMAX         NAME    NUMBER
      1      -2.1766E+03     9.0745E+00     6.4478E+01     OE1       730

 BOND    =       70.9281  ANGLE   =      211.6505  DIHED      =     1080.9130
 VDWAALS =     -657.5651  EEL     =    -7557.0359  EGB        =    -1515.7253
 1-4 VDW =      447.0152  1-4 EEL =     5743.2183  RESTRAINT  =        0.0000


   NSTEP       ENERGY          RMS            GMAX         NAME    NUMBER
    100      -2.5446E+03     3.5277E-01     2.6462E+00     CE2       650

 BOND    =       31.5698  ANGLE   =      211.9281  DIHED      =     1083.2747
 VDWAALS =     -802.9550  EEL     =    -7565.5458  EGB        =    -1536.8667
 1-4 VDW =      335.3838  1-4 EEL =     5654.9972  RESTRAINT  =       43.6150
 EAMBER  =    -2588.2139


   NSTEP       ENERGY          RMS            GMAX         NAME    NUMBER
    200      -2.5539E+03     9.4806E-02     1.2269E+00     HG1      1389

 BOND    =       31.7793  ANGLE   =      212.6113  DIHED      =     1082.2199
 VDWAALS =     -804.3301  EEL     =    -7577.4026  EGB        =    -1534.1870
 1-4 VDW =      335.3194  1-4 EEL =     5655.0253  RESTRAINT  =       45.0490
 EAMBER  =    -2598.9644


   NSTEP       ENERGY          RMS            GMAX         NAME    NUMBER
    300      -2.5562E+03     3.9583E-02     8.4206E-01     HG1      1389

 BOND    =       31.5906  ANGLE   =      212.4355  DIHED      =     1080.2701
 VDWAALS =     -804.6259  EEL     =    -7584.1310  EGB        =    -1529.8659
 1-4 VDW =      335.8089  1-4 EEL =     5657.1737  RESTRAINT  =       45.1182
 EAMBER  =    -2601.3439


   NSTEP       ENERGY          RMS            GMAX         NAME    NUMBER
    400      -2.5563E+03     7.1592E-03     1.0234E-01     HB       1383

 BOND    =       31.5300  ANGLE   =      212.3368  DIHED      =     1080.2373
 VDWAALS =     -804.6323  EEL     =    -7585.1606  EGB        =    -1529.2723
 1-4 VDW =      335.9505  1-4 EEL =     5657.6208  RESTRAINT  =       45.1008
 EAMBER  =    -2601.3897


   NSTEP       ENERGY          RMS            GMAX         NAME    NUMBER
    500      -2.5563E+03     5.7948E-03     1.0595E-01     HG1       635

 BOND    =       31.5264  ANGLE   =      212.3370  DIHED      =     1080.2812
 VDWAALS =     -804.6123  EEL     =    -7585.5984  EGB        =    -1529.1157
 1-4 VDW =      335.9738  1-4 EEL =     5657.8010  RESTRAINT  =       45.1097
 EAMBER  =    -2601.4071


   NSTEP       ENERGY          RMS            GMAX         NAME    NUMBER
    600      -2.5566E+03     6.5206E-02     1.1720E+00     HG1       635

 BOND    =       31.6451  ANGLE   =      212.5024  DIHED      =     1080.0232
 VDWAALS =     -804.5998  EEL     =    -7587.2076  EGB        =    -1528.3554
 1-4 VDW =      335.8053  1-4 EEL =     5658.3580  RESTRAINT  =       45.2542
 EAMBER  =    -2601.8289


   NSTEP       ENERGY          RMS            GMAX         NAME    NUMBER
    700      -2.5572E+03     7.1863E-03     1.6086E-01     HG1       635

 BOND    =       31.5273  ANGLE   =      212.3656  DIHED      =     1078.8809
 VDWAALS =     -804.5899  EEL     =    -7587.8259  EGB        =    -1527.7713
 1-4 VDW =      336.0511  1-4 EEL =     5658.9867  RESTRAINT  =       45.2189
 EAMBER  =    -2602.3755


   NSTEP       ENERGY          RMS            GMAX         NAME    NUMBER
    800      -2.5572E+03     2.9491E-04     7.9842E-03     CG        311

 BOND    =       31.5131  ANGLE   =      212.3494  DIHED      =     1078.8349
 VDWAALS =     -804.5576  EEL     =    -7587.9112  EGB        =    -1527.7265
 1-4 VDW =      336.0811  1-4 EEL =     5659.0375  RESTRAINT  =       45.2190
 EAMBER  =    -2602.3793


                    FINAL RESULTS



   NSTEP       ENERGY          RMS            GMAX         NAME    NUMBER
    870      -2.5572E+03     9.4509E-05     1.6561E-03     CA        610

 BOND    =       31.5129  ANGLE   =      212.3487  DIHED      =     1078.8348
 VDWAALS =     -804.5566  EEL     =    -7587.9132  EGB        =    -1527.7249
 1-4 VDW =      336.0819  1-4 EEL =     5659.0376  RESTRAINT  =       45.2184
 EAMBER  =    -2602.3787

--------------------------------------------------------------------------------
   5.  TIMINGS
--------------------------------------------------------------------------------

|                Calc gb radii             51.66 (20.34% of Gen B)
|                Calc gb diag              95.35 (37.54% of Gen B)
|                Calc gb off-diag         106.98 (42.12% of Gen B)
|             Gen Born time            254.00 (100.0% of Nonbo)
|          Nonbond force            254.00 (99.29% of Force)
|          Bond/Angle/Dihedral        1.80 ( 0.70% of Force)
|          Other                      0.01 ( 0.01% of Force)
|       Force time               255.81 (100.0% of Runmd)
|    Runmd Time               255.81 (99.71% of Total)
|    Other                      0.74 ( 0.29% of Total)
| Total time               256.55 (100.0% of ALL  )

| Number of list builds   :          0

| Highest rstack allocated:          0
| Highest istack allocated:          0
|           Job began  at 14:07:36.927  on 02/03/2016
|           Setup done at 14:07:36.993  on 02/03/2016
|           Run   done at 14:11:53.482  on 02/03/2016
|     wallclock() was called   15688 times
