
          -------------------------------------------------------
          Amber 14 SANDER                              2014
          -------------------------------------------------------

| Run on 02/03/2016 at 12:18:05

|   Executable path: sander
| Working directory: /lustre/cs1500/scratch/kmb413/RealDecoyDisc/DecoyDiscrimination/decoys.set2.init/1aaj/Rosetta_relaxed
|          Hostname: slepner7


File Assignments:
|  MDIN: /scratch/kmb413/RealDecoyDisc/DecoyDiscrimination/scripts/min/min.in  
| MDOUT: NoH_3_empty_tag_695_0001_0001.out                                     
|INPCRD: NoH_3_empty_tag_695_0001_0001.rst7                                    
|  PARM: NoH_3_empty_tag_695_0001_0001.parm7                                   
|RESTRT: min_NoH_3_empty_tag_695_0001_0001.rst7                                
|  REFC: NoH_3_empty_tag_695_0001_0001.rst7                                    
| MDVEL: mdvel                                                                 
| MDFRC: mdfrc                                                                 
|  MDEN: mden                                                                  
| MDCRD: mdcrd                                                                 
|MDINFO: mdinfo                                                                
|  MTMD: mtmd                                                                  
|INPDIP: inpdip                                                                
|RSTDIP: rstdip                                                                
|INPTRA: inptraj                                                               


 Here is the input file:

                                                                               
&cntrl                                                                         
    imin = 1, maxcyc=1000,                                                     
    ntx = 1,                                                                   
    ntwr = 100, ntpr = 100,                                                    
    cut = 999.0,                                                               
    ntb = 0, igb = 8,                                                          
    ntr = 1, restraint_wt = 10, restraintmask = "!@H=",                        
/                                                                              

--------------------------------------------------------------------------------
   1.  RESOURCE   USE: 
--------------------------------------------------------------------------------

| Flags:                                                                        
| New format PARM file being parsed.
| Version =    1.000 Date = 02/03/16 Time = 11:50:12
 NATOM  =    1590 NTYPES =      14 NBONH =     791 MBONA  =     820
 NTHETH =    1812 MTHETA =    1115 NPHIH =    3578 MPHIA  =    3525
 NHPARM =       0 NPARM  =       0 NNB   =    8805 NRES   =     104
 NBONA  =     820 NTHETA =    1115 NPHIA =    3525 NUMBND =      65
 NUMANG =     152 NPTRA  =     189 NATYP =      33 NPHB   =       0
 IFBOX  =       0 NMXRS  =      24 IFCAP =       0 NEXTRA =       0
 NCOPY  =       0

 Implicit solvent radii are ArgH and AspGluO modified Bondi2 radii (mbondi3)                                
 Replacing prmtop screening parameters with GBn2 (igb=8) values

|     Memory Use     Allocated
|     Real              145027
|     Hollerith           4876
|     Integer           109197
|     Max Pairs              1
|     nblistReal             0
|     nblist Int             0
|       Total             1578 kbytes

| Note: 1-4 EEL scale factors are being read from the topology file.

| Note: 1-4 VDW scale factors are being read from the topology file.
| Duplicated    0 dihedrals
| Duplicated    0 dihedrals

--------------------------------------------------------------------------------
   2.  CONTROL  DATA  FOR  THE  RUN
--------------------------------------------------------------------------------

default_name                                                                    

General flags:
     imin    =       1, nmropt  =       0

Nature and format of input:
     ntx     =       1, irest   =       0, ntrx    =       1

Nature and format of output:
     ntxo    =       1, ntpr    =     100, ntrx    =       1, ntwr    =     100
     iwrap   =       0, ntwx    =       0, ntwv    =       0, ntwe    =       0
     ioutfm  =       0, ntwprt  =       0, idecomp =       0, rbornstat=      0

Potential function:
     ntf     =       1, ntb     =       0, igb     =       8, nsnb    =      25
     ipol    =       0, gbsa    =       0, iesp    =       0
     dielc   =   1.00000, cut     = 999.00000, intdiel =   1.00000
     saltcon =   0.00000, offset  =   0.19514, surften =   0.00500
     rdt     =   0.00000, rgbmax  =  25.00000  extdiel =  78.50000
     alpb  =        0
     gbalphaH  =   0.78844, gbbetaH   =   0.79870,  gbgammaH  =    0.43733
     gbalphaC  =   0.73376, gbbetaC   =   0.50638,  gbgammaC  =    0.20584
     gbalphaN  =   0.50336, gbbetaN   =   0.31683,  gbgammaN  =    0.19292
     gbalphaOS =   0.86781, gbbetaOS  =   0.87664,  gbgammaOS =    0.38788
     gbalphaP  =   1.00000, gbbetaP   =   0.80000,  gbgammaP  =    4.85000
     gb_alpha_hnu  =   0.53705, gb_beta_hnu   =   0.36286,  gb_gamma_hnu  =    0.11670
     gb_alpha_cnu  =   0.33167, gb_beta_cnu   =   0.19684,  gb_gamma_cnu  =    0.09342
     gb_alpha_nnu  =   0.68631, gb_beta_nnu   =   0.46319,  gb_gamma_nnu  =    0.13872
     gb_alpha_onu  =   0.60634, gb_beta_onu   =   0.46301,  gb_gamma_onu  =    0.14226
     gb_alpha_pnu  =   0.41836, gb_beta_pnu   =   0.29005,  gb_gamma_pnu  =    0.10642

Frozen or restrained atoms:
     ibelly  =       0, ntr     =       1
     restraint_wt =  10.00000

Energy minimization:
     maxcyc  =    1000, ncyc    =      10, ntmin   =       1
     dx0     =   0.01000, drms    =   0.00010
|  INFO: Old style inpcrd file read


    LOADING THE CONSTRAINED ATOMS AS GROUPS


   5.  REFERENCE ATOM COORDINATES

  defa
     Mask !@H=; matches   799 atoms

--------------------------------------------------------------------------------
   3.  ATOMIC COORDINATES AND VELOCITIES
--------------------------------------------------------------------------------

default_name                                                                    
 begin time read from input coords =     0.000 ps

 Number of triangulated 3-point waters found:        0

--------------------------------------------------------------------------------
   4.  RESULTS
--------------------------------------------------------------------------------



   NSTEP       ENERGY          RMS            GMAX         NAME    NUMBER
      1      -2.1901E+03     9.1206E+00     6.1304E+01     OE1       481

 BOND    =       69.3740  ANGLE   =      211.3532  DIHED      =     1089.8536
 VDWAALS =     -620.1326  EEL     =    -7394.6612  EGB        =    -1720.8652
 1-4 VDW =      437.2675  1-4 EEL =     5737.7398  RESTRAINT  =        0.0000


   NSTEP       ENERGY          RMS            GMAX         NAME    NUMBER
    100      -2.5737E+03     3.0860E-01     3.1067E+00     HG1       605

 BOND    =       30.8725  ANGLE   =      205.3759  DIHED      =     1092.8869
 VDWAALS =     -768.3836  EEL     =    -7407.6287  EGB        =    -1748.6423
 1-4 VDW =      329.1462  1-4 EEL =     5651.6170  RESTRAINT  =       41.0634
 EAMBER  =    -2614.7562


   NSTEP       ENERGY          RMS            GMAX         NAME    NUMBER
    200      -2.5849E+03     1.8028E-01     1.4030E+00     H1          2

 BOND    =       31.0946  ANGLE   =      206.0239  DIHED      =     1091.0514
 VDWAALS =     -770.5860  EEL     =    -7408.6768  EGB        =    -1757.2383
 1-4 VDW =      328.7463  1-4 EEL =     5651.9198  RESTRAINT  =       42.7225
 EAMBER  =    -2627.6651


   NSTEP       ENERGY          RMS            GMAX         NAME    NUMBER
    300      -2.5874E+03     1.4964E-01     1.7874E+00     HG1      1389

 BOND    =       31.0094  ANGLE   =      206.6845  DIHED      =     1089.8630
 VDWAALS =     -771.6492  EEL     =    -7409.1309  EGB        =    -1758.9888
 1-4 VDW =      328.6408  1-4 EEL =     5652.9595  RESTRAINT  =       43.1834
 EAMBER  =    -2630.6117


   NSTEP       ENERGY          RMS            GMAX         NAME    NUMBER
    400      -2.5889E+03     3.7005E-02     5.6026E-01     CD        193

 BOND    =       30.7392  ANGLE   =      205.7075  DIHED      =     1088.0215
 VDWAALS =     -771.4806  EEL     =    -7411.6365  EGB        =    -1757.4091
 1-4 VDW =      329.5077  1-4 EEL =     5654.9093  RESTRAINT  =       42.7612
 EAMBER  =    -2631.6409


   NSTEP       ENERGY          RMS            GMAX         NAME    NUMBER
    500      -2.5889E+03     4.5873E-03     7.5282E-02     HG1      1213

 BOND    =       30.6669  ANGLE   =      205.5641  DIHED      =     1087.7897
 VDWAALS =     -771.3781  EEL     =    -7411.7508  EGB        =    -1757.3278
 1-4 VDW =      329.6986  1-4 EEL =     5655.0920  RESTRAINT  =       42.7097
 EAMBER  =    -2631.6455


   NSTEP       ENERGY          RMS            GMAX         NAME    NUMBER
    600      -2.5889E+03     4.4110E-03     5.7252E-02     C        1390

 BOND    =       30.6513  ANGLE   =      205.5338  DIHED      =     1087.7583
 VDWAALS =     -771.3689  EEL     =    -7411.7898  EGB        =    -1757.2971
 1-4 VDW =      329.7460  1-4 EEL =     5655.1245  RESTRAINT  =       42.7043
 EAMBER  =    -2631.6419

     ... RESTARTED DUE TO LINMIN FAILURE ...


   NSTEP       ENERGY          RMS            GMAX         NAME    NUMBER
    700      -2.5889E+03     2.2195E-04     2.8600E-03     HG1      1213

 BOND    =       30.6554  ANGLE   =      205.5356  DIHED      =     1087.7600
 VDWAALS =     -771.3732  EEL     =    -7411.7938  EGB        =    -1757.2984
 1-4 VDW =      329.7414  1-4 EEL =     5655.1277  RESTRAINT  =       42.7075
 EAMBER  =    -2631.6452

     ... RESTARTED DUE TO LINMIN FAILURE ...


                    FINAL RESULTS



   NSTEP       ENERGY          RMS            GMAX         NAME    NUMBER
    752      -2.5889E+03     9.9416E-05     1.5302E-03     HE3      1045

 BOND    =       30.6554  ANGLE   =      205.5357  DIHED      =     1087.7601
 VDWAALS =     -771.3735  EEL     =    -7411.7937  EGB        =    -1757.2984
 1-4 VDW =      329.7414  1-4 EEL =     5655.1278  RESTRAINT  =       42.7076
 EAMBER  =    -2631.6453

--------------------------------------------------------------------------------
   5.  TIMINGS
--------------------------------------------------------------------------------

|                Calc gb radii             44.52 (20.31% of Gen B)
|                Calc gb diag              82.69 (37.73% of Gen B)
|                Calc gb off-diag          91.93 (41.95% of Gen B)
|             Gen Born time            219.15 (100.0% of Nonbo)
|          Nonbond force            219.15 (99.29% of Force)
|          Bond/Angle/Dihedral        1.56 ( 0.71% of Force)
|          Other                      0.01 ( 0.01% of Force)
|       Force time               220.72 (100.0% of Runmd)
|    Runmd Time               220.72 (99.65% of Total)
|    Other                      0.78 ( 0.35% of Total)
| Total time               221.50 (100.0% of ALL  )

| Number of list builds   :          0

| Highest rstack allocated:          0
| Highest istack allocated:          0
|           Job began  at 12:18:05.190  on 02/03/2016
|           Setup done at 12:18:05.241  on 02/03/2016
|           Run   done at 12:21:46.695  on 02/03/2016
|     wallclock() was called   13564 times
