
          -------------------------------------------------------
          Amber 14 SANDER                              2014
          -------------------------------------------------------

| Run on 02/03/2016 at 13:51:45

|   Executable path: sander
| Working directory: /lustre/cs1500/scratch/kmb413/RealDecoyDisc/DecoyDiscrimination/decoys.set2.init/1aaj/Rosetta_relaxed
|          Hostname: slepner30


File Assignments:
|  MDIN: /scratch/kmb413/RealDecoyDisc/DecoyDiscrimination/scripts/min/min.in  
| MDOUT: NoH_2_empty_tag_908_0001_0001.out                                     
|INPCRD: NoH_2_empty_tag_908_0001_0001.rst7                                    
|  PARM: NoH_2_empty_tag_908_0001_0001.parm7                                   
|RESTRT: min_NoH_2_empty_tag_908_0001_0001.rst7                                
|  REFC: NoH_2_empty_tag_908_0001_0001.rst7                                    
| MDVEL: mdvel                                                                 
| MDFRC: mdfrc                                                                 
|  MDEN: mden                                                                  
| MDCRD: mdcrd                                                                 
|MDINFO: mdinfo                                                                
|  MTMD: mtmd                                                                  
|INPDIP: inpdip                                                                
|RSTDIP: rstdip                                                                
|INPTRA: inptraj                                                               


 Here is the input file:

                                                                               
&cntrl                                                                         
    imin = 1, maxcyc=1000,                                                     
    ntx = 1,                                                                   
    ntwr = 100, ntpr = 100,                                                    
    cut = 999.0,                                                               
    ntb = 0, igb = 8,                                                          
    ntr = 1, restraint_wt = 10, restraintmask = "!@H=",                        
/                                                                              

--------------------------------------------------------------------------------
   1.  RESOURCE   USE: 
--------------------------------------------------------------------------------

| Flags:                                                                        
| New format PARM file being parsed.
| Version =    1.000 Date = 02/03/16 Time = 11:48:24
 NATOM  =    1590 NTYPES =      14 NBONH =     791 MBONA  =     820
 NTHETH =    1812 MTHETA =    1115 NPHIH =    3578 MPHIA  =    3525
 NHPARM =       0 NPARM  =       0 NNB   =    8805 NRES   =     104
 NBONA  =     820 NTHETA =    1115 NPHIA =    3525 NUMBND =      65
 NUMANG =     152 NPTRA  =     189 NATYP =      33 NPHB   =       0
 IFBOX  =       0 NMXRS  =      24 IFCAP =       0 NEXTRA =       0
 NCOPY  =       0

 Implicit solvent radii are ArgH and AspGluO modified Bondi2 radii (mbondi3)                                
 Replacing prmtop screening parameters with GBn2 (igb=8) values

|     Memory Use     Allocated
|     Real              145027
|     Hollerith           4876
|     Integer           109197
|     Max Pairs              1
|     nblistReal             0
|     nblist Int             0
|       Total             1578 kbytes

| Note: 1-4 EEL scale factors are being read from the topology file.

| Note: 1-4 VDW scale factors are being read from the topology file.
| Duplicated    0 dihedrals
| Duplicated    0 dihedrals

--------------------------------------------------------------------------------
   2.  CONTROL  DATA  FOR  THE  RUN
--------------------------------------------------------------------------------

default_name                                                                    

General flags:
     imin    =       1, nmropt  =       0

Nature and format of input:
     ntx     =       1, irest   =       0, ntrx    =       1

Nature and format of output:
     ntxo    =       1, ntpr    =     100, ntrx    =       1, ntwr    =     100
     iwrap   =       0, ntwx    =       0, ntwv    =       0, ntwe    =       0
     ioutfm  =       0, ntwprt  =       0, idecomp =       0, rbornstat=      0

Potential function:
     ntf     =       1, ntb     =       0, igb     =       8, nsnb    =      25
     ipol    =       0, gbsa    =       0, iesp    =       0
     dielc   =   1.00000, cut     = 999.00000, intdiel =   1.00000
     saltcon =   0.00000, offset  =   0.19514, surften =   0.00500
     rdt     =   0.00000, rgbmax  =  25.00000  extdiel =  78.50000
     alpb  =        0
     gbalphaH  =   0.78844, gbbetaH   =   0.79870,  gbgammaH  =    0.43733
     gbalphaC  =   0.73376, gbbetaC   =   0.50638,  gbgammaC  =    0.20584
     gbalphaN  =   0.50336, gbbetaN   =   0.31683,  gbgammaN  =    0.19292
     gbalphaOS =   0.86781, gbbetaOS  =   0.87664,  gbgammaOS =    0.38788
     gbalphaP  =   1.00000, gbbetaP   =   0.80000,  gbgammaP  =    4.85000
     gb_alpha_hnu  =   0.53705, gb_beta_hnu   =   0.36286,  gb_gamma_hnu  =    0.11670
     gb_alpha_cnu  =   0.33167, gb_beta_cnu   =   0.19684,  gb_gamma_cnu  =    0.09342
     gb_alpha_nnu  =   0.68631, gb_beta_nnu   =   0.46319,  gb_gamma_nnu  =    0.13872
     gb_alpha_onu  =   0.60634, gb_beta_onu   =   0.46301,  gb_gamma_onu  =    0.14226
     gb_alpha_pnu  =   0.41836, gb_beta_pnu   =   0.29005,  gb_gamma_pnu  =    0.10642

Frozen or restrained atoms:
     ibelly  =       0, ntr     =       1
     restraint_wt =  10.00000

Energy minimization:
     maxcyc  =    1000, ncyc    =      10, ntmin   =       1
     dx0     =   0.01000, drms    =   0.00010
|  INFO: Old style inpcrd file read


    LOADING THE CONSTRAINED ATOMS AS GROUPS


   5.  REFERENCE ATOM COORDINATES

  defa
     Mask !@H=; matches   799 atoms

--------------------------------------------------------------------------------
   3.  ATOMIC COORDINATES AND VELOCITIES
--------------------------------------------------------------------------------

default_name                                                                    
 begin time read from input coords =     0.000 ps

 Number of triangulated 3-point waters found:        0

--------------------------------------------------------------------------------
   4.  RESULTS
--------------------------------------------------------------------------------



   NSTEP       ENERGY          RMS            GMAX         NAME    NUMBER
      1      -2.1971E+03     9.1239E+00     6.7765E+01     OXT      1590

 BOND    =       69.9074  ANGLE   =      211.7247  DIHED      =     1079.0533
 VDWAALS =     -640.5560  EEL     =    -7200.6989  EGB        =    -1862.6214
 1-4 VDW =      437.2523  1-4 EEL =     5708.8169  RESTRAINT  =        0.0000


   NSTEP       ENERGY          RMS            GMAX         NAME    NUMBER
    100      -2.5765E+03     2.6218E-01     2.8712E+00     OG1      1388

 BOND    =       31.3810  ANGLE   =      207.6831  DIHED      =     1081.4419
 VDWAALS =     -792.7223  EEL     =    -7222.1775  EGB        =    -1878.5124
 1-4 VDW =      327.7131  1-4 EEL =     5626.3813  RESTRAINT  =       42.3017
 EAMBER  =    -2618.8118


   NSTEP       ENERGY          RMS            GMAX         NAME    NUMBER
    200      -2.5797E+03     1.2263E-01     1.6546E+00     H2          3

 BOND    =       31.4725  ANGLE   =      208.4793  DIHED      =     1081.2521
 VDWAALS =     -796.1682  EEL     =    -7224.2240  EGB        =    -1879.6346
 1-4 VDW =      327.4022  1-4 EEL =     5627.0427  RESTRAINT  =       44.6335
 EAMBER  =    -2624.3780


   NSTEP       ENERGY          RMS            GMAX         NAME    NUMBER
    300      -2.5835E+03     3.7521E-01     5.7875E+00     HG1       605

 BOND    =       32.6310  ANGLE   =      211.0550  DIHED      =     1080.5943
 VDWAALS =     -797.4101  EEL     =    -7226.1795  EGB        =    -1881.3257
 1-4 VDW =      325.4331  1-4 EEL =     5625.3963  RESTRAINT  =       46.2638
 EAMBER  =    -2629.8058


   NSTEP       ENERGY          RMS            GMAX         NAME    NUMBER
    400      -2.5864E+03     1.0237E-02     1.4717E-01     OG1       604

 BOND    =       31.1524  ANGLE   =      208.1818  DIHED      =     1079.2475
 VDWAALS =     -795.2561  EEL     =    -7228.6903  EGB        =    -1881.2275
 1-4 VDW =      328.3921  1-4 EEL =     5627.9331  RESTRAINT  =       43.8235
 EAMBER  =    -2630.2669


   NSTEP       ENERGY          RMS            GMAX         NAME    NUMBER
    500      -2.5864E+03     3.3595E-03     3.4696E-02     C          33

 BOND    =       31.1298  ANGLE   =      208.1494  DIHED      =     1079.2730
 VDWAALS =     -795.2500  EEL     =    -7228.7436  EGB        =    -1881.2619
 1-4 VDW =      328.4509  1-4 EEL =     5628.0114  RESTRAINT  =       43.7935
 EAMBER  =    -2630.2409


   NSTEP       ENERGY          RMS            GMAX         NAME    NUMBER
    600      -2.5864E+03     2.7909E-03     7.6019E-02     CD       1119

 BOND    =       31.1259  ANGLE   =      208.1411  DIHED      =     1079.2804
 VDWAALS =     -795.2521  EEL     =    -7228.7865  EGB        =    -1881.2311
 1-4 VDW =      328.4609  1-4 EEL =     5628.0249  RESTRAINT  =       43.7889
 EAMBER  =    -2630.2366


   NSTEP       ENERGY          RMS            GMAX         NAME    NUMBER
    700      -2.5864E+03     5.2661E-04     8.9848E-03     CD       1119

 BOND    =       31.1237  ANGLE   =      208.1385  DIHED      =     1079.2827
 VDWAALS =     -795.2521  EEL     =    -7228.8106  EGB        =    -1881.2111
 1-4 VDW =      328.4660  1-4 EEL =     5628.0290  RESTRAINT  =       43.7861
 EAMBER  =    -2630.2339


   NSTEP       ENERGY          RMS            GMAX         NAME    NUMBER
    800      -2.5864E+03     3.1995E-04     6.5868E-03     HG       1180

 BOND    =       31.1235  ANGLE   =      208.1378  DIHED      =     1079.2850
 VDWAALS =     -795.2531  EEL     =    -7228.8324  EGB        =    -1881.1937
 1-4 VDW =      328.4667  1-4 EEL =     5628.0323  RESTRAINT  =       43.7859
 EAMBER  =    -2630.2337


   NSTEP       ENERGY          RMS            GMAX         NAME    NUMBER
    900      -2.5864E+03     1.0704E-03     1.1507E-02     CE         16

 BOND    =       31.1236  ANGLE   =      208.1381  DIHED      =     1079.2877
 VDWAALS =     -795.2539  EEL     =    -7228.8620  EGB        =    -1881.1705
 1-4 VDW =      328.4671  1-4 EEL =     5628.0361  RESTRAINT  =       43.7858
 EAMBER  =    -2630.2337


                    FINAL RESULTS



   NSTEP       ENERGY          RMS            GMAX         NAME    NUMBER
    996      -2.5864E+03     9.6672E-05     3.5835E-03     HG       1180

 BOND    =       31.1231  ANGLE   =      208.1376  DIHED      =     1079.2925
 VDWAALS =     -795.2547  EEL     =    -7228.9146  EGB        =    -1881.1295
 1-4 VDW =      328.4682  1-4 EEL =     5628.0443  RESTRAINT  =       43.7852
 EAMBER  =    -2630.2331

--------------------------------------------------------------------------------
   5.  TIMINGS
--------------------------------------------------------------------------------

|                Calc gb radii             58.39 (20.01% of Gen B)
|                Calc gb diag             111.30 (38.14% of Gen B)
|                Calc gb off-diag         122.16 (41.86% of Gen B)
|             Gen Born time            291.85 (100.0% of Nonbo)
|          Nonbond force            291.85 (99.29% of Force)
|          Bond/Angle/Dihedral        2.08 ( 0.71% of Force)
|          Other                      0.02 ( 0.01% of Force)
|       Force time               293.95 (100.0% of Runmd)
|    Runmd Time               293.95 (99.78% of Total)
|    Other                      0.64 ( 0.22% of Total)
| Total time               294.60 (100.0% of ALL  )

| Number of list builds   :          0

| Highest rstack allocated:          0
| Highest istack allocated:          0
|           Job began  at 13:51:45.352  on 02/03/2016
|           Setup done at 13:51:45.415  on 02/03/2016
|           Run   done at 13:56:39.947  on 02/03/2016
|     wallclock() was called   17956 times
