
          -------------------------------------------------------
          Amber 14 SANDER                              2014
          -------------------------------------------------------

| Run on 02/03/2016 at 13:47:16

|   Executable path: sander
| Working directory: /lustre/cs1500/scratch/kmb413/RealDecoyDisc/DecoyDiscrimination/decoys.set2.init/1aaj/Rosetta_relaxed
|          Hostname: slepner15


File Assignments:
|  MDIN: /scratch/kmb413/RealDecoyDisc/DecoyDiscrimination/scripts/min/min.in  
| MDOUT: NoH_2_empty_tag_1_662_0001.out                                        
|INPCRD: NoH_2_empty_tag_1_662_0001.rst7                                       
|  PARM: NoH_2_empty_tag_1_662_0001.parm7                                      
|RESTRT: min_NoH_2_empty_tag_1_662_0001.rst7                                   
|  REFC: NoH_2_empty_tag_1_662_0001.rst7                                       
| MDVEL: mdvel                                                                 
| MDFRC: mdfrc                                                                 
|  MDEN: mden                                                                  
| MDCRD: mdcrd                                                                 
|MDINFO: mdinfo                                                                
|  MTMD: mtmd                                                                  
|INPDIP: inpdip                                                                
|RSTDIP: rstdip                                                                
|INPTRA: inptraj                                                               


 Here is the input file:

                                                                               
&cntrl                                                                         
    imin = 1, maxcyc=1000,                                                     
    ntx = 1,                                                                   
    ntwr = 100, ntpr = 100,                                                    
    cut = 999.0,                                                               
    ntb = 0, igb = 8,                                                          
    ntr = 1, restraint_wt = 10, restraintmask = "!@H=",                        
/                                                                              

--------------------------------------------------------------------------------
   1.  RESOURCE   USE: 
--------------------------------------------------------------------------------

| Flags:                                                                        
| New format PARM file being parsed.
| Version =    1.000 Date = 02/03/16 Time = 11:47:24
 NATOM  =    1590 NTYPES =      14 NBONH =     791 MBONA  =     820
 NTHETH =    1812 MTHETA =    1115 NPHIH =    3578 MPHIA  =    3525
 NHPARM =       0 NPARM  =       0 NNB   =    8805 NRES   =     104
 NBONA  =     820 NTHETA =    1115 NPHIA =    3525 NUMBND =      65
 NUMANG =     152 NPTRA  =     189 NATYP =      33 NPHB   =       0
 IFBOX  =       0 NMXRS  =      24 IFCAP =       0 NEXTRA =       0
 NCOPY  =       0

 Implicit solvent radii are ArgH and AspGluO modified Bondi2 radii (mbondi3)                                
 Replacing prmtop screening parameters with GBn2 (igb=8) values

|     Memory Use     Allocated
|     Real              145027
|     Hollerith           4876
|     Integer           109197
|     Max Pairs              1
|     nblistReal             0
|     nblist Int             0
|       Total             1578 kbytes

| Note: 1-4 EEL scale factors are being read from the topology file.

| Note: 1-4 VDW scale factors are being read from the topology file.
| Duplicated    0 dihedrals
| Duplicated    0 dihedrals

--------------------------------------------------------------------------------
   2.  CONTROL  DATA  FOR  THE  RUN
--------------------------------------------------------------------------------

default_name                                                                    

General flags:
     imin    =       1, nmropt  =       0

Nature and format of input:
     ntx     =       1, irest   =       0, ntrx    =       1

Nature and format of output:
     ntxo    =       1, ntpr    =     100, ntrx    =       1, ntwr    =     100
     iwrap   =       0, ntwx    =       0, ntwv    =       0, ntwe    =       0
     ioutfm  =       0, ntwprt  =       0, idecomp =       0, rbornstat=      0

Potential function:
     ntf     =       1, ntb     =       0, igb     =       8, nsnb    =      25
     ipol    =       0, gbsa    =       0, iesp    =       0
     dielc   =   1.00000, cut     = 999.00000, intdiel =   1.00000
     saltcon =   0.00000, offset  =   0.19514, surften =   0.00500
     rdt     =   0.00000, rgbmax  =  25.00000  extdiel =  78.50000
     alpb  =        0
     gbalphaH  =   0.78844, gbbetaH   =   0.79870,  gbgammaH  =    0.43733
     gbalphaC  =   0.73376, gbbetaC   =   0.50638,  gbgammaC  =    0.20584
     gbalphaN  =   0.50336, gbbetaN   =   0.31683,  gbgammaN  =    0.19292
     gbalphaOS =   0.86781, gbbetaOS  =   0.87664,  gbgammaOS =    0.38788
     gbalphaP  =   1.00000, gbbetaP   =   0.80000,  gbgammaP  =    4.85000
     gb_alpha_hnu  =   0.53705, gb_beta_hnu   =   0.36286,  gb_gamma_hnu  =    0.11670
     gb_alpha_cnu  =   0.33167, gb_beta_cnu   =   0.19684,  gb_gamma_cnu  =    0.09342
     gb_alpha_nnu  =   0.68631, gb_beta_nnu   =   0.46319,  gb_gamma_nnu  =    0.13872
     gb_alpha_onu  =   0.60634, gb_beta_onu   =   0.46301,  gb_gamma_onu  =    0.14226
     gb_alpha_pnu  =   0.41836, gb_beta_pnu   =   0.29005,  gb_gamma_pnu  =    0.10642

Frozen or restrained atoms:
     ibelly  =       0, ntr     =       1
     restraint_wt =  10.00000

Energy minimization:
     maxcyc  =    1000, ncyc    =      10, ntmin   =       1
     dx0     =   0.01000, drms    =   0.00010
|  INFO: Old style inpcrd file read


    LOADING THE CONSTRAINED ATOMS AS GROUPS


   5.  REFERENCE ATOM COORDINATES

  defa
     Mask !@H=; matches   799 atoms

--------------------------------------------------------------------------------
   3.  ATOMIC COORDINATES AND VELOCITIES
--------------------------------------------------------------------------------

default_name                                                                    
 begin time read from input coords =     0.000 ps

 Number of triangulated 3-point waters found:        0

--------------------------------------------------------------------------------
   4.  RESULTS
--------------------------------------------------------------------------------



   NSTEP       ENERGY          RMS            GMAX         NAME    NUMBER
      1      -2.2200E+03     9.1108E+00     5.8741E+01     OXT      1590

 BOND    =       69.4848  ANGLE   =      211.5169  DIHED      =     1082.0940
 VDWAALS =     -656.3533  EEL     =    -7054.5031  EGB        =    -2022.4447
 1-4 VDW =      440.6731  1-4 EEL =     5709.5178  RESTRAINT  =        0.0000


   NSTEP       ENERGY          RMS            GMAX         NAME    NUMBER
    100      -2.5898E+03     3.2716E-01     3.2963E+00     CE2       650

 BOND    =       31.3844  ANGLE   =      206.3232  DIHED      =     1087.4754
 VDWAALS =     -796.7487  EEL     =    -7075.1780  EGB        =    -2035.1864
 1-4 VDW =      329.6677  1-4 EEL =     5621.1899  RESTRAINT  =       41.2537
 EAMBER  =    -2631.0725


   NSTEP       ENERGY          RMS            GMAX         NAME    NUMBER
    200      -2.6033E+03     2.2943E-01     2.6243E+00     CG2       630

 BOND    =       31.4246  ANGLE   =      206.5087  DIHED      =     1085.3542
 VDWAALS =     -798.3167  EEL     =    -7089.1872  EGB        =    -2033.0392
 1-4 VDW =      329.7728  1-4 EEL =     5621.7364  RESTRAINT  =       42.4130
 EAMBER  =    -2645.7463


   NSTEP       ENERGY          RMS            GMAX         NAME    NUMBER
    300      -2.6051E+03     4.5706E-02     7.4486E-01     HG         90

 BOND    =       31.3388  ANGLE   =      206.4185  DIHED      =     1084.0969
 VDWAALS =     -798.9516  EEL     =    -7092.4497  EGB        =    -2030.3955
 1-4 VDW =      330.0153  1-4 EEL =     5622.3166  RESTRAINT  =       42.5518
 EAMBER  =    -2647.6107


   NSTEP       ENERGY          RMS            GMAX         NAME    NUMBER
    400      -2.6058E+03     1.9201E-02     3.7461E-01     CB         86

 BOND    =       31.2274  ANGLE   =      206.1455  DIHED      =     1083.3213
 VDWAALS =     -798.8391  EEL     =    -7096.0795  EGB        =    -2026.3003
 1-4 VDW =      330.4099  1-4 EEL =     5621.9991  RESTRAINT  =       42.3202
 EAMBER  =    -2648.1156


   NSTEP       ENERGY          RMS            GMAX         NAME    NUMBER
    500      -2.6102E+03     1.9033E-01     3.0687E+00     HG1       605

 BOND    =       31.8008  ANGLE   =      207.2913  DIHED      =     1083.1396
 VDWAALS =     -798.7080  EEL     =    -7099.3812  EGB        =    -2028.2296
 1-4 VDW =      329.3689  1-4 EEL =     5621.4626  RESTRAINT  =       43.0772
 EAMBER  =    -2653.2555


   NSTEP       ENERGY          RMS            GMAX         NAME    NUMBER
    600      -2.6109E+03     9.8518E-03     1.0958E-01     CB        598

 BOND    =       31.2744  ANGLE   =      206.2923  DIHED      =     1082.6779
 VDWAALS =     -797.5842  EEL     =    -7099.9491  EGB        =    -2028.5563
 1-4 VDW =      330.5454  1-4 EEL =     5622.4981  RESTRAINT  =       41.9234
 EAMBER  =    -2652.8016


   NSTEP       ENERGY          RMS            GMAX         NAME    NUMBER
    700      -2.6109E+03     1.2397E-03     1.3698E-02     HG1      1213

 BOND    =       31.2676  ANGLE   =      206.2740  DIHED      =     1082.6908
 VDWAALS =     -797.5781  EEL     =    -7099.9312  EGB        =    -2028.6202
 1-4 VDW =      330.5802  1-4 EEL =     5622.5339  RESTRAINT  =       41.9026
 EAMBER  =    -2652.7831


   NSTEP       ENERGY          RMS            GMAX         NAME    NUMBER
    800      -2.6109E+03     3.6530E-04     7.3051E-03     CG       1324

 BOND    =       31.2650  ANGLE   =      206.2689  DIHED      =     1082.6938
 VDWAALS =     -797.5770  EEL     =    -7099.9219  EGB        =    -2028.6324
 1-4 VDW =      330.5875  1-4 EEL =     5622.5370  RESTRAINT  =       41.8984
 EAMBER  =    -2652.7790


   NSTEP       ENERGY          RMS            GMAX         NAME    NUMBER
    900      -2.6109E+03     2.6364E-04     2.6042E-03     CB        598

 BOND    =       31.2651  ANGLE   =      206.2681  DIHED      =     1082.6954
 VDWAALS =     -797.5784  EEL     =    -7099.9204  EGB        =    -2028.6356
 1-4 VDW =      330.5884  1-4 EEL =     5622.5383  RESTRAINT  =       41.8985
 EAMBER  =    -2652.7791


                    FINAL RESULTS



   NSTEP       ENERGY          RMS            GMAX         NAME    NUMBER
    949      -2.6109E+03     7.4103E-05     1.2135E-03     HD11      330

 BOND    =       31.2650  ANGLE   =      206.2679  DIHED      =     1082.6962
 VDWAALS =     -797.5792  EEL     =    -7099.9199  EGB        =    -2028.6362
 1-4 VDW =      330.5887  1-4 EEL =     5622.5383  RESTRAINT  =       41.8987
 EAMBER  =    -2652.7793

--------------------------------------------------------------------------------
   5.  TIMINGS
--------------------------------------------------------------------------------

|                Calc gb radii             56.77 (20.46% of Gen B)
|                Calc gb diag             105.08 (37.87% of Gen B)
|                Calc gb off-diag         115.62 (41.67% of Gen B)
|             Gen Born time            277.47 (100.0% of Nonbo)
|          Nonbond force            277.47 (99.29% of Force)
|          Bond/Angle/Dihedral        1.96 ( 0.70% of Force)
|          Other                      0.02 ( 0.01% of Force)
|       Force time               279.45 (100.0% of Runmd)
|    Runmd Time               279.45 (99.73% of Total)
|    Other                      0.74 ( 0.26% of Total)
| Total time               280.19 (100.0% of ALL  )

| Number of list builds   :          0

| Highest rstack allocated:          0
| Highest istack allocated:          0
|           Job began  at 13:47:16.622  on 02/03/2016
|           Setup done at 13:47:16.674  on 02/03/2016
|           Run   done at 13:51:56.815  on 02/03/2016
|     wallclock() was called   17110 times
