
          -------------------------------------------------------
          Amber 14 SANDER                              2014
          -------------------------------------------------------

| Run on 02/03/2016 at 12:45:07

|   Executable path: sander
| Working directory: /lustre/cs1500/scratch/kmb413/RealDecoyDisc/DecoyDiscrimination/decoys.set2.init/1aaj/Rosetta_relaxed
|          Hostname: slepner15


File Assignments:
|  MDIN: /scratch/kmb413/RealDecoyDisc/DecoyDiscrimination/scripts/min/min.in  
| MDOUT: NoH_4_empty_tag_450_0001_0001.out                                     
|INPCRD: NoH_4_empty_tag_450_0001_0001.rst7                                    
|  PARM: NoH_4_empty_tag_450_0001_0001.parm7                                   
|RESTRT: min_NoH_4_empty_tag_450_0001_0001.rst7                                
|  REFC: NoH_4_empty_tag_450_0001_0001.rst7                                    
| MDVEL: mdvel                                                                 
| MDFRC: mdfrc                                                                 
|  MDEN: mden                                                                  
| MDCRD: mdcrd                                                                 
|MDINFO: mdinfo                                                                
|  MTMD: mtmd                                                                  
|INPDIP: inpdip                                                                
|RSTDIP: rstdip                                                                
|INPTRA: inptraj                                                               


 Here is the input file:

                                                                               
&cntrl                                                                         
    imin = 1, maxcyc=1000,                                                     
    ntx = 1,                                                                   
    ntwr = 100, ntpr = 100,                                                    
    cut = 999.0,                                                               
    ntb = 0, igb = 8,                                                          
    ntr = 1, restraint_wt = 10, restraintmask = "!@H=",                        
/                                                                              

--------------------------------------------------------------------------------
   1.  RESOURCE   USE: 
--------------------------------------------------------------------------------

| Flags:                                                                        
| New format PARM file being parsed.
| Version =    1.000 Date = 02/03/16 Time = 11:51:55
 NATOM  =    1590 NTYPES =      14 NBONH =     791 MBONA  =     820
 NTHETH =    1812 MTHETA =    1115 NPHIH =    3578 MPHIA  =    3525
 NHPARM =       0 NPARM  =       0 NNB   =    8805 NRES   =     104
 NBONA  =     820 NTHETA =    1115 NPHIA =    3525 NUMBND =      65
 NUMANG =     152 NPTRA  =     189 NATYP =      33 NPHB   =       0
 IFBOX  =       0 NMXRS  =      24 IFCAP =       0 NEXTRA =       0
 NCOPY  =       0

 Implicit solvent radii are ArgH and AspGluO modified Bondi2 radii (mbondi3)                                
 Replacing prmtop screening parameters with GBn2 (igb=8) values

|     Memory Use     Allocated
|     Real              145027
|     Hollerith           4876
|     Integer           109197
|     Max Pairs              1
|     nblistReal             0
|     nblist Int             0
|       Total             1578 kbytes

| Note: 1-4 EEL scale factors are being read from the topology file.

| Note: 1-4 VDW scale factors are being read from the topology file.
| Duplicated    0 dihedrals
| Duplicated    0 dihedrals

--------------------------------------------------------------------------------
   2.  CONTROL  DATA  FOR  THE  RUN
--------------------------------------------------------------------------------

default_name                                                                    

General flags:
     imin    =       1, nmropt  =       0

Nature and format of input:
     ntx     =       1, irest   =       0, ntrx    =       1

Nature and format of output:
     ntxo    =       1, ntpr    =     100, ntrx    =       1, ntwr    =     100
     iwrap   =       0, ntwx    =       0, ntwv    =       0, ntwe    =       0
     ioutfm  =       0, ntwprt  =       0, idecomp =       0, rbornstat=      0

Potential function:
     ntf     =       1, ntb     =       0, igb     =       8, nsnb    =      25
     ipol    =       0, gbsa    =       0, iesp    =       0
     dielc   =   1.00000, cut     = 999.00000, intdiel =   1.00000
     saltcon =   0.00000, offset  =   0.19514, surften =   0.00500
     rdt     =   0.00000, rgbmax  =  25.00000  extdiel =  78.50000
     alpb  =        0
     gbalphaH  =   0.78844, gbbetaH   =   0.79870,  gbgammaH  =    0.43733
     gbalphaC  =   0.73376, gbbetaC   =   0.50638,  gbgammaC  =    0.20584
     gbalphaN  =   0.50336, gbbetaN   =   0.31683,  gbgammaN  =    0.19292
     gbalphaOS =   0.86781, gbbetaOS  =   0.87664,  gbgammaOS =    0.38788
     gbalphaP  =   1.00000, gbbetaP   =   0.80000,  gbgammaP  =    4.85000
     gb_alpha_hnu  =   0.53705, gb_beta_hnu   =   0.36286,  gb_gamma_hnu  =    0.11670
     gb_alpha_cnu  =   0.33167, gb_beta_cnu   =   0.19684,  gb_gamma_cnu  =    0.09342
     gb_alpha_nnu  =   0.68631, gb_beta_nnu   =   0.46319,  gb_gamma_nnu  =    0.13872
     gb_alpha_onu  =   0.60634, gb_beta_onu   =   0.46301,  gb_gamma_onu  =    0.14226
     gb_alpha_pnu  =   0.41836, gb_beta_pnu   =   0.29005,  gb_gamma_pnu  =    0.10642

Frozen or restrained atoms:
     ibelly  =       0, ntr     =       1
     restraint_wt =  10.00000

Energy minimization:
     maxcyc  =    1000, ncyc    =      10, ntmin   =       1
     dx0     =   0.01000, drms    =   0.00010
|  INFO: Old style inpcrd file read


    LOADING THE CONSTRAINED ATOMS AS GROUPS


   5.  REFERENCE ATOM COORDINATES

  defa
     Mask !@H=; matches   799 atoms

--------------------------------------------------------------------------------
   3.  ATOMIC COORDINATES AND VELOCITIES
--------------------------------------------------------------------------------

default_name                                                                    
 begin time read from input coords =     0.000 ps

 Number of triangulated 3-point waters found:        0

--------------------------------------------------------------------------------
   4.  RESULTS
--------------------------------------------------------------------------------



   NSTEP       ENERGY          RMS            GMAX         NAME    NUMBER
      1      -2.2180E+03     9.0533E+00     5.9553E+01     OE1      1261

 BOND    =       69.8112  ANGLE   =      211.2284  DIHED      =     1077.6313
 VDWAALS =     -660.8799  EEL     =    -7364.7891  EGB        =    -1708.6466
 1-4 VDW =      442.5587  1-4 EEL =     5715.0434  RESTRAINT  =        0.0000


   NSTEP       ENERGY          RMS            GMAX         NAME    NUMBER
    100      -2.5856E+03     5.0034E-01     7.6860E+00     CD        729

 BOND    =       31.0761  ANGLE   =      209.3441  DIHED      =     1081.2980
 VDWAALS =     -803.3808  EEL     =    -7363.3477  EGB        =    -1736.7184
 1-4 VDW =      330.7848  1-4 EEL =     5623.2986  RESTRAINT  =       42.0090
 EAMBER  =    -2627.6453


   NSTEP       ENERGY          RMS            GMAX         NAME    NUMBER
    200      -2.5923E+03     1.5553E-01     1.3810E+00     H1          2

 BOND    =       30.8832  ANGLE   =      209.4720  DIHED      =     1079.5909
 VDWAALS =     -805.5672  EEL     =    -7370.0569  EGB        =    -1736.0308
 1-4 VDW =      331.2466  1-4 EEL =     5625.8218  RESTRAINT  =       42.3696
 EAMBER  =    -2634.6404


   NSTEP       ENERGY          RMS            GMAX         NAME    NUMBER
    300      -2.5963E+03     3.9149E-01     8.2520E+00     HG1       635

 BOND    =       31.6438  ANGLE   =      211.8418  DIHED      =     1079.5672
 VDWAALS =     -806.8227  EEL     =    -7371.4345  EGB        =    -1739.1217
 1-4 VDW =      330.1503  1-4 EEL =     5624.1952  RESTRAINT  =       43.7092
 EAMBER  =    -2639.9806


   NSTEP       ENERGY          RMS            GMAX         NAME    NUMBER
    400      -2.6001E+03     5.6271E-02     1.8952E+00     CD        729

 BOND    =       30.6746  ANGLE   =      208.6412  DIHED      =     1078.7369
 VDWAALS =     -804.6204  EEL     =    -7373.4895  EGB        =    -1740.0037
 1-4 VDW =      332.0734  1-4 EEL =     5626.1604  RESTRAINT  =       41.7076
 EAMBER  =    -2641.8271


   NSTEP       ENERGY          RMS            GMAX         NAME    NUMBER
    500      -2.6007E+03     1.6084E-01     3.1071E+00     HG         90

 BOND    =       31.0606  ANGLE   =      209.5924  DIHED      =     1078.6407
 VDWAALS =     -805.2839  EEL     =    -7374.8748  EGB        =    -1739.0774
 1-4 VDW =      331.2149  1-4 EEL =     5625.5893  RESTRAINT  =       42.4769
 EAMBER  =    -2643.1382


   NSTEP       ENERGY          RMS            GMAX         NAME    NUMBER
    600      -2.6016E+03     3.8972E-02     8.9006E-01     CD        944

 BOND    =       30.7242  ANGLE   =      208.5984  DIHED      =     1077.8862
 VDWAALS =     -804.6813  EEL     =    -7375.1460  EGB        =    -1738.3299
 1-4 VDW =      332.0292  1-4 EEL =     5625.6149  RESTRAINT  =       41.7349
 EAMBER  =    -2643.3041


   NSTEP       ENERGY          RMS            GMAX         NAME    NUMBER
    700      -2.6017E+03     8.0388E-02     8.5995E-01     CG2       630

 BOND    =       30.7654  ANGLE   =      208.6364  DIHED      =     1077.7280
 VDWAALS =     -804.7629  EEL     =    -7375.1629  EGB        =    -1738.3171
 1-4 VDW =      331.9711  1-4 EEL =     5625.6166  RESTRAINT  =       41.8405
 EAMBER  =    -2643.5254


   NSTEP       ENERGY          RMS            GMAX         NAME    NUMBER
    800      -2.6018E+03     2.1075E-02     2.2948E-01     CD       1585

 BOND    =       30.6881  ANGLE   =      208.4718  DIHED      =     1077.3608
 VDWAALS =     -804.6297  EEL     =    -7374.7771  EGB        =    -1738.3039
 1-4 VDW =      332.1150  1-4 EEL =     5625.5422  RESTRAINT  =       41.7057
 EAMBER  =    -2643.5327


   NSTEP       ENERGY          RMS            GMAX         NAME    NUMBER
    900      -2.6018E+03     3.9524E-03     5.0463E-02     CE2       650

 BOND    =       30.6660  ANGLE   =      208.4176  DIHED      =     1077.2855
 VDWAALS =     -804.5751  EEL     =    -7374.6617  EGB        =    -1738.2857
 1-4 VDW =      332.1639  1-4 EEL =     5625.4973  RESTRAINT  =       41.6561
 EAMBER  =    -2643.4922


   NSTEP       ENERGY          RMS            GMAX         NAME    NUMBER
   1000      -2.6018E+03     2.5738E-04     5.0280E-03     HG1       635

 BOND    =       30.6636  ANGLE   =      208.4052  DIHED      =     1077.2783
 VDWAALS =     -804.5656  EEL     =    -7374.6484  EGB        =    -1738.2847
 1-4 VDW =      332.1709  1-4 EEL =     5625.4963  RESTRAINT  =       41.6481
 EAMBER  =    -2643.4843


  Maximum number of minimization cycles reached.


                    FINAL RESULTS



   NSTEP       ENERGY          RMS            GMAX         NAME    NUMBER
   1000      -2.6018E+03     2.5738E-04     5.0280E-03     HG1       635

 BOND    =       30.6636  ANGLE   =      208.4052  DIHED      =     1077.2783
 VDWAALS =     -804.5656  EEL     =    -7374.6484  EGB        =    -1738.2847
 1-4 VDW =      332.1709  1-4 EEL =     5625.4963  RESTRAINT  =       41.6481
 EAMBER  =    -2643.4843

--------------------------------------------------------------------------------
   5.  TIMINGS
--------------------------------------------------------------------------------

|                Calc gb radii             59.68 (20.36% of Gen B)
|                Calc gb diag             111.07 (37.90% of Gen B)
|                Calc gb off-diag         122.30 (41.73% of Gen B)
|             Gen Born time            293.04 (100.0% of Nonbo)
|          Nonbond force            293.05 (99.29% of Force)
|          Bond/Angle/Dihedral        2.08 ( 0.70% of Force)
|          Other                      0.02 ( 0.01% of Force)
|       Force time               295.14 (100.0% of Runmd)
|    Runmd Time               295.14 (99.74% of Total)
|    Other                      0.76 ( 0.26% of Total)
| Total time               295.91 (100.0% of ALL  )

| Number of list builds   :          0

| Highest rstack allocated:          0
| Highest istack allocated:          0
|           Job began  at 12:45:07.566  on 02/03/2016
|           Setup done at 12:45:07.616  on 02/03/2016
|           Run   done at 12:50:03.474  on 02/03/2016
|     wallclock() was called   18028 times
