
          -------------------------------------------------------
          Amber 14 SANDER                              2014
          -------------------------------------------------------

| Run on 02/03/2016 at 13:37:46

|   Executable path: sander
| Working directory: /lustre/cs1500/scratch/kmb413/RealDecoyDisc/DecoyDiscrimination/decoys.set2.init/1aaj/Rosetta_relaxed
|          Hostname: slepner15


File Assignments:
|  MDIN: /scratch/kmb413/RealDecoyDisc/DecoyDiscrimination/scripts/min/min.in  
| MDOUT: NoH_2_empty_tag_1_352_0001.out                                        
|INPCRD: NoH_2_empty_tag_1_352_0001.rst7                                       
|  PARM: NoH_2_empty_tag_1_352_0001.parm7                                      
|RESTRT: min_NoH_2_empty_tag_1_352_0001.rst7                                   
|  REFC: NoH_2_empty_tag_1_352_0001.rst7                                       
| MDVEL: mdvel                                                                 
| MDFRC: mdfrc                                                                 
|  MDEN: mden                                                                  
| MDCRD: mdcrd                                                                 
|MDINFO: mdinfo                                                                
|  MTMD: mtmd                                                                  
|INPDIP: inpdip                                                                
|RSTDIP: rstdip                                                                
|INPTRA: inptraj                                                               


 Here is the input file:

                                                                               
&cntrl                                                                         
    imin = 1, maxcyc=1000,                                                     
    ntx = 1,                                                                   
    ntwr = 100, ntpr = 100,                                                    
    cut = 999.0,                                                               
    ntb = 0, igb = 8,                                                          
    ntr = 1, restraint_wt = 10, restraintmask = "!@H=",                        
/                                                                              

--------------------------------------------------------------------------------
   1.  RESOURCE   USE: 
--------------------------------------------------------------------------------

| Flags:                                                                        
| New format PARM file being parsed.
| Version =    1.000 Date = 02/03/16 Time = 11:46:54
 NATOM  =    1590 NTYPES =      14 NBONH =     791 MBONA  =     820
 NTHETH =    1812 MTHETA =    1115 NPHIH =    3578 MPHIA  =    3525
 NHPARM =       0 NPARM  =       0 NNB   =    8805 NRES   =     104
 NBONA  =     820 NTHETA =    1115 NPHIA =    3525 NUMBND =      65
 NUMANG =     152 NPTRA  =     189 NATYP =      33 NPHB   =       0
 IFBOX  =       0 NMXRS  =      24 IFCAP =       0 NEXTRA =       0
 NCOPY  =       0

 Implicit solvent radii are ArgH and AspGluO modified Bondi2 radii (mbondi3)                                
 Replacing prmtop screening parameters with GBn2 (igb=8) values

|     Memory Use     Allocated
|     Real              145027
|     Hollerith           4876
|     Integer           109197
|     Max Pairs              1
|     nblistReal             0
|     nblist Int             0
|       Total             1578 kbytes

| Note: 1-4 EEL scale factors are being read from the topology file.

| Note: 1-4 VDW scale factors are being read from the topology file.
| Duplicated    0 dihedrals
| Duplicated    0 dihedrals

--------------------------------------------------------------------------------
   2.  CONTROL  DATA  FOR  THE  RUN
--------------------------------------------------------------------------------

default_name                                                                    

General flags:
     imin    =       1, nmropt  =       0

Nature and format of input:
     ntx     =       1, irest   =       0, ntrx    =       1

Nature and format of output:
     ntxo    =       1, ntpr    =     100, ntrx    =       1, ntwr    =     100
     iwrap   =       0, ntwx    =       0, ntwv    =       0, ntwe    =       0
     ioutfm  =       0, ntwprt  =       0, idecomp =       0, rbornstat=      0

Potential function:
     ntf     =       1, ntb     =       0, igb     =       8, nsnb    =      25
     ipol    =       0, gbsa    =       0, iesp    =       0
     dielc   =   1.00000, cut     = 999.00000, intdiel =   1.00000
     saltcon =   0.00000, offset  =   0.19514, surften =   0.00500
     rdt     =   0.00000, rgbmax  =  25.00000  extdiel =  78.50000
     alpb  =        0
     gbalphaH  =   0.78844, gbbetaH   =   0.79870,  gbgammaH  =    0.43733
     gbalphaC  =   0.73376, gbbetaC   =   0.50638,  gbgammaC  =    0.20584
     gbalphaN  =   0.50336, gbbetaN   =   0.31683,  gbgammaN  =    0.19292
     gbalphaOS =   0.86781, gbbetaOS  =   0.87664,  gbgammaOS =    0.38788
     gbalphaP  =   1.00000, gbbetaP   =   0.80000,  gbgammaP  =    4.85000
     gb_alpha_hnu  =   0.53705, gb_beta_hnu   =   0.36286,  gb_gamma_hnu  =    0.11670
     gb_alpha_cnu  =   0.33167, gb_beta_cnu   =   0.19684,  gb_gamma_cnu  =    0.09342
     gb_alpha_nnu  =   0.68631, gb_beta_nnu   =   0.46319,  gb_gamma_nnu  =    0.13872
     gb_alpha_onu  =   0.60634, gb_beta_onu   =   0.46301,  gb_gamma_onu  =    0.14226
     gb_alpha_pnu  =   0.41836, gb_beta_pnu   =   0.29005,  gb_gamma_pnu  =    0.10642

Frozen or restrained atoms:
     ibelly  =       0, ntr     =       1
     restraint_wt =  10.00000

Energy minimization:
     maxcyc  =    1000, ncyc    =      10, ntmin   =       1
     dx0     =   0.01000, drms    =   0.00010
|  INFO: Old style inpcrd file read


    LOADING THE CONSTRAINED ATOMS AS GROUPS


   5.  REFERENCE ATOM COORDINATES

  defa
     Mask !@H=; matches   799 atoms

--------------------------------------------------------------------------------
   3.  ATOMIC COORDINATES AND VELOCITIES
--------------------------------------------------------------------------------

default_name                                                                    
 begin time read from input coords =     0.000 ps

 Number of triangulated 3-point waters found:        0

--------------------------------------------------------------------------------
   4.  RESULTS
--------------------------------------------------------------------------------



   NSTEP       ENERGY          RMS            GMAX         NAME    NUMBER
      1      -2.2173E+03     9.2204E+00     6.8223E+01     OXT      1590

 BOND    =       70.3625  ANGLE   =      211.4064  DIHED      =     1078.1614
 VDWAALS =     -645.3933  EEL     =    -7421.9990  EGB        =    -1632.6045
 1-4 VDW =      437.0336  1-4 EEL =     5685.7174  RESTRAINT  =        0.0000


   NSTEP       ENERGY          RMS            GMAX         NAME    NUMBER
    100      -2.5908E+03     3.4340E-01     2.6411E+00     CE2       650

 BOND    =       30.9118  ANGLE   =      208.4845  DIHED      =     1073.8574
 VDWAALS =     -799.7994  EEL     =    -7435.9182  EGB        =    -1645.7399
 1-4 VDW =      329.4016  1-4 EEL =     5603.7233  RESTRAINT  =       44.2622
 EAMBER  =    -2635.0789


   NSTEP       ENERGY          RMS            GMAX         NAME    NUMBER
    200      -2.6055E+03     3.5310E-01     5.2421E+00     CB         86

 BOND    =       31.9197  ANGLE   =      210.2233  DIHED      =     1073.7674
 VDWAALS =     -800.0615  EEL     =    -7451.5597  EGB        =    -1646.7298
 1-4 VDW =      328.4841  1-4 EEL =     5602.8823  RESTRAINT  =       45.5279
 EAMBER  =    -2651.0741


   NSTEP       ENERGY          RMS            GMAX         NAME    NUMBER
    300      -2.6141E+03     3.6281E-01     6.3392E+00     OH        419

 BOND    =       32.3147  ANGLE   =      211.0576  DIHED      =     1073.0117
 VDWAALS =     -797.9547  EEL     =    -7467.4301  EGB        =    -1644.1720
 1-4 VDW =      327.9988  1-4 EEL =     5605.4759  RESTRAINT  =       45.6092
 EAMBER  =    -2659.6982


   NSTEP       ENERGY          RMS            GMAX         NAME    NUMBER
    400      -2.6178E+03     5.4608E-02     8.9552E-01     CE3       657

 BOND    =       30.9905  ANGLE   =      208.6389  DIHED      =     1072.3776
 VDWAALS =     -797.5986  EEL     =    -7466.3234  EGB        =    -1643.7444
 1-4 VDW =      330.4108  1-4 EEL =     5604.5692  RESTRAINT  =       42.9272
 EAMBER  =    -2660.6794


   NSTEP       ENERGY          RMS            GMAX         NAME    NUMBER
    500      -2.6181E+03     4.3363E-02     9.4935E-01     HG1       635

 BOND    =       31.0126  ANGLE   =      208.7348  DIHED      =     1071.8159
 VDWAALS =     -797.8222  EEL     =    -7467.0433  EGB        =    -1643.3551
 1-4 VDW =      330.3366  1-4 EEL =     5605.1730  RESTRAINT  =       43.0562
 EAMBER  =    -2661.1477


   NSTEP       ENERGY          RMS            GMAX         NAME    NUMBER
    600      -2.6183E+03     9.5371E-03     1.7859E-01     CD        729

 BOND    =       30.9032  ANGLE   =      208.5554  DIHED      =     1071.2413
 VDWAALS =     -797.7205  EEL     =    -7467.4629  EGB        =    -1643.1259
 1-4 VDW =      330.6628  1-4 EEL =     5605.7556  RESTRAINT  =       42.8885
 EAMBER  =    -2661.1910


   NSTEP       ENERGY          RMS            GMAX         NAME    NUMBER
    700      -2.6183E+03     1.7582E-03     2.2699E-02     CA        626

 BOND    =       30.8895  ANGLE   =      208.5352  DIHED      =     1071.1922
 VDWAALS =     -797.6992  EEL     =    -7467.5183  EGB        =    -1643.1004
 1-4 VDW =      330.7029  1-4 EEL =     5605.8207  RESTRAINT  =       42.8716
 EAMBER  =    -2661.1775


   NSTEP       ENERGY          RMS            GMAX         NAME    NUMBER
    800      -2.6183E+03     7.6482E-04     1.4471E-02     CG2       630

 BOND    =       30.8864  ANGLE   =      208.5304  DIHED      =     1071.1851
 VDWAALS =     -797.6918  EEL     =    -7467.5270  EGB        =    -1643.0969
 1-4 VDW =      330.7112  1-4 EEL =     5605.8301  RESTRAINT  =       42.8667
 EAMBER  =    -2661.1727


                    FINAL RESULTS



   NSTEP       ENERGY          RMS            GMAX         NAME    NUMBER
    896      -2.6183E+03     9.8397E-05     1.3636E-03     HD11      330

 BOND    =       30.8862  ANGLE   =      208.5309  DIHED      =     1071.1843
 VDWAALS =     -797.6928  EEL     =    -7467.5276  EGB        =    -1643.0965
 1-4 VDW =      330.7113  1-4 EEL =     5605.8309  RESTRAINT  =       42.8672
 EAMBER  =    -2661.1733

--------------------------------------------------------------------------------
   5.  TIMINGS
--------------------------------------------------------------------------------

|                Calc gb radii             53.45 (20.30% of Gen B)
|                Calc gb diag              99.33 (37.72% of Gen B)
|                Calc gb off-diag         110.55 (41.98% of Gen B)
|             Gen Born time            263.33 (100.0% of Nonbo)
|          Nonbond force            263.33 (99.29% of Force)
|          Bond/Angle/Dihedral        1.86 ( 0.70% of Force)
|          Other                      0.01 ( 0.01% of Force)
|       Force time               265.21 (100.0% of Runmd)
|    Runmd Time               265.21 (100.0% of Total)
|    Other                      0.21 ( 0.08% of Total)
| Total time               265.43 (100.0% of ALL  )

| Number of list builds   :          0

| Highest rstack allocated:          0
| Highest istack allocated:          0
|           Job began  at 13:37:46.974  on 02/03/2016
|           Setup done at 13:37:47.024  on 02/03/2016
|           Run   done at 13:42:12.405  on 02/03/2016
|     wallclock() was called   16156 times
