
          -------------------------------------------------------
          Amber 14 SANDER                              2014
          -------------------------------------------------------

| Run on 02/03/2016 at 14:09:25

|   Executable path: sander
| Working directory: /lustre/cs1500/scratch/kmb413/RealDecoyDisc/DecoyDiscrimination/decoys.set2.init/1aaj/Rosetta_relaxed
|          Hostname: slepner30


File Assignments:
|  MDIN: /scratch/kmb413/RealDecoyDisc/DecoyDiscrimination/scripts/min/min.in  
| MDOUT: NoH_2_empty_tag_1_923_0001.out                                        
|INPCRD: NoH_2_empty_tag_1_923_0001.rst7                                       
|  PARM: NoH_2_empty_tag_1_923_0001.parm7                                      
|RESTRT: min_NoH_2_empty_tag_1_923_0001.rst7                                   
|  REFC: NoH_2_empty_tag_1_923_0001.rst7                                       
| MDVEL: mdvel                                                                 
| MDFRC: mdfrc                                                                 
|  MDEN: mden                                                                  
| MDCRD: mdcrd                                                                 
|MDINFO: mdinfo                                                                
|  MTMD: mtmd                                                                  
|INPDIP: inpdip                                                                
|RSTDIP: rstdip                                                                
|INPTRA: inptraj                                                               


 Here is the input file:

                                                                               
&cntrl                                                                         
    imin = 1, maxcyc=1000,                                                     
    ntx = 1,                                                                   
    ntwr = 100, ntpr = 100,                                                    
    cut = 999.0,                                                               
    ntb = 0, igb = 8,                                                          
    ntr = 1, restraint_wt = 10, restraintmask = "!@H=",                        
/                                                                              

--------------------------------------------------------------------------------
   1.  RESOURCE   USE: 
--------------------------------------------------------------------------------

| Flags:                                                                        
| New format PARM file being parsed.
| Version =    1.000 Date = 02/03/16 Time = 11:47:41
 NATOM  =    1590 NTYPES =      14 NBONH =     791 MBONA  =     820
 NTHETH =    1812 MTHETA =    1115 NPHIH =    3578 MPHIA  =    3525
 NHPARM =       0 NPARM  =       0 NNB   =    8805 NRES   =     104
 NBONA  =     820 NTHETA =    1115 NPHIA =    3525 NUMBND =      65
 NUMANG =     152 NPTRA  =     189 NATYP =      33 NPHB   =       0
 IFBOX  =       0 NMXRS  =      24 IFCAP =       0 NEXTRA =       0
 NCOPY  =       0

 Implicit solvent radii are ArgH and AspGluO modified Bondi2 radii (mbondi3)                                
 Replacing prmtop screening parameters with GBn2 (igb=8) values

|     Memory Use     Allocated
|     Real              145027
|     Hollerith           4876
|     Integer           109197
|     Max Pairs              1
|     nblistReal             0
|     nblist Int             0
|       Total             1578 kbytes

| Note: 1-4 EEL scale factors are being read from the topology file.

| Note: 1-4 VDW scale factors are being read from the topology file.
| Duplicated    0 dihedrals
| Duplicated    0 dihedrals

--------------------------------------------------------------------------------
   2.  CONTROL  DATA  FOR  THE  RUN
--------------------------------------------------------------------------------

default_name                                                                    

General flags:
     imin    =       1, nmropt  =       0

Nature and format of input:
     ntx     =       1, irest   =       0, ntrx    =       1

Nature and format of output:
     ntxo    =       1, ntpr    =     100, ntrx    =       1, ntwr    =     100
     iwrap   =       0, ntwx    =       0, ntwv    =       0, ntwe    =       0
     ioutfm  =       0, ntwprt  =       0, idecomp =       0, rbornstat=      0

Potential function:
     ntf     =       1, ntb     =       0, igb     =       8, nsnb    =      25
     ipol    =       0, gbsa    =       0, iesp    =       0
     dielc   =   1.00000, cut     = 999.00000, intdiel =   1.00000
     saltcon =   0.00000, offset  =   0.19514, surften =   0.00500
     rdt     =   0.00000, rgbmax  =  25.00000  extdiel =  78.50000
     alpb  =        0
     gbalphaH  =   0.78844, gbbetaH   =   0.79870,  gbgammaH  =    0.43733
     gbalphaC  =   0.73376, gbbetaC   =   0.50638,  gbgammaC  =    0.20584
     gbalphaN  =   0.50336, gbbetaN   =   0.31683,  gbgammaN  =    0.19292
     gbalphaOS =   0.86781, gbbetaOS  =   0.87664,  gbgammaOS =    0.38788
     gbalphaP  =   1.00000, gbbetaP   =   0.80000,  gbgammaP  =    4.85000
     gb_alpha_hnu  =   0.53705, gb_beta_hnu   =   0.36286,  gb_gamma_hnu  =    0.11670
     gb_alpha_cnu  =   0.33167, gb_beta_cnu   =   0.19684,  gb_gamma_cnu  =    0.09342
     gb_alpha_nnu  =   0.68631, gb_beta_nnu   =   0.46319,  gb_gamma_nnu  =    0.13872
     gb_alpha_onu  =   0.60634, gb_beta_onu   =   0.46301,  gb_gamma_onu  =    0.14226
     gb_alpha_pnu  =   0.41836, gb_beta_pnu   =   0.29005,  gb_gamma_pnu  =    0.10642

Frozen or restrained atoms:
     ibelly  =       0, ntr     =       1
     restraint_wt =  10.00000

Energy minimization:
     maxcyc  =    1000, ncyc    =      10, ntmin   =       1
     dx0     =   0.01000, drms    =   0.00010
|  INFO: Old style inpcrd file read


    LOADING THE CONSTRAINED ATOMS AS GROUPS


   5.  REFERENCE ATOM COORDINATES

  defa
     Mask !@H=; matches   799 atoms

--------------------------------------------------------------------------------
   3.  ATOMIC COORDINATES AND VELOCITIES
--------------------------------------------------------------------------------

default_name                                                                    
 begin time read from input coords =     0.000 ps

 Number of triangulated 3-point waters found:        0

--------------------------------------------------------------------------------
   4.  RESULTS
--------------------------------------------------------------------------------



   NSTEP       ENERGY          RMS            GMAX         NAME    NUMBER
      1      -2.2321E+03     8.9792E+00     6.1600E+01     OE1       945

 BOND    =       68.8472  ANGLE   =      211.4452  DIHED      =     1062.8862
 VDWAALS =     -677.8313  EEL     =    -7310.9972  EGB        =    -1731.8298
 1-4 VDW =      441.3675  1-4 EEL =     5704.0403  RESTRAINT  =        0.0000


   NSTEP       ENERGY          RMS            GMAX         NAME    NUMBER
    100      -2.5995E+03     6.5352E-01     7.1793E+00     HG       1180

 BOND    =       30.9040  ANGLE   =      207.4283  DIHED      =     1063.7477
 VDWAALS =     -812.5273  EEL     =    -7344.8128  EGB        =    -1744.0479
 1-4 VDW =      330.7148  1-4 EEL =     5624.2219  RESTRAINT  =       44.8601
 EAMBER  =    -2644.3712


   NSTEP       ENERGY          RMS            GMAX         NAME    NUMBER
    200      -2.6151E+03     1.5706E-01     1.9260E+00     HG         90

 BOND    =       30.4693  ANGLE   =      205.6816  DIHED      =     1061.2059
 VDWAALS =     -811.6927  EEL     =    -7360.7810  EGB        =    -1741.3225
 1-4 VDW =      331.8191  1-4 EEL =     5626.2351  RESTRAINT  =       43.2367
 EAMBER  =    -2658.3852


   NSTEP       ENERGY          RMS            GMAX         NAME    NUMBER
    300      -2.6195E+03     3.2911E-02     6.1731E-01     OG         89

 BOND    =       30.4676  ANGLE   =      204.9786  DIHED      =     1059.8943
 VDWAALS =     -811.2563  EEL     =    -7370.3466  EGB        =    -1734.7892
 1-4 VDW =      332.6066  1-4 EEL =     5626.1312  RESTRAINT  =       42.8620
 EAMBER  =    -2662.3138


   NSTEP       ENERGY          RMS            GMAX         NAME    NUMBER
    400      -2.6197E+03     6.0577E-01     1.8349E+01     HG        116

 BOND    =       31.1898  ANGLE   =      205.9745  DIHED      =     1060.4744
 VDWAALS =     -812.0910  EEL     =    -7373.3990  EGB        =    -1732.7593
 1-4 VDW =      331.6441  1-4 EEL =     5625.4805  RESTRAINT  =       43.7574
 EAMBER  =    -2663.4859


   NSTEP       ENERGY          RMS            GMAX         NAME    NUMBER
    500      -2.6256E+03     3.5234E-02     6.7146E-01     OG        115

 BOND    =       30.6214  ANGLE   =      204.8203  DIHED      =     1058.9962
 VDWAALS =     -811.3229  EEL     =    -7381.0943  EGB        =    -1730.0477
 1-4 VDW =      332.9503  1-4 EEL =     5626.9123  RESTRAINT  =       42.5656
 EAMBER  =    -2668.1643


   NSTEP       ENERGY          RMS            GMAX         NAME    NUMBER
    600      -2.6256E+03     2.9939E-03     4.1503E-02     HG1        46

 BOND    =       30.5746  ANGLE   =      204.7858  DIHED      =     1059.0198
 VDWAALS =     -811.2746  EEL     =    -7381.2325  EGB        =    -1729.8906
 1-4 VDW =      333.0237  1-4 EEL =     5626.8474  RESTRAINT  =       42.5338
 EAMBER  =    -2668.1462


   NSTEP       ENERGY          RMS            GMAX         NAME    NUMBER
    700      -2.6256E+03     9.8756E-04     1.1768E-02     CD       1119

 BOND    =       30.5712  ANGLE   =      204.7807  DIHED      =     1059.0307
 VDWAALS =     -811.2713  EEL     =    -7381.2641  EGB        =    -1729.8394
 1-4 VDW =      333.0334  1-4 EEL =     5626.8135  RESTRAINT  =       42.5323
 EAMBER  =    -2668.1454


   NSTEP       ENERGY          RMS            GMAX         NAME    NUMBER
    800      -2.6256E+03     1.9709E-04     3.3193E-03     CD        729

 BOND    =       30.5699  ANGLE   =      204.7787  DIHED      =     1059.0319
 VDWAALS =     -811.2689  EEL     =    -7381.2700  EGB        =    -1729.8319
 1-4 VDW =      333.0378  1-4 EEL =     5626.8098  RESTRAINT  =       42.5296
 EAMBER  =    -2668.1427


                    FINAL RESULTS



   NSTEP       ENERGY          RMS            GMAX         NAME    NUMBER
    844      -2.6256E+03     8.5350E-05     1.1106E-03     HD11      330

 BOND    =       30.5699  ANGLE   =      204.7787  DIHED      =     1059.0321
 VDWAALS =     -811.2691  EEL     =    -7381.2710  EGB        =    -1729.8305
 1-4 VDW =      333.0378  1-4 EEL =     5626.8090  RESTRAINT  =       42.5299
 EAMBER  =    -2668.1430

--------------------------------------------------------------------------------
   5.  TIMINGS
--------------------------------------------------------------------------------

|                Calc gb radii             50.14 (20.42% of Gen B)
|                Calc gb diag              93.06 (37.91% of Gen B)
|                Calc gb off-diag         102.29 (41.67% of Gen B)
|             Gen Born time            245.49 (100.0% of Nonbo)
|          Nonbond force            245.49 (99.28% of Force)
|          Bond/Angle/Dihedral        1.77 ( 0.72% of Force)
|          Other                      0.01 ( 0.01% of Force)
|       Force time               247.27 (100.0% of Runmd)
|    Runmd Time               247.27 (99.63% of Total)
|    Other                      0.92 ( 0.37% of Total)
| Total time               248.20 (100.0% of ALL  )

| Number of list builds   :          0

| Highest rstack allocated:          0
| Highest istack allocated:          0
|           Job began  at 14:09:25.008  on 02/03/2016
|           Setup done at 14:09:25.059  on 02/03/2016
|           Run   done at 14:13:33.205  on 02/03/2016
|     wallclock() was called   15220 times
