
          -------------------------------------------------------
          Amber 14 SANDER                              2014
          -------------------------------------------------------

| Run on 02/03/2016 at 15:42:16

|   Executable path: sander
| Working directory: /lustre/cs1500/scratch/kmb413/RealDecoyDisc/DecoyDiscrimination/decoys.set2.init/1aaj/Rosetta_relaxed
|          Hostname: slepner25


File Assignments:
|  MDIN: /scratch/kmb413/RealDecoyDisc/DecoyDiscrimination/scripts/min/min.in  
| MDOUT: NoH_5_empty_tag_665_0001_0001.out                                     
|INPCRD: NoH_5_empty_tag_665_0001_0001.rst7                                    
|  PARM: NoH_5_empty_tag_665_0001_0001.parm7                                   
|RESTRT: min_NoH_5_empty_tag_665_0001_0001.rst7                                
|  REFC: NoH_5_empty_tag_665_0001_0001.rst7                                    
| MDVEL: mdvel                                                                 
| MDFRC: mdfrc                                                                 
|  MDEN: mden                                                                  
| MDCRD: mdcrd                                                                 
|MDINFO: mdinfo                                                                
|  MTMD: mtmd                                                                  
|INPDIP: inpdip                                                                
|RSTDIP: rstdip                                                                
|INPTRA: inptraj                                                               


 Here is the input file:

                                                                               
&cntrl                                                                         
    imin = 1, maxcyc=1000,                                                     
    ntx = 1,                                                                   
    ntwr = 100, ntpr = 100,                                                    
    cut = 999.0,                                                               
    ntb = 0, igb = 8,                                                          
    ntr = 1, restraint_wt = 10, restraintmask = "!@H=",                        
/                                                                              

--------------------------------------------------------------------------------
   1.  RESOURCE   USE: 
--------------------------------------------------------------------------------

| Flags:                                                                        
| New format PARM file being parsed.
| Version =    1.000 Date = 02/03/16 Time = 11:54:05
 NATOM  =    1590 NTYPES =      14 NBONH =     791 MBONA  =     820
 NTHETH =    1812 MTHETA =    1115 NPHIH =    3578 MPHIA  =    3525
 NHPARM =       0 NPARM  =       0 NNB   =    8805 NRES   =     104
 NBONA  =     820 NTHETA =    1115 NPHIA =    3525 NUMBND =      65
 NUMANG =     152 NPTRA  =     189 NATYP =      33 NPHB   =       0
 IFBOX  =       0 NMXRS  =      24 IFCAP =       0 NEXTRA =       0
 NCOPY  =       0

 Implicit solvent radii are ArgH and AspGluO modified Bondi2 radii (mbondi3)                                
 Replacing prmtop screening parameters with GBn2 (igb=8) values

|     Memory Use     Allocated
|     Real              145027
|     Hollerith           4876
|     Integer           109197
|     Max Pairs              1
|     nblistReal             0
|     nblist Int             0
|       Total             1578 kbytes

| Note: 1-4 EEL scale factors are being read from the topology file.

| Note: 1-4 VDW scale factors are being read from the topology file.
| Duplicated    0 dihedrals
| Duplicated    0 dihedrals

--------------------------------------------------------------------------------
   2.  CONTROL  DATA  FOR  THE  RUN
--------------------------------------------------------------------------------

default_name                                                                    

General flags:
     imin    =       1, nmropt  =       0

Nature and format of input:
     ntx     =       1, irest   =       0, ntrx    =       1

Nature and format of output:
     ntxo    =       1, ntpr    =     100, ntrx    =       1, ntwr    =     100
     iwrap   =       0, ntwx    =       0, ntwv    =       0, ntwe    =       0
     ioutfm  =       0, ntwprt  =       0, idecomp =       0, rbornstat=      0

Potential function:
     ntf     =       1, ntb     =       0, igb     =       8, nsnb    =      25
     ipol    =       0, gbsa    =       0, iesp    =       0
     dielc   =   1.00000, cut     = 999.00000, intdiel =   1.00000
     saltcon =   0.00000, offset  =   0.19514, surften =   0.00500
     rdt     =   0.00000, rgbmax  =  25.00000  extdiel =  78.50000
     alpb  =        0
     gbalphaH  =   0.78844, gbbetaH   =   0.79870,  gbgammaH  =    0.43733
     gbalphaC  =   0.73376, gbbetaC   =   0.50638,  gbgammaC  =    0.20584
     gbalphaN  =   0.50336, gbbetaN   =   0.31683,  gbgammaN  =    0.19292
     gbalphaOS =   0.86781, gbbetaOS  =   0.87664,  gbgammaOS =    0.38788
     gbalphaP  =   1.00000, gbbetaP   =   0.80000,  gbgammaP  =    4.85000
     gb_alpha_hnu  =   0.53705, gb_beta_hnu   =   0.36286,  gb_gamma_hnu  =    0.11670
     gb_alpha_cnu  =   0.33167, gb_beta_cnu   =   0.19684,  gb_gamma_cnu  =    0.09342
     gb_alpha_nnu  =   0.68631, gb_beta_nnu   =   0.46319,  gb_gamma_nnu  =    0.13872
     gb_alpha_onu  =   0.60634, gb_beta_onu   =   0.46301,  gb_gamma_onu  =    0.14226
     gb_alpha_pnu  =   0.41836, gb_beta_pnu   =   0.29005,  gb_gamma_pnu  =    0.10642

Frozen or restrained atoms:
     ibelly  =       0, ntr     =       1
     restraint_wt =  10.00000

Energy minimization:
     maxcyc  =    1000, ncyc    =      10, ntmin   =       1
     dx0     =   0.01000, drms    =   0.00010
|  INFO: Old style inpcrd file read


    LOADING THE CONSTRAINED ATOMS AS GROUPS


   5.  REFERENCE ATOM COORDINATES

  defa
     Mask !@H=; matches   799 atoms

--------------------------------------------------------------------------------
   3.  ATOMIC COORDINATES AND VELOCITIES
--------------------------------------------------------------------------------

default_name                                                                    
 begin time read from input coords =     0.000 ps

 Number of triangulated 3-point waters found:        0

--------------------------------------------------------------------------------
   4.  RESULTS
--------------------------------------------------------------------------------



   NSTEP       ENERGY          RMS            GMAX         NAME    NUMBER
      1      -2.2221E+03     9.1065E+00     6.1939E+01     OE1      1261

 BOND    =       70.5976  ANGLE   =      211.5175  DIHED      =     1090.9936
 VDWAALS =     -636.3849  EEL     =    -7261.2413  EGB        =    -1859.5634
 1-4 VDW =      435.7417  1-4 EEL =     5726.2066  RESTRAINT  =        0.0000


   NSTEP       ENERGY          RMS            GMAX         NAME    NUMBER
    100      -2.5736E+03     2.7685E-01     2.4326E+00     CE2       650

 BOND    =       31.3123  ANGLE   =      205.9083  DIHED      =     1090.5303
 VDWAALS =     -773.1193  EEL     =    -7264.5783  EGB        =    -1876.5474
 1-4 VDW =      327.9686  1-4 EEL =     5645.0778  RESTRAINT  =       39.8940
 EAMBER  =    -2613.4478


   NSTEP       ENERGY          RMS            GMAX         NAME    NUMBER
    200      -2.5830E+03     2.2617E-01     1.8622E+00     N        1392

 BOND    =       31.4985  ANGLE   =      206.5178  DIHED      =     1089.0828
 VDWAALS =     -775.6173  EEL     =    -7276.6669  EGB        =    -1871.5821
 1-4 VDW =      327.3574  1-4 EEL =     5644.8095  RESTRAINT  =       41.5899
 EAMBER  =    -2624.6002


   NSTEP       ENERGY          RMS            GMAX         NAME    NUMBER
    300      -2.5846E+03     1.2222E-02     1.6395E-01     CD        193

 BOND    =       31.0320  ANGLE   =      205.5019  DIHED      =     1087.8247
 VDWAALS =     -775.7081  EEL     =    -7277.6610  EGB        =    -1870.7742
 1-4 VDW =      328.5860  1-4 EEL =     5645.5945  RESTRAINT  =       41.0182
 EAMBER  =    -2625.6043


   NSTEP       ENERGY          RMS            GMAX         NAME    NUMBER
    400      -2.5846E+03     5.7718E-03     8.9245E-02     CD        193

 BOND    =       31.0293  ANGLE   =      205.4796  DIHED      =     1087.8045
 VDWAALS =     -775.7283  EEL     =    -7277.6394  EGB        =    -1870.7514
 1-4 VDW =      328.6109  1-4 EEL =     5645.5775  RESTRAINT  =       41.0204
 EAMBER  =    -2625.6173


   NSTEP       ENERGY          RMS            GMAX         NAME    NUMBER
    500      -2.5846E+03     1.3029E-03     1.2214E-02     CB          7

 BOND    =       31.0403  ANGLE   =      205.5127  DIHED      =     1087.8228
 VDWAALS =     -775.7614  EEL     =    -7277.7049  EGB        =    -1870.7079
 1-4 VDW =      328.5785  1-4 EEL =     5645.5714  RESTRAINT  =       41.0508
 EAMBER  =    -2625.6486


   NSTEP       ENERGY          RMS            GMAX         NAME    NUMBER
    600      -2.5846E+03     3.9057E-04     3.1339E-03     HG22     1386

 BOND    =       31.0377  ANGLE   =      205.5062  DIHED      =     1087.8213
 VDWAALS =     -775.7586  EEL     =    -7277.7119  EGB        =    -1870.7021
 1-4 VDW =      328.5862  1-4 EEL =     5645.5771  RESTRAINT  =       41.0464
 EAMBER  =    -2625.6442


                    FINAL RESULTS



   NSTEP       ENERGY          RMS            GMAX         NAME    NUMBER
    697      -2.5846E+03     9.6372E-05     1.4225E-03     CG       1324

 BOND    =       31.0378  ANGLE   =      205.5066  DIHED      =     1087.8223
 VDWAALS =     -775.7600  EEL     =    -7277.7175  EGB        =    -1870.6968
 1-4 VDW =      328.5856  1-4 EEL =     5645.5772  RESTRAINT  =       41.0470
 EAMBER  =    -2625.6448

--------------------------------------------------------------------------------
   5.  TIMINGS
--------------------------------------------------------------------------------

|                Calc gb radii             39.95 (20.15% of Gen B)
|                Calc gb diag              73.51 (37.08% of Gen B)
|                Calc gb off-diag          84.76 (42.76% of Gen B)
|             Gen Born time            198.23 (100.0% of Nonbo)
|          Nonbond force            198.23 (99.27% of Force)
|          Bond/Angle/Dihedral        1.45 ( 0.73% of Force)
|          Other                      0.01 ( 0.01% of Force)
|       Force time               199.69 (100.0% of Runmd)
|    Runmd Time               199.69 (99.74% of Total)
|    Other                      0.52 ( 0.26% of Total)
| Total time               200.21 (100.0% of ALL  )

| Number of list builds   :          0

| Highest rstack allocated:          0
| Highest istack allocated:          0
|           Job began  at 15:42:16.556  on 02/03/2016
|           Setup done at 15:42:16.624  on 02/03/2016
|           Run   done at 15:45:36.769  on 02/03/2016
|     wallclock() was called   12574 times
