
          -------------------------------------------------------
          Amber 14 SANDER                              2014
          -------------------------------------------------------

| Run on 02/03/2016 at 13:16:38

|   Executable path: sander
| Working directory: /lustre/cs1500/scratch/kmb413/RealDecoyDisc/DecoyDiscrimination/decoys.set2.init/1aaj/Rosetta_relaxed
|          Hostname: slepner1


File Assignments:
|  MDIN: /scratch/kmb413/RealDecoyDisc/DecoyDiscrimination/scripts/min/min.in  
| MDOUT: NoH_1_empty_tag_1_184_0001.out                                        
|INPCRD: NoH_1_empty_tag_1_184_0001.rst7                                       
|  PARM: NoH_1_empty_tag_1_184_0001.parm7                                      
|RESTRT: min_NoH_1_empty_tag_1_184_0001.rst7                                   
|  REFC: NoH_1_empty_tag_1_184_0001.rst7                                       
| MDVEL: mdvel                                                                 
| MDFRC: mdfrc                                                                 
|  MDEN: mden                                                                  
| MDCRD: mdcrd                                                                 
|MDINFO: mdinfo                                                                
|  MTMD: mtmd                                                                  
|INPDIP: inpdip                                                                
|RSTDIP: rstdip                                                                
|INPTRA: inptraj                                                               


 Here is the input file:

                                                                               
&cntrl                                                                         
    imin = 1, maxcyc=1000,                                                     
    ntx = 1,                                                                   
    ntwr = 100, ntpr = 100,                                                    
    cut = 999.0,                                                               
    ntb = 0, igb = 8,                                                          
    ntr = 1, restraint_wt = 10, restraintmask = "!@H=",                        
/                                                                              

--------------------------------------------------------------------------------
   1.  RESOURCE   USE: 
--------------------------------------------------------------------------------

| Flags:                                                                        
| New format PARM file being parsed.
| Version =    1.000 Date = 02/03/16 Time = 11:44:41
 NATOM  =    1590 NTYPES =      14 NBONH =     791 MBONA  =     820
 NTHETH =    1812 MTHETA =    1115 NPHIH =    3578 MPHIA  =    3525
 NHPARM =       0 NPARM  =       0 NNB   =    8805 NRES   =     104
 NBONA  =     820 NTHETA =    1115 NPHIA =    3525 NUMBND =      65
 NUMANG =     152 NPTRA  =     189 NATYP =      33 NPHB   =       0
 IFBOX  =       0 NMXRS  =      24 IFCAP =       0 NEXTRA =       0
 NCOPY  =       0

 Implicit solvent radii are ArgH and AspGluO modified Bondi2 radii (mbondi3)                                
 Replacing prmtop screening parameters with GBn2 (igb=8) values

|     Memory Use     Allocated
|     Real              145027
|     Hollerith           4876
|     Integer           109197
|     Max Pairs              1
|     nblistReal             0
|     nblist Int             0
|       Total             1578 kbytes

| Note: 1-4 EEL scale factors are being read from the topology file.

| Note: 1-4 VDW scale factors are being read from the topology file.
| Duplicated    0 dihedrals
| Duplicated    0 dihedrals

--------------------------------------------------------------------------------
   2.  CONTROL  DATA  FOR  THE  RUN
--------------------------------------------------------------------------------

default_name                                                                    

General flags:
     imin    =       1, nmropt  =       0

Nature and format of input:
     ntx     =       1, irest   =       0, ntrx    =       1

Nature and format of output:
     ntxo    =       1, ntpr    =     100, ntrx    =       1, ntwr    =     100
     iwrap   =       0, ntwx    =       0, ntwv    =       0, ntwe    =       0
     ioutfm  =       0, ntwprt  =       0, idecomp =       0, rbornstat=      0

Potential function:
     ntf     =       1, ntb     =       0, igb     =       8, nsnb    =      25
     ipol    =       0, gbsa    =       0, iesp    =       0
     dielc   =   1.00000, cut     = 999.00000, intdiel =   1.00000
     saltcon =   0.00000, offset  =   0.19514, surften =   0.00500
     rdt     =   0.00000, rgbmax  =  25.00000  extdiel =  78.50000
     alpb  =        0
     gbalphaH  =   0.78844, gbbetaH   =   0.79870,  gbgammaH  =    0.43733
     gbalphaC  =   0.73376, gbbetaC   =   0.50638,  gbgammaC  =    0.20584
     gbalphaN  =   0.50336, gbbetaN   =   0.31683,  gbgammaN  =    0.19292
     gbalphaOS =   0.86781, gbbetaOS  =   0.87664,  gbgammaOS =    0.38788
     gbalphaP  =   1.00000, gbbetaP   =   0.80000,  gbgammaP  =    4.85000
     gb_alpha_hnu  =   0.53705, gb_beta_hnu   =   0.36286,  gb_gamma_hnu  =    0.11670
     gb_alpha_cnu  =   0.33167, gb_beta_cnu   =   0.19684,  gb_gamma_cnu  =    0.09342
     gb_alpha_nnu  =   0.68631, gb_beta_nnu   =   0.46319,  gb_gamma_nnu  =    0.13872
     gb_alpha_onu  =   0.60634, gb_beta_onu   =   0.46301,  gb_gamma_onu  =    0.14226
     gb_alpha_pnu  =   0.41836, gb_beta_pnu   =   0.29005,  gb_gamma_pnu  =    0.10642

Frozen or restrained atoms:
     ibelly  =       0, ntr     =       1
     restraint_wt =  10.00000

Energy minimization:
     maxcyc  =    1000, ncyc    =      10, ntmin   =       1
     dx0     =   0.01000, drms    =   0.00010
|  INFO: Old style inpcrd file read


    LOADING THE CONSTRAINED ATOMS AS GROUPS


   5.  REFERENCE ATOM COORDINATES

  defa
     Mask !@H=; matches   799 atoms

--------------------------------------------------------------------------------
   3.  ATOMIC COORDINATES AND VELOCITIES
--------------------------------------------------------------------------------

default_name                                                                    
 begin time read from input coords =     0.000 ps

 Number of triangulated 3-point waters found:        0

--------------------------------------------------------------------------------
   4.  RESULTS
--------------------------------------------------------------------------------



   NSTEP       ENERGY          RMS            GMAX         NAME    NUMBER
      1      -2.2229E+03     9.0957E+00     5.9456E+01     OE1       945

 BOND    =       69.1162  ANGLE   =      211.3858  DIHED      =     1078.6242
 VDWAALS =     -643.6844  EEL     =    -7477.7999  EGB        =    -1633.9252
 1-4 VDW =      442.7339  1-4 EEL =     5730.6463  RESTRAINT  =        0.0000


   NSTEP       ENERGY          RMS            GMAX         NAME    NUMBER
    100      -2.6033E+03     4.3539E-01     4.4303E+00     CD        437

 BOND    =       31.2145  ANGLE   =      209.5600  DIHED      =     1080.2249
 VDWAALS =     -796.0743  EEL     =    -7495.5473  EGB        =    -1645.2647
 1-4 VDW =      327.5983  1-4 EEL =     5640.1506  RESTRAINT  =       44.7990
 EAMBER  =    -2648.1380


   NSTEP       ENERGY          RMS            GMAX         NAME    NUMBER
    200      -2.6291E+03     1.6673E-01     1.7158E+00     HG1      1389

 BOND    =       31.1082  ANGLE   =      209.5316  DIHED      =     1075.4800
 VDWAALS =     -795.6047  EEL     =    -7524.7097  EGB        =    -1638.3805
 1-4 VDW =      327.9106  1-4 EEL =     5640.9816  RESTRAINT  =       44.6120
 EAMBER  =    -2673.6828


   NSTEP       ENERGY          RMS            GMAX         NAME    NUMBER
    300      -2.6299E+03     2.5816E-02     2.9177E-01     N        1202

 BOND    =       30.7870  ANGLE   =      208.8180  DIHED      =     1074.7577
 VDWAALS =     -796.0699  EEL     =    -7524.8443  EGB        =    -1638.4861
 1-4 VDW =      328.8862  1-4 EEL =     5642.1126  RESTRAINT  =       44.1560
 EAMBER  =    -2674.0388


   NSTEP       ENERGY          RMS            GMAX         NAME    NUMBER
    400      -2.6299E+03     9.3599E-03     8.9529E-02     HG        116

 BOND    =       30.7714  ANGLE   =      208.7533  DIHED      =     1074.8155
 VDWAALS =     -796.1402  EEL     =    -7524.7705  EGB        =    -1638.6141
 1-4 VDW =      328.9706  1-4 EEL =     5642.1409  RESTRAINT  =       44.1638
 EAMBER  =    -2674.0732


   NSTEP       ENERGY          RMS            GMAX         NAME    NUMBER
    500      -2.6299E+03     9.0637E-03     1.2401E-01     HG        116

 BOND    =       30.7768  ANGLE   =      208.7507  DIHED      =     1074.8829
 VDWAALS =     -796.1893  EEL     =    -7524.7207  EGB        =    -1638.7270
 1-4 VDW =      328.9796  1-4 EEL =     5642.1240  RESTRAINT  =       44.1991
 EAMBER  =    -2674.1231


   NSTEP       ENERGY          RMS            GMAX         NAME    NUMBER
    600      -2.6299E+03     2.0748E-02     2.6174E-01     HG        116

 BOND    =       30.8075  ANGLE   =      208.7889  DIHED      =     1074.8939
 VDWAALS =     -796.2367  EEL     =    -7524.5699  EGB        =    -1638.8802
 1-4 VDW =      328.9074  1-4 EEL =     5642.0722  RESTRAINT  =       44.2702
 EAMBER  =    -2674.2169


   NSTEP       ENERGY          RMS            GMAX         NAME    NUMBER
    700      -2.6301E+03     4.4804E-02     5.7270E-01     OG        115

 BOND    =       30.8795  ANGLE   =      208.8857  DIHED      =     1074.5793
 VDWAALS =     -796.2220  EEL     =    -7524.0634  EGB        =    -1639.1760
 1-4 VDW =      328.7911  1-4 EEL =     5641.9112  RESTRAINT  =       44.3386
 EAMBER  =    -2674.4146


   NSTEP       ENERGY          RMS            GMAX         NAME    NUMBER
    800      -2.6301E+03     8.3187E-03     1.2351E-01     CA        110

 BOND    =       30.7803  ANGLE   =      208.7153  DIHED      =     1074.3576
 VDWAALS =     -796.1324  EEL     =    -7523.7632  EGB        =    -1639.1758
 1-4 VDW =      328.9767  1-4 EEL =     5641.9113  RESTRAINT  =       44.1948
 EAMBER  =    -2674.3303

     ... RESTARTED DUE TO LINMIN FAILURE ...


   NSTEP       ENERGY          RMS            GMAX         NAME    NUMBER
    900      -2.6301E+03     1.3387E-03     2.2767E-02     CD        437

 BOND    =       30.7565  ANGLE   =      208.6668  DIHED      =     1074.3231
 VDWAALS =     -796.0954  EEL     =    -7523.7262  EGB        =    -1639.1680
 1-4 VDW =      329.0410  1-4 EEL =     5641.9196  RESTRAINT  =       44.1447
 EAMBER  =    -2674.2826


                    FINAL RESULTS



   NSTEP       ENERGY          RMS            GMAX         NAME    NUMBER
    996      -2.6301E+03     9.0354E-05     3.7234E-03     HG        116

 BOND    =       30.7579  ANGLE   =      208.6699  DIHED      =     1074.3170
 VDWAALS =     -796.0988  EEL     =    -7523.7134  EGB        =    -1639.1713
 1-4 VDW =      329.0360  1-4 EEL =     5641.9143  RESTRAINT  =       44.1505
 EAMBER  =    -2674.2885

--------------------------------------------------------------------------------
   5.  TIMINGS
--------------------------------------------------------------------------------

|                Calc gb radii             58.76 (20.39% of Gen B)
|                Calc gb diag             108.59 (37.69% of Gen B)
|                Calc gb off-diag         120.79 (41.92% of Gen B)
|             Gen Born time            288.14 (100.0% of Nonbo)
|          Nonbond force            288.14 (99.28% of Force)
|          Bond/Angle/Dihedral        2.07 ( 0.71% of Force)
|          Other                      0.02 ( 0.01% of Force)
|       Force time               290.23 (100.0% of Runmd)
|    Runmd Time               290.23 (99.72% of Total)
|    Other                      0.82 ( 0.28% of Total)
| Total time               291.05 (100.0% of ALL  )

| Number of list builds   :          0

| Highest rstack allocated:          0
| Highest istack allocated:          0
|           Job began  at 13:16:38.216  on 02/03/2016
|           Setup done at 13:16:38.272  on 02/03/2016
|           Run   done at 13:21:29.264  on 02/03/2016
|     wallclock() was called   17956 times
