
          -------------------------------------------------------
          Amber 14 SANDER                              2014
          -------------------------------------------------------

| Run on 02/03/2016 at 12:53:15

|   Executable path: sander
| Working directory: /lustre/cs1500/scratch/kmb413/RealDecoyDisc/DecoyDiscrimination/decoys.set2.init/1aaj/Rosetta_relaxed
|          Hostname: slepner30


File Assignments:
|  MDIN: /scratch/kmb413/RealDecoyDisc/DecoyDiscrimination/scripts/min/min.in  
| MDOUT: NoH_3_empty_tag_1107_0001_0001.out                                    
|INPCRD: NoH_3_empty_tag_1107_0001_0001.rst7                                   
|  PARM: NoH_3_empty_tag_1107_0001_0001.parm7                                  
|RESTRT: min_NoH_3_empty_tag_1107_0001_0001.rst7                               
|  REFC: NoH_3_empty_tag_1107_0001_0001.rst7                                   
| MDVEL: mdvel                                                                 
| MDFRC: mdfrc                                                                 
|  MDEN: mden                                                                  
| MDCRD: mdcrd                                                                 
|MDINFO: mdinfo                                                                
|  MTMD: mtmd                                                                  
|INPDIP: inpdip                                                                
|RSTDIP: rstdip                                                                
|INPTRA: inptraj                                                               


 Here is the input file:

                                                                               
&cntrl                                                                         
    imin = 1, maxcyc=1000,                                                     
    ntx = 1,                                                                   
    ntwr = 100, ntpr = 100,                                                    
    cut = 999.0,                                                               
    ntb = 0, igb = 8,                                                          
    ntr = 1, restraint_wt = 10, restraintmask = "!@H=",                        
/                                                                              

--------------------------------------------------------------------------------
   1.  RESOURCE   USE: 
--------------------------------------------------------------------------------

| Flags:                                                                        
| New format PARM file being parsed.
| Version =    1.000 Date = 02/03/16 Time = 11:48:33
 NATOM  =    1590 NTYPES =      14 NBONH =     791 MBONA  =     820
 NTHETH =    1812 MTHETA =    1115 NPHIH =    3578 MPHIA  =    3525
 NHPARM =       0 NPARM  =       0 NNB   =    8805 NRES   =     104
 NBONA  =     820 NTHETA =    1115 NPHIA =    3525 NUMBND =      65
 NUMANG =     152 NPTRA  =     189 NATYP =      33 NPHB   =       0
 IFBOX  =       0 NMXRS  =      24 IFCAP =       0 NEXTRA =       0
 NCOPY  =       0

 Implicit solvent radii are ArgH and AspGluO modified Bondi2 radii (mbondi3)                                
 Replacing prmtop screening parameters with GBn2 (igb=8) values

|     Memory Use     Allocated
|     Real              145027
|     Hollerith           4876
|     Integer           109197
|     Max Pairs              1
|     nblistReal             0
|     nblist Int             0
|       Total             1578 kbytes

| Note: 1-4 EEL scale factors are being read from the topology file.

| Note: 1-4 VDW scale factors are being read from the topology file.
| Duplicated    0 dihedrals
| Duplicated    0 dihedrals

--------------------------------------------------------------------------------
   2.  CONTROL  DATA  FOR  THE  RUN
--------------------------------------------------------------------------------

default_name                                                                    

General flags:
     imin    =       1, nmropt  =       0

Nature and format of input:
     ntx     =       1, irest   =       0, ntrx    =       1

Nature and format of output:
     ntxo    =       1, ntpr    =     100, ntrx    =       1, ntwr    =     100
     iwrap   =       0, ntwx    =       0, ntwv    =       0, ntwe    =       0
     ioutfm  =       0, ntwprt  =       0, idecomp =       0, rbornstat=      0

Potential function:
     ntf     =       1, ntb     =       0, igb     =       8, nsnb    =      25
     ipol    =       0, gbsa    =       0, iesp    =       0
     dielc   =   1.00000, cut     = 999.00000, intdiel =   1.00000
     saltcon =   0.00000, offset  =   0.19514, surften =   0.00500
     rdt     =   0.00000, rgbmax  =  25.00000  extdiel =  78.50000
     alpb  =        0
     gbalphaH  =   0.78844, gbbetaH   =   0.79870,  gbgammaH  =    0.43733
     gbalphaC  =   0.73376, gbbetaC   =   0.50638,  gbgammaC  =    0.20584
     gbalphaN  =   0.50336, gbbetaN   =   0.31683,  gbgammaN  =    0.19292
     gbalphaOS =   0.86781, gbbetaOS  =   0.87664,  gbgammaOS =    0.38788
     gbalphaP  =   1.00000, gbbetaP   =   0.80000,  gbgammaP  =    4.85000
     gb_alpha_hnu  =   0.53705, gb_beta_hnu   =   0.36286,  gb_gamma_hnu  =    0.11670
     gb_alpha_cnu  =   0.33167, gb_beta_cnu   =   0.19684,  gb_gamma_cnu  =    0.09342
     gb_alpha_nnu  =   0.68631, gb_beta_nnu   =   0.46319,  gb_gamma_nnu  =    0.13872
     gb_alpha_onu  =   0.60634, gb_beta_onu   =   0.46301,  gb_gamma_onu  =    0.14226
     gb_alpha_pnu  =   0.41836, gb_beta_pnu   =   0.29005,  gb_gamma_pnu  =    0.10642

Frozen or restrained atoms:
     ibelly  =       0, ntr     =       1
     restraint_wt =  10.00000

Energy minimization:
     maxcyc  =    1000, ncyc    =      10, ntmin   =       1
     dx0     =   0.01000, drms    =   0.00010
|  INFO: Old style inpcrd file read


    LOADING THE CONSTRAINED ATOMS AS GROUPS


   5.  REFERENCE ATOM COORDINATES

  defa
     Mask !@H=; matches   799 atoms

--------------------------------------------------------------------------------
   3.  ATOMIC COORDINATES AND VELOCITIES
--------------------------------------------------------------------------------

default_name                                                                    
 begin time read from input coords =     0.000 ps

 Number of triangulated 3-point waters found:        0

--------------------------------------------------------------------------------
   4.  RESULTS
--------------------------------------------------------------------------------



   NSTEP       ENERGY          RMS            GMAX         NAME    NUMBER
      1      -2.1817E+03     9.0651E+00     6.4988E+01     OE1      1586

 BOND    =       69.3690  ANGLE   =      211.4017  DIHED      =     1078.3516
 VDWAALS =     -619.1451  EEL     =    -7148.6112  EGB        =    -1947.1799
 1-4 VDW =      434.7245  1-4 EEL =     5739.3714  RESTRAINT  =        0.0000


   NSTEP       ENERGY          RMS            GMAX         NAME    NUMBER
    100      -2.5524E+03     6.3568E-01     1.2802E+01     CD        193

 BOND    =       31.5611  ANGLE   =      208.8683  DIHED      =     1082.6971
 VDWAALS =     -766.7114  EEL     =    -7178.9877  EGB        =    -1963.3341
 1-4 VDW =      325.1462  1-4 EEL =     5662.7832  RESTRAINT  =       45.5587
 EAMBER  =    -2597.9773


   NSTEP       ENERGY          RMS            GMAX         NAME    NUMBER
    200      -2.5641E+03     2.0417E-01     2.2447E+00     CD        193

 BOND    =       30.8799  ANGLE   =      207.6723  DIHED      =     1079.1786
 VDWAALS =     -768.9520  EEL     =    -7187.4396  EGB        =    -1958.7943
 1-4 VDW =      326.5818  1-4 EEL =     5662.0783  RESTRAINT  =       44.6954
 EAMBER  =    -2608.7951


   NSTEP       ENERGY          RMS            GMAX         NAME    NUMBER
    300      -2.5716E+03     3.0851E-01     5.2247E+00     HG1       453

 BOND    =       31.5027  ANGLE   =      208.7721  DIHED      =     1079.7818
 VDWAALS =     -771.1290  EEL     =    -7196.0306  EGB        =    -1955.9087
 1-4 VDW =      325.1678  1-4 EEL =     5661.1768  RESTRAINT  =       45.1091
 EAMBER  =    -2616.6671


   NSTEP       ENERGY          RMS            GMAX         NAME    NUMBER
    400      -2.5800E+03     6.0986E-02     8.4649E-01     CD        193

 BOND    =       30.6310  ANGLE   =      206.0339  DIHED      =     1078.4357
 VDWAALS =     -769.4876  EEL     =    -7203.7371  EGB        =    -1952.6675
 1-4 VDW =      327.4840  1-4 EEL =     5660.9818  RESTRAINT  =       42.3148
 EAMBER  =    -2622.3257


   NSTEP       ENERGY          RMS            GMAX         NAME    NUMBER
    500      -2.5807E+03     3.2963E-01     1.3516E+01     HG1       605

 BOND    =       31.5711  ANGLE   =      207.5797  DIHED      =     1079.5180
 VDWAALS =     -769.6521  EEL     =    -7204.4990  EGB        =    -1953.8476
 1-4 VDW =      325.7319  1-4 EEL =     5659.6912  RESTRAINT  =       43.2368
 EAMBER  =    -2623.9067


   NSTEP       ENERGY          RMS            GMAX         NAME    NUMBER
    600      -2.5849E+03     1.6877E-02     3.5226E-01     CB        598

 BOND    =       30.6666  ANGLE   =      206.1320  DIHED      =     1077.8413
 VDWAALS =     -768.2922  EEL     =    -7208.0810  EGB        =    -1954.2414
 1-4 VDW =      327.6519  1-4 EEL =     5661.5177  RESTRAINT  =       41.9452
 EAMBER  =    -2626.8051


   NSTEP       ENERGY          RMS            GMAX         NAME    NUMBER
    700      -2.5849E+03     2.4309E-03     5.0815E-02     OG1       604

 BOND    =       30.6357  ANGLE   =      206.0591  DIHED      =     1077.8499
 VDWAALS =     -768.2308  EEL     =    -7208.0741  EGB        =    -1954.3265
 1-4 VDW =      327.7542  1-4 EEL =     5661.5742  RESTRAINT  =       41.8910
 EAMBER  =    -2626.7584


   NSTEP       ENERGY          RMS            GMAX         NAME    NUMBER
    800      -2.5849E+03     2.8841E-04     3.9016E-03     OG1       604

 BOND    =       30.6305  ANGLE   =      206.0486  DIHED      =     1077.8519
 VDWAALS =     -768.2219  EEL     =    -7208.0728  EGB        =    -1954.3413
 1-4 VDW =      327.7732  1-4 EEL =     5661.5827  RESTRAINT  =       41.8815
 EAMBER  =    -2626.7491


   NSTEP       ENERGY          RMS            GMAX         NAME    NUMBER
    900      -2.5849E+03     9.9968E-05     1.1936E-03     HG1       605

 BOND    =       30.6307  ANGLE   =      206.0489  DIHED      =     1077.8525
 VDWAALS =     -768.2233  EEL     =    -7208.0723  EGB        =    -1954.3437
 1-4 VDW =      327.7732  1-4 EEL =     5661.5842  RESTRAINT  =       41.8822
 EAMBER  =    -2626.7499


                    FINAL RESULTS



   NSTEP       ENERGY          RMS            GMAX         NAME    NUMBER
    900      -2.5849E+03     9.9968E-05     1.1936E-03     HG1       605

 BOND    =       30.6307  ANGLE   =      206.0489  DIHED      =     1077.8525
 VDWAALS =     -768.2233  EEL     =    -7208.0723  EGB        =    -1954.3437
 1-4 VDW =      327.7732  1-4 EEL =     5661.5842  RESTRAINT  =       41.8822
 EAMBER  =    -2626.7499

--------------------------------------------------------------------------------
   5.  TIMINGS
--------------------------------------------------------------------------------

|                Calc gb radii             53.17 (20.32% of Gen B)
|                Calc gb diag              98.00 (37.44% of Gen B)
|                Calc gb off-diag         110.56 (42.24% of Gen B)
|             Gen Born time            261.73 (100.0% of Nonbo)
|          Nonbond force            261.73 (99.29% of Force)
|          Bond/Angle/Dihedral        1.86 ( 0.71% of Force)
|          Other                      0.01 ( 0.01% of Force)
|       Force time               263.60 (100.0% of Runmd)
|    Runmd Time               263.60 (99.69% of Total)
|    Other                      0.83 ( 0.31% of Total)
| Total time               264.43 (100.0% of ALL  )

| Number of list builds   :          0

| Highest rstack allocated:          0
| Highest istack allocated:          0
|           Job began  at 12:53:15.837  on 02/03/2016
|           Setup done at 12:53:15.888  on 02/03/2016
|           Run   done at 12:57:40.271  on 02/03/2016
|     wallclock() was called   16228 times
