
          -------------------------------------------------------
          Amber 14 SANDER                              2014
          -------------------------------------------------------

| Run on 02/03/2016 at 14:21:00

|   Executable path: sander
| Working directory: /lustre/cs1500/scratch/kmb413/RealDecoyDisc/DecoyDiscrimination/decoys.set2.init/1aaj/Rosetta_relaxed
|          Hostname: slepner15


File Assignments:
|  MDIN: /scratch/kmb413/RealDecoyDisc/DecoyDiscrimination/scripts/min/min.in  
| MDOUT: NoH_2_empty_tag_1_685_0001.out                                        
|INPCRD: NoH_2_empty_tag_1_685_0001.rst7                                       
|  PARM: NoH_2_empty_tag_1_685_0001.parm7                                      
|RESTRT: min_NoH_2_empty_tag_1_685_0001.rst7                                   
|  REFC: NoH_2_empty_tag_1_685_0001.rst7                                       
| MDVEL: mdvel                                                                 
| MDFRC: mdfrc                                                                 
|  MDEN: mden                                                                  
| MDCRD: mdcrd                                                                 
|MDINFO: mdinfo                                                                
|  MTMD: mtmd                                                                  
|INPDIP: inpdip                                                                
|RSTDIP: rstdip                                                                
|INPTRA: inptraj                                                               


 Here is the input file:

                                                                               
&cntrl                                                                         
    imin = 1, maxcyc=1000,                                                     
    ntx = 1,                                                                   
    ntwr = 100, ntpr = 100,                                                    
    cut = 999.0,                                                               
    ntb = 0, igb = 8,                                                          
    ntr = 1, restraint_wt = 10, restraintmask = "!@H=",                        
/                                                                              

--------------------------------------------------------------------------------
   1.  RESOURCE   USE: 
--------------------------------------------------------------------------------

| Flags:                                                                        
| New format PARM file being parsed.
| Version =    1.000 Date = 02/03/16 Time = 11:47:27
 NATOM  =    1590 NTYPES =      14 NBONH =     791 MBONA  =     820
 NTHETH =    1812 MTHETA =    1115 NPHIH =    3578 MPHIA  =    3525
 NHPARM =       0 NPARM  =       0 NNB   =    8805 NRES   =     104
 NBONA  =     820 NTHETA =    1115 NPHIA =    3525 NUMBND =      65
 NUMANG =     152 NPTRA  =     189 NATYP =      33 NPHB   =       0
 IFBOX  =       0 NMXRS  =      24 IFCAP =       0 NEXTRA =       0
 NCOPY  =       0

 Implicit solvent radii are ArgH and AspGluO modified Bondi2 radii (mbondi3)                                
 Replacing prmtop screening parameters with GBn2 (igb=8) values

|     Memory Use     Allocated
|     Real              145027
|     Hollerith           4876
|     Integer           109197
|     Max Pairs              1
|     nblistReal             0
|     nblist Int             0
|       Total             1578 kbytes

| Note: 1-4 EEL scale factors are being read from the topology file.

| Note: 1-4 VDW scale factors are being read from the topology file.
| Duplicated    0 dihedrals
| Duplicated    0 dihedrals

--------------------------------------------------------------------------------
   2.  CONTROL  DATA  FOR  THE  RUN
--------------------------------------------------------------------------------

default_name                                                                    

General flags:
     imin    =       1, nmropt  =       0

Nature and format of input:
     ntx     =       1, irest   =       0, ntrx    =       1

Nature and format of output:
     ntxo    =       1, ntpr    =     100, ntrx    =       1, ntwr    =     100
     iwrap   =       0, ntwx    =       0, ntwv    =       0, ntwe    =       0
     ioutfm  =       0, ntwprt  =       0, idecomp =       0, rbornstat=      0

Potential function:
     ntf     =       1, ntb     =       0, igb     =       8, nsnb    =      25
     ipol    =       0, gbsa    =       0, iesp    =       0
     dielc   =   1.00000, cut     = 999.00000, intdiel =   1.00000
     saltcon =   0.00000, offset  =   0.19514, surften =   0.00500
     rdt     =   0.00000, rgbmax  =  25.00000  extdiel =  78.50000
     alpb  =        0
     gbalphaH  =   0.78844, gbbetaH   =   0.79870,  gbgammaH  =    0.43733
     gbalphaC  =   0.73376, gbbetaC   =   0.50638,  gbgammaC  =    0.20584
     gbalphaN  =   0.50336, gbbetaN   =   0.31683,  gbgammaN  =    0.19292
     gbalphaOS =   0.86781, gbbetaOS  =   0.87664,  gbgammaOS =    0.38788
     gbalphaP  =   1.00000, gbbetaP   =   0.80000,  gbgammaP  =    4.85000
     gb_alpha_hnu  =   0.53705, gb_beta_hnu   =   0.36286,  gb_gamma_hnu  =    0.11670
     gb_alpha_cnu  =   0.33167, gb_beta_cnu   =   0.19684,  gb_gamma_cnu  =    0.09342
     gb_alpha_nnu  =   0.68631, gb_beta_nnu   =   0.46319,  gb_gamma_nnu  =    0.13872
     gb_alpha_onu  =   0.60634, gb_beta_onu   =   0.46301,  gb_gamma_onu  =    0.14226
     gb_alpha_pnu  =   0.41836, gb_beta_pnu   =   0.29005,  gb_gamma_pnu  =    0.10642

Frozen or restrained atoms:
     ibelly  =       0, ntr     =       1
     restraint_wt =  10.00000

Energy minimization:
     maxcyc  =    1000, ncyc    =      10, ntmin   =       1
     dx0     =   0.01000, drms    =   0.00010
|  INFO: Old style inpcrd file read


    LOADING THE CONSTRAINED ATOMS AS GROUPS


   5.  REFERENCE ATOM COORDINATES

  defa
     Mask !@H=; matches   799 atoms

--------------------------------------------------------------------------------
   3.  ATOMIC COORDINATES AND VELOCITIES
--------------------------------------------------------------------------------

default_name                                                                    
 begin time read from input coords =     0.000 ps

 Number of triangulated 3-point waters found:        0

--------------------------------------------------------------------------------
   4.  RESULTS
--------------------------------------------------------------------------------



   NSTEP       ENERGY          RMS            GMAX         NAME    NUMBER
      1      -2.1866E+03     9.1623E+00     6.2342E+01     OE1       438

 BOND    =       70.5665  ANGLE   =      211.6118  DIHED      =     1083.1480
 VDWAALS =     -657.7745  EEL     =    -7295.2907  EGB        =    -1734.6305
 1-4 VDW =      444.8728  1-4 EEL =     5690.8671  RESTRAINT  =        0.0000


   NSTEP       ENERGY          RMS            GMAX         NAME    NUMBER
    100      -2.5755E+03     5.2437E-01     5.8378E+00     CD       1119

 BOND    =       31.5021  ANGLE   =      209.8616  DIHED      =     1088.2157
 VDWAALS =     -809.2851  EEL     =    -7312.7134  EGB        =    -1756.8013
 1-4 VDW =      332.4397  1-4 EEL =     5596.2913  RESTRAINT  =       44.9704
 EAMBER  =    -2620.4894


   NSTEP       ENERGY          RMS            GMAX         NAME    NUMBER
    200      -2.5872E+03     2.2690E-01     3.3712E+00     CD       1119

 BOND    =       31.3837  ANGLE   =      209.8607  DIHED      =     1086.4741
 VDWAALS =     -811.1866  EEL     =    -7326.7365  EGB        =    -1754.1167
 1-4 VDW =      332.0835  1-4 EEL =     5599.3648  RESTRAINT  =       45.6403
 EAMBER  =    -2632.8729


   NSTEP       ENERGY          RMS            GMAX         NAME    NUMBER
    300      -2.5942E+03     1.0573E-01     1.5204E+00     HG1      1247

 BOND    =       31.1288  ANGLE   =      209.1852  DIHED      =     1082.6922
 VDWAALS =     -810.8583  EEL     =    -7331.9169  EGB        =    -1753.4637
 1-4 VDW =      332.5631  1-4 EEL =     5601.3815  RESTRAINT  =       45.0736
 EAMBER  =    -2639.2880


   NSTEP       ENERGY          RMS            GMAX         NAME    NUMBER
    400      -2.5946E+03     1.9839E-02     3.2463E-01     CE2       650

 BOND    =       30.9224  ANGLE   =      208.8709  DIHED      =     1082.1191
 VDWAALS =     -810.5731  EEL     =    -7332.3955  EGB        =    -1753.4401
 1-4 VDW =      333.0414  1-4 EEL =     5602.0320  RESTRAINT  =       44.7739
 EAMBER  =    -2639.4230


   NSTEP       ENERGY          RMS            GMAX         NAME    NUMBER
    500      -2.5947E+03     7.5239E-03     7.9736E-02     CD       1119

 BOND    =       30.9001  ANGLE   =      208.8174  DIHED      =     1082.0932
 VDWAALS =     -810.5571  EEL     =    -7332.3843  EGB        =    -1753.4502
 1-4 VDW =      333.1138  1-4 EEL =     5602.0514  RESTRAINT  =       44.7574
 EAMBER  =    -2639.4156


   NSTEP       ENERGY          RMS            GMAX         NAME    NUMBER
    600      -2.5947E+03     2.1667E-03     3.2067E-02     OG1      1246

 BOND    =       30.8968  ANGLE   =      208.8106  DIHED      =     1082.0929
 VDWAALS =     -810.5587  EEL     =    -7332.3627  EGB        =    -1753.4732
 1-4 VDW =      333.1204  1-4 EEL =     5602.0616  RESTRAINT  =       44.7533
 EAMBER  =    -2639.4122

     ... RESTARTED DUE TO LINMIN FAILURE ...


   NSTEP       ENERGY          RMS            GMAX         NAME    NUMBER
    700      -2.5812E+03     1.0170E+00     1.9722E+01     C        1588

 BOND    =       31.8906  ANGLE   =      211.0926  DIHED      =     1082.5398
 VDWAALS =     -812.5737  EEL     =    -7320.3079  EGB        =    -1758.4768
 1-4 VDW =      333.1418  1-4 EEL =     5602.6984  RESTRAINT  =       48.7801
 EAMBER  =    -2629.9952


   NSTEP       ENERGY          RMS            GMAX         NAME    NUMBER
    800      -2.5946E+03     6.0382E-02     8.4300E-01     CE2      1311

 BOND    =       30.9056  ANGLE   =      208.8739  DIHED      =     1082.1735
 VDWAALS =     -810.5388  EEL     =    -7332.4416  EGB        =    -1753.6449
 1-4 VDW =      333.1441  1-4 EEL =     5602.0959  RESTRAINT  =       44.8714
 EAMBER  =    -2639.4324


   NSTEP       ENERGY          RMS            GMAX         NAME    NUMBER
    900      -2.5946E+03     1.3364E-02     2.3782E-01     CA         27

 BOND    =       30.8954  ANGLE   =      208.8249  DIHED      =     1082.1611
 VDWAALS =     -810.5718  EEL     =    -7332.3021  EGB        =    -1753.6465
 1-4 VDW =      333.1237  1-4 EEL =     5602.0638  RESTRAINT  =       44.8071
 EAMBER  =    -2639.4515


   NSTEP       ENERGY          RMS            GMAX         NAME    NUMBER
   1000      -2.5947E+03     1.2827E-02     2.7913E-01     CD       1260

 BOND    =       30.8999  ANGLE   =      208.8223  DIHED      =     1082.1345
 VDWAALS =     -810.5595  EEL     =    -7332.3153  EGB        =    -1753.5891
 1-4 VDW =      333.1143  1-4 EEL =     5602.0592  RESTRAINT  =       44.7791
 EAMBER  =    -2639.4338


  Maximum number of minimization cycles reached.


                    FINAL RESULTS



   NSTEP       ENERGY          RMS            GMAX         NAME    NUMBER
   1000      -2.5947E+03     1.2827E-02     2.7913E-01     CD       1260

 BOND    =       30.8999  ANGLE   =      208.8223  DIHED      =     1082.1345
 VDWAALS =     -810.5595  EEL     =    -7332.3153  EGB        =    -1753.5891
 1-4 VDW =      333.1143  1-4 EEL =     5602.0592  RESTRAINT  =       44.7791
 EAMBER  =    -2639.4338

--------------------------------------------------------------------------------
   5.  TIMINGS
--------------------------------------------------------------------------------

|                Calc gb radii             59.86 (20.06% of Gen B)
|                Calc gb diag             112.65 (37.76% of Gen B)
|                Calc gb off-diag         125.85 (42.18% of Gen B)
|             Gen Born time            298.37 (100.0% of Nonbo)
|          Nonbond force            298.37 (99.31% of Force)
|          Bond/Angle/Dihedral        2.05 ( 0.68% of Force)
|          Other                      0.02 ( 0.01% of Force)
|       Force time               300.44 (100.0% of Runmd)
|    Runmd Time               300.44 (99.81% of Total)
|    Other                      0.58 ( 0.19% of Total)
| Total time               301.02 (100.0% of ALL  )

| Number of list builds   :          0

| Highest rstack allocated:          0
| Highest istack allocated:          0
|           Job began  at 14:21:00.877  on 02/03/2016
|           Setup done at 14:21:00.927  on 02/03/2016
|           Run   done at 14:26:01.899  on 02/03/2016
|     wallclock() was called   18028 times
