
          -------------------------------------------------------
          Amber 14 SANDER                              2014
          -------------------------------------------------------

| Run on 02/03/2016 at 13:45:06

|   Executable path: sander
| Working directory: /lustre/cs1500/scratch/kmb413/RealDecoyDisc/DecoyDiscrimination/decoys.set2.init/1aaj/Rosetta_relaxed
|          Hostname: slepner13


File Assignments:
|  MDIN: /scratch/kmb413/RealDecoyDisc/DecoyDiscrimination/scripts/min/min.in  
| MDOUT: NoH_2_empty_tag_1_1023_0001.out                                       
|INPCRD: NoH_2_empty_tag_1_1023_0001.rst7                                      
|  PARM: NoH_2_empty_tag_1_1023_0001.parm7                                     
|RESTRT: min_NoH_2_empty_tag_1_1023_0001.rst7                                  
|  REFC: NoH_2_empty_tag_1_1023_0001.rst7                                      
| MDVEL: mdvel                                                                 
| MDFRC: mdfrc                                                                 
|  MDEN: mden                                                                  
| MDCRD: mdcrd                                                                 
|MDINFO: mdinfo                                                                
|  MTMD: mtmd                                                                  
|INPDIP: inpdip                                                                
|RSTDIP: rstdip                                                                
|INPTRA: inptraj                                                               


 Here is the input file:

                                                                               
&cntrl                                                                         
    imin = 1, maxcyc=1000,                                                     
    ntx = 1,                                                                   
    ntwr = 100, ntpr = 100,                                                    
    cut = 999.0,                                                               
    ntb = 0, igb = 8,                                                          
    ntr = 1, restraint_wt = 10, restraintmask = "!@H=",                        
/                                                                              

--------------------------------------------------------------------------------
   1.  RESOURCE   USE: 
--------------------------------------------------------------------------------

| Flags:                                                                        
| New format PARM file being parsed.
| Version =    1.000 Date = 02/03/16 Time = 11:46:25
 NATOM  =    1590 NTYPES =      14 NBONH =     791 MBONA  =     820
 NTHETH =    1812 MTHETA =    1115 NPHIH =    3578 MPHIA  =    3525
 NHPARM =       0 NPARM  =       0 NNB   =    8805 NRES   =     104
 NBONA  =     820 NTHETA =    1115 NPHIA =    3525 NUMBND =      65
 NUMANG =     152 NPTRA  =     189 NATYP =      33 NPHB   =       0
 IFBOX  =       0 NMXRS  =      24 IFCAP =       0 NEXTRA =       0
 NCOPY  =       0

 Implicit solvent radii are ArgH and AspGluO modified Bondi2 radii (mbondi3)                                
 Replacing prmtop screening parameters with GBn2 (igb=8) values

|     Memory Use     Allocated
|     Real              145027
|     Hollerith           4876
|     Integer           109197
|     Max Pairs              1
|     nblistReal             0
|     nblist Int             0
|       Total             1578 kbytes

| Note: 1-4 EEL scale factors are being read from the topology file.

| Note: 1-4 VDW scale factors are being read from the topology file.
| Duplicated    0 dihedrals
| Duplicated    0 dihedrals

--------------------------------------------------------------------------------
   2.  CONTROL  DATA  FOR  THE  RUN
--------------------------------------------------------------------------------

default_name                                                                    

General flags:
     imin    =       1, nmropt  =       0

Nature and format of input:
     ntx     =       1, irest   =       0, ntrx    =       1

Nature and format of output:
     ntxo    =       1, ntpr    =     100, ntrx    =       1, ntwr    =     100
     iwrap   =       0, ntwx    =       0, ntwv    =       0, ntwe    =       0
     ioutfm  =       0, ntwprt  =       0, idecomp =       0, rbornstat=      0

Potential function:
     ntf     =       1, ntb     =       0, igb     =       8, nsnb    =      25
     ipol    =       0, gbsa    =       0, iesp    =       0
     dielc   =   1.00000, cut     = 999.00000, intdiel =   1.00000
     saltcon =   0.00000, offset  =   0.19514, surften =   0.00500
     rdt     =   0.00000, rgbmax  =  25.00000  extdiel =  78.50000
     alpb  =        0
     gbalphaH  =   0.78844, gbbetaH   =   0.79870,  gbgammaH  =    0.43733
     gbalphaC  =   0.73376, gbbetaC   =   0.50638,  gbgammaC  =    0.20584
     gbalphaN  =   0.50336, gbbetaN   =   0.31683,  gbgammaN  =    0.19292
     gbalphaOS =   0.86781, gbbetaOS  =   0.87664,  gbgammaOS =    0.38788
     gbalphaP  =   1.00000, gbbetaP   =   0.80000,  gbgammaP  =    4.85000
     gb_alpha_hnu  =   0.53705, gb_beta_hnu   =   0.36286,  gb_gamma_hnu  =    0.11670
     gb_alpha_cnu  =   0.33167, gb_beta_cnu   =   0.19684,  gb_gamma_cnu  =    0.09342
     gb_alpha_nnu  =   0.68631, gb_beta_nnu   =   0.46319,  gb_gamma_nnu  =    0.13872
     gb_alpha_onu  =   0.60634, gb_beta_onu   =   0.46301,  gb_gamma_onu  =    0.14226
     gb_alpha_pnu  =   0.41836, gb_beta_pnu   =   0.29005,  gb_gamma_pnu  =    0.10642

Frozen or restrained atoms:
     ibelly  =       0, ntr     =       1
     restraint_wt =  10.00000

Energy minimization:
     maxcyc  =    1000, ncyc    =      10, ntmin   =       1
     dx0     =   0.01000, drms    =   0.00010
|  INFO: Old style inpcrd file read


    LOADING THE CONSTRAINED ATOMS AS GROUPS


   5.  REFERENCE ATOM COORDINATES

  defa
     Mask !@H=; matches   799 atoms

--------------------------------------------------------------------------------
   3.  ATOMIC COORDINATES AND VELOCITIES
--------------------------------------------------------------------------------

default_name                                                                    
 begin time read from input coords =     0.000 ps

 Number of triangulated 3-point waters found:        0

--------------------------------------------------------------------------------
   4.  RESULTS
--------------------------------------------------------------------------------



   NSTEP       ENERGY          RMS            GMAX         NAME    NUMBER
      1      -2.2055E+03     9.0407E+00     6.3326E+01     OXT      1590

 BOND    =       69.6687  ANGLE   =      211.4075  DIHED      =     1087.2554
 VDWAALS =     -652.8787  EEL     =    -7213.9653  EGB        =    -1865.1493
 1-4 VDW =      439.7929  1-4 EEL =     5718.3515  RESTRAINT  =        0.0000


   NSTEP       ENERGY          RMS            GMAX         NAME    NUMBER
    100      -2.5700E+03     4.4188E-01     4.7329E+00     HG1      1389

 BOND    =       31.5186  ANGLE   =      207.6589  DIHED      =     1091.3229
 VDWAALS =     -798.2899  EEL     =    -7213.2330  EGB        =    -1889.5122
 1-4 VDW =      330.2021  1-4 EEL =     5629.2884  RESTRAINT  =       41.0649
 EAMBER  =    -2611.0443


   NSTEP       ENERGY          RMS            GMAX         NAME    NUMBER
    200      -2.5763E+03     1.2805E-01     1.7915E+00     CD2       659

 BOND    =       31.3054  ANGLE   =      207.3236  DIHED      =     1089.2827
 VDWAALS =     -801.7250  EEL     =    -7218.9271  EGB        =    -1887.6180
 1-4 VDW =      330.4820  1-4 EEL =     5631.2413  RESTRAINT  =       42.3444
 EAMBER  =    -2618.6351


   NSTEP       ENERGY          RMS            GMAX         NAME    NUMBER
    300      -2.5771E+03     2.0876E-02     3.0660E-01     CA          5

 BOND    =       31.1107  ANGLE   =      206.7417  DIHED      =     1088.6122
 VDWAALS =     -802.1671  EEL     =    -7219.0315  EGB        =    -1887.4551
 1-4 VDW =      331.0975  1-4 EEL =     5631.7346  RESTRAINT  =       42.2619
 EAMBER  =    -2619.3569


   NSTEP       ENERGY          RMS            GMAX         NAME    NUMBER
    400      -2.5771E+03     6.0794E-03     7.7077E-02     H2          3

 BOND    =       31.0674  ANGLE   =      206.6387  DIHED      =     1088.6115
 VDWAALS =     -802.2275  EEL     =    -7219.2223  EGB        =    -1887.2774
 1-4 VDW =      331.2241  1-4 EEL =     5631.8328  RESTRAINT  =       42.2406
 EAMBER  =    -2619.3526


   NSTEP       ENERGY          RMS            GMAX         NAME    NUMBER
    500      -2.5771E+03     5.8429E-03     9.6075E-02     CD        729

 BOND    =       31.0634  ANGLE   =      206.6303  DIHED      =     1088.6275
 VDWAALS =     -802.2514  EEL     =    -7219.3764  EGB        =    -1887.1542
 1-4 VDW =      331.2421  1-4 EEL =     5631.8560  RESTRAINT  =       42.2486
 EAMBER  =    -2619.3626


   NSTEP       ENERGY          RMS            GMAX         NAME    NUMBER
    600      -2.5771E+03     1.3834E-03     1.6816E-02     HG       1180

 BOND    =       31.0586  ANGLE   =      206.6261  DIHED      =     1088.6335
 VDWAALS =     -802.2532  EEL     =    -7219.4604  EGB        =    -1887.0857
 1-4 VDW =      331.2479  1-4 EEL =     5631.8714  RESTRAINT  =       42.2471
 EAMBER  =    -2619.3617


   NSTEP       ENERGY          RMS            GMAX         NAME    NUMBER
    700      -2.5771E+03     4.3599E-04     1.0494E-02     HG       1180

 BOND    =       31.0564  ANGLE   =      206.6231  DIHED      =     1088.6469
 VDWAALS =     -802.2541  EEL     =    -7219.6364  EGB        =    -1886.9447
 1-4 VDW =      331.2545  1-4 EEL =     5631.8947  RESTRAINT  =       42.2446
 EAMBER  =    -2619.3596


   NSTEP       ENERGY          RMS            GMAX         NAME    NUMBER
    800      -2.5771E+03     5.4535E-04     1.1713E-02     HG       1180

 BOND    =       31.0564  ANGLE   =      206.6221  DIHED      =     1088.6495
 VDWAALS =     -802.2523  EEL     =    -7219.6748  EGB        =    -1886.9134
 1-4 VDW =      331.2556  1-4 EEL =     5631.8990  RESTRAINT  =       42.2428
 EAMBER  =    -2619.3579


   NSTEP       ENERGY          RMS            GMAX         NAME    NUMBER
    900      -2.5771E+03     7.2150E-04     1.0946E-02     CD        729

 BOND    =       31.0563  ANGLE   =      206.6227  DIHED      =     1088.6531
 VDWAALS =     -802.2521  EEL     =    -7219.7182  EGB        =    -1886.8798
 1-4 VDW =      331.2560  1-4 EEL =     5631.9047  RESTRAINT  =       42.2422
 EAMBER  =    -2619.3573


   NSTEP       ENERGY          RMS            GMAX         NAME    NUMBER
   1000      -2.5771E+03     8.2273E-04     9.5060E-03     HG       1180

 BOND    =       31.0558  ANGLE   =      206.6226  DIHED      =     1088.6553
 VDWAALS =     -802.2521  EEL     =    -7219.7441  EGB        =    -1886.8592
 1-4 VDW =      331.2560  1-4 EEL =     5631.9087  RESTRAINT  =       42.2419
 EAMBER  =    -2619.3571


  Maximum number of minimization cycles reached.


                    FINAL RESULTS



   NSTEP       ENERGY          RMS            GMAX         NAME    NUMBER
   1000      -2.5771E+03     8.2273E-04     9.5060E-03     HG       1180

 BOND    =       31.0558  ANGLE   =      206.6226  DIHED      =     1088.6553
 VDWAALS =     -802.2521  EEL     =    -7219.7441  EGB        =    -1886.8592
 1-4 VDW =      331.2560  1-4 EEL =     5631.9087  RESTRAINT  =       42.2419
 EAMBER  =    -2619.3571

--------------------------------------------------------------------------------
   5.  TIMINGS
--------------------------------------------------------------------------------

|                Calc gb radii             58.69 (19.97% of Gen B)
|                Calc gb diag             111.83 (38.05% of Gen B)
|                Calc gb off-diag         123.41 (41.98% of Gen B)
|             Gen Born time            293.95 (100.0% of Nonbo)
|          Nonbond force            293.95 (99.29% of Force)
|          Bond/Angle/Dihedral        2.08 ( 0.70% of Force)
|          Other                      0.02 ( 0.01% of Force)
|       Force time               296.04 (100.0% of Runmd)
|    Runmd Time               296.04 (99.81% of Total)
|    Other                      0.56 ( 0.19% of Total)
| Total time               296.61 (100.0% of ALL  )

| Number of list builds   :          0

| Highest rstack allocated:          0
| Highest istack allocated:          0
|           Job began  at 13:45:06.352  on 02/03/2016
|           Setup done at 13:45:06.403  on 02/03/2016
|           Run   done at 13:50:02.961  on 02/03/2016
|     wallclock() was called   18028 times
