
          -------------------------------------------------------
          Amber 14 SANDER                              2014
          -------------------------------------------------------

| Run on 02/03/2016 at 13:58:48

|   Executable path: sander
| Working directory: /lustre/cs1500/scratch/kmb413/RealDecoyDisc/DecoyDiscrimination/decoys.set2.init/1aaj/Rosetta_relaxed
|          Hostname: slepner7


File Assignments:
|  MDIN: /scratch/kmb413/RealDecoyDisc/DecoyDiscrimination/scripts/min/min.in  
| MDOUT: NoH_1_empty_tag_1575_0001_0001.out                                    
|INPCRD: NoH_1_empty_tag_1575_0001_0001.rst7                                   
|  PARM: NoH_1_empty_tag_1575_0001_0001.parm7                                  
|RESTRT: min_NoH_1_empty_tag_1575_0001_0001.rst7                               
|  REFC: NoH_1_empty_tag_1575_0001_0001.rst7                                   
| MDVEL: mdvel                                                                 
| MDFRC: mdfrc                                                                 
|  MDEN: mden                                                                  
| MDCRD: mdcrd                                                                 
|MDINFO: mdinfo                                                                
|  MTMD: mtmd                                                                  
|INPDIP: inpdip                                                                
|RSTDIP: rstdip                                                                
|INPTRA: inptraj                                                               


 Here is the input file:

                                                                               
&cntrl                                                                         
    imin = 1, maxcyc=1000,                                                     
    ntx = 1,                                                                   
    ntwr = 100, ntpr = 100,                                                    
    cut = 999.0,                                                               
    ntb = 0, igb = 8,                                                          
    ntr = 1, restraint_wt = 10, restraintmask = "!@H=",                        
/                                                                              

--------------------------------------------------------------------------------
   1.  RESOURCE   USE: 
--------------------------------------------------------------------------------

| Flags:                                                                        
| New format PARM file being parsed.
| Version =    1.000 Date = 02/03/16 Time = 11:45:14
 NATOM  =    1590 NTYPES =      14 NBONH =     791 MBONA  =     820
 NTHETH =    1812 MTHETA =    1115 NPHIH =    3578 MPHIA  =    3525
 NHPARM =       0 NPARM  =       0 NNB   =    8805 NRES   =     104
 NBONA  =     820 NTHETA =    1115 NPHIA =    3525 NUMBND =      65
 NUMANG =     152 NPTRA  =     189 NATYP =      33 NPHB   =       0
 IFBOX  =       0 NMXRS  =      24 IFCAP =       0 NEXTRA =       0
 NCOPY  =       0

 Implicit solvent radii are ArgH and AspGluO modified Bondi2 radii (mbondi3)                                
 Replacing prmtop screening parameters with GBn2 (igb=8) values

|     Memory Use     Allocated
|     Real              145027
|     Hollerith           4876
|     Integer           109197
|     Max Pairs              1
|     nblistReal             0
|     nblist Int             0
|       Total             1578 kbytes

| Note: 1-4 EEL scale factors are being read from the topology file.

| Note: 1-4 VDW scale factors are being read from the topology file.
| Duplicated    0 dihedrals
| Duplicated    0 dihedrals

--------------------------------------------------------------------------------
   2.  CONTROL  DATA  FOR  THE  RUN
--------------------------------------------------------------------------------

default_name                                                                    

General flags:
     imin    =       1, nmropt  =       0

Nature and format of input:
     ntx     =       1, irest   =       0, ntrx    =       1

Nature and format of output:
     ntxo    =       1, ntpr    =     100, ntrx    =       1, ntwr    =     100
     iwrap   =       0, ntwx    =       0, ntwv    =       0, ntwe    =       0
     ioutfm  =       0, ntwprt  =       0, idecomp =       0, rbornstat=      0

Potential function:
     ntf     =       1, ntb     =       0, igb     =       8, nsnb    =      25
     ipol    =       0, gbsa    =       0, iesp    =       0
     dielc   =   1.00000, cut     = 999.00000, intdiel =   1.00000
     saltcon =   0.00000, offset  =   0.19514, surften =   0.00500
     rdt     =   0.00000, rgbmax  =  25.00000  extdiel =  78.50000
     alpb  =        0
     gbalphaH  =   0.78844, gbbetaH   =   0.79870,  gbgammaH  =    0.43733
     gbalphaC  =   0.73376, gbbetaC   =   0.50638,  gbgammaC  =    0.20584
     gbalphaN  =   0.50336, gbbetaN   =   0.31683,  gbgammaN  =    0.19292
     gbalphaOS =   0.86781, gbbetaOS  =   0.87664,  gbgammaOS =    0.38788
     gbalphaP  =   1.00000, gbbetaP   =   0.80000,  gbgammaP  =    4.85000
     gb_alpha_hnu  =   0.53705, gb_beta_hnu   =   0.36286,  gb_gamma_hnu  =    0.11670
     gb_alpha_cnu  =   0.33167, gb_beta_cnu   =   0.19684,  gb_gamma_cnu  =    0.09342
     gb_alpha_nnu  =   0.68631, gb_beta_nnu   =   0.46319,  gb_gamma_nnu  =    0.13872
     gb_alpha_onu  =   0.60634, gb_beta_onu   =   0.46301,  gb_gamma_onu  =    0.14226
     gb_alpha_pnu  =   0.41836, gb_beta_pnu   =   0.29005,  gb_gamma_pnu  =    0.10642

Frozen or restrained atoms:
     ibelly  =       0, ntr     =       1
     restraint_wt =  10.00000

Energy minimization:
     maxcyc  =    1000, ncyc    =      10, ntmin   =       1
     dx0     =   0.01000, drms    =   0.00010
|  INFO: Old style inpcrd file read


    LOADING THE CONSTRAINED ATOMS AS GROUPS


   5.  REFERENCE ATOM COORDINATES

  defa
     Mask !@H=; matches   799 atoms

--------------------------------------------------------------------------------
   3.  ATOMIC COORDINATES AND VELOCITIES
--------------------------------------------------------------------------------

default_name                                                                    
 begin time read from input coords =     0.000 ps

 Number of triangulated 3-point waters found:        0

--------------------------------------------------------------------------------
   4.  RESULTS
--------------------------------------------------------------------------------



   NSTEP       ENERGY          RMS            GMAX         NAME    NUMBER
      1      -2.1745E+03     9.2714E+00     6.3851E+01     N         119

 BOND    =       73.1798  ANGLE   =      212.6959  DIHED      =     1072.6092
 VDWAALS =     -640.0177  EEL     =    -7160.5338  EGB        =    -1871.9637
 1-4 VDW =      441.0412  1-4 EEL =     5698.5242  RESTRAINT  =        0.0000


   NSTEP       ENERGY          RMS            GMAX         NAME    NUMBER
    100      -2.5507E+03     3.2721E-01     4.3878E+00     CG        589

 BOND    =       31.3177  ANGLE   =      211.3487  DIHED      =     1074.9068
 VDWAALS =     -791.8957  EEL     =    -7181.0147  EGB        =    -1884.7954
 1-4 VDW =      330.4754  1-4 EEL =     5613.0498  RESTRAINT  =       45.9574
 EAMBER  =    -2596.6075


   NSTEP       ENERGY          RMS            GMAX         NAME    NUMBER
    200      -2.5584E+03     4.2999E-01     9.0875E+00     HG       1180

 BOND    =       32.0233  ANGLE   =      213.4073  DIHED      =     1076.6061
 VDWAALS =     -795.9568  EEL     =    -7195.9879  EGB        =    -1879.5690
 1-4 VDW =      329.8540  1-4 EEL =     5612.7626  RESTRAINT  =       48.4664
 EAMBER  =    -2606.8606


   NSTEP       ENERGY          RMS            GMAX         NAME    NUMBER
    300      -2.5666E+03     6.8429E-02     7.8843E-01     HB2      1177

 BOND    =       31.2784  ANGLE   =      211.3126  DIHED      =     1073.6160
 VDWAALS =     -793.4267  EEL     =    -7203.0852  EGB        =    -1878.2526
 1-4 VDW =      331.5880  1-4 EEL =     5613.4461  RESTRAINT  =       46.9037
 EAMBER  =    -2613.5234


   NSTEP       ENERGY          RMS            GMAX         NAME    NUMBER
    400      -2.5679E+03     1.3982E-01     1.5555E+00     HG1       635

 BOND    =       31.4434  ANGLE   =      211.4274  DIHED      =     1072.5493
 VDWAALS =     -794.1274  EEL     =    -7205.9784  EGB        =    -1876.1060
 1-4 VDW =      331.4780  1-4 EEL =     5614.2782  RESTRAINT  =       47.1670
 EAMBER  =    -2615.0356


   NSTEP       ENERGY          RMS            GMAX         NAME    NUMBER
    500      -2.5682E+03     1.7535E-02     2.8336E-01     CG        589

 BOND    =       31.2063  ANGLE   =      211.1158  DIHED      =     1071.9971
 VDWAALS =     -793.9044  EEL     =    -7206.3860  EGB        =    -1875.6386
 1-4 VDW =      331.8638  1-4 EEL =     5614.5835  RESTRAINT  =       46.9457
 EAMBER  =    -2615.1625


   NSTEP       ENERGY          RMS            GMAX         NAME    NUMBER
    600      -2.5682E+03     1.3689E-02     1.4863E-01     CG2       630

 BOND    =       31.1846  ANGLE   =      211.0798  DIHED      =     1072.0540
 VDWAALS =     -793.9538  EEL     =    -7206.3721  EGB        =    -1875.6252
 1-4 VDW =      331.9225  1-4 EEL =     5614.5470  RESTRAINT  =       46.9308
 EAMBER  =    -2615.1631


   NSTEP       ENERGY          RMS            GMAX         NAME    NUMBER
    700      -2.5682E+03     1.5597E-02     1.9049E-01     HG1       635

 BOND    =       31.1846  ANGLE   =      211.0668  DIHED      =     1072.1724
 VDWAALS =     -794.0034  EEL     =    -7206.3297  EGB        =    -1875.6354
 1-4 VDW =      331.9401  1-4 EEL =     5614.4368  RESTRAINT  =       46.9214
 EAMBER  =    -2615.1677


   NSTEP       ENERGY          RMS            GMAX         NAME    NUMBER
    800      -2.5699E+03     5.0841E-01     1.3253E+01     OG1       604

 BOND    =       32.0886  ANGLE   =      212.6932  DIHED      =     1072.7032
 VDWAALS =     -795.4020  EEL     =    -7211.1984  EGB        =    -1873.5069
 1-4 VDW =      331.0630  1-4 EEL =     5613.2951  RESTRAINT  =       48.3364
 EAMBER  =    -2618.2642


   NSTEP       ENERGY          RMS            GMAX         NAME    NUMBER
    900      -2.5733E+03     1.2154E-02     1.9122E-01     CB        598

 BOND    =       31.2567  ANGLE   =      211.2435  DIHED      =     1071.6694
 VDWAALS =     -792.9974  EEL     =    -7213.5565  EGB        =    -1874.5826
 1-4 VDW =      332.0122  1-4 EEL =     5614.9851  RESTRAINT  =       46.6533
 EAMBER  =    -2619.9696


   NSTEP       ENERGY          RMS            GMAX         NAME    NUMBER
   1000      -2.5733E+03     1.9722E-03     2.6897E-02     HG1      1213

 BOND    =       31.2300  ANGLE   =      211.1999  DIHED      =     1071.6984
 VDWAALS =     -792.9805  EEL     =    -7213.5048  EGB        =    -1874.7490
 1-4 VDW =      332.0864  1-4 EEL =     5615.0831  RESTRAINT  =       46.6094
 EAMBER  =    -2619.9366


  Maximum number of minimization cycles reached.


                    FINAL RESULTS



   NSTEP       ENERGY          RMS            GMAX         NAME    NUMBER
   1000      -2.5733E+03     1.9722E-03     2.6897E-02     HG1      1213

 BOND    =       31.2300  ANGLE   =      211.1999  DIHED      =     1071.6984
 VDWAALS =     -792.9805  EEL     =    -7213.5048  EGB        =    -1874.7490
 1-4 VDW =      332.0864  1-4 EEL =     5615.0831  RESTRAINT  =       46.6094
 EAMBER  =    -2619.9366

--------------------------------------------------------------------------------
   5.  TIMINGS
--------------------------------------------------------------------------------

|                Calc gb radii             57.71 (20.10% of Gen B)
|                Calc gb diag             107.15 (37.33% of Gen B)
|                Calc gb off-diag         122.19 (42.57% of Gen B)
|             Gen Born time            287.05 (100.0% of Nonbo)
|          Nonbond force            287.05 (99.28% of Force)
|          Bond/Angle/Dihedral        2.06 ( 0.71% of Force)
|          Other                      0.02 ( 0.01% of Force)
|       Force time               289.12 (100.0% of Runmd)
|    Runmd Time               289.12 (99.79% of Total)
|    Other                      0.61 ( 0.21% of Total)
| Total time               289.73 (100.0% of ALL  )

| Number of list builds   :          0

| Highest rstack allocated:          0
| Highest istack allocated:          0
|           Job began  at 13:58:48.256  on 02/03/2016
|           Setup done at 13:58:48.323  on 02/03/2016
|           Run   done at 14:03:37.986  on 02/03/2016
|     wallclock() was called   18028 times
