
          -------------------------------------------------------
          Amber 14 SANDER                              2014
          -------------------------------------------------------

| Run on 02/03/2016 at 14:18:29

|   Executable path: sander
| Working directory: /lustre/cs1500/scratch/kmb413/RealDecoyDisc/DecoyDiscrimination/decoys.set2.init/1aaj/Rosetta_relaxed
|          Hostname: slepner30


File Assignments:
|  MDIN: /scratch/kmb413/RealDecoyDisc/DecoyDiscrimination/scripts/min/min.in  
| MDOUT: NoH_2_empty_tag_1_932_0001.out                                        
|INPCRD: NoH_2_empty_tag_1_932_0001.rst7                                       
|  PARM: NoH_2_empty_tag_1_932_0001.parm7                                      
|RESTRT: min_NoH_2_empty_tag_1_932_0001.rst7                                   
|  REFC: NoH_2_empty_tag_1_932_0001.rst7                                       
| MDVEL: mdvel                                                                 
| MDFRC: mdfrc                                                                 
|  MDEN: mden                                                                  
| MDCRD: mdcrd                                                                 
|MDINFO: mdinfo                                                                
|  MTMD: mtmd                                                                  
|INPDIP: inpdip                                                                
|RSTDIP: rstdip                                                                
|INPTRA: inptraj                                                               


 Here is the input file:

                                                                               
&cntrl                                                                         
    imin = 1, maxcyc=1000,                                                     
    ntx = 1,                                                                   
    ntwr = 100, ntpr = 100,                                                    
    cut = 999.0,                                                               
    ntb = 0, igb = 8,                                                          
    ntr = 1, restraint_wt = 10, restraintmask = "!@H=",                        
/                                                                              

--------------------------------------------------------------------------------
   1.  RESOURCE   USE: 
--------------------------------------------------------------------------------

| Flags:                                                                        
| New format PARM file being parsed.
| Version =    1.000 Date = 02/03/16 Time = 11:47:42
 NATOM  =    1590 NTYPES =      14 NBONH =     791 MBONA  =     820
 NTHETH =    1812 MTHETA =    1115 NPHIH =    3578 MPHIA  =    3525
 NHPARM =       0 NPARM  =       0 NNB   =    8805 NRES   =     104
 NBONA  =     820 NTHETA =    1115 NPHIA =    3525 NUMBND =      65
 NUMANG =     152 NPTRA  =     189 NATYP =      33 NPHB   =       0
 IFBOX  =       0 NMXRS  =      24 IFCAP =       0 NEXTRA =       0
 NCOPY  =       0

 Implicit solvent radii are ArgH and AspGluO modified Bondi2 radii (mbondi3)                                
 Replacing prmtop screening parameters with GBn2 (igb=8) values

|     Memory Use     Allocated
|     Real              145027
|     Hollerith           4876
|     Integer           109197
|     Max Pairs              1
|     nblistReal             0
|     nblist Int             0
|       Total             1578 kbytes

| Note: 1-4 EEL scale factors are being read from the topology file.

| Note: 1-4 VDW scale factors are being read from the topology file.
| Duplicated    0 dihedrals
| Duplicated    0 dihedrals

--------------------------------------------------------------------------------
   2.  CONTROL  DATA  FOR  THE  RUN
--------------------------------------------------------------------------------

default_name                                                                    

General flags:
     imin    =       1, nmropt  =       0

Nature and format of input:
     ntx     =       1, irest   =       0, ntrx    =       1

Nature and format of output:
     ntxo    =       1, ntpr    =     100, ntrx    =       1, ntwr    =     100
     iwrap   =       0, ntwx    =       0, ntwv    =       0, ntwe    =       0
     ioutfm  =       0, ntwprt  =       0, idecomp =       0, rbornstat=      0

Potential function:
     ntf     =       1, ntb     =       0, igb     =       8, nsnb    =      25
     ipol    =       0, gbsa    =       0, iesp    =       0
     dielc   =   1.00000, cut     = 999.00000, intdiel =   1.00000
     saltcon =   0.00000, offset  =   0.19514, surften =   0.00500
     rdt     =   0.00000, rgbmax  =  25.00000  extdiel =  78.50000
     alpb  =        0
     gbalphaH  =   0.78844, gbbetaH   =   0.79870,  gbgammaH  =    0.43733
     gbalphaC  =   0.73376, gbbetaC   =   0.50638,  gbgammaC  =    0.20584
     gbalphaN  =   0.50336, gbbetaN   =   0.31683,  gbgammaN  =    0.19292
     gbalphaOS =   0.86781, gbbetaOS  =   0.87664,  gbgammaOS =    0.38788
     gbalphaP  =   1.00000, gbbetaP   =   0.80000,  gbgammaP  =    4.85000
     gb_alpha_hnu  =   0.53705, gb_beta_hnu   =   0.36286,  gb_gamma_hnu  =    0.11670
     gb_alpha_cnu  =   0.33167, gb_beta_cnu   =   0.19684,  gb_gamma_cnu  =    0.09342
     gb_alpha_nnu  =   0.68631, gb_beta_nnu   =   0.46319,  gb_gamma_nnu  =    0.13872
     gb_alpha_onu  =   0.60634, gb_beta_onu   =   0.46301,  gb_gamma_onu  =    0.14226
     gb_alpha_pnu  =   0.41836, gb_beta_pnu   =   0.29005,  gb_gamma_pnu  =    0.10642

Frozen or restrained atoms:
     ibelly  =       0, ntr     =       1
     restraint_wt =  10.00000

Energy minimization:
     maxcyc  =    1000, ncyc    =      10, ntmin   =       1
     dx0     =   0.01000, drms    =   0.00010
|  INFO: Old style inpcrd file read


    LOADING THE CONSTRAINED ATOMS AS GROUPS


   5.  REFERENCE ATOM COORDINATES

  defa
     Mask !@H=; matches   799 atoms

--------------------------------------------------------------------------------
   3.  ATOMIC COORDINATES AND VELOCITIES
--------------------------------------------------------------------------------

default_name                                                                    
 begin time read from input coords =     0.000 ps

 Number of triangulated 3-point waters found:        0

--------------------------------------------------------------------------------
   4.  RESULTS
--------------------------------------------------------------------------------



   NSTEP       ENERGY          RMS            GMAX         NAME    NUMBER
      1      -2.2105E+03     9.1449E+00     6.9500E+01     OXT      1590

 BOND    =       70.9072  ANGLE   =      211.4460  DIHED      =     1078.6176
 VDWAALS =     -658.4221  EEL     =    -7230.6763  EGB        =    -1835.8864
 1-4 VDW =      442.7446  1-4 EEL =     5710.7828  RESTRAINT  =        0.0000


   NSTEP       ENERGY          RMS            GMAX         NAME    NUMBER
    100      -2.5850E+03     2.2941E-01     3.8896E+00     HB       1383

 BOND    =       31.2512  ANGLE   =      205.6246  DIHED      =     1081.7633
 VDWAALS =     -801.8783  EEL     =    -7250.4524  EGB        =    -1847.9154
 1-4 VDW =      332.7292  1-4 EEL =     5622.8712  RESTRAINT  =       41.0356
 EAMBER  =    -2626.0066


   NSTEP       ENERGY          RMS            GMAX         NAME    NUMBER
    200      -2.5889E+03     1.9983E-01     2.3716E+00     CE2       650

 BOND    =       31.3072  ANGLE   =      206.5032  DIHED      =     1081.1592
 VDWAALS =     -805.0113  EEL     =    -7253.2795  EGB        =    -1848.5347
 1-4 VDW =      332.4213  1-4 EEL =     5623.3903  RESTRAINT  =       43.1005
 EAMBER  =    -2632.0444


   NSTEP       ENERGY          RMS            GMAX         NAME    NUMBER
    300      -2.5897E+03     3.0525E-02     4.2686E-01     CD       1260

 BOND    =       30.8850  ANGLE   =      205.7517  DIHED      =     1080.6656
 VDWAALS =     -805.1761  EEL     =    -7253.3415  EGB        =    -1848.2999
 1-4 VDW =      333.3470  1-4 EEL =     5623.6141  RESTRAINT  =       42.8127
 EAMBER  =    -2632.5541


   NSTEP       ENERGY          RMS            GMAX         NAME    NUMBER
    400      -2.5898E+03     2.0771E-01     7.7741E+00     HG1       605

 BOND    =       31.2355  ANGLE   =      206.2773  DIHED      =     1081.4350
 VDWAALS =     -805.6076  EEL     =    -7253.0167  EGB        =    -1849.1255
 1-4 VDW =      332.8239  1-4 EEL =     5622.8999  RESTRAINT  =       43.2371
 EAMBER  =    -2633.0780


   NSTEP       ENERGY          RMS            GMAX         NAME    NUMBER
    500      -2.5949E+03     2.7378E-02     6.6597E-01     OG1       604

 BOND    =       30.9705  ANGLE   =      205.9756  DIHED      =     1080.3516
 VDWAALS =     -803.8870  EEL     =    -7257.7248  EGB        =    -1850.0337
 1-4 VDW =      333.3686  1-4 EEL =     5623.6632  RESTRAINT  =       42.4173
 EAMBER  =    -2637.3160


   NSTEP       ENERGY          RMS            GMAX         NAME    NUMBER
    600      -2.5949E+03     3.7548E-03     6.4648E-02     OG1       604

 BOND    =       30.9099  ANGLE   =      205.8690  DIHED      =     1080.4072
 VDWAALS =     -803.8149  EEL     =    -7257.6693  EGB        =    -1850.4175
 1-4 VDW =      333.5437  1-4 EEL =     5623.9460  RESTRAINT  =       42.2788
 EAMBER  =    -2637.2258


   NSTEP       ENERGY          RMS            GMAX         NAME    NUMBER
    700      -2.5949E+03     4.9666E-04     7.4288E-03     CD       1119

 BOND    =       30.9052  ANGLE   =      205.8561  DIHED      =     1080.4340
 VDWAALS =     -803.8067  EEL     =    -7257.6282  EGB        =    -1850.5644
 1-4 VDW =      333.5632  1-4 EEL =     5624.0242  RESTRAINT  =       42.2681
 EAMBER  =    -2637.2167


                    FINAL RESULTS



   NSTEP       ENERGY          RMS            GMAX         NAME    NUMBER
    797      -2.5949E+03     9.3991E-05     2.4536E-03     HG1      1213

 BOND    =       30.9048  ANGLE   =      205.8554  DIHED      =     1080.4353
 VDWAALS =     -803.8055  EEL     =    -7257.6255  EGB        =    -1850.5753
 1-4 VDW =      333.5644  1-4 EEL =     5624.0304  RESTRAINT  =       42.2675
 EAMBER  =    -2637.2162

--------------------------------------------------------------------------------
   5.  TIMINGS
--------------------------------------------------------------------------------

|                Calc gb radii             45.79 (20.18% of Gen B)
|                Calc gb diag              84.60 (37.29% of Gen B)
|                Calc gb off-diag          96.47 (42.52% of Gen B)
|             Gen Born time            226.86 (100.0% of Nonbo)
|          Nonbond force            226.86 (99.28% of Force)
|          Bond/Angle/Dihedral        1.64 ( 0.72% of Force)
|          Other                      0.01 ( 0.01% of Force)
|       Force time               228.51 (100.0% of Runmd)
|    Runmd Time               228.51 (99.71% of Total)
|    Other                      0.65 ( 0.28% of Total)
| Total time               229.17 (100.0% of ALL  )

| Number of list builds   :          0

| Highest rstack allocated:          0
| Highest istack allocated:          0
|           Job began  at 14:18:29.232  on 02/03/2016
|           Setup done at 14:18:29.333  on 02/03/2016
|           Run   done at 14:22:18.401  on 02/03/2016
|     wallclock() was called   14374 times
