
          -------------------------------------------------------
          Amber 14 SANDER                              2014
          -------------------------------------------------------

| Run on 02/03/2016 at 15:06:45

|   Executable path: sander
| Working directory: /lustre/cs1500/scratch/kmb413/RealDecoyDisc/DecoyDiscrimination/decoys.set2.init/1aaj/Rosetta_relaxed
|          Hostname: slepner15


File Assignments:
|  MDIN: /scratch/kmb413/RealDecoyDisc/DecoyDiscrimination/scripts/min/min.in  
| MDOUT: NoH_5_empty_tag_1_780_0001.out                                        
|INPCRD: NoH_5_empty_tag_1_780_0001.rst7                                       
|  PARM: NoH_5_empty_tag_1_780_0001.parm7                                      
|RESTRT: min_NoH_5_empty_tag_1_780_0001.rst7                                   
|  REFC: NoH_5_empty_tag_1_780_0001.rst7                                       
| MDVEL: mdvel                                                                 
| MDFRC: mdfrc                                                                 
|  MDEN: mden                                                                  
| MDCRD: mdcrd                                                                 
|MDINFO: mdinfo                                                                
|  MTMD: mtmd                                                                  
|INPDIP: inpdip                                                                
|RSTDIP: rstdip                                                                
|INPTRA: inptraj                                                               


 Here is the input file:

                                                                               
&cntrl                                                                         
    imin = 1, maxcyc=1000,                                                     
    ntx = 1,                                                                   
    ntwr = 100, ntpr = 100,                                                    
    cut = 999.0,                                                               
    ntb = 0, igb = 8,                                                          
    ntr = 1, restraint_wt = 10, restraintmask = "!@H=",                        
/                                                                              

--------------------------------------------------------------------------------
   1.  RESOURCE   USE: 
--------------------------------------------------------------------------------

| Flags:                                                                        
| New format PARM file being parsed.
| Version =    1.000 Date = 02/03/16 Time = 11:53:19
 NATOM  =    1590 NTYPES =      14 NBONH =     791 MBONA  =     820
 NTHETH =    1812 MTHETA =    1115 NPHIH =    3578 MPHIA  =    3525
 NHPARM =       0 NPARM  =       0 NNB   =    8805 NRES   =     104
 NBONA  =     820 NTHETA =    1115 NPHIA =    3525 NUMBND =      65
 NUMANG =     152 NPTRA  =     189 NATYP =      33 NPHB   =       0
 IFBOX  =       0 NMXRS  =      24 IFCAP =       0 NEXTRA =       0
 NCOPY  =       0

 Implicit solvent radii are ArgH and AspGluO modified Bondi2 radii (mbondi3)                                
 Replacing prmtop screening parameters with GBn2 (igb=8) values

|     Memory Use     Allocated
|     Real              145027
|     Hollerith           4876
|     Integer           109197
|     Max Pairs              1
|     nblistReal             0
|     nblist Int             0
|       Total             1578 kbytes

| Note: 1-4 EEL scale factors are being read from the topology file.

| Note: 1-4 VDW scale factors are being read from the topology file.
| Duplicated    0 dihedrals
| Duplicated    0 dihedrals

--------------------------------------------------------------------------------
   2.  CONTROL  DATA  FOR  THE  RUN
--------------------------------------------------------------------------------

default_name                                                                    

General flags:
     imin    =       1, nmropt  =       0

Nature and format of input:
     ntx     =       1, irest   =       0, ntrx    =       1

Nature and format of output:
     ntxo    =       1, ntpr    =     100, ntrx    =       1, ntwr    =     100
     iwrap   =       0, ntwx    =       0, ntwv    =       0, ntwe    =       0
     ioutfm  =       0, ntwprt  =       0, idecomp =       0, rbornstat=      0

Potential function:
     ntf     =       1, ntb     =       0, igb     =       8, nsnb    =      25
     ipol    =       0, gbsa    =       0, iesp    =       0
     dielc   =   1.00000, cut     = 999.00000, intdiel =   1.00000
     saltcon =   0.00000, offset  =   0.19514, surften =   0.00500
     rdt     =   0.00000, rgbmax  =  25.00000  extdiel =  78.50000
     alpb  =        0
     gbalphaH  =   0.78844, gbbetaH   =   0.79870,  gbgammaH  =    0.43733
     gbalphaC  =   0.73376, gbbetaC   =   0.50638,  gbgammaC  =    0.20584
     gbalphaN  =   0.50336, gbbetaN   =   0.31683,  gbgammaN  =    0.19292
     gbalphaOS =   0.86781, gbbetaOS  =   0.87664,  gbgammaOS =    0.38788
     gbalphaP  =   1.00000, gbbetaP   =   0.80000,  gbgammaP  =    4.85000
     gb_alpha_hnu  =   0.53705, gb_beta_hnu   =   0.36286,  gb_gamma_hnu  =    0.11670
     gb_alpha_cnu  =   0.33167, gb_beta_cnu   =   0.19684,  gb_gamma_cnu  =    0.09342
     gb_alpha_nnu  =   0.68631, gb_beta_nnu   =   0.46319,  gb_gamma_nnu  =    0.13872
     gb_alpha_onu  =   0.60634, gb_beta_onu   =   0.46301,  gb_gamma_onu  =    0.14226
     gb_alpha_pnu  =   0.41836, gb_beta_pnu   =   0.29005,  gb_gamma_pnu  =    0.10642

Frozen or restrained atoms:
     ibelly  =       0, ntr     =       1
     restraint_wt =  10.00000

Energy minimization:
     maxcyc  =    1000, ncyc    =      10, ntmin   =       1
     dx0     =   0.01000, drms    =   0.00010
|  INFO: Old style inpcrd file read


    LOADING THE CONSTRAINED ATOMS AS GROUPS


   5.  REFERENCE ATOM COORDINATES

  defa
     Mask !@H=; matches   799 atoms

--------------------------------------------------------------------------------
   3.  ATOMIC COORDINATES AND VELOCITIES
--------------------------------------------------------------------------------

default_name                                                                    
 begin time read from input coords =     0.000 ps

 Number of triangulated 3-point waters found:        0

--------------------------------------------------------------------------------
   4.  RESULTS
--------------------------------------------------------------------------------



   NSTEP       ENERGY          RMS            GMAX         NAME    NUMBER
      1      -2.2099E+03     9.1164E+00     6.3243E+01     OE1       945

 BOND    =       71.9450  ANGLE   =      211.8051  DIHED      =     1073.5121
 VDWAALS =     -683.2420  EEL     =    -7311.2934  EGB        =    -1692.8956
 1-4 VDW =      439.7397  1-4 EEL =     5680.5286  RESTRAINT  =        0.0000


   NSTEP       ENERGY          RMS            GMAX         NAME    NUMBER
    100      -2.5773E+03     3.3780E-01     2.4790E+00     CE2       650

 BOND    =       30.7179  ANGLE   =      207.2250  DIHED      =     1078.9621
 VDWAALS =     -818.6061  EEL     =    -7331.3822  EGB        =    -1711.2312
 1-4 VDW =      329.4871  1-4 EEL =     5595.8262  RESTRAINT  =       41.7327
 EAMBER  =    -2619.0012


   NSTEP       ENERGY          RMS            GMAX         NAME    NUMBER
    200      -2.5916E+03     5.5777E-01     8.6937E+00     C        1588

 BOND    =       32.4187  ANGLE   =      211.3377  DIHED      =     1076.7686
 VDWAALS =     -820.1371  EEL     =    -7344.5002  EGB        =    -1711.4765
 1-4 VDW =      326.2204  1-4 EEL =     5592.8473  RESTRAINT  =       44.8909
 EAMBER  =    -2636.5211


   NSTEP       ENERGY          RMS            GMAX         NAME    NUMBER
    300      -2.5962E+03     2.2232E-02     1.5719E-01     CE2       650

 BOND    =       30.8912  ANGLE   =      207.1857  DIHED      =     1074.1814
 VDWAALS =     -818.8096  EEL     =    -7347.5120  EGB        =    -1710.4377
 1-4 VDW =      329.8379  1-4 EEL =     5596.3271  RESTRAINT  =       42.1305
 EAMBER  =    -2638.3362


   NSTEP       ENERGY          RMS            GMAX         NAME    NUMBER
    400      -2.5962E+03     3.4804E-03     3.9145E-02     C        1390

 BOND    =       30.8477  ANGLE   =      207.0715  DIHED      =     1074.0986
 VDWAALS =     -818.8511  EEL     =    -7347.4602  EGB        =    -1710.3498
 1-4 VDW =      329.9753  1-4 EEL =     5596.3279  RESTRAINT  =       42.1099
 EAMBER  =    -2638.3399


   NSTEP       ENERGY          RMS            GMAX         NAME    NUMBER
    500      -2.5962E+03     9.1175E-04     9.5809E-03     CB        628

 BOND    =       30.8379  ANGLE   =      207.0451  DIHED      =     1074.0880
 VDWAALS =     -818.8661  EEL     =    -7347.4580  EGB        =    -1710.3297
 1-4 VDW =      330.0060  1-4 EEL =     5596.3324  RESTRAINT  =       42.1121
 EAMBER  =    -2638.3444


   NSTEP       ENERGY          RMS            GMAX         NAME    NUMBER
    600      -2.5962E+03     1.2829E-03     2.0812E-02     CD       1119

 BOND    =       30.8360  ANGLE   =      207.0423  DIHED      =     1074.0890
 VDWAALS =     -818.8675  EEL     =    -7347.4608  EGB        =    -1710.3255
 1-4 VDW =      330.0100  1-4 EEL =     5596.3320  RESTRAINT  =       42.1119
 EAMBER  =    -2638.3444

     ... RESTARTED DUE TO LINMIN FAILURE ...


   NSTEP       ENERGY          RMS            GMAX         NAME    NUMBER
    700      -2.5962E+03     6.4437E-04     1.0061E-02     O         607

 BOND    =       30.8369  ANGLE   =      207.0406  DIHED      =     1074.0895
 VDWAALS =     -818.8693  EEL     =    -7347.4594  EGB        =    -1710.3253
 1-4 VDW =      330.0104  1-4 EEL =     5596.3307  RESTRAINT  =       42.1133
 EAMBER  =    -2638.3458


                    FINAL RESULTS



   NSTEP       ENERGY          RMS            GMAX         NAME    NUMBER
    718      -2.5962E+03     6.7614E-05     4.9512E-04     N        1378

 BOND    =       30.8368  ANGLE   =      207.0414  DIHED      =     1074.0893
 VDWAALS =     -818.8694  EEL     =    -7347.4601  EGB        =    -1710.3254
 1-4 VDW =      330.0103  1-4 EEL =     5596.3313  RESTRAINT  =       42.1134
 EAMBER  =    -2638.3459

--------------------------------------------------------------------------------
   5.  TIMINGS
--------------------------------------------------------------------------------

|                Calc gb radii             42.54 (20.47% of Gen B)
|                Calc gb diag              79.06 (38.04% of Gen B)
|                Calc gb off-diag          86.22 (41.49% of Gen B)
|             Gen Born time            207.82 (100.0% of Nonbo)
|          Nonbond force            207.82 (99.29% of Force)
|          Bond/Angle/Dihedral        1.47 ( 0.70% of Force)
|          Other                      0.01 ( 0.01% of Force)
|       Force time               209.30 (100.0% of Runmd)
|    Runmd Time               209.30 (99.75% of Total)
|    Other                      0.52 ( 0.25% of Total)
| Total time               209.83 (100.0% of ALL  )

| Number of list builds   :          0

| Highest rstack allocated:          0
| Highest istack allocated:          0
|           Job began  at 15:06:45.821  on 02/03/2016
|           Setup done at 15:06:45.871  on 02/03/2016
|           Run   done at 15:10:15.652  on 02/03/2016
|     wallclock() was called   12952 times
