
          -------------------------------------------------------
          Amber 14 SANDER                              2014
          -------------------------------------------------------

| Run on 02/03/2016 at 14:25:33

|   Executable path: sander
| Working directory: /lustre/cs1500/scratch/kmb413/RealDecoyDisc/DecoyDiscrimination/decoys.set2.init/1aaj/Rosetta_relaxed
|          Hostname: slepner25


File Assignments:
|  MDIN: /scratch/kmb413/RealDecoyDisc/DecoyDiscrimination/scripts/min/min.in  
| MDOUT: NoH_4_empty_tag_1337_0001_0001.out                                    
|INPCRD: NoH_4_empty_tag_1337_0001_0001.rst7                                   
|  PARM: NoH_4_empty_tag_1337_0001_0001.parm7                                  
|RESTRT: min_NoH_4_empty_tag_1337_0001_0001.rst7                               
|  REFC: NoH_4_empty_tag_1337_0001_0001.rst7                                   
| MDVEL: mdvel                                                                 
| MDFRC: mdfrc                                                                 
|  MDEN: mden                                                                  
| MDCRD: mdcrd                                                                 
|MDINFO: mdinfo                                                                
|  MTMD: mtmd                                                                  
|INPDIP: inpdip                                                                
|RSTDIP: rstdip                                                                
|INPTRA: inptraj                                                               


 Here is the input file:

                                                                               
&cntrl                                                                         
    imin = 1, maxcyc=1000,                                                     
    ntx = 1,                                                                   
    ntwr = 100, ntpr = 100,                                                    
    cut = 999.0,                                                               
    ntb = 0, igb = 8,                                                          
    ntr = 1, restraint_wt = 10, restraintmask = "!@H=",                        
/                                                                              

--------------------------------------------------------------------------------
   1.  RESOURCE   USE: 
--------------------------------------------------------------------------------

| Flags:                                                                        
| New format PARM file being parsed.
| Version =    1.000 Date = 02/03/16 Time = 11:50:52
 NATOM  =    1590 NTYPES =      14 NBONH =     791 MBONA  =     820
 NTHETH =    1812 MTHETA =    1115 NPHIH =    3578 MPHIA  =    3525
 NHPARM =       0 NPARM  =       0 NNB   =    8805 NRES   =     104
 NBONA  =     820 NTHETA =    1115 NPHIA =    3525 NUMBND =      65
 NUMANG =     152 NPTRA  =     189 NATYP =      33 NPHB   =       0
 IFBOX  =       0 NMXRS  =      24 IFCAP =       0 NEXTRA =       0
 NCOPY  =       0

 Implicit solvent radii are ArgH and AspGluO modified Bondi2 radii (mbondi3)                                
 Replacing prmtop screening parameters with GBn2 (igb=8) values

|     Memory Use     Allocated
|     Real              145027
|     Hollerith           4876
|     Integer           109197
|     Max Pairs              1
|     nblistReal             0
|     nblist Int             0
|       Total             1578 kbytes

| Note: 1-4 EEL scale factors are being read from the topology file.

| Note: 1-4 VDW scale factors are being read from the topology file.
| Duplicated    0 dihedrals
| Duplicated    0 dihedrals

--------------------------------------------------------------------------------
   2.  CONTROL  DATA  FOR  THE  RUN
--------------------------------------------------------------------------------

default_name                                                                    

General flags:
     imin    =       1, nmropt  =       0

Nature and format of input:
     ntx     =       1, irest   =       0, ntrx    =       1

Nature and format of output:
     ntxo    =       1, ntpr    =     100, ntrx    =       1, ntwr    =     100
     iwrap   =       0, ntwx    =       0, ntwv    =       0, ntwe    =       0
     ioutfm  =       0, ntwprt  =       0, idecomp =       0, rbornstat=      0

Potential function:
     ntf     =       1, ntb     =       0, igb     =       8, nsnb    =      25
     ipol    =       0, gbsa    =       0, iesp    =       0
     dielc   =   1.00000, cut     = 999.00000, intdiel =   1.00000
     saltcon =   0.00000, offset  =   0.19514, surften =   0.00500
     rdt     =   0.00000, rgbmax  =  25.00000  extdiel =  78.50000
     alpb  =        0
     gbalphaH  =   0.78844, gbbetaH   =   0.79870,  gbgammaH  =    0.43733
     gbalphaC  =   0.73376, gbbetaC   =   0.50638,  gbgammaC  =    0.20584
     gbalphaN  =   0.50336, gbbetaN   =   0.31683,  gbgammaN  =    0.19292
     gbalphaOS =   0.86781, gbbetaOS  =   0.87664,  gbgammaOS =    0.38788
     gbalphaP  =   1.00000, gbbetaP   =   0.80000,  gbgammaP  =    4.85000
     gb_alpha_hnu  =   0.53705, gb_beta_hnu   =   0.36286,  gb_gamma_hnu  =    0.11670
     gb_alpha_cnu  =   0.33167, gb_beta_cnu   =   0.19684,  gb_gamma_cnu  =    0.09342
     gb_alpha_nnu  =   0.68631, gb_beta_nnu   =   0.46319,  gb_gamma_nnu  =    0.13872
     gb_alpha_onu  =   0.60634, gb_beta_onu   =   0.46301,  gb_gamma_onu  =    0.14226
     gb_alpha_pnu  =   0.41836, gb_beta_pnu   =   0.29005,  gb_gamma_pnu  =    0.10642

Frozen or restrained atoms:
     ibelly  =       0, ntr     =       1
     restraint_wt =  10.00000

Energy minimization:
     maxcyc  =    1000, ncyc    =      10, ntmin   =       1
     dx0     =   0.01000, drms    =   0.00010
|  INFO: Old style inpcrd file read


    LOADING THE CONSTRAINED ATOMS AS GROUPS


   5.  REFERENCE ATOM COORDINATES

  defa
     Mask !@H=; matches   799 atoms

--------------------------------------------------------------------------------
   3.  ATOMIC COORDINATES AND VELOCITIES
--------------------------------------------------------------------------------

default_name                                                                    
 begin time read from input coords =     0.000 ps

 Number of triangulated 3-point waters found:        0

--------------------------------------------------------------------------------
   4.  RESULTS
--------------------------------------------------------------------------------



   NSTEP       ENERGY          RMS            GMAX         NAME    NUMBER
      1      -2.2529E+03     9.0175E+00     6.3269E+01     OE1       945

 BOND    =       70.1599  ANGLE   =      211.2363  DIHED      =     1085.1205
 VDWAALS =     -665.1372  EEL     =    -7008.4104  EGB        =    -2109.1960
 1-4 VDW =      437.6255  1-4 EEL =     5725.6820  RESTRAINT  =        0.0000


   NSTEP       ENERGY          RMS            GMAX         NAME    NUMBER
    100      -2.5933E+03     2.9355E-01     4.0305E+00     CG        589

 BOND    =       30.3871  ANGLE   =      202.7227  DIHED      =     1087.0728
 VDWAALS =     -791.6750  EEL     =    -7007.1862  EGB        =    -2129.4503
 1-4 VDW =      330.1878  1-4 EEL =     5645.4822  RESTRAINT  =       39.1751
 EAMBER  =    -2632.4591


   NSTEP       ENERGY          RMS            GMAX         NAME    NUMBER
    200      -2.5975E+03     1.5524E-01     2.2273E+00     HG1      1389

 BOND    =       30.5311  ANGLE   =      203.5955  DIHED      =     1086.8551
 VDWAALS =     -794.6836  EEL     =    -7014.9247  EGB        =    -2125.3433
 1-4 VDW =      329.5610  1-4 EEL =     5645.7986  RESTRAINT  =       41.0950
 EAMBER  =    -2638.6104


   NSTEP       ENERGY          RMS            GMAX         NAME    NUMBER
    300      -2.6000E+03     4.5617E-02     8.8509E-01     CG        589

 BOND    =       30.3151  ANGLE   =      203.0231  DIHED      =     1084.7248
 VDWAALS =     -795.3915  EEL     =    -7015.7360  EGB        =    -2124.6224
 1-4 VDW =      330.3320  1-4 EEL =     5646.3667  RESTRAINT  =       40.9691
 EAMBER  =    -2640.9881


   NSTEP       ENERGY          RMS            GMAX         NAME    NUMBER
    400      -2.6054E+03     1.4938E-01     2.9723E+00     HG1       605

 BOND    =       30.7816  ANGLE   =      203.7216  DIHED      =     1085.0321
 VDWAALS =     -794.3069  EEL     =    -7020.3542  EGB        =    -2126.4897
 1-4 VDW =      329.5521  1-4 EEL =     5645.5378  RESTRAINT  =       41.0969
 EAMBER  =    -2646.5256


   NSTEP       ENERGY          RMS            GMAX         NAME    NUMBER
    500      -2.6107E+03     2.8230E-02     4.0635E-01     CZ3       655

 BOND    =       30.4404  ANGLE   =      203.1898  DIHED      =     1083.8572
 VDWAALS =     -792.8042  EEL     =    -7023.9349  EGB        =    -2128.2171
 1-4 VDW =      330.4142  1-4 EEL =     5646.1313  RESTRAINT  =       40.2410
 EAMBER  =    -2650.9234


   NSTEP       ENERGY          RMS            GMAX         NAME    NUMBER
    600      -2.6107E+03     2.2785E-03     2.9713E-02     CG2       630

 BOND    =       30.3996  ANGLE   =      203.1127  DIHED      =     1083.8775
 VDWAALS =     -792.7940  EEL     =    -7023.8695  EGB        =    -2128.3036
 1-4 VDW =      330.5318  1-4 EEL =     5646.1581  RESTRAINT  =       40.1947
 EAMBER  =    -2650.8874


   NSTEP       ENERGY          RMS            GMAX         NAME    NUMBER
    700      -2.6107E+03     4.4762E-04     7.7243E-03     CE2       650

 BOND    =       30.3948  ANGLE   =      203.1012  DIHED      =     1083.8857
 VDWAALS =     -792.7948  EEL     =    -7023.8595  EGB        =    -2128.3357
 1-4 VDW =      330.5516  1-4 EEL =     5646.1760  RESTRAINT  =       40.1877
 EAMBER  =    -2650.8807


                    FINAL RESULTS



   NSTEP       ENERGY          RMS            GMAX         NAME    NUMBER
    796      -2.6107E+03     8.9574E-05     1.3911E-03     HD13      332

 BOND    =       30.3947  ANGLE   =      203.1012  DIHED      =     1083.8858
 VDWAALS =     -792.7958  EEL     =    -7023.8597  EGB        =    -2128.3374
 1-4 VDW =      330.5521  1-4 EEL =     5646.1778  RESTRAINT  =       40.1882
 EAMBER  =    -2650.8812

--------------------------------------------------------------------------------
   5.  TIMINGS
--------------------------------------------------------------------------------

|                Calc gb radii             47.35 (20.39% of Gen B)
|                Calc gb diag              87.40 (37.64% of Gen B)
|                Calc gb off-diag          97.44 (41.97% of Gen B)
|             Gen Born time            232.19 (100.0% of Nonbo)
|          Nonbond force            232.19 (99.29% of Force)
|          Bond/Angle/Dihedral        1.65 ( 0.71% of Force)
|          Other                      0.01 ( 0.01% of Force)
|       Force time               233.85 (100.0% of Runmd)
|    Runmd Time               233.85 (99.53% of Total)
|    Other                      1.11 ( 0.47% of Total)
| Total time               234.96 (100.0% of ALL  )

| Number of list builds   :          0

| Highest rstack allocated:          0
| Highest istack allocated:          0
|           Job began  at 14:25:33.542  on 02/03/2016
|           Setup done at 14:25:33.650  on 02/03/2016
|           Run   done at 14:29:28.505  on 02/03/2016
|     wallclock() was called   14356 times
