
          -------------------------------------------------------
          Amber 14 SANDER                              2014
          -------------------------------------------------------

| Run on 02/03/2016 at 12:22:08

|   Executable path: sander
| Working directory: /lustre/cs1500/scratch/kmb413/RealDecoyDisc/DecoyDiscrimination/decoys.set2.init/1aaj/Rosetta_relaxed
|          Hostname: slepner13


File Assignments:
|  MDIN: /scratch/kmb413/RealDecoyDisc/DecoyDiscrimination/scripts/min/min.in  
| MDOUT: NoH_2_empty_tag_1023_0001_0001.out                                    
|INPCRD: NoH_2_empty_tag_1023_0001_0001.rst7                                   
|  PARM: NoH_2_empty_tag_1023_0001_0001.parm7                                  
|RESTRT: min_NoH_2_empty_tag_1023_0001_0001.rst7                               
|  REFC: NoH_2_empty_tag_1023_0001_0001.rst7                                   
| MDVEL: mdvel                                                                 
| MDFRC: mdfrc                                                                 
|  MDEN: mden                                                                  
| MDCRD: mdcrd                                                                 
|MDINFO: mdinfo                                                                
|  MTMD: mtmd                                                                  
|INPDIP: inpdip                                                                
|RSTDIP: rstdip                                                                
|INPTRA: inptraj                                                               


 Here is the input file:

                                                                               
&cntrl                                                                         
    imin = 1, maxcyc=1000,                                                     
    ntx = 1,                                                                   
    ntwr = 100, ntpr = 100,                                                    
    cut = 999.0,                                                               
    ntb = 0, igb = 8,                                                          
    ntr = 1, restraint_wt = 10, restraintmask = "!@H=",                        
/                                                                              

--------------------------------------------------------------------------------
   1.  RESOURCE   USE: 
--------------------------------------------------------------------------------

| Flags:                                                                        
| New format PARM file being parsed.
| Version =    1.000 Date = 02/03/16 Time = 11:46:18
 NATOM  =    1590 NTYPES =      14 NBONH =     791 MBONA  =     820
 NTHETH =    1812 MTHETA =    1115 NPHIH =    3578 MPHIA  =    3525
 NHPARM =       0 NPARM  =       0 NNB   =    8805 NRES   =     104
 NBONA  =     820 NTHETA =    1115 NPHIA =    3525 NUMBND =      65
 NUMANG =     152 NPTRA  =     189 NATYP =      33 NPHB   =       0
 IFBOX  =       0 NMXRS  =      24 IFCAP =       0 NEXTRA =       0
 NCOPY  =       0

 Implicit solvent radii are ArgH and AspGluO modified Bondi2 radii (mbondi3)                                
 Replacing prmtop screening parameters with GBn2 (igb=8) values

|     Memory Use     Allocated
|     Real              145027
|     Hollerith           4876
|     Integer           109197
|     Max Pairs              1
|     nblistReal             0
|     nblist Int             0
|       Total             1578 kbytes

| Note: 1-4 EEL scale factors are being read from the topology file.

| Note: 1-4 VDW scale factors are being read from the topology file.
| Duplicated    0 dihedrals
| Duplicated    0 dihedrals

--------------------------------------------------------------------------------
   2.  CONTROL  DATA  FOR  THE  RUN
--------------------------------------------------------------------------------

default_name                                                                    

General flags:
     imin    =       1, nmropt  =       0

Nature and format of input:
     ntx     =       1, irest   =       0, ntrx    =       1

Nature and format of output:
     ntxo    =       1, ntpr    =     100, ntrx    =       1, ntwr    =     100
     iwrap   =       0, ntwx    =       0, ntwv    =       0, ntwe    =       0
     ioutfm  =       0, ntwprt  =       0, idecomp =       0, rbornstat=      0

Potential function:
     ntf     =       1, ntb     =       0, igb     =       8, nsnb    =      25
     ipol    =       0, gbsa    =       0, iesp    =       0
     dielc   =   1.00000, cut     = 999.00000, intdiel =   1.00000
     saltcon =   0.00000, offset  =   0.19514, surften =   0.00500
     rdt     =   0.00000, rgbmax  =  25.00000  extdiel =  78.50000
     alpb  =        0
     gbalphaH  =   0.78844, gbbetaH   =   0.79870,  gbgammaH  =    0.43733
     gbalphaC  =   0.73376, gbbetaC   =   0.50638,  gbgammaC  =    0.20584
     gbalphaN  =   0.50336, gbbetaN   =   0.31683,  gbgammaN  =    0.19292
     gbalphaOS =   0.86781, gbbetaOS  =   0.87664,  gbgammaOS =    0.38788
     gbalphaP  =   1.00000, gbbetaP   =   0.80000,  gbgammaP  =    4.85000
     gb_alpha_hnu  =   0.53705, gb_beta_hnu   =   0.36286,  gb_gamma_hnu  =    0.11670
     gb_alpha_cnu  =   0.33167, gb_beta_cnu   =   0.19684,  gb_gamma_cnu  =    0.09342
     gb_alpha_nnu  =   0.68631, gb_beta_nnu   =   0.46319,  gb_gamma_nnu  =    0.13872
     gb_alpha_onu  =   0.60634, gb_beta_onu   =   0.46301,  gb_gamma_onu  =    0.14226
     gb_alpha_pnu  =   0.41836, gb_beta_pnu   =   0.29005,  gb_gamma_pnu  =    0.10642

Frozen or restrained atoms:
     ibelly  =       0, ntr     =       1
     restraint_wt =  10.00000

Energy minimization:
     maxcyc  =    1000, ncyc    =      10, ntmin   =       1
     dx0     =   0.01000, drms    =   0.00010
|  INFO: Old style inpcrd file read


    LOADING THE CONSTRAINED ATOMS AS GROUPS


   5.  REFERENCE ATOM COORDINATES

  defa
     Mask !@H=; matches   799 atoms

--------------------------------------------------------------------------------
   3.  ATOMIC COORDINATES AND VELOCITIES
--------------------------------------------------------------------------------

default_name                                                                    
 begin time read from input coords =     0.000 ps

 Number of triangulated 3-point waters found:        0

--------------------------------------------------------------------------------
   4.  RESULTS
--------------------------------------------------------------------------------



   NSTEP       ENERGY          RMS            GMAX         NAME    NUMBER
      1      -2.2007E+03     9.0355E+00     6.2311E+01     OE1      1120

 BOND    =       68.8372  ANGLE   =      211.3526  DIHED      =     1076.8689
 VDWAALS =     -649.3702  EEL     =    -7330.5788  EGB        =    -1758.5865
 1-4 VDW =      439.3159  1-4 EEL =     5741.4411  RESTRAINT  =        0.0000


   NSTEP       ENERGY          RMS            GMAX         NAME    NUMBER
    100      -2.5763E+03     3.3413E-01     4.5702E+00     HB       1383

 BOND    =       31.6133  ANGLE   =      207.8441  DIHED      =     1078.0002
 VDWAALS =     -788.2628  EEL     =    -7369.0037  EGB        =    -1770.3711
 1-4 VDW =      329.0576  1-4 EEL =     5661.9942  RESTRAINT  =       42.8132
 EAMBER  =    -2619.1282


   NSTEP       ENERGY          RMS            GMAX         NAME    NUMBER
    200      -2.5806E+03     3.1009E-01     6.4916E+00     H2          3

 BOND    =       31.6911  ANGLE   =      208.8869  DIHED      =     1076.9248
 VDWAALS =     -790.6434  EEL     =    -7371.5462  EGB        =    -1771.7748
 1-4 VDW =      328.7238  1-4 EEL =     5662.1442  RESTRAINT  =       44.9528
 EAMBER  =    -2625.5936


   NSTEP       ENERGY          RMS            GMAX         NAME    NUMBER
    300      -2.5851E+03     3.3072E-01     7.2771E+00     HG1       635

 BOND    =       32.2935  ANGLE   =      210.0809  DIHED      =     1076.7562
 VDWAALS =     -790.4994  EEL     =    -7373.7635  EGB        =    -1773.8973
 1-4 VDW =      327.9211  1-4 EEL =     5660.4664  RESTRAINT  =       45.5602
 EAMBER  =    -2630.6421


   NSTEP       ENERGY          RMS            GMAX         NAME    NUMBER
    400      -2.5871E+03     1.2085E-02     1.3810E-01     CD       1585

 BOND    =       31.2396  ANGLE   =      207.9121  DIHED      =     1075.6334
 VDWAALS =     -789.1390  EEL     =    -7374.9414  EGB        =    -1773.7916
 1-4 VDW =      330.0184  1-4 EEL =     5662.0819  RESTRAINT  =       43.9211
 EAMBER  =    -2630.9865


   NSTEP       ENERGY          RMS            GMAX         NAME    NUMBER
    500      -2.5871E+03     2.9734E-03     4.6856E-02     CD        729

 BOND    =       31.2225  ANGLE   =      207.8757  DIHED      =     1075.6372
 VDWAALS =     -789.1473  EEL     =    -7374.9441  EGB        =    -1773.7985
 1-4 VDW =      330.0658  1-4 EEL =     5662.1109  RESTRAINT  =       43.9085
 EAMBER  =    -2630.9779


   NSTEP       ENERGY          RMS            GMAX         NAME    NUMBER
    600      -2.5871E+03     1.8791E-03     3.3719E-02     CD        944

 BOND    =       31.2222  ANGLE   =      207.8764  DIHED      =     1075.6390
 VDWAALS =     -789.1584  EEL     =    -7374.9544  EGB        =    -1773.7925
 1-4 VDW =      330.0693  1-4 EEL =     5662.1149  RESTRAINT  =       43.9137
 EAMBER  =    -2630.9835


   NSTEP       ENERGY          RMS            GMAX         NAME    NUMBER
    700      -2.5871E+03     1.0451E-03     1.1935E-02     CD       1585

 BOND    =       31.2181  ANGLE   =      207.8698  DIHED      =     1075.6366
 VDWAALS =     -789.1556  EEL     =    -7374.9540  EGB        =    -1773.7862
 1-4 VDW =      330.0768  1-4 EEL =     5662.1160  RESTRAINT  =       43.9085
 EAMBER  =    -2630.9785


   NSTEP       ENERGY          RMS            GMAX         NAME    NUMBER
    800      -2.5871E+03     3.0037E-04     3.9002E-03     CZ2       651

 BOND    =       31.2179  ANGLE   =      207.8707  DIHED      =     1075.6364
 VDWAALS =     -789.1571  EEL     =    -7374.9556  EGB        =    -1773.7852
 1-4 VDW =      330.0772  1-4 EEL =     5662.1164  RESTRAINT  =       43.9093
 EAMBER  =    -2630.9792


                    FINAL RESULTS



   NSTEP       ENERGY          RMS            GMAX         NAME    NUMBER
    875      -2.5871E+03     9.0776E-05     1.4818E-03     HD13      332

 BOND    =       31.2179  ANGLE   =      207.8709  DIHED      =     1075.6362
 VDWAALS =     -789.1577  EEL     =    -7374.9564  EGB        =    -1773.7846
 1-4 VDW =      330.0772  1-4 EEL =     5662.1168  RESTRAINT  =       43.9097
 EAMBER  =    -2630.9797

--------------------------------------------------------------------------------
   5.  TIMINGS
--------------------------------------------------------------------------------

|                Calc gb radii             50.97 (20.19% of Gen B)
|                Calc gb diag              94.27 (37.35% of Gen B)
|                Calc gb off-diag         107.18 (42.46% of Gen B)
|             Gen Born time            252.43 (100.0% of Nonbo)
|          Nonbond force            252.43 (99.28% of Force)
|          Bond/Angle/Dihedral        1.82 ( 0.71% of Force)
|          Other                      0.01 ( 0.01% of Force)
|       Force time               254.26 (100.0% of Runmd)
|    Runmd Time               254.26 (99.56% of Total)
|    Other                      1.13 ( 0.44% of Total)
| Total time               255.40 (100.0% of ALL  )

| Number of list builds   :          0

| Highest rstack allocated:          0
| Highest istack allocated:          0
|           Job began  at 12:22:08.168  on 02/03/2016
|           Setup done at 12:22:08.219  on 02/03/2016
|           Run   done at 12:26:23.565  on 02/03/2016
|     wallclock() was called   15778 times
