
          -------------------------------------------------------
          Amber 14 SANDER                              2014
          -------------------------------------------------------

| Run on 02/03/2016 at 13:39:39

|   Executable path: sander
| Working directory: /lustre/cs1500/scratch/kmb413/RealDecoyDisc/DecoyDiscrimination/decoys.set2.init/1aaj/Rosetta_relaxed
|          Hostname: slepner7


File Assignments:
|  MDIN: /scratch/kmb413/RealDecoyDisc/DecoyDiscrimination/scripts/min/min.in  
| MDOUT: NoH_1_empty_tag_1_562_0001.out                                        
|INPCRD: NoH_1_empty_tag_1_562_0001.rst7                                       
|  PARM: NoH_1_empty_tag_1_562_0001.parm7                                      
|RESTRT: min_NoH_1_empty_tag_1_562_0001.rst7                                   
|  REFC: NoH_1_empty_tag_1_562_0001.rst7                                       
| MDVEL: mdvel                                                                 
| MDFRC: mdfrc                                                                 
|  MDEN: mden                                                                  
| MDCRD: mdcrd                                                                 
|MDINFO: mdinfo                                                                
|  MTMD: mtmd                                                                  
|INPDIP: inpdip                                                                
|RSTDIP: rstdip                                                                
|INPTRA: inptraj                                                               


 Here is the input file:

                                                                               
&cntrl                                                                         
    imin = 1, maxcyc=1000,                                                     
    ntx = 1,                                                                   
    ntwr = 100, ntpr = 100,                                                    
    cut = 999.0,                                                               
    ntb = 0, igb = 8,                                                          
    ntr = 1, restraint_wt = 10, restraintmask = "!@H=",                        
/                                                                              

--------------------------------------------------------------------------------
   1.  RESOURCE   USE: 
--------------------------------------------------------------------------------

| Flags:                                                                        
| New format PARM file being parsed.
| Version =    1.000 Date = 02/03/16 Time = 11:45:12
 NATOM  =    1590 NTYPES =      14 NBONH =     791 MBONA  =     820
 NTHETH =    1812 MTHETA =    1115 NPHIH =    3578 MPHIA  =    3525
 NHPARM =       0 NPARM  =       0 NNB   =    8805 NRES   =     104
 NBONA  =     820 NTHETA =    1115 NPHIA =    3525 NUMBND =      65
 NUMANG =     152 NPTRA  =     189 NATYP =      33 NPHB   =       0
 IFBOX  =       0 NMXRS  =      24 IFCAP =       0 NEXTRA =       0
 NCOPY  =       0

 Implicit solvent radii are ArgH and AspGluO modified Bondi2 radii (mbondi3)                                
 Replacing prmtop screening parameters with GBn2 (igb=8) values

|     Memory Use     Allocated
|     Real              145027
|     Hollerith           4876
|     Integer           109197
|     Max Pairs              1
|     nblistReal             0
|     nblist Int             0
|       Total             1578 kbytes

| Note: 1-4 EEL scale factors are being read from the topology file.

| Note: 1-4 VDW scale factors are being read from the topology file.
| Duplicated    0 dihedrals
| Duplicated    0 dihedrals

--------------------------------------------------------------------------------
   2.  CONTROL  DATA  FOR  THE  RUN
--------------------------------------------------------------------------------

default_name                                                                    

General flags:
     imin    =       1, nmropt  =       0

Nature and format of input:
     ntx     =       1, irest   =       0, ntrx    =       1

Nature and format of output:
     ntxo    =       1, ntpr    =     100, ntrx    =       1, ntwr    =     100
     iwrap   =       0, ntwx    =       0, ntwv    =       0, ntwe    =       0
     ioutfm  =       0, ntwprt  =       0, idecomp =       0, rbornstat=      0

Potential function:
     ntf     =       1, ntb     =       0, igb     =       8, nsnb    =      25
     ipol    =       0, gbsa    =       0, iesp    =       0
     dielc   =   1.00000, cut     = 999.00000, intdiel =   1.00000
     saltcon =   0.00000, offset  =   0.19514, surften =   0.00500
     rdt     =   0.00000, rgbmax  =  25.00000  extdiel =  78.50000
     alpb  =        0
     gbalphaH  =   0.78844, gbbetaH   =   0.79870,  gbgammaH  =    0.43733
     gbalphaC  =   0.73376, gbbetaC   =   0.50638,  gbgammaC  =    0.20584
     gbalphaN  =   0.50336, gbbetaN   =   0.31683,  gbgammaN  =    0.19292
     gbalphaOS =   0.86781, gbbetaOS  =   0.87664,  gbgammaOS =    0.38788
     gbalphaP  =   1.00000, gbbetaP   =   0.80000,  gbgammaP  =    4.85000
     gb_alpha_hnu  =   0.53705, gb_beta_hnu   =   0.36286,  gb_gamma_hnu  =    0.11670
     gb_alpha_cnu  =   0.33167, gb_beta_cnu   =   0.19684,  gb_gamma_cnu  =    0.09342
     gb_alpha_nnu  =   0.68631, gb_beta_nnu   =   0.46319,  gb_gamma_nnu  =    0.13872
     gb_alpha_onu  =   0.60634, gb_beta_onu   =   0.46301,  gb_gamma_onu  =    0.14226
     gb_alpha_pnu  =   0.41836, gb_beta_pnu   =   0.29005,  gb_gamma_pnu  =    0.10642

Frozen or restrained atoms:
     ibelly  =       0, ntr     =       1
     restraint_wt =  10.00000

Energy minimization:
     maxcyc  =    1000, ncyc    =      10, ntmin   =       1
     dx0     =   0.01000, drms    =   0.00010
|  INFO: Old style inpcrd file read


    LOADING THE CONSTRAINED ATOMS AS GROUPS


   5.  REFERENCE ATOM COORDINATES

  defa
     Mask !@H=; matches   799 atoms

--------------------------------------------------------------------------------
   3.  ATOMIC COORDINATES AND VELOCITIES
--------------------------------------------------------------------------------

default_name                                                                    
 begin time read from input coords =     0.000 ps

 Number of triangulated 3-point waters found:        0

--------------------------------------------------------------------------------
   4.  RESULTS
--------------------------------------------------------------------------------



   NSTEP       ENERGY          RMS            GMAX         NAME    NUMBER
      1      -2.2249E+03     9.1271E+00     6.5267E+01     OE1      1586

 BOND    =       71.3220  ANGLE   =      211.4044  DIHED      =     1083.0523
 VDWAALS =     -647.5717  EEL     =    -7297.6900  EGB        =    -1794.2012
 1-4 VDW =      437.5840  1-4 EEL =     5711.2345  RESTRAINT  =        0.0000


   NSTEP       ENERGY          RMS            GMAX         NAME    NUMBER
    100      -2.5765E+03     3.2801E-01     3.0221E+00     CE2       650

 BOND    =       31.1514  ANGLE   =      206.6505  DIHED      =     1082.8730
 VDWAALS =     -787.8016  EEL     =    -7297.4502  EGB        =    -1809.1018
 1-4 VDW =      328.7436  1-4 EEL =     5628.6182  RESTRAINT  =       39.7945
 EAMBER  =    -2616.3170


   NSTEP       ENERGY          RMS            GMAX         NAME    NUMBER
    200      -2.5820E+03     1.1108E-01     1.0636E+00     HG1      1389

 BOND    =       31.0880  ANGLE   =      206.8242  DIHED      =     1082.0693
 VDWAALS =     -790.2013  EEL     =    -7300.9301  EGB        =    -1809.5873
 1-4 VDW =      329.1212  1-4 EEL =     5628.4079  RESTRAINT  =       41.1998
 EAMBER  =    -2623.2081


   NSTEP       ENERGY          RMS            GMAX         NAME    NUMBER
    300      -2.5853E+03     1.2544E-01     1.9865E+00     CD2       659

 BOND    =       31.0017  ANGLE   =      206.6801  DIHED      =     1080.6219
 VDWAALS =     -791.0251  EEL     =    -7307.8628  EGB        =    -1805.3968
 1-4 VDW =      329.3849  1-4 EEL =     5629.7212  RESTRAINT  =       41.6005
 EAMBER  =    -2626.8749


   NSTEP       ENERGY          RMS            GMAX         NAME    NUMBER
    400      -2.5856E+03     1.6776E-02     2.7992E-01     CD        193

 BOND    =       30.8713  ANGLE   =      206.1593  DIHED      =     1080.5309
 VDWAALS =     -791.0891  EEL     =    -7309.4448  EGB        =    -1804.3754
 1-4 VDW =      329.8395  1-4 EEL =     5630.4009  RESTRAINT  =       41.5163
 EAMBER  =    -2627.1075


   NSTEP       ENERGY          RMS            GMAX         NAME    NUMBER
    500      -2.5856E+03     1.8567E-03     1.7609E-02     SG       1374

 BOND    =       30.8608  ANGLE   =      206.1256  DIHED      =     1080.5666
 VDWAALS =     -791.1409  EEL     =    -7309.5319  EGB        =    -1804.3199
 1-4 VDW =      329.8863  1-4 EEL =     5630.4157  RESTRAINT  =       41.5410
 EAMBER  =    -2627.1377


   NSTEP       ENERGY          RMS            GMAX         NAME    NUMBER
    600      -2.5856E+03     6.8135E-04     1.2877E-02     CD        193

 BOND    =       30.8585  ANGLE   =      206.1207  DIHED      =     1080.5777
 VDWAALS =     -791.1591  EEL     =    -7309.5327  EGB        =    -1804.3154
 1-4 VDW =      329.8961  1-4 EEL =     5630.4107  RESTRAINT  =       41.5463
 EAMBER  =    -2627.1437


   NSTEP       ENERGY          RMS            GMAX         NAME    NUMBER
    700      -2.5856E+03     5.2279E-04     9.1841E-03     CB       1382

 BOND    =       30.8575  ANGLE   =      206.1170  DIHED      =     1080.5801
 VDWAALS =     -791.1617  EEL     =    -7309.5305  EGB        =    -1804.3146
 1-4 VDW =      329.9004  1-4 EEL =     5630.4083  RESTRAINT  =       41.5461
 EAMBER  =    -2627.1435


                    FINAL RESULTS



   NSTEP       ENERGY          RMS            GMAX         NAME    NUMBER
    790      -2.5856E+03     9.9364E-05     1.1021E-03     O        1405

 BOND    =       30.8576  ANGLE   =      206.1166  DIHED      =     1080.5828
 VDWAALS =     -791.1670  EEL     =    -7309.5304  EGB        =    -1804.3135
 1-4 VDW =      329.9012  1-4 EEL =     5630.4070  RESTRAINT  =       41.5483
 EAMBER  =    -2627.1457

--------------------------------------------------------------------------------
   5.  TIMINGS
--------------------------------------------------------------------------------

|                Calc gb radii             46.43 (20.37% of Gen B)
|                Calc gb diag              85.70 (37.60% of Gen B)
|                Calc gb off-diag          95.78 (42.02% of Gen B)
|             Gen Born time            227.92 (100.0% of Nonbo)
|          Nonbond force            227.92 (99.28% of Force)
|          Bond/Angle/Dihedral        1.63 ( 0.71% of Force)
|          Other                      0.01 ( 0.01% of Force)
|       Force time               229.56 (100.0% of Runmd)
|    Runmd Time               229.56 (99.78% of Total)
|    Other                      0.50 ( 0.22% of Total)
| Total time               230.06 (100.0% of ALL  )

| Number of list builds   :          0

| Highest rstack allocated:          0
| Highest istack allocated:          0
|           Job began  at 13:39:39.133  on 02/03/2016
|           Setup done at 13:39:39.298  on 02/03/2016
|           Run   done at 13:43:29.194  on 02/03/2016
|     wallclock() was called   14248 times
