
          -------------------------------------------------------
          Amber 14 SANDER                              2014
          -------------------------------------------------------

| Run on 02/03/2016 at 12:50:15

|   Executable path: sander
| Working directory: /lustre/cs1500/scratch/kmb413/RealDecoyDisc/DecoyDiscrimination/decoys.set2.init/1aaj/Rosetta_relaxed
|          Hostname: slepner7


File Assignments:
|  MDIN: /scratch/kmb413/RealDecoyDisc/DecoyDiscrimination/scripts/min/min.in  
| MDOUT: NoH_1_empty_tag_1_971_0001.out                                        
|INPCRD: NoH_1_empty_tag_1_971_0001.rst7                                       
|  PARM: NoH_1_empty_tag_1_971_0001.parm7                                      
|RESTRT: min_NoH_1_empty_tag_1_971_0001.rst7                                   
|  REFC: NoH_1_empty_tag_1_971_0001.rst7                                       
| MDVEL: mdvel                                                                 
| MDFRC: mdfrc                                                                 
|  MDEN: mden                                                                  
| MDCRD: mdcrd                                                                 
|MDINFO: mdinfo                                                                
|  MTMD: mtmd                                                                  
|INPDIP: inpdip                                                                
|RSTDIP: rstdip                                                                
|INPTRA: inptraj                                                               


 Here is the input file:

                                                                               
&cntrl                                                                         
    imin = 1, maxcyc=1000,                                                     
    ntx = 1,                                                                   
    ntwr = 100, ntpr = 100,                                                    
    cut = 999.0,                                                               
    ntb = 0, igb = 8,                                                          
    ntr = 1, restraint_wt = 10, restraintmask = "!@H=",                        
/                                                                              

--------------------------------------------------------------------------------
   1.  RESOURCE   USE: 
--------------------------------------------------------------------------------

| Flags:                                                                        
| New format PARM file being parsed.
| Version =    1.000 Date = 02/03/16 Time = 11:45:37
 NATOM  =    1590 NTYPES =      14 NBONH =     791 MBONA  =     820
 NTHETH =    1812 MTHETA =    1115 NPHIH =    3578 MPHIA  =    3525
 NHPARM =       0 NPARM  =       0 NNB   =    8805 NRES   =     104
 NBONA  =     820 NTHETA =    1115 NPHIA =    3525 NUMBND =      65
 NUMANG =     152 NPTRA  =     189 NATYP =      33 NPHB   =       0
 IFBOX  =       0 NMXRS  =      24 IFCAP =       0 NEXTRA =       0
 NCOPY  =       0

 Implicit solvent radii are ArgH and AspGluO modified Bondi2 radii (mbondi3)                                
 Replacing prmtop screening parameters with GBn2 (igb=8) values

|     Memory Use     Allocated
|     Real              145027
|     Hollerith           4876
|     Integer           109197
|     Max Pairs              1
|     nblistReal             0
|     nblist Int             0
|       Total             1578 kbytes

| Note: 1-4 EEL scale factors are being read from the topology file.

| Note: 1-4 VDW scale factors are being read from the topology file.
| Duplicated    0 dihedrals
| Duplicated    0 dihedrals

--------------------------------------------------------------------------------
   2.  CONTROL  DATA  FOR  THE  RUN
--------------------------------------------------------------------------------

default_name                                                                    

General flags:
     imin    =       1, nmropt  =       0

Nature and format of input:
     ntx     =       1, irest   =       0, ntrx    =       1

Nature and format of output:
     ntxo    =       1, ntpr    =     100, ntrx    =       1, ntwr    =     100
     iwrap   =       0, ntwx    =       0, ntwv    =       0, ntwe    =       0
     ioutfm  =       0, ntwprt  =       0, idecomp =       0, rbornstat=      0

Potential function:
     ntf     =       1, ntb     =       0, igb     =       8, nsnb    =      25
     ipol    =       0, gbsa    =       0, iesp    =       0
     dielc   =   1.00000, cut     = 999.00000, intdiel =   1.00000
     saltcon =   0.00000, offset  =   0.19514, surften =   0.00500
     rdt     =   0.00000, rgbmax  =  25.00000  extdiel =  78.50000
     alpb  =        0
     gbalphaH  =   0.78844, gbbetaH   =   0.79870,  gbgammaH  =    0.43733
     gbalphaC  =   0.73376, gbbetaC   =   0.50638,  gbgammaC  =    0.20584
     gbalphaN  =   0.50336, gbbetaN   =   0.31683,  gbgammaN  =    0.19292
     gbalphaOS =   0.86781, gbbetaOS  =   0.87664,  gbgammaOS =    0.38788
     gbalphaP  =   1.00000, gbbetaP   =   0.80000,  gbgammaP  =    4.85000
     gb_alpha_hnu  =   0.53705, gb_beta_hnu   =   0.36286,  gb_gamma_hnu  =    0.11670
     gb_alpha_cnu  =   0.33167, gb_beta_cnu   =   0.19684,  gb_gamma_cnu  =    0.09342
     gb_alpha_nnu  =   0.68631, gb_beta_nnu   =   0.46319,  gb_gamma_nnu  =    0.13872
     gb_alpha_onu  =   0.60634, gb_beta_onu   =   0.46301,  gb_gamma_onu  =    0.14226
     gb_alpha_pnu  =   0.41836, gb_beta_pnu   =   0.29005,  gb_gamma_pnu  =    0.10642

Frozen or restrained atoms:
     ibelly  =       0, ntr     =       1
     restraint_wt =  10.00000

Energy minimization:
     maxcyc  =    1000, ncyc    =      10, ntmin   =       1
     dx0     =   0.01000, drms    =   0.00010
|  INFO: Old style inpcrd file read


    LOADING THE CONSTRAINED ATOMS AS GROUPS


   5.  REFERENCE ATOM COORDINATES

  defa
     Mask !@H=; matches   799 atoms

--------------------------------------------------------------------------------
   3.  ATOMIC COORDINATES AND VELOCITIES
--------------------------------------------------------------------------------

default_name                                                                    
 begin time read from input coords =     0.000 ps

 Number of triangulated 3-point waters found:        0

--------------------------------------------------------------------------------
   4.  RESULTS
--------------------------------------------------------------------------------



   NSTEP       ENERGY          RMS            GMAX         NAME    NUMBER
      1      -2.1852E+03     9.1914E+00     6.3641E+01     OXT      1590

 BOND    =       71.4316  ANGLE   =      211.4556  DIHED      =     1085.3498
 VDWAALS =     -668.9121  EEL     =    -7194.1731  EGB        =    -1829.5517
 1-4 VDW =      439.2664  1-4 EEL =     5699.9452  RESTRAINT  =        0.0000


   NSTEP       ENERGY          RMS            GMAX         NAME    NUMBER
    100      -2.5696E+03     4.3645E-01     7.5661E+00     CG        589

 BOND    =       31.7211  ANGLE   =      207.5825  DIHED      =     1088.2952
 VDWAALS =     -818.2793  EEL     =    -7221.2789  EGB        =    -1846.7434
 1-4 VDW =      328.9015  1-4 EEL =     5616.5574  RESTRAINT  =       43.6782
 EAMBER  =    -2613.2439


   NSTEP       ENERGY          RMS            GMAX         NAME    NUMBER
    200      -2.5776E+03     9.5544E-02     1.3071E+00     H2          3

 BOND    =       31.4260  ANGLE   =      207.5877  DIHED      =     1086.7222
 VDWAALS =     -819.9226  EEL     =    -7226.0688  EGB        =    -1847.6404
 1-4 VDW =      329.7563  1-4 EEL =     5615.7032  RESTRAINT  =       44.7988
 EAMBER  =    -2622.4365


   NSTEP       ENERGY          RMS            GMAX         NAME    NUMBER
    300      -2.5793E+03     2.1038E-02     4.7008E-01     CE3       657

 BOND    =       31.0978  ANGLE   =      206.9707  DIHED      =     1084.8481
 VDWAALS =     -819.7437  EEL     =    -7225.3214  EGB        =    -1847.9390
 1-4 VDW =      330.5701  1-4 EEL =     5615.7674  RESTRAINT  =       44.4462
 EAMBER  =    -2623.7500


   NSTEP       ENERGY          RMS            GMAX         NAME    NUMBER
    400      -2.5793E+03     1.6077E-03     2.2801E-02     CB          7

 BOND    =       31.0733  ANGLE   =      206.9329  DIHED      =     1084.8178
 VDWAALS =     -819.7651  EEL     =    -7225.2980  EGB        =    -1847.9372
 1-4 VDW =      330.6376  1-4 EEL =     5615.7852  RESTRAINT  =       44.4263
 EAMBER  =    -2623.7536


   NSTEP       ENERGY          RMS            GMAX         NAME    NUMBER
    500      -2.5793E+03     5.2483E-04     6.4386E-03     CB          7

 BOND    =       31.0733  ANGLE   =      206.9315  DIHED      =     1084.8214
 VDWAALS =     -819.7754  EEL     =    -7225.3067  EGB        =    -1847.9279
 1-4 VDW =      330.6409  1-4 EEL =     5615.7838  RESTRAINT  =       44.4313
 EAMBER  =    -2623.7590


   NSTEP       ENERGY          RMS            GMAX         NAME    NUMBER
    600      -2.5793E+03     2.7019E-04     3.2221E-03     HG21     1385

 BOND    =       31.0718  ANGLE   =      206.9278  DIHED      =     1084.8226
 VDWAALS =     -819.7771  EEL     =    -7225.3096  EGB        =    -1847.9242
 1-4 VDW =      330.6460  1-4 EEL =     5615.7847  RESTRAINT  =       44.4303
 EAMBER  =    -2623.7581


                    FINAL RESULTS



   NSTEP       ENERGY          RMS            GMAX         NAME    NUMBER
    697      -2.5793E+03     8.2830E-05     8.6434E-04     HZ3       403

 BOND    =       31.0718  ANGLE   =      206.9275  DIHED      =     1084.8232
 VDWAALS =     -819.7786  EEL     =    -7225.3108  EGB        =    -1847.9230
 1-4 VDW =      330.6462  1-4 EEL =     5615.7847  RESTRAINT  =       44.4310
 EAMBER  =    -2623.7588

--------------------------------------------------------------------------------
   5.  TIMINGS
--------------------------------------------------------------------------------

|                Calc gb radii             40.97 (20.39% of Gen B)
|                Calc gb diag              75.74 (37.69% of Gen B)
|                Calc gb off-diag          84.23 (41.92% of Gen B)
|             Gen Born time            200.95 (100.0% of Nonbo)
|          Nonbond force            200.95 (99.28% of Force)
|          Bond/Angle/Dihedral        1.44 ( 0.71% of Force)
|          Other                      0.01 ( 0.01% of Force)
|       Force time               202.40 (100.0% of Runmd)
|    Runmd Time               202.40 (99.66% of Total)
|    Other                      0.68 ( 0.33% of Total)
| Total time               203.08 (100.0% of ALL  )

| Number of list builds   :          0

| Highest rstack allocated:          0
| Highest istack allocated:          0
|           Job began  at 12:50:15.162  on 02/03/2016
|           Setup done at 12:50:15.223  on 02/03/2016
|           Run   done at 12:53:38.246  on 02/03/2016
|     wallclock() was called   12574 times
