
          -------------------------------------------------------
          Amber 14 SANDER                              2014
          -------------------------------------------------------

| Run on 02/03/2016 at 13:06:44

|   Executable path: sander
| Working directory: /lustre/cs1500/scratch/kmb413/RealDecoyDisc/DecoyDiscrimination/decoys.set2.init/1aaj/Rosetta_relaxed
|          Hostname: slepner43


File Assignments:
|  MDIN: /scratch/kmb413/RealDecoyDisc/DecoyDiscrimination/scripts/min/min.in  
| MDOUT: NoH_5_empty_tag_1_458_0001.out                                        
|INPCRD: NoH_5_empty_tag_1_458_0001.rst7                                       
|  PARM: NoH_5_empty_tag_1_458_0001.parm7                                      
|RESTRT: min_NoH_5_empty_tag_1_458_0001.rst7                                   
|  REFC: NoH_5_empty_tag_1_458_0001.rst7                                       
| MDVEL: mdvel                                                                 
| MDFRC: mdfrc                                                                 
|  MDEN: mden                                                                  
| MDCRD: mdcrd                                                                 
|MDINFO: mdinfo                                                                
|  MTMD: mtmd                                                                  
|INPDIP: inpdip                                                                
|RSTDIP: rstdip                                                                
|INPTRA: inptraj                                                               


 Here is the input file:

                                                                               
&cntrl                                                                         
    imin = 1, maxcyc=1000,                                                     
    ntx = 1,                                                                   
    ntwr = 100, ntpr = 100,                                                    
    cut = 999.0,                                                               
    ntb = 0, igb = 8,                                                          
    ntr = 1, restraint_wt = 10, restraintmask = "!@H=",                        
/                                                                              

--------------------------------------------------------------------------------
   1.  RESOURCE   USE: 
--------------------------------------------------------------------------------

| Flags:                                                                        
| New format PARM file being parsed.
| Version =    1.000 Date = 02/03/16 Time = 11:52:54
 NATOM  =    1590 NTYPES =      14 NBONH =     791 MBONA  =     820
 NTHETH =    1812 MTHETA =    1115 NPHIH =    3578 MPHIA  =    3525
 NHPARM =       0 NPARM  =       0 NNB   =    8805 NRES   =     104
 NBONA  =     820 NTHETA =    1115 NPHIA =    3525 NUMBND =      65
 NUMANG =     152 NPTRA  =     189 NATYP =      33 NPHB   =       0
 IFBOX  =       0 NMXRS  =      24 IFCAP =       0 NEXTRA =       0
 NCOPY  =       0

 Implicit solvent radii are ArgH and AspGluO modified Bondi2 radii (mbondi3)                                
 Replacing prmtop screening parameters with GBn2 (igb=8) values

|     Memory Use     Allocated
|     Real              145027
|     Hollerith           4876
|     Integer           109197
|     Max Pairs              1
|     nblistReal             0
|     nblist Int             0
|       Total             1578 kbytes

| Note: 1-4 EEL scale factors are being read from the topology file.

| Note: 1-4 VDW scale factors are being read from the topology file.
| Duplicated    0 dihedrals
| Duplicated    0 dihedrals

--------------------------------------------------------------------------------
   2.  CONTROL  DATA  FOR  THE  RUN
--------------------------------------------------------------------------------

default_name                                                                    

General flags:
     imin    =       1, nmropt  =       0

Nature and format of input:
     ntx     =       1, irest   =       0, ntrx    =       1

Nature and format of output:
     ntxo    =       1, ntpr    =     100, ntrx    =       1, ntwr    =     100
     iwrap   =       0, ntwx    =       0, ntwv    =       0, ntwe    =       0
     ioutfm  =       0, ntwprt  =       0, idecomp =       0, rbornstat=      0

Potential function:
     ntf     =       1, ntb     =       0, igb     =       8, nsnb    =      25
     ipol    =       0, gbsa    =       0, iesp    =       0
     dielc   =   1.00000, cut     = 999.00000, intdiel =   1.00000
     saltcon =   0.00000, offset  =   0.19514, surften =   0.00500
     rdt     =   0.00000, rgbmax  =  25.00000  extdiel =  78.50000
     alpb  =        0
     gbalphaH  =   0.78844, gbbetaH   =   0.79870,  gbgammaH  =    0.43733
     gbalphaC  =   0.73376, gbbetaC   =   0.50638,  gbgammaC  =    0.20584
     gbalphaN  =   0.50336, gbbetaN   =   0.31683,  gbgammaN  =    0.19292
     gbalphaOS =   0.86781, gbbetaOS  =   0.87664,  gbgammaOS =    0.38788
     gbalphaP  =   1.00000, gbbetaP   =   0.80000,  gbgammaP  =    4.85000
     gb_alpha_hnu  =   0.53705, gb_beta_hnu   =   0.36286,  gb_gamma_hnu  =    0.11670
     gb_alpha_cnu  =   0.33167, gb_beta_cnu   =   0.19684,  gb_gamma_cnu  =    0.09342
     gb_alpha_nnu  =   0.68631, gb_beta_nnu   =   0.46319,  gb_gamma_nnu  =    0.13872
     gb_alpha_onu  =   0.60634, gb_beta_onu   =   0.46301,  gb_gamma_onu  =    0.14226
     gb_alpha_pnu  =   0.41836, gb_beta_pnu   =   0.29005,  gb_gamma_pnu  =    0.10642

Frozen or restrained atoms:
     ibelly  =       0, ntr     =       1
     restraint_wt =  10.00000

Energy minimization:
     maxcyc  =    1000, ncyc    =      10, ntmin   =       1
     dx0     =   0.01000, drms    =   0.00010
|  INFO: Old style inpcrd file read


    LOADING THE CONSTRAINED ATOMS AS GROUPS


   5.  REFERENCE ATOM COORDINATES

  defa
     Mask !@H=; matches   799 atoms

--------------------------------------------------------------------------------
   3.  ATOMIC COORDINATES AND VELOCITIES
--------------------------------------------------------------------------------

default_name                                                                    
 begin time read from input coords =     0.000 ps

 Number of triangulated 3-point waters found:        0

--------------------------------------------------------------------------------
   4.  RESULTS
--------------------------------------------------------------------------------



   NSTEP       ENERGY          RMS            GMAX         NAME    NUMBER
      1      -2.1944E+03     9.0077E+00     6.0613E+01     OE1      1120

 BOND    =       69.4060  ANGLE   =      211.2862  DIHED      =     1079.1646
 VDWAALS =     -645.8644  EEL     =    -7092.7492  EGB        =    -1969.0744
 1-4 VDW =      433.3826  1-4 EEL =     5720.0470  RESTRAINT  =        0.0000


   NSTEP       ENERGY          RMS            GMAX         NAME    NUMBER
    100      -2.5530E+03     4.0996E-01     6.0505E+00     CD        480

 BOND    =       31.0399  ANGLE   =      205.4736  DIHED      =     1082.3309
 VDWAALS =     -776.9243  EEL     =    -7124.4823  EGB        =    -1987.0306
 1-4 VDW =      326.9693  1-4 EEL =     5646.9603  RESTRAINT  =       42.6134
 EAMBER  =    -2595.6631


   NSTEP       ENERGY          RMS            GMAX         NAME    NUMBER
    200      -2.5609E+03     1.4607E-01     1.1759E+00     H2          3

 BOND    =       30.9520  ANGLE   =      205.6342  DIHED      =     1081.3004
 VDWAALS =     -779.7506  EEL     =    -7134.8487  EGB        =    -1982.4804
 1-4 VDW =      326.8926  1-4 EEL =     5647.7031  RESTRAINT  =       43.6927
 EAMBER  =    -2604.5975


   NSTEP       ENERGY          RMS            GMAX         NAME    NUMBER
    300      -2.5676E+03     1.0992E-01     1.0822E+00     H2          3

 BOND    =       30.9510  ANGLE   =      205.4026  DIHED      =     1078.7676
 VDWAALS =     -779.0614  EEL     =    -7140.7155  EGB        =    -1982.2307
 1-4 VDW =      327.2798  1-4 EEL =     5648.4731  RESTRAINT  =       43.5403
 EAMBER  =    -2611.1336


   NSTEP       ENERGY          RMS            GMAX         NAME    NUMBER
    400      -2.5682E+03     7.7170E-03     1.5210E-01     H1          2

 BOND    =       30.7655  ANGLE   =      205.0065  DIHED      =     1078.0969
 VDWAALS =     -779.0625  EEL     =    -7140.1898  EGB        =    -1982.6403
 1-4 VDW =      327.7617  1-4 EEL =     5648.8069  RESTRAINT  =       43.2784
 EAMBER  =    -2611.4552


   NSTEP       ENERGY          RMS            GMAX         NAME    NUMBER
    500      -2.5682E+03     9.2829E-04     1.2208E-02     N          25

 BOND    =       30.7521  ANGLE   =      204.9948  DIHED      =     1078.0747
 VDWAALS =     -779.0792  EEL     =    -7140.1677  EGB        =    -1982.6669
 1-4 VDW =      327.8034  1-4 EEL =     5648.8347  RESTRAINT  =       43.2688
 EAMBER  =    -2611.4541


   NSTEP       ENERGY          RMS            GMAX         NAME    NUMBER
    600      -2.5682E+03     4.1491E-04     4.7323E-03     C          47

 BOND    =       30.7507  ANGLE   =      204.9933  DIHED      =     1078.0724
 VDWAALS =     -779.0834  EEL     =    -7140.1641  EGB        =    -1982.6672
 1-4 VDW =      327.8091  1-4 EEL =     5648.8358  RESTRAINT  =       43.2679
 EAMBER  =    -2611.4534


   NSTEP       ENERGY          RMS            GMAX         NAME    NUMBER
    700      -2.5682E+03     1.4587E-04     1.7593E-03     HD2        14

 BOND    =       30.7506  ANGLE   =      204.9933  DIHED      =     1078.0720
 VDWAALS =     -779.0840  EEL     =    -7140.1642  EGB        =    -1982.6675
 1-4 VDW =      327.8094  1-4 EEL =     5648.8366  RESTRAINT  =       43.2684
 EAMBER  =    -2611.4539


                    FINAL RESULTS



   NSTEP       ENERGY          RMS            GMAX         NAME    NUMBER
    722      -2.5682E+03     9.3229E-05     1.2390E-03     OG1       604

 BOND    =       30.7505  ANGLE   =      204.9934  DIHED      =     1078.0719
 VDWAALS =     -779.0841  EEL     =    -7140.1642  EGB        =    -1982.6676
 1-4 VDW =      327.8094  1-4 EEL =     5648.8367  RESTRAINT  =       43.2686
 EAMBER  =    -2611.4541

--------------------------------------------------------------------------------
   5.  TIMINGS
--------------------------------------------------------------------------------

|                Calc gb radii             42.09 (20.12% of Gen B)
|                Calc gb diag              77.88 (37.23% of Gen B)
|                Calc gb off-diag          89.21 (42.65% of Gen B)
|             Gen Born time            209.18 (100.0% of Nonbo)
|          Nonbond force            209.18 (99.28% of Force)
|          Bond/Angle/Dihedral        1.50 ( 0.71% of Force)
|          Other                      0.01 ( 0.01% of Force)
|       Force time               210.69 (100.0% of Runmd)
|    Runmd Time               210.69 (99.73% of Total)
|    Other                      0.57 ( 0.27% of Total)
| Total time               211.27 (100.0% of ALL  )

| Number of list builds   :          0

| Highest rstack allocated:          0
| Highest istack allocated:          0
|           Job began  at 13:06:44.086  on 02/03/2016
|           Setup done at 13:06:44.136  on 02/03/2016
|           Run   done at 13:10:15.354  on 02/03/2016
|     wallclock() was called   13024 times
