
          -------------------------------------------------------
          Amber 14 SANDER                              2014
          -------------------------------------------------------

| Run on 02/03/2016 at 14:51:10

|   Executable path: sander
| Working directory: /lustre/cs1500/scratch/kmb413/RealDecoyDisc/DecoyDiscrimination/decoys.set2.init/1aaj/Rosetta_relaxed
|          Hostname: slepner13


File Assignments:
|  MDIN: /scratch/kmb413/RealDecoyDisc/DecoyDiscrimination/scripts/min/min.in  
| MDOUT: NoH_4_empty_tag_1231_0001_0001.out                                    
|INPCRD: NoH_4_empty_tag_1231_0001_0001.rst7                                   
|  PARM: NoH_4_empty_tag_1231_0001_0001.parm7                                  
|RESTRT: min_NoH_4_empty_tag_1231_0001_0001.rst7                               
|  REFC: NoH_4_empty_tag_1231_0001_0001.rst7                                   
| MDVEL: mdvel                                                                 
| MDFRC: mdfrc                                                                 
|  MDEN: mden                                                                  
| MDCRD: mdcrd                                                                 
|MDINFO: mdinfo                                                                
|  MTMD: mtmd                                                                  
|INPDIP: inpdip                                                                
|RSTDIP: rstdip                                                                
|INPTRA: inptraj                                                               


 Here is the input file:

                                                                               
&cntrl                                                                         
    imin = 1, maxcyc=1000,                                                     
    ntx = 1,                                                                   
    ntwr = 100, ntpr = 100,                                                    
    cut = 999.0,                                                               
    ntb = 0, igb = 8,                                                          
    ntr = 1, restraint_wt = 10, restraintmask = "!@H=",                        
/                                                                              

--------------------------------------------------------------------------------
   1.  RESOURCE   USE: 
--------------------------------------------------------------------------------

| Flags:                                                                        
| New format PARM file being parsed.
| Version =    1.000 Date = 02/03/16 Time = 11:50:40
 NATOM  =    1590 NTYPES =      14 NBONH =     791 MBONA  =     820
 NTHETH =    1812 MTHETA =    1115 NPHIH =    3578 MPHIA  =    3525
 NHPARM =       0 NPARM  =       0 NNB   =    8805 NRES   =     104
 NBONA  =     820 NTHETA =    1115 NPHIA =    3525 NUMBND =      65
 NUMANG =     152 NPTRA  =     189 NATYP =      33 NPHB   =       0
 IFBOX  =       0 NMXRS  =      24 IFCAP =       0 NEXTRA =       0
 NCOPY  =       0

 Implicit solvent radii are ArgH and AspGluO modified Bondi2 radii (mbondi3)                                
 Replacing prmtop screening parameters with GBn2 (igb=8) values

|     Memory Use     Allocated
|     Real              145027
|     Hollerith           4876
|     Integer           109197
|     Max Pairs              1
|     nblistReal             0
|     nblist Int             0
|       Total             1578 kbytes

| Note: 1-4 EEL scale factors are being read from the topology file.

| Note: 1-4 VDW scale factors are being read from the topology file.
| Duplicated    0 dihedrals
| Duplicated    0 dihedrals

--------------------------------------------------------------------------------
   2.  CONTROL  DATA  FOR  THE  RUN
--------------------------------------------------------------------------------

default_name                                                                    

General flags:
     imin    =       1, nmropt  =       0

Nature and format of input:
     ntx     =       1, irest   =       0, ntrx    =       1

Nature and format of output:
     ntxo    =       1, ntpr    =     100, ntrx    =       1, ntwr    =     100
     iwrap   =       0, ntwx    =       0, ntwv    =       0, ntwe    =       0
     ioutfm  =       0, ntwprt  =       0, idecomp =       0, rbornstat=      0

Potential function:
     ntf     =       1, ntb     =       0, igb     =       8, nsnb    =      25
     ipol    =       0, gbsa    =       0, iesp    =       0
     dielc   =   1.00000, cut     = 999.00000, intdiel =   1.00000
     saltcon =   0.00000, offset  =   0.19514, surften =   0.00500
     rdt     =   0.00000, rgbmax  =  25.00000  extdiel =  78.50000
     alpb  =        0
     gbalphaH  =   0.78844, gbbetaH   =   0.79870,  gbgammaH  =    0.43733
     gbalphaC  =   0.73376, gbbetaC   =   0.50638,  gbgammaC  =    0.20584
     gbalphaN  =   0.50336, gbbetaN   =   0.31683,  gbgammaN  =    0.19292
     gbalphaOS =   0.86781, gbbetaOS  =   0.87664,  gbgammaOS =    0.38788
     gbalphaP  =   1.00000, gbbetaP   =   0.80000,  gbgammaP  =    4.85000
     gb_alpha_hnu  =   0.53705, gb_beta_hnu   =   0.36286,  gb_gamma_hnu  =    0.11670
     gb_alpha_cnu  =   0.33167, gb_beta_cnu   =   0.19684,  gb_gamma_cnu  =    0.09342
     gb_alpha_nnu  =   0.68631, gb_beta_nnu   =   0.46319,  gb_gamma_nnu  =    0.13872
     gb_alpha_onu  =   0.60634, gb_beta_onu   =   0.46301,  gb_gamma_onu  =    0.14226
     gb_alpha_pnu  =   0.41836, gb_beta_pnu   =   0.29005,  gb_gamma_pnu  =    0.10642

Frozen or restrained atoms:
     ibelly  =       0, ntr     =       1
     restraint_wt =  10.00000

Energy minimization:
     maxcyc  =    1000, ncyc    =      10, ntmin   =       1
     dx0     =   0.01000, drms    =   0.00010
|  INFO: Old style inpcrd file read


    LOADING THE CONSTRAINED ATOMS AS GROUPS


   5.  REFERENCE ATOM COORDINATES

  defa
     Mask !@H=; matches   799 atoms

--------------------------------------------------------------------------------
   3.  ATOMIC COORDINATES AND VELOCITIES
--------------------------------------------------------------------------------

default_name                                                                    
 begin time read from input coords =     0.000 ps

 Number of triangulated 3-point waters found:        0

--------------------------------------------------------------------------------
   4.  RESULTS
--------------------------------------------------------------------------------



   NSTEP       ENERGY          RMS            GMAX         NAME    NUMBER
      1      -2.2094E+03     9.0274E+00     6.2058E+01     OE1       945

 BOND    =       68.4148  ANGLE   =      211.3320  DIHED      =     1079.3044
 VDWAALS =     -659.0079  EEL     =    -7342.9602  EGB        =    -1711.6796
 1-4 VDW =      445.0946  1-4 EEL =     5700.0829  RESTRAINT  =        0.0000


   NSTEP       ENERGY          RMS            GMAX         NAME    NUMBER
    100      -2.5844E+03     4.3196E-01     3.5674E+00     CE2       650

 BOND    =       30.7481  ANGLE   =      209.1630  DIHED      =     1082.4429
 VDWAALS =     -809.8661  EEL     =    -7361.9971  EGB        =    -1727.5333
 1-4 VDW =      332.1321  1-4 EEL =     5615.9543  RESTRAINT  =       44.5945
 EAMBER  =    -2628.9561


   NSTEP       ENERGY          RMS            GMAX         NAME    NUMBER
    200      -2.6001E+03     3.0136E-01     3.5630E+00     OG1      1388

 BOND    =       30.9702  ANGLE   =      209.5623  DIHED      =     1079.8479
 VDWAALS =     -810.7992  EEL     =    -7375.4346  EGB        =    -1729.9698
 1-4 VDW =      331.6173  1-4 EEL =     5618.9151  RESTRAINT  =       45.1734
 EAMBER  =    -2645.2909


   NSTEP       ENERGY          RMS            GMAX         NAME    NUMBER
    300      -2.6018E+03     8.7502E-02     1.4304E+00     OG1      1388

 BOND    =       30.6790  ANGLE   =      208.1886  DIHED      =     1078.9102
 VDWAALS =     -810.0685  EEL     =    -7376.6743  EGB        =    -1729.9818
 1-4 VDW =      332.7806  1-4 EEL =     5620.1429  RESTRAINT  =       44.2242
 EAMBER  =    -2646.0232


   NSTEP       ENERGY          RMS            GMAX         NAME    NUMBER
    400      -2.6028E+03     5.1874E-02     7.0650E-01     HG       1180

 BOND    =       30.5917  ANGLE   =      208.0286  DIHED      =     1077.5499
 VDWAALS =     -809.9973  EEL     =    -7375.6047  EGB        =    -1731.3024
 1-4 VDW =      333.1428  1-4 EEL =     5620.6887  RESTRAINT  =       44.1493
 EAMBER  =    -2646.9028


   NSTEP       ENERGY          RMS            GMAX         NAME    NUMBER
    500      -2.6028E+03     1.0990E-02     1.8140E-01     CG2       630

 BOND    =       30.4507  ANGLE   =      207.9161  DIHED      =     1077.3920
 VDWAALS =     -809.8603  EEL     =    -7375.4866  EGB        =    -1731.5682
 1-4 VDW =      333.4031  1-4 EEL =     5620.8857  RESTRAINT  =       44.0340
 EAMBER  =    -2646.8675


   NSTEP       ENERGY          RMS            GMAX         NAME    NUMBER
    600      -2.6028E+03     8.7155E-03     1.2155E-01     CB       1176

 BOND    =       30.4467  ANGLE   =      207.8833  DIHED      =     1077.4087
 VDWAALS =     -809.8418  EEL     =    -7375.6668  EGB        =    -1731.5008
 1-4 VDW =      333.4320  1-4 EEL =     5620.9681  RESTRAINT  =       44.0332
 EAMBER  =    -2646.8705


   NSTEP       ENERGY          RMS            GMAX         NAME    NUMBER
    700      -2.6028E+03     5.0091E-03     1.0305E-01     HG1        46

 BOND    =       30.4435  ANGLE   =      207.9013  DIHED      =     1077.4549
 VDWAALS =     -809.8400  EEL     =    -7375.9633  EGB        =    -1731.3611
 1-4 VDW =      333.4308  1-4 EEL =     5621.0604  RESTRAINT  =       44.0309
 EAMBER  =    -2646.8734


   NSTEP       ENERGY          RMS            GMAX         NAME    NUMBER
    800      -2.6033E+03     8.0505E-02     1.9152E+00     HG1        46

 BOND    =       30.5884  ANGLE   =      208.0683  DIHED      =     1077.2299
 VDWAALS =     -810.1208  EEL     =    -7378.0576  EGB        =    -1730.2098
 1-4 VDW =      333.2517  1-4 EEL =     5621.7525  RESTRAINT  =       44.2448
 EAMBER  =    -2647.4975


   NSTEP       ENERGY          RMS            GMAX         NAME    NUMBER
    900      -2.6039E+03     5.8707E-03     1.3362E-01     OG1        45

 BOND    =       30.5022  ANGLE   =      207.8870  DIHED      =     1076.1564
 VDWAALS =     -810.0535  EEL     =    -7378.8256  EGB        =    -1729.4177
 1-4 VDW =      333.4295  1-4 EEL =     5622.3550  RESTRAINT  =       44.0328
 EAMBER  =    -2647.9666


   NSTEP       ENERGY          RMS            GMAX         NAME    NUMBER
   1000      -2.6039E+03     9.8247E-04     1.3381E-02     CA         37

 BOND    =       30.4945  ANGLE   =      207.8795  DIHED      =     1076.1415
 VDWAALS =     -810.0297  EEL     =    -7378.8576  EGB        =    -1729.3935
 1-4 VDW =      333.4421  1-4 EEL =     5622.3761  RESTRAINT  =       44.0112
 EAMBER  =    -2647.9472


  Maximum number of minimization cycles reached.


                    FINAL RESULTS



   NSTEP       ENERGY          RMS            GMAX         NAME    NUMBER
   1000      -2.6039E+03     9.8247E-04     1.3381E-02     CA         37

 BOND    =       30.4945  ANGLE   =      207.8795  DIHED      =     1076.1415
 VDWAALS =     -810.0297  EEL     =    -7378.8576  EGB        =    -1729.3935
 1-4 VDW =      333.4421  1-4 EEL =     5622.3761  RESTRAINT  =       44.0112
 EAMBER  =    -2647.9472

--------------------------------------------------------------------------------
   5.  TIMINGS
--------------------------------------------------------------------------------

|                Calc gb radii             59.24 (20.48% of Gen B)
|                Calc gb diag             109.24 (37.76% of Gen B)
|                Calc gb off-diag         120.83 (41.76% of Gen B)
|             Gen Born time            289.31 (100.0% of Nonbo)
|          Nonbond force            289.31 (99.29% of Force)
|          Bond/Angle/Dihedral        2.05 ( 0.70% of Force)
|       Force time               291.38 (100.0% of Runmd)
|    Runmd Time               291.38 (99.67% of Total)
|    Other                      0.96 ( 0.33% of Total)
| Total time               292.34 (100.0% of ALL  )

| Number of list builds   :          0

| Highest rstack allocated:          0
| Highest istack allocated:          0
|           Job began  at 14:51:10.955  on 02/03/2016
|           Setup done at 14:51:11.005  on 02/03/2016
|           Run   done at 14:56:03.293  on 02/03/2016
|     wallclock() was called   18028 times
