
          -------------------------------------------------------
          Amber 14 SANDER                              2014
          -------------------------------------------------------

| Run on 02/03/2016 at 14:20:06

|   Executable path: sander
| Working directory: /lustre/cs1500/scratch/kmb413/RealDecoyDisc/DecoyDiscrimination/decoys.set2.init/1aaj/Rosetta_relaxed
|          Hostname: slepner7


File Assignments:
|  MDIN: /scratch/kmb413/RealDecoyDisc/DecoyDiscrimination/scripts/min/min.in  
| MDOUT: NoH_1_empty_tag_1598_0001_0001.out                                    
|INPCRD: NoH_1_empty_tag_1598_0001_0001.rst7                                   
|  PARM: NoH_1_empty_tag_1598_0001_0001.parm7                                  
|RESTRT: min_NoH_1_empty_tag_1598_0001_0001.rst7                               
|  REFC: NoH_1_empty_tag_1598_0001_0001.rst7                                   
| MDVEL: mdvel                                                                 
| MDFRC: mdfrc                                                                 
|  MDEN: mden                                                                  
| MDCRD: mdcrd                                                                 
|MDINFO: mdinfo                                                                
|  MTMD: mtmd                                                                  
|INPDIP: inpdip                                                                
|RSTDIP: rstdip                                                                
|INPTRA: inptraj                                                               


 Here is the input file:

                                                                               
&cntrl                                                                         
    imin = 1, maxcyc=1000,                                                     
    ntx = 1,                                                                   
    ntwr = 100, ntpr = 100,                                                    
    cut = 999.0,                                                               
    ntb = 0, igb = 8,                                                          
    ntr = 1, restraint_wt = 10, restraintmask = "!@H=",                        
/                                                                              

--------------------------------------------------------------------------------
   1.  RESOURCE   USE: 
--------------------------------------------------------------------------------

| Flags:                                                                        
| New format PARM file being parsed.
| Version =    1.000 Date = 02/03/16 Time = 11:45:16
 NATOM  =    1590 NTYPES =      14 NBONH =     791 MBONA  =     820
 NTHETH =    1812 MTHETA =    1115 NPHIH =    3578 MPHIA  =    3525
 NHPARM =       0 NPARM  =       0 NNB   =    8805 NRES   =     104
 NBONA  =     820 NTHETA =    1115 NPHIA =    3525 NUMBND =      65
 NUMANG =     152 NPTRA  =     189 NATYP =      33 NPHB   =       0
 IFBOX  =       0 NMXRS  =      24 IFCAP =       0 NEXTRA =       0
 NCOPY  =       0

 Implicit solvent radii are ArgH and AspGluO modified Bondi2 radii (mbondi3)                                
 Replacing prmtop screening parameters with GBn2 (igb=8) values

|     Memory Use     Allocated
|     Real              145027
|     Hollerith           4876
|     Integer           109197
|     Max Pairs              1
|     nblistReal             0
|     nblist Int             0
|       Total             1578 kbytes

| Note: 1-4 EEL scale factors are being read from the topology file.

| Note: 1-4 VDW scale factors are being read from the topology file.
| Duplicated    0 dihedrals
| Duplicated    0 dihedrals

--------------------------------------------------------------------------------
   2.  CONTROL  DATA  FOR  THE  RUN
--------------------------------------------------------------------------------

default_name                                                                    

General flags:
     imin    =       1, nmropt  =       0

Nature and format of input:
     ntx     =       1, irest   =       0, ntrx    =       1

Nature and format of output:
     ntxo    =       1, ntpr    =     100, ntrx    =       1, ntwr    =     100
     iwrap   =       0, ntwx    =       0, ntwv    =       0, ntwe    =       0
     ioutfm  =       0, ntwprt  =       0, idecomp =       0, rbornstat=      0

Potential function:
     ntf     =       1, ntb     =       0, igb     =       8, nsnb    =      25
     ipol    =       0, gbsa    =       0, iesp    =       0
     dielc   =   1.00000, cut     = 999.00000, intdiel =   1.00000
     saltcon =   0.00000, offset  =   0.19514, surften =   0.00500
     rdt     =   0.00000, rgbmax  =  25.00000  extdiel =  78.50000
     alpb  =        0
     gbalphaH  =   0.78844, gbbetaH   =   0.79870,  gbgammaH  =    0.43733
     gbalphaC  =   0.73376, gbbetaC   =   0.50638,  gbgammaC  =    0.20584
     gbalphaN  =   0.50336, gbbetaN   =   0.31683,  gbgammaN  =    0.19292
     gbalphaOS =   0.86781, gbbetaOS  =   0.87664,  gbgammaOS =    0.38788
     gbalphaP  =   1.00000, gbbetaP   =   0.80000,  gbgammaP  =    4.85000
     gb_alpha_hnu  =   0.53705, gb_beta_hnu   =   0.36286,  gb_gamma_hnu  =    0.11670
     gb_alpha_cnu  =   0.33167, gb_beta_cnu   =   0.19684,  gb_gamma_cnu  =    0.09342
     gb_alpha_nnu  =   0.68631, gb_beta_nnu   =   0.46319,  gb_gamma_nnu  =    0.13872
     gb_alpha_onu  =   0.60634, gb_beta_onu   =   0.46301,  gb_gamma_onu  =    0.14226
     gb_alpha_pnu  =   0.41836, gb_beta_pnu   =   0.29005,  gb_gamma_pnu  =    0.10642

Frozen or restrained atoms:
     ibelly  =       0, ntr     =       1
     restraint_wt =  10.00000

Energy minimization:
     maxcyc  =    1000, ncyc    =      10, ntmin   =       1
     dx0     =   0.01000, drms    =   0.00010
|  INFO: Old style inpcrd file read


    LOADING THE CONSTRAINED ATOMS AS GROUPS


   5.  REFERENCE ATOM COORDINATES

  defa
     Mask !@H=; matches   799 atoms

--------------------------------------------------------------------------------
   3.  ATOMIC COORDINATES AND VELOCITIES
--------------------------------------------------------------------------------

default_name                                                                    
 begin time read from input coords =     0.000 ps

 Number of triangulated 3-point waters found:        0

--------------------------------------------------------------------------------
   4.  RESULTS
--------------------------------------------------------------------------------



   NSTEP       ENERGY          RMS            GMAX         NAME    NUMBER
      1      -2.1627E+03     9.2672E+00     6.7697E+01     OXT      1590

 BOND    =       70.9332  ANGLE   =      212.0897  DIHED      =     1080.9712
 VDWAALS =     -623.6275  EEL     =    -7146.6024  EGB        =    -1916.7418
 1-4 VDW =      446.1773  1-4 EEL =     5714.0990  RESTRAINT  =        0.0000


   NSTEP       ENERGY          RMS            GMAX         NAME    NUMBER
    100      -2.5723E+03     4.9876E-01     7.1269E+00     CG        231

 BOND    =       32.1673  ANGLE   =      211.2070  DIHED      =     1084.5293
 VDWAALS =     -787.8068  EEL     =    -7168.8686  EGB        =    -1936.8761
 1-4 VDW =      331.7720  1-4 EEL =     5615.5770  RESTRAINT  =       45.9611
 EAMBER  =    -2618.2989


   NSTEP       ENERGY          RMS            GMAX         NAME    NUMBER
    200      -2.5915E+03     1.7679E-01     2.1984E+00     CG        231

 BOND    =       31.8416  ANGLE   =      210.9055  DIHED      =     1077.9818
 VDWAALS =     -788.0868  EEL     =    -7184.8393  EGB        =    -1935.1324
 1-4 VDW =      332.1825  1-4 EEL =     5617.4911  RESTRAINT  =       46.1717
 EAMBER  =    -2637.6560


   NSTEP       ENERGY          RMS            GMAX         NAME    NUMBER
    300      -2.5931E+03     2.0602E-02     4.4637E-01     CG        231

 BOND    =       31.5485  ANGLE   =      210.3521  DIHED      =     1076.7833
 VDWAALS =     -788.4912  EEL     =    -7185.6870  EGB        =    -1934.1489
 1-4 VDW =      332.7663  1-4 EEL =     5617.7760  RESTRAINT  =       45.9889
 EAMBER  =    -2639.1008


   NSTEP       ENERGY          RMS            GMAX         NAME    NUMBER
    400      -2.5932E+03     4.3989E-03     7.3957E-02     N           1

 BOND    =       31.5155  ANGLE   =      210.2895  DIHED      =     1076.8107
 VDWAALS =     -788.6563  EEL     =    -7185.7654  EGB        =    -1934.1434
 1-4 VDW =      332.8660  1-4 EEL =     5617.8823  RESTRAINT  =       46.0438
 EAMBER  =    -2639.2010


   NSTEP       ENERGY          RMS            GMAX         NAME    NUMBER
    500      -2.5932E+03     2.1085E-03     3.5533E-02     CG        231

 BOND    =       31.5110  ANGLE   =      210.2815  DIHED      =     1076.8337
 VDWAALS =     -788.7016  EEL     =    -7185.7728  EGB        =    -1934.1488
 1-4 VDW =      332.8827  1-4 EEL =     5617.8941  RESTRAINT  =       46.0590
 EAMBER  =    -2639.2202


   NSTEP       ENERGY          RMS            GMAX         NAME    NUMBER
    600      -2.5932E+03     6.5384E-04     1.3742E-02     CG        231

 BOND    =       31.5080  ANGLE   =      210.2744  DIHED      =     1076.8397
 VDWAALS =     -788.7116  EEL     =    -7185.7739  EGB        =    -1934.1495
 1-4 VDW =      332.8942  1-4 EEL =     5617.8980  RESTRAINT  =       46.0590
 EAMBER  =    -2639.2208


   NSTEP       ENERGY          RMS            GMAX         NAME    NUMBER
    700      -2.5932E+03     3.6785E-04     4.9356E-03     N           1

 BOND    =       31.5071  ANGLE   =      210.2743  DIHED      =     1076.8414
 VDWAALS =     -788.7147  EEL     =    -7185.7733  EGB        =    -1934.1500
 1-4 VDW =      332.8959  1-4 EEL =     5617.8979  RESTRAINT  =       46.0596
 EAMBER  =    -2639.2214

     ... RESTARTED DUE TO LINMIN FAILURE ...


                    FINAL RESULTS



   NSTEP       ENERGY          RMS            GMAX         NAME    NUMBER
    791      -2.5932E+03     9.1179E-05     1.7590E-03     HE2      1044

 BOND    =       31.5069  ANGLE   =      210.2740  DIHED      =     1076.8430
 VDWAALS =     -788.7183  EEL     =    -7185.7726  EGB        =    -1934.1507
 1-4 VDW =      332.8962  1-4 EEL =     5617.8984  RESTRAINT  =       46.0612
 EAMBER  =    -2639.2231

--------------------------------------------------------------------------------
   5.  TIMINGS
--------------------------------------------------------------------------------

|                Calc gb radii             47.57 (20.47% of Gen B)
|                Calc gb diag              87.89 (37.83% of Gen B)
|                Calc gb off-diag          96.89 (41.70% of Gen B)
|             Gen Born time            232.37 (100.0% of Nonbo)
|          Nonbond force            232.37 (99.29% of Force)
|          Bond/Angle/Dihedral        1.64 ( 0.70% of Force)
|          Other                      0.01 ( 0.01% of Force)
|       Force time               234.02 (100.0% of Runmd)
|    Runmd Time               234.02 (99.83% of Total)
|    Other                      0.39 ( 0.17% of Total)
| Total time               234.41 (100.0% of ALL  )

| Number of list builds   :          0

| Highest rstack allocated:          0
| Highest istack allocated:          0
|           Job began  at 14:20:06.429  on 02/03/2016
|           Setup done at 14:20:06.500  on 02/03/2016
|           Run   done at 14:24:00.843  on 02/03/2016
|     wallclock() was called   14266 times
