
          -------------------------------------------------------
          Amber 14 SANDER                              2014
          -------------------------------------------------------

| Run on 02/03/2016 at 13:09:44

|   Executable path: sander
| Working directory: /lustre/cs1500/scratch/kmb413/RealDecoyDisc/DecoyDiscrimination/decoys.set2.init/1aaj/Rosetta_relaxed
|          Hostname: slepner16


File Assignments:
|  MDIN: /scratch/kmb413/RealDecoyDisc/DecoyDiscrimination/scripts/min/min.in  
| MDOUT: NoH_2_empty_tag_1_207_1_0001.out                                      
|INPCRD: NoH_2_empty_tag_1_207_1_0001.rst7                                     
|  PARM: NoH_2_empty_tag_1_207_1_0001.parm7                                    
|RESTRT: min_NoH_2_empty_tag_1_207_1_0001.rst7                                 
|  REFC: NoH_2_empty_tag_1_207_1_0001.rst7                                     
| MDVEL: mdvel                                                                 
| MDFRC: mdfrc                                                                 
|  MDEN: mden                                                                  
| MDCRD: mdcrd                                                                 
|MDINFO: mdinfo                                                                
|  MTMD: mtmd                                                                  
|INPDIP: inpdip                                                                
|RSTDIP: rstdip                                                                
|INPTRA: inptraj                                                               


 Here is the input file:

                                                                               
&cntrl                                                                         
    imin = 1, maxcyc=1000,                                                     
    ntx = 1,                                                                   
    ntwr = 100, ntpr = 100,                                                    
    cut = 999.0,                                                               
    ntb = 0, igb = 8,                                                          
    ntr = 1, restraint_wt = 10, restraintmask = "!@H=",                        
/                                                                              

--------------------------------------------------------------------------------
   1.  RESOURCE   USE: 
--------------------------------------------------------------------------------

| Flags:                                                                        
| New format PARM file being parsed.
| Version =    1.000 Date = 02/03/16 Time = 11:46:37
 NATOM  =    1590 NTYPES =      14 NBONH =     791 MBONA  =     820
 NTHETH =    1812 MTHETA =    1115 NPHIH =    3578 MPHIA  =    3525
 NHPARM =       0 NPARM  =       0 NNB   =    8805 NRES   =     104
 NBONA  =     820 NTHETA =    1115 NPHIA =    3525 NUMBND =      65
 NUMANG =     152 NPTRA  =     189 NATYP =      33 NPHB   =       0
 IFBOX  =       0 NMXRS  =      24 IFCAP =       0 NEXTRA =       0
 NCOPY  =       0

 Implicit solvent radii are ArgH and AspGluO modified Bondi2 radii (mbondi3)                                
 Replacing prmtop screening parameters with GBn2 (igb=8) values

|     Memory Use     Allocated
|     Real              145027
|     Hollerith           4876
|     Integer           109197
|     Max Pairs              1
|     nblistReal             0
|     nblist Int             0
|       Total             1578 kbytes

| Note: 1-4 EEL scale factors are being read from the topology file.

| Note: 1-4 VDW scale factors are being read from the topology file.
| Duplicated    0 dihedrals
| Duplicated    0 dihedrals

--------------------------------------------------------------------------------
   2.  CONTROL  DATA  FOR  THE  RUN
--------------------------------------------------------------------------------

default_name                                                                    

General flags:
     imin    =       1, nmropt  =       0

Nature and format of input:
     ntx     =       1, irest   =       0, ntrx    =       1

Nature and format of output:
     ntxo    =       1, ntpr    =     100, ntrx    =       1, ntwr    =     100
     iwrap   =       0, ntwx    =       0, ntwv    =       0, ntwe    =       0
     ioutfm  =       0, ntwprt  =       0, idecomp =       0, rbornstat=      0

Potential function:
     ntf     =       1, ntb     =       0, igb     =       8, nsnb    =      25
     ipol    =       0, gbsa    =       0, iesp    =       0
     dielc   =   1.00000, cut     = 999.00000, intdiel =   1.00000
     saltcon =   0.00000, offset  =   0.19514, surften =   0.00500
     rdt     =   0.00000, rgbmax  =  25.00000  extdiel =  78.50000
     alpb  =        0
     gbalphaH  =   0.78844, gbbetaH   =   0.79870,  gbgammaH  =    0.43733
     gbalphaC  =   0.73376, gbbetaC   =   0.50638,  gbgammaC  =    0.20584
     gbalphaN  =   0.50336, gbbetaN   =   0.31683,  gbgammaN  =    0.19292
     gbalphaOS =   0.86781, gbbetaOS  =   0.87664,  gbgammaOS =    0.38788
     gbalphaP  =   1.00000, gbbetaP   =   0.80000,  gbgammaP  =    4.85000
     gb_alpha_hnu  =   0.53705, gb_beta_hnu   =   0.36286,  gb_gamma_hnu  =    0.11670
     gb_alpha_cnu  =   0.33167, gb_beta_cnu   =   0.19684,  gb_gamma_cnu  =    0.09342
     gb_alpha_nnu  =   0.68631, gb_beta_nnu   =   0.46319,  gb_gamma_nnu  =    0.13872
     gb_alpha_onu  =   0.60634, gb_beta_onu   =   0.46301,  gb_gamma_onu  =    0.14226
     gb_alpha_pnu  =   0.41836, gb_beta_pnu   =   0.29005,  gb_gamma_pnu  =    0.10642

Frozen or restrained atoms:
     ibelly  =       0, ntr     =       1
     restraint_wt =  10.00000

Energy minimization:
     maxcyc  =    1000, ncyc    =      10, ntmin   =       1
     dx0     =   0.01000, drms    =   0.00010
|  INFO: Old style inpcrd file read


    LOADING THE CONSTRAINED ATOMS AS GROUPS


   5.  REFERENCE ATOM COORDINATES

  defa
     Mask !@H=; matches   799 atoms

--------------------------------------------------------------------------------
   3.  ATOMIC COORDINATES AND VELOCITIES
--------------------------------------------------------------------------------

default_name                                                                    
 begin time read from input coords =     0.000 ps

 Number of triangulated 3-point waters found:        0

--------------------------------------------------------------------------------
   4.  RESULTS
--------------------------------------------------------------------------------



   NSTEP       ENERGY          RMS            GMAX         NAME    NUMBER
      1      -2.0743E+03     9.0941E+00     6.2249E+01     OE1       194

 BOND    =       70.1567  ANGLE   =      211.4936  DIHED      =     1089.8885
 VDWAALS =     -577.1331  EEL     =    -7064.0814  EGB        =    -1959.3893
 1-4 VDW =      446.2569  1-4 EEL =     5708.5359  RESTRAINT  =        0.0000


   NSTEP       ENERGY          RMS            GMAX         NAME    NUMBER
    100      -2.4608E+03     3.3863E-01     4.8468E+00     CD        944

 BOND    =       32.4519  ANGLE   =      208.3639  DIHED      =     1091.0087
 VDWAALS =     -723.7975  EEL     =    -7081.9041  EGB        =    -1981.1038
 1-4 VDW =      331.4818  1-4 EEL =     5615.5263  RESTRAINT  =       47.1532
 EAMBER  =    -2507.9729


   NSTEP       ENERGY          RMS            GMAX         NAME    NUMBER
    200      -2.4648E+03     1.2049E-01     1.5981E+00     H2          3

 BOND    =       32.4469  ANGLE   =      209.3346  DIHED      =     1090.2727
 VDWAALS =     -726.8946  EEL     =    -7085.4316  EGB        =    -1980.7236
 1-4 VDW =      331.1205  1-4 EEL =     5615.0923  RESTRAINT  =       49.9436
 EAMBER  =    -2514.7827


   NSTEP       ENERGY          RMS            GMAX         NAME    NUMBER
    300      -2.4661E+03     1.7237E-02     2.7414E-01     CG         10

 BOND    =       32.2168  ANGLE   =      209.1219  DIHED      =     1089.2704
 VDWAALS =     -727.5116  EEL     =    -7087.0238  EGB        =    -1979.7383
 1-4 VDW =      331.7123  1-4 EEL =     5615.7314  RESTRAINT  =       50.1322
 EAMBER  =    -2516.2210


   NSTEP       ENERGY          RMS            GMAX         NAME    NUMBER
    400      -2.4661E+03     2.6206E-02     6.0938E-01     HG        116

 BOND    =       32.1911  ANGLE   =      209.1070  DIHED      =     1089.2543
 VDWAALS =     -727.5917  EEL     =    -7087.6911  EGB        =    -1979.1083
 1-4 VDW =      331.7799  1-4 EEL =     5615.7751  RESTRAINT  =       50.1566
 EAMBER  =    -2516.2837


   NSTEP       ENERGY          RMS            GMAX         NAME    NUMBER
    500      -2.4662E+03     9.3047E-03     1.3365E-01     HG        116

 BOND    =       32.1832  ANGLE   =      209.0948  DIHED      =     1089.1035
 VDWAALS =     -727.6594  EEL     =    -7088.0268  EGB        =    -1978.5247
 1-4 VDW =      331.7897  1-4 EEL =     5615.7235  RESTRAINT  =       50.1566
 EAMBER  =    -2516.3162


   NSTEP       ENERGY          RMS            GMAX         NAME    NUMBER
    600      -2.4662E+03     1.1864E-03     1.8729E-02     HG        116

 BOND    =       32.1708  ANGLE   =      209.0959  DIHED      =     1088.9424
 VDWAALS =     -727.6975  EEL     =    -7088.1527  EGB        =    -1978.1532
 1-4 VDW =      331.8142  1-4 EEL =     5615.6671  RESTRAINT  =       50.1426
 EAMBER  =    -2516.3130


   NSTEP       ENERGY          RMS            GMAX         NAME    NUMBER
    700      -2.4662E+03     2.1219E-04     3.6599E-03     HG        116

 BOND    =       32.1711  ANGLE   =      209.0973  DIHED      =     1088.9364
 VDWAALS =     -727.6998  EEL     =    -7088.1601  EGB        =    -1978.1358
 1-4 VDW =      331.8133  1-4 EEL =     5615.6636  RESTRAINT  =       50.1436
 EAMBER  =    -2516.3140


                    FINAL RESULTS



   NSTEP       ENERGY          RMS            GMAX         NAME    NUMBER
    723      -2.4662E+03     8.9085E-05     2.4947E-03     HG        116

 BOND    =       32.1710  ANGLE   =      209.0975  DIHED      =     1088.9357
 VDWAALS =     -727.6999  EEL     =    -7088.1610  EGB        =    -1978.1341
 1-4 VDW =      331.8134  1-4 EEL =     5615.6634  RESTRAINT  =       50.1436
 EAMBER  =    -2516.3140

--------------------------------------------------------------------------------
   5.  TIMINGS
--------------------------------------------------------------------------------

|                Calc gb radii             41.70 (20.15% of Gen B)
|                Calc gb diag              76.48 (36.96% of Gen B)
|                Calc gb off-diag          88.76 (42.89% of Gen B)
|             Gen Born time            206.95 (100.0% of Nonbo)
|          Nonbond force            206.95 (99.28% of Force)
|          Bond/Angle/Dihedral        1.50 ( 0.72% of Force)
|          Other                      0.01 ( 0.01% of Force)
|       Force time               208.45 (100.0% of Runmd)
|    Runmd Time               208.45 (99.63% of Total)
|    Other                      0.76 ( 0.37% of Total)
| Total time               209.22 (100.0% of ALL  )

| Number of list builds   :          0

| Highest rstack allocated:          0
| Highest istack allocated:          0
|           Job began  at 13:09:44.096  on 02/03/2016
|           Setup done at 13:09:44.147  on 02/03/2016
|           Run   done at 13:13:13.316  on 02/03/2016
|     wallclock() was called   13042 times
