
          -------------------------------------------------------
          Amber 14 SANDER                              2014
          -------------------------------------------------------

| Run on 02/03/2016 at 12:57:49

|   Executable path: sander
| Working directory: /lustre/cs1500/scratch/kmb413/RealDecoyDisc/DecoyDiscrimination/decoys.set2.init/1aaj/Rosetta_relaxed
|          Hostname: slepner30


File Assignments:
|  MDIN: /scratch/kmb413/RealDecoyDisc/DecoyDiscrimination/scripts/min/min.in  
| MDOUT: NoH_2_empty_tag_750_0001_0001.out                                     
|INPCRD: NoH_2_empty_tag_750_0001_0001.rst7                                    
|  PARM: NoH_2_empty_tag_750_0001_0001.parm7                                   
|RESTRT: min_NoH_2_empty_tag_750_0001_0001.rst7                                
|  REFC: NoH_2_empty_tag_750_0001_0001.rst7                                    
| MDVEL: mdvel                                                                 
| MDFRC: mdfrc                                                                 
|  MDEN: mden                                                                  
| MDCRD: mdcrd                                                                 
|MDINFO: mdinfo                                                                
|  MTMD: mtmd                                                                  
|INPDIP: inpdip                                                                
|RSTDIP: rstdip                                                                
|INPTRA: inptraj                                                               


 Here is the input file:

                                                                               
&cntrl                                                                         
    imin = 1, maxcyc=1000,                                                     
    ntx = 1,                                                                   
    ntwr = 100, ntpr = 100,                                                    
    cut = 999.0,                                                               
    ntb = 0, igb = 8,                                                          
    ntr = 1, restraint_wt = 10, restraintmask = "!@H=",                        
/                                                                              

--------------------------------------------------------------------------------
   1.  RESOURCE   USE: 
--------------------------------------------------------------------------------

| Flags:                                                                        
| New format PARM file being parsed.
| Version =    1.000 Date = 02/03/16 Time = 11:48:19
 NATOM  =    1590 NTYPES =      14 NBONH =     791 MBONA  =     820
 NTHETH =    1812 MTHETA =    1115 NPHIH =    3578 MPHIA  =    3525
 NHPARM =       0 NPARM  =       0 NNB   =    8805 NRES   =     104
 NBONA  =     820 NTHETA =    1115 NPHIA =    3525 NUMBND =      65
 NUMANG =     152 NPTRA  =     189 NATYP =      33 NPHB   =       0
 IFBOX  =       0 NMXRS  =      24 IFCAP =       0 NEXTRA =       0
 NCOPY  =       0

 Implicit solvent radii are ArgH and AspGluO modified Bondi2 radii (mbondi3)                                
 Replacing prmtop screening parameters with GBn2 (igb=8) values

|     Memory Use     Allocated
|     Real              145027
|     Hollerith           4876
|     Integer           109197
|     Max Pairs              1
|     nblistReal             0
|     nblist Int             0
|       Total             1578 kbytes

| Note: 1-4 EEL scale factors are being read from the topology file.

| Note: 1-4 VDW scale factors are being read from the topology file.
| Duplicated    0 dihedrals
| Duplicated    0 dihedrals

--------------------------------------------------------------------------------
   2.  CONTROL  DATA  FOR  THE  RUN
--------------------------------------------------------------------------------

default_name                                                                    

General flags:
     imin    =       1, nmropt  =       0

Nature and format of input:
     ntx     =       1, irest   =       0, ntrx    =       1

Nature and format of output:
     ntxo    =       1, ntpr    =     100, ntrx    =       1, ntwr    =     100
     iwrap   =       0, ntwx    =       0, ntwv    =       0, ntwe    =       0
     ioutfm  =       0, ntwprt  =       0, idecomp =       0, rbornstat=      0

Potential function:
     ntf     =       1, ntb     =       0, igb     =       8, nsnb    =      25
     ipol    =       0, gbsa    =       0, iesp    =       0
     dielc   =   1.00000, cut     = 999.00000, intdiel =   1.00000
     saltcon =   0.00000, offset  =   0.19514, surften =   0.00500
     rdt     =   0.00000, rgbmax  =  25.00000  extdiel =  78.50000
     alpb  =        0
     gbalphaH  =   0.78844, gbbetaH   =   0.79870,  gbgammaH  =    0.43733
     gbalphaC  =   0.73376, gbbetaC   =   0.50638,  gbgammaC  =    0.20584
     gbalphaN  =   0.50336, gbbetaN   =   0.31683,  gbgammaN  =    0.19292
     gbalphaOS =   0.86781, gbbetaOS  =   0.87664,  gbgammaOS =    0.38788
     gbalphaP  =   1.00000, gbbetaP   =   0.80000,  gbgammaP  =    4.85000
     gb_alpha_hnu  =   0.53705, gb_beta_hnu   =   0.36286,  gb_gamma_hnu  =    0.11670
     gb_alpha_cnu  =   0.33167, gb_beta_cnu   =   0.19684,  gb_gamma_cnu  =    0.09342
     gb_alpha_nnu  =   0.68631, gb_beta_nnu   =   0.46319,  gb_gamma_nnu  =    0.13872
     gb_alpha_onu  =   0.60634, gb_beta_onu   =   0.46301,  gb_gamma_onu  =    0.14226
     gb_alpha_pnu  =   0.41836, gb_beta_pnu   =   0.29005,  gb_gamma_pnu  =    0.10642

Frozen or restrained atoms:
     ibelly  =       0, ntr     =       1
     restraint_wt =  10.00000

Energy minimization:
     maxcyc  =    1000, ncyc    =      10, ntmin   =       1
     dx0     =   0.01000, drms    =   0.00010
|  INFO: Old style inpcrd file read


    LOADING THE CONSTRAINED ATOMS AS GROUPS


   5.  REFERENCE ATOM COORDINATES

  defa
     Mask !@H=; matches   799 atoms

--------------------------------------------------------------------------------
   3.  ATOMIC COORDINATES AND VELOCITIES
--------------------------------------------------------------------------------

default_name                                                                    
 begin time read from input coords =     0.000 ps

 Number of triangulated 3-point waters found:        0

--------------------------------------------------------------------------------
   4.  RESULTS
--------------------------------------------------------------------------------



   NSTEP       ENERGY          RMS            GMAX         NAME    NUMBER
      1      -2.0779E+03     9.0265E+00     6.8305E+01     OE1       945

 BOND    =       68.7720  ANGLE   =      211.2391  DIHED      =     1095.9587
 VDWAALS =     -562.0337  EEL     =    -7225.7045  EGB        =    -1848.3274
 1-4 VDW =      437.3541  1-4 EEL =     5744.8583  RESTRAINT  =        0.0000


   NSTEP       ENERGY          RMS            GMAX         NAME    NUMBER
    100      -2.4468E+03     2.7647E-01     2.0284E+00     CE2       650

 BOND    =       31.8410  ANGLE   =      206.6417  DIHED      =     1098.9339
 VDWAALS =     -699.5751  EEL     =    -7263.0852  EGB        =    -1857.5038
 1-4 VDW =      326.7215  1-4 EEL =     5667.5280  RESTRAINT  =       41.7374
 EAMBER  =    -2488.4980


   NSTEP       ENERGY          RMS            GMAX         NAME    NUMBER
    200      -2.4494E+03     3.4912E-01     7.7716E+00     H1          2

 BOND    =       32.1896  ANGLE   =      208.6708  DIHED      =     1099.2196
 VDWAALS =     -703.5645  EEL     =    -7265.7202  EGB        =    -1858.1431
 1-4 VDW =      325.5974  1-4 EEL =     5667.3342  RESTRAINT  =       44.9885
 EAMBER  =    -2494.4162


   NSTEP       ENERGY          RMS            GMAX         NAME    NUMBER
    300      -2.4515E+03     3.1139E-01     7.0921E+00     HG1       635

 BOND    =       32.2114  ANGLE   =      208.1864  DIHED      =     1098.0537
 VDWAALS =     -703.3404  EEL     =    -7266.9221  EGB        =    -1858.9955
 1-4 VDW =      325.9085  1-4 EEL =     5668.6471  RESTRAINT  =       44.7218
 EAMBER  =    -2496.2509


   NSTEP       ENERGY          RMS            GMAX         NAME    NUMBER
    400      -2.4546E+03     9.1423E-02     1.7942E+00     CG2       630

 BOND    =       31.9529  ANGLE   =      207.6010  DIHED      =     1096.1575
 VDWAALS =     -702.7855  EEL     =    -7268.6779  EGB        =    -1859.6271
 1-4 VDW =      326.6096  1-4 EEL =     5669.7718  RESTRAINT  =       44.3906
 EAMBER  =    -2498.9977


   NSTEP       ENERGY          RMS            GMAX         NAME    NUMBER
    500      -2.4548E+03     2.1718E-02     2.7467E-01     C          23

 BOND    =       31.8294  ANGLE   =      207.2802  DIHED      =     1096.0822
 VDWAALS =     -702.5540  EEL     =    -7268.3321  EGB        =    -1859.8570
 1-4 VDW =      326.8852  1-4 EEL =     5669.7713  RESTRAINT  =       44.0814
 EAMBER  =    -2498.8948


   NSTEP       ENERGY          RMS            GMAX         NAME    NUMBER
    600      -2.4548E+03     2.5117E-03     4.5207E-02     CD       1119

 BOND    =       31.8167  ANGLE   =      207.2612  DIHED      =     1096.0973
 VDWAALS =     -702.5320  EEL     =    -7268.2538  EGB        =    -1859.8980
 1-4 VDW =      326.9062  1-4 EEL =     5669.7405  RESTRAINT  =       44.0414
 EAMBER  =    -2498.8619


   NSTEP       ENERGY          RMS            GMAX         NAME    NUMBER
    700      -2.4548E+03     5.6990E-04     7.9964E-03     CE2       650

 BOND    =       31.8111  ANGLE   =      207.2514  DIHED      =     1096.0988
 VDWAALS =     -702.5218  EEL     =    -7268.2340  EGB        =    -1859.9070
 1-4 VDW =      326.9169  1-4 EEL =     5669.7351  RESTRAINT  =       44.0286
 EAMBER  =    -2498.8495


                    FINAL RESULTS



   NSTEP       ENERGY          RMS            GMAX         NAME    NUMBER
    775      -2.4548E+03     9.8733E-05     1.2259E-03     HD13      269

 BOND    =       31.8120  ANGLE   =      207.2532  DIHED      =     1096.1005
 VDWAALS =     -702.5244  EEL     =    -7268.2326  EGB        =    -1859.9076
 1-4 VDW =      326.9146  1-4 EEL =     5669.7329  RESTRAINT  =       44.0304
 EAMBER  =    -2498.8513

--------------------------------------------------------------------------------
   5.  TIMINGS
--------------------------------------------------------------------------------

|                Calc gb radii             45.25 (20.37% of Gen B)
|                Calc gb diag              82.72 (37.24% of Gen B)
|                Calc gb off-diag          94.13 (42.38% of Gen B)
|             Gen Born time            222.11 (100.0% of Nonbo)
|          Nonbond force            222.11 (99.28% of Force)
|          Bond/Angle/Dihedral        1.60 ( 0.71% of Force)
|          Other                      0.01 ( 0.01% of Force)
|       Force time               223.72 (100.0% of Runmd)
|    Runmd Time               223.72 (99.65% of Total)
|    Other                      0.78 ( 0.35% of Total)
| Total time               224.51 (100.0% of ALL  )

| Number of list builds   :          0

| Highest rstack allocated:          0
| Highest istack allocated:          0
|           Job began  at 12:57:49.384  on 02/03/2016
|           Setup done at 12:57:49.450  on 02/03/2016
|           Run   done at 13:01:33.891  on 02/03/2016
|     wallclock() was called   13978 times
