
          -------------------------------------------------------
          Amber 14 SANDER                              2014
          -------------------------------------------------------

| Run on 02/03/2016 at 13:49:18

|   Executable path: sander
| Working directory: /lustre/cs1500/scratch/kmb413/RealDecoyDisc/DecoyDiscrimination/decoys.set2.init/1aaj/Rosetta_relaxed
|          Hostname: slepner30


File Assignments:
|  MDIN: /scratch/kmb413/RealDecoyDisc/DecoyDiscrimination/scripts/min/min.in  
| MDOUT: NoH_2_empty_tag_509_0001_0001.out                                     
|INPCRD: NoH_2_empty_tag_509_0001_0001.rst7                                    
|  PARM: NoH_2_empty_tag_509_0001_0001.parm7                                   
|RESTRT: min_NoH_2_empty_tag_509_0001_0001.rst7                                
|  REFC: NoH_2_empty_tag_509_0001_0001.rst7                                    
| MDVEL: mdvel                                                                 
| MDFRC: mdfrc                                                                 
|  MDEN: mden                                                                  
| MDCRD: mdcrd                                                                 
|MDINFO: mdinfo                                                                
|  MTMD: mtmd                                                                  
|INPDIP: inpdip                                                                
|RSTDIP: rstdip                                                                
|INPTRA: inptraj                                                               


 Here is the input file:

                                                                               
&cntrl                                                                         
    imin = 1, maxcyc=1000,                                                     
    ntx = 1,                                                                   
    ntwr = 100, ntpr = 100,                                                    
    cut = 999.0,                                                               
    ntb = 0, igb = 8,                                                          
    ntr = 1, restraint_wt = 10, restraintmask = "!@H=",                        
/                                                                              

--------------------------------------------------------------------------------
   1.  RESOURCE   USE: 
--------------------------------------------------------------------------------

| Flags:                                                                        
| New format PARM file being parsed.
| Version =    1.000 Date = 02/03/16 Time = 11:48:08
 NATOM  =    1590 NTYPES =      14 NBONH =     791 MBONA  =     820
 NTHETH =    1812 MTHETA =    1115 NPHIH =    3578 MPHIA  =    3525
 NHPARM =       0 NPARM  =       0 NNB   =    8805 NRES   =     104
 NBONA  =     820 NTHETA =    1115 NPHIA =    3525 NUMBND =      65
 NUMANG =     152 NPTRA  =     189 NATYP =      33 NPHB   =       0
 IFBOX  =       0 NMXRS  =      24 IFCAP =       0 NEXTRA =       0
 NCOPY  =       0

 Implicit solvent radii are ArgH and AspGluO modified Bondi2 radii (mbondi3)                                
 Replacing prmtop screening parameters with GBn2 (igb=8) values

|     Memory Use     Allocated
|     Real              145027
|     Hollerith           4876
|     Integer           109197
|     Max Pairs              1
|     nblistReal             0
|     nblist Int             0
|       Total             1578 kbytes

| Note: 1-4 EEL scale factors are being read from the topology file.

| Note: 1-4 VDW scale factors are being read from the topology file.
| Duplicated    0 dihedrals
| Duplicated    0 dihedrals

--------------------------------------------------------------------------------
   2.  CONTROL  DATA  FOR  THE  RUN
--------------------------------------------------------------------------------

default_name                                                                    

General flags:
     imin    =       1, nmropt  =       0

Nature and format of input:
     ntx     =       1, irest   =       0, ntrx    =       1

Nature and format of output:
     ntxo    =       1, ntpr    =     100, ntrx    =       1, ntwr    =     100
     iwrap   =       0, ntwx    =       0, ntwv    =       0, ntwe    =       0
     ioutfm  =       0, ntwprt  =       0, idecomp =       0, rbornstat=      0

Potential function:
     ntf     =       1, ntb     =       0, igb     =       8, nsnb    =      25
     ipol    =       0, gbsa    =       0, iesp    =       0
     dielc   =   1.00000, cut     = 999.00000, intdiel =   1.00000
     saltcon =   0.00000, offset  =   0.19514, surften =   0.00500
     rdt     =   0.00000, rgbmax  =  25.00000  extdiel =  78.50000
     alpb  =        0
     gbalphaH  =   0.78844, gbbetaH   =   0.79870,  gbgammaH  =    0.43733
     gbalphaC  =   0.73376, gbbetaC   =   0.50638,  gbgammaC  =    0.20584
     gbalphaN  =   0.50336, gbbetaN   =   0.31683,  gbgammaN  =    0.19292
     gbalphaOS =   0.86781, gbbetaOS  =   0.87664,  gbgammaOS =    0.38788
     gbalphaP  =   1.00000, gbbetaP   =   0.80000,  gbgammaP  =    4.85000
     gb_alpha_hnu  =   0.53705, gb_beta_hnu   =   0.36286,  gb_gamma_hnu  =    0.11670
     gb_alpha_cnu  =   0.33167, gb_beta_cnu   =   0.19684,  gb_gamma_cnu  =    0.09342
     gb_alpha_nnu  =   0.68631, gb_beta_nnu   =   0.46319,  gb_gamma_nnu  =    0.13872
     gb_alpha_onu  =   0.60634, gb_beta_onu   =   0.46301,  gb_gamma_onu  =    0.14226
     gb_alpha_pnu  =   0.41836, gb_beta_pnu   =   0.29005,  gb_gamma_pnu  =    0.10642

Frozen or restrained atoms:
     ibelly  =       0, ntr     =       1
     restraint_wt =  10.00000

Energy minimization:
     maxcyc  =    1000, ncyc    =      10, ntmin   =       1
     dx0     =   0.01000, drms    =   0.00010
|  INFO: Old style inpcrd file read


    LOADING THE CONSTRAINED ATOMS AS GROUPS


   5.  REFERENCE ATOM COORDINATES

  defa
     Mask !@H=; matches   799 atoms

--------------------------------------------------------------------------------
   3.  ATOMIC COORDINATES AND VELOCITIES
--------------------------------------------------------------------------------

default_name                                                                    
 begin time read from input coords =     0.000 ps

 Number of triangulated 3-point waters found:        0

--------------------------------------------------------------------------------
   4.  RESULTS
--------------------------------------------------------------------------------



   NSTEP       ENERGY          RMS            GMAX         NAME    NUMBER
      1      -2.2192E+03     9.0864E+00     6.0412E+01     OE2       731

 BOND    =       70.0549  ANGLE   =      211.3351  DIHED      =     1074.1938
 VDWAALS =     -647.2794  EEL     =    -7387.0575  EGB        =    -1694.1678
 1-4 VDW =      440.6488  1-4 EEL =     5713.0452  RESTRAINT  =        0.0000


   NSTEP       ENERGY          RMS            GMAX         NAME    NUMBER
    100      -2.5816E+03     3.8193E-01     3.8258E+00     CE2       650

 BOND    =       31.4459  ANGLE   =      209.2451  DIHED      =     1074.9573
 VDWAALS =     -786.4005  EEL     =    -7393.6837  EGB        =    -1715.4544
 1-4 VDW =      328.4180  1-4 EEL =     5628.1787  RESTRAINT  =       41.6959
 EAMBER  =    -2623.2936


   NSTEP       ENERGY          RMS            GMAX         NAME    NUMBER
    200      -2.5924E+03     1.1003E-01     1.0253E+00     H3          4

 BOND    =       31.1620  ANGLE   =      209.2882  DIHED      =     1074.4867
 VDWAALS =     -787.2765  EEL     =    -7402.6426  EGB        =    -1717.4071
 1-4 VDW =      328.9172  1-4 EEL =     5629.2819  RESTRAINT  =       41.8375
 EAMBER  =    -2634.1902


   NSTEP       ENERGY          RMS            GMAX         NAME    NUMBER
    300      -2.5930E+03     1.2526E-02     2.0570E-01     CA          5

 BOND    =       30.8822  ANGLE   =      208.8477  DIHED      =     1074.1575
 VDWAALS =     -787.7361  EEL     =    -7404.0105  EGB        =    -1716.9109
 1-4 VDW =      329.7361  1-4 EEL =     5630.2524  RESTRAINT  =       41.7428
 EAMBER  =    -2634.7816


   NSTEP       ENERGY          RMS            GMAX         NAME    NUMBER
    400      -2.5931E+03     1.5663E-02     1.9384E-01     CA         51

 BOND    =       30.8681  ANGLE   =      208.7946  DIHED      =     1074.1016
 VDWAALS =     -787.7952  EEL     =    -7404.4260  EGB        =    -1716.5931
 1-4 VDW =      329.8145  1-4 EEL =     5630.4080  RESTRAINT  =       41.7682
 EAMBER  =    -2634.8275


   NSTEP       ENERGY          RMS            GMAX         NAME    NUMBER
    500      -2.5931E+03     1.8245E-02     3.2958E-01     CD         13

 BOND    =       30.8589  ANGLE   =      208.7904  DIHED      =     1074.1327
 VDWAALS =     -787.8203  EEL     =    -7404.9640  EGB        =    -1716.2334
 1-4 VDW =      329.8113  1-4 EEL =     5630.5481  RESTRAINT  =       41.8085
 EAMBER  =    -2634.8763


   NSTEP       ENERGY          RMS            GMAX         NAME    NUMBER
    600      -2.5931E+03     2.2371E-01     8.4581E+00     HG       1180

 BOND    =       31.0834  ANGLE   =      208.9639  DIHED      =     1074.5303
 VDWAALS =     -787.9683  EEL     =    -7407.1893  EGB        =    -1714.9359
 1-4 VDW =      329.6210  1-4 EEL =     5630.8606  RESTRAINT  =       41.9493
 EAMBER  =    -2635.0343


   NSTEP       ENERGY          RMS            GMAX         NAME    NUMBER
    700      -2.6007E+03     6.0314E-02     1.2199E+00     HB2      1177

 BOND    =       31.1173  ANGLE   =      209.0026  DIHED      =     1073.8254
 VDWAALS =     -785.8762  EEL     =    -7415.7048  EGB        =    -1714.5893
 1-4 VDW =      329.6052  1-4 EEL =     5630.5237  RESTRAINT  =       41.3847
 EAMBER  =    -2642.0960


   NSTEP       ENERGY          RMS            GMAX         NAME    NUMBER
    800      -2.6022E+03     8.5211E-02     1.2461E+00     HG1       635

 BOND    =       31.1488  ANGLE   =      209.1015  DIHED      =     1072.5886
 VDWAALS =     -785.9028  EEL     =    -7417.6998  EGB        =    -1714.5301
 1-4 VDW =      329.5913  1-4 EEL =     5631.9286  RESTRAINT  =       41.5868
 EAMBER  =    -2643.7740


   NSTEP       ENERGY          RMS            GMAX         NAME    NUMBER
    900      -2.6024E+03     4.9232E-03     9.2992E-02     CG2       630

 BOND    =       31.0185  ANGLE   =      208.8426  DIHED      =     1072.1019
 VDWAALS =     -785.8284  EEL     =    -7417.4685  EGB        =    -1714.5315
 1-4 VDW =      329.9607  1-4 EEL =     5632.1132  RESTRAINT  =       41.3851
 EAMBER  =    -2643.7916


                    FINAL RESULTS



   NSTEP       ENERGY          RMS            GMAX         NAME    NUMBER
    997      -2.6024E+03     8.4383E-05     1.1992E-03     HG22      632

 BOND    =       31.0121  ANGLE   =      208.8318  DIHED      =     1072.0766
 VDWAALS =     -785.8206  EEL     =    -7417.4565  EGB        =    -1714.5333
 1-4 VDW =      329.9777  1-4 EEL =     5632.1241  RESTRAINT  =       41.3806
 EAMBER  =    -2643.7882

--------------------------------------------------------------------------------
   5.  TIMINGS
--------------------------------------------------------------------------------

|                Calc gb radii             58.80 (20.22% of Gen B)
|                Calc gb diag             108.91 (37.46% of Gen B)
|                Calc gb off-diag         123.03 (42.31% of Gen B)
|             Gen Born time            290.74 (100.0% of Nonbo)
|          Nonbond force            290.74 (99.29% of Force)
|          Bond/Angle/Dihedral        2.07 ( 0.71% of Force)
|          Other                      0.02 ( 0.01% of Force)
|       Force time               292.83 (100.0% of Runmd)
|    Runmd Time               292.83 (99.69% of Total)
|    Other                      0.92 ( 0.31% of Total)
| Total time               293.75 (100.0% of ALL  )

| Number of list builds   :          0

| Highest rstack allocated:          0
| Highest istack allocated:          0
|           Job began  at 13:49:18.544  on 02/03/2016
|           Setup done at 13:49:18.595  on 02/03/2016
|           Run   done at 13:54:12.299  on 02/03/2016
|     wallclock() was called   17974 times
