
          -------------------------------------------------------
          Amber 14 SANDER                              2014
          -------------------------------------------------------

| Run on 02/03/2016 at 15:22:59

|   Executable path: sander
| Working directory: /lustre/cs1500/scratch/kmb413/RealDecoyDisc/DecoyDiscrimination/decoys.set2.init/1aaj/Rosetta_relaxed
|          Hostname: slepner15


File Assignments:
|  MDIN: /scratch/kmb413/RealDecoyDisc/DecoyDiscrimination/scripts/min/min.in  
| MDOUT: NoH_5_empty_tag_1_811_0001.out                                        
|INPCRD: NoH_5_empty_tag_1_811_0001.rst7                                       
|  PARM: NoH_5_empty_tag_1_811_0001.parm7                                      
|RESTRT: min_NoH_5_empty_tag_1_811_0001.rst7                                   
|  REFC: NoH_5_empty_tag_1_811_0001.rst7                                       
| MDVEL: mdvel                                                                 
| MDFRC: mdfrc                                                                 
|  MDEN: mden                                                                  
| MDCRD: mdcrd                                                                 
|MDINFO: mdinfo                                                                
|  MTMD: mtmd                                                                  
|INPDIP: inpdip                                                                
|RSTDIP: rstdip                                                                
|INPTRA: inptraj                                                               


 Here is the input file:

                                                                               
&cntrl                                                                         
    imin = 1, maxcyc=1000,                                                     
    ntx = 1,                                                                   
    ntwr = 100, ntpr = 100,                                                    
    cut = 999.0,                                                               
    ntb = 0, igb = 8,                                                          
    ntr = 1, restraint_wt = 10, restraintmask = "!@H=",                        
/                                                                              

--------------------------------------------------------------------------------
   1.  RESOURCE   USE: 
--------------------------------------------------------------------------------

| Flags:                                                                        
| New format PARM file being parsed.
| Version =    1.000 Date = 02/03/16 Time = 11:53:20
 NATOM  =    1590 NTYPES =      14 NBONH =     791 MBONA  =     820
 NTHETH =    1812 MTHETA =    1115 NPHIH =    3578 MPHIA  =    3525
 NHPARM =       0 NPARM  =       0 NNB   =    8805 NRES   =     104
 NBONA  =     820 NTHETA =    1115 NPHIA =    3525 NUMBND =      65
 NUMANG =     152 NPTRA  =     189 NATYP =      33 NPHB   =       0
 IFBOX  =       0 NMXRS  =      24 IFCAP =       0 NEXTRA =       0
 NCOPY  =       0

 Implicit solvent radii are ArgH and AspGluO modified Bondi2 radii (mbondi3)                                
 Replacing prmtop screening parameters with GBn2 (igb=8) values

|     Memory Use     Allocated
|     Real              145027
|     Hollerith           4876
|     Integer           109197
|     Max Pairs              1
|     nblistReal             0
|     nblist Int             0
|       Total             1578 kbytes

| Note: 1-4 EEL scale factors are being read from the topology file.

| Note: 1-4 VDW scale factors are being read from the topology file.
| Duplicated    0 dihedrals
| Duplicated    0 dihedrals

--------------------------------------------------------------------------------
   2.  CONTROL  DATA  FOR  THE  RUN
--------------------------------------------------------------------------------

default_name                                                                    

General flags:
     imin    =       1, nmropt  =       0

Nature and format of input:
     ntx     =       1, irest   =       0, ntrx    =       1

Nature and format of output:
     ntxo    =       1, ntpr    =     100, ntrx    =       1, ntwr    =     100
     iwrap   =       0, ntwx    =       0, ntwv    =       0, ntwe    =       0
     ioutfm  =       0, ntwprt  =       0, idecomp =       0, rbornstat=      0

Potential function:
     ntf     =       1, ntb     =       0, igb     =       8, nsnb    =      25
     ipol    =       0, gbsa    =       0, iesp    =       0
     dielc   =   1.00000, cut     = 999.00000, intdiel =   1.00000
     saltcon =   0.00000, offset  =   0.19514, surften =   0.00500
     rdt     =   0.00000, rgbmax  =  25.00000  extdiel =  78.50000
     alpb  =        0
     gbalphaH  =   0.78844, gbbetaH   =   0.79870,  gbgammaH  =    0.43733
     gbalphaC  =   0.73376, gbbetaC   =   0.50638,  gbgammaC  =    0.20584
     gbalphaN  =   0.50336, gbbetaN   =   0.31683,  gbgammaN  =    0.19292
     gbalphaOS =   0.86781, gbbetaOS  =   0.87664,  gbgammaOS =    0.38788
     gbalphaP  =   1.00000, gbbetaP   =   0.80000,  gbgammaP  =    4.85000
     gb_alpha_hnu  =   0.53705, gb_beta_hnu   =   0.36286,  gb_gamma_hnu  =    0.11670
     gb_alpha_cnu  =   0.33167, gb_beta_cnu   =   0.19684,  gb_gamma_cnu  =    0.09342
     gb_alpha_nnu  =   0.68631, gb_beta_nnu   =   0.46319,  gb_gamma_nnu  =    0.13872
     gb_alpha_onu  =   0.60634, gb_beta_onu   =   0.46301,  gb_gamma_onu  =    0.14226
     gb_alpha_pnu  =   0.41836, gb_beta_pnu   =   0.29005,  gb_gamma_pnu  =    0.10642

Frozen or restrained atoms:
     ibelly  =       0, ntr     =       1
     restraint_wt =  10.00000

Energy minimization:
     maxcyc  =    1000, ncyc    =      10, ntmin   =       1
     dx0     =   0.01000, drms    =   0.00010
|  INFO: Old style inpcrd file read


    LOADING THE CONSTRAINED ATOMS AS GROUPS


   5.  REFERENCE ATOM COORDINATES

  defa
     Mask !@H=; matches   799 atoms

--------------------------------------------------------------------------------
   3.  ATOMIC COORDINATES AND VELOCITIES
--------------------------------------------------------------------------------

default_name                                                                    
 begin time read from input coords =     0.000 ps

 Number of triangulated 3-point waters found:        0

--------------------------------------------------------------------------------
   4.  RESULTS
--------------------------------------------------------------------------------



   NSTEP       ENERGY          RMS            GMAX         NAME    NUMBER
      1      -2.1853E+03     9.1494E+00     6.1225E+01     OE1      1261

 BOND    =       70.7540  ANGLE   =      211.7028  DIHED      =     1075.0736
 VDWAALS =     -663.9854  EEL     =    -7340.4226  EGB        =    -1704.6437
 1-4 VDW =      446.2355  1-4 EEL =     5719.9440  RESTRAINT  =        0.0000


   NSTEP       ENERGY          RMS            GMAX         NAME    NUMBER
    100      -2.5834E+03     5.3522E-01     5.6867E+00     HG        116

 BOND    =       31.8732  ANGLE   =      212.3318  DIHED      =     1077.0806
 VDWAALS =     -815.5245  EEL     =    -7401.8909  EGB        =    -1701.3163
 1-4 VDW =      333.4516  1-4 EEL =     5634.2639  RESTRAINT  =       46.3289
 EAMBER  =    -2629.7305


   NSTEP       ENERGY          RMS            GMAX         NAME    NUMBER
    200      -2.6036E+03     4.0355E-01     6.1947E+00     HG       1180

 BOND    =       32.1289  ANGLE   =      212.7027  DIHED      =     1073.6361
 VDWAALS =     -816.1463  EEL     =    -7432.4621  EGB        =    -1690.0475
 1-4 VDW =      332.5598  1-4 EEL =     5636.8743  RESTRAINT  =       47.2018
 EAMBER  =    -2650.7541


   NSTEP       ENERGY          RMS            GMAX         NAME    NUMBER
    300      -2.6115E+03     8.6955E-02     1.1515E+00     CA         84

 BOND    =       31.4283  ANGLE   =      210.3544  DIHED      =     1072.1300
 VDWAALS =     -815.0982  EEL     =    -7445.9353  EGB        =    -1681.1865
 1-4 VDW =      334.7155  1-4 EEL =     5636.2578  RESTRAINT  =       45.7857
 EAMBER  =    -2657.3342


   NSTEP       ENERGY          RMS            GMAX         NAME    NUMBER
    400      -2.6117E+03     9.5794E-03     1.2718E-01     CG        100

 BOND    =       31.3507  ANGLE   =      210.3987  DIHED      =     1072.2127
 VDWAALS =     -814.7710  EEL     =    -7446.9491  EGB        =    -1680.7470
 1-4 VDW =      334.7444  1-4 EEL =     5636.2849  RESTRAINT  =       45.7802
 EAMBER  =    -2657.4756


   NSTEP       ENERGY          RMS            GMAX         NAME    NUMBER
    500      -2.6117E+03     5.6313E-03     1.2588E-01     HG1       635

 BOND    =       31.3490  ANGLE   =      210.3961  DIHED      =     1072.2443
 VDWAALS =     -814.7682  EEL     =    -7447.2772  EGB        =    -1680.6416
 1-4 VDW =      334.7674  1-4 EEL =     5636.4246  RESTRAINT  =       45.7997
 EAMBER  =    -2657.5056


   NSTEP       ENERGY          RMS            GMAX         NAME    NUMBER
    600      -2.6118E+03     5.9984E-02     1.1525E+00     HG1       635

 BOND    =       31.3963  ANGLE   =      210.3960  DIHED      =     1072.2346
 VDWAALS =     -815.0662  EEL     =    -7447.7389  EGB        =    -1680.2943
 1-4 VDW =      334.7334  1-4 EEL =     5636.8008  RESTRAINT  =       45.7588
 EAMBER  =    -2657.5383


   NSTEP       ENERGY          RMS            GMAX         NAME    NUMBER
    700      -2.6129E+03     3.6431E-02     5.9470E-01     HG1       635

 BOND    =       31.3365  ANGLE   =      210.3548  DIHED      =     1070.7930
 VDWAALS =     -815.1685  EEL     =    -7449.1266  EGB        =    -1679.4482
 1-4 VDW =      334.8469  1-4 EEL =     5637.6264  RESTRAINT  =       45.8607
 EAMBER  =    -2658.7857


   NSTEP       ENERGY          RMS            GMAX         NAME    NUMBER
    800      -2.6130E+03     3.3363E-03     5.8959E-02     CB        628

 BOND    =       31.3377  ANGLE   =      210.3930  DIHED      =     1070.5960
 VDWAALS =     -814.9646  EEL     =    -7449.6016  EGB        =    -1679.3850
 1-4 VDW =      334.8864  1-4 EEL =     5637.7942  RESTRAINT  =       45.9332
 EAMBER  =    -2658.9439


   NSTEP       ENERGY          RMS            GMAX         NAME    NUMBER
    900      -2.6130E+03     5.2162E-04     9.5477E-03     HG1       635

 BOND    =       31.3372  ANGLE   =      210.3950  DIHED      =     1070.5860
 VDWAALS =     -814.9498  EEL     =    -7449.6284  EGB        =    -1679.3810
 1-4 VDW =      334.8877  1-4 EEL =     5637.8038  RESTRAINT  =       45.9384
 EAMBER  =    -2658.9496


                    FINAL RESULTS



   NSTEP       ENERGY          RMS            GMAX         NAME    NUMBER
    972      -2.6130E+03     7.6855E-05     1.4381E-03     HG1       635

 BOND    =       31.3374  ANGLE   =      210.3958  DIHED      =     1070.5835
 VDWAALS =     -814.9461  EEL     =    -7449.6340  EGB        =    -1679.3798
 1-4 VDW =      334.8876  1-4 EEL =     5637.8046  RESTRAINT  =       45.9397
 EAMBER  =    -2658.9510

--------------------------------------------------------------------------------
   5.  TIMINGS
--------------------------------------------------------------------------------

|                Calc gb radii             56.08 (20.40% of Gen B)
|                Calc gb diag             104.20 (37.91% of Gen B)
|                Calc gb off-diag         114.58 (41.69% of Gen B)
|             Gen Born time            274.86 (100.0% of Nonbo)
|          Nonbond force            274.86 (99.29% of Force)
|          Bond/Angle/Dihedral        1.95 ( 0.70% of Force)
|          Other                      0.02 ( 0.01% of Force)
|       Force time               276.83 (100.0% of Runmd)
|    Runmd Time               276.83 (99.70% of Total)
|    Other                      0.83 ( 0.30% of Total)
| Total time               277.66 (100.0% of ALL  )

| Number of list builds   :          0

| Highest rstack allocated:          0
| Highest istack allocated:          0
|           Job began  at 15:22:59.679  on 02/03/2016
|           Setup done at 15:22:59.730  on 02/03/2016
|           Run   done at 15:27:37.343  on 02/03/2016
|     wallclock() was called   17524 times
