
          -------------------------------------------------------
          Amber 14 SANDER                              2014
          -------------------------------------------------------

| Run on 02/03/2016 at 13:18:35

|   Executable path: sander
| Working directory: /lustre/cs1500/scratch/kmb413/RealDecoyDisc/DecoyDiscrimination/decoys.set2.init/1aaj/Rosetta_relaxed
|          Hostname: slepner1


File Assignments:
|  MDIN: /scratch/kmb413/RealDecoyDisc/DecoyDiscrimination/scripts/min/min.in  
| MDOUT: NoH_4_empty_tag_920_0001_0001.out                                     
|INPCRD: NoH_4_empty_tag_920_0001_0001.rst7                                    
|  PARM: NoH_4_empty_tag_920_0001_0001.parm7                                   
|RESTRT: min_NoH_4_empty_tag_920_0001_0001.rst7                                
|  REFC: NoH_4_empty_tag_920_0001_0001.rst7                                    
| MDVEL: mdvel                                                                 
| MDFRC: mdfrc                                                                 
|  MDEN: mden                                                                  
| MDCRD: mdcrd                                                                 
|MDINFO: mdinfo                                                                
|  MTMD: mtmd                                                                  
|INPDIP: inpdip                                                                
|RSTDIP: rstdip                                                                
|INPTRA: inptraj                                                               


 Here is the input file:

                                                                               
&cntrl                                                                         
    imin = 1, maxcyc=1000,                                                     
    ntx = 1,                                                                   
    ntwr = 100, ntpr = 100,                                                    
    cut = 999.0,                                                               
    ntb = 0, igb = 8,                                                          
    ntr = 1, restraint_wt = 10, restraintmask = "!@H=",                        
/                                                                              

--------------------------------------------------------------------------------
   1.  RESOURCE   USE: 
--------------------------------------------------------------------------------

| Flags:                                                                        
| New format PARM file being parsed.
| Version =    1.000 Date = 02/03/16 Time = 11:52:12
 NATOM  =    1590 NTYPES =      14 NBONH =     791 MBONA  =     820
 NTHETH =    1812 MTHETA =    1115 NPHIH =    3578 MPHIA  =    3525
 NHPARM =       0 NPARM  =       0 NNB   =    8805 NRES   =     104
 NBONA  =     820 NTHETA =    1115 NPHIA =    3525 NUMBND =      65
 NUMANG =     152 NPTRA  =     189 NATYP =      33 NPHB   =       0
 IFBOX  =       0 NMXRS  =      24 IFCAP =       0 NEXTRA =       0
 NCOPY  =       0

 Implicit solvent radii are ArgH and AspGluO modified Bondi2 radii (mbondi3)                                
 Replacing prmtop screening parameters with GBn2 (igb=8) values

|     Memory Use     Allocated
|     Real              145027
|     Hollerith           4876
|     Integer           109197
|     Max Pairs              1
|     nblistReal             0
|     nblist Int             0
|       Total             1578 kbytes

| Note: 1-4 EEL scale factors are being read from the topology file.

| Note: 1-4 VDW scale factors are being read from the topology file.
| Duplicated    0 dihedrals
| Duplicated    0 dihedrals

--------------------------------------------------------------------------------
   2.  CONTROL  DATA  FOR  THE  RUN
--------------------------------------------------------------------------------

default_name                                                                    

General flags:
     imin    =       1, nmropt  =       0

Nature and format of input:
     ntx     =       1, irest   =       0, ntrx    =       1

Nature and format of output:
     ntxo    =       1, ntpr    =     100, ntrx    =       1, ntwr    =     100
     iwrap   =       0, ntwx    =       0, ntwv    =       0, ntwe    =       0
     ioutfm  =       0, ntwprt  =       0, idecomp =       0, rbornstat=      0

Potential function:
     ntf     =       1, ntb     =       0, igb     =       8, nsnb    =      25
     ipol    =       0, gbsa    =       0, iesp    =       0
     dielc   =   1.00000, cut     = 999.00000, intdiel =   1.00000
     saltcon =   0.00000, offset  =   0.19514, surften =   0.00500
     rdt     =   0.00000, rgbmax  =  25.00000  extdiel =  78.50000
     alpb  =        0
     gbalphaH  =   0.78844, gbbetaH   =   0.79870,  gbgammaH  =    0.43733
     gbalphaC  =   0.73376, gbbetaC   =   0.50638,  gbgammaC  =    0.20584
     gbalphaN  =   0.50336, gbbetaN   =   0.31683,  gbgammaN  =    0.19292
     gbalphaOS =   0.86781, gbbetaOS  =   0.87664,  gbgammaOS =    0.38788
     gbalphaP  =   1.00000, gbbetaP   =   0.80000,  gbgammaP  =    4.85000
     gb_alpha_hnu  =   0.53705, gb_beta_hnu   =   0.36286,  gb_gamma_hnu  =    0.11670
     gb_alpha_cnu  =   0.33167, gb_beta_cnu   =   0.19684,  gb_gamma_cnu  =    0.09342
     gb_alpha_nnu  =   0.68631, gb_beta_nnu   =   0.46319,  gb_gamma_nnu  =    0.13872
     gb_alpha_onu  =   0.60634, gb_beta_onu   =   0.46301,  gb_gamma_onu  =    0.14226
     gb_alpha_pnu  =   0.41836, gb_beta_pnu   =   0.29005,  gb_gamma_pnu  =    0.10642

Frozen or restrained atoms:
     ibelly  =       0, ntr     =       1
     restraint_wt =  10.00000

Energy minimization:
     maxcyc  =    1000, ncyc    =      10, ntmin   =       1
     dx0     =   0.01000, drms    =   0.00010
|  INFO: Old style inpcrd file read


    LOADING THE CONSTRAINED ATOMS AS GROUPS


   5.  REFERENCE ATOM COORDINATES

  defa
     Mask !@H=; matches   799 atoms

--------------------------------------------------------------------------------
   3.  ATOMIC COORDINATES AND VELOCITIES
--------------------------------------------------------------------------------

default_name                                                                    
 begin time read from input coords =     0.000 ps

 Number of triangulated 3-point waters found:        0

--------------------------------------------------------------------------------
   4.  RESULTS
--------------------------------------------------------------------------------



   NSTEP       ENERGY          RMS            GMAX         NAME    NUMBER
      1      -2.1979E+03     9.0324E+00     6.2218E+01     OE1      1261

 BOND    =       68.6001  ANGLE   =      211.0401  DIHED      =     1079.0450
 VDWAALS =     -636.3654  EEL     =    -7197.8620  EGB        =    -1907.1706
 1-4 VDW =      445.0862  1-4 EEL =     5739.7121  RESTRAINT  =        0.0000


   NSTEP       ENERGY          RMS            GMAX         NAME    NUMBER
    100      -2.5593E+03     4.9424E-01     4.1478E+00     CE2       650

 BOND    =       31.6547  ANGLE   =      206.2001  DIHED      =     1082.4368
 VDWAALS =     -781.6349  EEL     =    -7193.2705  EGB        =    -1930.7856
 1-4 VDW =      329.6353  1-4 EEL =     5653.5143  RESTRAINT  =       42.9418
 EAMBER  =    -2602.2497


   NSTEP       ENERGY          RMS            GMAX         NAME    NUMBER
    200      -2.5711E+03     1.6247E-01     1.6570E+00     H2          3

 BOND    =       31.3451  ANGLE   =      205.4946  DIHED      =     1079.4303
 VDWAALS =     -784.4798  EEL     =    -7205.2983  EGB        =    -1927.0299
 1-4 VDW =      330.2174  1-4 EEL =     5655.7017  RESTRAINT  =       43.4970
 EAMBER  =    -2614.6188


   NSTEP       ENERGY          RMS            GMAX         NAME    NUMBER
    300      -2.5728E+03     1.9193E-01     4.5166E+00     OG1       604

 BOND    =       31.4861  ANGLE   =      206.0264  DIHED      =     1079.4651
 VDWAALS =     -785.4101  EEL     =    -7205.9913  EGB        =    -1927.8040
 1-4 VDW =      329.8550  1-4 EEL =     5655.4069  RESTRAINT  =       44.1790
 EAMBER  =    -2616.9658


   NSTEP       ENERGY          RMS            GMAX         NAME    NUMBER
    400      -2.5776E+03     3.3921E-02     6.4327E-01     CG        311

 BOND    =       31.2652  ANGLE   =      205.3715  DIHED      =     1078.3978
 VDWAALS =     -783.7132  EEL     =    -7210.3963  EGB        =    -1929.0891
 1-4 VDW =      330.7612  1-4 EEL =     5656.4710  RESTRAINT  =       43.3047
 EAMBER  =    -2620.9319


   NSTEP       ENERGY          RMS            GMAX         NAME    NUMBER
    500      -2.5776E+03     1.3372E-02     1.0268E-01     C        1588

 BOND    =       31.2017  ANGLE   =      205.2374  DIHED      =     1078.4464
 VDWAALS =     -783.6817  EEL     =    -7210.3353  EGB        =    -1929.3120
 1-4 VDW =      330.9728  1-4 EEL =     5656.6204  RESTRAINT  =       43.2015
 EAMBER  =    -2620.8501


   NSTEP       ENERGY          RMS            GMAX         NAME    NUMBER
    600      -2.5776E+03     1.7330E-03     2.0052E-02     CG2       600

 BOND    =       31.2117  ANGLE   =      205.2476  DIHED      =     1078.4615
 VDWAALS =     -783.6792  EEL     =    -7210.3262  EGB        =    -1929.3660
 1-4 VDW =      330.9738  1-4 EEL =     5656.6286  RESTRAINT  =       43.1987
 EAMBER  =    -2620.8482


   NSTEP       ENERGY          RMS            GMAX         NAME    NUMBER
    700      -2.5776E+03     1.8462E-04     2.7912E-03     C        1588

 BOND    =       31.2094  ANGLE   =      205.2474  DIHED      =     1078.4615
 VDWAALS =     -783.6809  EEL     =    -7210.3239  EGB        =    -1929.3675
 1-4 VDW =      330.9769  1-4 EEL =     5656.6297  RESTRAINT  =       43.1979
 EAMBER  =    -2620.8475


   NSTEP       ENERGY          RMS            GMAX         NAME    NUMBER
    800      -2.5776E+03     1.3579E-04     1.4255E-03     HG1       605

 BOND    =       31.2092  ANGLE   =      205.2476  DIHED      =     1078.4620
 VDWAALS =     -783.6816  EEL     =    -7210.3216  EGB        =    -1929.3693
 1-4 VDW =      330.9770  1-4 EEL =     5656.6290  RESTRAINT  =       43.1981
 EAMBER  =    -2620.8477


                    FINAL RESULTS



   NSTEP       ENERGY          RMS            GMAX         NAME    NUMBER
    821      -2.5776E+03     9.5940E-05     1.1892E-03     CD2      1363

 BOND    =       31.2092  ANGLE   =      205.2476  DIHED      =     1078.4621
 VDWAALS =     -783.6817  EEL     =    -7210.3212  EGB        =    -1929.3695
 1-4 VDW =      330.9772  1-4 EEL =     5656.6288  RESTRAINT  =       43.1980
 EAMBER  =    -2620.8476

--------------------------------------------------------------------------------
   5.  TIMINGS
--------------------------------------------------------------------------------

|                Calc gb radii             48.24 (20.37% of Gen B)
|                Calc gb diag              88.91 (37.53% of Gen B)
|                Calc gb off-diag          99.73 (42.10% of Gen B)
|             Gen Born time            236.89 (100.0% of Nonbo)
|          Nonbond force            236.89 (99.27% of Force)
|          Bond/Angle/Dihedral        1.71 ( 0.72% of Force)
|          Other                      0.02 ( 0.01% of Force)
|       Force time               238.62 (100.0% of Runmd)
|    Runmd Time               238.62 (99.75% of Total)
|    Other                      0.60 ( 0.25% of Total)
| Total time               239.22 (100.0% of ALL  )

| Number of list builds   :          0

| Highest rstack allocated:          0
| Highest istack allocated:          0
|           Job began  at 13:18:35.654  on 02/03/2016
|           Setup done at 13:18:35.752  on 02/03/2016
|           Run   done at 13:22:34.877  on 02/03/2016
|     wallclock() was called   14806 times
