
          -------------------------------------------------------
          Amber 14 SANDER                              2014
          -------------------------------------------------------

| Run on 02/03/2016 at 14:01:02

|   Executable path: sander
| Working directory: /lustre/cs1500/scratch/kmb413/RealDecoyDisc/DecoyDiscrimination/decoys.set2.init/1aaj/Rosetta_relaxed
|          Hostname: slepner13


File Assignments:
|  MDIN: /scratch/kmb413/RealDecoyDisc/DecoyDiscrimination/scripts/min/min.in  
| MDOUT: NoH_5_empty_tag_121_0001_0001.out                                     
|INPCRD: NoH_5_empty_tag_121_0001_0001.rst7                                    
|  PARM: NoH_5_empty_tag_121_0001_0001.parm7                                   
|RESTRT: min_NoH_5_empty_tag_121_0001_0001.rst7                                
|  REFC: NoH_5_empty_tag_121_0001_0001.rst7                                    
| MDVEL: mdvel                                                                 
| MDFRC: mdfrc                                                                 
|  MDEN: mden                                                                  
| MDCRD: mdcrd                                                                 
|MDINFO: mdinfo                                                                
|  MTMD: mtmd                                                                  
|INPDIP: inpdip                                                                
|RSTDIP: rstdip                                                                
|INPTRA: inptraj                                                               


 Here is the input file:

                                                                               
&cntrl                                                                         
    imin = 1, maxcyc=1000,                                                     
    ntx = 1,                                                                   
    ntwr = 100, ntpr = 100,                                                    
    cut = 999.0,                                                               
    ntb = 0, igb = 8,                                                          
    ntr = 1, restraint_wt = 10, restraintmask = "!@H=",                        
/                                                                              

--------------------------------------------------------------------------------
   1.  RESOURCE   USE: 
--------------------------------------------------------------------------------

| Flags:                                                                        
| New format PARM file being parsed.
| Version =    1.000 Date = 02/03/16 Time = 11:52:31
 NATOM  =    1590 NTYPES =      14 NBONH =     791 MBONA  =     820
 NTHETH =    1812 MTHETA =    1115 NPHIH =    3578 MPHIA  =    3525
 NHPARM =       0 NPARM  =       0 NNB   =    8805 NRES   =     104
 NBONA  =     820 NTHETA =    1115 NPHIA =    3525 NUMBND =      65
 NUMANG =     152 NPTRA  =     189 NATYP =      33 NPHB   =       0
 IFBOX  =       0 NMXRS  =      24 IFCAP =       0 NEXTRA =       0
 NCOPY  =       0

 Implicit solvent radii are ArgH and AspGluO modified Bondi2 radii (mbondi3)                                
 Replacing prmtop screening parameters with GBn2 (igb=8) values

|     Memory Use     Allocated
|     Real              145027
|     Hollerith           4876
|     Integer           109197
|     Max Pairs              1
|     nblistReal             0
|     nblist Int             0
|       Total             1578 kbytes

| Note: 1-4 EEL scale factors are being read from the topology file.

| Note: 1-4 VDW scale factors are being read from the topology file.
| Duplicated    0 dihedrals
| Duplicated    0 dihedrals

--------------------------------------------------------------------------------
   2.  CONTROL  DATA  FOR  THE  RUN
--------------------------------------------------------------------------------

default_name                                                                    

General flags:
     imin    =       1, nmropt  =       0

Nature and format of input:
     ntx     =       1, irest   =       0, ntrx    =       1

Nature and format of output:
     ntxo    =       1, ntpr    =     100, ntrx    =       1, ntwr    =     100
     iwrap   =       0, ntwx    =       0, ntwv    =       0, ntwe    =       0
     ioutfm  =       0, ntwprt  =       0, idecomp =       0, rbornstat=      0

Potential function:
     ntf     =       1, ntb     =       0, igb     =       8, nsnb    =      25
     ipol    =       0, gbsa    =       0, iesp    =       0
     dielc   =   1.00000, cut     = 999.00000, intdiel =   1.00000
     saltcon =   0.00000, offset  =   0.19514, surften =   0.00500
     rdt     =   0.00000, rgbmax  =  25.00000  extdiel =  78.50000
     alpb  =        0
     gbalphaH  =   0.78844, gbbetaH   =   0.79870,  gbgammaH  =    0.43733
     gbalphaC  =   0.73376, gbbetaC   =   0.50638,  gbgammaC  =    0.20584
     gbalphaN  =   0.50336, gbbetaN   =   0.31683,  gbgammaN  =    0.19292
     gbalphaOS =   0.86781, gbbetaOS  =   0.87664,  gbgammaOS =    0.38788
     gbalphaP  =   1.00000, gbbetaP   =   0.80000,  gbgammaP  =    4.85000
     gb_alpha_hnu  =   0.53705, gb_beta_hnu   =   0.36286,  gb_gamma_hnu  =    0.11670
     gb_alpha_cnu  =   0.33167, gb_beta_cnu   =   0.19684,  gb_gamma_cnu  =    0.09342
     gb_alpha_nnu  =   0.68631, gb_beta_nnu   =   0.46319,  gb_gamma_nnu  =    0.13872
     gb_alpha_onu  =   0.60634, gb_beta_onu   =   0.46301,  gb_gamma_onu  =    0.14226
     gb_alpha_pnu  =   0.41836, gb_beta_pnu   =   0.29005,  gb_gamma_pnu  =    0.10642

Frozen or restrained atoms:
     ibelly  =       0, ntr     =       1
     restraint_wt =  10.00000

Energy minimization:
     maxcyc  =    1000, ncyc    =      10, ntmin   =       1
     dx0     =   0.01000, drms    =   0.00010
|  INFO: Old style inpcrd file read


    LOADING THE CONSTRAINED ATOMS AS GROUPS


   5.  REFERENCE ATOM COORDINATES

  defa
     Mask !@H=; matches   799 atoms

--------------------------------------------------------------------------------
   3.  ATOMIC COORDINATES AND VELOCITIES
--------------------------------------------------------------------------------

default_name                                                                    
 begin time read from input coords =     0.000 ps

 Number of triangulated 3-point waters found:        0

--------------------------------------------------------------------------------
   4.  RESULTS
--------------------------------------------------------------------------------



   NSTEP       ENERGY          RMS            GMAX         NAME    NUMBER
      1      -2.1849E+03     9.0443E+00     6.7427E+01     OXT      1590

 BOND    =       70.0131  ANGLE   =      211.0952  DIHED      =     1081.3296
 VDWAALS =     -615.2985  EEL     =    -7179.2879  EGB        =    -1947.0347
 1-4 VDW =      439.3047  1-4 EEL =     5755.0185  RESTRAINT  =        0.0000


   NSTEP       ENERGY          RMS            GMAX         NAME    NUMBER
    100      -2.5398E+03     6.1719E-01     7.1659E+00     C        1588

 BOND    =       32.5460  ANGLE   =      209.2068  DIHED      =     1081.4955
 VDWAALS =     -751.8329  EEL     =    -7192.3329  EGB        =    -1963.9020
 1-4 VDW =      326.5066  1-4 EEL =     5674.1974  RESTRAINT  =       44.3176
 EAMBER  =    -2584.1154


   NSTEP       ENERGY          RMS            GMAX         NAME    NUMBER
    200      -2.5459E+03     1.7616E-01     2.1466E+00     CE2       650

 BOND    =       31.6152  ANGLE   =      207.7437  DIHED      =     1080.7061
 VDWAALS =     -753.3088  EEL     =    -7195.9246  EGB        =    -1962.9729
 1-4 VDW =      328.6017  1-4 EEL =     5674.8093  RESTRAINT  =       42.8362
 EAMBER  =    -2588.7304


   NSTEP       ENERGY          RMS            GMAX         NAME    NUMBER
    300      -2.5477E+03     7.3243E-02     8.9187E-01     CE2       650

 BOND    =       31.4810  ANGLE   =      207.1152  DIHED      =     1079.5666
 VDWAALS =     -753.0741  EEL     =    -7195.8187  EGB        =    -1962.8262
 1-4 VDW =      329.1889  1-4 EEL =     5674.2155  RESTRAINT  =       42.4915
 EAMBER  =    -2590.1520


   NSTEP       ENERGY          RMS            GMAX         NAME    NUMBER
    400      -2.5607E+03     4.6016E-01     6.7140E+00     HG1       605

 BOND    =       32.9306  ANGLE   =      210.0617  DIHED      =     1077.8724
 VDWAALS =     -751.7545  EEL     =    -7220.8687  EGB        =    -1951.6779
 1-4 VDW =      326.6178  1-4 EEL =     5673.0814  RESTRAINT  =       43.0421
 EAMBER  =    -2603.7371


   NSTEP       ENERGY          RMS            GMAX         NAME    NUMBER
    500      -2.5631E+03     4.6147E-02     6.1238E-01     N          25

 BOND    =       31.5822  ANGLE   =      207.0623  DIHED      =     1077.3235
 VDWAALS =     -750.1525  EEL     =    -7224.1935  EGB        =    -1949.8185
 1-4 VDW =      329.4508  1-4 EEL =     5674.5407  RESTRAINT  =       41.0685
 EAMBER  =    -2604.2051


   NSTEP       ENERGY          RMS            GMAX         NAME    NUMBER
    600      -2.5633E+03     8.3374E-02     1.2671E+00     HG1       635

 BOND    =       31.6497  ANGLE   =      207.1181  DIHED      =     1077.2908
 VDWAALS =     -750.0168  EEL     =    -7225.9275  EGB        =    -1949.1363
 1-4 VDW =      329.4032  1-4 EEL =     5675.1688  RESTRAINT  =       41.1336
 EAMBER  =    -2604.4500


   NSTEP       ENERGY          RMS            GMAX         NAME    NUMBER
    700      -2.5641E+03     4.7461E-02     9.4264E-01     CD        729

 BOND    =       31.5861  ANGLE   =      206.9640  DIHED      =     1076.0870
 VDWAALS =     -750.2393  EEL     =    -7225.8497  EGB        =    -1949.1371
 1-4 VDW =      329.5167  1-4 EEL =     5675.8146  RESTRAINT  =       41.1186
 EAMBER  =    -2605.2577


   NSTEP       ENERGY          RMS            GMAX         NAME    NUMBER
    800      -2.5642E+03     5.3076E-03     5.9777E-02     OG       1179

 BOND    =       31.5157  ANGLE   =      206.8672  DIHED      =     1075.8869
 VDWAALS =     -750.2006  EEL     =    -7225.6652  EGB        =    -1949.2055
 1-4 VDW =      329.6765  1-4 EEL =     5675.8906  RESTRAINT  =       41.0468
 EAMBER  =    -2605.2344


   NSTEP       ENERGY          RMS            GMAX         NAME    NUMBER
    900      -2.5642E+03     7.3884E-04     1.0614E-02     CD        729

 BOND    =       31.5080  ANGLE   =      206.8597  DIHED      =     1075.8764
 VDWAALS =     -750.1937  EEL     =    -7225.6525  EGB        =    -1949.2079
 1-4 VDW =      329.6975  1-4 EEL =     5675.8893  RESTRAINT  =       41.0351
 EAMBER  =    -2605.2232


   NSTEP       ENERGY          RMS            GMAX         NAME    NUMBER
   1000      -2.5642E+03     1.8862E-04     2.3245E-03     C         606

 BOND    =       31.5075  ANGLE   =      206.8595  DIHED      =     1075.8751
 VDWAALS =     -750.1930  EEL     =    -7225.6524  EGB        =    -1949.2088
 1-4 VDW =      329.6983  1-4 EEL =     5675.8903  RESTRAINT  =       41.0354
 EAMBER  =    -2605.2235


  Maximum number of minimization cycles reached.


                    FINAL RESULTS



   NSTEP       ENERGY          RMS            GMAX         NAME    NUMBER
   1000      -2.5642E+03     1.8862E-04     2.3245E-03     C         606

 BOND    =       31.5075  ANGLE   =      206.8595  DIHED      =     1075.8751
 VDWAALS =     -750.1930  EEL     =    -7225.6524  EGB        =    -1949.2088
 1-4 VDW =      329.6983  1-4 EEL =     5675.8903  RESTRAINT  =       41.0354
 EAMBER  =    -2605.2235

--------------------------------------------------------------------------------
   5.  TIMINGS
--------------------------------------------------------------------------------

|                Calc gb radii             54.99 (19.84% of Gen B)
|                Calc gb diag             101.43 (36.60% of Gen B)
|                Calc gb off-diag         120.72 (43.56% of Gen B)
|             Gen Born time            277.14 (100.0% of Nonbo)
|          Nonbond force            277.14 (99.26% of Force)
|          Bond/Angle/Dihedral        2.06 ( 0.74% of Force)
|          Other                      0.01 ( 0.01% of Force)
|       Force time               279.21 (100.0% of Runmd)
|    Runmd Time               279.21 (99.69% of Total)
|    Other                      0.86 ( 0.31% of Total)
| Total time               280.08 (100.0% of ALL  )

| Number of list builds   :          0

| Highest rstack allocated:          0
| Highest istack allocated:          0
|           Job began  at 14:01:02.094  on 02/03/2016
|           Setup done at 14:01:02.144  on 02/03/2016
|           Run   done at 14:05:42.172  on 02/03/2016
|     wallclock() was called   18028 times
