
          -------------------------------------------------------
          Amber 14 SANDER                              2014
          -------------------------------------------------------

| Run on 02/03/2016 at 12:54:08

|   Executable path: sander
| Working directory: /lustre/cs1500/scratch/kmb413/RealDecoyDisc/DecoyDiscrimination/decoys.set2.init/1aaj/Rosetta_relaxed
|          Hostname: slepner25


File Assignments:
|  MDIN: /scratch/kmb413/RealDecoyDisc/DecoyDiscrimination/scripts/min/min.in  
| MDOUT: NoH_4_empty_tag_1258_0001_0001.out                                    
|INPCRD: NoH_4_empty_tag_1258_0001_0001.rst7                                   
|  PARM: NoH_4_empty_tag_1258_0001_0001.parm7                                  
|RESTRT: min_NoH_4_empty_tag_1258_0001_0001.rst7                               
|  REFC: NoH_4_empty_tag_1258_0001_0001.rst7                                   
| MDVEL: mdvel                                                                 
| MDFRC: mdfrc                                                                 
|  MDEN: mden                                                                  
| MDCRD: mdcrd                                                                 
|MDINFO: mdinfo                                                                
|  MTMD: mtmd                                                                  
|INPDIP: inpdip                                                                
|RSTDIP: rstdip                                                                
|INPTRA: inptraj                                                               


 Here is the input file:

                                                                               
&cntrl                                                                         
    imin = 1, maxcyc=1000,                                                     
    ntx = 1,                                                                   
    ntwr = 100, ntpr = 100,                                                    
    cut = 999.0,                                                               
    ntb = 0, igb = 8,                                                          
    ntr = 1, restraint_wt = 10, restraintmask = "!@H=",                        
/                                                                              

--------------------------------------------------------------------------------
   1.  RESOURCE   USE: 
--------------------------------------------------------------------------------

| Flags:                                                                        
| New format PARM file being parsed.
| Version =    1.000 Date = 02/03/16 Time = 11:50:45
 NATOM  =    1590 NTYPES =      14 NBONH =     791 MBONA  =     820
 NTHETH =    1812 MTHETA =    1115 NPHIH =    3578 MPHIA  =    3525
 NHPARM =       0 NPARM  =       0 NNB   =    8805 NRES   =     104
 NBONA  =     820 NTHETA =    1115 NPHIA =    3525 NUMBND =      65
 NUMANG =     152 NPTRA  =     189 NATYP =      33 NPHB   =       0
 IFBOX  =       0 NMXRS  =      24 IFCAP =       0 NEXTRA =       0
 NCOPY  =       0

 Implicit solvent radii are ArgH and AspGluO modified Bondi2 radii (mbondi3)                                
 Replacing prmtop screening parameters with GBn2 (igb=8) values

|     Memory Use     Allocated
|     Real              145027
|     Hollerith           4876
|     Integer           109197
|     Max Pairs              1
|     nblistReal             0
|     nblist Int             0
|       Total             1578 kbytes

| Note: 1-4 EEL scale factors are being read from the topology file.

| Note: 1-4 VDW scale factors are being read from the topology file.
| Duplicated    0 dihedrals
| Duplicated    0 dihedrals

--------------------------------------------------------------------------------
   2.  CONTROL  DATA  FOR  THE  RUN
--------------------------------------------------------------------------------

default_name                                                                    

General flags:
     imin    =       1, nmropt  =       0

Nature and format of input:
     ntx     =       1, irest   =       0, ntrx    =       1

Nature and format of output:
     ntxo    =       1, ntpr    =     100, ntrx    =       1, ntwr    =     100
     iwrap   =       0, ntwx    =       0, ntwv    =       0, ntwe    =       0
     ioutfm  =       0, ntwprt  =       0, idecomp =       0, rbornstat=      0

Potential function:
     ntf     =       1, ntb     =       0, igb     =       8, nsnb    =      25
     ipol    =       0, gbsa    =       0, iesp    =       0
     dielc   =   1.00000, cut     = 999.00000, intdiel =   1.00000
     saltcon =   0.00000, offset  =   0.19514, surften =   0.00500
     rdt     =   0.00000, rgbmax  =  25.00000  extdiel =  78.50000
     alpb  =        0
     gbalphaH  =   0.78844, gbbetaH   =   0.79870,  gbgammaH  =    0.43733
     gbalphaC  =   0.73376, gbbetaC   =   0.50638,  gbgammaC  =    0.20584
     gbalphaN  =   0.50336, gbbetaN   =   0.31683,  gbgammaN  =    0.19292
     gbalphaOS =   0.86781, gbbetaOS  =   0.87664,  gbgammaOS =    0.38788
     gbalphaP  =   1.00000, gbbetaP   =   0.80000,  gbgammaP  =    4.85000
     gb_alpha_hnu  =   0.53705, gb_beta_hnu   =   0.36286,  gb_gamma_hnu  =    0.11670
     gb_alpha_cnu  =   0.33167, gb_beta_cnu   =   0.19684,  gb_gamma_cnu  =    0.09342
     gb_alpha_nnu  =   0.68631, gb_beta_nnu   =   0.46319,  gb_gamma_nnu  =    0.13872
     gb_alpha_onu  =   0.60634, gb_beta_onu   =   0.46301,  gb_gamma_onu  =    0.14226
     gb_alpha_pnu  =   0.41836, gb_beta_pnu   =   0.29005,  gb_gamma_pnu  =    0.10642

Frozen or restrained atoms:
     ibelly  =       0, ntr     =       1
     restraint_wt =  10.00000

Energy minimization:
     maxcyc  =    1000, ncyc    =      10, ntmin   =       1
     dx0     =   0.01000, drms    =   0.00010
|  INFO: Old style inpcrd file read


    LOADING THE CONSTRAINED ATOMS AS GROUPS


   5.  REFERENCE ATOM COORDINATES

  defa
     Mask !@H=; matches   799 atoms

--------------------------------------------------------------------------------
   3.  ATOMIC COORDINATES AND VELOCITIES
--------------------------------------------------------------------------------

default_name                                                                    
 begin time read from input coords =     0.000 ps

 Number of triangulated 3-point waters found:        0

--------------------------------------------------------------------------------
   4.  RESULTS
--------------------------------------------------------------------------------



   NSTEP       ENERGY          RMS            GMAX         NAME    NUMBER
      1      -2.2305E+03     9.0601E+00     6.0996E+01     OE1       945

 BOND    =       69.8626  ANGLE   =      211.2555  DIHED      =     1079.9854
 VDWAALS =     -678.7341  EEL     =    -7455.7225  EGB        =    -1576.6019
 1-4 VDW =      438.0382  1-4 EEL =     5681.4376  RESTRAINT  =        0.0000


   NSTEP       ENERGY          RMS            GMAX         NAME    NUMBER
    100      -2.5860E+03     3.8490E-01     3.5841E+00     CE2       650

 BOND    =       30.8455  ANGLE   =      206.9523  DIHED      =     1082.8729
 VDWAALS =     -809.7330  EEL     =    -7464.3507  EGB        =    -1600.1905
 1-4 VDW =      329.1499  1-4 EEL =     5596.3895  RESTRAINT  =       42.0789
 EAMBER  =    -2628.0642


   NSTEP       ENERGY          RMS            GMAX         NAME    NUMBER
    200      -2.6051E+03     5.8045E-01     9.6818E+00     CD        193

 BOND    =       31.7366  ANGLE   =      207.9627  DIHED      =     1079.5939
 VDWAALS =     -809.8868  EEL     =    -7480.4114  EGB        =    -1602.7371
 1-4 VDW =      328.1095  1-4 EEL =     5597.4072  RESTRAINT  =       43.1739
 EAMBER  =    -2648.2255


   NSTEP       ENERGY          RMS            GMAX         NAME    NUMBER
    300      -2.6067E+03     2.4050E-02     4.0772E-01     HG1       635

 BOND    =       30.6512  ANGLE   =      206.0547  DIHED      =     1078.9449
 VDWAALS =     -809.7369  EEL     =    -7481.0542  EGB        =    -1602.2778
 1-4 VDW =      329.9783  1-4 EEL =     5598.7633  RESTRAINT  =       41.9281
 EAMBER  =    -2648.6764


   NSTEP       ENERGY          RMS            GMAX         NAME    NUMBER
    400      -2.6068E+03     8.5355E-03     9.2361E-02     CA        626

 BOND    =       30.6125  ANGLE   =      206.0368  DIHED      =     1078.9398
 VDWAALS =     -809.8146  EEL     =    -7480.9711  EGB        =    -1602.3411
 1-4 VDW =      330.0637  1-4 EEL =     5598.7765  RESTRAINT  =       41.9297
 EAMBER  =    -2648.6975


   NSTEP       ENERGY          RMS            GMAX         NAME    NUMBER
    500      -2.6068E+03     4.1822E-03     4.5211E-02     CA        596

 BOND    =       30.6049  ANGLE   =      206.0173  DIHED      =     1078.9388
 VDWAALS =     -809.8403  EEL     =    -7480.9504  EGB        =    -1602.3498
 1-4 VDW =      330.0853  1-4 EEL =     5598.7904  RESTRAINT  =       41.9336
 EAMBER  =    -2648.7038


   NSTEP       ENERGY          RMS            GMAX         NAME    NUMBER
    600      -2.6068E+03     1.5022E-03     1.9709E-02     CD        193

 BOND    =       30.6004  ANGLE   =      206.0131  DIHED      =     1078.9385
 VDWAALS =     -809.8442  EEL     =    -7480.9436  EGB        =    -1602.3523
 1-4 VDW =      330.0972  1-4 EEL =     5598.7882  RESTRAINT  =       41.9320
 EAMBER  =    -2648.7027


   NSTEP       ENERGY          RMS            GMAX         NAME    NUMBER
    700      -2.6068E+03     3.3599E-04     3.8719E-03     CD        193

 BOND    =       30.5982  ANGLE   =      206.0086  DIHED      =     1078.9382
 VDWAALS =     -809.8455  EEL     =    -7480.9418  EGB        =    -1602.3521
 1-4 VDW =      330.1048  1-4 EEL =     5598.7890  RESTRAINT  =       41.9298
 EAMBER  =    -2648.7006


   NSTEP       ENERGY          RMS            GMAX         NAME    NUMBER
    800      -2.6068E+03     3.4352E-04     4.3238E-03     CG       1324

 BOND    =       30.5983  ANGLE   =      206.0090  DIHED      =     1078.9384
 VDWAALS =     -809.8475  EEL     =    -7480.9413  EGB        =    -1602.3525
 1-4 VDW =      330.1051  1-4 EEL =     5598.7887  RESTRAINT  =       41.9310
 EAMBER  =    -2648.7018


   NSTEP       ENERGY          RMS            GMAX         NAME    NUMBER
    900      -2.6068E+03     2.1297E-04     3.7196E-03     CD        193

 BOND    =       30.5983  ANGLE   =      206.0091  DIHED      =     1078.9385
 VDWAALS =     -809.8487  EEL     =    -7480.9410  EGB        =    -1602.3525
 1-4 VDW =      330.1052  1-4 EEL =     5598.7886  RESTRAINT  =       41.9316
 EAMBER  =    -2648.7025


                    FINAL RESULTS



   NSTEP       ENERGY          RMS            GMAX         NAME    NUMBER
    923      -2.6068E+03     9.4974E-05     1.2281E-03     N           1

 BOND    =       30.5983  ANGLE   =      206.0094  DIHED      =     1078.9385
 VDWAALS =     -809.8490  EEL     =    -7480.9413  EGB        =    -1602.3526
 1-4 VDW =      330.1051  1-4 EEL =     5598.7888  RESTRAINT  =       41.9318
 EAMBER  =    -2648.7027

--------------------------------------------------------------------------------
   5.  TIMINGS
--------------------------------------------------------------------------------

|                Calc gb radii             55.33 (20.48% of Gen B)
|                Calc gb diag             102.80 (38.05% of Gen B)
|                Calc gb off-diag         112.04 (41.47% of Gen B)
|             Gen Born time            270.18 (100.0% of Nonbo)
|          Nonbond force            270.18 (99.28% of Force)
|          Bond/Angle/Dihedral        1.94 ( 0.71% of Force)
|          Other                      0.02 ( 0.01% of Force)
|       Force time               272.13 (100.0% of Runmd)
|    Runmd Time               272.13 (99.68% of Total)
|    Other                      0.88 ( 0.32% of Total)
| Total time               273.01 (100.0% of ALL  )

| Number of list builds   :          0

| Highest rstack allocated:          0
| Highest istack allocated:          0
|           Job began  at 12:54:08.847  on 02/03/2016
|           Setup done at 12:54:08.917  on 02/03/2016
|           Run   done at 12:58:41.857  on 02/03/2016
|     wallclock() was called   16642 times
