
          -------------------------------------------------------
          Amber 14 SANDER                              2014
          -------------------------------------------------------

| Run on 02/03/2016 at 12:31:18

|   Executable path: sander
| Working directory: /lustre/cs1500/scratch/kmb413/RealDecoyDisc/DecoyDiscrimination/decoys.set2.init/1aaj/Rosetta_relaxed
|          Hostname: slepner13


File Assignments:
|  MDIN: /scratch/kmb413/RealDecoyDisc/DecoyDiscrimination/scripts/min/min.in  
| MDOUT: NoH_2_empty_tag_1026_0001_0001.out                                    
|INPCRD: NoH_2_empty_tag_1026_0001_0001.rst7                                   
|  PARM: NoH_2_empty_tag_1026_0001_0001.parm7                                  
|RESTRT: min_NoH_2_empty_tag_1026_0001_0001.rst7                               
|  REFC: NoH_2_empty_tag_1026_0001_0001.rst7                                   
| MDVEL: mdvel                                                                 
| MDFRC: mdfrc                                                                 
|  MDEN: mden                                                                  
| MDCRD: mdcrd                                                                 
|MDINFO: mdinfo                                                                
|  MTMD: mtmd                                                                  
|INPDIP: inpdip                                                                
|RSTDIP: rstdip                                                                
|INPTRA: inptraj                                                               


 Here is the input file:

                                                                               
&cntrl                                                                         
    imin = 1, maxcyc=1000,                                                     
    ntx = 1,                                                                   
    ntwr = 100, ntpr = 100,                                                    
    cut = 999.0,                                                               
    ntb = 0, igb = 8,                                                          
    ntr = 1, restraint_wt = 10, restraintmask = "!@H=",                        
/                                                                              

--------------------------------------------------------------------------------
   1.  RESOURCE   USE: 
--------------------------------------------------------------------------------

| Flags:                                                                        
| New format PARM file being parsed.
| Version =    1.000 Date = 02/03/16 Time = 11:46:19
 NATOM  =    1590 NTYPES =      14 NBONH =     791 MBONA  =     820
 NTHETH =    1812 MTHETA =    1115 NPHIH =    3578 MPHIA  =    3525
 NHPARM =       0 NPARM  =       0 NNB   =    8805 NRES   =     104
 NBONA  =     820 NTHETA =    1115 NPHIA =    3525 NUMBND =      65
 NUMANG =     152 NPTRA  =     189 NATYP =      33 NPHB   =       0
 IFBOX  =       0 NMXRS  =      24 IFCAP =       0 NEXTRA =       0
 NCOPY  =       0

 Implicit solvent radii are ArgH and AspGluO modified Bondi2 radii (mbondi3)                                
 Replacing prmtop screening parameters with GBn2 (igb=8) values

|     Memory Use     Allocated
|     Real              145027
|     Hollerith           4876
|     Integer           109197
|     Max Pairs              1
|     nblistReal             0
|     nblist Int             0
|       Total             1578 kbytes

| Note: 1-4 EEL scale factors are being read from the topology file.

| Note: 1-4 VDW scale factors are being read from the topology file.
| Duplicated    0 dihedrals
| Duplicated    0 dihedrals

--------------------------------------------------------------------------------
   2.  CONTROL  DATA  FOR  THE  RUN
--------------------------------------------------------------------------------

default_name                                                                    

General flags:
     imin    =       1, nmropt  =       0

Nature and format of input:
     ntx     =       1, irest   =       0, ntrx    =       1

Nature and format of output:
     ntxo    =       1, ntpr    =     100, ntrx    =       1, ntwr    =     100
     iwrap   =       0, ntwx    =       0, ntwv    =       0, ntwe    =       0
     ioutfm  =       0, ntwprt  =       0, idecomp =       0, rbornstat=      0

Potential function:
     ntf     =       1, ntb     =       0, igb     =       8, nsnb    =      25
     ipol    =       0, gbsa    =       0, iesp    =       0
     dielc   =   1.00000, cut     = 999.00000, intdiel =   1.00000
     saltcon =   0.00000, offset  =   0.19514, surften =   0.00500
     rdt     =   0.00000, rgbmax  =  25.00000  extdiel =  78.50000
     alpb  =        0
     gbalphaH  =   0.78844, gbbetaH   =   0.79870,  gbgammaH  =    0.43733
     gbalphaC  =   0.73376, gbbetaC   =   0.50638,  gbgammaC  =    0.20584
     gbalphaN  =   0.50336, gbbetaN   =   0.31683,  gbgammaN  =    0.19292
     gbalphaOS =   0.86781, gbbetaOS  =   0.87664,  gbgammaOS =    0.38788
     gbalphaP  =   1.00000, gbbetaP   =   0.80000,  gbgammaP  =    4.85000
     gb_alpha_hnu  =   0.53705, gb_beta_hnu   =   0.36286,  gb_gamma_hnu  =    0.11670
     gb_alpha_cnu  =   0.33167, gb_beta_cnu   =   0.19684,  gb_gamma_cnu  =    0.09342
     gb_alpha_nnu  =   0.68631, gb_beta_nnu   =   0.46319,  gb_gamma_nnu  =    0.13872
     gb_alpha_onu  =   0.60634, gb_beta_onu   =   0.46301,  gb_gamma_onu  =    0.14226
     gb_alpha_pnu  =   0.41836, gb_beta_pnu   =   0.29005,  gb_gamma_pnu  =    0.10642

Frozen or restrained atoms:
     ibelly  =       0, ntr     =       1
     restraint_wt =  10.00000

Energy minimization:
     maxcyc  =    1000, ncyc    =      10, ntmin   =       1
     dx0     =   0.01000, drms    =   0.00010
|  INFO: Old style inpcrd file read


    LOADING THE CONSTRAINED ATOMS AS GROUPS


   5.  REFERENCE ATOM COORDINATES

  defa
     Mask !@H=; matches   799 atoms

--------------------------------------------------------------------------------
   3.  ATOMIC COORDINATES AND VELOCITIES
--------------------------------------------------------------------------------

default_name                                                                    
 begin time read from input coords =     0.000 ps

 Number of triangulated 3-point waters found:        0

--------------------------------------------------------------------------------
   4.  RESULTS
--------------------------------------------------------------------------------



   NSTEP       ENERGY          RMS            GMAX         NAME    NUMBER
      1      -2.1663E+03     9.1597E+00     7.8475E+01     OE1       194

 BOND    =       69.6229  ANGLE   =      210.9249  DIHED      =     1067.4963
 VDWAALS =     -583.2701  EEL     =    -7087.8706  EGB        =    -1950.0785
 1-4 VDW =      438.5895  1-4 EEL =     5668.2631  RESTRAINT  =        0.0000


   NSTEP       ENERGY          RMS            GMAX         NAME    NUMBER
    100      -2.5267E+03     2.2801E-01     2.0042E+00     CE2       650

 BOND    =       32.0946  ANGLE   =      206.5541  DIHED      =     1069.9636
 VDWAALS =     -724.1011  EEL     =    -7096.8693  EGB        =    -1963.5899
 1-4 VDW =      326.9720  1-4 EEL =     5584.7832  RESTRAINT  =       37.4684
 EAMBER  =    -2564.1929


   NSTEP       ENERGY          RMS            GMAX         NAME    NUMBER
    200      -2.5290E+03     2.9766E-01     7.1134E+00     H1          2

 BOND    =       32.4422  ANGLE   =      207.5653  DIHED      =     1070.2510
 VDWAALS =     -728.0311  EEL     =    -7098.5644  EGB        =    -1964.1134
 1-4 VDW =      326.7158  1-4 EEL =     5584.8309  RESTRAINT  =       39.8793
 EAMBER  =    -2568.9037


   NSTEP       ENERGY          RMS            GMAX         NAME    NUMBER
    300      -2.5309E+03     1.1358E-01     3.0034E+00     CD       1260

 BOND    =       31.9015  ANGLE   =      206.4733  DIHED      =     1068.3814
 VDWAALS =     -727.4115  EEL     =    -7097.5417  EGB        =    -1964.5461
 1-4 VDW =      327.6135  1-4 EEL =     5584.9077  RESTRAINT  =       39.3346
 EAMBER  =    -2570.2219


   NSTEP       ENERGY          RMS            GMAX         NAME    NUMBER
    400      -2.5309E+03     5.6637E-03     6.9880E-02     HG3        12

 BOND    =       31.7949  ANGLE   =      206.3226  DIHED      =     1068.3602
 VDWAALS =     -727.2905  EEL     =    -7097.4772  EGB        =    -1964.5283
 1-4 VDW =      327.8663  1-4 EEL =     5584.8934  RESTRAINT  =       39.1125
 EAMBER  =    -2570.0586


   NSTEP       ENERGY          RMS            GMAX         NAME    NUMBER
    500      -2.5309E+03     3.5161E-03     4.7266E-02     CG        311

 BOND    =       31.7924  ANGLE   =      206.3198  DIHED      =     1068.3629
 VDWAALS =     -727.2893  EEL     =    -7097.5158  EGB        =    -1964.5082
 1-4 VDW =      327.8827  1-4 EEL =     5584.9043  RESTRAINT  =       39.1044
 EAMBER  =    -2570.0514


   NSTEP       ENERGY          RMS            GMAX         NAME    NUMBER
    600      -2.5309E+03     6.0171E-04     1.1451E-02     CD         13

 BOND    =       31.7921  ANGLE   =      206.3143  DIHED      =     1068.3627
 VDWAALS =     -727.2899  EEL     =    -7097.5230  EGB        =    -1964.5016
 1-4 VDW =      327.8886  1-4 EEL =     5584.9059  RESTRAINT  =       39.1038
 EAMBER  =    -2570.0509


                    FINAL RESULTS



   NSTEP       ENERGY          RMS            GMAX         NAME    NUMBER
    654      -2.5309E+03     8.0158E-05     1.6848E-03     CD       1260

 BOND    =       31.7918  ANGLE   =      206.3132  DIHED      =     1068.3627
 VDWAALS =     -727.2891  EEL     =    -7097.5238  EGB        =    -1964.5010
 1-4 VDW =      327.8895  1-4 EEL =     5584.9061  RESTRAINT  =       39.1035
 EAMBER  =    -2570.0505

--------------------------------------------------------------------------------
   5.  TIMINGS
--------------------------------------------------------------------------------

|                Calc gb radii             37.13 (19.98% of Gen B)
|                Calc gb diag              68.34 (36.78% of Gen B)
|                Calc gb off-diag          80.33 (43.23% of Gen B)
|             Gen Born time            185.80 (100.0% of Nonbo)
|          Nonbond force            185.80 (99.27% of Force)
|          Bond/Angle/Dihedral        1.36 ( 0.73% of Force)
|          Other                      0.01 ( 0.01% of Force)
|       Force time               187.18 (100.0% of Runmd)
|    Runmd Time               187.18 (99.73% of Total)
|    Other                      0.50 ( 0.27% of Total)
| Total time               187.68 (100.0% of ALL  )

| Number of list builds   :          0

| Highest rstack allocated:          0
| Highest istack allocated:          0
|           Job began  at 12:31:18.384  on 02/03/2016
|           Setup done at 12:31:18.455  on 02/03/2016
|           Run   done at 12:34:26.069  on 02/03/2016
|     wallclock() was called   11800 times
