
          -------------------------------------------------------
          Amber 14 SANDER                              2014
          -------------------------------------------------------

| Run on 02/03/2016 at 13:15:50

|   Executable path: sander
| Working directory: /lustre/cs1500/scratch/kmb413/RealDecoyDisc/DecoyDiscrimination/decoys.set2.init/1aaj/Rosetta_relaxed
|          Hostname: slepner36


File Assignments:
|  MDIN: /scratch/kmb413/RealDecoyDisc/DecoyDiscrimination/scripts/min/min.in  
| MDOUT: NoH_4_empty_tag_1_584_0001.out                                        
|INPCRD: NoH_4_empty_tag_1_584_0001.rst7                                       
|  PARM: NoH_4_empty_tag_1_584_0001.parm7                                      
|RESTRT: min_NoH_4_empty_tag_1_584_0001.rst7                                   
|  REFC: NoH_4_empty_tag_1_584_0001.rst7                                       
| MDVEL: mdvel                                                                 
| MDFRC: mdfrc                                                                 
|  MDEN: mden                                                                  
| MDCRD: mdcrd                                                                 
|MDINFO: mdinfo                                                                
|  MTMD: mtmd                                                                  
|INPDIP: inpdip                                                                
|RSTDIP: rstdip                                                                
|INPTRA: inptraj                                                               


 Here is the input file:

                                                                               
&cntrl                                                                         
    imin = 1, maxcyc=1000,                                                     
    ntx = 1,                                                                   
    ntwr = 100, ntpr = 100,                                                    
    cut = 999.0,                                                               
    ntb = 0, igb = 8,                                                          
    ntr = 1, restraint_wt = 10, restraintmask = "!@H=",                        
/                                                                              

--------------------------------------------------------------------------------
   1.  RESOURCE   USE: 
--------------------------------------------------------------------------------

| Flags:                                                                        
| New format PARM file being parsed.
| Version =    1.000 Date = 02/03/16 Time = 11:51:15
 NATOM  =    1590 NTYPES =      14 NBONH =     791 MBONA  =     820
 NTHETH =    1812 MTHETA =    1115 NPHIH =    3578 MPHIA  =    3525
 NHPARM =       0 NPARM  =       0 NNB   =    8805 NRES   =     104
 NBONA  =     820 NTHETA =    1115 NPHIA =    3525 NUMBND =      65
 NUMANG =     152 NPTRA  =     189 NATYP =      33 NPHB   =       0
 IFBOX  =       0 NMXRS  =      24 IFCAP =       0 NEXTRA =       0
 NCOPY  =       0

 Implicit solvent radii are ArgH and AspGluO modified Bondi2 radii (mbondi3)                                
 Replacing prmtop screening parameters with GBn2 (igb=8) values

|     Memory Use     Allocated
|     Real              145027
|     Hollerith           4876
|     Integer           109197
|     Max Pairs              1
|     nblistReal             0
|     nblist Int             0
|       Total             1578 kbytes

| Note: 1-4 EEL scale factors are being read from the topology file.

| Note: 1-4 VDW scale factors are being read from the topology file.
| Duplicated    0 dihedrals
| Duplicated    0 dihedrals

--------------------------------------------------------------------------------
   2.  CONTROL  DATA  FOR  THE  RUN
--------------------------------------------------------------------------------

default_name                                                                    

General flags:
     imin    =       1, nmropt  =       0

Nature and format of input:
     ntx     =       1, irest   =       0, ntrx    =       1

Nature and format of output:
     ntxo    =       1, ntpr    =     100, ntrx    =       1, ntwr    =     100
     iwrap   =       0, ntwx    =       0, ntwv    =       0, ntwe    =       0
     ioutfm  =       0, ntwprt  =       0, idecomp =       0, rbornstat=      0

Potential function:
     ntf     =       1, ntb     =       0, igb     =       8, nsnb    =      25
     ipol    =       0, gbsa    =       0, iesp    =       0
     dielc   =   1.00000, cut     = 999.00000, intdiel =   1.00000
     saltcon =   0.00000, offset  =   0.19514, surften =   0.00500
     rdt     =   0.00000, rgbmax  =  25.00000  extdiel =  78.50000
     alpb  =        0
     gbalphaH  =   0.78844, gbbetaH   =   0.79870,  gbgammaH  =    0.43733
     gbalphaC  =   0.73376, gbbetaC   =   0.50638,  gbgammaC  =    0.20584
     gbalphaN  =   0.50336, gbbetaN   =   0.31683,  gbgammaN  =    0.19292
     gbalphaOS =   0.86781, gbbetaOS  =   0.87664,  gbgammaOS =    0.38788
     gbalphaP  =   1.00000, gbbetaP   =   0.80000,  gbgammaP  =    4.85000
     gb_alpha_hnu  =   0.53705, gb_beta_hnu   =   0.36286,  gb_gamma_hnu  =    0.11670
     gb_alpha_cnu  =   0.33167, gb_beta_cnu   =   0.19684,  gb_gamma_cnu  =    0.09342
     gb_alpha_nnu  =   0.68631, gb_beta_nnu   =   0.46319,  gb_gamma_nnu  =    0.13872
     gb_alpha_onu  =   0.60634, gb_beta_onu   =   0.46301,  gb_gamma_onu  =    0.14226
     gb_alpha_pnu  =   0.41836, gb_beta_pnu   =   0.29005,  gb_gamma_pnu  =    0.10642

Frozen or restrained atoms:
     ibelly  =       0, ntr     =       1
     restraint_wt =  10.00000

Energy minimization:
     maxcyc  =    1000, ncyc    =      10, ntmin   =       1
     dx0     =   0.01000, drms    =   0.00010
|  INFO: Old style inpcrd file read


    LOADING THE CONSTRAINED ATOMS AS GROUPS


   5.  REFERENCE ATOM COORDINATES

  defa
     Mask !@H=; matches   799 atoms

--------------------------------------------------------------------------------
   3.  ATOMIC COORDINATES AND VELOCITIES
--------------------------------------------------------------------------------

default_name                                                                    
 begin time read from input coords =     0.000 ps

 Number of triangulated 3-point waters found:        0

--------------------------------------------------------------------------------
   4.  RESULTS
--------------------------------------------------------------------------------



   NSTEP       ENERGY          RMS            GMAX         NAME    NUMBER
      1      -2.1910E+03     9.1619E+00     6.1862E+01     OE1       945

 BOND    =       69.9996  ANGLE   =      211.4767  DIHED      =     1081.3504
 VDWAALS =     -651.1941  EEL     =    -7278.1236  EGB        =    -1777.0673
 1-4 VDW =      444.9727  1-4 EEL =     5707.5962  RESTRAINT  =        0.0000


   NSTEP       ENERGY          RMS            GMAX         NAME    NUMBER
    100      -2.5765E+03     3.4757E-01     2.8953E+00     C        1588

 BOND    =       31.2507  ANGLE   =      208.2526  DIHED      =     1084.9262
 VDWAALS =     -808.6013  EEL     =    -7297.1573  EGB        =    -1794.0338
 1-4 VDW =      332.6335  1-4 EEL =     5620.3488  RESTRAINT  =       45.8465
 EAMBER  =    -2622.3805


   NSTEP       ENERGY          RMS            GMAX         NAME    NUMBER
    200      -2.5831E+03     1.4680E-01     1.4369E+00     H3          4

 BOND    =       31.1404  ANGLE   =      209.0978  DIHED      =     1084.3948
 VDWAALS =     -812.1432  EEL     =    -7307.7325  EGB        =    -1789.2280
 1-4 VDW =      332.3541  1-4 EEL =     5621.5660  RESTRAINT  =       47.4611
 EAMBER  =    -2630.5505


   NSTEP       ENERGY          RMS            GMAX         NAME    NUMBER
    300      -2.5994E+03     4.4245E-01     7.9574E+00     HG1       635

 BOND    =       33.1199  ANGLE   =      213.9229  DIHED      =     1082.4301
 VDWAALS =     -813.7011  EEL     =    -7325.9928  EGB        =    -1786.8843
 1-4 VDW =      328.3110  1-4 EEL =     5619.4003  RESTRAINT  =       49.9858
 EAMBER  =    -2649.3942


   NSTEP       ENERGY          RMS            GMAX         NAME    NUMBER
    400      -2.6070E+03     4.6039E-02     5.7850E-01     CA         84

 BOND    =       31.2911  ANGLE   =      208.9589  DIHED      =     1078.9719
 VDWAALS =     -809.9850  EEL     =    -7334.5111  EGB        =    -1783.5737
 1-4 VDW =      332.7818  1-4 EEL =     5623.0502  RESTRAINT  =       46.0030
 EAMBER  =    -2653.0160


   NSTEP       ENERGY          RMS            GMAX         NAME    NUMBER
    500      -2.6071E+03     9.8992E-03     1.8111E-01     CD       1260

 BOND    =       31.2605  ANGLE   =      208.8126  DIHED      =     1078.9408
 VDWAALS =     -810.0168  EEL     =    -7334.6956  EGB        =    -1783.3767
 1-4 VDW =      332.9711  1-4 EEL =     5623.1327  RESTRAINT  =       45.9027
 EAMBER  =    -2652.9714


   NSTEP       ENERGY          RMS            GMAX         NAME    NUMBER
    600      -2.6071E+03     2.3793E-03     6.5756E-02     CD       1260

 BOND    =       31.2404  ANGLE   =      208.7718  DIHED      =     1078.9400
 VDWAALS =     -810.0144  EEL     =    -7334.7308  EGB        =    -1783.3444
 1-4 VDW =      333.0257  1-4 EEL =     5623.1602  RESTRAINT  =       45.8789
 EAMBER  =    -2652.9515


   NSTEP       ENERGY          RMS            GMAX         NAME    NUMBER
    700      -2.6071E+03     1.5923E-03     1.4550E-02     HB        629

 BOND    =       31.2371  ANGLE   =      208.7702  DIHED      =     1078.9331
 VDWAALS =     -810.0086  EEL     =    -7334.7688  EGB        =    -1783.3353
 1-4 VDW =      333.0335  1-4 EEL =     5623.1842  RESTRAINT  =       45.8812
 EAMBER  =    -2652.9546


   NSTEP       ENERGY          RMS            GMAX         NAME    NUMBER
    800      -2.6071E+03     1.8344E-03     2.7556E-02     N           1

 BOND    =       31.2380  ANGLE   =      208.7681  DIHED      =     1078.9271
 VDWAALS =     -809.9977  EEL     =    -7334.7865  EGB        =    -1783.3359
 1-4 VDW =      333.0286  1-4 EEL =     5623.1986  RESTRAINT  =       45.8859
 EAMBER  =    -2652.9597


   NSTEP       ENERGY          RMS            GMAX         NAME    NUMBER
    900      -2.6071E+03     5.5240E-04     1.6062E-02     HG23     1245

 BOND    =       31.2390  ANGLE   =      208.7686  DIHED      =     1078.9222
 VDWAALS =     -809.9907  EEL     =    -7334.8045  EGB        =    -1783.3350
 1-4 VDW =      333.0243  1-4 EEL =     5623.2123  RESTRAINT  =       45.8897
 EAMBER  =    -2652.9639


   NSTEP       ENERGY          RMS            GMAX         NAME    NUMBER
   1000      -2.6071E+03     3.4829E-03     3.8574E-02     HG22     1244

 BOND    =       31.2438  ANGLE   =      208.7619  DIHED      =     1078.9009
 VDWAALS =     -809.9588  EEL     =    -7334.8885  EGB        =    -1783.3358
 1-4 VDW =      333.0089  1-4 EEL =     5623.2808  RESTRAINT  =       45.9103
 EAMBER  =    -2652.9867


  Maximum number of minimization cycles reached.


                    FINAL RESULTS



   NSTEP       ENERGY          RMS            GMAX         NAME    NUMBER
   1000      -2.6071E+03     3.4829E-03     3.8574E-02     HG22     1244

 BOND    =       31.2438  ANGLE   =      208.7619  DIHED      =     1078.9009
 VDWAALS =     -809.9588  EEL     =    -7334.8885  EGB        =    -1783.3358
 1-4 VDW =      333.0089  1-4 EEL =     5623.2808  RESTRAINT  =       45.9103
 EAMBER  =    -2652.9867

--------------------------------------------------------------------------------
   5.  TIMINGS
--------------------------------------------------------------------------------

|                Calc gb radii             60.47 (20.49% of Gen B)
|                Calc gb diag             112.19 (38.01% of Gen B)
|                Calc gb off-diag         122.50 (41.50% of Gen B)
|             Gen Born time            295.17 (100.0% of Nonbo)
|          Nonbond force            295.17 (99.30% of Force)
|          Bond/Angle/Dihedral        2.07 ( 0.70% of Force)
|          Other                      0.02 ( 0.01% of Force)
|       Force time               297.26 (100.0% of Runmd)
|    Runmd Time               297.26 (99.76% of Total)
|    Other                      0.71 ( 0.24% of Total)
| Total time               297.97 (100.0% of ALL  )

| Number of list builds   :          0

| Highest rstack allocated:          0
| Highest istack allocated:          0
|           Job began  at 13:15:50.747  on 02/03/2016
|           Setup done at 13:15:50.799  on 02/03/2016
|           Run   done at 13:20:48.716  on 02/03/2016
|     wallclock() was called   18028 times
