
          -------------------------------------------------------
          Amber 14 SANDER                              2014
          -------------------------------------------------------

| Run on 02/03/2016 at 13:00:10

|   Executable path: sander
| Working directory: /lustre/cs1500/scratch/kmb413/RealDecoyDisc/DecoyDiscrimination/decoys.set2.init/1aaj/Rosetta_relaxed
|          Hostname: slepner15


File Assignments:
|  MDIN: /scratch/kmb413/RealDecoyDisc/DecoyDiscrimination/scripts/min/min.in  
| MDOUT: NoH_2_empty_tag_1463_0001_0001.out                                    
|INPCRD: NoH_2_empty_tag_1463_0001_0001.rst7                                   
|  PARM: NoH_2_empty_tag_1463_0001_0001.parm7                                  
|RESTRT: min_NoH_2_empty_tag_1463_0001_0001.rst7                               
|  REFC: NoH_2_empty_tag_1463_0001_0001.rst7                                   
| MDVEL: mdvel                                                                 
| MDFRC: mdfrc                                                                 
|  MDEN: mden                                                                  
| MDCRD: mdcrd                                                                 
|MDINFO: mdinfo                                                                
|  MTMD: mtmd                                                                  
|INPDIP: inpdip                                                                
|RSTDIP: rstdip                                                                
|INPTRA: inptraj                                                               


 Here is the input file:

                                                                               
&cntrl                                                                         
    imin = 1, maxcyc=1000,                                                     
    ntx = 1,                                                                   
    ntwr = 100, ntpr = 100,                                                    
    cut = 999.0,                                                               
    ntb = 0, igb = 8,                                                          
    ntr = 1, restraint_wt = 10, restraintmask = "!@H=",                        
/                                                                              

--------------------------------------------------------------------------------
   1.  RESOURCE   USE: 
--------------------------------------------------------------------------------

| Flags:                                                                        
| New format PARM file being parsed.
| Version =    1.000 Date = 02/03/16 Time = 11:47:06
 NATOM  =    1590 NTYPES =      14 NBONH =     791 MBONA  =     820
 NTHETH =    1812 MTHETA =    1115 NPHIH =    3578 MPHIA  =    3525
 NHPARM =       0 NPARM  =       0 NNB   =    8805 NRES   =     104
 NBONA  =     820 NTHETA =    1115 NPHIA =    3525 NUMBND =      65
 NUMANG =     152 NPTRA  =     189 NATYP =      33 NPHB   =       0
 IFBOX  =       0 NMXRS  =      24 IFCAP =       0 NEXTRA =       0
 NCOPY  =       0

 Implicit solvent radii are ArgH and AspGluO modified Bondi2 radii (mbondi3)                                
 Replacing prmtop screening parameters with GBn2 (igb=8) values

|     Memory Use     Allocated
|     Real              145027
|     Hollerith           4876
|     Integer           109197
|     Max Pairs              1
|     nblistReal             0
|     nblist Int             0
|       Total             1578 kbytes

| Note: 1-4 EEL scale factors are being read from the topology file.

| Note: 1-4 VDW scale factors are being read from the topology file.
| Duplicated    0 dihedrals
| Duplicated    0 dihedrals

--------------------------------------------------------------------------------
   2.  CONTROL  DATA  FOR  THE  RUN
--------------------------------------------------------------------------------

default_name                                                                    

General flags:
     imin    =       1, nmropt  =       0

Nature and format of input:
     ntx     =       1, irest   =       0, ntrx    =       1

Nature and format of output:
     ntxo    =       1, ntpr    =     100, ntrx    =       1, ntwr    =     100
     iwrap   =       0, ntwx    =       0, ntwv    =       0, ntwe    =       0
     ioutfm  =       0, ntwprt  =       0, idecomp =       0, rbornstat=      0

Potential function:
     ntf     =       1, ntb     =       0, igb     =       8, nsnb    =      25
     ipol    =       0, gbsa    =       0, iesp    =       0
     dielc   =   1.00000, cut     = 999.00000, intdiel =   1.00000
     saltcon =   0.00000, offset  =   0.19514, surften =   0.00500
     rdt     =   0.00000, rgbmax  =  25.00000  extdiel =  78.50000
     alpb  =        0
     gbalphaH  =   0.78844, gbbetaH   =   0.79870,  gbgammaH  =    0.43733
     gbalphaC  =   0.73376, gbbetaC   =   0.50638,  gbgammaC  =    0.20584
     gbalphaN  =   0.50336, gbbetaN   =   0.31683,  gbgammaN  =    0.19292
     gbalphaOS =   0.86781, gbbetaOS  =   0.87664,  gbgammaOS =    0.38788
     gbalphaP  =   1.00000, gbbetaP   =   0.80000,  gbgammaP  =    4.85000
     gb_alpha_hnu  =   0.53705, gb_beta_hnu   =   0.36286,  gb_gamma_hnu  =    0.11670
     gb_alpha_cnu  =   0.33167, gb_beta_cnu   =   0.19684,  gb_gamma_cnu  =    0.09342
     gb_alpha_nnu  =   0.68631, gb_beta_nnu   =   0.46319,  gb_gamma_nnu  =    0.13872
     gb_alpha_onu  =   0.60634, gb_beta_onu   =   0.46301,  gb_gamma_onu  =    0.14226
     gb_alpha_pnu  =   0.41836, gb_beta_pnu   =   0.29005,  gb_gamma_pnu  =    0.10642

Frozen or restrained atoms:
     ibelly  =       0, ntr     =       1
     restraint_wt =  10.00000

Energy minimization:
     maxcyc  =    1000, ncyc    =      10, ntmin   =       1
     dx0     =   0.01000, drms    =   0.00010
|  INFO: Old style inpcrd file read


    LOADING THE CONSTRAINED ATOMS AS GROUPS


   5.  REFERENCE ATOM COORDINATES

  defa
     Mask !@H=; matches   799 atoms

--------------------------------------------------------------------------------
   3.  ATOMIC COORDINATES AND VELOCITIES
--------------------------------------------------------------------------------

default_name                                                                    
 begin time read from input coords =     0.000 ps

 Number of triangulated 3-point waters found:        0

--------------------------------------------------------------------------------
   4.  RESULTS
--------------------------------------------------------------------------------



   NSTEP       ENERGY          RMS            GMAX         NAME    NUMBER
      1      -2.1969E+03     9.1326E+00     6.9326E+01     OXT      1590

 BOND    =       71.0620  ANGLE   =      211.5260  DIHED      =     1082.4194
 VDWAALS =     -659.5420  EEL     =    -7234.1190  EGB        =    -1822.9776
 1-4 VDW =      440.6447  1-4 EEL =     5714.1254  RESTRAINT  =        0.0000


   NSTEP       ENERGY          RMS            GMAX         NAME    NUMBER
    100      -2.5748E+03     2.8264E-01     4.1212E+00     HB       1383

 BOND    =       31.3741  ANGLE   =      205.4735  DIHED      =     1087.0581
 VDWAALS =     -801.2312  EEL     =    -7261.0044  EGB        =    -1838.4211
 1-4 VDW =      332.1125  1-4 EEL =     5628.7573  RESTRAINT  =       41.0910
 EAMBER  =    -2615.8810


   NSTEP       ENERGY          RMS            GMAX         NAME    NUMBER
    200      -2.5786E+03     1.2472E-01     1.2413E+00     H2          3

 BOND    =       31.6073  ANGLE   =      206.4836  DIHED      =     1087.6799
 VDWAALS =     -803.7229  EEL     =    -7267.0998  EGB        =    -1837.7396
 1-4 VDW =      331.9764  1-4 EEL =     5628.6316  RESTRAINT  =       43.5555
 EAMBER  =    -2622.1834


   NSTEP       ENERGY          RMS            GMAX         NAME    NUMBER
    300      -2.5807E+03     1.4986E-01     3.2176E+00     HG       1180

 BOND    =       31.5539  ANGLE   =      206.4700  DIHED      =     1086.3875
 VDWAALS =     -803.8258  EEL     =    -7270.3408  EGB        =    -1835.3582
 1-4 VDW =      331.9731  1-4 EEL =     5628.7181  RESTRAINT  =       43.7283
 EAMBER  =    -2624.4222


   NSTEP       ENERGY          RMS            GMAX         NAME    NUMBER
    400      -2.5868E+03     3.7835E-02     6.4417E-01     CB       1176

 BOND    =       31.4095  ANGLE   =      205.9439  DIHED      =     1085.2259
 VDWAALS =     -802.0847  EEL     =    -7278.8529  EGB        =    -1832.9637
 1-4 VDW =      332.6739  1-4 EEL =     5629.0147  RESTRAINT  =       42.8494
 EAMBER  =    -2629.6334


   NSTEP       ENERGY          RMS            GMAX         NAME    NUMBER
    500      -2.5869E+03     4.9176E-02     6.8249E-01     OG       1179

 BOND    =       31.4537  ANGLE   =      206.0079  DIHED      =     1085.3688
 VDWAALS =     -802.2847  EEL     =    -7280.5162  EGB        =    -1832.0236
 1-4 VDW =      332.6302  1-4 EEL =     5629.5097  RESTRAINT  =       42.9729
 EAMBER  =    -2629.8542


   NSTEP       ENERGY          RMS            GMAX         NAME    NUMBER
    600      -2.5879E+03     4.8438E-02     1.1287E+00     HG1       635

 BOND    =       31.2113  ANGLE   =      205.6530  DIHED      =     1084.0880
 VDWAALS =     -802.1709  EEL     =    -7282.7378  EGB        =    -1830.4233
 1-4 VDW =      333.1840  1-4 EEL =     5630.5847  RESTRAINT  =       42.6725
 EAMBER  =    -2630.6109


   NSTEP       ENERGY          RMS            GMAX         NAME    NUMBER
    700      -2.5881E+03     1.5264E-03     3.1661E-02     HG1       635

 BOND    =       31.3241  ANGLE   =      205.8190  DIHED      =     1083.6769
 VDWAALS =     -802.1392  EEL     =    -7282.7352  EGB        =    -1830.5357
 1-4 VDW =      332.9475  1-4 EEL =     5630.6504  RESTRAINT  =       42.8581
 EAMBER  =    -2630.9921


   NSTEP       ENERGY          RMS            GMAX         NAME    NUMBER
    800      -2.5881E+03     3.3450E-04     5.1544E-03     CA        626

 BOND    =       31.3248  ANGLE   =      205.8197  DIHED      =     1083.6705
 VDWAALS =     -802.1389  EEL     =    -7282.7346  EGB        =    -1830.5400
 1-4 VDW =      332.9464  1-4 EEL =     5630.6556  RESTRAINT  =       42.8624
 EAMBER  =    -2630.9966


                    FINAL RESULTS



   NSTEP       ENERGY          RMS            GMAX         NAME    NUMBER
    825      -2.5881E+03     9.9147E-05     1.4521E-03     OG1       634

 BOND    =       31.3250  ANGLE   =      205.8195  DIHED      =     1083.6702
 VDWAALS =     -802.1389  EEL     =    -7282.7348  EGB        =    -1830.5401
 1-4 VDW =      332.9463  1-4 EEL =     5630.6561  RESTRAINT  =       42.8626
 EAMBER  =    -2630.9968

--------------------------------------------------------------------------------
   5.  TIMINGS
--------------------------------------------------------------------------------

|                Calc gb radii             47.50 (19.85% of Gen B)
|                Calc gb diag              90.22 (37.71% of Gen B)
|                Calc gb off-diag         101.54 (42.44% of Gen B)
|             Gen Born time            239.27 (100.0% of Nonbo)
|          Nonbond force            239.27 (99.29% of Force)
|          Bond/Angle/Dihedral        1.70 ( 0.71% of Force)
|          Other                      0.01 ( 0.01% of Force)
|       Force time               240.99 (100.0% of Runmd)
|    Runmd Time               240.99 (99.68% of Total)
|    Other                      0.78 ( 0.32% of Total)
| Total time               241.77 (100.0% of ALL  )

| Number of list builds   :          0

| Highest rstack allocated:          0
| Highest istack allocated:          0
|           Job began  at 13:00:10.899  on 02/03/2016
|           Setup done at 13:00:10.950  on 02/03/2016
|           Run   done at 13:04:12.667  on 02/03/2016
|     wallclock() was called   14878 times
