
          -------------------------------------------------------
          Amber 14 SANDER                              2014
          -------------------------------------------------------

| Run on 02/03/2016 at 13:44:26

|   Executable path: sander
| Working directory: /lustre/cs1500/scratch/kmb413/RealDecoyDisc/DecoyDiscrimination/decoys.set2.init/1aaj/Rosetta_relaxed
|          Hostname: slepner1


File Assignments:
|  MDIN: /scratch/kmb413/RealDecoyDisc/DecoyDiscrimination/scripts/min/min.in  
| MDOUT: NoH_1_empty_tag_1_199_1_0001.out                                      
|INPCRD: NoH_1_empty_tag_1_199_1_0001.rst7                                     
|  PARM: NoH_1_empty_tag_1_199_1_0001.parm7                                    
|RESTRT: min_NoH_1_empty_tag_1_199_1_0001.rst7                                 
|  REFC: NoH_1_empty_tag_1_199_1_0001.rst7                                     
| MDVEL: mdvel                                                                 
| MDFRC: mdfrc                                                                 
|  MDEN: mden                                                                  
| MDCRD: mdcrd                                                                 
|MDINFO: mdinfo                                                                
|  MTMD: mtmd                                                                  
|INPDIP: inpdip                                                                
|RSTDIP: rstdip                                                                
|INPTRA: inptraj                                                               


 Here is the input file:

                                                                               
&cntrl                                                                         
    imin = 1, maxcyc=1000,                                                     
    ntx = 1,                                                                   
    ntwr = 100, ntpr = 100,                                                    
    cut = 999.0,                                                               
    ntb = 0, igb = 8,                                                          
    ntr = 1, restraint_wt = 10, restraintmask = "!@H=",                        
/                                                                              

--------------------------------------------------------------------------------
   1.  RESOURCE   USE: 
--------------------------------------------------------------------------------

| Flags:                                                                        
| New format PARM file being parsed.
| Version =    1.000 Date = 02/03/16 Time = 11:44:43
 NATOM  =    1590 NTYPES =      14 NBONH =     791 MBONA  =     820
 NTHETH =    1812 MTHETA =    1115 NPHIH =    3578 MPHIA  =    3525
 NHPARM =       0 NPARM  =       0 NNB   =    8805 NRES   =     104
 NBONA  =     820 NTHETA =    1115 NPHIA =    3525 NUMBND =      65
 NUMANG =     152 NPTRA  =     189 NATYP =      33 NPHB   =       0
 IFBOX  =       0 NMXRS  =      24 IFCAP =       0 NEXTRA =       0
 NCOPY  =       0

 Implicit solvent radii are ArgH and AspGluO modified Bondi2 radii (mbondi3)                                
 Replacing prmtop screening parameters with GBn2 (igb=8) values

|     Memory Use     Allocated
|     Real              145027
|     Hollerith           4876
|     Integer           109197
|     Max Pairs              1
|     nblistReal             0
|     nblist Int             0
|       Total             1578 kbytes

| Note: 1-4 EEL scale factors are being read from the topology file.

| Note: 1-4 VDW scale factors are being read from the topology file.
| Duplicated    0 dihedrals
| Duplicated    0 dihedrals

--------------------------------------------------------------------------------
   2.  CONTROL  DATA  FOR  THE  RUN
--------------------------------------------------------------------------------

default_name                                                                    

General flags:
     imin    =       1, nmropt  =       0

Nature and format of input:
     ntx     =       1, irest   =       0, ntrx    =       1

Nature and format of output:
     ntxo    =       1, ntpr    =     100, ntrx    =       1, ntwr    =     100
     iwrap   =       0, ntwx    =       0, ntwv    =       0, ntwe    =       0
     ioutfm  =       0, ntwprt  =       0, idecomp =       0, rbornstat=      0

Potential function:
     ntf     =       1, ntb     =       0, igb     =       8, nsnb    =      25
     ipol    =       0, gbsa    =       0, iesp    =       0
     dielc   =   1.00000, cut     = 999.00000, intdiel =   1.00000
     saltcon =   0.00000, offset  =   0.19514, surften =   0.00500
     rdt     =   0.00000, rgbmax  =  25.00000  extdiel =  78.50000
     alpb  =        0
     gbalphaH  =   0.78844, gbbetaH   =   0.79870,  gbgammaH  =    0.43733
     gbalphaC  =   0.73376, gbbetaC   =   0.50638,  gbgammaC  =    0.20584
     gbalphaN  =   0.50336, gbbetaN   =   0.31683,  gbgammaN  =    0.19292
     gbalphaOS =   0.86781, gbbetaOS  =   0.87664,  gbgammaOS =    0.38788
     gbalphaP  =   1.00000, gbbetaP   =   0.80000,  gbgammaP  =    4.85000
     gb_alpha_hnu  =   0.53705, gb_beta_hnu   =   0.36286,  gb_gamma_hnu  =    0.11670
     gb_alpha_cnu  =   0.33167, gb_beta_cnu   =   0.19684,  gb_gamma_cnu  =    0.09342
     gb_alpha_nnu  =   0.68631, gb_beta_nnu   =   0.46319,  gb_gamma_nnu  =    0.13872
     gb_alpha_onu  =   0.60634, gb_beta_onu   =   0.46301,  gb_gamma_onu  =    0.14226
     gb_alpha_pnu  =   0.41836, gb_beta_pnu   =   0.29005,  gb_gamma_pnu  =    0.10642

Frozen or restrained atoms:
     ibelly  =       0, ntr     =       1
     restraint_wt =  10.00000

Energy minimization:
     maxcyc  =    1000, ncyc    =      10, ntmin   =       1
     dx0     =   0.01000, drms    =   0.00010
|  INFO: Old style inpcrd file read


    LOADING THE CONSTRAINED ATOMS AS GROUPS


   5.  REFERENCE ATOM COORDINATES

  defa
     Mask !@H=; matches   799 atoms

--------------------------------------------------------------------------------
   3.  ATOMIC COORDINATES AND VELOCITIES
--------------------------------------------------------------------------------

default_name                                                                    
 begin time read from input coords =     0.000 ps

 Number of triangulated 3-point waters found:        0

--------------------------------------------------------------------------------
   4.  RESULTS
--------------------------------------------------------------------------------



   NSTEP       ENERGY          RMS            GMAX         NAME    NUMBER
      1      -2.2199E+03     9.0357E+00     6.1265E+01     OE1      1261

 BOND    =       69.8897  ANGLE   =      211.5751  DIHED      =     1076.3326
 VDWAALS =     -657.7210  EEL     =    -7404.9737  EGB        =    -1670.8566
 1-4 VDW =      444.9595  1-4 EEL =     5710.8900  RESTRAINT  =        0.0000


   NSTEP       ENERGY          RMS            GMAX         NAME    NUMBER
    100      -2.5809E+03     3.8158E-01     3.9471E+00     CE2       650

 BOND    =       31.7103  ANGLE   =      210.8604  DIHED      =     1078.3922
 VDWAALS =     -796.6626  EEL     =    -7395.9388  EGB        =    -1700.0795
 1-4 VDW =      330.3399  1-4 EEL =     5617.4489  RESTRAINT  =       43.0616
 EAMBER  =    -2623.9290


   NSTEP       ENERGY          RMS            GMAX         NAME    NUMBER
    200      -2.5924E+03     1.3898E-01     2.2177E+00     CD2       659

 BOND    =       31.5358  ANGLE   =      210.8394  DIHED      =     1077.6068
 VDWAALS =     -796.5262  EEL     =    -7400.9048  EGB        =    -1706.8598
 1-4 VDW =      330.7908  1-4 EEL =     5617.8289  RESTRAINT  =       43.3058
 EAMBER  =    -2635.6891


   NSTEP       ENERGY          RMS            GMAX         NAME    NUMBER
    300      -2.5929E+03     2.9365E-02     4.0451E-01     CD        944

 BOND    =       31.3616  ANGLE   =      210.5089  DIHED      =     1077.0688
 VDWAALS =     -796.9639  EEL     =    -7400.6562  EGB        =    -1707.1157
 1-4 VDW =      331.3677  1-4 EEL =     5618.2684  RESTRAINT  =       43.2919
 EAMBER  =    -2636.1603


   NSTEP       ENERGY          RMS            GMAX         NAME    NUMBER
    400      -2.5929E+03     2.0985E-02     5.2597E-01     CD        944

 BOND    =       31.3392  ANGLE   =      210.3985  DIHED      =     1077.0497
 VDWAALS =     -797.0564  EEL     =    -7400.5300  EGB        =    -1707.1971
 1-4 VDW =      331.4924  1-4 EEL =     5618.3371  RESTRAINT  =       43.2715
 EAMBER  =    -2636.1667


   NSTEP       ENERGY          RMS            GMAX         NAME    NUMBER
    500      -2.5929E+03     3.5063E-03     4.7249E-02     CD        944

 BOND    =       31.3137  ANGLE   =      210.3782  DIHED      =     1077.0691
 VDWAALS =     -797.0789  EEL     =    -7400.5175  EGB        =    -1707.2155
 1-4 VDW =      331.5265  1-4 EEL =     5618.3599  RESTRAINT  =       43.2650
 EAMBER  =    -2636.1645


   NSTEP       ENERGY          RMS            GMAX         NAME    NUMBER
    600      -2.5929E+03     1.0656E-03     1.3406E-02     CA        626

 BOND    =       31.3105  ANGLE   =      210.3736  DIHED      =     1077.0838
 VDWAALS =     -797.0922  EEL     =    -7400.5188  EGB        =    -1707.2159
 1-4 VDW =      331.5386  1-4 EEL =     5618.3561  RESTRAINT  =       43.2639
 EAMBER  =    -2636.1644


   NSTEP       ENERGY          RMS            GMAX         NAME    NUMBER
    700      -2.5929E+03     5.6248E-04     6.8536E-03     HG1       635

 BOND    =       31.3114  ANGLE   =      210.3733  DIHED      =     1077.0901
 VDWAALS =     -797.0967  EEL     =    -7400.5237  EGB        =    -1707.2162
 1-4 VDW =      331.5393  1-4 EEL =     5618.3568  RESTRAINT  =       43.2650
 EAMBER  =    -2636.1656


   NSTEP       ENERGY          RMS            GMAX         NAME    NUMBER
    800      -2.5929E+03     1.5947E-04     1.4426E-03     HG11      528

 BOND    =       31.3115  ANGLE   =      210.3731  DIHED      =     1077.0923
 VDWAALS =     -797.0968  EEL     =    -7400.5253  EGB        =    -1707.2170
 1-4 VDW =      331.5394  1-4 EEL =     5618.3580  RESTRAINT  =       43.2641
 EAMBER  =    -2636.1647


                    FINAL RESULTS



   NSTEP       ENERGY          RMS            GMAX         NAME    NUMBER
    889      -2.5929E+03     9.9685E-05     8.5049E-04     HG11      528

 BOND    =       31.3116  ANGLE   =      210.3732  DIHED      =     1077.0936
 VDWAALS =     -797.0979  EEL     =    -7400.5261  EGB        =    -1707.2167
 1-4 VDW =      331.5397  1-4 EEL =     5618.3576  RESTRAINT  =       43.2645
 EAMBER  =    -2636.1651

--------------------------------------------------------------------------------
   5.  TIMINGS
--------------------------------------------------------------------------------

|                Calc gb radii             51.88 (20.26% of Gen B)
|                Calc gb diag              95.83 (37.42% of Gen B)
|                Calc gb off-diag         108.36 (42.32% of Gen B)
|             Gen Born time            256.07 (100.0% of Nonbo)
|          Nonbond force            256.07 (99.28% of Force)
|          Bond/Angle/Dihedral        1.84 ( 0.71% of Force)
|          Other                      0.02 ( 0.01% of Force)
|       Force time               257.92 (100.0% of Runmd)
|    Runmd Time               257.92 (99.72% of Total)
|    Other                      0.72 ( 0.28% of Total)
| Total time               258.64 (100.0% of ALL  )

| Number of list builds   :          0

| Highest rstack allocated:          0
| Highest istack allocated:          0
|           Job began  at 13:44:26.369  on 02/03/2016
|           Setup done at 13:44:26.452  on 02/03/2016
|           Run   done at 13:48:45.009  on 02/03/2016
|     wallclock() was called   16030 times
