
          -------------------------------------------------------
          Amber 14 SANDER                              2014
          -------------------------------------------------------

| Run on 02/03/2016 at 14:45:43

|   Executable path: sander
| Working directory: /lustre/cs1500/scratch/kmb413/RealDecoyDisc/DecoyDiscrimination/decoys.set2.init/1aaj/Rosetta_relaxed
|          Hostname: slepner7


File Assignments:
|  MDIN: /scratch/kmb413/RealDecoyDisc/DecoyDiscrimination/scripts/min/min.in  
| MDOUT: NoH_4_empty_tag_1_523_0001.out                                        
|INPCRD: NoH_4_empty_tag_1_523_0001.rst7                                       
|  PARM: NoH_4_empty_tag_1_523_0001.parm7                                      
|RESTRT: min_NoH_4_empty_tag_1_523_0001.rst7                                   
|  REFC: NoH_4_empty_tag_1_523_0001.rst7                                       
| MDVEL: mdvel                                                                 
| MDFRC: mdfrc                                                                 
|  MDEN: mden                                                                  
| MDCRD: mdcrd                                                                 
|MDINFO: mdinfo                                                                
|  MTMD: mtmd                                                                  
|INPDIP: inpdip                                                                
|RSTDIP: rstdip                                                                
|INPTRA: inptraj                                                               


 Here is the input file:

                                                                               
&cntrl                                                                         
    imin = 1, maxcyc=1000,                                                     
    ntx = 1,                                                                   
    ntwr = 100, ntpr = 100,                                                    
    cut = 999.0,                                                               
    ntb = 0, igb = 8,                                                          
    ntr = 1, restraint_wt = 10, restraintmask = "!@H=",                        
/                                                                              

--------------------------------------------------------------------------------
   1.  RESOURCE   USE: 
--------------------------------------------------------------------------------

| Flags:                                                                        
| New format PARM file being parsed.
| Version =    1.000 Date = 02/03/16 Time = 11:51:08
 NATOM  =    1590 NTYPES =      14 NBONH =     791 MBONA  =     820
 NTHETH =    1812 MTHETA =    1115 NPHIH =    3578 MPHIA  =    3525
 NHPARM =       0 NPARM  =       0 NNB   =    8805 NRES   =     104
 NBONA  =     820 NTHETA =    1115 NPHIA =    3525 NUMBND =      65
 NUMANG =     152 NPTRA  =     189 NATYP =      33 NPHB   =       0
 IFBOX  =       0 NMXRS  =      24 IFCAP =       0 NEXTRA =       0
 NCOPY  =       0

 Implicit solvent radii are ArgH and AspGluO modified Bondi2 radii (mbondi3)                                
 Replacing prmtop screening parameters with GBn2 (igb=8) values

|     Memory Use     Allocated
|     Real              145027
|     Hollerith           4876
|     Integer           109197
|     Max Pairs              1
|     nblistReal             0
|     nblist Int             0
|       Total             1578 kbytes

| Note: 1-4 EEL scale factors are being read from the topology file.

| Note: 1-4 VDW scale factors are being read from the topology file.
| Duplicated    0 dihedrals
| Duplicated    0 dihedrals

--------------------------------------------------------------------------------
   2.  CONTROL  DATA  FOR  THE  RUN
--------------------------------------------------------------------------------

default_name                                                                    

General flags:
     imin    =       1, nmropt  =       0

Nature and format of input:
     ntx     =       1, irest   =       0, ntrx    =       1

Nature and format of output:
     ntxo    =       1, ntpr    =     100, ntrx    =       1, ntwr    =     100
     iwrap   =       0, ntwx    =       0, ntwv    =       0, ntwe    =       0
     ioutfm  =       0, ntwprt  =       0, idecomp =       0, rbornstat=      0

Potential function:
     ntf     =       1, ntb     =       0, igb     =       8, nsnb    =      25
     ipol    =       0, gbsa    =       0, iesp    =       0
     dielc   =   1.00000, cut     = 999.00000, intdiel =   1.00000
     saltcon =   0.00000, offset  =   0.19514, surften =   0.00500
     rdt     =   0.00000, rgbmax  =  25.00000  extdiel =  78.50000
     alpb  =        0
     gbalphaH  =   0.78844, gbbetaH   =   0.79870,  gbgammaH  =    0.43733
     gbalphaC  =   0.73376, gbbetaC   =   0.50638,  gbgammaC  =    0.20584
     gbalphaN  =   0.50336, gbbetaN   =   0.31683,  gbgammaN  =    0.19292
     gbalphaOS =   0.86781, gbbetaOS  =   0.87664,  gbgammaOS =    0.38788
     gbalphaP  =   1.00000, gbbetaP   =   0.80000,  gbgammaP  =    4.85000
     gb_alpha_hnu  =   0.53705, gb_beta_hnu   =   0.36286,  gb_gamma_hnu  =    0.11670
     gb_alpha_cnu  =   0.33167, gb_beta_cnu   =   0.19684,  gb_gamma_cnu  =    0.09342
     gb_alpha_nnu  =   0.68631, gb_beta_nnu   =   0.46319,  gb_gamma_nnu  =    0.13872
     gb_alpha_onu  =   0.60634, gb_beta_onu   =   0.46301,  gb_gamma_onu  =    0.14226
     gb_alpha_pnu  =   0.41836, gb_beta_pnu   =   0.29005,  gb_gamma_pnu  =    0.10642

Frozen or restrained atoms:
     ibelly  =       0, ntr     =       1
     restraint_wt =  10.00000

Energy minimization:
     maxcyc  =    1000, ncyc    =      10, ntmin   =       1
     dx0     =   0.01000, drms    =   0.00010
|  INFO: Old style inpcrd file read


    LOADING THE CONSTRAINED ATOMS AS GROUPS


   5.  REFERENCE ATOM COORDINATES

  defa
     Mask !@H=; matches   799 atoms

--------------------------------------------------------------------------------
   3.  ATOMIC COORDINATES AND VELOCITIES
--------------------------------------------------------------------------------

default_name                                                                    
 begin time read from input coords =     0.000 ps

 Number of triangulated 3-point waters found:        0

--------------------------------------------------------------------------------
   4.  RESULTS
--------------------------------------------------------------------------------



   NSTEP       ENERGY          RMS            GMAX         NAME    NUMBER
      1      -2.1817E+03     9.1712E+00     6.4008E+01     OXT      1590

 BOND    =       69.6015  ANGLE   =      211.8039  DIHED      =     1088.6103
 VDWAALS =     -644.0965  EEL     =    -7190.8196  EGB        =    -1855.2959
 1-4 VDW =      441.3155  1-4 EEL =     5697.1764  RESTRAINT  =        0.0000


   NSTEP       ENERGY          RMS            GMAX         NAME    NUMBER
    100      -2.5562E+03     2.8607E-01     2.7260E+00     CE2       650

 BOND    =       31.2087  ANGLE   =      209.3396  DIHED      =     1089.1720
 VDWAALS =     -786.6273  EEL     =    -7215.2135  EGB        =    -1879.6585
 1-4 VDW =      330.4617  1-4 EEL =     5621.2678  RESTRAINT  =       43.8149
 EAMBER  =    -2600.0496


   NSTEP       ENERGY          RMS            GMAX         NAME    NUMBER
    200      -2.5592E+03     1.2847E-01     1.4581E+00     HH        420

 BOND    =       31.3741  ANGLE   =      210.1191  DIHED      =     1091.1222
 VDWAALS =     -789.8140  EEL     =    -7219.7108  EGB        =    -1880.1956
 1-4 VDW =      329.9447  1-4 EEL =     5621.3914  RESTRAINT  =       46.6079
 EAMBER  =    -2605.7688


   NSTEP       ENERGY          RMS            GMAX         NAME    NUMBER
    300      -2.5660E+03     1.4695E-01     2.9287E+00     HH        420

 BOND    =       31.3495  ANGLE   =      209.9138  DIHED      =     1089.7942
 VDWAALS =     -790.3694  EEL     =    -7225.5455  EGB        =    -1879.4762
 1-4 VDW =      330.1602  1-4 EEL =     5621.3365  RESTRAINT  =       46.8777
 EAMBER  =    -2612.8370


   NSTEP       ENERGY          RMS            GMAX         NAME    NUMBER
    400      -2.5669E+03     2.1367E-02     2.7718E-01     HB3         9

 BOND    =       31.1996  ANGLE   =      209.4756  DIHED      =     1088.5566
 VDWAALS =     -790.4471  EEL     =    -7225.5472  EGB        =    -1878.0363
 1-4 VDW =      330.5732  1-4 EEL =     5620.7892  RESTRAINT  =       46.5466
 EAMBER  =    -2613.4364


   NSTEP       ENERGY          RMS            GMAX         NAME    NUMBER
    500      -2.5671E+03     1.0132E-01     1.7712E+00     HG1       605

 BOND    =       31.2998  ANGLE   =      209.7312  DIHED      =     1089.4087
 VDWAALS =     -790.6126  EEL     =    -7225.7879  EGB        =    -1878.4803
 1-4 VDW =      330.2741  1-4 EEL =     5620.4076  RESTRAINT  =       46.6651
 EAMBER  =    -2613.7594


   NSTEP       ENERGY          RMS            GMAX         NAME    NUMBER
    600      -2.5718E+03     3.6708E-02     5.7719E-01     CG       1324

 BOND    =       31.2857  ANGLE   =      209.7379  DIHED      =     1088.3538
 VDWAALS =     -789.2192  EEL     =    -7229.2947  EGB        =    -1880.1866
 1-4 VDW =      330.6604  1-4 EEL =     5620.6511  RESTRAINT  =       46.1795
 EAMBER  =    -2618.0116


   NSTEP       ENERGY          RMS            GMAX         NAME    NUMBER
    700      -2.5719E+03     1.1769E-02     1.3132E-01     CB        598

 BOND    =       31.2621  ANGLE   =      209.6667  DIHED      =     1088.4161
 VDWAALS =     -789.1952  EEL     =    -7229.3278  EGB        =    -1880.4143
 1-4 VDW =      330.7680  1-4 EEL =     5620.8361  RESTRAINT  =       46.1251
 EAMBER  =    -2617.9884


   NSTEP       ENERGY          RMS            GMAX         NAME    NUMBER
    800      -2.5719E+03     2.9221E-03     5.8733E-02     HG1      1213

 BOND    =       31.2581  ANGLE   =      209.6513  DIHED      =     1088.4483
 VDWAALS =     -789.1842  EEL     =    -7229.3507  EGB        =    -1880.5375
 1-4 VDW =      330.7868  1-4 EEL =     5620.9422  RESTRAINT  =       46.1173
 EAMBER  =    -2617.9857


   NSTEP       ENERGY          RMS            GMAX         NAME    NUMBER
    900      -2.5719E+03     3.7339E-03     7.1598E-02     HG1      1213

 BOND    =       31.2618  ANGLE   =      209.6558  DIHED      =     1088.4882
 VDWAALS =     -789.1779  EEL     =    -7229.3704  EGB        =    -1880.7168
 1-4 VDW =      330.7864  1-4 EEL =     5621.0783  RESTRAINT  =       46.1210
 EAMBER  =    -2617.9945


   NSTEP       ENERGY          RMS            GMAX         NAME    NUMBER
   1000      -2.5722E+03     5.3905E-02     1.0924E+00     HG1      1213

 BOND    =       31.2963  ANGLE   =      209.7519  DIHED      =     1088.0603
 VDWAALS =     -789.2506  EEL     =    -7229.3471  EGB        =    -1881.3481
 1-4 VDW =      330.6983  1-4 EEL =     5621.7638  RESTRAINT  =       46.1970
 EAMBER  =    -2618.3751


  Maximum number of minimization cycles reached.


                    FINAL RESULTS



   NSTEP       ENERGY          RMS            GMAX         NAME    NUMBER
   1000      -2.5722E+03     5.3905E-02     1.0924E+00     HG1      1213

 BOND    =       31.2963  ANGLE   =      209.7519  DIHED      =     1088.0603
 VDWAALS =     -789.2506  EEL     =    -7229.3471  EGB        =    -1881.3481
 1-4 VDW =      330.6983  1-4 EEL =     5621.7638  RESTRAINT  =       46.1970
 EAMBER  =    -2618.3751

--------------------------------------------------------------------------------
   5.  TIMINGS
--------------------------------------------------------------------------------

|                Calc gb radii             59.65 (20.39% of Gen B)
|                Calc gb diag             109.95 (37.58% of Gen B)
|                Calc gb off-diag         122.94 (42.02% of Gen B)
|             Gen Born time            292.55 (100.0% of Nonbo)
|          Nonbond force            292.55 (99.28% of Force)
|          Bond/Angle/Dihedral        2.10 ( 0.71% of Force)
|          Other                      0.02 ( 0.01% of Force)
|       Force time               294.67 (100.0% of Runmd)
|    Runmd Time               294.67 (99.65% of Total)
|    Other                      1.04 ( 0.35% of Total)
| Total time               295.71 (100.0% of ALL  )

| Number of list builds   :          0

| Highest rstack allocated:          0
| Highest istack allocated:          0
|           Job began  at 14:45:43.324  on 02/03/2016
|           Setup done at 14:45:43.401  on 02/03/2016
|           Run   done at 14:50:39.031  on 02/03/2016
|     wallclock() was called   18028 times
