
          -------------------------------------------------------
          Amber 14 SANDER                              2014
          -------------------------------------------------------

| Run on 02/03/2016 at 14:06:08

|   Executable path: sander
| Working directory: /lustre/cs1500/scratch/kmb413/RealDecoyDisc/DecoyDiscrimination/decoys.set2.init/1aaj/Rosetta_relaxed
|          Hostname: slepner1


File Assignments:
|  MDIN: /scratch/kmb413/RealDecoyDisc/DecoyDiscrimination/scripts/min/min.in  
| MDOUT: NoH_1_empty_tag_1222_0001_0001.out                                    
|INPCRD: NoH_1_empty_tag_1222_0001_0001.rst7                                   
|  PARM: NoH_1_empty_tag_1222_0001_0001.parm7                                  
|RESTRT: min_NoH_1_empty_tag_1222_0001_0001.rst7                               
|  REFC: NoH_1_empty_tag_1222_0001_0001.rst7                                   
| MDVEL: mdvel                                                                 
| MDFRC: mdfrc                                                                 
|  MDEN: mden                                                                  
| MDCRD: mdcrd                                                                 
|MDINFO: mdinfo                                                                
|  MTMD: mtmd                                                                  
|INPDIP: inpdip                                                                
|RSTDIP: rstdip                                                                
|INPTRA: inptraj                                                               


 Here is the input file:

                                                                               
&cntrl                                                                         
    imin = 1, maxcyc=1000,                                                     
    ntx = 1,                                                                   
    ntwr = 100, ntpr = 100,                                                    
    cut = 999.0,                                                               
    ntb = 0, igb = 8,                                                          
    ntr = 1, restraint_wt = 10, restraintmask = "!@H=",                        
/                                                                              

--------------------------------------------------------------------------------
   1.  RESOURCE   USE: 
--------------------------------------------------------------------------------

| Flags:                                                                        
| New format PARM file being parsed.
| Version =    1.000 Date = 02/03/16 Time = 11:44:45
 NATOM  =    1590 NTYPES =      14 NBONH =     791 MBONA  =     820
 NTHETH =    1812 MTHETA =    1115 NPHIH =    3578 MPHIA  =    3525
 NHPARM =       0 NPARM  =       0 NNB   =    8805 NRES   =     104
 NBONA  =     820 NTHETA =    1115 NPHIA =    3525 NUMBND =      65
 NUMANG =     152 NPTRA  =     189 NATYP =      33 NPHB   =       0
 IFBOX  =       0 NMXRS  =      24 IFCAP =       0 NEXTRA =       0
 NCOPY  =       0

 Implicit solvent radii are ArgH and AspGluO modified Bondi2 radii (mbondi3)                                
 Replacing prmtop screening parameters with GBn2 (igb=8) values

|     Memory Use     Allocated
|     Real              145027
|     Hollerith           4876
|     Integer           109197
|     Max Pairs              1
|     nblistReal             0
|     nblist Int             0
|       Total             1578 kbytes

| Note: 1-4 EEL scale factors are being read from the topology file.

| Note: 1-4 VDW scale factors are being read from the topology file.
| Duplicated    0 dihedrals
| Duplicated    0 dihedrals

--------------------------------------------------------------------------------
   2.  CONTROL  DATA  FOR  THE  RUN
--------------------------------------------------------------------------------

default_name                                                                    

General flags:
     imin    =       1, nmropt  =       0

Nature and format of input:
     ntx     =       1, irest   =       0, ntrx    =       1

Nature and format of output:
     ntxo    =       1, ntpr    =     100, ntrx    =       1, ntwr    =     100
     iwrap   =       0, ntwx    =       0, ntwv    =       0, ntwe    =       0
     ioutfm  =       0, ntwprt  =       0, idecomp =       0, rbornstat=      0

Potential function:
     ntf     =       1, ntb     =       0, igb     =       8, nsnb    =      25
     ipol    =       0, gbsa    =       0, iesp    =       0
     dielc   =   1.00000, cut     = 999.00000, intdiel =   1.00000
     saltcon =   0.00000, offset  =   0.19514, surften =   0.00500
     rdt     =   0.00000, rgbmax  =  25.00000  extdiel =  78.50000
     alpb  =        0
     gbalphaH  =   0.78844, gbbetaH   =   0.79870,  gbgammaH  =    0.43733
     gbalphaC  =   0.73376, gbbetaC   =   0.50638,  gbgammaC  =    0.20584
     gbalphaN  =   0.50336, gbbetaN   =   0.31683,  gbgammaN  =    0.19292
     gbalphaOS =   0.86781, gbbetaOS  =   0.87664,  gbgammaOS =    0.38788
     gbalphaP  =   1.00000, gbbetaP   =   0.80000,  gbgammaP  =    4.85000
     gb_alpha_hnu  =   0.53705, gb_beta_hnu   =   0.36286,  gb_gamma_hnu  =    0.11670
     gb_alpha_cnu  =   0.33167, gb_beta_cnu   =   0.19684,  gb_gamma_cnu  =    0.09342
     gb_alpha_nnu  =   0.68631, gb_beta_nnu   =   0.46319,  gb_gamma_nnu  =    0.13872
     gb_alpha_onu  =   0.60634, gb_beta_onu   =   0.46301,  gb_gamma_onu  =    0.14226
     gb_alpha_pnu  =   0.41836, gb_beta_pnu   =   0.29005,  gb_gamma_pnu  =    0.10642

Frozen or restrained atoms:
     ibelly  =       0, ntr     =       1
     restraint_wt =  10.00000

Energy minimization:
     maxcyc  =    1000, ncyc    =      10, ntmin   =       1
     dx0     =   0.01000, drms    =   0.00010
|  INFO: Old style inpcrd file read


    LOADING THE CONSTRAINED ATOMS AS GROUPS


   5.  REFERENCE ATOM COORDINATES

  defa
     Mask !@H=; matches   799 atoms

--------------------------------------------------------------------------------
   3.  ATOMIC COORDINATES AND VELOCITIES
--------------------------------------------------------------------------------

default_name                                                                    
 begin time read from input coords =     0.000 ps

 Number of triangulated 3-point waters found:        0

--------------------------------------------------------------------------------
   4.  RESULTS
--------------------------------------------------------------------------------



   NSTEP       ENERGY          RMS            GMAX         NAME    NUMBER
      1      -2.2389E+03     8.9899E+00     6.1492E+01     OE1       945

 BOND    =       69.3079  ANGLE   =      210.9245  DIHED      =     1065.2309
 VDWAALS =     -668.8144  EEL     =    -7321.9047  EGB        =    -1716.8524
 1-4 VDW =      435.9909  1-4 EEL =     5687.1957  RESTRAINT  =        0.0000


   NSTEP       ENERGY          RMS            GMAX         NAME    NUMBER
    100      -2.5984E+03     3.6209E-01     3.2095E+00     HG       1180

 BOND    =       30.8673  ANGLE   =      203.5671  DIHED      =     1072.5227
 VDWAALS =     -800.4733  EEL     =    -7356.5113  EGB        =    -1731.6317
 1-4 VDW =      329.0499  1-4 EEL =     5613.1421  RESTRAINT  =       41.1166
 EAMBER  =    -2639.4671


   NSTEP       ENERGY          RMS            GMAX         NAME    NUMBER
    200      -2.6168E+03     4.2599E-01     6.3464E+00     HG1      1213

 BOND    =       31.9476  ANGLE   =      204.7676  DIHED      =     1071.3994
 VDWAALS =     -801.2307  EEL     =    -7387.6857  EGB        =    -1719.2972
 1-4 VDW =      328.3002  1-4 EEL =     5613.3478  RESTRAINT  =       41.6563
 EAMBER  =    -2658.4511


   NSTEP       ENERGY          RMS            GMAX         NAME    NUMBER
    300      -2.6243E+03     1.0563E-01     1.4830E+00     CD        103

 BOND    =       31.6512  ANGLE   =      204.5005  DIHED      =     1068.1633
 VDWAALS =     -800.4642  EEL     =    -7395.7462  EGB        =    -1717.0697
 1-4 VDW =      329.3719  1-4 EEL =     5614.4438  RESTRAINT  =       40.8560
 EAMBER  =    -2665.1493


   NSTEP       ENERGY          RMS            GMAX         NAME    NUMBER
    400      -2.6246E+03     1.3939E-02     2.2549E-01     OG1      1212

 BOND    =       31.4816  ANGLE   =      204.1733  DIHED      =     1067.8821
 VDWAALS =     -800.2692  EEL     =    -7395.7500  EGB        =    -1717.0003
 1-4 VDW =      329.8064  1-4 EEL =     5614.4174  RESTRAINT  =       40.6630
 EAMBER  =    -2665.2587


   NSTEP       ENERGY          RMS            GMAX         NAME    NUMBER
    500      -2.6246E+03     4.4575E-03     5.6573E-02     CD       1585

 BOND    =       31.4599  ANGLE   =      204.1478  DIHED      =     1067.8891
 VDWAALS =     -800.2573  EEL     =    -7395.9148  EGB        =    -1716.8684
 1-4 VDW =      329.8657  1-4 EEL =     5614.4319  RESTRAINT  =       40.6386
 EAMBER  =    -2665.2463


   NSTEP       ENERGY          RMS            GMAX         NAME    NUMBER
    600      -2.6246E+03     2.3111E-03     2.3139E-02     CE3       657

 BOND    =       31.4577  ANGLE   =      204.1381  DIHED      =     1067.9048
 VDWAALS =     -800.2537  EEL     =    -7396.0624  EGB        =    -1716.7518
 1-4 VDW =      329.8786  1-4 EEL =     5614.4482  RESTRAINT  =       40.6308
 EAMBER  =    -2665.2406


   NSTEP       ENERGY          RMS            GMAX         NAME    NUMBER
    700      -2.6246E+03     1.0207E-03     1.6105E-02     HG1      1389

 BOND    =       31.4568  ANGLE   =      204.1283  DIHED      =     1067.9179
 VDWAALS =     -800.2489  EEL     =    -7396.1932  EGB        =    -1716.6419
 1-4 VDW =      329.8859  1-4 EEL =     5614.4587  RESTRAINT  =       40.6257
 EAMBER  =    -2665.2363


   NSTEP       ENERGY          RMS            GMAX         NAME    NUMBER
    800      -2.6246E+03     3.6816E-04     9.3391E-03     HG1      1389

 BOND    =       31.4603  ANGLE   =      204.1248  DIHED      =     1067.9454
 VDWAALS =     -800.2563  EEL     =    -7396.4419  EGB        =    -1716.4358
 1-4 VDW =      329.8806  1-4 EEL =     5614.4879  RESTRAINT  =       40.6239
 EAMBER  =    -2665.2351


   NSTEP       ENERGY          RMS            GMAX         NAME    NUMBER
    900      -2.6246E+03     5.1443E-04     9.4350E-03     HG1      1389

 BOND    =       31.4612  ANGLE   =      204.1241  DIHED      =     1067.9485
 VDWAALS =     -800.2566  EEL     =    -7396.4780  EGB        =    -1716.4041
 1-4 VDW =      329.8796  1-4 EEL =     5614.4906  RESTRAINT  =       40.6235
 EAMBER  =    -2665.2347


   NSTEP       ENERGY          RMS            GMAX         NAME    NUMBER
   1000      -2.6246E+03     4.3211E-04     7.4088E-03     HG1      1389

 BOND    =       31.4612  ANGLE   =      204.1238  DIHED      =     1067.9499
 VDWAALS =     -800.2567  EEL     =    -7396.4927  EGB        =    -1716.3910
 1-4 VDW =      329.8793  1-4 EEL =     5614.4918  RESTRAINT  =       40.6232
 EAMBER  =    -2665.2344


  Maximum number of minimization cycles reached.


                    FINAL RESULTS



   NSTEP       ENERGY          RMS            GMAX         NAME    NUMBER
   1000      -2.6246E+03     4.3211E-04     7.4088E-03     HG1      1389

 BOND    =       31.4612  ANGLE   =      204.1238  DIHED      =     1067.9499
 VDWAALS =     -800.2567  EEL     =    -7396.4927  EGB        =    -1716.3910
 1-4 VDW =      329.8793  1-4 EEL =     5614.4918  RESTRAINT  =       40.6232
 EAMBER  =    -2665.2344

--------------------------------------------------------------------------------
   5.  TIMINGS
--------------------------------------------------------------------------------

|                Calc gb radii             59.36 (20.34% of Gen B)
|                Calc gb diag             110.44 (37.85% of Gen B)
|                Calc gb off-diag         121.97 (41.80% of Gen B)
|             Gen Born time            291.78 (100.0% of Nonbo)
|          Nonbond force            291.78 (99.29% of Force)
|          Bond/Angle/Dihedral        2.08 ( 0.71% of Force)
|          Other                      0.02 ( 0.01% of Force)
|       Force time               293.88 (100.0% of Runmd)
|    Runmd Time               293.88 (99.72% of Total)
|    Other                      0.84 ( 0.28% of Total)
| Total time               294.71 (100.0% of ALL  )

| Number of list builds   :          0

| Highest rstack allocated:          0
| Highest istack allocated:          0
|           Job began  at 14:06:08.169  on 02/03/2016
|           Setup done at 14:06:08.251  on 02/03/2016
|           Run   done at 14:11:02.884  on 02/03/2016
|     wallclock() was called   18028 times
