
          -------------------------------------------------------
          Amber 14 SANDER                              2014
          -------------------------------------------------------

| Run on 02/03/2016 at 12:16:36

|   Executable path: sander
| Working directory: /lustre/cs1500/scratch/kmb413/RealDecoyDisc/DecoyDiscrimination/decoys.set2.init/1aaj/Rosetta_relaxed
|          Hostname: slepner1


File Assignments:
|  MDIN: /scratch/kmb413/RealDecoyDisc/DecoyDiscrimination/scripts/min/min.in  
| MDOUT: NoH_1_empty_tag_1_27_0001.out                                         
|INPCRD: NoH_1_empty_tag_1_27_0001.rst7                                        
|  PARM: NoH_1_empty_tag_1_27_0001.parm7                                       
|RESTRT: min_NoH_1_empty_tag_1_27_0001.rst7                                    
|  REFC: NoH_1_empty_tag_1_27_0001.rst7                                        
| MDVEL: mdvel                                                                 
| MDFRC: mdfrc                                                                 
|  MDEN: mden                                                                  
| MDCRD: mdcrd                                                                 
|MDINFO: mdinfo                                                                
|  MTMD: mtmd                                                                  
|INPDIP: inpdip                                                                
|RSTDIP: rstdip                                                                
|INPTRA: inptraj                                                               


 Here is the input file:

                                                                               
&cntrl                                                                         
    imin = 1, maxcyc=1000,                                                     
    ntx = 1,                                                                   
    ntwr = 100, ntpr = 100,                                                    
    cut = 999.0,                                                               
    ntb = 0, igb = 8,                                                          
    ntr = 1, restraint_wt = 10, restraintmask = "!@H=",                        
/                                                                              

--------------------------------------------------------------------------------
   1.  RESOURCE   USE: 
--------------------------------------------------------------------------------

| Flags:                                                                        
| New format PARM file being parsed.
| Version =    1.000 Date = 02/03/16 Time = 11:44:51
 NATOM  =    1590 NTYPES =      14 NBONH =     791 MBONA  =     820
 NTHETH =    1812 MTHETA =    1115 NPHIH =    3578 MPHIA  =    3525
 NHPARM =       0 NPARM  =       0 NNB   =    8805 NRES   =     104
 NBONA  =     820 NTHETA =    1115 NPHIA =    3525 NUMBND =      65
 NUMANG =     152 NPTRA  =     189 NATYP =      33 NPHB   =       0
 IFBOX  =       0 NMXRS  =      24 IFCAP =       0 NEXTRA =       0
 NCOPY  =       0

 Implicit solvent radii are ArgH and AspGluO modified Bondi2 radii (mbondi3)                                
 Replacing prmtop screening parameters with GBn2 (igb=8) values

|     Memory Use     Allocated
|     Real              145027
|     Hollerith           4876
|     Integer           109197
|     Max Pairs              1
|     nblistReal             0
|     nblist Int             0
|       Total             1578 kbytes

| Note: 1-4 EEL scale factors are being read from the topology file.

| Note: 1-4 VDW scale factors are being read from the topology file.
| Duplicated    0 dihedrals
| Duplicated    0 dihedrals

--------------------------------------------------------------------------------
   2.  CONTROL  DATA  FOR  THE  RUN
--------------------------------------------------------------------------------

default_name                                                                    

General flags:
     imin    =       1, nmropt  =       0

Nature and format of input:
     ntx     =       1, irest   =       0, ntrx    =       1

Nature and format of output:
     ntxo    =       1, ntpr    =     100, ntrx    =       1, ntwr    =     100
     iwrap   =       0, ntwx    =       0, ntwv    =       0, ntwe    =       0
     ioutfm  =       0, ntwprt  =       0, idecomp =       0, rbornstat=      0

Potential function:
     ntf     =       1, ntb     =       0, igb     =       8, nsnb    =      25
     ipol    =       0, gbsa    =       0, iesp    =       0
     dielc   =   1.00000, cut     = 999.00000, intdiel =   1.00000
     saltcon =   0.00000, offset  =   0.19514, surften =   0.00500
     rdt     =   0.00000, rgbmax  =  25.00000  extdiel =  78.50000
     alpb  =        0
     gbalphaH  =   0.78844, gbbetaH   =   0.79870,  gbgammaH  =    0.43733
     gbalphaC  =   0.73376, gbbetaC   =   0.50638,  gbgammaC  =    0.20584
     gbalphaN  =   0.50336, gbbetaN   =   0.31683,  gbgammaN  =    0.19292
     gbalphaOS =   0.86781, gbbetaOS  =   0.87664,  gbgammaOS =    0.38788
     gbalphaP  =   1.00000, gbbetaP   =   0.80000,  gbgammaP  =    4.85000
     gb_alpha_hnu  =   0.53705, gb_beta_hnu   =   0.36286,  gb_gamma_hnu  =    0.11670
     gb_alpha_cnu  =   0.33167, gb_beta_cnu   =   0.19684,  gb_gamma_cnu  =    0.09342
     gb_alpha_nnu  =   0.68631, gb_beta_nnu   =   0.46319,  gb_gamma_nnu  =    0.13872
     gb_alpha_onu  =   0.60634, gb_beta_onu   =   0.46301,  gb_gamma_onu  =    0.14226
     gb_alpha_pnu  =   0.41836, gb_beta_pnu   =   0.29005,  gb_gamma_pnu  =    0.10642

Frozen or restrained atoms:
     ibelly  =       0, ntr     =       1
     restraint_wt =  10.00000

Energy minimization:
     maxcyc  =    1000, ncyc    =      10, ntmin   =       1
     dx0     =   0.01000, drms    =   0.00010
|  INFO: Old style inpcrd file read


    LOADING THE CONSTRAINED ATOMS AS GROUPS


   5.  REFERENCE ATOM COORDINATES

  defa
     Mask !@H=; matches   799 atoms

--------------------------------------------------------------------------------
   3.  ATOMIC COORDINATES AND VELOCITIES
--------------------------------------------------------------------------------

default_name                                                                    
 begin time read from input coords =     0.000 ps

 Number of triangulated 3-point waters found:        0

--------------------------------------------------------------------------------
   4.  RESULTS
--------------------------------------------------------------------------------



   NSTEP       ENERGY          RMS            GMAX         NAME    NUMBER
      1      -2.2290E+03     9.1094E+00     6.1809E+01     OE1       730

 BOND    =       69.0400  ANGLE   =      211.2758  DIHED      =     1067.5067
 VDWAALS =     -664.3803  EEL     =    -7397.3787  EGB        =    -1626.7311
 1-4 VDW =      442.3086  1-4 EEL =     5669.3794  RESTRAINT  =        0.0000


   NSTEP       ENERGY          RMS            GMAX         NAME    NUMBER
    100      -2.5987E+03     4.0382E-01     3.9450E+00     CE2       650

 BOND    =       30.9236  ANGLE   =      209.5578  DIHED      =     1065.8244
 VDWAALS =     -818.0553  EEL     =    -7406.2884  EGB        =    -1643.8779
 1-4 VDW =      331.9717  1-4 EEL =     5587.2479  RESTRAINT  =       43.9952
 EAMBER  =    -2642.6961


   NSTEP       ENERGY          RMS            GMAX         NAME    NUMBER
    200      -2.6169E+03     1.2550E-01     1.8372E+00     HG         90

 BOND    =       31.1349  ANGLE   =      209.8229  DIHED      =     1063.8859
 VDWAALS =     -817.8725  EEL     =    -7425.6670  EGB        =    -1642.9706
 1-4 VDW =      332.5363  1-4 EEL =     5588.0002  RESTRAINT  =       44.1821
 EAMBER  =    -2661.1299


   NSTEP       ENERGY          RMS            GMAX         NAME    NUMBER
    300      -2.6177E+03     1.7116E-02     1.6972E-01     OG       1179

 BOND    =       30.9041  ANGLE   =      209.3119  DIHED      =     1063.6187
 VDWAALS =     -818.0554  EEL     =    -7425.1349  EGB        =    -1643.3724
 1-4 VDW =      333.3923  1-4 EEL =     5587.6024  RESTRAINT  =       44.0161
 EAMBER  =    -2661.7333


   NSTEP       ENERGY          RMS            GMAX         NAME    NUMBER
    400      -2.6177E+03     1.0463E-02     1.4644E-01     CG        311

 BOND    =       30.8688  ANGLE   =      209.2653  DIHED      =     1063.6506
 VDWAALS =     -818.1659  EEL     =    -7425.1010  EGB        =    -1643.3994
 1-4 VDW =      333.4843  1-4 EEL =     5587.6336  RESTRAINT  =       44.0262
 EAMBER  =    -2661.7637


   NSTEP       ENERGY          RMS            GMAX         NAME    NUMBER
    500      -2.6177E+03     1.3585E-03     2.0427E-02     CG        311

 BOND    =       30.8499  ANGLE   =      209.2313  DIHED      =     1063.6667
 VDWAALS =     -818.1879  EEL     =    -7425.1194  EGB        =    -1643.3830
 1-4 VDW =      333.5332  1-4 EEL =     5587.6480  RESTRAINT  =       44.0199
 EAMBER  =    -2661.7613

     ... RESTARTED DUE TO LINMIN FAILURE ...


   NSTEP       ENERGY          RMS            GMAX         NAME    NUMBER
    600      -2.6177E+03     4.4996E-02     9.5828E-01     CG        311

 BOND    =       30.8415  ANGLE   =      209.2365  DIHED      =     1063.6735
 VDWAALS =     -818.1905  EEL     =    -7425.1323  EGB        =    -1643.3750
 1-4 VDW =      333.5380  1-4 EEL =     5587.6452  RESTRAINT  =       44.0233
 EAMBER  =    -2661.7633

     ... RESTARTED DUE TO LINMIN FAILURE ...


   NSTEP       ENERGY          RMS            GMAX         NAME    NUMBER
    700      -2.6177E+03     1.2240E-03     1.4056E-02     OG       1179

 BOND    =       30.8470  ANGLE   =      209.2275  DIHED      =     1063.6733
 VDWAALS =     -818.1988  EEL     =    -7425.1330  EGB        =    -1643.3710
 1-4 VDW =      333.5403  1-4 EEL =     5587.6491  RESTRAINT  =       44.0237
 EAMBER  =    -2661.7657

     ... RESTARTED DUE TO LINMIN FAILURE ...

     ... RESTARTED DUE TO LINMIN FAILURE ...

     ... RESTARTED DUE TO LINMIN FAILURE ...

     ***** REPEATED LINMIN FAILURE *****

     ***** SEE http://ambermd.org/Questions/linmin.html FOR MORE INFO *****


                    FINAL RESULTS



   NSTEP       ENERGY          RMS            GMAX         NAME    NUMBER
    740      -2.6177E+03     1.7032E-04     3.5976E-03     CG        311

 BOND    =       30.8476  ANGLE   =      209.2284  DIHED      =     1063.6731
 VDWAALS =     -818.1989  EEL     =    -7425.1326  EGB        =    -1643.3713
 1-4 VDW =      333.5392  1-4 EEL =     5587.6486  RESTRAINT  =       44.0240
 EAMBER  =    -2661.7660

--------------------------------------------------------------------------------
   5.  TIMINGS
--------------------------------------------------------------------------------

|                Calc gb radii             44.40 (20.43% of Gen B)
|                Calc gb diag              82.26 (37.85% of Gen B)
|                Calc gb off-diag          90.66 (41.72% of Gen B)
|             Gen Born time            217.32 (100.0% of Nonbo)
|          Nonbond force            217.32 (99.29% of Force)
|          Bond/Angle/Dihedral        1.53 ( 0.70% of Force)
|          Other                      0.01 ( 0.01% of Force)
|       Force time               218.86 (100.0% of Runmd)
|    Runmd Time               218.86 (99.71% of Total)
|    Other                      0.63 ( 0.29% of Total)
| Total time               219.49 (100.0% of ALL  )

| Number of list builds   :          0

| Highest rstack allocated:          0
| Highest istack allocated:          0
|           Job began  at 12:16:36.651  on 02/03/2016
|           Setup done at 12:16:36.706  on 02/03/2016
|           Run   done at 12:20:16.145  on 02/03/2016
|     wallclock() was called   13348 times
