
          -------------------------------------------------------
          Amber 14 SANDER                              2014
          -------------------------------------------------------

| Run on 02/03/2016 at 14:13:07

|   Executable path: sander
| Working directory: /lustre/cs1500/scratch/kmb413/RealDecoyDisc/DecoyDiscrimination/decoys.set2.init/1aaj/Rosetta_relaxed
|          Hostname: slepner13


File Assignments:
|  MDIN: /scratch/kmb413/RealDecoyDisc/DecoyDiscrimination/scripts/min/min.in  
| MDOUT: NoH_1_empty_tag_499_0001_0001.out                                     
|INPCRD: NoH_1_empty_tag_499_0001_0001.rst7                                    
|  PARM: NoH_1_empty_tag_499_0001_0001.parm7                                   
|RESTRT: min_NoH_1_empty_tag_499_0001_0001.rst7                                
|  REFC: NoH_1_empty_tag_499_0001_0001.rst7                                    
| MDVEL: mdvel                                                                 
| MDFRC: mdfrc                                                                 
|  MDEN: mden                                                                  
| MDCRD: mdcrd                                                                 
|MDINFO: mdinfo                                                                
|  MTMD: mtmd                                                                  
|INPDIP: inpdip                                                                
|RSTDIP: rstdip                                                                
|INPTRA: inptraj                                                               


 Here is the input file:

                                                                               
&cntrl                                                                         
    imin = 1, maxcyc=1000,                                                     
    ntx = 1,                                                                   
    ntwr = 100, ntpr = 100,                                                    
    cut = 999.0,                                                               
    ntb = 0, igb = 8,                                                          
    ntr = 1, restraint_wt = 10, restraintmask = "!@H=",                        
/                                                                              

--------------------------------------------------------------------------------
   1.  RESOURCE   USE: 
--------------------------------------------------------------------------------

| Flags:                                                                        
| New format PARM file being parsed.
| Version =    1.000 Date = 02/03/16 Time = 11:45:59
 NATOM  =    1590 NTYPES =      14 NBONH =     791 MBONA  =     820
 NTHETH =    1812 MTHETA =    1115 NPHIH =    3578 MPHIA  =    3525
 NHPARM =       0 NPARM  =       0 NNB   =    8805 NRES   =     104
 NBONA  =     820 NTHETA =    1115 NPHIA =    3525 NUMBND =      65
 NUMANG =     152 NPTRA  =     189 NATYP =      33 NPHB   =       0
 IFBOX  =       0 NMXRS  =      24 IFCAP =       0 NEXTRA =       0
 NCOPY  =       0

 Implicit solvent radii are ArgH and AspGluO modified Bondi2 radii (mbondi3)                                
 Replacing prmtop screening parameters with GBn2 (igb=8) values

|     Memory Use     Allocated
|     Real              145027
|     Hollerith           4876
|     Integer           109197
|     Max Pairs              1
|     nblistReal             0
|     nblist Int             0
|       Total             1578 kbytes

| Note: 1-4 EEL scale factors are being read from the topology file.

| Note: 1-4 VDW scale factors are being read from the topology file.
| Duplicated    0 dihedrals
| Duplicated    0 dihedrals

--------------------------------------------------------------------------------
   2.  CONTROL  DATA  FOR  THE  RUN
--------------------------------------------------------------------------------

default_name                                                                    

General flags:
     imin    =       1, nmropt  =       0

Nature and format of input:
     ntx     =       1, irest   =       0, ntrx    =       1

Nature and format of output:
     ntxo    =       1, ntpr    =     100, ntrx    =       1, ntwr    =     100
     iwrap   =       0, ntwx    =       0, ntwv    =       0, ntwe    =       0
     ioutfm  =       0, ntwprt  =       0, idecomp =       0, rbornstat=      0

Potential function:
     ntf     =       1, ntb     =       0, igb     =       8, nsnb    =      25
     ipol    =       0, gbsa    =       0, iesp    =       0
     dielc   =   1.00000, cut     = 999.00000, intdiel =   1.00000
     saltcon =   0.00000, offset  =   0.19514, surften =   0.00500
     rdt     =   0.00000, rgbmax  =  25.00000  extdiel =  78.50000
     alpb  =        0
     gbalphaH  =   0.78844, gbbetaH   =   0.79870,  gbgammaH  =    0.43733
     gbalphaC  =   0.73376, gbbetaC   =   0.50638,  gbgammaC  =    0.20584
     gbalphaN  =   0.50336, gbbetaN   =   0.31683,  gbgammaN  =    0.19292
     gbalphaOS =   0.86781, gbbetaOS  =   0.87664,  gbgammaOS =    0.38788
     gbalphaP  =   1.00000, gbbetaP   =   0.80000,  gbgammaP  =    4.85000
     gb_alpha_hnu  =   0.53705, gb_beta_hnu   =   0.36286,  gb_gamma_hnu  =    0.11670
     gb_alpha_cnu  =   0.33167, gb_beta_cnu   =   0.19684,  gb_gamma_cnu  =    0.09342
     gb_alpha_nnu  =   0.68631, gb_beta_nnu   =   0.46319,  gb_gamma_nnu  =    0.13872
     gb_alpha_onu  =   0.60634, gb_beta_onu   =   0.46301,  gb_gamma_onu  =    0.14226
     gb_alpha_pnu  =   0.41836, gb_beta_pnu   =   0.29005,  gb_gamma_pnu  =    0.10642

Frozen or restrained atoms:
     ibelly  =       0, ntr     =       1
     restraint_wt =  10.00000

Energy minimization:
     maxcyc  =    1000, ncyc    =      10, ntmin   =       1
     dx0     =   0.01000, drms    =   0.00010
|  INFO: Old style inpcrd file read


    LOADING THE CONSTRAINED ATOMS AS GROUPS


   5.  REFERENCE ATOM COORDINATES

  defa
     Mask !@H=; matches   799 atoms

--------------------------------------------------------------------------------
   3.  ATOMIC COORDINATES AND VELOCITIES
--------------------------------------------------------------------------------

default_name                                                                    
 begin time read from input coords =     0.000 ps

 Number of triangulated 3-point waters found:        0

--------------------------------------------------------------------------------
   4.  RESULTS
--------------------------------------------------------------------------------



   NSTEP       ENERGY          RMS            GMAX         NAME    NUMBER
      1      -2.2249E+03     9.0402E+00     6.4938E+01     OE1      1586

 BOND    =       69.9277  ANGLE   =      211.4328  DIHED      =     1084.1752
 VDWAALS =     -660.8400  EEL     =    -7200.9240  EGB        =    -1867.2554
 1-4 VDW =      443.2679  1-4 EEL =     5695.3491  RESTRAINT  =        0.0000


   NSTEP       ENERGY          RMS            GMAX         NAME    NUMBER
    100      -2.5775E+03     4.1104E-01     3.7162E+00     HG1       605

 BOND    =       31.6960  ANGLE   =      207.5130  DIHED      =     1086.4639
 VDWAALS =     -793.4002  EEL     =    -7194.6764  EGB        =    -1893.5890
 1-4 VDW =      329.2035  1-4 EEL =     5607.5231  RESTRAINT  =       41.7328
 EAMBER  =    -2619.2661


   NSTEP       ENERGY          RMS            GMAX         NAME    NUMBER
    200      -2.5890E+03     1.4158E-01     1.9444E+00     HG1      1389

 BOND    =       31.4242  ANGLE   =      207.0855  DIHED      =     1082.8710
 VDWAALS =     -793.9596  EEL     =    -7205.8724  EGB        =    -1891.3244
 1-4 VDW =      329.9815  1-4 EEL =     5609.0734  RESTRAINT  =       41.7181
 EAMBER  =    -2630.7208


   NSTEP       ENERGY          RMS            GMAX         NAME    NUMBER
    300      -2.5896E+03     1.7719E-02     1.7565E-01     HG       1180

 BOND    =       31.2080  ANGLE   =      206.7614  DIHED      =     1082.3218
 VDWAALS =     -794.4499  EEL     =    -7206.9123  EGB        =    -1890.5392
 1-4 VDW =      330.5716  1-4 EEL =     5609.7798  RESTRAINT  =       41.6149
 EAMBER  =    -2631.2589


   NSTEP       ENERGY          RMS            GMAX         NAME    NUMBER
    400      -2.5897E+03     8.0434E-02     1.2985E+00     HG1       635

 BOND    =       31.2651  ANGLE   =      206.8545  DIHED      =     1082.5764
 VDWAALS =     -794.6218  EEL     =    -7206.4403  EGB        =    -1891.0501
 1-4 VDW =      330.5584  1-4 EEL =     5609.4295  RESTRAINT  =       41.7278
 EAMBER  =    -2631.4282


   NSTEP       ENERGY          RMS            GMAX         NAME    NUMBER
    500      -2.5968E+03     1.3249E-01     1.8016E+00     N         638

 BOND    =       31.6687  ANGLE   =      207.5123  DIHED      =     1081.9268
 VDWAALS =     -794.0070  EEL     =    -7212.0714  EGB        =    -1892.8353
 1-4 VDW =      329.6655  1-4 EEL =     5609.3626  RESTRAINT  =       42.0027
 EAMBER  =    -2638.7778


   NSTEP       ENERGY          RMS            GMAX         NAME    NUMBER
    600      -2.5972E+03     1.2239E-02     1.6766E-01     CG2       630

 BOND    =       31.2684  ANGLE   =      206.6316  DIHED      =     1081.7907
 VDWAALS =     -793.4470  EEL     =    -7212.2957  EGB        =    -1892.8555
 1-4 VDW =      330.6134  1-4 EEL =     5609.8856  RESTRAINT  =       41.2473
 EAMBER  =    -2638.4086


   NSTEP       ENERGY          RMS            GMAX         NAME    NUMBER
    700      -2.5972E+03     2.4141E-03     3.5132E-02     OG1       634

 BOND    =       31.2639  ANGLE   =      206.5924  DIHED      =     1081.8242
 VDWAALS =     -793.4318  EEL     =    -7212.2846  EGB        =    -1892.9234
 1-4 VDW =      330.6560  1-4 EEL =     5609.9139  RESTRAINT  =       41.2248
 EAMBER  =    -2638.3894


   NSTEP       ENERGY          RMS            GMAX         NAME    NUMBER
    800      -2.5972E+03     1.3525E-04     2.6672E-03     CD        193

 BOND    =       31.2605  ANGLE   =      206.5864  DIHED      =     1081.8259
 VDWAALS =     -793.4286  EEL     =    -7212.2826  EGB        =    -1892.9262
 1-4 VDW =      330.6642  1-4 EEL =     5609.9170  RESTRAINT  =       41.2188
 EAMBER  =    -2638.3834


                    FINAL RESULTS



   NSTEP       ENERGY          RMS            GMAX         NAME    NUMBER
    824      -2.5972E+03     6.9307E-05     1.3650E-03     HG       1180

 BOND    =       31.2605  ANGLE   =      206.5865  DIHED      =     1081.8263
 VDWAALS =     -793.4290  EEL     =    -7212.2826  EGB        =    -1892.9270
 1-4 VDW =      330.6643  1-4 EEL =     5609.9174  RESTRAINT  =       41.2190
 EAMBER  =    -2638.3836

--------------------------------------------------------------------------------
   5.  TIMINGS
--------------------------------------------------------------------------------

|                Calc gb radii             49.23 (20.46% of Gen B)
|                Calc gb diag              91.15 (37.88% of Gen B)
|                Calc gb off-diag         100.26 (41.66% of Gen B)
|             Gen Born time            240.64 (100.0% of Nonbo)
|          Nonbond force            240.64 (99.29% of Force)
|          Bond/Angle/Dihedral        1.70 ( 0.70% of Force)
|          Other                      0.01 ( 0.01% of Force)
|       Force time               242.36 (100.0% of Runmd)
|    Runmd Time               242.36 (99.64% of Total)
|    Other                      0.88 ( 0.36% of Total)
| Total time               243.24 (100.0% of ALL  )

| Number of list builds   :          0

| Highest rstack allocated:          0
| Highest istack allocated:          0
|           Job began  at 14:13:07.030  on 02/03/2016
|           Setup done at 14:13:07.081  on 02/03/2016
|           Run   done at 14:17:10.269  on 02/03/2016
|     wallclock() was called   14860 times
