
          -------------------------------------------------------
          Amber 14 SANDER                              2014
          -------------------------------------------------------

| Run on 02/03/2016 at 12:57:44

|   Executable path: sander
| Working directory: /lustre/cs1500/scratch/kmb413/RealDecoyDisc/DecoyDiscrimination/decoys.set2.init/1aaj/Rosetta_relaxed
|          Hostname: slepner1


File Assignments:
|  MDIN: /scratch/kmb413/RealDecoyDisc/DecoyDiscrimination/scripts/min/min.in  
| MDOUT: NoH_3_empty_tag_406_0001_1_0001.out                                   
|INPCRD: NoH_3_empty_tag_406_0001_1_0001.rst7                                  
|  PARM: NoH_3_empty_tag_406_0001_1_0001.parm7                                 
|RESTRT: min_NoH_3_empty_tag_406_0001_1_0001.rst7                              
|  REFC: NoH_3_empty_tag_406_0001_1_0001.rst7                                  
| MDVEL: mdvel                                                                 
| MDFRC: mdfrc                                                                 
|  MDEN: mden                                                                  
| MDCRD: mdcrd                                                                 
|MDINFO: mdinfo                                                                
|  MTMD: mtmd                                                                  
|INPDIP: inpdip                                                                
|RSTDIP: rstdip                                                                
|INPTRA: inptraj                                                               


 Here is the input file:

                                                                               
&cntrl                                                                         
    imin = 1, maxcyc=1000,                                                     
    ntx = 1,                                                                   
    ntwr = 100, ntpr = 100,                                                    
    cut = 999.0,                                                               
    ntb = 0, igb = 8,                                                          
    ntr = 1, restraint_wt = 10, restraintmask = "!@H=",                        
/                                                                              

--------------------------------------------------------------------------------
   1.  RESOURCE   USE: 
--------------------------------------------------------------------------------

| Flags:                                                                        
| New format PARM file being parsed.
| Version =    1.000 Date = 02/03/16 Time = 11:50:01
 NATOM  =    1590 NTYPES =      14 NBONH =     791 MBONA  =     820
 NTHETH =    1812 MTHETA =    1115 NPHIH =    3578 MPHIA  =    3525
 NHPARM =       0 NPARM  =       0 NNB   =    8805 NRES   =     104
 NBONA  =     820 NTHETA =    1115 NPHIA =    3525 NUMBND =      65
 NUMANG =     152 NPTRA  =     189 NATYP =      33 NPHB   =       0
 IFBOX  =       0 NMXRS  =      24 IFCAP =       0 NEXTRA =       0
 NCOPY  =       0

 Implicit solvent radii are ArgH and AspGluO modified Bondi2 radii (mbondi3)                                
 Replacing prmtop screening parameters with GBn2 (igb=8) values

|     Memory Use     Allocated
|     Real              145027
|     Hollerith           4876
|     Integer           109197
|     Max Pairs              1
|     nblistReal             0
|     nblist Int             0
|       Total             1578 kbytes

| Note: 1-4 EEL scale factors are being read from the topology file.

| Note: 1-4 VDW scale factors are being read from the topology file.
| Duplicated    0 dihedrals
| Duplicated    0 dihedrals

--------------------------------------------------------------------------------
   2.  CONTROL  DATA  FOR  THE  RUN
--------------------------------------------------------------------------------

default_name                                                                    

General flags:
     imin    =       1, nmropt  =       0

Nature and format of input:
     ntx     =       1, irest   =       0, ntrx    =       1

Nature and format of output:
     ntxo    =       1, ntpr    =     100, ntrx    =       1, ntwr    =     100
     iwrap   =       0, ntwx    =       0, ntwv    =       0, ntwe    =       0
     ioutfm  =       0, ntwprt  =       0, idecomp =       0, rbornstat=      0

Potential function:
     ntf     =       1, ntb     =       0, igb     =       8, nsnb    =      25
     ipol    =       0, gbsa    =       0, iesp    =       0
     dielc   =   1.00000, cut     = 999.00000, intdiel =   1.00000
     saltcon =   0.00000, offset  =   0.19514, surften =   0.00500
     rdt     =   0.00000, rgbmax  =  25.00000  extdiel =  78.50000
     alpb  =        0
     gbalphaH  =   0.78844, gbbetaH   =   0.79870,  gbgammaH  =    0.43733
     gbalphaC  =   0.73376, gbbetaC   =   0.50638,  gbgammaC  =    0.20584
     gbalphaN  =   0.50336, gbbetaN   =   0.31683,  gbgammaN  =    0.19292
     gbalphaOS =   0.86781, gbbetaOS  =   0.87664,  gbgammaOS =    0.38788
     gbalphaP  =   1.00000, gbbetaP   =   0.80000,  gbgammaP  =    4.85000
     gb_alpha_hnu  =   0.53705, gb_beta_hnu   =   0.36286,  gb_gamma_hnu  =    0.11670
     gb_alpha_cnu  =   0.33167, gb_beta_cnu   =   0.19684,  gb_gamma_cnu  =    0.09342
     gb_alpha_nnu  =   0.68631, gb_beta_nnu   =   0.46319,  gb_gamma_nnu  =    0.13872
     gb_alpha_onu  =   0.60634, gb_beta_onu   =   0.46301,  gb_gamma_onu  =    0.14226
     gb_alpha_pnu  =   0.41836, gb_beta_pnu   =   0.29005,  gb_gamma_pnu  =    0.10642

Frozen or restrained atoms:
     ibelly  =       0, ntr     =       1
     restraint_wt =  10.00000

Energy minimization:
     maxcyc  =    1000, ncyc    =      10, ntmin   =       1
     dx0     =   0.01000, drms    =   0.00010
|  INFO: Old style inpcrd file read


    LOADING THE CONSTRAINED ATOMS AS GROUPS


   5.  REFERENCE ATOM COORDINATES

  defa
     Mask !@H=; matches   799 atoms

--------------------------------------------------------------------------------
   3.  ATOMIC COORDINATES AND VELOCITIES
--------------------------------------------------------------------------------

default_name                                                                    
 begin time read from input coords =     0.000 ps

 Number of triangulated 3-point waters found:        0

--------------------------------------------------------------------------------
   4.  RESULTS
--------------------------------------------------------------------------------



   NSTEP       ENERGY          RMS            GMAX         NAME    NUMBER
      1      -2.2021E+03     9.0522E+00     6.1800E+01     OD2       313

 BOND    =       70.8046  ANGLE   =      211.6616  DIHED      =     1093.5130
 VDWAALS =     -636.1433  EEL     =    -7081.4721  EGB        =    -2036.5059
 1-4 VDW =      443.3727  1-4 EEL =     5732.7074  RESTRAINT  =        0.0000


   NSTEP       ENERGY          RMS            GMAX         NAME    NUMBER
    100      -2.5514E+03     3.0263E-01     3.3957E+00     CD       1260

 BOND    =       31.5572  ANGLE   =      203.7705  DIHED      =     1096.1366
 VDWAALS =     -763.0856  EEL     =    -7086.3613  EGB        =    -2052.1602
 1-4 VDW =      332.3145  1-4 EEL =     5644.8270  RESTRAINT  =       41.6004
 EAMBER  =    -2593.0013


   NSTEP       ENERGY          RMS            GMAX         NAME    NUMBER
    200      -2.5559E+03     1.4375E-01     1.5344E+00     HG1      1389

 BOND    =       31.6181  ANGLE   =      204.3520  DIHED      =     1095.0375
 VDWAALS =     -766.1187  EEL     =    -7093.9224  EGB        =    -2047.9929
 1-4 VDW =      331.8490  1-4 EEL =     5645.3871  RESTRAINT  =       43.8423
 EAMBER  =    -2599.7903


   NSTEP       ENERGY          RMS            GMAX         NAME    NUMBER
    300      -2.5583E+03     1.4758E-01     3.1036E+00     H2          3

 BOND    =       31.6354  ANGLE   =      204.1362  DIHED      =     1092.7742
 VDWAALS =     -766.8571  EEL     =    -7094.9296  EGB        =    -2047.1036
 1-4 VDW =      332.1716  1-4 EEL =     5645.7920  RESTRAINT  =       44.0980
 EAMBER  =    -2602.3808


   NSTEP       ENERGY          RMS            GMAX         NAME    NUMBER
    400      -2.5584E+03     8.6471E-03     2.1667E-01     CA          5

 BOND    =       31.3452  ANGLE   =      203.7223  DIHED      =     1092.5758
 VDWAALS =     -766.6628  EEL     =    -7094.9064  EGB        =    -2047.0329
 1-4 VDW =      332.6224  1-4 EEL =     5646.1019  RESTRAINT  =       43.8115
 EAMBER  =    -2602.2343


   NSTEP       ENERGY          RMS            GMAX         NAME    NUMBER
    500      -2.5584E+03     2.0621E-03     2.3389E-02     CG         10

 BOND    =       31.3379  ANGLE   =      203.7022  DIHED      =     1092.5748
 VDWAALS =     -766.6603  EEL     =    -7094.8988  EGB        =    -2047.0233
 1-4 VDW =      332.6494  1-4 EEL =     5646.0981  RESTRAINT  =       43.7959
 EAMBER  =    -2602.2201


   NSTEP       ENERGY          RMS            GMAX         NAME    NUMBER
    600      -2.5584E+03     8.9566E-04     1.1712E-02     CD        729

 BOND    =       31.3312  ANGLE   =      203.6917  DIHED      =     1092.5751
 VDWAALS =     -766.6578  EEL     =    -7094.8935  EGB        =    -2047.0121
 1-4 VDW =      332.6665  1-4 EEL =     5646.0898  RESTRAINT  =       43.7848
 EAMBER  =    -2602.2092


   NSTEP       ENERGY          RMS            GMAX         NAME    NUMBER
    700      -2.5584E+03     2.8901E-04     6.5807E-03     CA          5

 BOND    =       31.3324  ANGLE   =      203.6940  DIHED      =     1092.5753
 VDWAALS =     -766.6595  EEL     =    -7094.8948  EGB        =    -2047.0127
 1-4 VDW =      332.6637  1-4 EEL =     5646.0898  RESTRAINT  =       43.7874
 EAMBER  =    -2602.2118


                    FINAL RESULTS



   NSTEP       ENERGY          RMS            GMAX         NAME    NUMBER
    771      -2.5584E+03     9.0738E-05     1.4969E-03     CD        729

 BOND    =       31.3323  ANGLE   =      203.6938  DIHED      =     1092.5755
 VDWAALS =     -766.6599  EEL     =    -7094.8947  EGB        =    -2047.0125
 1-4 VDW =      332.6640  1-4 EEL =     5646.0896  RESTRAINT  =       43.7875
 EAMBER  =    -2602.2119

--------------------------------------------------------------------------------
   5.  TIMINGS
--------------------------------------------------------------------------------

|                Calc gb radii             40.85 (19.52% of Gen B)
|                Calc gb diag              75.21 (35.93% of Gen B)
|                Calc gb off-diag          93.24 (44.55% of Gen B)
|             Gen Born time            209.30 (100.0% of Nonbo)
|          Nonbond force            209.30 (99.24% of Force)
|          Bond/Angle/Dihedral        1.60 ( 0.76% of Force)
|          Other                      0.01 ( 0.01% of Force)
|       Force time               210.91 (100.0% of Runmd)
|    Runmd Time               210.91 (99.66% of Total)
|    Other                      0.72 ( 0.34% of Total)
| Total time               211.64 (100.0% of ALL  )

| Number of list builds   :          0

| Highest rstack allocated:          0
| Highest istack allocated:          0
|           Job began  at 12:57:44.572  on 02/03/2016
|           Setup done at 12:57:44.626  on 02/03/2016
|           Run   done at 13:01:16.207  on 02/03/2016
|     wallclock() was called   13906 times
