
          -------------------------------------------------------
          Amber 14 SANDER                              2014
          -------------------------------------------------------

| Run on 02/03/2016 at 13:50:46

|   Executable path: sander
| Working directory: /lustre/cs1500/scratch/kmb413/RealDecoyDisc/DecoyDiscrimination/decoys.set2.init/1aaj/Rosetta_relaxed
|          Hostname: slepner43


File Assignments:
|  MDIN: /scratch/kmb413/RealDecoyDisc/DecoyDiscrimination/scripts/min/min.in  
| MDOUT: NoH_5_empty_tag_149_0001_1_0001.out                                   
|INPCRD: NoH_5_empty_tag_149_0001_1_0001.rst7                                  
|  PARM: NoH_5_empty_tag_149_0001_1_0001.parm7                                 
|RESTRT: min_NoH_5_empty_tag_149_0001_1_0001.rst7                              
|  REFC: NoH_5_empty_tag_149_0001_1_0001.rst7                                  
| MDVEL: mdvel                                                                 
| MDFRC: mdfrc                                                                 
|  MDEN: mden                                                                  
| MDCRD: mdcrd                                                                 
|MDINFO: mdinfo                                                                
|  MTMD: mtmd                                                                  
|INPDIP: inpdip                                                                
|RSTDIP: rstdip                                                                
|INPTRA: inptraj                                                               


 Here is the input file:

                                                                               
&cntrl                                                                         
    imin = 1, maxcyc=1000,                                                     
    ntx = 1,                                                                   
    ntwr = 100, ntpr = 100,                                                    
    cut = 999.0,                                                               
    ntb = 0, igb = 8,                                                          
    ntr = 1, restraint_wt = 10, restraintmask = "!@H=",                        
/                                                                              

--------------------------------------------------------------------------------
   1.  RESOURCE   USE: 
--------------------------------------------------------------------------------

| Flags:                                                                        
| New format PARM file being parsed.
| Version =    1.000 Date = 02/03/16 Time = 11:52:58
 NATOM  =    1590 NTYPES =      14 NBONH =     791 MBONA  =     820
 NTHETH =    1812 MTHETA =    1115 NPHIH =    3578 MPHIA  =    3525
 NHPARM =       0 NPARM  =       0 NNB   =    8805 NRES   =     104
 NBONA  =     820 NTHETA =    1115 NPHIA =    3525 NUMBND =      65
 NUMANG =     152 NPTRA  =     189 NATYP =      33 NPHB   =       0
 IFBOX  =       0 NMXRS  =      24 IFCAP =       0 NEXTRA =       0
 NCOPY  =       0

 Implicit solvent radii are ArgH and AspGluO modified Bondi2 radii (mbondi3)                                
 Replacing prmtop screening parameters with GBn2 (igb=8) values

|     Memory Use     Allocated
|     Real              145027
|     Hollerith           4876
|     Integer           109197
|     Max Pairs              1
|     nblistReal             0
|     nblist Int             0
|       Total             1578 kbytes

| Note: 1-4 EEL scale factors are being read from the topology file.

| Note: 1-4 VDW scale factors are being read from the topology file.
| Duplicated    0 dihedrals
| Duplicated    0 dihedrals

--------------------------------------------------------------------------------
   2.  CONTROL  DATA  FOR  THE  RUN
--------------------------------------------------------------------------------

default_name                                                                    

General flags:
     imin    =       1, nmropt  =       0

Nature and format of input:
     ntx     =       1, irest   =       0, ntrx    =       1

Nature and format of output:
     ntxo    =       1, ntpr    =     100, ntrx    =       1, ntwr    =     100
     iwrap   =       0, ntwx    =       0, ntwv    =       0, ntwe    =       0
     ioutfm  =       0, ntwprt  =       0, idecomp =       0, rbornstat=      0

Potential function:
     ntf     =       1, ntb     =       0, igb     =       8, nsnb    =      25
     ipol    =       0, gbsa    =       0, iesp    =       0
     dielc   =   1.00000, cut     = 999.00000, intdiel =   1.00000
     saltcon =   0.00000, offset  =   0.19514, surften =   0.00500
     rdt     =   0.00000, rgbmax  =  25.00000  extdiel =  78.50000
     alpb  =        0
     gbalphaH  =   0.78844, gbbetaH   =   0.79870,  gbgammaH  =    0.43733
     gbalphaC  =   0.73376, gbbetaC   =   0.50638,  gbgammaC  =    0.20584
     gbalphaN  =   0.50336, gbbetaN   =   0.31683,  gbgammaN  =    0.19292
     gbalphaOS =   0.86781, gbbetaOS  =   0.87664,  gbgammaOS =    0.38788
     gbalphaP  =   1.00000, gbbetaP   =   0.80000,  gbgammaP  =    4.85000
     gb_alpha_hnu  =   0.53705, gb_beta_hnu   =   0.36286,  gb_gamma_hnu  =    0.11670
     gb_alpha_cnu  =   0.33167, gb_beta_cnu   =   0.19684,  gb_gamma_cnu  =    0.09342
     gb_alpha_nnu  =   0.68631, gb_beta_nnu   =   0.46319,  gb_gamma_nnu  =    0.13872
     gb_alpha_onu  =   0.60634, gb_beta_onu   =   0.46301,  gb_gamma_onu  =    0.14226
     gb_alpha_pnu  =   0.41836, gb_beta_pnu   =   0.29005,  gb_gamma_pnu  =    0.10642

Frozen or restrained atoms:
     ibelly  =       0, ntr     =       1
     restraint_wt =  10.00000

Energy minimization:
     maxcyc  =    1000, ncyc    =      10, ntmin   =       1
     dx0     =   0.01000, drms    =   0.00010
|  INFO: Old style inpcrd file read


    LOADING THE CONSTRAINED ATOMS AS GROUPS


   5.  REFERENCE ATOM COORDINATES

  defa
     Mask !@H=; matches   799 atoms

--------------------------------------------------------------------------------
   3.  ATOMIC COORDINATES AND VELOCITIES
--------------------------------------------------------------------------------

default_name                                                                    
 begin time read from input coords =     0.000 ps

 Number of triangulated 3-point waters found:        0

--------------------------------------------------------------------------------
   4.  RESULTS
--------------------------------------------------------------------------------



   NSTEP       ENERGY          RMS            GMAX         NAME    NUMBER
      1      -2.1202E+03     9.4042E+00     7.6560E+01     HA        430

 BOND    =       70.1097  ANGLE   =      211.2467  DIHED      =     1087.1069
 VDWAALS =     -598.5607  EEL     =    -7067.7363  EGB        =    -1975.5302
 1-4 VDW =      436.1704  1-4 EEL =     5716.9836  RESTRAINT  =        0.0000


   NSTEP       ENERGY          RMS            GMAX         NAME    NUMBER
    100      -2.5147E+03     4.4747E-01     4.2475E+00     CD       1585

 BOND    =       31.0995  ANGLE   =      209.8872  DIHED      =     1090.7697
 VDWAALS =     -769.6693  EEL     =    -7111.2578  EGB        =    -1988.4769
 1-4 VDW =      326.6186  1-4 EEL =     5649.8897  RESTRAINT  =       46.4382
 EAMBER  =    -2561.1393


   NSTEP       ENERGY          RMS            GMAX         NAME    NUMBER
    200      -2.5309E+03     4.0519E-01     6.0108E+00     HG1       635

 BOND    =       31.9281  ANGLE   =      212.9696  DIHED      =     1089.4717
 VDWAALS =     -772.2582  EEL     =    -7131.9603  EGB        =    -1983.6393
 1-4 VDW =      324.4747  1-4 EEL =     5648.4280  RESTRAINT  =       49.6687
 EAMBER  =    -2580.5856


   NSTEP       ENERGY          RMS            GMAX         NAME    NUMBER
    300      -2.5375E+03     1.5384E-01     2.3597E+00     HG       1375

 BOND    =       30.8393  ANGLE   =      209.6716  DIHED      =     1087.9252
 VDWAALS =     -771.0615  EEL     =    -7136.4545  EGB        =    -1983.6333
 1-4 VDW =      327.3203  1-4 EEL =     5650.4862  RESTRAINT  =       47.4011
 EAMBER  =    -2584.9067


   NSTEP       ENERGY          RMS            GMAX         NAME    NUMBER
    400      -2.5453E+03     1.4293E-01     2.6057E+00     CG       1324

 BOND    =       30.9386  ANGLE   =      209.5823  DIHED      =     1085.6102
 VDWAALS =     -770.0731  EEL     =    -7144.4396  EGB        =    -1982.7137
 1-4 VDW =      327.6447  1-4 EEL =     5651.0946  RESTRAINT  =       47.0279
 EAMBER  =    -2592.3559


   NSTEP       ENERGY          RMS            GMAX         NAME    NUMBER
    500      -2.5456E+03     1.1748E-02     1.6013E-01     CB       1176

 BOND    =       30.6926  ANGLE   =      209.1249  DIHED      =     1085.6655
 VDWAALS =     -769.7289  EEL     =    -7144.8133  EGB        =    -1982.7300
 1-4 VDW =      328.2248  1-4 EEL =     5651.3139  RESTRAINT  =       46.6740
 EAMBER  =    -2592.2505


   NSTEP       ENERGY          RMS            GMAX         NAME    NUMBER
    600      -2.5456E+03     1.9139E-03     2.4988E-02     CE2       650

 BOND    =       30.6640  ANGLE   =      209.0577  DIHED      =     1085.7026
 VDWAALS =     -769.6546  EEL     =    -7144.8282  EGB        =    -1982.7454
 1-4 VDW =      328.2950  1-4 EEL =     5651.3094  RESTRAINT  =       46.6174
 EAMBER  =    -2592.1994


   NSTEP       ENERGY          RMS            GMAX         NAME    NUMBER
    700      -2.5456E+03     5.6420E-04     5.8174E-03     CA         27

 BOND    =       30.6580  ANGLE   =      209.0446  DIHED      =     1085.7109
 VDWAALS =     -769.6402  EEL     =    -7144.8325  EGB        =    -1982.7475
 1-4 VDW =      328.3101  1-4 EEL =     5651.3087  RESTRAINT  =       46.6056
 EAMBER  =    -2592.1879


   NSTEP       ENERGY          RMS            GMAX         NAME    NUMBER
    800      -2.5456E+03     3.8596E-04     4.1730E-03     H         595

 BOND    =       30.6589  ANGLE   =      209.0459  DIHED      =     1085.7127
 VDWAALS =     -769.6411  EEL     =    -7144.8342  EGB        =    -1982.7478
 1-4 VDW =      328.3072  1-4 EEL =     5651.3087  RESTRAINT  =       46.6074
 EAMBER  =    -2592.1896


                    FINAL RESULTS



   NSTEP       ENERGY          RMS            GMAX         NAME    NUMBER
    850      -2.5456E+03     8.8130E-05     1.0349E-03     SG       1374

 BOND    =       30.6591  ANGLE   =      209.0458  DIHED      =     1085.7130
 VDWAALS =     -769.6410  EEL     =    -7144.8346  EGB        =    -1982.7474
 1-4 VDW =      328.3073  1-4 EEL =     5651.3081  RESTRAINT  =       46.6074
 EAMBER  =    -2592.1897

--------------------------------------------------------------------------------
   5.  TIMINGS
--------------------------------------------------------------------------------

|                Calc gb radii             49.44 (20.23% of Gen B)
|                Calc gb diag              91.50 (37.44% of Gen B)
|                Calc gb off-diag         103.42 (42.32% of Gen B)
|             Gen Born time            244.37 (100.0% of Nonbo)
|          Nonbond force            244.37 (99.28% of Force)
|          Bond/Angle/Dihedral        1.75 ( 0.71% of Force)
|          Other                      0.01 ( 0.01% of Force)
|       Force time               246.13 (100.0% of Runmd)
|    Runmd Time               246.13 (99.74% of Total)
|    Other                      0.63 ( 0.25% of Total)
| Total time               246.76 (100.0% of ALL  )

| Number of list builds   :          0

| Highest rstack allocated:          0
| Highest istack allocated:          0
|           Job began  at 13:50:46.069  on 02/03/2016
|           Setup done at 13:50:46.136  on 02/03/2016
|           Run   done at 13:54:52.833  on 02/03/2016
|     wallclock() was called   15328 times
