
          -------------------------------------------------------
          Amber 14 SANDER                              2014
          -------------------------------------------------------

| Run on 02/03/2016 at 14:23:17

|   Executable path: sander
| Working directory: /lustre/cs1500/scratch/kmb413/RealDecoyDisc/DecoyDiscrimination/decoys.set2.init/1aaj/Rosetta_relaxed
|          Hostname: slepner15


File Assignments:
|  MDIN: /scratch/kmb413/RealDecoyDisc/DecoyDiscrimination/scripts/min/min.in  
| MDOUT: NoH_3_empty_tag_1_80_0001.out                                         
|INPCRD: NoH_3_empty_tag_1_80_0001.rst7                                        
|  PARM: NoH_3_empty_tag_1_80_0001.parm7                                       
|RESTRT: min_NoH_3_empty_tag_1_80_0001.rst7                                    
|  REFC: NoH_3_empty_tag_1_80_0001.rst7                                        
| MDVEL: mdvel                                                                 
| MDFRC: mdfrc                                                                 
|  MDEN: mden                                                                  
| MDCRD: mdcrd                                                                 
|MDINFO: mdinfo                                                                
|  MTMD: mtmd                                                                  
|INPDIP: inpdip                                                                
|RSTDIP: rstdip                                                                
|INPTRA: inptraj                                                               


 Here is the input file:

                                                                               
&cntrl                                                                         
    imin = 1, maxcyc=1000,                                                     
    ntx = 1,                                                                   
    ntwr = 100, ntpr = 100,                                                    
    cut = 999.0,                                                               
    ntb = 0, igb = 8,                                                          
    ntr = 1, restraint_wt = 10, restraintmask = "!@H=",                        
/                                                                              

--------------------------------------------------------------------------------
   1.  RESOURCE   USE: 
--------------------------------------------------------------------------------

| Flags:                                                                        
| New format PARM file being parsed.
| Version =    1.000 Date = 02/03/16 Time = 11:49:40
 NATOM  =    1590 NTYPES =      14 NBONH =     791 MBONA  =     820
 NTHETH =    1812 MTHETA =    1115 NPHIH =    3578 MPHIA  =    3525
 NHPARM =       0 NPARM  =       0 NNB   =    8805 NRES   =     104
 NBONA  =     820 NTHETA =    1115 NPHIA =    3525 NUMBND =      65
 NUMANG =     152 NPTRA  =     189 NATYP =      33 NPHB   =       0
 IFBOX  =       0 NMXRS  =      24 IFCAP =       0 NEXTRA =       0
 NCOPY  =       0

 Implicit solvent radii are ArgH and AspGluO modified Bondi2 radii (mbondi3)                                
 Replacing prmtop screening parameters with GBn2 (igb=8) values

|     Memory Use     Allocated
|     Real              145027
|     Hollerith           4876
|     Integer           109197
|     Max Pairs              1
|     nblistReal             0
|     nblist Int             0
|       Total             1578 kbytes

| Note: 1-4 EEL scale factors are being read from the topology file.

| Note: 1-4 VDW scale factors are being read from the topology file.
| Duplicated    0 dihedrals
| Duplicated    0 dihedrals

--------------------------------------------------------------------------------
   2.  CONTROL  DATA  FOR  THE  RUN
--------------------------------------------------------------------------------

default_name                                                                    

General flags:
     imin    =       1, nmropt  =       0

Nature and format of input:
     ntx     =       1, irest   =       0, ntrx    =       1

Nature and format of output:
     ntxo    =       1, ntpr    =     100, ntrx    =       1, ntwr    =     100
     iwrap   =       0, ntwx    =       0, ntwv    =       0, ntwe    =       0
     ioutfm  =       0, ntwprt  =       0, idecomp =       0, rbornstat=      0

Potential function:
     ntf     =       1, ntb     =       0, igb     =       8, nsnb    =      25
     ipol    =       0, gbsa    =       0, iesp    =       0
     dielc   =   1.00000, cut     = 999.00000, intdiel =   1.00000
     saltcon =   0.00000, offset  =   0.19514, surften =   0.00500
     rdt     =   0.00000, rgbmax  =  25.00000  extdiel =  78.50000
     alpb  =        0
     gbalphaH  =   0.78844, gbbetaH   =   0.79870,  gbgammaH  =    0.43733
     gbalphaC  =   0.73376, gbbetaC   =   0.50638,  gbgammaC  =    0.20584
     gbalphaN  =   0.50336, gbbetaN   =   0.31683,  gbgammaN  =    0.19292
     gbalphaOS =   0.86781, gbbetaOS  =   0.87664,  gbgammaOS =    0.38788
     gbalphaP  =   1.00000, gbbetaP   =   0.80000,  gbgammaP  =    4.85000
     gb_alpha_hnu  =   0.53705, gb_beta_hnu   =   0.36286,  gb_gamma_hnu  =    0.11670
     gb_alpha_cnu  =   0.33167, gb_beta_cnu   =   0.19684,  gb_gamma_cnu  =    0.09342
     gb_alpha_nnu  =   0.68631, gb_beta_nnu   =   0.46319,  gb_gamma_nnu  =    0.13872
     gb_alpha_onu  =   0.60634, gb_beta_onu   =   0.46301,  gb_gamma_onu  =    0.14226
     gb_alpha_pnu  =   0.41836, gb_beta_pnu   =   0.29005,  gb_gamma_pnu  =    0.10642

Frozen or restrained atoms:
     ibelly  =       0, ntr     =       1
     restraint_wt =  10.00000

Energy minimization:
     maxcyc  =    1000, ncyc    =      10, ntmin   =       1
     dx0     =   0.01000, drms    =   0.00010
|  INFO: Old style inpcrd file read


    LOADING THE CONSTRAINED ATOMS AS GROUPS


   5.  REFERENCE ATOM COORDINATES

  defa
     Mask !@H=; matches   799 atoms

--------------------------------------------------------------------------------
   3.  ATOMIC COORDINATES AND VELOCITIES
--------------------------------------------------------------------------------

default_name                                                                    
 begin time read from input coords =     0.000 ps

 Number of triangulated 3-point waters found:        0

--------------------------------------------------------------------------------
   4.  RESULTS
--------------------------------------------------------------------------------



   NSTEP       ENERGY          RMS            GMAX         NAME    NUMBER
      1      -2.2093E+03     9.1724E+00     6.8063E+01     OXT      1590

 BOND    =       69.2659  ANGLE   =      211.0240  DIHED      =     1075.4307
 VDWAALS =     -657.4768  EEL     =    -7431.9680  EGB        =    -1596.9055
 1-4 VDW =      439.5388  1-4 EEL =     5681.7985  RESTRAINT  =        0.0000


   NSTEP       ENERGY          RMS            GMAX         NAME    NUMBER
    100      -2.5856E+03     4.9234E-01     4.4659E+00     C        1588

 BOND    =       31.5089  ANGLE   =      210.0115  DIHED      =     1074.2362
 VDWAALS =     -811.2080  EEL     =    -7446.3628  EGB        =    -1619.6654
 1-4 VDW =      330.3686  1-4 EEL =     5600.1742  RESTRAINT  =       45.3825
 EAMBER  =    -2630.9367


   NSTEP       ENERGY          RMS            GMAX         NAME    NUMBER
    200      -2.6058E+03     4.2224E-01     9.7286E+00     HG1       635

 BOND    =       31.7552  ANGLE   =      211.1404  DIHED      =     1071.0741
 VDWAALS =     -811.5833  EEL     =    -7463.1238  EGB        =    -1621.7091
 1-4 VDW =      330.2108  1-4 EEL =     5600.7187  RESTRAINT  =       45.6725
 EAMBER  =    -2651.5170


   NSTEP       ENERGY          RMS            GMAX         NAME    NUMBER
    300      -2.6094E+03     2.5129E-02     3.0002E-01     CB        628

 BOND    =       30.9823  ANGLE   =      208.8720  DIHED      =     1070.0340
 VDWAALS =     -811.2690  EEL     =    -7465.4994  EGB        =    -1620.9689
 1-4 VDW =      331.8985  1-4 EEL =     5602.1018  RESTRAINT  =       44.4459
 EAMBER  =    -2653.8487


   NSTEP       ENERGY          RMS            GMAX         NAME    NUMBER
    400      -2.6094E+03     5.8727E-03     1.1198E-01     CD       1585

 BOND    =       30.9305  ANGLE   =      208.8220  DIHED      =     1069.9816
 VDWAALS =     -811.4424  EEL     =    -7465.4757  EGB        =    -1620.8562
 1-4 VDW =      332.0328  1-4 EEL =     5602.1176  RESTRAINT  =       44.4508
 EAMBER  =    -2653.8900


   NSTEP       ENERGY          RMS            GMAX         NAME    NUMBER
    500      -2.6094E+03     1.3254E-03     1.3369E-02     C        1588

 BOND    =       30.9149  ANGLE   =      208.8051  DIHED      =     1069.9875
 VDWAALS =     -811.4933  EEL     =    -7465.4690  EGB        =    -1620.8228
 1-4 VDW =      332.0772  1-4 EEL =     5602.1077  RESTRAINT  =       44.4497
 EAMBER  =    -2653.8928

     ... RESTARTED DUE TO LINMIN FAILURE ...


   NSTEP       ENERGY          RMS            GMAX         NAME    NUMBER
    600      -2.6094E+03     1.3684E-03     2.8476E-02     C        1588

 BOND    =       30.9124  ANGLE   =      208.7996  DIHED      =     1069.9907
 VDWAALS =     -811.5019  EEL     =    -7465.4634  EGB        =    -1620.8181
 1-4 VDW =      332.0842  1-4 EEL =     5602.1034  RESTRAINT  =       44.4496
 EAMBER  =    -2653.8931


   NSTEP       ENERGY          RMS            GMAX         NAME    NUMBER
    700      -2.6094E+03     6.8074E-04     8.0970E-03     CD       1585

 BOND    =       30.9125  ANGLE   =      208.8008  DIHED      =     1069.9927
 VDWAALS =     -811.5076  EEL     =    -7465.4669  EGB        =    -1620.8173
 1-4 VDW =      332.0846  1-4 EEL =     5602.1049  RESTRAINT  =       44.4526
 EAMBER  =    -2653.8962


                    FINAL RESULTS



   NSTEP       ENERGY          RMS            GMAX         NAME    NUMBER
    771      -2.6094E+03     8.5033E-05     1.0679E-03     CD       1585

 BOND    =       30.9129  ANGLE   =      208.8010  DIHED      =     1069.9931
 VDWAALS =     -811.5089  EEL     =    -7465.4673  EGB        =    -1620.8171
 1-4 VDW =      332.0844  1-4 EEL =     5602.1052  RESTRAINT  =       44.4531
 EAMBER  =    -2653.8967

--------------------------------------------------------------------------------
   5.  TIMINGS
--------------------------------------------------------------------------------

|                Calc gb radii             46.46 (20.42% of Gen B)
|                Calc gb diag              86.60 (38.06% of Gen B)
|                Calc gb off-diag          94.48 (41.52% of Gen B)
|             Gen Born time            227.54 (100.0% of Nonbo)
|          Nonbond force            227.54 (99.30% of Force)
|          Bond/Angle/Dihedral        1.60 ( 0.70% of Force)
|          Other                      0.01 ( 0.01% of Force)
|       Force time               229.15 (100.0% of Runmd)
|    Runmd Time               229.15 (99.82% of Total)
|    Other                      0.40 ( 0.18% of Total)
| Total time               229.56 (100.0% of ALL  )

| Number of list builds   :          0

| Highest rstack allocated:          0
| Highest istack allocated:          0
|           Job began  at 14:23:17.639  on 02/03/2016
|           Setup done at 14:23:17.720  on 02/03/2016
|           Run   done at 14:27:07.198  on 02/03/2016
|     wallclock() was called   13906 times
