
          -------------------------------------------------------
          Amber 14 SANDER                              2014
          -------------------------------------------------------

| Run on 02/03/2016 at 14:22:26

|   Executable path: sander
| Working directory: /lustre/cs1500/scratch/kmb413/RealDecoyDisc/DecoyDiscrimination/decoys.set2.init/1aaj/Rosetta_relaxed
|          Hostname: slepner30


File Assignments:
|  MDIN: /scratch/kmb413/RealDecoyDisc/DecoyDiscrimination/scripts/min/min.in  
| MDOUT: NoH_3_empty_tag_1259_0001_0001.out                                    
|INPCRD: NoH_3_empty_tag_1259_0001_0001.rst7                                   
|  PARM: NoH_3_empty_tag_1259_0001_0001.parm7                                  
|RESTRT: min_NoH_3_empty_tag_1259_0001_0001.rst7                               
|  REFC: NoH_3_empty_tag_1259_0001_0001.rst7                                   
| MDVEL: mdvel                                                                 
| MDFRC: mdfrc                                                                 
|  MDEN: mden                                                                  
| MDCRD: mdcrd                                                                 
|MDINFO: mdinfo                                                                
|  MTMD: mtmd                                                                  
|INPDIP: inpdip                                                                
|RSTDIP: rstdip                                                                
|INPTRA: inptraj                                                               


 Here is the input file:

                                                                               
&cntrl                                                                         
    imin = 1, maxcyc=1000,                                                     
    ntx = 1,                                                                   
    ntwr = 100, ntpr = 100,                                                    
    cut = 999.0,                                                               
    ntb = 0, igb = 8,                                                          
    ntr = 1, restraint_wt = 10, restraintmask = "!@H=",                        
/                                                                              

--------------------------------------------------------------------------------
   1.  RESOURCE   USE: 
--------------------------------------------------------------------------------

| Flags:                                                                        
| New format PARM file being parsed.
| Version =    1.000 Date = 02/03/16 Time = 11:48:56
 NATOM  =    1590 NTYPES =      14 NBONH =     791 MBONA  =     820
 NTHETH =    1812 MTHETA =    1115 NPHIH =    3578 MPHIA  =    3525
 NHPARM =       0 NPARM  =       0 NNB   =    8805 NRES   =     104
 NBONA  =     820 NTHETA =    1115 NPHIA =    3525 NUMBND =      65
 NUMANG =     152 NPTRA  =     189 NATYP =      33 NPHB   =       0
 IFBOX  =       0 NMXRS  =      24 IFCAP =       0 NEXTRA =       0
 NCOPY  =       0

 Implicit solvent radii are ArgH and AspGluO modified Bondi2 radii (mbondi3)                                
 Replacing prmtop screening parameters with GBn2 (igb=8) values

|     Memory Use     Allocated
|     Real              145027
|     Hollerith           4876
|     Integer           109197
|     Max Pairs              1
|     nblistReal             0
|     nblist Int             0
|       Total             1578 kbytes

| Note: 1-4 EEL scale factors are being read from the topology file.

| Note: 1-4 VDW scale factors are being read from the topology file.
| Duplicated    0 dihedrals
| Duplicated    0 dihedrals

--------------------------------------------------------------------------------
   2.  CONTROL  DATA  FOR  THE  RUN
--------------------------------------------------------------------------------

default_name                                                                    

General flags:
     imin    =       1, nmropt  =       0

Nature and format of input:
     ntx     =       1, irest   =       0, ntrx    =       1

Nature and format of output:
     ntxo    =       1, ntpr    =     100, ntrx    =       1, ntwr    =     100
     iwrap   =       0, ntwx    =       0, ntwv    =       0, ntwe    =       0
     ioutfm  =       0, ntwprt  =       0, idecomp =       0, rbornstat=      0

Potential function:
     ntf     =       1, ntb     =       0, igb     =       8, nsnb    =      25
     ipol    =       0, gbsa    =       0, iesp    =       0
     dielc   =   1.00000, cut     = 999.00000, intdiel =   1.00000
     saltcon =   0.00000, offset  =   0.19514, surften =   0.00500
     rdt     =   0.00000, rgbmax  =  25.00000  extdiel =  78.50000
     alpb  =        0
     gbalphaH  =   0.78844, gbbetaH   =   0.79870,  gbgammaH  =    0.43733
     gbalphaC  =   0.73376, gbbetaC   =   0.50638,  gbgammaC  =    0.20584
     gbalphaN  =   0.50336, gbbetaN   =   0.31683,  gbgammaN  =    0.19292
     gbalphaOS =   0.86781, gbbetaOS  =   0.87664,  gbgammaOS =    0.38788
     gbalphaP  =   1.00000, gbbetaP   =   0.80000,  gbgammaP  =    4.85000
     gb_alpha_hnu  =   0.53705, gb_beta_hnu   =   0.36286,  gb_gamma_hnu  =    0.11670
     gb_alpha_cnu  =   0.33167, gb_beta_cnu   =   0.19684,  gb_gamma_cnu  =    0.09342
     gb_alpha_nnu  =   0.68631, gb_beta_nnu   =   0.46319,  gb_gamma_nnu  =    0.13872
     gb_alpha_onu  =   0.60634, gb_beta_onu   =   0.46301,  gb_gamma_onu  =    0.14226
     gb_alpha_pnu  =   0.41836, gb_beta_pnu   =   0.29005,  gb_gamma_pnu  =    0.10642

Frozen or restrained atoms:
     ibelly  =       0, ntr     =       1
     restraint_wt =  10.00000

Energy minimization:
     maxcyc  =    1000, ncyc    =      10, ntmin   =       1
     dx0     =   0.01000, drms    =   0.00010
|  INFO: Old style inpcrd file read


    LOADING THE CONSTRAINED ATOMS AS GROUPS


   5.  REFERENCE ATOM COORDINATES

  defa
     Mask !@H=; matches   799 atoms

--------------------------------------------------------------------------------
   3.  ATOMIC COORDINATES AND VELOCITIES
--------------------------------------------------------------------------------

default_name                                                                    
 begin time read from input coords =     0.000 ps

 Number of triangulated 3-point waters found:        0

--------------------------------------------------------------------------------
   4.  RESULTS
--------------------------------------------------------------------------------



   NSTEP       ENERGY          RMS            GMAX         NAME    NUMBER
      1      -2.2296E+03     9.0405E+00     6.3267E+01     OE1       945

 BOND    =       69.9277  ANGLE   =      211.1526  DIHED      =     1070.6172
 VDWAALS =     -649.6192  EEL     =    -7370.8147  EGB        =    -1706.0451
 1-4 VDW =      439.3931  1-4 EEL =     5705.8174  RESTRAINT  =        0.0000


   NSTEP       ENERGY          RMS            GMAX         NAME    NUMBER
    100      -2.5896E+03     3.0474E-01     2.4287E+00     CE2       650

 BOND    =       30.6674  ANGLE   =      205.1087  DIHED      =     1074.3411
 VDWAALS =     -786.7913  EEL     =    -7394.5420  EGB        =    -1714.4111
 1-4 VDW =      330.7601  1-4 EEL =     5623.6214  RESTRAINT  =       41.6353
 EAMBER  =    -2631.2457


   NSTEP       ENERGY          RMS            GMAX         NAME    NUMBER
    200      -2.5966E+03     1.4259E-01     1.9873E+00     HG1      1213

 BOND    =       30.9527  ANGLE   =      205.7069  DIHED      =     1073.5050
 VDWAALS =     -788.6114  EEL     =    -7409.7733  EGB        =    -1705.8953
 1-4 VDW =      330.1595  1-4 EEL =     5624.2658  RESTRAINT  =       43.1032
 EAMBER  =    -2639.6901


   NSTEP       ENERGY          RMS            GMAX         NAME    NUMBER
    300      -2.6067E+03     6.7966E-02     9.5170E-01     CE2       650

 BOND    =       30.8642  ANGLE   =      205.4959  DIHED      =     1071.1239
 VDWAALS =     -788.1740  EEL     =    -7421.5512  EGB        =    -1703.5151
 1-4 VDW =      330.6605  1-4 EEL =     5625.8662  RESTRAINT  =       42.5520
 EAMBER  =    -2649.2296


   NSTEP       ENERGY          RMS            GMAX         NAME    NUMBER
    400      -2.6067E+03     2.2385E-02     5.8031E-01     C        1588

 BOND    =       30.8756  ANGLE   =      205.4506  DIHED      =     1071.1989
 VDWAALS =     -788.1289  EEL     =    -7421.3156  EGB        =    -1703.6759
 1-4 VDW =      330.7311  1-4 EEL =     5625.6589  RESTRAINT  =       42.4919
 EAMBER  =    -2649.2053


   NSTEP       ENERGY          RMS            GMAX         NAME    NUMBER
    500      -2.6068E+03     1.0213E-01     2.5958E+00     HG1       635

 BOND    =       31.0248  ANGLE   =      205.7015  DIHED      =     1071.7727
 VDWAALS =     -788.1571  EEL     =    -7421.1054  EGB        =    -1704.2314
 1-4 VDW =      330.5068  1-4 EEL =     5625.0733  RESTRAINT  =       42.6030
 EAMBER  =    -2649.4148


   NSTEP       ENERGY          RMS            GMAX         NAME    NUMBER
    600      -2.6127E+03     3.4269E-02     4.9017E-01     OG1       634

 BOND    =       30.9279  ANGLE   =      205.3851  DIHED      =     1070.7078
 VDWAALS =     -786.8409  EEL     =    -7425.6623  EGB        =    -1705.5003
 1-4 VDW =      330.7769  1-4 EEL =     5625.3431  RESTRAINT  =       42.1208
 EAMBER  =    -2654.8627


   NSTEP       ENERGY          RMS            GMAX         NAME    NUMBER
    700      -2.6128E+03     2.7625E-03     4.4154E-02     C         636

 BOND    =       30.9248  ANGLE   =      205.3728  DIHED      =     1070.7514
 VDWAALS =     -786.8539  EEL     =    -7425.5535  EGB        =    -1705.6064
 1-4 VDW =      330.8267  1-4 EEL =     5625.2564  RESTRAINT  =       42.1233
 EAMBER  =    -2654.8816


   NSTEP       ENERGY          RMS            GMAX         NAME    NUMBER
    800      -2.6128E+03     5.0254E-04     6.4007E-03     OG1       634

 BOND    =       30.9204  ANGLE   =      205.3621  DIHED      =     1070.7578
 VDWAALS =     -786.8478  EEL     =    -7425.5362  EGB        =    -1705.6308
 1-4 VDW =      330.8415  1-4 EEL =     5625.2584  RESTRAINT  =       42.1159
 EAMBER  =    -2654.8746


   NSTEP       ENERGY          RMS            GMAX         NAME    NUMBER
    900      -2.6128E+03     4.0586E-04     6.1111E-03     CD       1119

 BOND    =       30.9210  ANGLE   =      205.3633  DIHED      =     1070.7598
 VDWAALS =     -786.8504  EEL     =    -7425.5358  EGB        =    -1705.6355
 1-4 VDW =      330.8401  1-4 EEL =     5625.2607  RESTRAINT  =       42.1182
 EAMBER  =    -2654.8769


                    FINAL RESULTS



   NSTEP       ENERGY          RMS            GMAX         NAME    NUMBER
    997      -2.6128E+03     9.1713E-05     1.5959E-03     HD13      269

 BOND    =       30.9210  ANGLE   =      205.3630  DIHED      =     1070.7603
 VDWAALS =     -786.8507  EEL     =    -7425.5355  EGB        =    -1705.6369
 1-4 VDW =      330.8404  1-4 EEL =     5625.2615  RESTRAINT  =       42.1182
 EAMBER  =    -2654.8769

--------------------------------------------------------------------------------
   5.  TIMINGS
--------------------------------------------------------------------------------

|                Calc gb radii             58.42 (20.25% of Gen B)
|                Calc gb diag             108.54 (37.63% of Gen B)
|                Calc gb off-diag         121.46 (42.11% of Gen B)
|             Gen Born time            288.42 (100.0% of Nonbo)
|          Nonbond force            288.42 (99.28% of Force)
|          Bond/Angle/Dihedral        2.07 ( 0.71% of Force)
|          Other                      0.02 ( 0.01% of Force)
|       Force time               290.50 (100.0% of Runmd)
|    Runmd Time               290.50 (99.75% of Total)
|    Other                      0.72 ( 0.25% of Total)
| Total time               291.23 (100.0% of ALL  )

| Number of list builds   :          0

| Highest rstack allocated:          0
| Highest istack allocated:          0
|           Job began  at 14:22:26.077  on 02/03/2016
|           Setup done at 14:22:26.165  on 02/03/2016
|           Run   done at 14:27:17.307  on 02/03/2016
|     wallclock() was called   17974 times
