
          -------------------------------------------------------
          Amber 14 SANDER                              2014
          -------------------------------------------------------

| Run on 02/03/2016 at 13:02:43

|   Executable path: sander
| Working directory: /lustre/cs1500/scratch/kmb413/RealDecoyDisc/DecoyDiscrimination/decoys.set2.init/1aaj/Rosetta_relaxed
|          Hostname: slepner15


File Assignments:
|  MDIN: /scratch/kmb413/RealDecoyDisc/DecoyDiscrimination/scripts/min/min.in  
| MDOUT: NoH_2_empty_tag_1323_0001_0001.out                                    
|INPCRD: NoH_2_empty_tag_1323_0001_0001.rst7                                   
|  PARM: NoH_2_empty_tag_1323_0001_0001.parm7                                  
|RESTRT: min_NoH_2_empty_tag_1323_0001_0001.rst7                               
|  REFC: NoH_2_empty_tag_1323_0001_0001.rst7                                   
| MDVEL: mdvel                                                                 
| MDFRC: mdfrc                                                                 
|  MDEN: mden                                                                  
| MDCRD: mdcrd                                                                 
|MDINFO: mdinfo                                                                
|  MTMD: mtmd                                                                  
|INPDIP: inpdip                                                                
|RSTDIP: rstdip                                                                
|INPTRA: inptraj                                                               


 Here is the input file:

                                                                               
&cntrl                                                                         
    imin = 1, maxcyc=1000,                                                     
    ntx = 1,                                                                   
    ntwr = 100, ntpr = 100,                                                    
    cut = 999.0,                                                               
    ntb = 0, igb = 8,                                                          
    ntr = 1, restraint_wt = 10, restraintmask = "!@H=",                        
/                                                                              

--------------------------------------------------------------------------------
   1.  RESOURCE   USE: 
--------------------------------------------------------------------------------

| Flags:                                                                        
| New format PARM file being parsed.
| Version =    1.000 Date = 02/03/16 Time = 11:46:51
 NATOM  =    1590 NTYPES =      14 NBONH =     791 MBONA  =     820
 NTHETH =    1812 MTHETA =    1115 NPHIH =    3578 MPHIA  =    3525
 NHPARM =       0 NPARM  =       0 NNB   =    8805 NRES   =     104
 NBONA  =     820 NTHETA =    1115 NPHIA =    3525 NUMBND =      65
 NUMANG =     152 NPTRA  =     189 NATYP =      33 NPHB   =       0
 IFBOX  =       0 NMXRS  =      24 IFCAP =       0 NEXTRA =       0
 NCOPY  =       0

 Implicit solvent radii are ArgH and AspGluO modified Bondi2 radii (mbondi3)                                
 Replacing prmtop screening parameters with GBn2 (igb=8) values

|     Memory Use     Allocated
|     Real              145027
|     Hollerith           4876
|     Integer           109197
|     Max Pairs              1
|     nblistReal             0
|     nblist Int             0
|       Total             1578 kbytes

| Note: 1-4 EEL scale factors are being read from the topology file.

| Note: 1-4 VDW scale factors are being read from the topology file.
| Duplicated    0 dihedrals
| Duplicated    0 dihedrals

--------------------------------------------------------------------------------
   2.  CONTROL  DATA  FOR  THE  RUN
--------------------------------------------------------------------------------

default_name                                                                    

General flags:
     imin    =       1, nmropt  =       0

Nature and format of input:
     ntx     =       1, irest   =       0, ntrx    =       1

Nature and format of output:
     ntxo    =       1, ntpr    =     100, ntrx    =       1, ntwr    =     100
     iwrap   =       0, ntwx    =       0, ntwv    =       0, ntwe    =       0
     ioutfm  =       0, ntwprt  =       0, idecomp =       0, rbornstat=      0

Potential function:
     ntf     =       1, ntb     =       0, igb     =       8, nsnb    =      25
     ipol    =       0, gbsa    =       0, iesp    =       0
     dielc   =   1.00000, cut     = 999.00000, intdiel =   1.00000
     saltcon =   0.00000, offset  =   0.19514, surften =   0.00500
     rdt     =   0.00000, rgbmax  =  25.00000  extdiel =  78.50000
     alpb  =        0
     gbalphaH  =   0.78844, gbbetaH   =   0.79870,  gbgammaH  =    0.43733
     gbalphaC  =   0.73376, gbbetaC   =   0.50638,  gbgammaC  =    0.20584
     gbalphaN  =   0.50336, gbbetaN   =   0.31683,  gbgammaN  =    0.19292
     gbalphaOS =   0.86781, gbbetaOS  =   0.87664,  gbgammaOS =    0.38788
     gbalphaP  =   1.00000, gbbetaP   =   0.80000,  gbgammaP  =    4.85000
     gb_alpha_hnu  =   0.53705, gb_beta_hnu   =   0.36286,  gb_gamma_hnu  =    0.11670
     gb_alpha_cnu  =   0.33167, gb_beta_cnu   =   0.19684,  gb_gamma_cnu  =    0.09342
     gb_alpha_nnu  =   0.68631, gb_beta_nnu   =   0.46319,  gb_gamma_nnu  =    0.13872
     gb_alpha_onu  =   0.60634, gb_beta_onu   =   0.46301,  gb_gamma_onu  =    0.14226
     gb_alpha_pnu  =   0.41836, gb_beta_pnu   =   0.29005,  gb_gamma_pnu  =    0.10642

Frozen or restrained atoms:
     ibelly  =       0, ntr     =       1
     restraint_wt =  10.00000

Energy minimization:
     maxcyc  =    1000, ncyc    =      10, ntmin   =       1
     dx0     =   0.01000, drms    =   0.00010
|  INFO: Old style inpcrd file read


    LOADING THE CONSTRAINED ATOMS AS GROUPS


   5.  REFERENCE ATOM COORDINATES

  defa
     Mask !@H=; matches   799 atoms

--------------------------------------------------------------------------------
   3.  ATOMIC COORDINATES AND VELOCITIES
--------------------------------------------------------------------------------

default_name                                                                    
 begin time read from input coords =     0.000 ps

 Number of triangulated 3-point waters found:        0

--------------------------------------------------------------------------------
   4.  RESULTS
--------------------------------------------------------------------------------



   NSTEP       ENERGY          RMS            GMAX         NAME    NUMBER
      1      -2.2175E+03     8.9930E+00     6.2912E+01     OE1       945

 BOND    =       69.3877  ANGLE   =      211.2386  DIHED      =     1080.5067
 VDWAALS =     -661.3119  EEL     =    -7264.6347  EGB        =    -1832.7584
 1-4 VDW =      439.5517  1-4 EEL =     5740.4726  RESTRAINT  =        0.0000


   NSTEP       ENERGY          RMS            GMAX         NAME    NUMBER
    100      -2.5630E+03     4.0359E-01     6.2619E+00     CD        103

 BOND    =       31.4120  ANGLE   =      205.4230  DIHED      =     1085.2678
 VDWAALS =     -790.3779  EEL     =    -7274.7154  EGB        =    -1847.2975
 1-4 VDW =      330.6290  1-4 EEL =     5655.6833  RESTRAINT  =       40.9433
 EAMBER  =    -2603.9758


   NSTEP       ENERGY          RMS            GMAX         NAME    NUMBER
    200      -2.5716E+03     5.7929E-01     8.7520E+00     H1          2

 BOND    =       32.3981  ANGLE   =      207.1298  DIHED      =     1085.0401
 VDWAALS =     -792.7346  EEL     =    -7287.9859  EGB        =    -1842.7190
 1-4 VDW =      329.5979  1-4 EEL =     5654.3777  RESTRAINT  =       43.2820
 EAMBER  =    -2614.8959


   NSTEP       ENERGY          RMS            GMAX         NAME    NUMBER
    300      -2.5780E+03     1.4400E-01     2.4392E+00     CD       1585

 BOND    =       31.6694  ANGLE   =      205.4839  DIHED      =     1081.9137
 VDWAALS =     -792.5728  EEL     =    -7294.7066  EGB        =    -1839.3165
 1-4 VDW =      330.7455  1-4 EEL =     5655.8924  RESTRAINT  =       42.8456
 EAMBER  =    -2620.8910


   NSTEP       ENERGY          RMS            GMAX         NAME    NUMBER
    400      -2.5830E+03     1.4456E-01     2.0723E+00     CG        311

 BOND    =       31.6979  ANGLE   =      205.6811  DIHED      =     1081.4528
 VDWAALS =     -791.5294  EEL     =    -7299.6607  EGB        =    -1840.3080
 1-4 VDW =      330.7411  1-4 EEL =     5656.2679  RESTRAINT  =       42.6514
 EAMBER  =    -2625.6572


   NSTEP       ENERGY          RMS            GMAX         NAME    NUMBER
    500      -2.5832E+03     2.4740E-01     9.0632E+00     HG1       453

 BOND    =       31.8437  ANGLE   =      205.5642  DIHED      =     1081.5573
 VDWAALS =     -791.5099  EEL     =    -7300.7189  EGB        =    -1840.8042
 1-4 VDW =      330.9069  1-4 EEL =     5657.3476  RESTRAINT  =       42.5643
 EAMBER  =    -2625.8132


   NSTEP       ENERGY          RMS            GMAX         NAME    NUMBER
    600      -2.5878E+03     5.9317E-02     1.3223E+00     CA        444

 BOND    =       31.5854  ANGLE   =      205.3234  DIHED      =     1079.5700
 VDWAALS =     -790.8739  EEL     =    -7302.2055  EGB        =    -1841.7027
 1-4 VDW =      331.2548  1-4 EEL =     5657.0473  RESTRAINT  =       42.1639
 EAMBER  =    -2630.0011


   NSTEP       ENERGY          RMS            GMAX         NAME    NUMBER
    700      -2.5879E+03     1.9104E-03     2.4782E-02     CG2       448

 BOND    =       31.5485  ANGLE   =      205.2414  DIHED      =     1079.5479
 VDWAALS =     -790.7988  EEL     =    -7302.1986  EGB        =    -1841.7098
 1-4 VDW =      331.3990  1-4 EEL =     5656.9658  RESTRAINT  =       42.1194
 EAMBER  =    -2630.0045


   NSTEP       ENERGY          RMS            GMAX         NAME    NUMBER
    800      -2.5879E+03     1.9524E-04     3.2149E-03     OG1       452

 BOND    =       31.5485  ANGLE   =      205.2418  DIHED      =     1079.5495
 VDWAALS =     -790.8012  EEL     =    -7302.2008  EGB        =    -1841.7051
 1-4 VDW =      331.4032  1-4 EEL =     5656.9583  RESTRAINT  =       42.1204
 EAMBER  =    -2630.0058


                    FINAL RESULTS



   NSTEP       ENERGY          RMS            GMAX         NAME    NUMBER
    823      -2.5879E+03     9.7199E-05     1.6267E-03     CB        446

 BOND    =       31.5485  ANGLE   =      205.2419  DIHED      =     1079.5497
 VDWAALS =     -790.8015  EEL     =    -7302.2007  EGB        =    -1841.7051
 1-4 VDW =      331.4032  1-4 EEL =     5656.9580  RESTRAINT  =       42.1204
 EAMBER  =    -2630.0059

--------------------------------------------------------------------------------
   5.  TIMINGS
--------------------------------------------------------------------------------

|                Calc gb radii             48.36 (20.25% of Gen B)
|                Calc gb diag              89.39 (37.44% of Gen B)
|                Calc gb off-diag         101.03 (42.31% of Gen B)
|             Gen Born time            238.77 (100.0% of Nonbo)
|          Nonbond force            238.77 (99.28% of Force)
|          Bond/Angle/Dihedral        1.71 ( 0.71% of Force)
|          Other                      0.01 ( 0.01% of Force)
|       Force time               240.50 (100.0% of Runmd)
|    Runmd Time               240.50 (99.73% of Total)
|    Other                      0.65 ( 0.27% of Total)
| Total time               241.16 (100.0% of ALL  )

| Number of list builds   :          0

| Highest rstack allocated:          0
| Highest istack allocated:          0
|           Job began  at 13:02:43.632  on 02/03/2016
|           Setup done at 13:02:43.682  on 02/03/2016
|           Run   done at 13:06:44.787  on 02/03/2016
|     wallclock() was called   14842 times
