
          -------------------------------------------------------
          Amber 14 SANDER                              2014
          -------------------------------------------------------

| Run on 02/03/2016 at 14:10:36

|   Executable path: sander
| Working directory: /lustre/cs1500/scratch/kmb413/RealDecoyDisc/DecoyDiscrimination/decoys.set2.init/1aaj/Rosetta_relaxed
|          Hostname: slepner16


File Assignments:
|  MDIN: /scratch/kmb413/RealDecoyDisc/DecoyDiscrimination/scripts/min/min.in  
| MDOUT: NoH_2_empty_tag_1_262_1_0001.out                                      
|INPCRD: NoH_2_empty_tag_1_262_1_0001.rst7                                     
|  PARM: NoH_2_empty_tag_1_262_1_0001.parm7                                    
|RESTRT: min_NoH_2_empty_tag_1_262_1_0001.rst7                                 
|  REFC: NoH_2_empty_tag_1_262_1_0001.rst7                                     
| MDVEL: mdvel                                                                 
| MDFRC: mdfrc                                                                 
|  MDEN: mden                                                                  
| MDCRD: mdcrd                                                                 
|MDINFO: mdinfo                                                                
|  MTMD: mtmd                                                                  
|INPDIP: inpdip                                                                
|RSTDIP: rstdip                                                                
|INPTRA: inptraj                                                               


 Here is the input file:

                                                                               
&cntrl                                                                         
    imin = 1, maxcyc=1000,                                                     
    ntx = 1,                                                                   
    ntwr = 100, ntpr = 100,                                                    
    cut = 999.0,                                                               
    ntb = 0, igb = 8,                                                          
    ntr = 1, restraint_wt = 10, restraintmask = "!@H=",                        
/                                                                              

--------------------------------------------------------------------------------
   1.  RESOURCE   USE: 
--------------------------------------------------------------------------------

| Flags:                                                                        
| New format PARM file being parsed.
| Version =    1.000 Date = 02/03/16 Time = 11:46:42
 NATOM  =    1590 NTYPES =      14 NBONH =     791 MBONA  =     820
 NTHETH =    1812 MTHETA =    1115 NPHIH =    3578 MPHIA  =    3525
 NHPARM =       0 NPARM  =       0 NNB   =    8805 NRES   =     104
 NBONA  =     820 NTHETA =    1115 NPHIA =    3525 NUMBND =      65
 NUMANG =     152 NPTRA  =     189 NATYP =      33 NPHB   =       0
 IFBOX  =       0 NMXRS  =      24 IFCAP =       0 NEXTRA =       0
 NCOPY  =       0

 Implicit solvent radii are ArgH and AspGluO modified Bondi2 radii (mbondi3)                                
 Replacing prmtop screening parameters with GBn2 (igb=8) values

|     Memory Use     Allocated
|     Real              145027
|     Hollerith           4876
|     Integer           109197
|     Max Pairs              1
|     nblistReal             0
|     nblist Int             0
|       Total             1578 kbytes

| Note: 1-4 EEL scale factors are being read from the topology file.

| Note: 1-4 VDW scale factors are being read from the topology file.
| Duplicated    0 dihedrals
| Duplicated    0 dihedrals

--------------------------------------------------------------------------------
   2.  CONTROL  DATA  FOR  THE  RUN
--------------------------------------------------------------------------------

default_name                                                                    

General flags:
     imin    =       1, nmropt  =       0

Nature and format of input:
     ntx     =       1, irest   =       0, ntrx    =       1

Nature and format of output:
     ntxo    =       1, ntpr    =     100, ntrx    =       1, ntwr    =     100
     iwrap   =       0, ntwx    =       0, ntwv    =       0, ntwe    =       0
     ioutfm  =       0, ntwprt  =       0, idecomp =       0, rbornstat=      0

Potential function:
     ntf     =       1, ntb     =       0, igb     =       8, nsnb    =      25
     ipol    =       0, gbsa    =       0, iesp    =       0
     dielc   =   1.00000, cut     = 999.00000, intdiel =   1.00000
     saltcon =   0.00000, offset  =   0.19514, surften =   0.00500
     rdt     =   0.00000, rgbmax  =  25.00000  extdiel =  78.50000
     alpb  =        0
     gbalphaH  =   0.78844, gbbetaH   =   0.79870,  gbgammaH  =    0.43733
     gbalphaC  =   0.73376, gbbetaC   =   0.50638,  gbgammaC  =    0.20584
     gbalphaN  =   0.50336, gbbetaN   =   0.31683,  gbgammaN  =    0.19292
     gbalphaOS =   0.86781, gbbetaOS  =   0.87664,  gbgammaOS =    0.38788
     gbalphaP  =   1.00000, gbbetaP   =   0.80000,  gbgammaP  =    4.85000
     gb_alpha_hnu  =   0.53705, gb_beta_hnu   =   0.36286,  gb_gamma_hnu  =    0.11670
     gb_alpha_cnu  =   0.33167, gb_beta_cnu   =   0.19684,  gb_gamma_cnu  =    0.09342
     gb_alpha_nnu  =   0.68631, gb_beta_nnu   =   0.46319,  gb_gamma_nnu  =    0.13872
     gb_alpha_onu  =   0.60634, gb_beta_onu   =   0.46301,  gb_gamma_onu  =    0.14226
     gb_alpha_pnu  =   0.41836, gb_beta_pnu   =   0.29005,  gb_gamma_pnu  =    0.10642

Frozen or restrained atoms:
     ibelly  =       0, ntr     =       1
     restraint_wt =  10.00000

Energy minimization:
     maxcyc  =    1000, ncyc    =      10, ntmin   =       1
     dx0     =   0.01000, drms    =   0.00010
|  INFO: Old style inpcrd file read


    LOADING THE CONSTRAINED ATOMS AS GROUPS


   5.  REFERENCE ATOM COORDINATES

  defa
     Mask !@H=; matches   799 atoms

--------------------------------------------------------------------------------
   3.  ATOMIC COORDINATES AND VELOCITIES
--------------------------------------------------------------------------------

default_name                                                                    
 begin time read from input coords =     0.000 ps

 Number of triangulated 3-point waters found:        0

--------------------------------------------------------------------------------
   4.  RESULTS
--------------------------------------------------------------------------------



   NSTEP       ENERGY          RMS            GMAX         NAME    NUMBER
      1      -2.1542E+03     9.2189E+00     6.7877E+01     HA        430

 BOND    =       70.2185  ANGLE   =      211.3892  DIHED      =     1080.1322
 VDWAALS =     -610.9081  EEL     =    -7055.3395  EGB        =    -2000.9173
 1-4 VDW =      432.2028  1-4 EEL =     5719.0388  RESTRAINT  =        0.0000


   NSTEP       ENERGY          RMS            GMAX         NAME    NUMBER
    100      -2.5300E+03     4.7614E-01     6.9500E+00     C        1588

 BOND    =       30.7245  ANGLE   =      205.5158  DIHED      =     1083.6721
 VDWAALS =     -759.6475  EEL     =    -7100.6966  EGB        =    -2006.5979
 1-4 VDW =      326.7916  1-4 EEL =     5646.5272  RESTRAINT  =       43.7067
 EAMBER  =    -2573.7108


   NSTEP       ENERGY          RMS            GMAX         NAME    NUMBER
    200      -2.5425E+03     1.3977E-01     2.1633E+00     HG1       635

 BOND    =       30.5883  ANGLE   =      204.3485  DIHED      =     1082.6925
 VDWAALS =     -760.5082  EEL     =    -7109.6137  EGB        =    -2006.2545
 1-4 VDW =      327.8070  1-4 EEL =     5645.2680  RESTRAINT  =       43.1669
 EAMBER  =    -2585.6720


   NSTEP       ENERGY          RMS            GMAX         NAME    NUMBER
    300      -2.5449E+03     1.2271E-01     1.6186E+00     CB        628

 BOND    =       30.4540  ANGLE   =      204.1428  DIHED      =     1081.3809
 VDWAALS =     -760.9518  EEL     =    -7109.7163  EGB        =    -2006.6330
 1-4 VDW =      328.1449  1-4 EEL =     5645.1569  RESTRAINT  =       43.1145
 EAMBER  =    -2588.0217


   NSTEP       ENERGY          RMS            GMAX         NAME    NUMBER
    400      -2.5505E+03     5.5904E-01     1.8638E+01     HG1      1389

 BOND    =       31.1251  ANGLE   =      204.7628  DIHED      =     1079.3901
 VDWAALS =     -760.0460  EEL     =    -7117.6898  EGB        =    -2005.8349
 1-4 VDW =      327.8593  1-4 EEL =     5646.7234  RESTRAINT  =       43.1867
 EAMBER  =    -2593.7099


   NSTEP       ENERGY          RMS            GMAX         NAME    NUMBER
    500      -2.5516E+03     1.6986E-02     2.0613E-01     CG2      1384

 BOND    =       30.3533  ANGLE   =      204.0030  DIHED      =     1078.8574
 VDWAALS =     -759.6897  EEL     =    -7119.3103  EGB        =    -2004.3476
 1-4 VDW =      328.6189  1-4 EEL =     5647.3654  RESTRAINT  =       42.5322
 EAMBER  =    -2594.1496


   NSTEP       ENERGY          RMS            GMAX         NAME    NUMBER
    600      -2.5516E+03     3.8422E-03     3.7512E-02     CA        626

 BOND    =       30.3400  ANGLE   =      203.9665  DIHED      =     1078.8532
 VDWAALS =     -759.6560  EEL     =    -7119.5155  EGB        =    -2004.2220
 1-4 VDW =      328.6781  1-4 EEL =     5647.4288  RESTRAINT  =       42.5035
 EAMBER  =    -2594.1269


   NSTEP       ENERGY          RMS            GMAX         NAME    NUMBER
    700      -2.5516E+03     4.0060E-04     5.3115E-03     HG        116

 BOND    =       30.3358  ANGLE   =      203.9548  DIHED      =     1078.8609
 VDWAALS =     -759.6437  EEL     =    -7119.5571  EGB        =    -2004.2006
 1-4 VDW =      328.6961  1-4 EEL =     5647.4359  RESTRAINT  =       42.4941
 EAMBER  =    -2594.1179

     ... RESTARTED DUE TO LINMIN FAILURE ...


   NSTEP       ENERGY          RMS            GMAX         NAME    NUMBER
    800      -2.5516E+03     1.3127E-04     3.3717E-03     HG        116

 BOND    =       30.3367  ANGLE   =      203.9567  DIHED      =     1078.8636
 VDWAALS =     -759.6462  EEL     =    -7119.5608  EGB        =    -2004.1998
 1-4 VDW =      328.6939  1-4 EEL =     5647.4358  RESTRAINT  =       42.4964
 EAMBER  =    -2594.1201


                    FINAL RESULTS



   NSTEP       ENERGY          RMS            GMAX         NAME    NUMBER
    848      -2.5516E+03     9.9293E-05     1.9376E-03     HG        116

 BOND    =       30.3368  ANGLE   =      203.9569  DIHED      =     1078.8649
 VDWAALS =     -759.6464  EEL     =    -7119.5639  EGB        =    -2004.1988
 1-4 VDW =      328.6940  1-4 EEL =     5647.4361  RESTRAINT  =       42.4967
 EAMBER  =    -2594.1205

--------------------------------------------------------------------------------
   5.  TIMINGS
--------------------------------------------------------------------------------

|                Calc gb radii             46.76 (19.79% of Gen B)
|                Calc gb diag              86.40 (36.57% of Gen B)
|                Calc gb off-diag         103.07 (43.63% of Gen B)
|             Gen Born time            236.22 (100.0% of Nonbo)
|          Nonbond force            236.23 (99.25% of Force)
|          Bond/Angle/Dihedral        1.77 ( 0.74% of Force)
|          Other                      0.02 ( 0.01% of Force)
|       Force time               238.01 (100.0% of Runmd)
|    Runmd Time               238.01 (99.68% of Total)
|    Other                      0.76 ( 0.32% of Total)
| Total time               238.77 (100.0% of ALL  )

| Number of list builds   :          0

| Highest rstack allocated:          0
| Highest istack allocated:          0
|           Job began  at 14:10:36.508  on 02/03/2016
|           Setup done at 14:10:36.560  on 02/03/2016
|           Run   done at 14:14:35.279  on 02/03/2016
|     wallclock() was called   15292 times
