
          -------------------------------------------------------
          Amber 14 SANDER                              2014
          -------------------------------------------------------

| Run on 02/03/2016 at 12:56:58

|   Executable path: sander
| Working directory: /lustre/cs1500/scratch/kmb413/RealDecoyDisc/DecoyDiscrimination/decoys.set2.init/1aaj/Rosetta_relaxed
|          Hostname: slepner25


File Assignments:
|  MDIN: /scratch/kmb413/RealDecoyDisc/DecoyDiscrimination/scripts/min/min.in  
| MDOUT: NoH_5_empty_tag_1_858_0001.out                                        
|INPCRD: NoH_5_empty_tag_1_858_0001.rst7                                       
|  PARM: NoH_5_empty_tag_1_858_0001.parm7                                      
|RESTRT: min_NoH_5_empty_tag_1_858_0001.rst7                                   
|  REFC: NoH_5_empty_tag_1_858_0001.rst7                                       
| MDVEL: mdvel                                                                 
| MDFRC: mdfrc                                                                 
|  MDEN: mden                                                                  
| MDCRD: mdcrd                                                                 
|MDINFO: mdinfo                                                                
|  MTMD: mtmd                                                                  
|INPDIP: inpdip                                                                
|RSTDIP: rstdip                                                                
|INPTRA: inptraj                                                               


 Here is the input file:

                                                                               
&cntrl                                                                         
    imin = 1, maxcyc=1000,                                                     
    ntx = 1,                                                                   
    ntwr = 100, ntpr = 100,                                                    
    cut = 999.0,                                                               
    ntb = 0, igb = 8,                                                          
    ntr = 1, restraint_wt = 10, restraintmask = "!@H=",                        
/                                                                              

--------------------------------------------------------------------------------
   1.  RESOURCE   USE: 
--------------------------------------------------------------------------------

| Flags:                                                                        
| New format PARM file being parsed.
| Version =    1.000 Date = 02/03/16 Time = 11:53:22
 NATOM  =    1590 NTYPES =      14 NBONH =     791 MBONA  =     820
 NTHETH =    1812 MTHETA =    1115 NPHIH =    3578 MPHIA  =    3525
 NHPARM =       0 NPARM  =       0 NNB   =    8805 NRES   =     104
 NBONA  =     820 NTHETA =    1115 NPHIA =    3525 NUMBND =      65
 NUMANG =     152 NPTRA  =     189 NATYP =      33 NPHB   =       0
 IFBOX  =       0 NMXRS  =      24 IFCAP =       0 NEXTRA =       0
 NCOPY  =       0

 Implicit solvent radii are ArgH and AspGluO modified Bondi2 radii (mbondi3)                                
 Replacing prmtop screening parameters with GBn2 (igb=8) values

|     Memory Use     Allocated
|     Real              145027
|     Hollerith           4876
|     Integer           109197
|     Max Pairs              1
|     nblistReal             0
|     nblist Int             0
|       Total             1578 kbytes

| Note: 1-4 EEL scale factors are being read from the topology file.

| Note: 1-4 VDW scale factors are being read from the topology file.
| Duplicated    0 dihedrals
| Duplicated    0 dihedrals

--------------------------------------------------------------------------------
   2.  CONTROL  DATA  FOR  THE  RUN
--------------------------------------------------------------------------------

default_name                                                                    

General flags:
     imin    =       1, nmropt  =       0

Nature and format of input:
     ntx     =       1, irest   =       0, ntrx    =       1

Nature and format of output:
     ntxo    =       1, ntpr    =     100, ntrx    =       1, ntwr    =     100
     iwrap   =       0, ntwx    =       0, ntwv    =       0, ntwe    =       0
     ioutfm  =       0, ntwprt  =       0, idecomp =       0, rbornstat=      0

Potential function:
     ntf     =       1, ntb     =       0, igb     =       8, nsnb    =      25
     ipol    =       0, gbsa    =       0, iesp    =       0
     dielc   =   1.00000, cut     = 999.00000, intdiel =   1.00000
     saltcon =   0.00000, offset  =   0.19514, surften =   0.00500
     rdt     =   0.00000, rgbmax  =  25.00000  extdiel =  78.50000
     alpb  =        0
     gbalphaH  =   0.78844, gbbetaH   =   0.79870,  gbgammaH  =    0.43733
     gbalphaC  =   0.73376, gbbetaC   =   0.50638,  gbgammaC  =    0.20584
     gbalphaN  =   0.50336, gbbetaN   =   0.31683,  gbgammaN  =    0.19292
     gbalphaOS =   0.86781, gbbetaOS  =   0.87664,  gbgammaOS =    0.38788
     gbalphaP  =   1.00000, gbbetaP   =   0.80000,  gbgammaP  =    4.85000
     gb_alpha_hnu  =   0.53705, gb_beta_hnu   =   0.36286,  gb_gamma_hnu  =    0.11670
     gb_alpha_cnu  =   0.33167, gb_beta_cnu   =   0.19684,  gb_gamma_cnu  =    0.09342
     gb_alpha_nnu  =   0.68631, gb_beta_nnu   =   0.46319,  gb_gamma_nnu  =    0.13872
     gb_alpha_onu  =   0.60634, gb_beta_onu   =   0.46301,  gb_gamma_onu  =    0.14226
     gb_alpha_pnu  =   0.41836, gb_beta_pnu   =   0.29005,  gb_gamma_pnu  =    0.10642

Frozen or restrained atoms:
     ibelly  =       0, ntr     =       1
     restraint_wt =  10.00000

Energy minimization:
     maxcyc  =    1000, ncyc    =      10, ntmin   =       1
     dx0     =   0.01000, drms    =   0.00010
|  INFO: Old style inpcrd file read


    LOADING THE CONSTRAINED ATOMS AS GROUPS


   5.  REFERENCE ATOM COORDINATES

  defa
     Mask !@H=; matches   799 atoms

--------------------------------------------------------------------------------
   3.  ATOMIC COORDINATES AND VELOCITIES
--------------------------------------------------------------------------------

default_name                                                                    
 begin time read from input coords =     0.000 ps

 Number of triangulated 3-point waters found:        0

--------------------------------------------------------------------------------
   4.  RESULTS
--------------------------------------------------------------------------------



   NSTEP       ENERGY          RMS            GMAX         NAME    NUMBER
      1      -2.2376E+03     9.0417E+00     6.1329E+01     OE1      1261

 BOND    =       69.8054  ANGLE   =      211.4918  DIHED      =     1065.8110
 VDWAALS =     -659.3225  EEL     =    -7155.7119  EGB        =    -1919.2754
 1-4 VDW =      444.7293  1-4 EEL =     5704.8452  RESTRAINT  =        0.0000


   NSTEP       ENERGY          RMS            GMAX         NAME    NUMBER
    100      -2.5952E+03     3.4090E-01     2.7284E+00     CE2       650

 BOND    =       31.6743  ANGLE   =      205.9145  DIHED      =     1069.2665
 VDWAALS =     -795.3332  EEL     =    -7178.6962  EGB        =    -1925.5236
 1-4 VDW =      334.5035  1-4 EEL =     5623.4654  RESTRAINT  =       39.5247
 EAMBER  =    -2634.7287


   NSTEP       ENERGY          RMS            GMAX         NAME    NUMBER
    200      -2.6036E+03     3.4954E-01     6.1361E+00     HG       1180

 BOND    =       32.4336  ANGLE   =      207.5308  DIHED      =     1068.3184
 VDWAALS =     -799.2767  EEL     =    -7189.6750  EGB        =    -1921.4721
 1-4 VDW =      333.1860  1-4 EEL =     5623.1078  RESTRAINT  =       42.2853
 EAMBER  =    -2645.8471


   NSTEP       ENERGY          RMS            GMAX         NAME    NUMBER
    300      -2.6150E+03     1.7645E-01     2.3849E+00     HG1      1389

 BOND    =       32.0799  ANGLE   =      205.9653  DIHED      =     1064.5873
 VDWAALS =     -797.4100  EEL     =    -7198.9808  EGB        =    -1921.0235
 1-4 VDW =      334.4912  1-4 EEL =     5623.8215  RESTRAINT  =       41.4513
 EAMBER  =    -2656.4691


   NSTEP       ENERGY          RMS            GMAX         NAME    NUMBER
    400      -2.6157E+03     2.3043E-02     2.6745E-01     C        1181

 BOND    =       31.9567  ANGLE   =      205.5696  DIHED      =     1064.4148
 VDWAALS =     -797.9721  EEL     =    -7201.2563  EGB        =    -1919.4096
 1-4 VDW =      334.8876  1-4 EEL =     5624.6162  RESTRAINT  =       41.5429
 EAMBER  =    -2657.1930


   NSTEP       ENERGY          RMS            GMAX         NAME    NUMBER
    500      -2.6157E+03     1.4479E-01     3.9962E+00     OG1       604

 BOND    =       31.9914  ANGLE   =      205.6117  DIHED      =     1064.8838
 VDWAALS =     -798.0063  EEL     =    -7200.9203  EGB        =    -1920.0311
 1-4 VDW =      334.8543  1-4 EEL =     5624.3413  RESTRAINT  =       41.5728
 EAMBER  =    -2657.2752


   NSTEP       ENERGY          RMS            GMAX         NAME    NUMBER
    600      -2.6208E+03     8.1750E-02     1.2725E+00     N         608

 BOND    =       32.0081  ANGLE   =      205.7506  DIHED      =     1063.9869
 VDWAALS =     -796.7343  EEL     =    -7204.5152  EGB        =    -1922.4793
 1-4 VDW =      334.9491  1-4 EEL =     5625.0577  RESTRAINT  =       41.1870
 EAMBER  =    -2661.9763


   NSTEP       ENERGY          RMS            GMAX         NAME    NUMBER
    700      -2.6208E+03     6.9965E-03     1.0076E-01     CD        103

 BOND    =       32.0025  ANGLE   =      205.7228  DIHED      =     1064.0540
 VDWAALS =     -796.7122  EEL     =    -7204.5001  EGB        =    -1922.6813
 1-4 VDW =      335.0102  1-4 EEL =     5625.1421  RESTRAINT  =       41.1418
 EAMBER  =    -2661.9620


   NSTEP       ENERGY          RMS            GMAX         NAME    NUMBER
    800      -2.6208E+03     8.2962E-04     1.0022E-02     O         607

 BOND    =       31.9958  ANGLE   =      205.7158  DIHED      =     1064.0711
 VDWAALS =     -796.7217  EEL     =    -7204.4800  EGB        =    -1922.7114
 1-4 VDW =      335.0259  1-4 EEL =     5625.1529  RESTRAINT  =       41.1308
 EAMBER  =    -2661.9516


                    FINAL RESULTS



   NSTEP       ENERGY          RMS            GMAX         NAME    NUMBER
    871      -2.6208E+03     8.9464E-05     2.2239E-03     HG1      1213

 BOND    =       31.9961  ANGLE   =      205.7158  DIHED      =     1064.0718
 VDWAALS =     -796.7234  EEL     =    -7204.4809  EGB        =    -1922.7156
 1-4 VDW =      335.0255  1-4 EEL =     5625.1578  RESTRAINT  =       41.1321
 EAMBER  =    -2661.9528

--------------------------------------------------------------------------------
   5.  TIMINGS
--------------------------------------------------------------------------------

|                Calc gb radii             51.99 (20.45% of Gen B)
|                Calc gb diag              96.24 (37.86% of Gen B)
|                Calc gb off-diag         105.99 (41.69% of Gen B)
|             Gen Born time            254.22 (100.0% of Nonbo)
|          Nonbond force            254.22 (99.29% of Force)
|          Bond/Angle/Dihedral        1.80 ( 0.70% of Force)
|          Other                      0.01 ( 0.01% of Force)
|       Force time               256.04 (100.0% of Runmd)
|    Runmd Time               256.04 (99.69% of Total)
|    Other                      0.79 ( 0.31% of Total)
| Total time               256.83 (100.0% of ALL  )

| Number of list builds   :          0

| Highest rstack allocated:          0
| Highest istack allocated:          0
|           Job began  at 12:56:58.886  on 02/03/2016
|           Setup done at 12:56:58.938  on 02/03/2016
|           Run   done at 13:01:15.718  on 02/03/2016
|     wallclock() was called   15706 times
