
          -------------------------------------------------------
          Amber 14 SANDER                              2014
          -------------------------------------------------------

| Run on 02/03/2016 at 12:57:31

|   Executable path: sander
| Working directory: /lustre/cs1500/scratch/kmb413/RealDecoyDisc/DecoyDiscrimination/decoys.set2.init/1aaj/Rosetta_relaxed
|          Hostname: slepner13


File Assignments:
|  MDIN: /scratch/kmb413/RealDecoyDisc/DecoyDiscrimination/scripts/min/min.in  
| MDOUT: NoH_1_empty_tag_376_0001_0001.out                                     
|INPCRD: NoH_1_empty_tag_376_0001_0001.rst7                                    
|  PARM: NoH_1_empty_tag_376_0001_0001.parm7                                   
|RESTRT: min_NoH_1_empty_tag_376_0001_0001.rst7                                
|  REFC: NoH_1_empty_tag_376_0001_0001.rst7                                    
| MDVEL: mdvel                                                                 
| MDFRC: mdfrc                                                                 
|  MDEN: mden                                                                  
| MDCRD: mdcrd                                                                 
|MDINFO: mdinfo                                                                
|  MTMD: mtmd                                                                  
|INPDIP: inpdip                                                                
|RSTDIP: rstdip                                                                
|INPTRA: inptraj                                                               


 Here is the input file:

                                                                               
&cntrl                                                                         
    imin = 1, maxcyc=1000,                                                     
    ntx = 1,                                                                   
    ntwr = 100, ntpr = 100,                                                    
    cut = 999.0,                                                               
    ntb = 0, igb = 8,                                                          
    ntr = 1, restraint_wt = 10, restraintmask = "!@H=",                        
/                                                                              

--------------------------------------------------------------------------------
   1.  RESOURCE   USE: 
--------------------------------------------------------------------------------

| Flags:                                                                        
| New format PARM file being parsed.
| Version =    1.000 Date = 02/03/16 Time = 11:45:52
 NATOM  =    1590 NTYPES =      14 NBONH =     791 MBONA  =     820
 NTHETH =    1812 MTHETA =    1115 NPHIH =    3578 MPHIA  =    3525
 NHPARM =       0 NPARM  =       0 NNB   =    8805 NRES   =     104
 NBONA  =     820 NTHETA =    1115 NPHIA =    3525 NUMBND =      65
 NUMANG =     152 NPTRA  =     189 NATYP =      33 NPHB   =       0
 IFBOX  =       0 NMXRS  =      24 IFCAP =       0 NEXTRA =       0
 NCOPY  =       0

 Implicit solvent radii are ArgH and AspGluO modified Bondi2 radii (mbondi3)                                
 Replacing prmtop screening parameters with GBn2 (igb=8) values

|     Memory Use     Allocated
|     Real              145027
|     Hollerith           4876
|     Integer           109197
|     Max Pairs              1
|     nblistReal             0
|     nblist Int             0
|       Total             1578 kbytes

| Note: 1-4 EEL scale factors are being read from the topology file.

| Note: 1-4 VDW scale factors are being read from the topology file.
| Duplicated    0 dihedrals
| Duplicated    0 dihedrals

--------------------------------------------------------------------------------
   2.  CONTROL  DATA  FOR  THE  RUN
--------------------------------------------------------------------------------

default_name                                                                    

General flags:
     imin    =       1, nmropt  =       0

Nature and format of input:
     ntx     =       1, irest   =       0, ntrx    =       1

Nature and format of output:
     ntxo    =       1, ntpr    =     100, ntrx    =       1, ntwr    =     100
     iwrap   =       0, ntwx    =       0, ntwv    =       0, ntwe    =       0
     ioutfm  =       0, ntwprt  =       0, idecomp =       0, rbornstat=      0

Potential function:
     ntf     =       1, ntb     =       0, igb     =       8, nsnb    =      25
     ipol    =       0, gbsa    =       0, iesp    =       0
     dielc   =   1.00000, cut     = 999.00000, intdiel =   1.00000
     saltcon =   0.00000, offset  =   0.19514, surften =   0.00500
     rdt     =   0.00000, rgbmax  =  25.00000  extdiel =  78.50000
     alpb  =        0
     gbalphaH  =   0.78844, gbbetaH   =   0.79870,  gbgammaH  =    0.43733
     gbalphaC  =   0.73376, gbbetaC   =   0.50638,  gbgammaC  =    0.20584
     gbalphaN  =   0.50336, gbbetaN   =   0.31683,  gbgammaN  =    0.19292
     gbalphaOS =   0.86781, gbbetaOS  =   0.87664,  gbgammaOS =    0.38788
     gbalphaP  =   1.00000, gbbetaP   =   0.80000,  gbgammaP  =    4.85000
     gb_alpha_hnu  =   0.53705, gb_beta_hnu   =   0.36286,  gb_gamma_hnu  =    0.11670
     gb_alpha_cnu  =   0.33167, gb_beta_cnu   =   0.19684,  gb_gamma_cnu  =    0.09342
     gb_alpha_nnu  =   0.68631, gb_beta_nnu   =   0.46319,  gb_gamma_nnu  =    0.13872
     gb_alpha_onu  =   0.60634, gb_beta_onu   =   0.46301,  gb_gamma_onu  =    0.14226
     gb_alpha_pnu  =   0.41836, gb_beta_pnu   =   0.29005,  gb_gamma_pnu  =    0.10642

Frozen or restrained atoms:
     ibelly  =       0, ntr     =       1
     restraint_wt =  10.00000

Energy minimization:
     maxcyc  =    1000, ncyc    =      10, ntmin   =       1
     dx0     =   0.01000, drms    =   0.00010
|  INFO: Old style inpcrd file read


    LOADING THE CONSTRAINED ATOMS AS GROUPS


   5.  REFERENCE ATOM COORDINATES

  defa
     Mask !@H=; matches   799 atoms

--------------------------------------------------------------------------------
   3.  ATOMIC COORDINATES AND VELOCITIES
--------------------------------------------------------------------------------

default_name                                                                    
 begin time read from input coords =     0.000 ps

 Number of triangulated 3-point waters found:        0

--------------------------------------------------------------------------------
   4.  RESULTS
--------------------------------------------------------------------------------



   NSTEP       ENERGY          RMS            GMAX         NAME    NUMBER
      1      -2.2411E+03     9.0149E+00     5.8503E+01     OE1       438

 BOND    =       69.1416  ANGLE   =      210.7742  DIHED      =     1062.5930
 VDWAALS =     -665.3558  EEL     =    -7341.8713  EGB        =    -1702.7647
 1-4 VDW =      439.4893  1-4 EEL =     5686.8757  RESTRAINT  =        0.0000


   NSTEP       ENERGY          RMS            GMAX         NAME    NUMBER
    100      -2.5889E+03     3.8416E-01     3.4663E+00     HG         90

 BOND    =       31.3373  ANGLE   =      204.4878  DIHED      =     1065.6782
 VDWAALS =     -792.7298  EEL     =    -7340.3782  EGB        =    -1729.3459
 1-4 VDW =      329.1955  1-4 EEL =     5603.7976  RESTRAINT  =       39.0747
 EAMBER  =    -2627.9575


   NSTEP       ENERGY          RMS            GMAX         NAME    NUMBER
    200      -2.6013E+03     3.2698E-01     3.2893E+00     HG1       605

 BOND    =       31.3843  ANGLE   =      204.9772  DIHED      =     1064.8616
 VDWAALS =     -793.2013  EEL     =    -7345.3057  EGB        =    -1733.8226
 1-4 VDW =      329.4130  1-4 EEL =     5600.9048  RESTRAINT  =       39.4893
 EAMBER  =    -2640.7887


   NSTEP       ENERGY          RMS            GMAX         NAME    NUMBER
    300      -2.6097E+03     3.0630E-02     4.8846E-01     CG2       630

 BOND    =       31.2315  ANGLE   =      204.1713  DIHED      =     1062.2930
 VDWAALS =     -791.9555  EEL     =    -7351.2573  EGB        =    -1736.3606
 1-4 VDW =      330.1871  1-4 EEL =     5603.3332  RESTRAINT  =       38.6488
 EAMBER  =    -2648.3574


   NSTEP       ENERGY          RMS            GMAX         NAME    NUMBER
    400      -2.6097E+03     1.0078E-02     1.7112E-01     OG1       634

 BOND    =       31.1885  ANGLE   =      204.0940  DIHED      =     1062.3390
 VDWAALS =     -792.0113  EEL     =    -7351.1969  EGB        =    -1736.3140
 1-4 VDW =      330.2912  1-4 EEL =     5603.2355  RESTRAINT  =       38.6315
 EAMBER  =    -2648.3740


   NSTEP       ENERGY          RMS            GMAX         NAME    NUMBER
    500      -2.6097E+03     5.0630E-03     5.5687E-02     HG21      631

 BOND    =       31.1863  ANGLE   =      204.0776  DIHED      =     1062.3638
 VDWAALS =     -792.0457  EEL     =    -7351.1935  EGB        =    -1736.3043
 1-4 VDW =      330.3082  1-4 EEL =     5603.2175  RESTRAINT  =       38.6446
 EAMBER  =    -2648.3901


   NSTEP       ENERGY          RMS            GMAX         NAME    NUMBER
    600      -2.6097E+03     1.3219E-03     1.3571E-02     CD2       659

 BOND    =       31.1794  ANGLE   =      204.0553  DIHED      =     1062.3704
 VDWAALS =     -792.0465  EEL     =    -7351.1688  EGB        =    -1736.3023
 1-4 VDW =      330.3304  1-4 EEL =     5603.1986  RESTRAINT  =       38.6371
 EAMBER  =    -2648.3834


   NSTEP       ENERGY          RMS            GMAX         NAME    NUMBER
    700      -2.6097E+03     8.3586E-05     9.0006E-04     HD3      1099

 BOND    =       31.1767  ANGLE   =      204.0484  DIHED      =     1062.3798
 VDWAALS =     -792.0587  EEL     =    -7351.1562  EGB        =    -1736.3049
 1-4 VDW =      330.3397  1-4 EEL =     5603.1882  RESTRAINT  =       38.6403
 EAMBER  =    -2648.3870


                    FINAL RESULTS



   NSTEP       ENERGY          RMS            GMAX         NAME    NUMBER
    700      -2.6097E+03     8.3586E-05     9.0006E-04     HD3      1099

 BOND    =       31.1767  ANGLE   =      204.0484  DIHED      =     1062.3798
 VDWAALS =     -792.0587  EEL     =    -7351.1562  EGB        =    -1736.3049
 1-4 VDW =      330.3397  1-4 EEL =     5603.1882  RESTRAINT  =       38.6403
 EAMBER  =    -2648.3870

--------------------------------------------------------------------------------
   5.  TIMINGS
--------------------------------------------------------------------------------

|                Calc gb radii             41.59 (20.29% of Gen B)
|                Calc gb diag              77.13 (37.62% of Gen B)
|                Calc gb off-diag          86.29 (42.09% of Gen B)
|             Gen Born time            205.02 (100.0% of Nonbo)
|          Nonbond force            205.02 (99.29% of Force)
|          Bond/Angle/Dihedral        1.45 ( 0.70% of Force)
|          Other                      0.01 ( 0.01% of Force)
|       Force time               206.48 (100.0% of Runmd)
|    Runmd Time               206.48 (99.82% of Total)
|    Other                      0.36 ( 0.18% of Total)
| Total time               206.84 (100.0% of ALL  )

| Number of list builds   :          0

| Highest rstack allocated:          0
| Highest istack allocated:          0
|           Job began  at 12:57:31.666  on 02/03/2016
|           Setup done at 12:57:31.755  on 02/03/2016
|           Run   done at 13:00:58.511  on 02/03/2016
|     wallclock() was called   12628 times
