
          -------------------------------------------------------
          Amber 14 SANDER                              2014
          -------------------------------------------------------

| Run on 02/03/2016 at 13:07:34

|   Executable path: sander
| Working directory: /lustre/cs1500/scratch/kmb413/RealDecoyDisc/DecoyDiscrimination/decoys.set2.init/1aaj/Rosetta_relaxed
|          Hostname: slepner30


File Assignments:
|  MDIN: /scratch/kmb413/RealDecoyDisc/DecoyDiscrimination/scripts/min/min.in  
| MDOUT: NoH_3_empty_tag_1330_0001_0001.out                                    
|INPCRD: NoH_3_empty_tag_1330_0001_0001.rst7                                   
|  PARM: NoH_3_empty_tag_1330_0001_0001.parm7                                  
|RESTRT: min_NoH_3_empty_tag_1330_0001_0001.rst7                               
|  REFC: NoH_3_empty_tag_1330_0001_0001.rst7                                   
| MDVEL: mdvel                                                                 
| MDFRC: mdfrc                                                                 
|  MDEN: mden                                                                  
| MDCRD: mdcrd                                                                 
|MDINFO: mdinfo                                                                
|  MTMD: mtmd                                                                  
|INPDIP: inpdip                                                                
|RSTDIP: rstdip                                                                
|INPTRA: inptraj                                                               


 Here is the input file:

                                                                               
&cntrl                                                                         
    imin = 1, maxcyc=1000,                                                     
    ntx = 1,                                                                   
    ntwr = 100, ntpr = 100,                                                    
    cut = 999.0,                                                               
    ntb = 0, igb = 8,                                                          
    ntr = 1, restraint_wt = 10, restraintmask = "!@H=",                        
/                                                                              

--------------------------------------------------------------------------------
   1.  RESOURCE   USE: 
--------------------------------------------------------------------------------

| Flags:                                                                        
| New format PARM file being parsed.
| Version =    1.000 Date = 02/03/16 Time = 11:49:04
 NATOM  =    1590 NTYPES =      14 NBONH =     791 MBONA  =     820
 NTHETH =    1812 MTHETA =    1115 NPHIH =    3578 MPHIA  =    3525
 NHPARM =       0 NPARM  =       0 NNB   =    8805 NRES   =     104
 NBONA  =     820 NTHETA =    1115 NPHIA =    3525 NUMBND =      65
 NUMANG =     152 NPTRA  =     189 NATYP =      33 NPHB   =       0
 IFBOX  =       0 NMXRS  =      24 IFCAP =       0 NEXTRA =       0
 NCOPY  =       0

 Implicit solvent radii are ArgH and AspGluO modified Bondi2 radii (mbondi3)                                
 Replacing prmtop screening parameters with GBn2 (igb=8) values

|     Memory Use     Allocated
|     Real              145027
|     Hollerith           4876
|     Integer           109197
|     Max Pairs              1
|     nblistReal             0
|     nblist Int             0
|       Total             1578 kbytes

| Note: 1-4 EEL scale factors are being read from the topology file.

| Note: 1-4 VDW scale factors are being read from the topology file.
| Duplicated    0 dihedrals
| Duplicated    0 dihedrals

--------------------------------------------------------------------------------
   2.  CONTROL  DATA  FOR  THE  RUN
--------------------------------------------------------------------------------

default_name                                                                    

General flags:
     imin    =       1, nmropt  =       0

Nature and format of input:
     ntx     =       1, irest   =       0, ntrx    =       1

Nature and format of output:
     ntxo    =       1, ntpr    =     100, ntrx    =       1, ntwr    =     100
     iwrap   =       0, ntwx    =       0, ntwv    =       0, ntwe    =       0
     ioutfm  =       0, ntwprt  =       0, idecomp =       0, rbornstat=      0

Potential function:
     ntf     =       1, ntb     =       0, igb     =       8, nsnb    =      25
     ipol    =       0, gbsa    =       0, iesp    =       0
     dielc   =   1.00000, cut     = 999.00000, intdiel =   1.00000
     saltcon =   0.00000, offset  =   0.19514, surften =   0.00500
     rdt     =   0.00000, rgbmax  =  25.00000  extdiel =  78.50000
     alpb  =        0
     gbalphaH  =   0.78844, gbbetaH   =   0.79870,  gbgammaH  =    0.43733
     gbalphaC  =   0.73376, gbbetaC   =   0.50638,  gbgammaC  =    0.20584
     gbalphaN  =   0.50336, gbbetaN   =   0.31683,  gbgammaN  =    0.19292
     gbalphaOS =   0.86781, gbbetaOS  =   0.87664,  gbgammaOS =    0.38788
     gbalphaP  =   1.00000, gbbetaP   =   0.80000,  gbgammaP  =    4.85000
     gb_alpha_hnu  =   0.53705, gb_beta_hnu   =   0.36286,  gb_gamma_hnu  =    0.11670
     gb_alpha_cnu  =   0.33167, gb_beta_cnu   =   0.19684,  gb_gamma_cnu  =    0.09342
     gb_alpha_nnu  =   0.68631, gb_beta_nnu   =   0.46319,  gb_gamma_nnu  =    0.13872
     gb_alpha_onu  =   0.60634, gb_beta_onu   =   0.46301,  gb_gamma_onu  =    0.14226
     gb_alpha_pnu  =   0.41836, gb_beta_pnu   =   0.29005,  gb_gamma_pnu  =    0.10642

Frozen or restrained atoms:
     ibelly  =       0, ntr     =       1
     restraint_wt =  10.00000

Energy minimization:
     maxcyc  =    1000, ncyc    =      10, ntmin   =       1
     dx0     =   0.01000, drms    =   0.00010
|  INFO: Old style inpcrd file read


    LOADING THE CONSTRAINED ATOMS AS GROUPS


   5.  REFERENCE ATOM COORDINATES

  defa
     Mask !@H=; matches   799 atoms

--------------------------------------------------------------------------------
   3.  ATOMIC COORDINATES AND VELOCITIES
--------------------------------------------------------------------------------

default_name                                                                    
 begin time read from input coords =     0.000 ps

 Number of triangulated 3-point waters found:        0

--------------------------------------------------------------------------------
   4.  RESULTS
--------------------------------------------------------------------------------



   NSTEP       ENERGY          RMS            GMAX         NAME    NUMBER
      1      -2.2298E+03     9.0610E+00     6.1885E+01     OE1       945

 BOND    =       69.9904  ANGLE   =      211.2793  DIHED      =     1072.8921
 VDWAALS =     -667.3112  EEL     =    -7171.1439  EGB        =    -1883.3914
 1-4 VDW =      436.0319  1-4 EEL =     5701.8543  RESTRAINT  =        0.0000


   NSTEP       ENERGY          RMS            GMAX         NAME    NUMBER
    100      -2.5916E+03     4.3885E-01     5.8694E+00     CD        103

 BOND    =       30.1639  ANGLE   =      205.3879  DIHED      =     1078.4010
 VDWAALS =     -802.1907  EEL     =    -7196.3305  EGB        =    -1905.6684
 1-4 VDW =      329.4046  1-4 EEL =     5626.0752  RESTRAINT  =       43.1574
 EAMBER  =    -2634.7570


   NSTEP       ENERGY          RMS            GMAX         NAME    NUMBER
    200      -2.6041E+03     1.7779E-01     2.1644E+00     OG1      1212

 BOND    =       30.6698  ANGLE   =      205.7615  DIHED      =     1077.3173
 VDWAALS =     -804.2410  EEL     =    -7209.1351  EGB        =    -1906.6161
 1-4 VDW =      329.9209  1-4 EEL =     5629.2805  RESTRAINT  =       42.9576
 EAMBER  =    -2647.0421


   NSTEP       ENERGY          RMS            GMAX         NAME    NUMBER
    300      -2.6127E+03     1.4396E-01     3.6685E+00     CD        193

 BOND    =       30.5784  ANGLE   =      205.8211  DIHED      =     1075.3219
 VDWAALS =     -802.8591  EEL     =    -7216.6904  EGB        =    -1905.9151
 1-4 VDW =      330.0001  1-4 EEL =     5628.7236  RESTRAINT  =       42.3221
 EAMBER  =    -2655.0195


   NSTEP       ENERGY          RMS            GMAX         NAME    NUMBER
    400      -2.6134E+03     6.7752E-02     1.1683E+00     HG1       635

 BOND    =       30.4641  ANGLE   =      205.6889  DIHED      =     1075.4022
 VDWAALS =     -802.9142  EEL     =    -7220.2618  EGB        =    -1904.2621
 1-4 VDW =      330.2953  1-4 EEL =     5629.7984  RESTRAINT  =       42.3440
 EAMBER  =    -2655.7891


   NSTEP       ENERGY          RMS            GMAX         NAME    NUMBER
    500      -2.6146E+03     2.6351E-02     5.5958E-01     OG1       634

 BOND    =       30.4167  ANGLE   =      205.3306  DIHED      =     1074.2036
 VDWAALS =     -802.6937  EEL     =    -7222.9711  EGB        =    -1902.1700
 1-4 VDW =      330.6734  1-4 EEL =     5630.4096  RESTRAINT  =       42.1851
 EAMBER  =    -2656.8010


   NSTEP       ENERGY          RMS            GMAX         NAME    NUMBER
    600      -2.6165E+03     1.8473E-01     3.7695E+00     CD        193

 BOND    =       30.5586  ANGLE   =      205.4902  DIHED      =     1073.4377
 VDWAALS =     -803.0382  EEL     =    -7229.4406  EGB        =    -1896.6588
 1-4 VDW =      330.4452  1-4 EEL =     5630.4427  RESTRAINT  =       42.2762
 EAMBER  =    -2658.7631


   NSTEP       ENERGY          RMS            GMAX         NAME    NUMBER
    700      -2.6172E+03     2.4767E-02     4.7671E-01     CD        193

 BOND    =       30.4480  ANGLE   =      205.3001  DIHED      =     1072.8219
 VDWAALS =     -802.7707  EEL     =    -7231.9603  EGB        =    -1894.9554
 1-4 VDW =      330.6086  1-4 EEL =     5631.1702  RESTRAINT  =       42.1030
 EAMBER  =    -2659.3375


   NSTEP       ENERGY          RMS            GMAX         NAME    NUMBER
    800      -2.6172E+03     4.6080E-03     8.4069E-02     OG       1179

 BOND    =       30.4413  ANGLE   =      205.2963  DIHED      =     1072.8209
 VDWAALS =     -802.7734  EEL     =    -7232.0365  EGB        =    -1894.9003
 1-4 VDW =      330.6175  1-4 EEL =     5631.1792  RESTRAINT  =       42.1099
 EAMBER  =    -2659.3551


   NSTEP       ENERGY          RMS            GMAX         NAME    NUMBER
    900      -2.6172E+03     3.3605E-03     4.8579E-02     CA       1174

 BOND    =       30.4390  ANGLE   =      205.2940  DIHED      =     1072.8222
 VDWAALS =     -802.7640  EEL     =    -7232.0415  EGB        =    -1894.9040
 1-4 VDW =      330.6195  1-4 EEL =     5631.1775  RESTRAINT  =       42.1102
 EAMBER  =    -2659.3574


   NSTEP       ENERGY          RMS            GMAX         NAME    NUMBER
   1000      -2.6172E+03     2.7405E-03     6.1960E-02     CD        103

 BOND    =       30.4403  ANGLE   =      205.2918  DIHED      =     1072.8223
 VDWAALS =     -802.7633  EEL     =    -7232.0457  EGB        =    -1894.9032
 1-4 VDW =      330.6186  1-4 EEL =     5631.1795  RESTRAINT  =       42.1121
 EAMBER  =    -2659.3598


  Maximum number of minimization cycles reached.


                    FINAL RESULTS



   NSTEP       ENERGY          RMS            GMAX         NAME    NUMBER
   1000      -2.6172E+03     2.7405E-03     6.1960E-02     CD        103

 BOND    =       30.4403  ANGLE   =      205.2918  DIHED      =     1072.8223
 VDWAALS =     -802.7633  EEL     =    -7232.0457  EGB        =    -1894.9032
 1-4 VDW =      330.6186  1-4 EEL =     5631.1795  RESTRAINT  =       42.1121
 EAMBER  =    -2659.3598

--------------------------------------------------------------------------------
   5.  TIMINGS
--------------------------------------------------------------------------------

|                Calc gb radii             59.50 (20.32% of Gen B)
|                Calc gb diag             110.12 (37.62% of Gen B)
|                Calc gb off-diag         123.13 (42.06% of Gen B)
|             Gen Born time            292.75 (100.0% of Nonbo)
|          Nonbond force            292.75 (99.29% of Force)
|          Bond/Angle/Dihedral        2.07 ( 0.70% of Force)
|          Other                      0.02 ( 0.01% of Force)
|       Force time               294.84 (100.0% of Runmd)
|    Runmd Time               294.84 (99.83% of Total)
|    Other                      0.51 ( 0.17% of Total)
| Total time               295.35 (100.0% of ALL  )

| Number of list builds   :          0

| Highest rstack allocated:          0
| Highest istack allocated:          0
|           Job began  at 13:07:34.690  on 02/03/2016
|           Setup done at 13:07:34.759  on 02/03/2016
|           Run   done at 13:12:30.040  on 02/03/2016
|     wallclock() was called   18028 times
