
          -------------------------------------------------------
          Amber 14 SANDER                              2014
          -------------------------------------------------------

| Run on 02/03/2016 at 12:31:26

|   Executable path: sander
| Working directory: /lustre/cs1500/scratch/kmb413/RealDecoyDisc/DecoyDiscrimination/decoys.set2.init/1aaj/Rosetta_relaxed
|          Hostname: slepner30


File Assignments:
|  MDIN: /scratch/kmb413/RealDecoyDisc/DecoyDiscrimination/scripts/min/min.in  
| MDOUT: NoH_3_empty_tag_1451_0001_0001.out                                    
|INPCRD: NoH_3_empty_tag_1451_0001_0001.rst7                                   
|  PARM: NoH_3_empty_tag_1451_0001_0001.parm7                                  
|RESTRT: min_NoH_3_empty_tag_1451_0001_0001.rst7                               
|  REFC: NoH_3_empty_tag_1451_0001_0001.rst7                                   
| MDVEL: mdvel                                                                 
| MDFRC: mdfrc                                                                 
|  MDEN: mden                                                                  
| MDCRD: mdcrd                                                                 
|MDINFO: mdinfo                                                                
|  MTMD: mtmd                                                                  
|INPDIP: inpdip                                                                
|RSTDIP: rstdip                                                                
|INPTRA: inptraj                                                               


 Here is the input file:

                                                                               
&cntrl                                                                         
    imin = 1, maxcyc=1000,                                                     
    ntx = 1,                                                                   
    ntwr = 100, ntpr = 100,                                                    
    cut = 999.0,                                                               
    ntb = 0, igb = 8,                                                          
    ntr = 1, restraint_wt = 10, restraintmask = "!@H=",                        
/                                                                              

--------------------------------------------------------------------------------
   1.  RESOURCE   USE: 
--------------------------------------------------------------------------------

| Flags:                                                                        
| New format PARM file being parsed.
| Version =    1.000 Date = 02/03/16 Time = 11:49:16
 NATOM  =    1590 NTYPES =      14 NBONH =     791 MBONA  =     820
 NTHETH =    1812 MTHETA =    1115 NPHIH =    3578 MPHIA  =    3525
 NHPARM =       0 NPARM  =       0 NNB   =    8805 NRES   =     104
 NBONA  =     820 NTHETA =    1115 NPHIA =    3525 NUMBND =      65
 NUMANG =     152 NPTRA  =     189 NATYP =      33 NPHB   =       0
 IFBOX  =       0 NMXRS  =      24 IFCAP =       0 NEXTRA =       0
 NCOPY  =       0

 Implicit solvent radii are ArgH and AspGluO modified Bondi2 radii (mbondi3)                                
 Replacing prmtop screening parameters with GBn2 (igb=8) values

|     Memory Use     Allocated
|     Real              145027
|     Hollerith           4876
|     Integer           109197
|     Max Pairs              1
|     nblistReal             0
|     nblist Int             0
|       Total             1578 kbytes

| Note: 1-4 EEL scale factors are being read from the topology file.

| Note: 1-4 VDW scale factors are being read from the topology file.
| Duplicated    0 dihedrals
| Duplicated    0 dihedrals

--------------------------------------------------------------------------------
   2.  CONTROL  DATA  FOR  THE  RUN
--------------------------------------------------------------------------------

default_name                                                                    

General flags:
     imin    =       1, nmropt  =       0

Nature and format of input:
     ntx     =       1, irest   =       0, ntrx    =       1

Nature and format of output:
     ntxo    =       1, ntpr    =     100, ntrx    =       1, ntwr    =     100
     iwrap   =       0, ntwx    =       0, ntwv    =       0, ntwe    =       0
     ioutfm  =       0, ntwprt  =       0, idecomp =       0, rbornstat=      0

Potential function:
     ntf     =       1, ntb     =       0, igb     =       8, nsnb    =      25
     ipol    =       0, gbsa    =       0, iesp    =       0
     dielc   =   1.00000, cut     = 999.00000, intdiel =   1.00000
     saltcon =   0.00000, offset  =   0.19514, surften =   0.00500
     rdt     =   0.00000, rgbmax  =  25.00000  extdiel =  78.50000
     alpb  =        0
     gbalphaH  =   0.78844, gbbetaH   =   0.79870,  gbgammaH  =    0.43733
     gbalphaC  =   0.73376, gbbetaC   =   0.50638,  gbgammaC  =    0.20584
     gbalphaN  =   0.50336, gbbetaN   =   0.31683,  gbgammaN  =    0.19292
     gbalphaOS =   0.86781, gbbetaOS  =   0.87664,  gbgammaOS =    0.38788
     gbalphaP  =   1.00000, gbbetaP   =   0.80000,  gbgammaP  =    4.85000
     gb_alpha_hnu  =   0.53705, gb_beta_hnu   =   0.36286,  gb_gamma_hnu  =    0.11670
     gb_alpha_cnu  =   0.33167, gb_beta_cnu   =   0.19684,  gb_gamma_cnu  =    0.09342
     gb_alpha_nnu  =   0.68631, gb_beta_nnu   =   0.46319,  gb_gamma_nnu  =    0.13872
     gb_alpha_onu  =   0.60634, gb_beta_onu   =   0.46301,  gb_gamma_onu  =    0.14226
     gb_alpha_pnu  =   0.41836, gb_beta_pnu   =   0.29005,  gb_gamma_pnu  =    0.10642

Frozen or restrained atoms:
     ibelly  =       0, ntr     =       1
     restraint_wt =  10.00000

Energy minimization:
     maxcyc  =    1000, ncyc    =      10, ntmin   =       1
     dx0     =   0.01000, drms    =   0.00010
|  INFO: Old style inpcrd file read


    LOADING THE CONSTRAINED ATOMS AS GROUPS


   5.  REFERENCE ATOM COORDINATES

  defa
     Mask !@H=; matches   799 atoms

--------------------------------------------------------------------------------
   3.  ATOMIC COORDINATES AND VELOCITIES
--------------------------------------------------------------------------------

default_name                                                                    
 begin time read from input coords =     0.000 ps

 Number of triangulated 3-point waters found:        0

--------------------------------------------------------------------------------
   4.  RESULTS
--------------------------------------------------------------------------------



   NSTEP       ENERGY          RMS            GMAX         NAME    NUMBER
      1      -2.2015E+03     9.0316E+00     6.3343E+01     OE1       945

 BOND    =       69.5781  ANGLE   =      211.3542  DIHED      =     1075.0654
 VDWAALS =     -651.2418  EEL     =    -7372.3970  EGB        =    -1679.5480
 1-4 VDW =      443.1009  1-4 EEL =     5702.6158  RESTRAINT  =        0.0000


   NSTEP       ENERGY          RMS            GMAX         NAME    NUMBER
    100      -2.5697E+03     3.6716E-01     4.3850E+00     CG        231

 BOND    =       31.2651  ANGLE   =      205.5282  DIHED      =     1077.8896
 VDWAALS =     -786.2408  EEL     =    -7398.2233  EGB        =    -1692.0904
 1-4 VDW =      332.0631  1-4 EEL =     5618.7103  RESTRAINT  =       41.4308
 EAMBER  =    -2611.0982


   NSTEP       ENERGY          RMS            GMAX         NAME    NUMBER
    200      -2.5819E+03     1.5623E-01     3.5892E+00     OG1       604

 BOND    =       31.0225  ANGLE   =      205.6758  DIHED      =     1074.7420
 VDWAALS =     -787.1417  EEL     =    -7415.3315  EGB        =    -1687.1829
 1-4 VDW =      332.3550  1-4 EEL =     5621.4657  RESTRAINT  =       42.4579
 EAMBER  =    -2624.3951


   NSTEP       ENERGY          RMS            GMAX         NAME    NUMBER
    300      -2.5860E+03     8.6829E-01     3.4409E+01     HG       1180

 BOND    =       33.9173  ANGLE   =      208.8571  DIHED      =     1074.9108
 VDWAALS =     -788.8311  EEL     =    -7427.9196  EGB        =    -1682.3730
 1-4 VDW =      329.5239  1-4 EEL =     5621.3254  RESTRAINT  =       44.6016
 EAMBER  =    -2630.5893


   NSTEP       ENERGY          RMS            GMAX         NAME    NUMBER
    400      -2.5911E+03     3.4405E-02     4.3071E-01     C        1181

 BOND    =       31.1335  ANGLE   =      205.2765  DIHED      =     1073.3513
 VDWAALS =     -785.7124  EEL     =    -7429.3675  EGB        =    -1683.2953
 1-4 VDW =      332.7262  1-4 EEL =     5622.8127  RESTRAINT  =       42.0135
 EAMBER  =    -2633.0752


   NSTEP       ENERGY          RMS            GMAX         NAME    NUMBER
    500      -2.5911E+03     1.0880E-02     1.8258E-01     HG1       635

 BOND    =       31.1011  ANGLE   =      205.1832  DIHED      =     1073.1007
 VDWAALS =     -785.6629  EEL     =    -7428.9819  EGB        =    -1683.6370
 1-4 VDW =      332.8453  1-4 EEL =     5622.9701  RESTRAINT  =       41.9728
 EAMBER  =    -2633.0813


   NSTEP       ENERGY          RMS            GMAX         NAME    NUMBER
    600      -2.5911E+03     1.4065E-02     1.4919E-01     CD       1585

 BOND    =       31.0706  ANGLE   =      205.1497  DIHED      =     1072.9427
 VDWAALS =     -785.6146  EEL     =    -7428.7144  EGB        =    -1683.8669
 1-4 VDW =      332.9079  1-4 EEL =     5623.0548  RESTRAINT  =       41.9534
 EAMBER  =    -2633.0703

     ... RESTARTED DUE TO LINMIN FAILURE ...


   NSTEP       ENERGY          RMS            GMAX         NAME    NUMBER
    700      -2.5911E+03     1.2228E-03     1.2183E-02     HG1       635

 BOND    =       31.0743  ANGLE   =      205.1488  DIHED      =     1072.9119
 VDWAALS =     -785.6234  EEL     =    -7428.6277  EGB        =    -1683.9264
 1-4 VDW =      332.9137  1-4 EEL =     5623.0582  RESTRAINT  =       41.9528
 EAMBER  =    -2633.0706


   NSTEP       ENERGY          RMS            GMAX         NAME    NUMBER
    800      -2.5911E+03     2.1688E-04     5.3166E-03     HG1       635

 BOND    =       31.0715  ANGLE   =      205.1460  DIHED      =     1072.9040
 VDWAALS =     -785.6202  EEL     =    -7428.6117  EGB        =    -1683.9377
 1-4 VDW =      332.9197  1-4 EEL =     5623.0617  RESTRAINT  =       41.9488
 EAMBER  =    -2633.0667


                    FINAL RESULTS



   NSTEP       ENERGY          RMS            GMAX         NAME    NUMBER
    848      -2.5911E+03     9.0136E-05     2.9056E-03     HG1       635

 BOND    =       31.0715  ANGLE   =      205.1458  DIHED      =     1072.9018
 VDWAALS =     -785.6200  EEL     =    -7428.6076  EGB        =    -1683.9414
 1-4 VDW =      332.9201  1-4 EEL =     5623.0628  RESTRAINT  =       41.9491
 EAMBER  =    -2633.0670

--------------------------------------------------------------------------------
   5.  TIMINGS
--------------------------------------------------------------------------------

|                Calc gb radii             49.72 (20.32% of Gen B)
|                Calc gb diag              92.26 (37.70% of Gen B)
|                Calc gb off-diag         102.71 (41.97% of Gen B)
|             Gen Born time            244.70 (100.0% of Nonbo)
|          Nonbond force            244.70 (99.28% of Force)
|          Bond/Angle/Dihedral        1.76 ( 0.71% of Force)
|          Other                      0.01 ( 0.01% of Force)
|       Force time               246.47 (100.0% of Runmd)
|    Runmd Time               246.47 (99.81% of Total)
|    Other                      0.46 ( 0.19% of Total)
| Total time               246.94 (100.0% of ALL  )

| Number of list builds   :          0

| Highest rstack allocated:          0
| Highest istack allocated:          0
|           Job began  at 12:31:26.685  on 02/03/2016
|           Setup done at 12:31:26.735  on 02/03/2016
|           Run   done at 12:35:33.620  on 02/03/2016
|     wallclock() was called   15292 times
