
          -------------------------------------------------------
          Amber 14 SANDER                              2014
          -------------------------------------------------------

| Run on 02/03/2016 at 14:47:59

|   Executable path: sander
| Working directory: /lustre/cs1500/scratch/kmb413/RealDecoyDisc/DecoyDiscrimination/decoys.set2.init/1aaj/Rosetta_relaxed
|          Hostname: slepner30


File Assignments:
|  MDIN: /scratch/kmb413/RealDecoyDisc/DecoyDiscrimination/scripts/min/min.in  
| MDOUT: NoH_2_empty_tag_374_0001_0001.out                                     
|INPCRD: NoH_2_empty_tag_374_0001_0001.rst7                                    
|  PARM: NoH_2_empty_tag_374_0001_0001.parm7                                   
|RESTRT: min_NoH_2_empty_tag_374_0001_0001.rst7                                
|  REFC: NoH_2_empty_tag_374_0001_0001.rst7                                    
| MDVEL: mdvel                                                                 
| MDFRC: mdfrc                                                                 
|  MDEN: mden                                                                  
| MDCRD: mdcrd                                                                 
|MDINFO: mdinfo                                                                
|  MTMD: mtmd                                                                  
|INPDIP: inpdip                                                                
|RSTDIP: rstdip                                                                
|INPTRA: inptraj                                                               


 Here is the input file:

                                                                               
&cntrl                                                                         
    imin = 1, maxcyc=1000,                                                     
    ntx = 1,                                                                   
    ntwr = 100, ntpr = 100,                                                    
    cut = 999.0,                                                               
    ntb = 0, igb = 8,                                                          
    ntr = 1, restraint_wt = 10, restraintmask = "!@H=",                        
/                                                                              

--------------------------------------------------------------------------------
   1.  RESOURCE   USE: 
--------------------------------------------------------------------------------

| Flags:                                                                        
| New format PARM file being parsed.
| Version =    1.000 Date = 02/03/16 Time = 11:47:59
 NATOM  =    1590 NTYPES =      14 NBONH =     791 MBONA  =     820
 NTHETH =    1812 MTHETA =    1115 NPHIH =    3578 MPHIA  =    3525
 NHPARM =       0 NPARM  =       0 NNB   =    8805 NRES   =     104
 NBONA  =     820 NTHETA =    1115 NPHIA =    3525 NUMBND =      65
 NUMANG =     152 NPTRA  =     189 NATYP =      33 NPHB   =       0
 IFBOX  =       0 NMXRS  =      24 IFCAP =       0 NEXTRA =       0
 NCOPY  =       0

 Implicit solvent radii are ArgH and AspGluO modified Bondi2 radii (mbondi3)                                
 Replacing prmtop screening parameters with GBn2 (igb=8) values

|     Memory Use     Allocated
|     Real              145027
|     Hollerith           4876
|     Integer           109197
|     Max Pairs              1
|     nblistReal             0
|     nblist Int             0
|       Total             1578 kbytes

| Note: 1-4 EEL scale factors are being read from the topology file.

| Note: 1-4 VDW scale factors are being read from the topology file.
| Duplicated    0 dihedrals
| Duplicated    0 dihedrals

--------------------------------------------------------------------------------
   2.  CONTROL  DATA  FOR  THE  RUN
--------------------------------------------------------------------------------

default_name                                                                    

General flags:
     imin    =       1, nmropt  =       0

Nature and format of input:
     ntx     =       1, irest   =       0, ntrx    =       1

Nature and format of output:
     ntxo    =       1, ntpr    =     100, ntrx    =       1, ntwr    =     100
     iwrap   =       0, ntwx    =       0, ntwv    =       0, ntwe    =       0
     ioutfm  =       0, ntwprt  =       0, idecomp =       0, rbornstat=      0

Potential function:
     ntf     =       1, ntb     =       0, igb     =       8, nsnb    =      25
     ipol    =       0, gbsa    =       0, iesp    =       0
     dielc   =   1.00000, cut     = 999.00000, intdiel =   1.00000
     saltcon =   0.00000, offset  =   0.19514, surften =   0.00500
     rdt     =   0.00000, rgbmax  =  25.00000  extdiel =  78.50000
     alpb  =        0
     gbalphaH  =   0.78844, gbbetaH   =   0.79870,  gbgammaH  =    0.43733
     gbalphaC  =   0.73376, gbbetaC   =   0.50638,  gbgammaC  =    0.20584
     gbalphaN  =   0.50336, gbbetaN   =   0.31683,  gbgammaN  =    0.19292
     gbalphaOS =   0.86781, gbbetaOS  =   0.87664,  gbgammaOS =    0.38788
     gbalphaP  =   1.00000, gbbetaP   =   0.80000,  gbgammaP  =    4.85000
     gb_alpha_hnu  =   0.53705, gb_beta_hnu   =   0.36286,  gb_gamma_hnu  =    0.11670
     gb_alpha_cnu  =   0.33167, gb_beta_cnu   =   0.19684,  gb_gamma_cnu  =    0.09342
     gb_alpha_nnu  =   0.68631, gb_beta_nnu   =   0.46319,  gb_gamma_nnu  =    0.13872
     gb_alpha_onu  =   0.60634, gb_beta_onu   =   0.46301,  gb_gamma_onu  =    0.14226
     gb_alpha_pnu  =   0.41836, gb_beta_pnu   =   0.29005,  gb_gamma_pnu  =    0.10642

Frozen or restrained atoms:
     ibelly  =       0, ntr     =       1
     restraint_wt =  10.00000

Energy minimization:
     maxcyc  =    1000, ncyc    =      10, ntmin   =       1
     dx0     =   0.01000, drms    =   0.00010
|  INFO: Old style inpcrd file read


    LOADING THE CONSTRAINED ATOMS AS GROUPS


   5.  REFERENCE ATOM COORDINATES

  defa
     Mask !@H=; matches   799 atoms

--------------------------------------------------------------------------------
   3.  ATOMIC COORDINATES AND VELOCITIES
--------------------------------------------------------------------------------

default_name                                                                    
 begin time read from input coords =     0.000 ps

 Number of triangulated 3-point waters found:        0

--------------------------------------------------------------------------------
   4.  RESULTS
--------------------------------------------------------------------------------



   NSTEP       ENERGY          RMS            GMAX         NAME    NUMBER
      1      -2.2401E+03     9.0654E+00     5.9623E+01     OD2      1326

 BOND    =       69.7191  ANGLE   =      211.3072  DIHED      =     1076.4320
 VDWAALS =     -688.1226  EEL     =    -7525.2753  EGB        =    -1545.1687
 1-4 VDW =      440.2737  1-4 EEL =     5720.6944  RESTRAINT  =        0.0000


   NSTEP       ENERGY          RMS            GMAX         NAME    NUMBER
    100      -2.5952E+03     3.9479E-01     4.3400E+00     CE2       650

 BOND    =       30.5325  ANGLE   =      206.8115  DIHED      =     1078.8432
 VDWAALS =     -820.6300  EEL     =    -7526.5950  EGB        =    -1570.2533
 1-4 VDW =      331.2023  1-4 EEL =     5632.1306  RESTRAINT  =       42.7157
 EAMBER  =    -2637.9582


   NSTEP       ENERGY          RMS            GMAX         NAME    NUMBER
    200      -2.6091E+03     1.1903E-01     2.2389E+00     CD        729

 BOND    =       30.4109  ANGLE   =      206.9327  DIHED      =     1076.5492
 VDWAALS =     -821.2905  EEL     =    -7533.6577  EGB        =    -1574.0424
 1-4 VDW =      331.8269  1-4 EEL =     5631.4606  RESTRAINT  =       42.7470
 EAMBER  =    -2651.8102


   NSTEP       ENERGY          RMS            GMAX         NAME    NUMBER
    300      -2.6097E+03     2.0288E-01     4.7579E+00     HG1       605

 BOND    =       30.5596  ANGLE   =      207.4765  DIHED      =     1076.4535
 VDWAALS =     -822.2722  EEL     =    -7532.6260  EGB        =    -1575.2929
 1-4 VDW =      331.6047  1-4 EEL =     5631.0337  RESTRAINT  =       43.3249
 EAMBER  =    -2653.0630


   NSTEP       ENERGY          RMS            GMAX         NAME    NUMBER
    400      -2.6160E+03     3.1016E-02     3.7338E-01     CD        437

 BOND    =       30.3681  ANGLE   =      206.6982  DIHED      =     1075.2324
 VDWAALS =     -820.5059  EEL     =    -7539.1183  EGB        =    -1575.5116
 1-4 VDW =      332.2947  1-4 EEL =     5632.2566  RESTRAINT  =       42.3349
 EAMBER  =    -2658.2856


   NSTEP       ENERGY          RMS            GMAX         NAME    NUMBER
    500      -2.6160E+03     4.0644E-03     5.0820E-02     OG1       604

 BOND    =       30.3189  ANGLE   =      206.6285  DIHED      =     1075.2834
 VDWAALS =     -820.5141  EEL     =    -7539.0880  EGB        =    -1575.6404
 1-4 VDW =      332.4234  1-4 EEL =     5632.3796  RESTRAINT  =       42.2303
 EAMBER  =    -2658.2086


   NSTEP       ENERGY          RMS            GMAX         NAME    NUMBER
    600      -2.6160E+03     1.3121E-03     1.6294E-02     CA        610

 BOND    =       30.3114  ANGLE   =      206.6014  DIHED      =     1075.2978
 VDWAALS =     -820.5181  EEL     =    -7539.0834  EGB        =    -1575.6721
 1-4 VDW =      332.4516  1-4 EEL =     5632.4236  RESTRAINT  =       42.2090
 EAMBER  =    -2658.1879


   NSTEP       ENERGY          RMS            GMAX         NAME    NUMBER
    700      -2.6160E+03     2.0665E-04     3.0939E-03     HD13     1195

 BOND    =       30.3145  ANGLE   =      206.6087  DIHED      =     1075.2986
 VDWAALS =     -820.5223  EEL     =    -7539.0851  EGB        =    -1575.6714
 1-4 VDW =      332.4429  1-4 EEL =     5632.4198  RESTRAINT  =       42.2154
 EAMBER  =    -2658.1944

     ... RESTARTED DUE TO LINMIN FAILURE ...


   NSTEP       ENERGY          RMS            GMAX         NAME    NUMBER
    800      -2.6160E+03     1.1494E-04     1.8969E-03     HD13     1195

 BOND    =       30.3138  ANGLE   =      206.6083  DIHED      =     1075.2996
 VDWAALS =     -820.5226  EEL     =    -7539.0841  EGB        =    -1575.6716
 1-4 VDW =      332.4440  1-4 EEL =     5632.4194  RESTRAINT  =       42.2141
 EAMBER  =    -2658.1931


                    FINAL RESULTS



   NSTEP       ENERGY          RMS            GMAX         NAME    NUMBER
    847      -2.6160E+03     7.9450E-05     1.4169E-03     HD13     1195

 BOND    =       30.3138  ANGLE   =      206.6083  DIHED      =     1075.3001
 VDWAALS =     -820.5228  EEL     =    -7539.0842  EGB        =    -1575.6719
 1-4 VDW =      332.4441  1-4 EEL =     5632.4197  RESTRAINT  =       42.2139
 EAMBER  =    -2658.1930

--------------------------------------------------------------------------------
   5.  TIMINGS
--------------------------------------------------------------------------------

|                Calc gb radii             50.67 (20.39% of Gen B)
|                Calc gb diag              94.20 (37.91% of Gen B)
|                Calc gb off-diag         103.61 (41.70% of Gen B)
|             Gen Born time            248.48 (100.0% of Nonbo)
|          Nonbond force            248.48 (99.29% of Force)
|          Bond/Angle/Dihedral        1.77 ( 0.71% of Force)
|          Other                      0.01 ( 0.01% of Force)
|       Force time               250.26 (100.0% of Runmd)
|    Runmd Time               250.26 (99.77% of Total)
|    Other                      0.58 ( 0.23% of Total)
| Total time               250.84 (100.0% of ALL  )

| Number of list builds   :          0

| Highest rstack allocated:          0
| Highest istack allocated:          0
|           Job began  at 14:47:59.257  on 02/03/2016
|           Setup done at 14:47:59.307  on 02/03/2016
|           Run   done at 14:52:10.100  on 02/03/2016
|     wallclock() was called   15274 times
