
          -------------------------------------------------------
          Amber 14 SANDER                              2014
          -------------------------------------------------------

| Run on 02/03/2016 at 12:47:57

|   Executable path: sander
| Working directory: /lustre/cs1500/scratch/kmb413/RealDecoyDisc/DecoyDiscrimination/decoys.set2.init/1aaj/Rosetta_relaxed
|          Hostname: slepner13


File Assignments:
|  MDIN: /scratch/kmb413/RealDecoyDisc/DecoyDiscrimination/scripts/min/min.in  
| MDOUT: NoH_2_empty_tag_1039_0001_0001.out                                    
|INPCRD: NoH_2_empty_tag_1039_0001_0001.rst7                                   
|  PARM: NoH_2_empty_tag_1039_0001_0001.parm7                                  
|RESTRT: min_NoH_2_empty_tag_1039_0001_0001.rst7                               
|  REFC: NoH_2_empty_tag_1039_0001_0001.rst7                                   
| MDVEL: mdvel                                                                 
| MDFRC: mdfrc                                                                 
|  MDEN: mden                                                                  
| MDCRD: mdcrd                                                                 
|MDINFO: mdinfo                                                                
|  MTMD: mtmd                                                                  
|INPDIP: inpdip                                                                
|RSTDIP: rstdip                                                                
|INPTRA: inptraj                                                               


 Here is the input file:

                                                                               
&cntrl                                                                         
    imin = 1, maxcyc=1000,                                                     
    ntx = 1,                                                                   
    ntwr = 100, ntpr = 100,                                                    
    cut = 999.0,                                                               
    ntb = 0, igb = 8,                                                          
    ntr = 1, restraint_wt = 10, restraintmask = "!@H=",                        
/                                                                              

--------------------------------------------------------------------------------
   1.  RESOURCE   USE: 
--------------------------------------------------------------------------------

| Flags:                                                                        
| New format PARM file being parsed.
| Version =    1.000 Date = 02/03/16 Time = 11:46:21
 NATOM  =    1590 NTYPES =      14 NBONH =     791 MBONA  =     820
 NTHETH =    1812 MTHETA =    1115 NPHIH =    3578 MPHIA  =    3525
 NHPARM =       0 NPARM  =       0 NNB   =    8805 NRES   =     104
 NBONA  =     820 NTHETA =    1115 NPHIA =    3525 NUMBND =      65
 NUMANG =     152 NPTRA  =     189 NATYP =      33 NPHB   =       0
 IFBOX  =       0 NMXRS  =      24 IFCAP =       0 NEXTRA =       0
 NCOPY  =       0

 Implicit solvent radii are ArgH and AspGluO modified Bondi2 radii (mbondi3)                                
 Replacing prmtop screening parameters with GBn2 (igb=8) values

|     Memory Use     Allocated
|     Real              145027
|     Hollerith           4876
|     Integer           109197
|     Max Pairs              1
|     nblistReal             0
|     nblist Int             0
|       Total             1578 kbytes

| Note: 1-4 EEL scale factors are being read from the topology file.

| Note: 1-4 VDW scale factors are being read from the topology file.
| Duplicated    0 dihedrals
| Duplicated    0 dihedrals

--------------------------------------------------------------------------------
   2.  CONTROL  DATA  FOR  THE  RUN
--------------------------------------------------------------------------------

default_name                                                                    

General flags:
     imin    =       1, nmropt  =       0

Nature and format of input:
     ntx     =       1, irest   =       0, ntrx    =       1

Nature and format of output:
     ntxo    =       1, ntpr    =     100, ntrx    =       1, ntwr    =     100
     iwrap   =       0, ntwx    =       0, ntwv    =       0, ntwe    =       0
     ioutfm  =       0, ntwprt  =       0, idecomp =       0, rbornstat=      0

Potential function:
     ntf     =       1, ntb     =       0, igb     =       8, nsnb    =      25
     ipol    =       0, gbsa    =       0, iesp    =       0
     dielc   =   1.00000, cut     = 999.00000, intdiel =   1.00000
     saltcon =   0.00000, offset  =   0.19514, surften =   0.00500
     rdt     =   0.00000, rgbmax  =  25.00000  extdiel =  78.50000
     alpb  =        0
     gbalphaH  =   0.78844, gbbetaH   =   0.79870,  gbgammaH  =    0.43733
     gbalphaC  =   0.73376, gbbetaC   =   0.50638,  gbgammaC  =    0.20584
     gbalphaN  =   0.50336, gbbetaN   =   0.31683,  gbgammaN  =    0.19292
     gbalphaOS =   0.86781, gbbetaOS  =   0.87664,  gbgammaOS =    0.38788
     gbalphaP  =   1.00000, gbbetaP   =   0.80000,  gbgammaP  =    4.85000
     gb_alpha_hnu  =   0.53705, gb_beta_hnu   =   0.36286,  gb_gamma_hnu  =    0.11670
     gb_alpha_cnu  =   0.33167, gb_beta_cnu   =   0.19684,  gb_gamma_cnu  =    0.09342
     gb_alpha_nnu  =   0.68631, gb_beta_nnu   =   0.46319,  gb_gamma_nnu  =    0.13872
     gb_alpha_onu  =   0.60634, gb_beta_onu   =   0.46301,  gb_gamma_onu  =    0.14226
     gb_alpha_pnu  =   0.41836, gb_beta_pnu   =   0.29005,  gb_gamma_pnu  =    0.10642

Frozen or restrained atoms:
     ibelly  =       0, ntr     =       1
     restraint_wt =  10.00000

Energy minimization:
     maxcyc  =    1000, ncyc    =      10, ntmin   =       1
     dx0     =   0.01000, drms    =   0.00010
|  INFO: Old style inpcrd file read


    LOADING THE CONSTRAINED ATOMS AS GROUPS


   5.  REFERENCE ATOM COORDINATES

  defa
     Mask !@H=; matches   799 atoms

--------------------------------------------------------------------------------
   3.  ATOMIC COORDINATES AND VELOCITIES
--------------------------------------------------------------------------------

default_name                                                                    
 begin time read from input coords =     0.000 ps

 Number of triangulated 3-point waters found:        0

--------------------------------------------------------------------------------
   4.  RESULTS
--------------------------------------------------------------------------------



   NSTEP       ENERGY          RMS            GMAX         NAME    NUMBER
      1      -2.2030E+03     9.0976E+00     7.0149E+01     OXT      1590

 BOND    =       70.2136  ANGLE   =      211.6887  DIHED      =     1080.3030
 VDWAALS =     -643.0184  EEL     =    -7288.9767  EGB        =    -1789.5282
 1-4 VDW =      445.0239  1-4 EEL =     5711.3437  RESTRAINT  =        0.0000


   NSTEP       ENERGY          RMS            GMAX         NAME    NUMBER
    100      -2.5709E+03     3.9461E-01     4.1152E+00     C        1588

 BOND    =       31.5466  ANGLE   =      207.9869  DIHED      =     1085.1157
 VDWAALS =     -795.7815  EEL     =    -7275.7518  EGB        =    -1820.8218
 1-4 VDW =      331.6365  1-4 EEL =     5621.9676  RESTRAINT  =       43.1805
 EAMBER  =    -2614.1018


   NSTEP       ENERGY          RMS            GMAX         NAME    NUMBER
    200      -2.5818E+03     1.9229E-01     2.2719E+00     CE2       650

 BOND    =       31.5109  ANGLE   =      208.4759  DIHED      =     1082.4311
 VDWAALS =     -798.6473  EEL     =    -7290.0890  EGB        =    -1815.0106
 1-4 VDW =      331.8124  1-4 EEL =     5623.1688  RESTRAINT  =       44.5245
 EAMBER  =    -2626.3479


   NSTEP       ENERGY          RMS            GMAX         NAME    NUMBER
    300      -2.5826E+03     2.8072E-02     4.4375E-01     C        1588

 BOND    =       31.2307  ANGLE   =      207.8482  DIHED      =     1082.0403
 VDWAALS =     -799.1584  EEL     =    -7291.6325  EGB        =    -1814.0605
 1-4 VDW =      332.6207  1-4 EEL =     5623.9800  RESTRAINT  =       44.5675
 EAMBER  =    -2627.1315


   NSTEP       ENERGY          RMS            GMAX         NAME    NUMBER
    400      -2.5826E+03     1.9391E-02     1.8927E-01     N          82

 BOND    =       31.2339  ANGLE   =      207.7812  DIHED      =     1082.2068
 VDWAALS =     -799.2852  EEL     =    -7291.7929  EGB        =    -1813.9911
 1-4 VDW =      332.6952  1-4 EEL =     5623.9830  RESTRAINT  =       44.5808
 EAMBER  =    -2627.1691


   NSTEP       ENERGY          RMS            GMAX         NAME    NUMBER
    500      -2.5829E+03     2.2273E-01     8.0278E+00     HG1       605

 BOND    =       31.7888  ANGLE   =      208.2582  DIHED      =     1083.1547
 VDWAALS =     -799.7045  EEL     =    -7291.8012  EGB        =    -1814.9075
 1-4 VDW =      331.8584  1-4 EEL =     5623.3062  RESTRAINT  =       45.1688
 EAMBER  =    -2628.0468


   NSTEP       ENERGY          RMS            GMAX         NAME    NUMBER
    600      -2.5876E+03     2.8458E-02     3.4497E-01     CE2       650

 BOND    =       31.3183  ANGLE   =      207.9731  DIHED      =     1081.7808
 VDWAALS =     -798.1083  EEL     =    -7296.7462  EGB        =    -1815.2372
 1-4 VDW =      332.7702  1-4 EEL =     5624.4254  RESTRAINT  =       44.2240
 EAMBER  =    -2631.8239


   NSTEP       ENERGY          RMS            GMAX         NAME    NUMBER
    700      -2.5876E+03     4.2439E-03     4.6445E-02     C         606

 BOND    =       31.2743  ANGLE   =      207.9310  DIHED      =     1081.8031
 VDWAALS =     -798.0438  EEL     =    -7296.8316  EGB        =    -1815.3084
 1-4 VDW =      332.8659  1-4 EEL =     5624.5460  RESTRAINT  =       44.1487
 EAMBER  =    -2631.7635

     ... RESTARTED DUE TO LINMIN FAILURE ...


   NSTEP       ENERGY          RMS            GMAX         NAME    NUMBER
    800      -2.5876E+03     4.3797E-03     7.2278E-02     CD        944

 BOND    =       31.2598  ANGLE   =      207.9190  DIHED      =     1081.8378
 VDWAALS =     -798.0260  EEL     =    -7297.0520  EGB        =    -1815.1848
 1-4 VDW =      332.8984  1-4 EEL =     5624.6082  RESTRAINT  =       44.1231
 EAMBER  =    -2631.7396


   NSTEP       ENERGY          RMS            GMAX         NAME    NUMBER
    900      -2.5876E+03     5.1299E-03     6.9113E-02     CD        944

 BOND    =       31.2577  ANGLE   =      207.9046  DIHED      =     1081.8598
 VDWAALS =     -798.0098  EEL     =    -7297.2886  EGB        =    -1815.0012
 1-4 VDW =      332.9157  1-4 EEL =     5624.6354  RESTRAINT  =       44.1081
 EAMBER  =    -2631.7263


   NSTEP       ENERGY          RMS            GMAX         NAME    NUMBER
   1000      -2.5876E+03     1.0232E-02     2.4333E-01     HG       1180

 BOND    =       31.2588  ANGLE   =      207.8911  DIHED      =     1081.9608
 VDWAALS =     -797.9665  EEL     =    -7298.0840  EGB        =    -1814.4245
 1-4 VDW =      332.9325  1-4 EEL =     5624.7116  RESTRAINT  =       44.0888
 EAMBER  =    -2631.7201


  Maximum number of minimization cycles reached.


                    FINAL RESULTS



   NSTEP       ENERGY          RMS            GMAX         NAME    NUMBER
   1000      -2.5876E+03     1.0232E-02     2.4333E-01     HG       1180

 BOND    =       31.2588  ANGLE   =      207.8911  DIHED      =     1081.9608
 VDWAALS =     -797.9665  EEL     =    -7298.0840  EGB        =    -1814.4245
 1-4 VDW =      332.9325  1-4 EEL =     5624.7116  RESTRAINT  =       44.0888
 EAMBER  =    -2631.7201

--------------------------------------------------------------------------------
   5.  TIMINGS
--------------------------------------------------------------------------------

|                Calc gb radii             57.90 (20.11% of Gen B)
|                Calc gb diag             106.76 (37.09% of Gen B)
|                Calc gb off-diag         123.20 (42.80% of Gen B)
|             Gen Born time            287.86 (100.0% of Nonbo)
|          Nonbond force            287.86 (99.28% of Force)
|          Bond/Angle/Dihedral        2.08 ( 0.72% of Force)
|          Other                      0.02 ( 0.01% of Force)
|       Force time               289.96 (100.0% of Runmd)
|    Runmd Time               289.96 (99.81% of Total)
|    Other                      0.55 ( 0.19% of Total)
| Total time               290.51 (100.0% of ALL  )

| Number of list builds   :          0

| Highest rstack allocated:          0
| Highest istack allocated:          0
|           Job began  at 12:47:57.864  on 02/03/2016
|           Setup done at 12:47:57.917  on 02/03/2016
|           Run   done at 12:52:48.375  on 02/03/2016
|     wallclock() was called   18028 times
