
          -------------------------------------------------------
          Amber 14 SANDER                              2014
          -------------------------------------------------------

| Run on 02/03/2016 at 15:42:13

|   Executable path: sander
| Working directory: /lustre/cs1500/scratch/kmb413/RealDecoyDisc/DecoyDiscrimination/decoys.set2.init/1aaj/Rosetta_relaxed
|          Hostname: slepner43


File Assignments:
|  MDIN: /scratch/kmb413/RealDecoyDisc/DecoyDiscrimination/scripts/min/min.in  
| MDOUT: NoH_5_empty_tag_45_0001_0001.out                                      
|INPCRD: NoH_5_empty_tag_45_0001_0001.rst7                                     
|  PARM: NoH_5_empty_tag_45_0001_0001.parm7                                    
|RESTRT: min_NoH_5_empty_tag_45_0001_0001.rst7                                 
|  REFC: NoH_5_empty_tag_45_0001_0001.rst7                                     
| MDVEL: mdvel                                                                 
| MDFRC: mdfrc                                                                 
|  MDEN: mden                                                                  
| MDCRD: mdcrd                                                                 
|MDINFO: mdinfo                                                                
|  MTMD: mtmd                                                                  
|INPDIP: inpdip                                                                
|RSTDIP: rstdip                                                                
|INPTRA: inptraj                                                               


 Here is the input file:

                                                                               
&cntrl                                                                         
    imin = 1, maxcyc=1000,                                                     
    ntx = 1,                                                                   
    ntwr = 100, ntpr = 100,                                                    
    cut = 999.0,                                                               
    ntb = 0, igb = 8,                                                          
    ntr = 1, restraint_wt = 10, restraintmask = "!@H=",                        
/                                                                              

--------------------------------------------------------------------------------
   1.  RESOURCE   USE: 
--------------------------------------------------------------------------------

| Flags:                                                                        
| New format PARM file being parsed.
| Version =    1.000 Date = 02/03/16 Time = 11:53:51
 NATOM  =    1590 NTYPES =      14 NBONH =     791 MBONA  =     820
 NTHETH =    1812 MTHETA =    1115 NPHIH =    3578 MPHIA  =    3525
 NHPARM =       0 NPARM  =       0 NNB   =    8805 NRES   =     104
 NBONA  =     820 NTHETA =    1115 NPHIA =    3525 NUMBND =      65
 NUMANG =     152 NPTRA  =     189 NATYP =      33 NPHB   =       0
 IFBOX  =       0 NMXRS  =      24 IFCAP =       0 NEXTRA =       0
 NCOPY  =       0

 Implicit solvent radii are ArgH and AspGluO modified Bondi2 radii (mbondi3)                                
 Replacing prmtop screening parameters with GBn2 (igb=8) values

|     Memory Use     Allocated
|     Real              145027
|     Hollerith           4876
|     Integer           109197
|     Max Pairs              1
|     nblistReal             0
|     nblist Int             0
|       Total             1578 kbytes

| Note: 1-4 EEL scale factors are being read from the topology file.

| Note: 1-4 VDW scale factors are being read from the topology file.
| Duplicated    0 dihedrals
| Duplicated    0 dihedrals

--------------------------------------------------------------------------------
   2.  CONTROL  DATA  FOR  THE  RUN
--------------------------------------------------------------------------------

default_name                                                                    

General flags:
     imin    =       1, nmropt  =       0

Nature and format of input:
     ntx     =       1, irest   =       0, ntrx    =       1

Nature and format of output:
     ntxo    =       1, ntpr    =     100, ntrx    =       1, ntwr    =     100
     iwrap   =       0, ntwx    =       0, ntwv    =       0, ntwe    =       0
     ioutfm  =       0, ntwprt  =       0, idecomp =       0, rbornstat=      0

Potential function:
     ntf     =       1, ntb     =       0, igb     =       8, nsnb    =      25
     ipol    =       0, gbsa    =       0, iesp    =       0
     dielc   =   1.00000, cut     = 999.00000, intdiel =   1.00000
     saltcon =   0.00000, offset  =   0.19514, surften =   0.00500
     rdt     =   0.00000, rgbmax  =  25.00000  extdiel =  78.50000
     alpb  =        0
     gbalphaH  =   0.78844, gbbetaH   =   0.79870,  gbgammaH  =    0.43733
     gbalphaC  =   0.73376, gbbetaC   =   0.50638,  gbgammaC  =    0.20584
     gbalphaN  =   0.50336, gbbetaN   =   0.31683,  gbgammaN  =    0.19292
     gbalphaOS =   0.86781, gbbetaOS  =   0.87664,  gbgammaOS =    0.38788
     gbalphaP  =   1.00000, gbbetaP   =   0.80000,  gbgammaP  =    4.85000
     gb_alpha_hnu  =   0.53705, gb_beta_hnu   =   0.36286,  gb_gamma_hnu  =    0.11670
     gb_alpha_cnu  =   0.33167, gb_beta_cnu   =   0.19684,  gb_gamma_cnu  =    0.09342
     gb_alpha_nnu  =   0.68631, gb_beta_nnu   =   0.46319,  gb_gamma_nnu  =    0.13872
     gb_alpha_onu  =   0.60634, gb_beta_onu   =   0.46301,  gb_gamma_onu  =    0.14226
     gb_alpha_pnu  =   0.41836, gb_beta_pnu   =   0.29005,  gb_gamma_pnu  =    0.10642

Frozen or restrained atoms:
     ibelly  =       0, ntr     =       1
     restraint_wt =  10.00000

Energy minimization:
     maxcyc  =    1000, ncyc    =      10, ntmin   =       1
     dx0     =   0.01000, drms    =   0.00010
|  INFO: Old style inpcrd file read


    LOADING THE CONSTRAINED ATOMS AS GROUPS


   5.  REFERENCE ATOM COORDINATES

  defa
     Mask !@H=; matches   799 atoms

--------------------------------------------------------------------------------
   3.  ATOMIC COORDINATES AND VELOCITIES
--------------------------------------------------------------------------------

default_name                                                                    
 begin time read from input coords =     0.000 ps

 Number of triangulated 3-point waters found:        0

--------------------------------------------------------------------------------
   4.  RESULTS
--------------------------------------------------------------------------------



   NSTEP       ENERGY          RMS            GMAX         NAME    NUMBER
      1      -2.2440E+03     9.0373E+00     6.0214E+01     OE1      1261

 BOND    =       68.5623  ANGLE   =      211.8176  DIHED      =     1067.6060
 VDWAALS =     -671.7773  EEL     =    -7492.0514  EGB        =    -1555.8103
 1-4 VDW =      442.4782  1-4 EEL =     5685.1516  RESTRAINT  =        0.0000


   NSTEP       ENERGY          RMS            GMAX         NAME    NUMBER
    100      -2.6129E+03     4.2835E-01     3.8814E+00     HG1      1389

 BOND    =       31.5908  ANGLE   =      209.8483  DIHED      =     1068.3182
 VDWAALS =     -812.3719  EEL     =    -7504.8752  EGB        =    -1570.8173
 1-4 VDW =      329.6320  1-4 EEL =     5593.8148  RESTRAINT  =       42.0006
 EAMBER  =    -2654.8602


   NSTEP       ENERGY          RMS            GMAX         NAME    NUMBER
    200      -2.6312E+03     2.8505E-01     3.1755E+00     HG1       605

 BOND    =       31.9933  ANGLE   =      210.5936  DIHED      =     1066.7449
 VDWAALS =     -812.3752  EEL     =    -7520.1580  EGB        =    -1572.8786
 1-4 VDW =      328.9114  1-4 EEL =     5593.0965  RESTRAINT  =       42.9054
 EAMBER  =    -2674.0722


   NSTEP       ENERGY          RMS            GMAX         NAME    NUMBER
    300      -2.6329E+03     9.2418E-02     1.6393E+00     CD       1119

 BOND    =       31.3394  ANGLE   =      209.0813  DIHED      =     1065.0489
 VDWAALS =     -812.5009  EEL     =    -7519.8710  EGB        =    -1573.6791
 1-4 VDW =      330.5601  1-4 EEL =     5595.2760  RESTRAINT  =       41.8121
 EAMBER  =    -2674.7452


   NSTEP       ENERGY          RMS            GMAX         NAME    NUMBER
    400      -2.6330E+03     1.7879E-02     3.0788E-01     CD        193

 BOND    =       31.1915  ANGLE   =      208.8225  DIHED      =     1064.7923
 VDWAALS =     -812.4837  EEL     =    -7518.8483  EGB        =    -1574.1784
 1-4 VDW =      330.8790  1-4 EEL =     5595.2194  RESTRAINT  =       41.5661
 EAMBER  =    -2674.6058


   NSTEP       ENERGY          RMS            GMAX         NAME    NUMBER
    500      -2.6330E+03     4.9240E-03     5.2994E-02     CD       1119

 BOND    =       31.1753  ANGLE   =      208.8033  DIHED      =     1064.7580
 VDWAALS =     -812.4789  EEL     =    -7518.6794  EGB        =    -1574.2651
 1-4 VDW =      330.9283  1-4 EEL =     5595.1761  RESTRAINT  =       41.5365
 EAMBER  =    -2674.5825


   NSTEP       ENERGY          RMS            GMAX         NAME    NUMBER
    600      -2.6330E+03     9.3095E-04     9.3860E-03     HD2        14

 BOND    =       31.1702  ANGLE   =      208.7868  DIHED      =     1064.7528
 VDWAALS =     -812.4813  EEL     =    -7518.6727  EGB        =    -1574.2645
 1-4 VDW =      330.9444  1-4 EEL =     5595.1879  RESTRAINT  =       41.5299
 EAMBER  =    -2674.5764


   NSTEP       ENERGY          RMS            GMAX         NAME    NUMBER
    700      -2.6330E+03     8.6694E-04     1.1586E-02     CA          5

 BOND    =       31.1685  ANGLE   =      208.7818  DIHED      =     1064.7522
 VDWAALS =     -812.4811  EEL     =    -7518.6702  EGB        =    -1574.2638
 1-4 VDW =      330.9497  1-4 EEL =     5595.1877  RESTRAINT  =       41.5286
 EAMBER  =    -2674.5752


   NSTEP       ENERGY          RMS            GMAX         NAME    NUMBER
    800      -2.6330E+03     3.3623E-04     5.2903E-03     CA          5

 BOND    =       31.1687  ANGLE   =      208.7826  DIHED      =     1064.7522
 VDWAALS =     -812.4831  EEL     =    -7518.6711  EGB        =    -1574.2642
 1-4 VDW =      330.9499  1-4 EEL =     5595.1886  RESTRAINT  =       41.5298
 EAMBER  =    -2674.5765


                    FINAL RESULTS



   NSTEP       ENERGY          RMS            GMAX         NAME    NUMBER
    898      -2.6330E+03     7.3598E-05     1.4588E-03     HD13      332

 BOND    =       31.1688  ANGLE   =      208.7829  DIHED      =     1064.7523
 VDWAALS =     -812.4846  EEL     =    -7518.6719  EGB        =    -1574.2641
 1-4 VDW =      330.9500  1-4 EEL =     5595.1892  RESTRAINT  =       41.5308
 EAMBER  =    -2674.5775

--------------------------------------------------------------------------------
   5.  TIMINGS
--------------------------------------------------------------------------------

|                Calc gb radii             53.97 (20.40% of Gen B)
|                Calc gb diag             100.49 (37.99% of Gen B)
|                Calc gb off-diag         110.05 (41.61% of Gen B)
|             Gen Born time            264.51 (100.0% of Nonbo)
|          Nonbond force            264.51 (99.29% of Force)
|          Bond/Angle/Dihedral        1.86 ( 0.70% of Force)
|          Other                      0.02 ( 0.01% of Force)
|       Force time               266.40 (100.0% of Runmd)
|    Runmd Time               266.40 (99.72% of Total)
|    Other                      0.75 ( 0.28% of Total)
| Total time               267.15 (100.0% of ALL  )

| Number of list builds   :          0

| Highest rstack allocated:          0
| Highest istack allocated:          0
|           Job began  at 15:42:13.349  on 02/03/2016
|           Setup done at 15:42:13.405  on 02/03/2016
|           Run   done at 15:46:40.494  on 02/03/2016
|     wallclock() was called   16192 times
