
          -------------------------------------------------------
          Amber 14 SANDER                              2014
          -------------------------------------------------------

| Run on 02/03/2016 at 15:05:35

|   Executable path: sander
| Working directory: /lustre/cs1500/scratch/kmb413/RealDecoyDisc/DecoyDiscrimination/decoys.set2.init/1aaj/Rosetta_relaxed
|          Hostname: slepner7


File Assignments:
|  MDIN: /scratch/kmb413/RealDecoyDisc/DecoyDiscrimination/scripts/min/min.in  
| MDOUT: NoH_4_empty_tag_1_532_0001.out                                        
|INPCRD: NoH_4_empty_tag_1_532_0001.rst7                                       
|  PARM: NoH_4_empty_tag_1_532_0001.parm7                                      
|RESTRT: min_NoH_4_empty_tag_1_532_0001.rst7                                   
|  REFC: NoH_4_empty_tag_1_532_0001.rst7                                       
| MDVEL: mdvel                                                                 
| MDFRC: mdfrc                                                                 
|  MDEN: mden                                                                  
| MDCRD: mdcrd                                                                 
|MDINFO: mdinfo                                                                
|  MTMD: mtmd                                                                  
|INPDIP: inpdip                                                                
|RSTDIP: rstdip                                                                
|INPTRA: inptraj                                                               


 Here is the input file:

                                                                               
&cntrl                                                                         
    imin = 1, maxcyc=1000,                                                     
    ntx = 1,                                                                   
    ntwr = 100, ntpr = 100,                                                    
    cut = 999.0,                                                               
    ntb = 0, igb = 8,                                                          
    ntr = 1, restraint_wt = 10, restraintmask = "!@H=",                        
/                                                                              

--------------------------------------------------------------------------------
   1.  RESOURCE   USE: 
--------------------------------------------------------------------------------

| Flags:                                                                        
| New format PARM file being parsed.
| Version =    1.000 Date = 02/03/16 Time = 11:51:10
 NATOM  =    1590 NTYPES =      14 NBONH =     791 MBONA  =     820
 NTHETH =    1812 MTHETA =    1115 NPHIH =    3578 MPHIA  =    3525
 NHPARM =       0 NPARM  =       0 NNB   =    8805 NRES   =     104
 NBONA  =     820 NTHETA =    1115 NPHIA =    3525 NUMBND =      65
 NUMANG =     152 NPTRA  =     189 NATYP =      33 NPHB   =       0
 IFBOX  =       0 NMXRS  =      24 IFCAP =       0 NEXTRA =       0
 NCOPY  =       0

 Implicit solvent radii are ArgH and AspGluO modified Bondi2 radii (mbondi3)                                
 Replacing prmtop screening parameters with GBn2 (igb=8) values

|     Memory Use     Allocated
|     Real              145027
|     Hollerith           4876
|     Integer           109197
|     Max Pairs              1
|     nblistReal             0
|     nblist Int             0
|       Total             1578 kbytes

| Note: 1-4 EEL scale factors are being read from the topology file.

| Note: 1-4 VDW scale factors are being read from the topology file.
| Duplicated    0 dihedrals
| Duplicated    0 dihedrals

--------------------------------------------------------------------------------
   2.  CONTROL  DATA  FOR  THE  RUN
--------------------------------------------------------------------------------

default_name                                                                    

General flags:
     imin    =       1, nmropt  =       0

Nature and format of input:
     ntx     =       1, irest   =       0, ntrx    =       1

Nature and format of output:
     ntxo    =       1, ntpr    =     100, ntrx    =       1, ntwr    =     100
     iwrap   =       0, ntwx    =       0, ntwv    =       0, ntwe    =       0
     ioutfm  =       0, ntwprt  =       0, idecomp =       0, rbornstat=      0

Potential function:
     ntf     =       1, ntb     =       0, igb     =       8, nsnb    =      25
     ipol    =       0, gbsa    =       0, iesp    =       0
     dielc   =   1.00000, cut     = 999.00000, intdiel =   1.00000
     saltcon =   0.00000, offset  =   0.19514, surften =   0.00500
     rdt     =   0.00000, rgbmax  =  25.00000  extdiel =  78.50000
     alpb  =        0
     gbalphaH  =   0.78844, gbbetaH   =   0.79870,  gbgammaH  =    0.43733
     gbalphaC  =   0.73376, gbbetaC   =   0.50638,  gbgammaC  =    0.20584
     gbalphaN  =   0.50336, gbbetaN   =   0.31683,  gbgammaN  =    0.19292
     gbalphaOS =   0.86781, gbbetaOS  =   0.87664,  gbgammaOS =    0.38788
     gbalphaP  =   1.00000, gbbetaP   =   0.80000,  gbgammaP  =    4.85000
     gb_alpha_hnu  =   0.53705, gb_beta_hnu   =   0.36286,  gb_gamma_hnu  =    0.11670
     gb_alpha_cnu  =   0.33167, gb_beta_cnu   =   0.19684,  gb_gamma_cnu  =    0.09342
     gb_alpha_nnu  =   0.68631, gb_beta_nnu   =   0.46319,  gb_gamma_nnu  =    0.13872
     gb_alpha_onu  =   0.60634, gb_beta_onu   =   0.46301,  gb_gamma_onu  =    0.14226
     gb_alpha_pnu  =   0.41836, gb_beta_pnu   =   0.29005,  gb_gamma_pnu  =    0.10642

Frozen or restrained atoms:
     ibelly  =       0, ntr     =       1
     restraint_wt =  10.00000

Energy minimization:
     maxcyc  =    1000, ncyc    =      10, ntmin   =       1
     dx0     =   0.01000, drms    =   0.00010
|  INFO: Old style inpcrd file read


    LOADING THE CONSTRAINED ATOMS AS GROUPS


   5.  REFERENCE ATOM COORDINATES

  defa
     Mask !@H=; matches   799 atoms

--------------------------------------------------------------------------------
   3.  ATOMIC COORDINATES AND VELOCITIES
--------------------------------------------------------------------------------

default_name                                                                    
 begin time read from input coords =     0.000 ps

 Number of triangulated 3-point waters found:        0

--------------------------------------------------------------------------------
   4.  RESULTS
--------------------------------------------------------------------------------



   NSTEP       ENERGY          RMS            GMAX         NAME    NUMBER
      1      -2.2014E+03     9.1843E+00     6.3232E+01     OD1       590

 BOND    =       70.8891  ANGLE   =      211.8003  DIHED      =     1082.4759
 VDWAALS =     -655.8649  EEL     =    -6968.5759  EGB        =    -2087.8839
 1-4 VDW =      439.1946  1-4 EEL =     5706.5841  RESTRAINT  =        0.0000


   NSTEP       ENERGY          RMS            GMAX         NAME    NUMBER
    100      -2.5665E+03     3.5673E-01     5.2540E+00     CG        589

 BOND    =       30.7000  ANGLE   =      204.7575  DIHED      =     1085.2685
 VDWAALS =     -798.8633  EEL     =    -6982.7817  EGB        =    -2104.7429
 1-4 VDW =      331.1180  1-4 EEL =     5625.5901  RESTRAINT  =       42.4741
 EAMBER  =    -2608.9538


   NSTEP       ENERGY          RMS            GMAX         NAME    NUMBER
    200      -2.5734E+03     1.7394E-01     1.9848E+00     CD        193

 BOND    =       30.7129  ANGLE   =      205.3929  DIHED      =     1084.2950
 VDWAALS =     -802.1988  EEL     =    -6991.6565  EGB        =    -2100.6919
 1-4 VDW =      330.7511  1-4 EEL =     5625.8545  RESTRAINT  =       44.1143
 EAMBER  =    -2617.5408


   NSTEP       ENERGY          RMS            GMAX         NAME    NUMBER
    300      -2.5855E+03     1.3533E-01     2.2051E+00     CD        193

 BOND    =       30.6993  ANGLE   =      205.2937  DIHED      =     1082.0439
 VDWAALS =     -800.8230  EEL     =    -6997.4531  EGB        =    -2105.9903
 1-4 VDW =      331.1052  1-4 EEL =     5626.2453  RESTRAINT  =       43.4079
 EAMBER  =    -2628.8791


   NSTEP       ENERGY          RMS            GMAX         NAME    NUMBER
    400      -2.5859E+03     2.2812E-02     2.9106E-01     CB        598

 BOND    =       30.5878  ANGLE   =      204.9871  DIHED      =     1081.9592
 VDWAALS =     -800.3864  EEL     =    -6998.3199  EGB        =    -2106.4010
 1-4 VDW =      331.5282  1-4 EEL =     5627.0295  RESTRAINT  =       43.1237
 EAMBER  =    -2629.0155


   NSTEP       ENERGY          RMS            GMAX         NAME    NUMBER
    500      -2.5860E+03     1.0222E-01     2.7854E+00     HG       1180

 BOND    =       30.7771  ANGLE   =      205.2419  DIHED      =     1082.2425
 VDWAALS =     -800.4580  EEL     =    -7000.4649  EGB        =    -2105.0468
 1-4 VDW =      331.2523  1-4 EEL =     5627.0345  RESTRAINT  =       43.4228
 EAMBER  =    -2629.4214


   NSTEP       ENERGY          RMS            GMAX         NAME    NUMBER
    600      -2.5921E+03     3.6556E-02     7.0514E-01     OG       1179

 BOND    =       30.7229  ANGLE   =      204.9021  DIHED      =     1081.2902
 VDWAALS =     -798.7290  EEL     =    -7008.6196  EGB        =    -2103.0111
 1-4 VDW =      331.6390  1-4 EEL =     5626.9103  RESTRAINT  =       42.7721
 EAMBER  =    -2634.8952


   NSTEP       ENERGY          RMS            GMAX         NAME    NUMBER
    700      -2.5922E+03     8.6385E-03     1.4658E-01     CG        589

 BOND    =       30.6822  ANGLE   =      204.8396  DIHED      =     1081.3075
 VDWAALS =     -798.7125  EEL     =    -7009.5378  EGB        =    -2102.6908
 1-4 VDW =      331.7758  1-4 EEL =     5627.3574  RESTRAINT  =       42.7904
 EAMBER  =    -2634.9785


   NSTEP       ENERGY          RMS            GMAX         NAME    NUMBER
    800      -2.5922E+03     2.4885E-03     5.9643E-02     HG1       635

 BOND    =       30.6678  ANGLE   =      204.8146  DIHED      =     1081.3612
 VDWAALS =     -798.7099  EEL     =    -7009.9943  EGB        =    -2102.4614
 1-4 VDW =      331.8296  1-4 EEL =     5627.5233  RESTRAINT  =       42.7728
 EAMBER  =    -2634.9690


   NSTEP       ENERGY          RMS            GMAX         NAME    NUMBER
    900      -2.5922E+03     3.1788E-03     8.0814E-02     HG1       635

 BOND    =       30.6703  ANGLE   =      204.8158  DIHED      =     1081.4097
 VDWAALS =     -798.7015  EEL     =    -7010.4638  EGB        =    -2102.2227
 1-4 VDW =      331.8378  1-4 EEL =     5627.6713  RESTRAINT  =       42.7812
 EAMBER  =    -2634.9830

     ... RESTARTED DUE TO LINMIN FAILURE ...


   NSTEP       ENERGY          RMS            GMAX         NAME    NUMBER
   1000      -2.5923E+03     1.0801E-01     2.4996E+00     HG       1180

 BOND    =       30.8843  ANGLE   =      205.0731  DIHED      =     1081.2495
 VDWAALS =     -798.5160  EEL     =    -7012.8818  EGB        =    -2101.1536
 1-4 VDW =      331.4838  1-4 EEL =     5628.4275  RESTRAINT  =       43.0995
 EAMBER  =    -2635.4332


  Maximum number of minimization cycles reached.


                    FINAL RESULTS



   NSTEP       ENERGY          RMS            GMAX         NAME    NUMBER
   1000      -2.5923E+03     1.0801E-01     2.4996E+00     HG       1180

 BOND    =       30.8843  ANGLE   =      205.0731  DIHED      =     1081.2495
 VDWAALS =     -798.5160  EEL     =    -7012.8818  EGB        =    -2101.1536
 1-4 VDW =      331.4838  1-4 EEL =     5628.4275  RESTRAINT  =       43.0995
 EAMBER  =    -2635.4332

--------------------------------------------------------------------------------
   5.  TIMINGS
--------------------------------------------------------------------------------

|                Calc gb radii             58.90 (20.37% of Gen B)
|                Calc gb diag             109.02 (37.70% of Gen B)
|                Calc gb off-diag         121.27 (41.94% of Gen B)
|             Gen Born time            289.19 (100.0% of Nonbo)
|          Nonbond force            289.19 (99.29% of Force)
|          Bond/Angle/Dihedral        2.07 ( 0.71% of Force)
|          Other                      0.02 ( 0.01% of Force)
|       Force time               291.28 (100.0% of Runmd)
|    Runmd Time               291.28 (99.74% of Total)
|    Other                      0.77 ( 0.26% of Total)
| Total time               292.05 (100.0% of ALL  )

| Number of list builds   :          0

| Highest rstack allocated:          0
| Highest istack allocated:          0
|           Job began  at 15:05:35.615  on 02/03/2016
|           Setup done at 15:05:35.695  on 02/03/2016
|           Run   done at 15:10:27.660  on 02/03/2016
|     wallclock() was called   18028 times
