
          -------------------------------------------------------
          Amber 14 SANDER                              2014
          -------------------------------------------------------

| Run on 02/03/2016 at 13:37:06

|   Executable path: sander
| Working directory: /lustre/cs1500/scratch/kmb413/RealDecoyDisc/DecoyDiscrimination/decoys.set2.init/1aaj/Rosetta_relaxed
|          Hostname: slepner16


File Assignments:
|  MDIN: /scratch/kmb413/RealDecoyDisc/DecoyDiscrimination/scripts/min/min.in  
| MDOUT: NoH_2_empty_tag_1_237_0001.out                                        
|INPCRD: NoH_2_empty_tag_1_237_0001.rst7                                       
|  PARM: NoH_2_empty_tag_1_237_0001.parm7                                      
|RESTRT: min_NoH_2_empty_tag_1_237_0001.rst7                                   
|  REFC: NoH_2_empty_tag_1_237_0001.rst7                                       
| MDVEL: mdvel                                                                 
| MDFRC: mdfrc                                                                 
|  MDEN: mden                                                                  
| MDCRD: mdcrd                                                                 
|MDINFO: mdinfo                                                                
|  MTMD: mtmd                                                                  
|INPDIP: inpdip                                                                
|RSTDIP: rstdip                                                                
|INPTRA: inptraj                                                               


 Here is the input file:

                                                                               
&cntrl                                                                         
    imin = 1, maxcyc=1000,                                                     
    ntx = 1,                                                                   
    ntwr = 100, ntpr = 100,                                                    
    cut = 999.0,                                                               
    ntb = 0, igb = 8,                                                          
    ntr = 1, restraint_wt = 10, restraintmask = "!@H=",                        
/                                                                              

--------------------------------------------------------------------------------
   1.  RESOURCE   USE: 
--------------------------------------------------------------------------------

| Flags:                                                                        
| New format PARM file being parsed.
| Version =    1.000 Date = 02/03/16 Time = 11:46:39
 NATOM  =    1590 NTYPES =      14 NBONH =     791 MBONA  =     820
 NTHETH =    1812 MTHETA =    1115 NPHIH =    3578 MPHIA  =    3525
 NHPARM =       0 NPARM  =       0 NNB   =    8805 NRES   =     104
 NBONA  =     820 NTHETA =    1115 NPHIA =    3525 NUMBND =      65
 NUMANG =     152 NPTRA  =     189 NATYP =      33 NPHB   =       0
 IFBOX  =       0 NMXRS  =      24 IFCAP =       0 NEXTRA =       0
 NCOPY  =       0

 Implicit solvent radii are ArgH and AspGluO modified Bondi2 radii (mbondi3)                                
 Replacing prmtop screening parameters with GBn2 (igb=8) values

|     Memory Use     Allocated
|     Real              145027
|     Hollerith           4876
|     Integer           109197
|     Max Pairs              1
|     nblistReal             0
|     nblist Int             0
|       Total             1578 kbytes

| Note: 1-4 EEL scale factors are being read from the topology file.

| Note: 1-4 VDW scale factors are being read from the topology file.
| Duplicated    0 dihedrals
| Duplicated    0 dihedrals

--------------------------------------------------------------------------------
   2.  CONTROL  DATA  FOR  THE  RUN
--------------------------------------------------------------------------------

default_name                                                                    

General flags:
     imin    =       1, nmropt  =       0

Nature and format of input:
     ntx     =       1, irest   =       0, ntrx    =       1

Nature and format of output:
     ntxo    =       1, ntpr    =     100, ntrx    =       1, ntwr    =     100
     iwrap   =       0, ntwx    =       0, ntwv    =       0, ntwe    =       0
     ioutfm  =       0, ntwprt  =       0, idecomp =       0, rbornstat=      0

Potential function:
     ntf     =       1, ntb     =       0, igb     =       8, nsnb    =      25
     ipol    =       0, gbsa    =       0, iesp    =       0
     dielc   =   1.00000, cut     = 999.00000, intdiel =   1.00000
     saltcon =   0.00000, offset  =   0.19514, surften =   0.00500
     rdt     =   0.00000, rgbmax  =  25.00000  extdiel =  78.50000
     alpb  =        0
     gbalphaH  =   0.78844, gbbetaH   =   0.79870,  gbgammaH  =    0.43733
     gbalphaC  =   0.73376, gbbetaC   =   0.50638,  gbgammaC  =    0.20584
     gbalphaN  =   0.50336, gbbetaN   =   0.31683,  gbgammaN  =    0.19292
     gbalphaOS =   0.86781, gbbetaOS  =   0.87664,  gbgammaOS =    0.38788
     gbalphaP  =   1.00000, gbbetaP   =   0.80000,  gbgammaP  =    4.85000
     gb_alpha_hnu  =   0.53705, gb_beta_hnu   =   0.36286,  gb_gamma_hnu  =    0.11670
     gb_alpha_cnu  =   0.33167, gb_beta_cnu   =   0.19684,  gb_gamma_cnu  =    0.09342
     gb_alpha_nnu  =   0.68631, gb_beta_nnu   =   0.46319,  gb_gamma_nnu  =    0.13872
     gb_alpha_onu  =   0.60634, gb_beta_onu   =   0.46301,  gb_gamma_onu  =    0.14226
     gb_alpha_pnu  =   0.41836, gb_beta_pnu   =   0.29005,  gb_gamma_pnu  =    0.10642

Frozen or restrained atoms:
     ibelly  =       0, ntr     =       1
     restraint_wt =  10.00000

Energy minimization:
     maxcyc  =    1000, ncyc    =      10, ntmin   =       1
     dx0     =   0.01000, drms    =   0.00010
|  INFO: Old style inpcrd file read


    LOADING THE CONSTRAINED ATOMS AS GROUPS


   5.  REFERENCE ATOM COORDINATES

  defa
     Mask !@H=; matches   799 atoms

--------------------------------------------------------------------------------
   3.  ATOMIC COORDINATES AND VELOCITIES
--------------------------------------------------------------------------------

default_name                                                                    
 begin time read from input coords =     0.000 ps

 Number of triangulated 3-point waters found:        0

--------------------------------------------------------------------------------
   4.  RESULTS
--------------------------------------------------------------------------------



   NSTEP       ENERGY          RMS            GMAX         NAME    NUMBER
      1      -2.2180E+03     9.0984E+00     6.3228E+01     OE1       730

 BOND    =       68.9821  ANGLE   =      211.3792  DIHED      =     1071.1693
 VDWAALS =     -668.3915  EEL     =    -7455.6291  EGB        =    -1588.2116
 1-4 VDW =      447.1148  1-4 EEL =     5695.5860  RESTRAINT  =        0.0000


   NSTEP       ENERGY          RMS            GMAX         NAME    NUMBER
    100      -2.5944E+03     6.4982E-01     8.4580E+00     CD        193

 BOND    =       31.6983  ANGLE   =      209.3711  DIHED      =     1075.6990
 VDWAALS =     -815.3568  EEL     =    -7470.3803  EGB        =    -1606.6193
 1-4 VDW =      333.7640  1-4 EEL =     5601.9713  RESTRAINT  =       45.4972
 EAMBER  =    -2639.8526


   NSTEP       ENERGY          RMS            GMAX         NAME    NUMBER
    200      -2.6114E+03     5.1058E-01     1.3493E+01     OG1       604

 BOND    =       31.7754  ANGLE   =      208.9877  DIHED      =     1073.5203
 VDWAALS =     -817.2295  EEL     =    -7483.0654  EGB        =    -1607.3351
 1-4 VDW =      334.1783  1-4 EEL =     5602.5187  RESTRAINT  =       45.2983
 EAMBER  =    -2656.6495


   NSTEP       ENERGY          RMS            GMAX         NAME    NUMBER
    300      -2.6183E+03     3.4132E-01     7.6359E+00     HH       1165

 BOND    =       31.7488  ANGLE   =      209.2085  DIHED      =     1075.7223
 VDWAALS =     -815.9513  EEL     =    -7491.4592  EGB        =    -1609.5123
 1-4 VDW =      333.7396  1-4 EEL =     5603.1585  RESTRAINT  =       44.9958
 EAMBER  =    -2663.3449


   NSTEP       ENERGY          RMS            GMAX         NAME    NUMBER
    400      -2.6224E+03     9.5797E-03     1.2407E-01     CD2      1168

 BOND    =       30.8662  ANGLE   =      207.3668  DIHED      =     1073.2262
 VDWAALS =     -814.9999  EEL     =    -7492.6681  EGB        =    -1609.7748
 1-4 VDW =      335.9371  1-4 EEL =     5604.3524  RESTRAINT  =       43.2730
 EAMBER  =    -2665.6942


   NSTEP       ENERGY          RMS            GMAX         NAME    NUMBER
    500      -2.6224E+03     4.2856E-03     5.5006E-02     OH       1164

 BOND    =       30.8628  ANGLE   =      207.3508  DIHED      =     1073.2032
 VDWAALS =     -814.9950  EEL     =    -7492.6319  EGB        =    -1609.7599
 1-4 VDW =      335.9504  1-4 EEL =     5604.3283  RESTRAINT  =       43.2661
 EAMBER  =    -2665.6914


   NSTEP       ENERGY          RMS            GMAX         NAME    NUMBER
    600      -2.6224E+03     4.3197E-04     7.2703E-03     HD13      332

 BOND    =       30.8642  ANGLE   =      207.3520  DIHED      =     1073.2003
 VDWAALS =     -814.9957  EEL     =    -7492.6362  EGB        =    -1609.7550
 1-4 VDW =      335.9531  1-4 EEL =     5604.3232  RESTRAINT  =       43.2681
 EAMBER  =    -2665.6939


   NSTEP       ENERGY          RMS            GMAX         NAME    NUMBER
    700      -2.6224E+03     9.8414E-04     1.2941E-02     HG1       605

 BOND    =       30.8628  ANGLE   =      207.3504  DIHED      =     1073.1996
 VDWAALS =     -814.9992  EEL     =    -7492.6370  EGB        =    -1609.7536
 1-4 VDW =      335.9552  1-4 EEL =     5604.3264  RESTRAINT  =       43.2695
 EAMBER  =    -2665.6954


   NSTEP       ENERGY          RMS            GMAX         NAME    NUMBER
    800      -2.6224E+03     3.5353E-04     4.4171E-03     CE2      1166

 BOND    =       30.8632  ANGLE   =      207.3503  DIHED      =     1073.1997
 VDWAALS =     -814.9991  EEL     =    -7492.6384  EGB        =    -1609.7532
 1-4 VDW =      335.9559  1-4 EEL =     5604.3258  RESTRAINT  =       43.2699
 EAMBER  =    -2665.6958


                    FINAL RESULTS



   NSTEP       ENERGY          RMS            GMAX         NAME    NUMBER
    846      -2.6224E+03     9.7404E-05     1.9539E-03     HD13      332

 BOND    =       30.8633  ANGLE   =      207.3504  DIHED      =     1073.1997
 VDWAALS =     -814.9992  EEL     =    -7492.6386  EGB        =    -1609.7532
 1-4 VDW =      335.9561  1-4 EEL =     5604.3255  RESTRAINT  =       43.2701
 EAMBER  =    -2665.6961

--------------------------------------------------------------------------------
   5.  TIMINGS
--------------------------------------------------------------------------------

|                Calc gb radii             50.71 (20.37% of Gen B)
|                Calc gb diag              94.90 (38.12% of Gen B)
|                Calc gb off-diag         103.34 (41.51% of Gen B)
|             Gen Born time            248.96 (100.0% of Nonbo)
|          Nonbond force            248.96 (99.30% of Force)
|          Bond/Angle/Dihedral        1.75 ( 0.70% of Force)
|          Other                      0.01 ( 0.01% of Force)
|       Force time               250.72 (100.0% of Runmd)
|    Runmd Time               250.72 (99.67% of Total)
|    Other                      0.84 ( 0.33% of Total)
| Total time               251.56 (100.0% of ALL  )

| Number of list builds   :          0

| Highest rstack allocated:          0
| Highest istack allocated:          0
|           Job began  at 13:37:06.182  on 02/03/2016
|           Setup done at 13:37:06.234  on 02/03/2016
|           Run   done at 13:41:17.745  on 02/03/2016
|     wallclock() was called   15256 times
