
          -------------------------------------------------------
          Amber 14 SANDER                              2014
          -------------------------------------------------------

| Run on 02/03/2016 at 14:11:34

|   Executable path: sander
| Working directory: /lustre/cs1500/scratch/kmb413/RealDecoyDisc/DecoyDiscrimination/decoys.set2.init/1aaj/Rosetta_relaxed
|          Hostname: slepner43


File Assignments:
|  MDIN: /scratch/kmb413/RealDecoyDisc/DecoyDiscrimination/scripts/min/min.in  
| MDOUT: NoH_5_empty_tag_1_518_0001.out                                        
|INPCRD: NoH_5_empty_tag_1_518_0001.rst7                                       
|  PARM: NoH_5_empty_tag_1_518_0001.parm7                                      
|RESTRT: min_NoH_5_empty_tag_1_518_0001.rst7                                   
|  REFC: NoH_5_empty_tag_1_518_0001.rst7                                       
| MDVEL: mdvel                                                                 
| MDFRC: mdfrc                                                                 
|  MDEN: mden                                                                  
| MDCRD: mdcrd                                                                 
|MDINFO: mdinfo                                                                
|  MTMD: mtmd                                                                  
|INPDIP: inpdip                                                                
|RSTDIP: rstdip                                                                
|INPTRA: inptraj                                                               


 Here is the input file:

                                                                               
&cntrl                                                                         
    imin = 1, maxcyc=1000,                                                     
    ntx = 1,                                                                   
    ntwr = 100, ntpr = 100,                                                    
    cut = 999.0,                                                               
    ntb = 0, igb = 8,                                                          
    ntr = 1, restraint_wt = 10, restraintmask = "!@H=",                        
/                                                                              

--------------------------------------------------------------------------------
   1.  RESOURCE   USE: 
--------------------------------------------------------------------------------

| Flags:                                                                        
| New format PARM file being parsed.
| Version =    1.000 Date = 02/03/16 Time = 11:53:00
 NATOM  =    1590 NTYPES =      14 NBONH =     791 MBONA  =     820
 NTHETH =    1812 MTHETA =    1115 NPHIH =    3578 MPHIA  =    3525
 NHPARM =       0 NPARM  =       0 NNB   =    8805 NRES   =     104
 NBONA  =     820 NTHETA =    1115 NPHIA =    3525 NUMBND =      65
 NUMANG =     152 NPTRA  =     189 NATYP =      33 NPHB   =       0
 IFBOX  =       0 NMXRS  =      24 IFCAP =       0 NEXTRA =       0
 NCOPY  =       0

 Implicit solvent radii are ArgH and AspGluO modified Bondi2 radii (mbondi3)                                
 Replacing prmtop screening parameters with GBn2 (igb=8) values

|     Memory Use     Allocated
|     Real              145027
|     Hollerith           4876
|     Integer           109197
|     Max Pairs              1
|     nblistReal             0
|     nblist Int             0
|       Total             1578 kbytes

| Note: 1-4 EEL scale factors are being read from the topology file.

| Note: 1-4 VDW scale factors are being read from the topology file.
| Duplicated    0 dihedrals
| Duplicated    0 dihedrals

--------------------------------------------------------------------------------
   2.  CONTROL  DATA  FOR  THE  RUN
--------------------------------------------------------------------------------

default_name                                                                    

General flags:
     imin    =       1, nmropt  =       0

Nature and format of input:
     ntx     =       1, irest   =       0, ntrx    =       1

Nature and format of output:
     ntxo    =       1, ntpr    =     100, ntrx    =       1, ntwr    =     100
     iwrap   =       0, ntwx    =       0, ntwv    =       0, ntwe    =       0
     ioutfm  =       0, ntwprt  =       0, idecomp =       0, rbornstat=      0

Potential function:
     ntf     =       1, ntb     =       0, igb     =       8, nsnb    =      25
     ipol    =       0, gbsa    =       0, iesp    =       0
     dielc   =   1.00000, cut     = 999.00000, intdiel =   1.00000
     saltcon =   0.00000, offset  =   0.19514, surften =   0.00500
     rdt     =   0.00000, rgbmax  =  25.00000  extdiel =  78.50000
     alpb  =        0
     gbalphaH  =   0.78844, gbbetaH   =   0.79870,  gbgammaH  =    0.43733
     gbalphaC  =   0.73376, gbbetaC   =   0.50638,  gbgammaC  =    0.20584
     gbalphaN  =   0.50336, gbbetaN   =   0.31683,  gbgammaN  =    0.19292
     gbalphaOS =   0.86781, gbbetaOS  =   0.87664,  gbgammaOS =    0.38788
     gbalphaP  =   1.00000, gbbetaP   =   0.80000,  gbgammaP  =    4.85000
     gb_alpha_hnu  =   0.53705, gb_beta_hnu   =   0.36286,  gb_gamma_hnu  =    0.11670
     gb_alpha_cnu  =   0.33167, gb_beta_cnu   =   0.19684,  gb_gamma_cnu  =    0.09342
     gb_alpha_nnu  =   0.68631, gb_beta_nnu   =   0.46319,  gb_gamma_nnu  =    0.13872
     gb_alpha_onu  =   0.60634, gb_beta_onu   =   0.46301,  gb_gamma_onu  =    0.14226
     gb_alpha_pnu  =   0.41836, gb_beta_pnu   =   0.29005,  gb_gamma_pnu  =    0.10642

Frozen or restrained atoms:
     ibelly  =       0, ntr     =       1
     restraint_wt =  10.00000

Energy minimization:
     maxcyc  =    1000, ncyc    =      10, ntmin   =       1
     dx0     =   0.01000, drms    =   0.00010
|  INFO: Old style inpcrd file read


    LOADING THE CONSTRAINED ATOMS AS GROUPS


   5.  REFERENCE ATOM COORDINATES

  defa
     Mask !@H=; matches   799 atoms

--------------------------------------------------------------------------------
   3.  ATOMIC COORDINATES AND VELOCITIES
--------------------------------------------------------------------------------

default_name                                                                    
 begin time read from input coords =     0.000 ps

 Number of triangulated 3-point waters found:        0

--------------------------------------------------------------------------------
   4.  RESULTS
--------------------------------------------------------------------------------



   NSTEP       ENERGY          RMS            GMAX         NAME    NUMBER
      1      -2.2119E+03     9.1514E+00     5.8991E+01     OE2       105

 BOND    =       70.6679  ANGLE   =      211.9661  DIHED      =     1087.3422
 VDWAALS =     -637.7503  EEL     =    -7174.9384  EGB        =    -1924.1324
 1-4 VDW =      440.3438  1-4 EEL =     5714.5937  RESTRAINT  =        0.0000


   NSTEP       ENERGY          RMS            GMAX         NAME    NUMBER
    100      -2.5754E+03     3.5088E-01     3.7159E+00     CE2       650

 BOND    =       31.5085  ANGLE   =      206.1439  DIHED      =     1089.5668
 VDWAALS =     -784.1414  EEL     =    -7184.7885  EGB        =    -1937.9422
 1-4 VDW =      330.2331  1-4 EEL =     5631.1354  RESTRAINT  =       42.8866
 EAMBER  =    -2618.2843


   NSTEP       ENERGY          RMS            GMAX         NAME    NUMBER
    200      -2.5812E+03     9.2679E-02     1.1176E+00     HG1      1389

 BOND    =       31.2636  ANGLE   =      206.2941  DIHED      =     1088.2485
 VDWAALS =     -786.7253  EEL     =    -7194.6856  EGB        =    -1932.6658
 1-4 VDW =      330.5627  1-4 EEL =     5632.4386  RESTRAINT  =       44.0723
 EAMBER  =    -2625.2692


   NSTEP       ENERGY          RMS            GMAX         NAME    NUMBER
    300      -2.5833E+03     4.7624E-02     6.5395E-01     H2          3

 BOND    =       31.1319  ANGLE   =      206.1353  DIHED      =     1086.3983
 VDWAALS =     -787.2849  EEL     =    -7193.5968  EGB        =    -1933.3357
 1-4 VDW =      330.8777  1-4 EEL =     5632.1742  RESTRAINT  =       44.2246
 EAMBER  =    -2627.5000


   NSTEP       ENERGY          RMS            GMAX         NAME    NUMBER
    400      -2.5839E+03     2.6333E-01     6.5744E+00     HG1       605

 BOND    =       31.5960  ANGLE   =      206.7710  DIHED      =     1087.2898
 VDWAALS =     -787.8858  EEL     =    -7192.1870  EGB        =    -1935.7606
 1-4 VDW =      330.0135  1-4 EEL =     5631.4428  RESTRAINT  =       44.8582
 EAMBER  =    -2628.7203


   NSTEP       ENERGY          RMS            GMAX         NAME    NUMBER
    500      -2.5882E+03     3.3508E-02     5.7839E-01     OG1       604

 BOND    =       31.1120  ANGLE   =      206.1083  DIHED      =     1086.2378
 VDWAALS =     -786.1351  EEL     =    -7195.1365  EGB        =    -1937.2679
 1-4 VDW =      331.2315  1-4 EEL =     5631.9691  RESTRAINT  =       43.6589
 EAMBER  =    -2631.8808


   NSTEP       ENERGY          RMS            GMAX         NAME    NUMBER
    600      -2.5944E+03     1.8996E-01     2.9785E+00     CD        193

 BOND    =       31.5778  ANGLE   =      206.9433  DIHED      =     1086.1721
 VDWAALS =     -785.9983  EEL     =    -7196.2519  EGB        =    -1942.1403
 1-4 VDW =      330.2260  1-4 EEL =     5631.0207  RESTRAINT  =       44.0388
 EAMBER  =    -2638.4506


   NSTEP       ENERGY          RMS            GMAX         NAME    NUMBER
    700      -2.5951E+03     1.2547E-02     1.5242E-01     CB        628

 BOND    =       31.2027  ANGLE   =      206.0388  DIHED      =     1085.8099
 VDWAALS =     -784.7566  EEL     =    -7197.2089  EGB        =    -1942.3417
 1-4 VDW =      331.2349  1-4 EEL =     5631.6168  RESTRAINT  =       43.3363
 EAMBER  =    -2638.4041


   NSTEP       ENERGY          RMS            GMAX         NAME    NUMBER
    800      -2.5951E+03     2.7046E-03     4.4593E-02     CD        193

 BOND    =       31.1991  ANGLE   =      206.0084  DIHED      =     1085.8553
 VDWAALS =     -784.7687  EEL     =    -7197.1612  EGB        =    -1942.4414
 1-4 VDW =      331.2904  1-4 EEL =     5631.6169  RESTRAINT  =       43.3269
 EAMBER  =    -2638.4013


   NSTEP       ENERGY          RMS            GMAX         NAME    NUMBER
    900      -2.5951E+03     7.0891E-04     7.8269E-03     CB        586

 BOND    =       31.1962  ANGLE   =      205.9984  DIHED      =     1085.8746
 VDWAALS =     -784.7733  EEL     =    -7197.1442  EGB        =    -1942.4765
 1-4 VDW =      331.3073  1-4 EEL =     5631.6178  RESTRAINT  =       43.3248
 EAMBER  =    -2638.3997


   NSTEP       ENERGY          RMS            GMAX         NAME    NUMBER
   1000      -2.5951E+03     4.6504E-04     5.7370E-03     CA        596

 BOND    =       31.1957  ANGLE   =      205.9959  DIHED      =     1085.8791
 VDWAALS =     -784.7752  EEL     =    -7197.1417  EGB        =    -1942.4808
 1-4 VDW =      331.3110  1-4 EEL =     5631.6163  RESTRAINT  =       43.3248
 EAMBER  =    -2638.3997


  Maximum number of minimization cycles reached.


                    FINAL RESULTS



   NSTEP       ENERGY          RMS            GMAX         NAME    NUMBER
   1000      -2.5951E+03     4.6504E-04     5.7370E-03     CA        596

 BOND    =       31.1957  ANGLE   =      205.9959  DIHED      =     1085.8791
 VDWAALS =     -784.7752  EEL     =    -7197.1417  EGB        =    -1942.4808
 1-4 VDW =      331.3110  1-4 EEL =     5631.6163  RESTRAINT  =       43.3248
 EAMBER  =    -2638.3997

--------------------------------------------------------------------------------
   5.  TIMINGS
--------------------------------------------------------------------------------

|                Calc gb radii             59.97 (20.14% of Gen B)
|                Calc gb diag             114.41 (38.41% of Gen B)
|                Calc gb off-diag         123.45 (41.45% of Gen B)
|             Gen Born time            297.83 (100.0% of Nonbo)
|          Nonbond force            297.83 (99.30% of Force)
|          Bond/Angle/Dihedral        2.07 ( 0.69% of Force)
|          Other                      0.02 ( 0.01% of Force)
|       Force time               299.92 (100.0% of Runmd)
|    Runmd Time               299.92 (99.75% of Total)
|    Other                      0.76 ( 0.25% of Total)
| Total time               300.69 (100.0% of ALL  )

| Number of list builds   :          0

| Highest rstack allocated:          0
| Highest istack allocated:          0
|           Job began  at 14:11:34.167  on 02/03/2016
|           Setup done at 14:11:34.218  on 02/03/2016
|           Run   done at 14:16:34.855  on 02/03/2016
|     wallclock() was called   18028 times
