
          -------------------------------------------------------
          Amber 14 SANDER                              2014
          -------------------------------------------------------

| Run on 02/03/2016 at 13:46:58

|   Executable path: sander
| Working directory: /lustre/cs1500/scratch/kmb413/RealDecoyDisc/DecoyDiscrimination/decoys.set2.init/1aaj/Rosetta_relaxed
|          Hostname: slepner30


File Assignments:
|  MDIN: /scratch/kmb413/RealDecoyDisc/DecoyDiscrimination/scripts/min/min.in  
| MDOUT: NoH_2_empty_tag_330_0001_1_0001.out                                   
|INPCRD: NoH_2_empty_tag_330_0001_1_0001.rst7                                  
|  PARM: NoH_2_empty_tag_330_0001_1_0001.parm7                                 
|RESTRT: min_NoH_2_empty_tag_330_0001_1_0001.rst7                              
|  REFC: NoH_2_empty_tag_330_0001_1_0001.rst7                                  
| MDVEL: mdvel                                                                 
| MDFRC: mdfrc                                                                 
|  MDEN: mden                                                                  
| MDCRD: mdcrd                                                                 
|MDINFO: mdinfo                                                                
|  MTMD: mtmd                                                                  
|INPDIP: inpdip                                                                
|RSTDIP: rstdip                                                                
|INPTRA: inptraj                                                               


 Here is the input file:

                                                                               
&cntrl                                                                         
    imin = 1, maxcyc=1000,                                                     
    ntx = 1,                                                                   
    ntwr = 100, ntpr = 100,                                                    
    cut = 999.0,                                                               
    ntb = 0, igb = 8,                                                          
    ntr = 1, restraint_wt = 10, restraintmask = "!@H=",                        
/                                                                              

--------------------------------------------------------------------------------
   1.  RESOURCE   USE: 
--------------------------------------------------------------------------------

| Flags:                                                                        
| New format PARM file being parsed.
| Version =    1.000 Date = 02/03/16 Time = 11:47:54
 NATOM  =    1590 NTYPES =      14 NBONH =     791 MBONA  =     820
 NTHETH =    1812 MTHETA =    1115 NPHIH =    3578 MPHIA  =    3525
 NHPARM =       0 NPARM  =       0 NNB   =    8805 NRES   =     104
 NBONA  =     820 NTHETA =    1115 NPHIA =    3525 NUMBND =      65
 NUMANG =     152 NPTRA  =     189 NATYP =      33 NPHB   =       0
 IFBOX  =       0 NMXRS  =      24 IFCAP =       0 NEXTRA =       0
 NCOPY  =       0

 Implicit solvent radii are ArgH and AspGluO modified Bondi2 radii (mbondi3)                                
 Replacing prmtop screening parameters with GBn2 (igb=8) values

|     Memory Use     Allocated
|     Real              145027
|     Hollerith           4876
|     Integer           109197
|     Max Pairs              1
|     nblistReal             0
|     nblist Int             0
|       Total             1578 kbytes

| Note: 1-4 EEL scale factors are being read from the topology file.

| Note: 1-4 VDW scale factors are being read from the topology file.
| Duplicated    0 dihedrals
| Duplicated    0 dihedrals

--------------------------------------------------------------------------------
   2.  CONTROL  DATA  FOR  THE  RUN
--------------------------------------------------------------------------------

default_name                                                                    

General flags:
     imin    =       1, nmropt  =       0

Nature and format of input:
     ntx     =       1, irest   =       0, ntrx    =       1

Nature and format of output:
     ntxo    =       1, ntpr    =     100, ntrx    =       1, ntwr    =     100
     iwrap   =       0, ntwx    =       0, ntwv    =       0, ntwe    =       0
     ioutfm  =       0, ntwprt  =       0, idecomp =       0, rbornstat=      0

Potential function:
     ntf     =       1, ntb     =       0, igb     =       8, nsnb    =      25
     ipol    =       0, gbsa    =       0, iesp    =       0
     dielc   =   1.00000, cut     = 999.00000, intdiel =   1.00000
     saltcon =   0.00000, offset  =   0.19514, surften =   0.00500
     rdt     =   0.00000, rgbmax  =  25.00000  extdiel =  78.50000
     alpb  =        0
     gbalphaH  =   0.78844, gbbetaH   =   0.79870,  gbgammaH  =    0.43733
     gbalphaC  =   0.73376, gbbetaC   =   0.50638,  gbgammaC  =    0.20584
     gbalphaN  =   0.50336, gbbetaN   =   0.31683,  gbgammaN  =    0.19292
     gbalphaOS =   0.86781, gbbetaOS  =   0.87664,  gbgammaOS =    0.38788
     gbalphaP  =   1.00000, gbbetaP   =   0.80000,  gbgammaP  =    4.85000
     gb_alpha_hnu  =   0.53705, gb_beta_hnu   =   0.36286,  gb_gamma_hnu  =    0.11670
     gb_alpha_cnu  =   0.33167, gb_beta_cnu   =   0.19684,  gb_gamma_cnu  =    0.09342
     gb_alpha_nnu  =   0.68631, gb_beta_nnu   =   0.46319,  gb_gamma_nnu  =    0.13872
     gb_alpha_onu  =   0.60634, gb_beta_onu   =   0.46301,  gb_gamma_onu  =    0.14226
     gb_alpha_pnu  =   0.41836, gb_beta_pnu   =   0.29005,  gb_gamma_pnu  =    0.10642

Frozen or restrained atoms:
     ibelly  =       0, ntr     =       1
     restraint_wt =  10.00000

Energy minimization:
     maxcyc  =    1000, ncyc    =      10, ntmin   =       1
     dx0     =   0.01000, drms    =   0.00010
|  INFO: Old style inpcrd file read


    LOADING THE CONSTRAINED ATOMS AS GROUPS


   5.  REFERENCE ATOM COORDINATES

  defa
     Mask !@H=; matches   799 atoms

--------------------------------------------------------------------------------
   3.  ATOMIC COORDINATES AND VELOCITIES
--------------------------------------------------------------------------------

default_name                                                                    
 begin time read from input coords =     0.000 ps

 Number of triangulated 3-point waters found:        0

--------------------------------------------------------------------------------
   4.  RESULTS
--------------------------------------------------------------------------------



   NSTEP       ENERGY          RMS            GMAX         NAME    NUMBER
      1      -2.1008E+03     8.9123E+00     6.2436E+01     OE1      1120

 BOND    =       69.1286  ANGLE   =      211.2244  DIHED      =     1077.3581
 VDWAALS =     -624.6079  EEL     =    -6972.8902  EGB        =    -2013.7139
 1-4 VDW =      439.2943  1-4 EEL =     5713.4180  RESTRAINT  =        0.0000


   NSTEP       ENERGY          RMS            GMAX         NAME    NUMBER
    100      -2.4427E+03     2.6608E-01     2.4079E+00     CD       1585

 BOND    =       31.3344  ANGLE   =      207.4043  DIHED      =     1080.3062
 VDWAALS =     -740.7467  EEL     =    -6985.0663  EGB        =    -2032.2834
 1-4 VDW =      327.7091  1-4 EEL =     5629.8745  RESTRAINT  =       38.8144
 EAMBER  =    -2481.4679


   NSTEP       ENERGY          RMS            GMAX         NAME    NUMBER
    200      -2.4461E+03     2.6843E-01     4.3451E+00     CE2       650

 BOND    =       31.6499  ANGLE   =      208.7757  DIHED      =     1079.9964
 VDWAALS =     -743.8403  EEL     =    -6988.5685  EGB        =    -2030.4660
 1-4 VDW =      326.7355  1-4 EEL =     5628.2915  RESTRAINT  =       41.3491
 EAMBER  =    -2487.4259


   NSTEP       ENERGY          RMS            GMAX         NAME    NUMBER
    300      -2.4477E+03     1.6296E-01     5.6736E+00     HG         90

 BOND    =       31.5401  ANGLE   =      208.5668  DIHED      =     1078.6350
 VDWAALS =     -744.0618  EEL     =    -6993.0936  EGB        =    -2025.5538
 1-4 VDW =      327.1210  1-4 EEL =     5627.8019  RESTRAINT  =       41.3441
 EAMBER  =    -2489.0444


   NSTEP       ENERGY          RMS            GMAX         NAME    NUMBER
    400      -2.4480E+03     5.9726E-03     8.9579E-02     HG         90

 BOND    =       31.1892  ANGLE   =      207.8142  DIHED      =     1078.2775
 VDWAALS =     -743.5593  EEL     =    -6993.1958  EGB        =    -2024.5819
 1-4 VDW =      328.0116  1-4 EEL =     5627.2755  RESTRAINT  =       40.7575
 EAMBER  =    -2488.7689


   NSTEP       ENERGY          RMS            GMAX         NAME    NUMBER
    500      -2.4480E+03     3.1389E-03     4.5395E-02     CD       1119

 BOND    =       31.1774  ANGLE   =      207.7900  DIHED      =     1078.2727
 VDWAALS =     -743.5441  EEL     =    -6993.2059  EGB        =    -2024.5673
 1-4 VDW =      328.0376  1-4 EEL =     5627.2797  RESTRAINT  =       40.7478
 EAMBER  =    -2488.7598


   NSTEP       ENERGY          RMS            GMAX         NAME    NUMBER
    600      -2.4480E+03     4.7825E-04     6.8797E-03     CA         84

 BOND    =       31.1779  ANGLE   =      207.7905  DIHED      =     1078.2730
 VDWAALS =     -743.5452  EEL     =    -6993.1995  EGB        =    -2024.5682
 1-4 VDW =      328.0361  1-4 EEL =     5627.2740  RESTRAINT  =       40.7493
 EAMBER  =    -2488.7614


   NSTEP       ENERGY          RMS            GMAX         NAME    NUMBER
    700      -2.4480E+03     2.9490E-04     4.7764E-03     CA         84

 BOND    =       31.1779  ANGLE   =      207.7900  DIHED      =     1078.2730
 VDWAALS =     -743.5457  EEL     =    -6993.1984  EGB        =    -2024.5683
 1-4 VDW =      328.0364  1-4 EEL =     5627.2735  RESTRAINT  =       40.7495
 EAMBER  =    -2488.7615


                    FINAL RESULTS



   NSTEP       ENERGY          RMS            GMAX         NAME    NUMBER
    749      -2.4480E+03     9.3378E-05     1.4085E-03     HE2       551

 BOND    =       31.1779  ANGLE   =      207.7903  DIHED      =     1078.2730
 VDWAALS =     -743.5460  EEL     =    -6993.1985  EGB        =    -2024.5680
 1-4 VDW =      328.0363  1-4 EEL =     5627.2733  RESTRAINT  =       40.7496
 EAMBER  =    -2488.7617

--------------------------------------------------------------------------------
   5.  TIMINGS
--------------------------------------------------------------------------------

|                Calc gb radii             43.00 (19.83% of Gen B)
|                Calc gb diag              81.32 (37.50% of Gen B)
|                Calc gb off-diag          92.56 (42.68% of Gen B)
|             Gen Born time            216.88 (100.0% of Nonbo)
|          Nonbond force            216.88 (99.29% of Force)
|          Bond/Angle/Dihedral        1.55 ( 0.71% of Force)
|          Other                      0.01 ( 0.01% of Force)
|       Force time               218.44 (100.0% of Runmd)
|    Runmd Time               218.44 (99.61% of Total)
|    Other                      0.85 ( 0.39% of Total)
| Total time               219.30 (100.0% of ALL  )

| Number of list builds   :          0

| Highest rstack allocated:          0
| Highest istack allocated:          0
|           Job began  at 13:46:58.528  on 02/03/2016
|           Setup done at 13:46:58.599  on 02/03/2016
|           Run   done at 13:50:37.825  on 02/03/2016
|     wallclock() was called   13510 times
