
          -------------------------------------------------------
          Amber 14 SANDER                              2014
          -------------------------------------------------------

| Run on 02/03/2016 at 14:54:21

|   Executable path: sander
| Working directory: /lustre/cs1500/scratch/kmb413/RealDecoyDisc/DecoyDiscrimination/decoys.set2.init/1aaj/Rosetta_relaxed
|          Hostname: slepner13


File Assignments:
|  MDIN: /scratch/kmb413/RealDecoyDisc/DecoyDiscrimination/scripts/min/min.in  
| MDOUT: NoH_3_empty_tag_363_0001_0001.out                                     
|INPCRD: NoH_3_empty_tag_363_0001_0001.rst7                                    
|  PARM: NoH_3_empty_tag_363_0001_0001.parm7                                   
|RESTRT: min_NoH_3_empty_tag_363_0001_0001.rst7                                
|  REFC: NoH_3_empty_tag_363_0001_0001.rst7                                    
| MDVEL: mdvel                                                                 
| MDFRC: mdfrc                                                                 
|  MDEN: mden                                                                  
| MDCRD: mdcrd                                                                 
|MDINFO: mdinfo                                                                
|  MTMD: mtmd                                                                  
|INPDIP: inpdip                                                                
|RSTDIP: rstdip                                                                
|INPTRA: inptraj                                                               


 Here is the input file:

                                                                               
&cntrl                                                                         
    imin = 1, maxcyc=1000,                                                     
    ntx = 1,                                                                   
    ntwr = 100, ntpr = 100,                                                    
    cut = 999.0,                                                               
    ntb = 0, igb = 8,                                                          
    ntr = 1, restraint_wt = 10, restraintmask = "!@H=",                        
/                                                                              

--------------------------------------------------------------------------------
   1.  RESOURCE   USE: 
--------------------------------------------------------------------------------

| Flags:                                                                        
| New format PARM file being parsed.
| Version =    1.000 Date = 02/03/16 Time = 11:49:57
 NATOM  =    1590 NTYPES =      14 NBONH =     791 MBONA  =     820
 NTHETH =    1812 MTHETA =    1115 NPHIH =    3578 MPHIA  =    3525
 NHPARM =       0 NPARM  =       0 NNB   =    8805 NRES   =     104
 NBONA  =     820 NTHETA =    1115 NPHIA =    3525 NUMBND =      65
 NUMANG =     152 NPTRA  =     189 NATYP =      33 NPHB   =       0
 IFBOX  =       0 NMXRS  =      24 IFCAP =       0 NEXTRA =       0
 NCOPY  =       0

 Implicit solvent radii are ArgH and AspGluO modified Bondi2 radii (mbondi3)                                
 Replacing prmtop screening parameters with GBn2 (igb=8) values

|     Memory Use     Allocated
|     Real              145027
|     Hollerith           4876
|     Integer           109197
|     Max Pairs              1
|     nblistReal             0
|     nblist Int             0
|       Total             1578 kbytes

| Note: 1-4 EEL scale factors are being read from the topology file.

| Note: 1-4 VDW scale factors are being read from the topology file.
| Duplicated    0 dihedrals
| Duplicated    0 dihedrals

--------------------------------------------------------------------------------
   2.  CONTROL  DATA  FOR  THE  RUN
--------------------------------------------------------------------------------

default_name                                                                    

General flags:
     imin    =       1, nmropt  =       0

Nature and format of input:
     ntx     =       1, irest   =       0, ntrx    =       1

Nature and format of output:
     ntxo    =       1, ntpr    =     100, ntrx    =       1, ntwr    =     100
     iwrap   =       0, ntwx    =       0, ntwv    =       0, ntwe    =       0
     ioutfm  =       0, ntwprt  =       0, idecomp =       0, rbornstat=      0

Potential function:
     ntf     =       1, ntb     =       0, igb     =       8, nsnb    =      25
     ipol    =       0, gbsa    =       0, iesp    =       0
     dielc   =   1.00000, cut     = 999.00000, intdiel =   1.00000
     saltcon =   0.00000, offset  =   0.19514, surften =   0.00500
     rdt     =   0.00000, rgbmax  =  25.00000  extdiel =  78.50000
     alpb  =        0
     gbalphaH  =   0.78844, gbbetaH   =   0.79870,  gbgammaH  =    0.43733
     gbalphaC  =   0.73376, gbbetaC   =   0.50638,  gbgammaC  =    0.20584
     gbalphaN  =   0.50336, gbbetaN   =   0.31683,  gbgammaN  =    0.19292
     gbalphaOS =   0.86781, gbbetaOS  =   0.87664,  gbgammaOS =    0.38788
     gbalphaP  =   1.00000, gbbetaP   =   0.80000,  gbgammaP  =    4.85000
     gb_alpha_hnu  =   0.53705, gb_beta_hnu   =   0.36286,  gb_gamma_hnu  =    0.11670
     gb_alpha_cnu  =   0.33167, gb_beta_cnu   =   0.19684,  gb_gamma_cnu  =    0.09342
     gb_alpha_nnu  =   0.68631, gb_beta_nnu   =   0.46319,  gb_gamma_nnu  =    0.13872
     gb_alpha_onu  =   0.60634, gb_beta_onu   =   0.46301,  gb_gamma_onu  =    0.14226
     gb_alpha_pnu  =   0.41836, gb_beta_pnu   =   0.29005,  gb_gamma_pnu  =    0.10642

Frozen or restrained atoms:
     ibelly  =       0, ntr     =       1
     restraint_wt =  10.00000

Energy minimization:
     maxcyc  =    1000, ncyc    =      10, ntmin   =       1
     dx0     =   0.01000, drms    =   0.00010
|  INFO: Old style inpcrd file read


    LOADING THE CONSTRAINED ATOMS AS GROUPS


   5.  REFERENCE ATOM COORDINATES

  defa
     Mask !@H=; matches   799 atoms

--------------------------------------------------------------------------------
   3.  ATOMIC COORDINATES AND VELOCITIES
--------------------------------------------------------------------------------

default_name                                                                    
 begin time read from input coords =     0.000 ps

 Number of triangulated 3-point waters found:        0

--------------------------------------------------------------------------------
   4.  RESULTS
--------------------------------------------------------------------------------



   NSTEP       ENERGY          RMS            GMAX         NAME    NUMBER
      1      -2.1069E+03     8.9222E+00     6.1292E+01     OE2      1587

 BOND    =       69.8530  ANGLE   =      211.1526  DIHED      =     1076.8069
 VDWAALS =     -542.4085  EEL     =    -6983.2335  EGB        =    -2115.4596
 1-4 VDW =      448.7498  1-4 EEL =     5727.6190  RESTRAINT  =        0.0000


   NSTEP       ENERGY          RMS            GMAX         NAME    NUMBER
    100      -2.4571E+03     2.6644E-01     3.4307E+00     CD       1119

 BOND    =       32.1882  ANGLE   =      207.6846  DIHED      =     1079.0085
 VDWAALS =     -654.5430  EEL     =    -6997.8487  EGB        =    -2132.5566
 1-4 VDW =      333.0060  1-4 EEL =     5639.5091  RESTRAINT  =       36.4850
 EAMBER  =    -2493.5518


   NSTEP       ENERGY          RMS            GMAX         NAME    NUMBER
    200      -2.4599E+03     4.0511E-01     1.1030E+01     OH       1309

 BOND    =       33.1271  ANGLE   =      209.9842  DIHED      =     1079.9786
 VDWAALS =     -657.8929  EEL     =    -7002.2434  EGB        =    -2132.5195
 1-4 VDW =      331.2988  1-4 EEL =     5638.8281  RESTRAINT  =       39.5885
 EAMBER  =    -2499.4389


   NSTEP       ENERGY          RMS            GMAX         NAME    NUMBER
    300      -2.4646E+03     9.4386E-02     9.7014E-01     HH       1310

 BOND    =       32.3655  ANGLE   =      208.7608  DIHED      =     1075.3800
 VDWAALS =     -657.5182  EEL     =    -7000.8407  EGB        =    -2132.4047
 1-4 VDW =      332.3924  1-4 EEL =     5638.5309  RESTRAINT  =       38.7451
 EAMBER  =    -2503.3338


   NSTEP       ENERGY          RMS            GMAX         NAME    NUMBER
    400      -2.4652E+03     1.1429E-02     2.0880E-01     HH       1310

 BOND    =       32.0638  ANGLE   =      208.2522  DIHED      =     1074.5256
 VDWAALS =     -657.3448  EEL     =    -7000.5718  EGB        =    -2132.1318
 1-4 VDW =      332.9382  1-4 EEL =     5638.6460  RESTRAINT  =       38.4203
 EAMBER  =    -2503.6227


   NSTEP       ENERGY          RMS            GMAX         NAME    NUMBER
    500      -2.4652E+03     5.6258E-03     8.9079E-02     CE3       657

 BOND    =       32.0638  ANGLE   =      208.2294  DIHED      =     1074.5203
 VDWAALS =     -657.3636  EEL     =    -7000.6564  EGB        =    -2132.0785
 1-4 VDW =      332.9562  1-4 EEL =     5638.6740  RESTRAINT  =       38.4466
 EAMBER  =    -2503.6549


   NSTEP       ENERGY          RMS            GMAX         NAME    NUMBER
    600      -2.4652E+03     1.5007E-03     1.5946E-02     CD1      1304

 BOND    =       32.0620  ANGLE   =      208.2346  DIHED      =     1074.5202
 VDWAALS =     -657.3759  EEL     =    -7000.7037  EGB        =    -2132.0552
 1-4 VDW =      332.9612  1-4 EEL =     5638.6806  RESTRAINT  =       38.4661
 EAMBER  =    -2503.6761


   NSTEP       ENERGY          RMS            GMAX         NAME    NUMBER
    700      -2.4652E+03     9.3106E-04     1.1502E-02     HD11      330

 BOND    =       32.0612  ANGLE   =      208.2329  DIHED      =     1074.5203
 VDWAALS =     -657.3823  EEL     =    -7000.7248  EGB        =    -2132.0439
 1-4 VDW =      332.9650  1-4 EEL =     5638.6850  RESTRAINT  =       38.4762
 EAMBER  =    -2503.6866


   NSTEP       ENERGY          RMS            GMAX         NAME    NUMBER
    800      -2.4652E+03     1.4313E-03     1.8167E-02     CD        437

 BOND    =       32.0591  ANGLE   =      208.2312  DIHED      =     1074.5192
 VDWAALS =     -657.3846  EEL     =    -7000.7390  EGB        =    -2132.0362
 1-4 VDW =      332.9699  1-4 EEL =     5638.6884  RESTRAINT  =       38.4815
 EAMBER  =    -2503.6920


   NSTEP       ENERGY          RMS            GMAX         NAME    NUMBER
    900      -2.4652E+03     3.2207E-04     4.9785E-03     HH       1310

 BOND    =       32.0594  ANGLE   =      208.2303  DIHED      =     1074.5191
 VDWAALS =     -657.3857  EEL     =    -7000.7420  EGB        =    -2132.0354
 1-4 VDW =      332.9706  1-4 EEL =     5638.6902  RESTRAINT  =       38.4830
 EAMBER  =    -2503.6936


                    FINAL RESULTS



   NSTEP       ENERGY          RMS            GMAX         NAME    NUMBER
    947      -2.4652E+03     8.8228E-05     2.1771E-03     HD11      330

 BOND    =       32.0594  ANGLE   =      208.2303  DIHED      =     1074.5191
 VDWAALS =     -657.3863  EEL     =    -7000.7432  EGB        =    -2132.0349
 1-4 VDW =      332.9707  1-4 EEL =     5638.6906  RESTRAINT  =       38.4837
 EAMBER  =    -2503.6943

--------------------------------------------------------------------------------
   5.  TIMINGS
--------------------------------------------------------------------------------

|                Calc gb radii             42.82 (18.15% of Gen B)
|                Calc gb diag              78.08 (33.10% of Gen B)
|                Calc gb off-diag         114.96 (48.74% of Gen B)
|             Gen Born time            235.86 (100.0% of Nonbo)
|          Nonbond force            235.86 (99.17% of Force)
|          Bond/Angle/Dihedral        1.96 ( 0.82% of Force)
|          Other                      0.01 ( 0.01% of Force)
|       Force time               237.84 (100.0% of Runmd)
|    Runmd Time               237.84 (99.68% of Total)
|    Other                      0.75 ( 0.31% of Total)
| Total time               238.59 (100.0% of ALL  )

| Number of list builds   :          0

| Highest rstack allocated:          0
| Highest istack allocated:          0
|           Job began  at 14:54:21.653  on 02/03/2016
|           Setup done at 14:54:21.738  on 02/03/2016
|           Run   done at 14:58:20.242  on 02/03/2016
|     wallclock() was called   17074 times
