
          -------------------------------------------------------
          Amber 14 SANDER                              2014
          -------------------------------------------------------

| Run on 02/03/2016 at 13:27:20

|   Executable path: sander
| Working directory: /lustre/cs1500/scratch/kmb413/RealDecoyDisc/DecoyDiscrimination/decoys.set2.init/1aaj/Rosetta_relaxed
|          Hostname: slepner13


File Assignments:
|  MDIN: /scratch/kmb413/RealDecoyDisc/DecoyDiscrimination/scripts/min/min.in  
| MDOUT: NoH_1_empty_tag_779_0001_0001.out                                     
|INPCRD: NoH_1_empty_tag_779_0001_0001.rst7                                    
|  PARM: NoH_1_empty_tag_779_0001_0001.parm7                                   
|RESTRT: min_NoH_1_empty_tag_779_0001_0001.rst7                                
|  REFC: NoH_1_empty_tag_779_0001_0001.rst7                                    
| MDVEL: mdvel                                                                 
| MDFRC: mdfrc                                                                 
|  MDEN: mden                                                                  
| MDCRD: mdcrd                                                                 
|MDINFO: mdinfo                                                                
|  MTMD: mtmd                                                                  
|INPDIP: inpdip                                                                
|RSTDIP: rstdip                                                                
|INPTRA: inptraj                                                               


 Here is the input file:

                                                                               
&cntrl                                                                         
    imin = 1, maxcyc=1000,                                                     
    ntx = 1,                                                                   
    ntwr = 100, ntpr = 100,                                                    
    cut = 999.0,                                                               
    ntb = 0, igb = 8,                                                          
    ntr = 1, restraint_wt = 10, restraintmask = "!@H=",                        
/                                                                              

--------------------------------------------------------------------------------
   1.  RESOURCE   USE: 
--------------------------------------------------------------------------------

| Flags:                                                                        
| New format PARM file being parsed.
| Version =    1.000 Date = 02/03/16 Time = 11:46:09
 NATOM  =    1590 NTYPES =      14 NBONH =     791 MBONA  =     820
 NTHETH =    1812 MTHETA =    1115 NPHIH =    3578 MPHIA  =    3525
 NHPARM =       0 NPARM  =       0 NNB   =    8805 NRES   =     104
 NBONA  =     820 NTHETA =    1115 NPHIA =    3525 NUMBND =      65
 NUMANG =     152 NPTRA  =     189 NATYP =      33 NPHB   =       0
 IFBOX  =       0 NMXRS  =      24 IFCAP =       0 NEXTRA =       0
 NCOPY  =       0

 Implicit solvent radii are ArgH and AspGluO modified Bondi2 radii (mbondi3)                                
 Replacing prmtop screening parameters with GBn2 (igb=8) values

|     Memory Use     Allocated
|     Real              145027
|     Hollerith           4876
|     Integer           109197
|     Max Pairs              1
|     nblistReal             0
|     nblist Int             0
|       Total             1578 kbytes

| Note: 1-4 EEL scale factors are being read from the topology file.

| Note: 1-4 VDW scale factors are being read from the topology file.
| Duplicated    0 dihedrals
| Duplicated    0 dihedrals

--------------------------------------------------------------------------------
   2.  CONTROL  DATA  FOR  THE  RUN
--------------------------------------------------------------------------------

default_name                                                                    

General flags:
     imin    =       1, nmropt  =       0

Nature and format of input:
     ntx     =       1, irest   =       0, ntrx    =       1

Nature and format of output:
     ntxo    =       1, ntpr    =     100, ntrx    =       1, ntwr    =     100
     iwrap   =       0, ntwx    =       0, ntwv    =       0, ntwe    =       0
     ioutfm  =       0, ntwprt  =       0, idecomp =       0, rbornstat=      0

Potential function:
     ntf     =       1, ntb     =       0, igb     =       8, nsnb    =      25
     ipol    =       0, gbsa    =       0, iesp    =       0
     dielc   =   1.00000, cut     = 999.00000, intdiel =   1.00000
     saltcon =   0.00000, offset  =   0.19514, surften =   0.00500
     rdt     =   0.00000, rgbmax  =  25.00000  extdiel =  78.50000
     alpb  =        0
     gbalphaH  =   0.78844, gbbetaH   =   0.79870,  gbgammaH  =    0.43733
     gbalphaC  =   0.73376, gbbetaC   =   0.50638,  gbgammaC  =    0.20584
     gbalphaN  =   0.50336, gbbetaN   =   0.31683,  gbgammaN  =    0.19292
     gbalphaOS =   0.86781, gbbetaOS  =   0.87664,  gbgammaOS =    0.38788
     gbalphaP  =   1.00000, gbbetaP   =   0.80000,  gbgammaP  =    4.85000
     gb_alpha_hnu  =   0.53705, gb_beta_hnu   =   0.36286,  gb_gamma_hnu  =    0.11670
     gb_alpha_cnu  =   0.33167, gb_beta_cnu   =   0.19684,  gb_gamma_cnu  =    0.09342
     gb_alpha_nnu  =   0.68631, gb_beta_nnu   =   0.46319,  gb_gamma_nnu  =    0.13872
     gb_alpha_onu  =   0.60634, gb_beta_onu   =   0.46301,  gb_gamma_onu  =    0.14226
     gb_alpha_pnu  =   0.41836, gb_beta_pnu   =   0.29005,  gb_gamma_pnu  =    0.10642

Frozen or restrained atoms:
     ibelly  =       0, ntr     =       1
     restraint_wt =  10.00000

Energy minimization:
     maxcyc  =    1000, ncyc    =      10, ntmin   =       1
     dx0     =   0.01000, drms    =   0.00010
|  INFO: Old style inpcrd file read


    LOADING THE CONSTRAINED ATOMS AS GROUPS


   5.  REFERENCE ATOM COORDINATES

  defa
     Mask !@H=; matches   799 atoms

--------------------------------------------------------------------------------
   3.  ATOMIC COORDINATES AND VELOCITIES
--------------------------------------------------------------------------------

default_name                                                                    
 begin time read from input coords =     0.000 ps

 Number of triangulated 3-point waters found:        0

--------------------------------------------------------------------------------
   4.  RESULTS
--------------------------------------------------------------------------------



   NSTEP       ENERGY          RMS            GMAX         NAME    NUMBER
      1      -2.2319E+03     9.1283E+00     6.3373E+01     OE1       730

 BOND    =       69.8805  ANGLE   =      212.0481  DIHED      =     1089.5431
 VDWAALS =     -651.1113  EEL     =    -7033.9770  EGB        =    -2075.8961
 1-4 VDW =      438.0773  1-4 EEL =     5719.5216  RESTRAINT  =        0.0000


   NSTEP       ENERGY          RMS            GMAX         NAME    NUMBER
    100      -2.5926E+03     3.4762E-01     5.6793E+00     CD        193

 BOND    =       30.1638  ANGLE   =      204.5052  DIHED      =     1094.5469
 VDWAALS =     -793.5653  EEL     =    -7032.7553  EGB        =    -2101.5222
 1-4 VDW =      329.7799  1-4 EEL =     5633.7523  RESTRAINT  =       42.4648
 EAMBER  =    -2635.0947


   NSTEP       ENERGY          RMS            GMAX         NAME    NUMBER
    200      -2.6025E+03     2.3923E-01     2.8029E+00     CD        193

 BOND    =       30.4146  ANGLE   =      205.7366  DIHED      =     1092.1919
 VDWAALS =     -796.9238  EEL     =    -7047.7255  EGB        =    -2093.3973
 1-4 VDW =      328.8644  1-4 EEL =     5634.3269  RESTRAINT  =       44.0561
 EAMBER  =    -2646.5123


   NSTEP       ENERGY          RMS            GMAX         NAME    NUMBER
    300      -2.6043E+03     6.1263E-02     1.0991E+00     HG1       605

 BOND    =       30.2327  ANGLE   =      205.2459  DIHED      =     1091.1112
 VDWAALS =     -797.2977  EEL     =    -7049.3537  EGB        =    -2092.5837
 1-4 VDW =      329.4734  1-4 EEL =     5634.9743  RESTRAINT  =       43.9373
 EAMBER  =    -2648.1976


   NSTEP       ENERGY          RMS            GMAX         NAME    NUMBER
    400      -2.6090E+03     4.6696E-02     1.4270E+00     CD        193

 BOND    =       30.0733  ANGLE   =      204.9086  DIHED      =     1090.2785
 VDWAALS =     -795.9736  EEL     =    -7054.6671  EGB        =    -2092.7798
 1-4 VDW =      330.1784  1-4 EEL =     5635.6933  RESTRAINT  =       43.2640
 EAMBER  =    -2652.2884


   NSTEP       ENERGY          RMS            GMAX         NAME    NUMBER
    500      -2.6091E+03     4.9959E-02     9.9113E-01     OG1       604

 BOND    =       30.1623  ANGLE   =      204.9782  DIHED      =     1090.6338
 VDWAALS =     -796.0536  EEL     =    -7054.4712  EGB        =    -2093.3089
 1-4 VDW =      330.0605  1-4 EEL =     5635.5839  RESTRAINT  =       43.3359
 EAMBER  =    -2652.4151


   NSTEP       ENERGY          RMS            GMAX         NAME    NUMBER
    600      -2.6146E+03     4.1931E-02     7.7916E-01     CG2       630

 BOND    =       30.2106  ANGLE   =      204.9809  DIHED      =     1090.0053
 VDWAALS =     -794.7692  EEL     =    -7058.3695  EGB        =    -2094.9194
 1-4 VDW =      330.0271  1-4 EEL =     5635.2120  RESTRAINT  =       43.0246
 EAMBER  =    -2657.6222


   NSTEP       ENERGY          RMS            GMAX         NAME    NUMBER
    700      -2.6147E+03     6.6241E-03     1.5420E-01     CD        193

 BOND    =       30.1272  ANGLE   =      204.8159  DIHED      =     1089.9230
 VDWAALS =     -794.6740  EEL     =    -7058.4098  EGB        =    -2094.8701
 1-4 VDW =      330.2463  1-4 EEL =     5635.3201  RESTRAINT  =       42.8669
 EAMBER  =    -2657.5214


   NSTEP       ENERGY          RMS            GMAX         NAME    NUMBER
    800      -2.6147E+03     7.6850E-04     1.0501E-02     HB        629

 BOND    =       30.1201  ANGLE   =      204.7992  DIHED      =     1089.9275
 VDWAALS =     -794.6680  EEL     =    -7058.3894  EGB        =    -2094.8793
 1-4 VDW =      330.2693  1-4 EEL =     5635.3160  RESTRAINT  =       42.8497
 EAMBER  =    -2657.5047


   NSTEP       ENERGY          RMS            GMAX         NAME    NUMBER
    900      -2.6147E+03     2.0719E-04     2.8635E-03     CG2       618

 BOND    =       30.1206  ANGLE   =      204.8003  DIHED      =     1089.9281
 VDWAALS =     -794.6695  EEL     =    -7058.3903  EGB        =    -2094.8817
 1-4 VDW =      330.2683  1-4 EEL =     5635.3178  RESTRAINT  =       42.8514
 EAMBER  =    -2657.5064


                    FINAL RESULTS



   NSTEP       ENERGY          RMS            GMAX         NAME    NUMBER
    945      -2.6147E+03     9.2965E-05     1.7481E-03     HD13      332

 BOND    =       30.1207  ANGLE   =      204.8003  DIHED      =     1089.9282
 VDWAALS =     -794.6697  EEL     =    -7058.3904  EGB        =    -2094.8821
 1-4 VDW =      330.2683  1-4 EEL =     5635.3182  RESTRAINT  =       42.8516
 EAMBER  =    -2657.5066

--------------------------------------------------------------------------------
   5.  TIMINGS
--------------------------------------------------------------------------------

|                Calc gb radii             55.61 (20.25% of Gen B)
|                Calc gb diag             102.59 (37.37% of Gen B)
|                Calc gb off-diag         116.35 (42.38% of Gen B)
|             Gen Born time            274.55 (100.0% of Nonbo)
|          Nonbond force            274.55 (99.29% of Force)
|          Bond/Angle/Dihedral        1.95 ( 0.70% of Force)
|          Other                      0.01 ( 0.01% of Force)
|       Force time               276.51 (100.0% of Runmd)
|    Runmd Time               276.51 (99.71% of Total)
|    Other                      0.81 ( 0.29% of Total)
| Total time               277.32 (100.0% of ALL  )

| Number of list builds   :          0

| Highest rstack allocated:          0
| Highest istack allocated:          0
|           Job began  at 13:27:20.085  on 02/03/2016
|           Setup done at 13:27:20.135  on 02/03/2016
|           Run   done at 13:31:57.407  on 02/03/2016
|     wallclock() was called   17038 times
