
          -------------------------------------------------------
          Amber 14 SANDER                              2014
          -------------------------------------------------------

| Run on 02/03/2016 at 13:21:48

|   Executable path: sander
| Working directory: /lustre/cs1500/scratch/kmb413/RealDecoyDisc/DecoyDiscrimination/decoys.set2.init/1aaj/Rosetta_relaxed
|          Hostname: slepner1


File Assignments:
|  MDIN: /scratch/kmb413/RealDecoyDisc/DecoyDiscrimination/scripts/min/min.in  
| MDOUT: NoH_1_empty_tag_1_33_0001.out                                         
|INPCRD: NoH_1_empty_tag_1_33_0001.rst7                                        
|  PARM: NoH_1_empty_tag_1_33_0001.parm7                                       
|RESTRT: min_NoH_1_empty_tag_1_33_0001.rst7                                    
|  REFC: NoH_1_empty_tag_1_33_0001.rst7                                        
| MDVEL: mdvel                                                                 
| MDFRC: mdfrc                                                                 
|  MDEN: mden                                                                  
| MDCRD: mdcrd                                                                 
|MDINFO: mdinfo                                                                
|  MTMD: mtmd                                                                  
|INPDIP: inpdip                                                                
|RSTDIP: rstdip                                                                
|INPTRA: inptraj                                                               


 Here is the input file:

                                                                               
&cntrl                                                                         
    imin = 1, maxcyc=1000,                                                     
    ntx = 1,                                                                   
    ntwr = 100, ntpr = 100,                                                    
    cut = 999.0,                                                               
    ntb = 0, igb = 8,                                                          
    ntr = 1, restraint_wt = 10, restraintmask = "!@H=",                        
/                                                                              

--------------------------------------------------------------------------------
   1.  RESOURCE   USE: 
--------------------------------------------------------------------------------

| Flags:                                                                        
| New format PARM file being parsed.
| Version =    1.000 Date = 02/03/16 Time = 11:44:56
 NATOM  =    1590 NTYPES =      14 NBONH =     791 MBONA  =     820
 NTHETH =    1812 MTHETA =    1115 NPHIH =    3578 MPHIA  =    3525
 NHPARM =       0 NPARM  =       0 NNB   =    8805 NRES   =     104
 NBONA  =     820 NTHETA =    1115 NPHIA =    3525 NUMBND =      65
 NUMANG =     152 NPTRA  =     189 NATYP =      33 NPHB   =       0
 IFBOX  =       0 NMXRS  =      24 IFCAP =       0 NEXTRA =       0
 NCOPY  =       0

 Implicit solvent radii are ArgH and AspGluO modified Bondi2 radii (mbondi3)                                
 Replacing prmtop screening parameters with GBn2 (igb=8) values

|     Memory Use     Allocated
|     Real              145027
|     Hollerith           4876
|     Integer           109197
|     Max Pairs              1
|     nblistReal             0
|     nblist Int             0
|       Total             1578 kbytes

| Note: 1-4 EEL scale factors are being read from the topology file.

| Note: 1-4 VDW scale factors are being read from the topology file.
| Duplicated    0 dihedrals
| Duplicated    0 dihedrals

--------------------------------------------------------------------------------
   2.  CONTROL  DATA  FOR  THE  RUN
--------------------------------------------------------------------------------

default_name                                                                    

General flags:
     imin    =       1, nmropt  =       0

Nature and format of input:
     ntx     =       1, irest   =       0, ntrx    =       1

Nature and format of output:
     ntxo    =       1, ntpr    =     100, ntrx    =       1, ntwr    =     100
     iwrap   =       0, ntwx    =       0, ntwv    =       0, ntwe    =       0
     ioutfm  =       0, ntwprt  =       0, idecomp =       0, rbornstat=      0

Potential function:
     ntf     =       1, ntb     =       0, igb     =       8, nsnb    =      25
     ipol    =       0, gbsa    =       0, iesp    =       0
     dielc   =   1.00000, cut     = 999.00000, intdiel =   1.00000
     saltcon =   0.00000, offset  =   0.19514, surften =   0.00500
     rdt     =   0.00000, rgbmax  =  25.00000  extdiel =  78.50000
     alpb  =        0
     gbalphaH  =   0.78844, gbbetaH   =   0.79870,  gbgammaH  =    0.43733
     gbalphaC  =   0.73376, gbbetaC   =   0.50638,  gbgammaC  =    0.20584
     gbalphaN  =   0.50336, gbbetaN   =   0.31683,  gbgammaN  =    0.19292
     gbalphaOS =   0.86781, gbbetaOS  =   0.87664,  gbgammaOS =    0.38788
     gbalphaP  =   1.00000, gbbetaP   =   0.80000,  gbgammaP  =    4.85000
     gb_alpha_hnu  =   0.53705, gb_beta_hnu   =   0.36286,  gb_gamma_hnu  =    0.11670
     gb_alpha_cnu  =   0.33167, gb_beta_cnu   =   0.19684,  gb_gamma_cnu  =    0.09342
     gb_alpha_nnu  =   0.68631, gb_beta_nnu   =   0.46319,  gb_gamma_nnu  =    0.13872
     gb_alpha_onu  =   0.60634, gb_beta_onu   =   0.46301,  gb_gamma_onu  =    0.14226
     gb_alpha_pnu  =   0.41836, gb_beta_pnu   =   0.29005,  gb_gamma_pnu  =    0.10642

Frozen or restrained atoms:
     ibelly  =       0, ntr     =       1
     restraint_wt =  10.00000

Energy minimization:
     maxcyc  =    1000, ncyc    =      10, ntmin   =       1
     dx0     =   0.01000, drms    =   0.00010
|  INFO: Old style inpcrd file read


    LOADING THE CONSTRAINED ATOMS AS GROUPS


   5.  REFERENCE ATOM COORDINATES

  defa
     Mask !@H=; matches   799 atoms

--------------------------------------------------------------------------------
   3.  ATOMIC COORDINATES AND VELOCITIES
--------------------------------------------------------------------------------

default_name                                                                    
 begin time read from input coords =     0.000 ps

 Number of triangulated 3-point waters found:        0

--------------------------------------------------------------------------------
   4.  RESULTS
--------------------------------------------------------------------------------



   NSTEP       ENERGY          RMS            GMAX         NAME    NUMBER
      1      -2.2087E+03     9.1947E+00     6.4416E+01     OXT      1590

 BOND    =       69.2216  ANGLE   =      211.0130  DIHED      =     1072.8823
 VDWAALS =     -667.1983  EEL     =    -7467.0045  EGB        =    -1555.0356
 1-4 VDW =      443.0802  1-4 EEL =     5684.3529  RESTRAINT  =        0.0000


   NSTEP       ENERGY          RMS            GMAX         NAME    NUMBER
    100      -2.6010E+03     4.0506E-01     4.5656E+00     HG1      1389

 BOND    =       32.0422  ANGLE   =      211.3172  DIHED      =     1068.7348
 VDWAALS =     -823.8197  EEL     =    -7493.5656  EGB        =    -1573.8038
 1-4 VDW =      332.3069  1-4 EEL =     5600.7771  RESTRAINT  =       45.0362
 EAMBER  =    -2646.0108


   NSTEP       ENERGY          RMS            GMAX         NAME    NUMBER
    200      -2.6139E+03     7.5161E-01     1.3348E+01     CD       1585

 BOND    =       33.6593  ANGLE   =      213.3744  DIHED      =     1067.6135
 VDWAALS =     -825.5673  EEL     =    -7500.8287  EGB        =    -1578.1750
 1-4 VDW =      331.0703  1-4 EEL =     5598.1387  RESTRAINT  =       46.7757
 EAMBER  =    -2660.7148


   NSTEP       ENERGY          RMS            GMAX         NAME    NUMBER
    300      -2.6222E+03     3.6784E-02     3.4115E-01     HG1       605

 BOND    =       31.9001  ANGLE   =      210.7390  DIHED      =     1065.6145
 VDWAALS =     -822.8917  EEL     =    -7507.8660  EGB        =    -1578.4058
 1-4 VDW =      333.3388  1-4 EEL =     5600.8953  RESTRAINT  =       44.4536
 EAMBER  =    -2666.6758


   NSTEP       ENERGY          RMS            GMAX         NAME    NUMBER
    400      -2.6223E+03     9.4041E-03     1.4468E-01     OG1       604

 BOND    =       31.9092  ANGLE   =      210.7264  DIHED      =     1065.6609
 VDWAALS =     -823.1014  EEL     =    -7507.8052  EGB        =    -1578.4500
 1-4 VDW =      333.3598  1-4 EEL =     5600.8699  RESTRAINT  =       44.5528
 EAMBER  =    -2666.8303


   NSTEP       ENERGY          RMS            GMAX         NAME    NUMBER
    500      -2.6223E+03     1.9810E-03     1.7842E-02     CG2       600

 BOND    =       31.8957  ANGLE   =      210.6918  DIHED      =     1065.6739
 VDWAALS =     -823.1963  EEL     =    -7507.8073  EGB        =    -1578.4352
 1-4 VDW =      333.4083  1-4 EEL =     5600.8947  RESTRAINT  =       44.5862
 EAMBER  =    -2666.8745


   NSTEP       ENERGY          RMS            GMAX         NAME    NUMBER
    600      -2.6223E+03     6.8652E-04     1.2014E-02     CG        589

 BOND    =       31.8955  ANGLE   =      210.6940  DIHED      =     1065.6774
 VDWAALS =     -823.2240  EEL     =    -7507.8165  EGB        =    -1578.4302
 1-4 VDW =      333.4108  1-4 EEL =     5600.8994  RESTRAINT  =       44.6042
 EAMBER  =    -2666.8936


   NSTEP       ENERGY          RMS            GMAX         NAME    NUMBER
    700      -2.6223E+03     5.0715E-04     1.0133E-02     CD       1585

 BOND    =       31.8950  ANGLE   =      210.6929  DIHED      =     1065.6783
 VDWAALS =     -823.2263  EEL     =    -7507.8182  EGB        =    -1578.4292
 1-4 VDW =      333.4118  1-4 EEL =     5600.9000  RESTRAINT  =       44.6062
 EAMBER  =    -2666.8956


   NSTEP       ENERGY          RMS            GMAX         NAME    NUMBER
    800      -2.6223E+03     2.1195E-04     2.9408E-03     CD       1585

 BOND    =       31.8950  ANGLE   =      210.6927  DIHED      =     1065.6786
 VDWAALS =     -823.2287  EEL     =    -7507.8191  EGB        =    -1578.4287
 1-4 VDW =      333.4124  1-4 EEL =     5600.9007  RESTRAINT  =       44.6077
 EAMBER  =    -2666.8972


                    FINAL RESULTS



   NSTEP       ENERGY          RMS            GMAX         NAME    NUMBER
    846      -2.6223E+03     9.5690E-05     1.5760E-03     HD13      332

 BOND    =       31.8950  ANGLE   =      210.6926  DIHED      =     1065.6787
 VDWAALS =     -823.2293  EEL     =    -7507.8194  EGB        =    -1578.4286
 1-4 VDW =      333.4125  1-4 EEL =     5600.9009  RESTRAINT  =       44.6081
 EAMBER  =    -2666.8976

--------------------------------------------------------------------------------
   5.  TIMINGS
--------------------------------------------------------------------------------

|                Calc gb radii             50.84 (20.49% of Gen B)
|                Calc gb diag              94.74 (38.18% of Gen B)
|                Calc gb off-diag         102.54 (41.33% of Gen B)
|             Gen Born time            248.12 (100.0% of Nonbo)
|          Nonbond force            248.12 (99.29% of Force)
|          Bond/Angle/Dihedral        1.76 ( 0.70% of Force)
|          Other                      0.02 ( 0.01% of Force)
|       Force time               249.89 (100.0% of Runmd)
|    Runmd Time               249.89 (99.71% of Total)
|    Other                      0.74 ( 0.29% of Total)
| Total time               250.63 (100.0% of ALL  )

| Number of list builds   :          0

| Highest rstack allocated:          0
| Highest istack allocated:          0
|           Job began  at 13:21:48.447  on 02/03/2016
|           Setup done at 13:21:48.515  on 02/03/2016
|           Run   done at 13:25:59.076  on 02/03/2016
|     wallclock() was called   15256 times
