
          -------------------------------------------------------
          Amber 14 SANDER                              2014
          -------------------------------------------------------

| Run on 02/03/2016 at 14:42:26

|   Executable path: sander
| Working directory: /lustre/cs1500/scratch/kmb413/RealDecoyDisc/DecoyDiscrimination/decoys.set2.init/1aaj/Rosetta_relaxed
|          Hostname: slepner43


File Assignments:
|  MDIN: /scratch/kmb413/RealDecoyDisc/DecoyDiscrimination/scripts/min/min.in  
| MDOUT: NoH_5_empty_tag_1_543_0001.out                                        
|INPCRD: NoH_5_empty_tag_1_543_0001.rst7                                       
|  PARM: NoH_5_empty_tag_1_543_0001.parm7                                      
|RESTRT: min_NoH_5_empty_tag_1_543_0001.rst7                                   
|  REFC: NoH_5_empty_tag_1_543_0001.rst7                                       
| MDVEL: mdvel                                                                 
| MDFRC: mdfrc                                                                 
|  MDEN: mden                                                                  
| MDCRD: mdcrd                                                                 
|MDINFO: mdinfo                                                                
|  MTMD: mtmd                                                                  
|INPDIP: inpdip                                                                
|RSTDIP: rstdip                                                                
|INPTRA: inptraj                                                               


 Here is the input file:

                                                                               
&cntrl                                                                         
    imin = 1, maxcyc=1000,                                                     
    ntx = 1,                                                                   
    ntwr = 100, ntpr = 100,                                                    
    cut = 999.0,                                                               
    ntb = 0, igb = 8,                                                          
    ntr = 1, restraint_wt = 10, restraintmask = "!@H=",                        
/                                                                              

--------------------------------------------------------------------------------
   1.  RESOURCE   USE: 
--------------------------------------------------------------------------------

| Flags:                                                                        
| New format PARM file being parsed.
| Version =    1.000 Date = 02/03/16 Time = 11:53:02
 NATOM  =    1590 NTYPES =      14 NBONH =     791 MBONA  =     820
 NTHETH =    1812 MTHETA =    1115 NPHIH =    3578 MPHIA  =    3525
 NHPARM =       0 NPARM  =       0 NNB   =    8805 NRES   =     104
 NBONA  =     820 NTHETA =    1115 NPHIA =    3525 NUMBND =      65
 NUMANG =     152 NPTRA  =     189 NATYP =      33 NPHB   =       0
 IFBOX  =       0 NMXRS  =      24 IFCAP =       0 NEXTRA =       0
 NCOPY  =       0

 Implicit solvent radii are ArgH and AspGluO modified Bondi2 radii (mbondi3)                                
 Replacing prmtop screening parameters with GBn2 (igb=8) values

|     Memory Use     Allocated
|     Real              145027
|     Hollerith           4876
|     Integer           109197
|     Max Pairs              1
|     nblistReal             0
|     nblist Int             0
|       Total             1578 kbytes

| Note: 1-4 EEL scale factors are being read from the topology file.

| Note: 1-4 VDW scale factors are being read from the topology file.
| Duplicated    0 dihedrals
| Duplicated    0 dihedrals

--------------------------------------------------------------------------------
   2.  CONTROL  DATA  FOR  THE  RUN
--------------------------------------------------------------------------------

default_name                                                                    

General flags:
     imin    =       1, nmropt  =       0

Nature and format of input:
     ntx     =       1, irest   =       0, ntrx    =       1

Nature and format of output:
     ntxo    =       1, ntpr    =     100, ntrx    =       1, ntwr    =     100
     iwrap   =       0, ntwx    =       0, ntwv    =       0, ntwe    =       0
     ioutfm  =       0, ntwprt  =       0, idecomp =       0, rbornstat=      0

Potential function:
     ntf     =       1, ntb     =       0, igb     =       8, nsnb    =      25
     ipol    =       0, gbsa    =       0, iesp    =       0
     dielc   =   1.00000, cut     = 999.00000, intdiel =   1.00000
     saltcon =   0.00000, offset  =   0.19514, surften =   0.00500
     rdt     =   0.00000, rgbmax  =  25.00000  extdiel =  78.50000
     alpb  =        0
     gbalphaH  =   0.78844, gbbetaH   =   0.79870,  gbgammaH  =    0.43733
     gbalphaC  =   0.73376, gbbetaC   =   0.50638,  gbgammaC  =    0.20584
     gbalphaN  =   0.50336, gbbetaN   =   0.31683,  gbgammaN  =    0.19292
     gbalphaOS =   0.86781, gbbetaOS  =   0.87664,  gbgammaOS =    0.38788
     gbalphaP  =   1.00000, gbbetaP   =   0.80000,  gbgammaP  =    4.85000
     gb_alpha_hnu  =   0.53705, gb_beta_hnu   =   0.36286,  gb_gamma_hnu  =    0.11670
     gb_alpha_cnu  =   0.33167, gb_beta_cnu   =   0.19684,  gb_gamma_cnu  =    0.09342
     gb_alpha_nnu  =   0.68631, gb_beta_nnu   =   0.46319,  gb_gamma_nnu  =    0.13872
     gb_alpha_onu  =   0.60634, gb_beta_onu   =   0.46301,  gb_gamma_onu  =    0.14226
     gb_alpha_pnu  =   0.41836, gb_beta_pnu   =   0.29005,  gb_gamma_pnu  =    0.10642

Frozen or restrained atoms:
     ibelly  =       0, ntr     =       1
     restraint_wt =  10.00000

Energy minimization:
     maxcyc  =    1000, ncyc    =      10, ntmin   =       1
     dx0     =   0.01000, drms    =   0.00010
|  INFO: Old style inpcrd file read


    LOADING THE CONSTRAINED ATOMS AS GROUPS


   5.  REFERENCE ATOM COORDINATES

  defa
     Mask !@H=; matches   799 atoms

--------------------------------------------------------------------------------
   3.  ATOMIC COORDINATES AND VELOCITIES
--------------------------------------------------------------------------------

default_name                                                                    
 begin time read from input coords =     0.000 ps

 Number of triangulated 3-point waters found:        0

--------------------------------------------------------------------------------
   4.  RESULTS
--------------------------------------------------------------------------------



   NSTEP       ENERGY          RMS            GMAX         NAME    NUMBER
      1      -2.2035E+03     9.0682E+00     7.5157E+01     OXT      1590

 BOND    =       69.6275  ANGLE   =      211.4519  DIHED      =     1080.3892
 VDWAALS =     -642.3903  EEL     =    -7255.6476  EGB        =    -1818.5355
 1-4 VDW =      441.0707  1-4 EEL =     5710.5717  RESTRAINT  =        0.0000


   NSTEP       ENERGY          RMS            GMAX         NAME    NUMBER
    100      -2.5760E+03     2.6982E-01     3.9129E+00     HB       1383

 BOND    =       31.3681  ANGLE   =      205.8206  DIHED      =     1081.3702
 VDWAALS =     -786.1337  EEL     =    -7268.1439  EGB        =    -1841.3547
 1-4 VDW =      331.3200  1-4 EEL =     5628.5743  RESTRAINT  =       41.2194
 EAMBER  =    -2617.1792


   NSTEP       ENERGY          RMS            GMAX         NAME    NUMBER
    200      -2.5795E+03     1.1810E-01     1.2086E+00     CA          5

 BOND    =       31.3703  ANGLE   =      206.7981  DIHED      =     1080.5319
 VDWAALS =     -789.5126  EEL     =    -7269.9803  EGB        =    -1841.9456
 1-4 VDW =      331.0162  1-4 EEL =     5628.7926  RESTRAINT  =       43.4422
 EAMBER  =    -2622.9293


   NSTEP       ENERGY          RMS            GMAX         NAME    NUMBER
    300      -2.5798E+03     1.6015E-02     2.2620E-01     CA          5

 BOND    =       31.1071  ANGLE   =      206.2974  DIHED      =     1080.1767
 VDWAALS =     -789.8540  EEL     =    -7270.3667  EGB        =    -1841.1736
 1-4 VDW =      331.6315  1-4 EEL =     5628.9976  RESTRAINT  =       43.3643
 EAMBER  =    -2623.1839


   NSTEP       ENERGY          RMS            GMAX         NAME    NUMBER
    400      -2.5798E+03     3.4680E-02     7.3100E-01     HG1       605

 BOND    =       31.1189  ANGLE   =      206.2172  DIHED      =     1080.4266
 VDWAALS =     -789.9377  EEL     =    -7270.5786  EGB        =    -1841.0466
 1-4 VDW =      331.7324  1-4 EEL =     5628.8879  RESTRAINT  =       43.3407
 EAMBER  =    -2623.1799


   NSTEP       ENERGY          RMS            GMAX         NAME    NUMBER
    500      -2.5802E+03     2.3089E-01     5.1908E+00     HG1       605

 BOND    =       31.5827  ANGLE   =      207.0732  DIHED      =     1081.4734
 VDWAALS =     -790.5311  EEL     =    -7271.3597  EGB        =    -1841.7467
 1-4 VDW =      330.9347  1-4 EEL =     5628.4373  RESTRAINT  =       43.9122
 EAMBER  =    -2624.1360


   NSTEP       ENERGY          RMS            GMAX         NAME    NUMBER
    600      -2.5852E+03     2.1732E-02     3.2472E-01     CA        596

 BOND    =       31.1981  ANGLE   =      206.5016  DIHED      =     1080.0275
 VDWAALS =     -788.6731  EEL     =    -7275.6672  EGB        =    -1842.4046
 1-4 VDW =      331.7348  1-4 EEL =     5629.1814  RESTRAINT  =       42.9199
 EAMBER  =    -2628.1015


   NSTEP       ENERGY          RMS            GMAX         NAME    NUMBER
    700      -2.5852E+03     3.1113E-03     6.2197E-02     HG1      1213

 BOND    =       31.1569  ANGLE   =      206.4278  DIHED      =     1080.0820
 VDWAALS =     -788.5870  EEL     =    -7275.6873  EGB        =    -1842.6047
 1-4 VDW =      331.8433  1-4 EEL =     5629.3324  RESTRAINT  =       42.8363
 EAMBER  =    -2628.0367


   NSTEP       ENERGY          RMS            GMAX         NAME    NUMBER
    800      -2.5852E+03     1.1668E-02     1.3384E-01     NE2      1361

 BOND    =       31.1578  ANGLE   =      206.4335  DIHED      =     1080.1721
 VDWAALS =     -788.5943  EEL     =    -7275.9764  EGB        =    -1842.5703
 1-4 VDW =      331.8401  1-4 EEL =     5629.4923  RESTRAINT  =       42.8420
 EAMBER  =    -2628.0451


   NSTEP       ENERGY          RMS            GMAX         NAME    NUMBER
    900      -2.5852E+03     3.7113E-02     7.5495E-01     HG       1180

 BOND    =       31.1664  ANGLE   =      206.4807  DIHED      =     1080.3915
 VDWAALS =     -788.6706  EEL     =    -7277.0939  EGB        =    -1841.8076
 1-4 VDW =      331.7616  1-4 EEL =     5629.6583  RESTRAINT  =       42.8932
 EAMBER  =    -2628.1134


   NSTEP       ENERGY          RMS            GMAX         NAME    NUMBER
   1000      -2.5916E+03     7.5500E-02     1.2355E+00     HG       1180

 BOND    =       31.3679  ANGLE   =      206.6899  DIHED      =     1079.8615
 VDWAALS =     -787.3176  EEL     =    -7286.5806  EGB        =    -1838.9492
 1-4 VDW =      331.5328  1-4 EEL =     5629.2429  RESTRAINT  =       42.5979
 EAMBER  =    -2634.1525


  Maximum number of minimization cycles reached.


                    FINAL RESULTS



   NSTEP       ENERGY          RMS            GMAX         NAME    NUMBER
   1000      -2.5916E+03     7.5500E-02     1.2355E+00     HG       1180

 BOND    =       31.3679  ANGLE   =      206.6899  DIHED      =     1079.8615
 VDWAALS =     -787.3176  EEL     =    -7286.5806  EGB        =    -1838.9492
 1-4 VDW =      331.5328  1-4 EEL =     5629.2429  RESTRAINT  =       42.5979
 EAMBER  =    -2634.1525

--------------------------------------------------------------------------------
   5.  TIMINGS
--------------------------------------------------------------------------------

|                Calc gb radii             58.43 (20.28% of Gen B)
|                Calc gb diag             107.95 (37.47% of Gen B)
|                Calc gb off-diag         121.71 (42.25% of Gen B)
|             Gen Born time            288.09 (100.0% of Nonbo)
|          Nonbond force            288.10 (99.28% of Force)
|          Bond/Angle/Dihedral        2.08 ( 0.72% of Force)
|          Other                      0.02 ( 0.01% of Force)
|       Force time               290.19 (100.0% of Runmd)
|    Runmd Time               290.19 (99.69% of Total)
|    Other                      0.89 ( 0.31% of Total)
| Total time               291.08 (100.0% of ALL  )

| Number of list builds   :          0

| Highest rstack allocated:          0
| Highest istack allocated:          0
|           Job began  at 14:42:26.652  on 02/03/2016
|           Setup done at 14:42:26.726  on 02/03/2016
|           Run   done at 14:47:17.732  on 02/03/2016
|     wallclock() was called   18028 times
