
          -------------------------------------------------------
          Amber 14 SANDER                              2014
          -------------------------------------------------------

| Run on 02/03/2016 at 13:38:54

|   Executable path: sander
| Working directory: /lustre/cs1500/scratch/kmb413/RealDecoyDisc/DecoyDiscrimination/decoys.set2.init/1aaj/Rosetta_relaxed
|          Hostname: slepner36


File Assignments:
|  MDIN: /scratch/kmb413/RealDecoyDisc/DecoyDiscrimination/scripts/min/min.in  
| MDOUT: NoH_4_empty_tag_1600_0001_0001.out                                    
|INPCRD: NoH_4_empty_tag_1600_0001_0001.rst7                                   
|  PARM: NoH_4_empty_tag_1600_0001_0001.parm7                                  
|RESTRT: min_NoH_4_empty_tag_1600_0001_0001.rst7                               
|  REFC: NoH_4_empty_tag_1600_0001_0001.rst7                                   
| MDVEL: mdvel                                                                 
| MDFRC: mdfrc                                                                 
|  MDEN: mden                                                                  
| MDCRD: mdcrd                                                                 
|MDINFO: mdinfo                                                                
|  MTMD: mtmd                                                                  
|INPDIP: inpdip                                                                
|RSTDIP: rstdip                                                                
|INPTRA: inptraj                                                               


 Here is the input file:

                                                                               
&cntrl                                                                         
    imin = 1, maxcyc=1000,                                                     
    ntx = 1,                                                                   
    ntwr = 100, ntpr = 100,                                                    
    cut = 999.0,                                                               
    ntb = 0, igb = 8,                                                          
    ntr = 1, restraint_wt = 10, restraintmask = "!@H=",                        
/                                                                              

--------------------------------------------------------------------------------
   1.  RESOURCE   USE: 
--------------------------------------------------------------------------------

| Flags:                                                                        
| New format PARM file being parsed.
| Version =    1.000 Date = 02/03/16 Time = 11:51:17
 NATOM  =    1590 NTYPES =      14 NBONH =     791 MBONA  =     820
 NTHETH =    1812 MTHETA =    1115 NPHIH =    3578 MPHIA  =    3525
 NHPARM =       0 NPARM  =       0 NNB   =    8805 NRES   =     104
 NBONA  =     820 NTHETA =    1115 NPHIA =    3525 NUMBND =      65
 NUMANG =     152 NPTRA  =     189 NATYP =      33 NPHB   =       0
 IFBOX  =       0 NMXRS  =      24 IFCAP =       0 NEXTRA =       0
 NCOPY  =       0

 Implicit solvent radii are ArgH and AspGluO modified Bondi2 radii (mbondi3)                                
 Replacing prmtop screening parameters with GBn2 (igb=8) values

|     Memory Use     Allocated
|     Real              145027
|     Hollerith           4876
|     Integer           109197
|     Max Pairs              1
|     nblistReal             0
|     nblist Int             0
|       Total             1578 kbytes

| Note: 1-4 EEL scale factors are being read from the topology file.

| Note: 1-4 VDW scale factors are being read from the topology file.
| Duplicated    0 dihedrals
| Duplicated    0 dihedrals

--------------------------------------------------------------------------------
   2.  CONTROL  DATA  FOR  THE  RUN
--------------------------------------------------------------------------------

default_name                                                                    

General flags:
     imin    =       1, nmropt  =       0

Nature and format of input:
     ntx     =       1, irest   =       0, ntrx    =       1

Nature and format of output:
     ntxo    =       1, ntpr    =     100, ntrx    =       1, ntwr    =     100
     iwrap   =       0, ntwx    =       0, ntwv    =       0, ntwe    =       0
     ioutfm  =       0, ntwprt  =       0, idecomp =       0, rbornstat=      0

Potential function:
     ntf     =       1, ntb     =       0, igb     =       8, nsnb    =      25
     ipol    =       0, gbsa    =       0, iesp    =       0
     dielc   =   1.00000, cut     = 999.00000, intdiel =   1.00000
     saltcon =   0.00000, offset  =   0.19514, surften =   0.00500
     rdt     =   0.00000, rgbmax  =  25.00000  extdiel =  78.50000
     alpb  =        0
     gbalphaH  =   0.78844, gbbetaH   =   0.79870,  gbgammaH  =    0.43733
     gbalphaC  =   0.73376, gbbetaC   =   0.50638,  gbgammaC  =    0.20584
     gbalphaN  =   0.50336, gbbetaN   =   0.31683,  gbgammaN  =    0.19292
     gbalphaOS =   0.86781, gbbetaOS  =   0.87664,  gbgammaOS =    0.38788
     gbalphaP  =   1.00000, gbbetaP   =   0.80000,  gbgammaP  =    4.85000
     gb_alpha_hnu  =   0.53705, gb_beta_hnu   =   0.36286,  gb_gamma_hnu  =    0.11670
     gb_alpha_cnu  =   0.33167, gb_beta_cnu   =   0.19684,  gb_gamma_cnu  =    0.09342
     gb_alpha_nnu  =   0.68631, gb_beta_nnu   =   0.46319,  gb_gamma_nnu  =    0.13872
     gb_alpha_onu  =   0.60634, gb_beta_onu   =   0.46301,  gb_gamma_onu  =    0.14226
     gb_alpha_pnu  =   0.41836, gb_beta_pnu   =   0.29005,  gb_gamma_pnu  =    0.10642

Frozen or restrained atoms:
     ibelly  =       0, ntr     =       1
     restraint_wt =  10.00000

Energy minimization:
     maxcyc  =    1000, ncyc    =      10, ntmin   =       1
     dx0     =   0.01000, drms    =   0.00010
|  INFO: Old style inpcrd file read


    LOADING THE CONSTRAINED ATOMS AS GROUPS


   5.  REFERENCE ATOM COORDINATES

  defa
     Mask !@H=; matches   799 atoms

--------------------------------------------------------------------------------
   3.  ATOMIC COORDINATES AND VELOCITIES
--------------------------------------------------------------------------------

default_name                                                                    
 begin time read from input coords =     0.000 ps

 Number of triangulated 3-point waters found:        0

--------------------------------------------------------------------------------
   4.  RESULTS
--------------------------------------------------------------------------------



   NSTEP       ENERGY          RMS            GMAX         NAME    NUMBER
      1      -2.1978E+03     9.1033E+00     5.8017E+01     OE1       730

 BOND    =       69.4226  ANGLE   =      211.4502  DIHED      =     1074.8748
 VDWAALS =     -662.4345  EEL     =    -7190.5819  EGB        =    -1856.1187
 1-4 VDW =      438.6737  1-4 EEL =     5716.8905  RESTRAINT  =        0.0000


   NSTEP       ENERGY          RMS            GMAX         NAME    NUMBER
    100      -2.5714E+03     3.5387E-01     3.6031E+00     CE2       650

 BOND    =       30.9366  ANGLE   =      206.9721  DIHED      =     1080.6566
 VDWAALS =     -809.9346  EEL     =    -7217.9890  EGB        =    -1876.7733
 1-4 VDW =      331.5421  1-4 EEL =     5639.2398  RESTRAINT  =       43.9548
 EAMBER  =    -2615.3496


   NSTEP       ENERGY          RMS            GMAX         NAME    NUMBER
    200      -2.5826E+03     2.6005E-01     3.9217E+00     CE2       650

 BOND    =       31.0505  ANGLE   =      207.5215  DIHED      =     1079.3496
 VDWAALS =     -810.8057  EEL     =    -7233.4124  EGB        =    -1872.8826
 1-4 VDW =      331.3256  1-4 EEL =     5639.9303  RESTRAINT  =       45.3148
 EAMBER  =    -2627.9232


   NSTEP       ENERGY          RMS            GMAX         NAME    NUMBER
    300      -2.5881E+03     1.6363E-01     2.4061E+00     HG       1180

 BOND    =       31.0489  ANGLE   =      207.6230  DIHED      =     1077.3136
 VDWAALS =     -810.7188  EEL     =    -7242.3957  EGB        =    -1869.2518
 1-4 VDW =      331.2060  1-4 EEL =     5641.6777  RESTRAINT  =       45.4377
 EAMBER  =    -2633.4973


   NSTEP       ENERGY          RMS            GMAX         NAME    NUMBER
    400      -2.5886E+03     2.5563E-02     4.5787E-01     CE2       650

 BOND    =       30.7959  ANGLE   =      206.6829  DIHED      =     1076.8857
 VDWAALS =     -810.4932  EEL     =    -7241.8733  EGB        =    -1869.9177
 1-4 VDW =      332.2244  1-4 EEL =     5642.0612  RESTRAINT  =       45.0223
 EAMBER  =    -2633.6340


   NSTEP       ENERGY          RMS            GMAX         NAME    NUMBER
    500      -2.5886E+03     5.8491E-02     1.6261E+00     HG1      1213

 BOND    =       30.8528  ANGLE   =      206.7195  DIHED      =     1076.9856
 VDWAALS =     -810.5386  EEL     =    -7243.0261  EGB        =    -1869.2411
 1-4 VDW =      332.1939  1-4 EEL =     5642.3305  RESTRAINT  =       45.1000
 EAMBER  =    -2633.7235


   NSTEP       ENERGY          RMS            GMAX         NAME    NUMBER
    600      -2.5892E+03     1.0903E-01     2.2657E+00     OG1      1212

 BOND    =       30.9621  ANGLE   =      207.0795  DIHED      =     1076.4892
 VDWAALS =     -810.8665  EEL     =    -7246.8087  EGB        =    -1866.2021
 1-4 VDW =      331.9153  1-4 EEL =     5642.8669  RESTRAINT  =       45.4019
 EAMBER  =    -2634.5642


   NSTEP       ENERGY          RMS            GMAX         NAME    NUMBER
    700      -2.5898E+03     6.0047E-03     1.2546E-01     HG1      1213

 BOND    =       30.8166  ANGLE   =      206.7922  DIHED      =     1075.4449
 VDWAALS =     -810.8171  EEL     =    -7248.6390  EGB        =    -1864.4992
 1-4 VDW =      332.2385  1-4 EEL =     5643.6440  RESTRAINT  =       45.2165
 EAMBER  =    -2635.0191


   NSTEP       ENERGY          RMS            GMAX         NAME    NUMBER
    800      -2.5898E+03     5.6973E-04     7.0597E-03     HG23     1245

 BOND    =       30.8035  ANGLE   =      206.7708  DIHED      =     1075.4106
 VDWAALS =     -810.7971  EEL     =    -7248.7051  EGB        =    -1864.4555
 1-4 VDW =      332.2631  1-4 EEL =     5643.6894  RESTRAINT  =       45.2147
 EAMBER  =    -2635.0203


   NSTEP       ENERGY          RMS            GMAX         NAME    NUMBER
    900      -2.5898E+03     1.3383E-04     2.3846E-03     CE2       650

 BOND    =       30.8043  ANGLE   =      206.7712  DIHED      =     1075.4089
 VDWAALS =     -810.7949  EEL     =    -7248.7146  EGB        =    -1864.4523
 1-4 VDW =      332.2612  1-4 EEL =     5643.6915  RESTRAINT  =       45.2192
 EAMBER  =    -2635.0248

     ... RESTARTED DUE TO LINMIN FAILURE ...

     ... RESTARTED DUE TO LINMIN FAILURE ...


                    FINAL RESULTS



   NSTEP       ENERGY          RMS            GMAX         NAME    NUMBER
    965      -2.5898E+03     9.9122E-05     2.2076E-03     CD2       659

 BOND    =       30.8041  ANGLE   =      206.7709  DIHED      =     1075.4087
 VDWAALS =     -810.7942  EEL     =    -7248.7152  EGB        =    -1864.4522
 1-4 VDW =      332.2614  1-4 EEL =     5643.6919  RESTRAINT  =       45.2190
 EAMBER  =    -2635.0246

--------------------------------------------------------------------------------
   5.  TIMINGS
--------------------------------------------------------------------------------

|                Calc gb radii             57.31 (20.39% of Gen B)
|                Calc gb diag             106.64 (37.93% of Gen B)
|                Calc gb off-diag         117.18 (41.68% of Gen B)
|             Gen Born time            281.14 (100.0% of Nonbo)
|          Nonbond force            281.14 (99.29% of Force)
|          Bond/Angle/Dihedral        2.00 ( 0.71% of Force)
|          Other                      0.02 ( 0.01% of Force)
|       Force time               283.15 (100.0% of Runmd)
|    Runmd Time               283.15 (99.65% of Total)
|    Other                      1.00 ( 0.35% of Total)
| Total time               284.15 (100.0% of ALL  )

| Number of list builds   :          0

| Highest rstack allocated:          0
| Highest istack allocated:          0
|           Job began  at 13:38:54.693  on 02/03/2016
|           Setup done at 13:38:54.781  on 02/03/2016
|           Run   done at 13:43:38.846  on 02/03/2016
|     wallclock() was called   17398 times
