
          -------------------------------------------------------
          Amber 14 SANDER                              2014
          -------------------------------------------------------

| Run on 02/03/2016 at 13:50:37

|   Executable path: sander
| Working directory: /lustre/cs1500/scratch/kmb413/RealDecoyDisc/DecoyDiscrimination/decoys.set2.init/1aaj/Rosetta_relaxed
|          Hostname: slepner30


File Assignments:
|  MDIN: /scratch/kmb413/RealDecoyDisc/DecoyDiscrimination/scripts/min/min.in  
| MDOUT: NoH_2_empty_tag_332_0001_0001.out                                     
|INPCRD: NoH_2_empty_tag_332_0001_0001.rst7                                    
|  PARM: NoH_2_empty_tag_332_0001_0001.parm7                                   
|RESTRT: min_NoH_2_empty_tag_332_0001_0001.rst7                                
|  REFC: NoH_2_empty_tag_332_0001_0001.rst7                                    
| MDVEL: mdvel                                                                 
| MDFRC: mdfrc                                                                 
|  MDEN: mden                                                                  
| MDCRD: mdcrd                                                                 
|MDINFO: mdinfo                                                                
|  MTMD: mtmd                                                                  
|INPDIP: inpdip                                                                
|RSTDIP: rstdip                                                                
|INPTRA: inptraj                                                               


 Here is the input file:

                                                                               
&cntrl                                                                         
    imin = 1, maxcyc=1000,                                                     
    ntx = 1,                                                                   
    ntwr = 100, ntpr = 100,                                                    
    cut = 999.0,                                                               
    ntb = 0, igb = 8,                                                          
    ntr = 1, restraint_wt = 10, restraintmask = "!@H=",                        
/                                                                              

--------------------------------------------------------------------------------
   1.  RESOURCE   USE: 
--------------------------------------------------------------------------------

| Flags:                                                                        
| New format PARM file being parsed.
| Version =    1.000 Date = 02/03/16 Time = 11:47:55
 NATOM  =    1590 NTYPES =      14 NBONH =     791 MBONA  =     820
 NTHETH =    1812 MTHETA =    1115 NPHIH =    3578 MPHIA  =    3525
 NHPARM =       0 NPARM  =       0 NNB   =    8805 NRES   =     104
 NBONA  =     820 NTHETA =    1115 NPHIA =    3525 NUMBND =      65
 NUMANG =     152 NPTRA  =     189 NATYP =      33 NPHB   =       0
 IFBOX  =       0 NMXRS  =      24 IFCAP =       0 NEXTRA =       0
 NCOPY  =       0

 Implicit solvent radii are ArgH and AspGluO modified Bondi2 radii (mbondi3)                                
 Replacing prmtop screening parameters with GBn2 (igb=8) values

|     Memory Use     Allocated
|     Real              145027
|     Hollerith           4876
|     Integer           109197
|     Max Pairs              1
|     nblistReal             0
|     nblist Int             0
|       Total             1578 kbytes

| Note: 1-4 EEL scale factors are being read from the topology file.

| Note: 1-4 VDW scale factors are being read from the topology file.
| Duplicated    0 dihedrals
| Duplicated    0 dihedrals

--------------------------------------------------------------------------------
   2.  CONTROL  DATA  FOR  THE  RUN
--------------------------------------------------------------------------------

default_name                                                                    

General flags:
     imin    =       1, nmropt  =       0

Nature and format of input:
     ntx     =       1, irest   =       0, ntrx    =       1

Nature and format of output:
     ntxo    =       1, ntpr    =     100, ntrx    =       1, ntwr    =     100
     iwrap   =       0, ntwx    =       0, ntwv    =       0, ntwe    =       0
     ioutfm  =       0, ntwprt  =       0, idecomp =       0, rbornstat=      0

Potential function:
     ntf     =       1, ntb     =       0, igb     =       8, nsnb    =      25
     ipol    =       0, gbsa    =       0, iesp    =       0
     dielc   =   1.00000, cut     = 999.00000, intdiel =   1.00000
     saltcon =   0.00000, offset  =   0.19514, surften =   0.00500
     rdt     =   0.00000, rgbmax  =  25.00000  extdiel =  78.50000
     alpb  =        0
     gbalphaH  =   0.78844, gbbetaH   =   0.79870,  gbgammaH  =    0.43733
     gbalphaC  =   0.73376, gbbetaC   =   0.50638,  gbgammaC  =    0.20584
     gbalphaN  =   0.50336, gbbetaN   =   0.31683,  gbgammaN  =    0.19292
     gbalphaOS =   0.86781, gbbetaOS  =   0.87664,  gbgammaOS =    0.38788
     gbalphaP  =   1.00000, gbbetaP   =   0.80000,  gbgammaP  =    4.85000
     gb_alpha_hnu  =   0.53705, gb_beta_hnu   =   0.36286,  gb_gamma_hnu  =    0.11670
     gb_alpha_cnu  =   0.33167, gb_beta_cnu   =   0.19684,  gb_gamma_cnu  =    0.09342
     gb_alpha_nnu  =   0.68631, gb_beta_nnu   =   0.46319,  gb_gamma_nnu  =    0.13872
     gb_alpha_onu  =   0.60634, gb_beta_onu   =   0.46301,  gb_gamma_onu  =    0.14226
     gb_alpha_pnu  =   0.41836, gb_beta_pnu   =   0.29005,  gb_gamma_pnu  =    0.10642

Frozen or restrained atoms:
     ibelly  =       0, ntr     =       1
     restraint_wt =  10.00000

Energy minimization:
     maxcyc  =    1000, ncyc    =      10, ntmin   =       1
     dx0     =   0.01000, drms    =   0.00010
|  INFO: Old style inpcrd file read


    LOADING THE CONSTRAINED ATOMS AS GROUPS


   5.  REFERENCE ATOM COORDINATES

  defa
     Mask !@H=; matches   799 atoms

--------------------------------------------------------------------------------
   3.  ATOMIC COORDINATES AND VELOCITIES
--------------------------------------------------------------------------------

default_name                                                                    
 begin time read from input coords =     0.000 ps

 Number of triangulated 3-point waters found:        0

--------------------------------------------------------------------------------
   4.  RESULTS
--------------------------------------------------------------------------------



   NSTEP       ENERGY          RMS            GMAX         NAME    NUMBER
      1      -2.1766E+03     9.1337E+00     6.9969E+01     OXT      1590

 BOND    =       69.9349  ANGLE   =      211.9640  DIHED      =     1079.1435
 VDWAALS =     -627.9519  EEL     =    -7171.2527  EGB        =    -1897.7272
 1-4 VDW =      436.2531  1-4 EEL =     5722.9990  RESTRAINT  =        0.0000


   NSTEP       ENERGY          RMS            GMAX         NAME    NUMBER
    100      -2.5543E+03     3.6628E-01     2.8229E+00     NE1       648

 BOND    =       31.6793  ANGLE   =      207.3995  DIHED      =     1086.6624
 VDWAALS =     -784.1490  EEL     =    -7198.4632  EGB        =    -1915.4348
 1-4 VDW =      328.6374  1-4 EEL =     5645.6025  RESTRAINT  =       43.7796
 EAMBER  =    -2598.0659


   NSTEP       ENERGY          RMS            GMAX         NAME    NUMBER
    200      -2.5703E+03     2.5356E-01     6.0904E+00     CD        193

 BOND    =       31.4497  ANGLE   =      208.0428  DIHED      =     1083.3099
 VDWAALS =     -785.8516  EEL     =    -7214.1973  EGB        =    -1910.3361
 1-4 VDW =      328.4787  1-4 EEL =     5644.1661  RESTRAINT  =       44.6766
 EAMBER  =    -2614.9379


   NSTEP       ENERGY          RMS            GMAX         NAME    NUMBER
    300      -2.5730E+03     1.5027E-01     2.6570E+00     HG       1375

 BOND    =       31.3678  ANGLE   =      206.8363  DIHED      =     1081.5102
 VDWAALS =     -786.2124  EEL     =    -7217.3925  EGB        =    -1907.1609
 1-4 VDW =      329.2147  1-4 EEL =     5644.4968  RESTRAINT  =       44.3632
 EAMBER  =    -2617.3401


   NSTEP       ENERGY          RMS            GMAX         NAME    NUMBER
    400      -2.5736E+03     1.6150E-01     3.7716E+00     HG       1375

 BOND    =       31.4656  ANGLE   =      207.3872  DIHED      =     1081.9465
 VDWAALS =     -786.5801  EEL     =    -7219.6814  EGB        =    -1906.0122
 1-4 VDW =      328.8114  1-4 EEL =     5644.3191  RESTRAINT  =       44.7000
 EAMBER  =    -2618.3439


   NSTEP       ENERGY          RMS            GMAX         NAME    NUMBER
    500      -2.5759E+03     1.2933E-01     3.4187E+00     HG       1375

 BOND    =       31.4563  ANGLE   =      207.3795  DIHED      =     1080.6183
 VDWAALS =     -786.5153  EEL     =    -7222.2857  EGB        =    -1904.0376
 1-4 VDW =      328.9524  1-4 EEL =     5643.8916  RESTRAINT  =       44.6167
 EAMBER  =    -2620.5404


   NSTEP       ENERGY          RMS            GMAX         NAME    NUMBER
    600      -2.5769E+03     5.3100E-01     1.7534E+01     HG1       635

 BOND    =       32.5588  ANGLE   =      209.3111  DIHED      =     1081.8458
 VDWAALS =     -787.4955  EEL     =    -7225.3701  EGB        =    -1904.0094
 1-4 VDW =      327.4908  1-4 EEL =     5642.8808  RESTRAINT  =       45.8613
 EAMBER  =    -2622.7875


   NSTEP       ENERGY          RMS            GMAX         NAME    NUMBER
    700      -2.5817E+03     2.5085E-02     7.0663E-01     CD        193

 BOND    =       31.3475  ANGLE   =      206.9190  DIHED      =     1079.9734
 VDWAALS =     -784.9081  EEL     =    -7227.6182  EGB        =    -1904.4666
 1-4 VDW =      329.3593  1-4 EEL =     5643.5848  RESTRAINT  =       44.0902
 EAMBER  =    -2625.8090


   NSTEP       ENERGY          RMS            GMAX         NAME    NUMBER
    800      -2.5817E+03     1.1760E-03     1.9349E-02     CA        626

 BOND    =       31.3237  ANGLE   =      206.8853  DIHED      =     1079.9567
 VDWAALS =     -784.8742  EEL     =    -7227.5493  EGB        =    -1904.5276
 1-4 VDW =      329.4143  1-4 EEL =     5643.5883  RESTRAINT  =       44.0599
 EAMBER  =    -2625.7827


   NSTEP       ENERGY          RMS            GMAX         NAME    NUMBER
    900      -2.5817E+03     2.4544E-04     3.1731E-03     HG1       635

 BOND    =       31.3222  ANGLE   =      206.8814  DIHED      =     1079.9555
 VDWAALS =     -784.8704  EEL     =    -7227.5390  EGB        =    -1904.5389
 1-4 VDW =      329.4199  1-4 EEL =     5643.5902  RESTRAINT  =       44.0563
 EAMBER  =    -2625.7792


                    FINAL RESULTS



   NSTEP       ENERGY          RMS            GMAX         NAME    NUMBER
    948      -2.5817E+03     9.2464E-05     1.2097E-03     CD2      1346

 BOND    =       31.3220  ANGLE   =      206.8814  DIHED      =     1079.9555
 VDWAALS =     -784.8708  EEL     =    -7227.5373  EGB        =    -1904.5415
 1-4 VDW =      329.4202  1-4 EEL =     5643.5912  RESTRAINT  =       44.0564
 EAMBER  =    -2625.7793

--------------------------------------------------------------------------------
   5.  TIMINGS
--------------------------------------------------------------------------------

|                Calc gb radii             56.50 (20.09% of Gen B)
|                Calc gb diag             107.73 (38.30% of Gen B)
|                Calc gb off-diag         117.04 (41.61% of Gen B)
|             Gen Born time            281.28 (100.0% of Nonbo)
|          Nonbond force            281.28 (99.30% of Force)
|          Bond/Angle/Dihedral        1.96 ( 0.69% of Force)
|          Other                      0.02 ( 0.01% of Force)
|       Force time               283.25 (100.0% of Runmd)
|    Runmd Time               283.25 (99.74% of Total)
|    Other                      0.73 ( 0.26% of Total)
| Total time               283.99 (100.0% of ALL  )

| Number of list builds   :          0

| Highest rstack allocated:          0
| Highest istack allocated:          0
|           Job began  at 13:50:37.836  on 02/03/2016
|           Setup done at 13:50:37.887  on 02/03/2016
|           Run   done at 13:55:21.823  on 02/03/2016
|     wallclock() was called   17092 times
