
          -------------------------------------------------------
          Amber 14 SANDER                              2014
          -------------------------------------------------------

| Run on 02/03/2016 at 13:34:20

|   Executable path: sander
| Working directory: /lustre/cs1500/scratch/kmb413/RealDecoyDisc/DecoyDiscrimination/decoys.set2.init/1aaj/Rosetta_relaxed
|          Hostname: slepner35


File Assignments:
|  MDIN: /scratch/kmb413/RealDecoyDisc/DecoyDiscrimination/scripts/min/min.in  
| MDOUT: NoH_1_empty_tag_1081_0001_0001.out                                    
|INPCRD: NoH_1_empty_tag_1081_0001_0001.rst7                                   
|  PARM: NoH_1_empty_tag_1081_0001_0001.parm7                                  
|RESTRT: min_NoH_1_empty_tag_1081_0001_0001.rst7                               
|  REFC: NoH_1_empty_tag_1081_0001_0001.rst7                                   
| MDVEL: mdvel                                                                 
| MDFRC: mdfrc                                                                 
|  MDEN: mden                                                                  
| MDCRD: mdcrd                                                                 
|MDINFO: mdinfo                                                                
|  MTMD: mtmd                                                                  
|INPDIP: inpdip                                                                
|RSTDIP: rstdip                                                                
|INPTRA: inptraj                                                               


 Here is the input file:

                                                                               
&cntrl                                                                         
    imin = 1, maxcyc=1000,                                                     
    ntx = 1,                                                                   
    ntwr = 100, ntpr = 100,                                                    
    cut = 999.0,                                                               
    ntb = 0, igb = 8,                                                          
    ntr = 1, restraint_wt = 10, restraintmask = "!@H=",                        
/                                                                              

--------------------------------------------------------------------------------
   1.  RESOURCE   USE: 
--------------------------------------------------------------------------------

| Flags:                                                                        
| New format PARM file being parsed.
| Version =    1.000 Date = 02/03/16 Time = 11:44:28
 NATOM  =    1590 NTYPES =      14 NBONH =     791 MBONA  =     820
 NTHETH =    1812 MTHETA =    1115 NPHIH =    3578 MPHIA  =    3525
 NHPARM =       0 NPARM  =       0 NNB   =    8805 NRES   =     104
 NBONA  =     820 NTHETA =    1115 NPHIA =    3525 NUMBND =      65
 NUMANG =     152 NPTRA  =     189 NATYP =      33 NPHB   =       0
 IFBOX  =       0 NMXRS  =      24 IFCAP =       0 NEXTRA =       0
 NCOPY  =       0

 Implicit solvent radii are ArgH and AspGluO modified Bondi2 radii (mbondi3)                                
 Replacing prmtop screening parameters with GBn2 (igb=8) values

|     Memory Use     Allocated
|     Real              145027
|     Hollerith           4876
|     Integer           109197
|     Max Pairs              1
|     nblistReal             0
|     nblist Int             0
|       Total             1578 kbytes

| Note: 1-4 EEL scale factors are being read from the topology file.

| Note: 1-4 VDW scale factors are being read from the topology file.
| Duplicated    0 dihedrals
| Duplicated    0 dihedrals

--------------------------------------------------------------------------------
   2.  CONTROL  DATA  FOR  THE  RUN
--------------------------------------------------------------------------------

default_name                                                                    

General flags:
     imin    =       1, nmropt  =       0

Nature and format of input:
     ntx     =       1, irest   =       0, ntrx    =       1

Nature and format of output:
     ntxo    =       1, ntpr    =     100, ntrx    =       1, ntwr    =     100
     iwrap   =       0, ntwx    =       0, ntwv    =       0, ntwe    =       0
     ioutfm  =       0, ntwprt  =       0, idecomp =       0, rbornstat=      0

Potential function:
     ntf     =       1, ntb     =       0, igb     =       8, nsnb    =      25
     ipol    =       0, gbsa    =       0, iesp    =       0
     dielc   =   1.00000, cut     = 999.00000, intdiel =   1.00000
     saltcon =   0.00000, offset  =   0.19514, surften =   0.00500
     rdt     =   0.00000, rgbmax  =  25.00000  extdiel =  78.50000
     alpb  =        0
     gbalphaH  =   0.78844, gbbetaH   =   0.79870,  gbgammaH  =    0.43733
     gbalphaC  =   0.73376, gbbetaC   =   0.50638,  gbgammaC  =    0.20584
     gbalphaN  =   0.50336, gbbetaN   =   0.31683,  gbgammaN  =    0.19292
     gbalphaOS =   0.86781, gbbetaOS  =   0.87664,  gbgammaOS =    0.38788
     gbalphaP  =   1.00000, gbbetaP   =   0.80000,  gbgammaP  =    4.85000
     gb_alpha_hnu  =   0.53705, gb_beta_hnu   =   0.36286,  gb_gamma_hnu  =    0.11670
     gb_alpha_cnu  =   0.33167, gb_beta_cnu   =   0.19684,  gb_gamma_cnu  =    0.09342
     gb_alpha_nnu  =   0.68631, gb_beta_nnu   =   0.46319,  gb_gamma_nnu  =    0.13872
     gb_alpha_onu  =   0.60634, gb_beta_onu   =   0.46301,  gb_gamma_onu  =    0.14226
     gb_alpha_pnu  =   0.41836, gb_beta_pnu   =   0.29005,  gb_gamma_pnu  =    0.10642

Frozen or restrained atoms:
     ibelly  =       0, ntr     =       1
     restraint_wt =  10.00000

Energy minimization:
     maxcyc  =    1000, ncyc    =      10, ntmin   =       1
     dx0     =   0.01000, drms    =   0.00010
|  INFO: Old style inpcrd file read


    LOADING THE CONSTRAINED ATOMS AS GROUPS


   5.  REFERENCE ATOM COORDINATES

  defa
     Mask !@H=; matches   799 atoms

--------------------------------------------------------------------------------
   3.  ATOMIC COORDINATES AND VELOCITIES
--------------------------------------------------------------------------------

default_name                                                                    
 begin time read from input coords =     0.000 ps

 Number of triangulated 3-point waters found:        0

--------------------------------------------------------------------------------
   4.  RESULTS
--------------------------------------------------------------------------------



   NSTEP       ENERGY          RMS            GMAX         NAME    NUMBER
      1      -2.2211E+03     9.0984E+00     6.0652E+01     OE1      1586

 BOND    =       69.5368  ANGLE   =      210.9950  DIHED      =     1081.3827
 VDWAALS =     -660.6997  EEL     =    -7297.2114  EGB        =    -1756.0987
 1-4 VDW =      437.9083  1-4 EEL =     5693.0526  RESTRAINT  =        0.0000


   NSTEP       ENERGY          RMS            GMAX         NAME    NUMBER
    100      -2.5878E+03     7.0110E-01     6.6229E+00     HG1      1389

 BOND    =       31.9113  ANGLE   =      207.4935  DIHED      =     1082.4554
 VDWAALS =     -796.9309  EEL     =    -7318.6789  EGB        =    -1775.3741
 1-4 VDW =      329.1298  1-4 EEL =     5609.6029  RESTRAINT  =       42.6366
 EAMBER  =    -2630.3911


   NSTEP       ENERGY          RMS            GMAX         NAME    NUMBER
    200      -2.6003E+03     9.0631E-02     1.4351E+00     H1          2

 BOND    =       31.1071  ANGLE   =      205.7709  DIHED      =     1079.3188
 VDWAALS =     -796.0672  EEL     =    -7329.0099  EGB        =    -1775.1956
 1-4 VDW =      330.7974  1-4 EEL =     5611.3972  RESTRAINT  =       41.5938
 EAMBER  =    -2641.8813


   NSTEP       ENERGY          RMS            GMAX         NAME    NUMBER
    300      -2.6070E+03     1.3088E-01     2.0191E+00     CA        596

 BOND    =       31.3256  ANGLE   =      206.4400  DIHED      =     1078.7902
 VDWAALS =     -796.2850  EEL     =    -7333.4881  EGB        =    -1778.0367
 1-4 VDW =      330.6061  1-4 EEL =     5611.2707  RESTRAINT  =       42.3366
 EAMBER  =    -2649.3774


   NSTEP       ENERGY          RMS            GMAX         NAME    NUMBER
    400      -2.6073E+03     1.0357E-02     1.5608E-01     CA        596

 BOND    =       31.0565  ANGLE   =      205.5495  DIHED      =     1078.5155
 VDWAALS =     -795.6996  EEL     =    -7333.7005  EGB        =    -1777.9439
 1-4 VDW =      331.4446  1-4 EEL =     5611.8200  RESTRAINT  =       41.6719
 EAMBER  =    -2648.9579


   NSTEP       ENERGY          RMS            GMAX         NAME    NUMBER
    500      -2.6073E+03     7.1200E-03     1.5535E-01     HG        116

 BOND    =       31.0574  ANGLE   =      205.5397  DIHED      =     1078.5701
 VDWAALS =     -795.7590  EEL     =    -7333.5570  EGB        =    -1778.0939
 1-4 VDW =      331.4665  1-4 EEL =     5611.7786  RESTRAINT  =       41.6978
 EAMBER  =    -2648.9976


   NSTEP       ENERGY          RMS            GMAX         NAME    NUMBER
    600      -2.6073E+03     1.5271E-02     3.2747E-01     HG        116

 BOND    =       31.0701  ANGLE   =      205.5492  DIHED      =     1078.5456
 VDWAALS =     -795.8084  EEL     =    -7333.1990  EGB        =    -1778.4109
 1-4 VDW =      331.4495  1-4 EEL =     5611.7209  RESTRAINT  =       41.7380
 EAMBER  =    -2649.0830


   NSTEP       ENERGY          RMS            GMAX         NAME    NUMBER
    700      -2.6074E+03     9.5887E-03     1.6010E-01     HG        116

 BOND    =       31.0606  ANGLE   =      205.5255  DIHED      =     1078.1924
 VDWAALS =     -795.7680  EEL     =    -7332.4677  EGB        =    -1778.7906
 1-4 VDW =      331.4677  1-4 EEL =     5611.6184  RESTRAINT  =       41.7117
 EAMBER  =    -2649.1616


   NSTEP       ENERGY          RMS            GMAX         NAME    NUMBER
    800      -2.6075E+03     2.7600E-04     4.4759E-03     CD        729

 BOND    =       31.0469  ANGLE   =      205.4995  DIHED      =     1078.0730
 VDWAALS =     -795.7283  EEL     =    -7332.2458  EGB        =    -1778.8540
 1-4 VDW =      331.4968  1-4 EEL =     5611.5724  RESTRAINT  =       41.6806
 EAMBER  =    -2649.1396


                    FINAL RESULTS



   NSTEP       ENERGY          RMS            GMAX         NAME    NUMBER
    821      -2.6075E+03     8.6723E-05     1.9398E-03     HG        116

 BOND    =       31.0468  ANGLE   =      205.4996  DIHED      =     1078.0728
 VDWAALS =     -795.7283  EEL     =    -7332.2452  EGB        =    -1778.8542
 1-4 VDW =      331.4968  1-4 EEL =     5611.5720  RESTRAINT  =       41.6807
 EAMBER  =    -2649.1397

--------------------------------------------------------------------------------
   5.  TIMINGS
--------------------------------------------------------------------------------

|                Calc gb radii             48.73 (20.42% of Gen B)
|                Calc gb diag              90.13 (37.77% of Gen B)
|                Calc gb off-diag          99.74 (41.80% of Gen B)
|             Gen Born time            238.60 (100.0% of Nonbo)
|          Nonbond force            238.60 (99.28% of Force)
|          Bond/Angle/Dihedral        1.71 ( 0.71% of Force)
|          Other                      0.01 ( 0.01% of Force)
|       Force time               240.32 (100.0% of Runmd)
|    Runmd Time               240.32 (99.77% of Total)
|    Other                      0.55 ( 0.23% of Total)
| Total time               240.88 (100.0% of ALL  )

| Number of list builds   :          0

| Highest rstack allocated:          0
| Highest istack allocated:          0
|           Job began  at 13:34:20.730  on 02/03/2016
|           Setup done at 13:34:20.793  on 02/03/2016
|           Run   done at 13:38:21.608  on 02/03/2016
|     wallclock() was called   14806 times
