
          -------------------------------------------------------
          Amber 14 SANDER                              2014
          -------------------------------------------------------

| Run on 02/03/2016 at 14:10:21

|   Executable path: sander
| Working directory: /lustre/cs1500/scratch/kmb413/RealDecoyDisc/DecoyDiscrimination/decoys.set2.init/1aaj/Rosetta_relaxed
|          Hostname: slepner13


File Assignments:
|  MDIN: /scratch/kmb413/RealDecoyDisc/DecoyDiscrimination/scripts/min/min.in  
| MDOUT: NoH_5_empty_tag_1_22_1_0001.out                                       
|INPCRD: NoH_5_empty_tag_1_22_1_0001.rst7                                      
|  PARM: NoH_5_empty_tag_1_22_1_0001.parm7                                     
|RESTRT: min_NoH_5_empty_tag_1_22_1_0001.rst7                                  
|  REFC: NoH_5_empty_tag_1_22_1_0001.rst7                                      
| MDVEL: mdvel                                                                 
| MDFRC: mdfrc                                                                 
|  MDEN: mden                                                                  
| MDCRD: mdcrd                                                                 
|MDINFO: mdinfo                                                                
|  MTMD: mtmd                                                                  
|INPDIP: inpdip                                                                
|RSTDIP: rstdip                                                                
|INPTRA: inptraj                                                               


 Here is the input file:

                                                                               
&cntrl                                                                         
    imin = 1, maxcyc=1000,                                                     
    ntx = 1,                                                                   
    ntwr = 100, ntpr = 100,                                                    
    cut = 999.0,                                                               
    ntb = 0, igb = 8,                                                          
    ntr = 1, restraint_wt = 10, restraintmask = "!@H=",                        
/                                                                              

--------------------------------------------------------------------------------
   1.  RESOURCE   USE: 
--------------------------------------------------------------------------------

| Flags:                                                                        
| New format PARM file being parsed.
| Version =    1.000 Date = 02/03/16 Time = 11:52:32
 NATOM  =    1590 NTYPES =      14 NBONH =     791 MBONA  =     820
 NTHETH =    1812 MTHETA =    1115 NPHIH =    3578 MPHIA  =    3525
 NHPARM =       0 NPARM  =       0 NNB   =    8805 NRES   =     104
 NBONA  =     820 NTHETA =    1115 NPHIA =    3525 NUMBND =      65
 NUMANG =     152 NPTRA  =     189 NATYP =      33 NPHB   =       0
 IFBOX  =       0 NMXRS  =      24 IFCAP =       0 NEXTRA =       0
 NCOPY  =       0

 Implicit solvent radii are ArgH and AspGluO modified Bondi2 radii (mbondi3)                                
 Replacing prmtop screening parameters with GBn2 (igb=8) values

|     Memory Use     Allocated
|     Real              145027
|     Hollerith           4876
|     Integer           109197
|     Max Pairs              1
|     nblistReal             0
|     nblist Int             0
|       Total             1578 kbytes

| Note: 1-4 EEL scale factors are being read from the topology file.

| Note: 1-4 VDW scale factors are being read from the topology file.
| Duplicated    0 dihedrals
| Duplicated    0 dihedrals

--------------------------------------------------------------------------------
   2.  CONTROL  DATA  FOR  THE  RUN
--------------------------------------------------------------------------------

default_name                                                                    

General flags:
     imin    =       1, nmropt  =       0

Nature and format of input:
     ntx     =       1, irest   =       0, ntrx    =       1

Nature and format of output:
     ntxo    =       1, ntpr    =     100, ntrx    =       1, ntwr    =     100
     iwrap   =       0, ntwx    =       0, ntwv    =       0, ntwe    =       0
     ioutfm  =       0, ntwprt  =       0, idecomp =       0, rbornstat=      0

Potential function:
     ntf     =       1, ntb     =       0, igb     =       8, nsnb    =      25
     ipol    =       0, gbsa    =       0, iesp    =       0
     dielc   =   1.00000, cut     = 999.00000, intdiel =   1.00000
     saltcon =   0.00000, offset  =   0.19514, surften =   0.00500
     rdt     =   0.00000, rgbmax  =  25.00000  extdiel =  78.50000
     alpb  =        0
     gbalphaH  =   0.78844, gbbetaH   =   0.79870,  gbgammaH  =    0.43733
     gbalphaC  =   0.73376, gbbetaC   =   0.50638,  gbgammaC  =    0.20584
     gbalphaN  =   0.50336, gbbetaN   =   0.31683,  gbgammaN  =    0.19292
     gbalphaOS =   0.86781, gbbetaOS  =   0.87664,  gbgammaOS =    0.38788
     gbalphaP  =   1.00000, gbbetaP   =   0.80000,  gbgammaP  =    4.85000
     gb_alpha_hnu  =   0.53705, gb_beta_hnu   =   0.36286,  gb_gamma_hnu  =    0.11670
     gb_alpha_cnu  =   0.33167, gb_beta_cnu   =   0.19684,  gb_gamma_cnu  =    0.09342
     gb_alpha_nnu  =   0.68631, gb_beta_nnu   =   0.46319,  gb_gamma_nnu  =    0.13872
     gb_alpha_onu  =   0.60634, gb_beta_onu   =   0.46301,  gb_gamma_onu  =    0.14226
     gb_alpha_pnu  =   0.41836, gb_beta_pnu   =   0.29005,  gb_gamma_pnu  =    0.10642

Frozen or restrained atoms:
     ibelly  =       0, ntr     =       1
     restraint_wt =  10.00000

Energy minimization:
     maxcyc  =    1000, ncyc    =      10, ntmin   =       1
     dx0     =   0.01000, drms    =   0.00010
|  INFO: Old style inpcrd file read


    LOADING THE CONSTRAINED ATOMS AS GROUPS


   5.  REFERENCE ATOM COORDINATES

  defa
     Mask !@H=; matches   799 atoms

--------------------------------------------------------------------------------
   3.  ATOMIC COORDINATES AND VELOCITIES
--------------------------------------------------------------------------------

default_name                                                                    
 begin time read from input coords =     0.000 ps

 Number of triangulated 3-point waters found:        0

--------------------------------------------------------------------------------
   4.  RESULTS
--------------------------------------------------------------------------------



   NSTEP       ENERGY          RMS            GMAX         NAME    NUMBER
      1      -2.0792E+03     9.4899E+00     1.1007E+02     O         661

 BOND    =       71.1316  ANGLE   =      211.8136  DIHED      =     1075.7401
 VDWAALS =     -562.6338  EEL     =    -6887.2430  EGB        =    -2184.7836
 1-4 VDW =      456.0221  1-4 EEL =     5740.7180  RESTRAINT  =        0.0000


   NSTEP       ENERGY          RMS            GMAX         NAME    NUMBER
    100      -2.4744E+03     2.8540E-01     3.9106E+00     CG        231

 BOND    =       33.8601  ANGLE   =      214.5902  DIHED      =     1075.2501
 VDWAALS =     -739.8303  EEL     =    -6872.7657  EGB        =    -2198.1819
 1-4 VDW =      333.1541  1-4 EEL =     5631.3490  RESTRAINT  =       48.1330
 EAMBER  =    -2522.5745


   NSTEP       ENERGY          RMS            GMAX         NAME    NUMBER
    200      -2.4831E+03     1.6655E-01     2.7976E+00     CG        311

 BOND    =       33.9553  ANGLE   =      214.8711  DIHED      =     1074.0918
 VDWAALS =     -740.9893  EEL     =    -6882.8525  EGB        =    -2196.4516
 1-4 VDW =      333.3183  1-4 EEL =     5631.3373  RESTRAINT  =       49.6573
 EAMBER  =    -2532.7196


   NSTEP       ENERGY          RMS            GMAX         NAME    NUMBER
    300      -2.4846E+03     3.2244E-02     6.4743E-01     CG        231

 BOND    =       33.5576  ANGLE   =      214.1735  DIHED      =     1073.2971
 VDWAALS =     -741.0620  EEL     =    -6883.3139  EGB        =    -2196.3497
 1-4 VDW =      334.2754  1-4 EEL =     5631.4353  RESTRAINT  =       49.3684
 EAMBER  =    -2533.9867


   NSTEP       ENERGY          RMS            GMAX         NAME    NUMBER
    400      -2.4846E+03     1.1746E-02     1.6044E-01     H3          4

 BOND    =       33.4976  ANGLE   =      214.1639  DIHED      =     1073.3332
 VDWAALS =     -741.0904  EEL     =    -6883.4123  EGB        =    -2196.4032
 1-4 VDW =      334.3737  1-4 EEL =     5631.5326  RESTRAINT  =       49.3551
 EAMBER  =    -2534.0050


   NSTEP       ENERGY          RMS            GMAX         NAME    NUMBER
    500      -2.4847E+03     5.6724E-03     7.4108E-02     CD       1585

 BOND    =       33.5073  ANGLE   =      214.1430  DIHED      =     1073.3449
 VDWAALS =     -741.1221  EEL     =    -6883.4252  EGB        =    -2196.3988
 1-4 VDW =      334.3863  1-4 EEL =     5631.5452  RESTRAINT  =       49.3649
 EAMBER  =    -2534.0194


   NSTEP       ENERGY          RMS            GMAX         NAME    NUMBER
    600      -2.4847E+03     4.6823E-03     7.0752E-02     CD       1585

 BOND    =       33.5014  ANGLE   =      214.1454  DIHED      =     1073.3507
 VDWAALS =     -741.1254  EEL     =    -6883.4270  EGB        =    -2196.4051
 1-4 VDW =      334.3878  1-4 EEL =     5631.5486  RESTRAINT  =       49.3685
 EAMBER  =    -2534.0235


   NSTEP       ENERGY          RMS            GMAX         NAME    NUMBER
    700      -2.4847E+03     4.1115E-04     4.7555E-03     HA         38

 BOND    =       33.4995  ANGLE   =      214.1427  DIHED      =     1073.3527
 VDWAALS =     -741.1223  EEL     =    -6883.4369  EGB        =    -2196.4019
 1-4 VDW =      334.3930  1-4 EEL =     5631.5516  RESTRAINT  =       49.3662
 EAMBER  =    -2534.0215


                    FINAL RESULTS



   NSTEP       ENERGY          RMS            GMAX         NAME    NUMBER
    769      -2.4847E+03     9.9734E-05     1.3702E-03     CG        231

 BOND    =       33.4998  ANGLE   =      214.1437  DIHED      =     1073.3529
 VDWAALS =     -741.1237  EEL     =    -6883.4354  EGB        =    -2196.4030
 1-4 VDW =      334.3924  1-4 EEL =     5631.5510  RESTRAINT  =       49.3670
 EAMBER  =    -2534.0223

--------------------------------------------------------------------------------
   5.  TIMINGS
--------------------------------------------------------------------------------

|                Calc gb radii             43.36 (19.99% of Gen B)
|                Calc gb diag              79.66 (36.73% of Gen B)
|                Calc gb off-diag          93.84 (43.27% of Gen B)
|             Gen Born time            216.86 (100.0% of Nonbo)
|          Nonbond force            216.86 (99.27% of Force)
|          Bond/Angle/Dihedral        1.59 ( 0.73% of Force)
|          Other                      0.01 ( 0.01% of Force)
|       Force time               218.46 (100.0% of Runmd)
|    Runmd Time               218.46 (99.76% of Total)
|    Other                      0.53 ( 0.24% of Total)
| Total time               218.99 (100.0% of ALL  )

| Number of list builds   :          0

| Highest rstack allocated:          0
| Highest istack allocated:          0
|           Job began  at 14:10:21.614  on 02/03/2016
|           Setup done at 14:10:21.704  on 02/03/2016
|           Run   done at 14:14:00.603  on 02/03/2016
|     wallclock() was called   13870 times
