
          -------------------------------------------------------
          Amber 14 SANDER                              2014
          -------------------------------------------------------

| Run on 02/03/2016 at 12:08:44

|   Executable path: sander
| Working directory: /lustre/cs1500/scratch/kmb413/RealDecoyDisc/DecoyDiscrimination/decoys.set2.init/1aaj/Rosetta_relaxed
|          Hostname: slepner16


File Assignments:
|  MDIN: /scratch/kmb413/RealDecoyDisc/DecoyDiscrimination/scripts/min/min.in  
| MDOUT: NoH_2_empty_tag_1170_0001_0001.out                                    
|INPCRD: NoH_2_empty_tag_1170_0001_0001.rst7                                   
|  PARM: NoH_2_empty_tag_1170_0001_0001.parm7                                  
|RESTRT: min_NoH_2_empty_tag_1170_0001_0001.rst7                               
|  REFC: NoH_2_empty_tag_1170_0001_0001.rst7                                   
| MDVEL: mdvel                                                                 
| MDFRC: mdfrc                                                                 
|  MDEN: mden                                                                  
| MDCRD: mdcrd                                                                 
|MDINFO: mdinfo                                                                
|  MTMD: mtmd                                                                  
|INPDIP: inpdip                                                                
|RSTDIP: rstdip                                                                
|INPTRA: inptraj                                                               


 Here is the input file:

                                                                               
&cntrl                                                                         
    imin = 1, maxcyc=1000,                                                     
    ntx = 1,                                                                   
    ntwr = 100, ntpr = 100,                                                    
    cut = 999.0,                                                               
    ntb = 0, igb = 8,                                                          
    ntr = 1, restraint_wt = 10, restraintmask = "!@H=",                        
/                                                                              

--------------------------------------------------------------------------------
   1.  RESOURCE   USE: 
--------------------------------------------------------------------------------

| Flags:                                                                        
| New format PARM file being parsed.
| Version =    1.000 Date = 02/03/16 Time = 11:46:32
 NATOM  =    1590 NTYPES =      14 NBONH =     791 MBONA  =     820
 NTHETH =    1812 MTHETA =    1115 NPHIH =    3578 MPHIA  =    3525
 NHPARM =       0 NPARM  =       0 NNB   =    8805 NRES   =     104
 NBONA  =     820 NTHETA =    1115 NPHIA =    3525 NUMBND =      65
 NUMANG =     152 NPTRA  =     189 NATYP =      33 NPHB   =       0
 IFBOX  =       0 NMXRS  =      24 IFCAP =       0 NEXTRA =       0
 NCOPY  =       0

 Implicit solvent radii are ArgH and AspGluO modified Bondi2 radii (mbondi3)                                
 Replacing prmtop screening parameters with GBn2 (igb=8) values

|     Memory Use     Allocated
|     Real              145027
|     Hollerith           4876
|     Integer           109197
|     Max Pairs              1
|     nblistReal             0
|     nblist Int             0
|       Total             1578 kbytes

| Note: 1-4 EEL scale factors are being read from the topology file.

| Note: 1-4 VDW scale factors are being read from the topology file.
| Duplicated    0 dihedrals
| Duplicated    0 dihedrals

--------------------------------------------------------------------------------
   2.  CONTROL  DATA  FOR  THE  RUN
--------------------------------------------------------------------------------

default_name                                                                    

General flags:
     imin    =       1, nmropt  =       0

Nature and format of input:
     ntx     =       1, irest   =       0, ntrx    =       1

Nature and format of output:
     ntxo    =       1, ntpr    =     100, ntrx    =       1, ntwr    =     100
     iwrap   =       0, ntwx    =       0, ntwv    =       0, ntwe    =       0
     ioutfm  =       0, ntwprt  =       0, idecomp =       0, rbornstat=      0

Potential function:
     ntf     =       1, ntb     =       0, igb     =       8, nsnb    =      25
     ipol    =       0, gbsa    =       0, iesp    =       0
     dielc   =   1.00000, cut     = 999.00000, intdiel =   1.00000
     saltcon =   0.00000, offset  =   0.19514, surften =   0.00500
     rdt     =   0.00000, rgbmax  =  25.00000  extdiel =  78.50000
     alpb  =        0
     gbalphaH  =   0.78844, gbbetaH   =   0.79870,  gbgammaH  =    0.43733
     gbalphaC  =   0.73376, gbbetaC   =   0.50638,  gbgammaC  =    0.20584
     gbalphaN  =   0.50336, gbbetaN   =   0.31683,  gbgammaN  =    0.19292
     gbalphaOS =   0.86781, gbbetaOS  =   0.87664,  gbgammaOS =    0.38788
     gbalphaP  =   1.00000, gbbetaP   =   0.80000,  gbgammaP  =    4.85000
     gb_alpha_hnu  =   0.53705, gb_beta_hnu   =   0.36286,  gb_gamma_hnu  =    0.11670
     gb_alpha_cnu  =   0.33167, gb_beta_cnu   =   0.19684,  gb_gamma_cnu  =    0.09342
     gb_alpha_nnu  =   0.68631, gb_beta_nnu   =   0.46319,  gb_gamma_nnu  =    0.13872
     gb_alpha_onu  =   0.60634, gb_beta_onu   =   0.46301,  gb_gamma_onu  =    0.14226
     gb_alpha_pnu  =   0.41836, gb_beta_pnu   =   0.29005,  gb_gamma_pnu  =    0.10642

Frozen or restrained atoms:
     ibelly  =       0, ntr     =       1
     restraint_wt =  10.00000

Energy minimization:
     maxcyc  =    1000, ncyc    =      10, ntmin   =       1
     dx0     =   0.01000, drms    =   0.00010
|  INFO: Old style inpcrd file read


    LOADING THE CONSTRAINED ATOMS AS GROUPS


   5.  REFERENCE ATOM COORDINATES

  defa
     Mask !@H=; matches   799 atoms

--------------------------------------------------------------------------------
   3.  ATOMIC COORDINATES AND VELOCITIES
--------------------------------------------------------------------------------

default_name                                                                    
 begin time read from input coords =     0.000 ps

 Number of triangulated 3-point waters found:        0

--------------------------------------------------------------------------------
   4.  RESULTS
--------------------------------------------------------------------------------



   NSTEP       ENERGY          RMS            GMAX         NAME    NUMBER
      1      -2.2161E+03     9.1005E+00     6.0259E+01     OD2       313

 BOND    =       69.1812  ANGLE   =      210.7767  DIHED      =     1067.9046
 VDWAALS =     -662.1260  EEL     =    -7395.5903  EGB        =    -1628.8319
 1-4 VDW =      439.0848  1-4 EEL =     5683.4917  RESTRAINT  =        0.0000


   NSTEP       ENERGY          RMS            GMAX         NAME    NUMBER
    100      -2.5861E+03     4.5076E-01     8.9093E+00     CG        311

 BOND    =       31.0671  ANGLE   =      208.0841  DIHED      =     1067.0837
 VDWAALS =     -805.9624  EEL     =    -7420.7196  EGB        =    -1641.4913
 1-4 VDW =      330.6606  1-4 EEL =     5602.5842  RESTRAINT  =       42.5488
 EAMBER  =    -2628.6936


   NSTEP       ENERGY          RMS            GMAX         NAME    NUMBER
    200      -2.5985E+03     1.1094E-01     1.4000E+00     N        1172

 BOND    =       30.7981  ANGLE   =      207.6303  DIHED      =     1064.8218
 VDWAALS =     -806.9152  EEL     =    -7436.8696  EGB        =    -1638.3197
 1-4 VDW =      331.5250  1-4 EEL =     5605.7543  RESTRAINT  =       43.0500
 EAMBER  =    -2641.5750


   NSTEP       ENERGY          RMS            GMAX         NAME    NUMBER
    300      -2.5990E+03     1.8805E-02     2.1748E-01     HB2      1177

 BOND    =       30.7067  ANGLE   =      207.3522  DIHED      =     1064.6247
 VDWAALS =     -807.5365  EEL     =    -7436.4780  EGB        =    -1638.4915
 1-4 VDW =      331.8943  1-4 EEL =     5605.9258  RESTRAINT  =       43.0409
 EAMBER  =    -2642.0023


   NSTEP       ENERGY          RMS            GMAX         NAME    NUMBER
    400      -2.5990E+03     2.0941E-02     3.7516E-01     CG        311

 BOND    =       30.6671  ANGLE   =      207.2324  DIHED      =     1064.7500
 VDWAALS =     -807.5374  EEL     =    -7436.5874  EGB        =    -1638.4653
 1-4 VDW =      332.0531  1-4 EEL =     5605.9001  RESTRAINT  =       43.0023
 EAMBER  =    -2641.9873


   NSTEP       ENERGY          RMS            GMAX         NAME    NUMBER
    500      -2.5996E+03     3.2977E-01     1.5642E+01     HG1       605

 BOND    =       31.0370  ANGLE   =      207.4414  DIHED      =     1065.7553
 VDWAALS =     -805.7359  EEL     =    -7440.3298  EGB        =    -1638.4150
 1-4 VDW =      332.1159  1-4 EEL =     5605.3152  RESTRAINT  =       43.1743
 EAMBER  =    -2642.8158


   NSTEP       ENERGY          RMS            GMAX         NAME    NUMBER
    600      -2.6054E+03     2.2342E-02     3.5653E-01     CG        231

 BOND    =       30.8197  ANGLE   =      207.4388  DIHED      =     1064.2921
 VDWAALS =     -806.0382  EEL     =    -7443.7091  EGB        =    -1639.1509
 1-4 VDW =      332.0411  1-4 EEL =     5606.2610  RESTRAINT  =       42.6077
 EAMBER  =    -2648.0453


   NSTEP       ENERGY          RMS            GMAX         NAME    NUMBER
    700      -2.6055E+03     1.2380E-02     2.1947E-01     CG        311

 BOND    =       30.8073  ANGLE   =      207.4237  DIHED      =     1064.3878
 VDWAALS =     -806.0783  EEL     =    -7443.7818  EGB        =    -1639.4092
 1-4 VDW =      332.0914  1-4 EEL =     5606.5171  RESTRAINT  =       42.5728
 EAMBER  =    -2648.0420


   NSTEP       ENERGY          RMS            GMAX         NAME    NUMBER
    800      -2.6055E+03     2.0700E-02     4.4753E-01     HG1      1213

 BOND    =       30.8280  ANGLE   =      207.4375  DIHED      =     1064.4534
 VDWAALS =     -806.0517  EEL     =    -7443.9844  EGB        =    -1639.5604
 1-4 VDW =      332.0575  1-4 EEL =     5606.7390  RESTRAINT  =       42.5993
 EAMBER  =    -2648.0811


   NSTEP       ENERGY          RMS            GMAX         NAME    NUMBER
    900      -2.6057E+03     8.3418E-02     1.2254E+00     HG1      1213

 BOND    =       30.8140  ANGLE   =      207.4563  DIHED      =     1063.9799
 VDWAALS =     -805.8711  EEL     =    -7444.4805  EGB        =    -1639.4900
 1-4 VDW =      332.1570  1-4 EEL =     5607.1113  RESTRAINT  =       42.5842
 EAMBER  =    -2648.3230


   NSTEP       ENERGY          RMS            GMAX         NAME    NUMBER
   1000      -2.6061E+03     1.9599E-02     3.5633E-01     CG2      1208

 BOND    =       30.7860  ANGLE   =      207.3813  DIHED      =     1063.0964
 VDWAALS =     -806.1099  EEL     =    -7444.7716  EGB        =    -1638.8845
 1-4 VDW =      332.1535  1-4 EEL =     5607.6131  RESTRAINT  =       42.5885
 EAMBER  =    -2648.7356


  Maximum number of minimization cycles reached.


                    FINAL RESULTS



   NSTEP       ENERGY          RMS            GMAX         NAME    NUMBER
   1000      -2.6061E+03     1.9599E-02     3.5633E-01     CG2      1208

 BOND    =       30.7860  ANGLE   =      207.3813  DIHED      =     1063.0964
 VDWAALS =     -806.1099  EEL     =    -7444.7716  EGB        =    -1638.8845
 1-4 VDW =      332.1535  1-4 EEL =     5607.6131  RESTRAINT  =       42.5885
 EAMBER  =    -2648.7356

--------------------------------------------------------------------------------
   5.  TIMINGS
--------------------------------------------------------------------------------

|                Calc gb radii             60.01 (20.28% of Gen B)
|                Calc gb diag             111.81 (37.79% of Gen B)
|                Calc gb off-diag         124.06 (41.93% of Gen B)
|             Gen Born time            295.89 (100.0% of Nonbo)
|          Nonbond force            295.89 (99.30% of Force)
|          Bond/Angle/Dihedral        2.07 ( 0.70% of Force)
|          Other                      0.02 ( 0.01% of Force)
|       Force time               297.98 (100.0% of Runmd)
|    Runmd Time               297.98 (99.65% of Total)
|    Other                      1.04 ( 0.35% of Total)
| Total time               299.02 (100.0% of ALL  )

| Number of list builds   :          0

| Highest rstack allocated:          0
| Highest istack allocated:          0
|           Job began  at 12:08:44.120  on 02/03/2016
|           Setup done at 12:08:44.179  on 02/03/2016
|           Run   done at 12:13:43.138  on 02/03/2016
|     wallclock() was called   18028 times
