
          -------------------------------------------------------
          Amber 14 SANDER                              2014
          -------------------------------------------------------

| Run on 02/03/2016 at 14:53:13

|   Executable path: sander
| Working directory: /lustre/cs1500/scratch/kmb413/RealDecoyDisc/DecoyDiscrimination/decoys.set2.init/1aaj/Rosetta_relaxed
|          Hostname: slepner30


File Assignments:
|  MDIN: /scratch/kmb413/RealDecoyDisc/DecoyDiscrimination/scripts/min/min.in  
| MDOUT: NoH_3_empty_tag_1054_0001_0001.out                                    
|INPCRD: NoH_3_empty_tag_1054_0001_0001.rst7                                   
|  PARM: NoH_3_empty_tag_1054_0001_0001.parm7                                  
|RESTRT: min_NoH_3_empty_tag_1054_0001_0001.rst7                               
|  REFC: NoH_3_empty_tag_1054_0001_0001.rst7                                   
| MDVEL: mdvel                                                                 
| MDFRC: mdfrc                                                                 
|  MDEN: mden                                                                  
| MDCRD: mdcrd                                                                 
|MDINFO: mdinfo                                                                
|  MTMD: mtmd                                                                  
|INPDIP: inpdip                                                                
|RSTDIP: rstdip                                                                
|INPTRA: inptraj                                                               


 Here is the input file:

                                                                               
&cntrl                                                                         
    imin = 1, maxcyc=1000,                                                     
    ntx = 1,                                                                   
    ntwr = 100, ntpr = 100,                                                    
    cut = 999.0,                                                               
    ntb = 0, igb = 8,                                                          
    ntr = 1, restraint_wt = 10, restraintmask = "!@H=",                        
/                                                                              

--------------------------------------------------------------------------------
   1.  RESOURCE   USE: 
--------------------------------------------------------------------------------

| Flags:                                                                        
| New format PARM file being parsed.
| Version =    1.000 Date = 02/03/16 Time = 11:48:29
 NATOM  =    1590 NTYPES =      14 NBONH =     791 MBONA  =     820
 NTHETH =    1812 MTHETA =    1115 NPHIH =    3578 MPHIA  =    3525
 NHPARM =       0 NPARM  =       0 NNB   =    8805 NRES   =     104
 NBONA  =     820 NTHETA =    1115 NPHIA =    3525 NUMBND =      65
 NUMANG =     152 NPTRA  =     189 NATYP =      33 NPHB   =       0
 IFBOX  =       0 NMXRS  =      24 IFCAP =       0 NEXTRA =       0
 NCOPY  =       0

 Implicit solvent radii are ArgH and AspGluO modified Bondi2 radii (mbondi3)                                
 Replacing prmtop screening parameters with GBn2 (igb=8) values

|     Memory Use     Allocated
|     Real              145027
|     Hollerith           4876
|     Integer           109197
|     Max Pairs              1
|     nblistReal             0
|     nblist Int             0
|       Total             1578 kbytes

| Note: 1-4 EEL scale factors are being read from the topology file.

| Note: 1-4 VDW scale factors are being read from the topology file.
| Duplicated    0 dihedrals
| Duplicated    0 dihedrals

--------------------------------------------------------------------------------
   2.  CONTROL  DATA  FOR  THE  RUN
--------------------------------------------------------------------------------

default_name                                                                    

General flags:
     imin    =       1, nmropt  =       0

Nature and format of input:
     ntx     =       1, irest   =       0, ntrx    =       1

Nature and format of output:
     ntxo    =       1, ntpr    =     100, ntrx    =       1, ntwr    =     100
     iwrap   =       0, ntwx    =       0, ntwv    =       0, ntwe    =       0
     ioutfm  =       0, ntwprt  =       0, idecomp =       0, rbornstat=      0

Potential function:
     ntf     =       1, ntb     =       0, igb     =       8, nsnb    =      25
     ipol    =       0, gbsa    =       0, iesp    =       0
     dielc   =   1.00000, cut     = 999.00000, intdiel =   1.00000
     saltcon =   0.00000, offset  =   0.19514, surften =   0.00500
     rdt     =   0.00000, rgbmax  =  25.00000  extdiel =  78.50000
     alpb  =        0
     gbalphaH  =   0.78844, gbbetaH   =   0.79870,  gbgammaH  =    0.43733
     gbalphaC  =   0.73376, gbbetaC   =   0.50638,  gbgammaC  =    0.20584
     gbalphaN  =   0.50336, gbbetaN   =   0.31683,  gbgammaN  =    0.19292
     gbalphaOS =   0.86781, gbbetaOS  =   0.87664,  gbgammaOS =    0.38788
     gbalphaP  =   1.00000, gbbetaP   =   0.80000,  gbgammaP  =    4.85000
     gb_alpha_hnu  =   0.53705, gb_beta_hnu   =   0.36286,  gb_gamma_hnu  =    0.11670
     gb_alpha_cnu  =   0.33167, gb_beta_cnu   =   0.19684,  gb_gamma_cnu  =    0.09342
     gb_alpha_nnu  =   0.68631, gb_beta_nnu   =   0.46319,  gb_gamma_nnu  =    0.13872
     gb_alpha_onu  =   0.60634, gb_beta_onu   =   0.46301,  gb_gamma_onu  =    0.14226
     gb_alpha_pnu  =   0.41836, gb_beta_pnu   =   0.29005,  gb_gamma_pnu  =    0.10642

Frozen or restrained atoms:
     ibelly  =       0, ntr     =       1
     restraint_wt =  10.00000

Energy minimization:
     maxcyc  =    1000, ncyc    =      10, ntmin   =       1
     dx0     =   0.01000, drms    =   0.00010
|  INFO: Old style inpcrd file read


    LOADING THE CONSTRAINED ATOMS AS GROUPS


   5.  REFERENCE ATOM COORDINATES

  defa
     Mask !@H=; matches   799 atoms

--------------------------------------------------------------------------------
   3.  ATOMIC COORDINATES AND VELOCITIES
--------------------------------------------------------------------------------

default_name                                                                    
 begin time read from input coords =     0.000 ps

 Number of triangulated 3-point waters found:        0

--------------------------------------------------------------------------------
   4.  RESULTS
--------------------------------------------------------------------------------



   NSTEP       ENERGY          RMS            GMAX         NAME    NUMBER
      1      -2.2048E+03     9.0785E+00     6.3269E+01     OE1       945

 BOND    =       69.7213  ANGLE   =      211.4006  DIHED      =     1072.9159
 VDWAALS =     -652.6080  EEL     =    -7432.5305  EGB        =    -1608.7417
 1-4 VDW =      442.5287  1-4 EEL =     5692.4648  RESTRAINT  =        0.0000


   NSTEP       ENERGY          RMS            GMAX         NAME    NUMBER
    100      -2.5900E+03     6.8138E-01     1.1434E+01     HG1       635

 BOND    =       31.6349  ANGLE   =      212.2728  DIHED      =     1074.9899
 VDWAALS =     -794.5047  EEL     =    -7461.1110  EGB        =    -1635.7206
 1-4 VDW =      331.4418  1-4 EEL =     5605.3368  RESTRAINT  =       45.7060
 EAMBER  =    -2635.6602


   NSTEP       ENERGY          RMS            GMAX         NAME    NUMBER
    200      -2.6105E+03     1.9082E-01     2.7319E+00     HG1      1389

 BOND    =       30.9816  ANGLE   =      209.4230  DIHED      =     1071.0798
 VDWAALS =     -793.5336  EEL     =    -7476.8470  EGB        =    -1637.3256
 1-4 VDW =      332.3892  1-4 EEL =     5609.7141  RESTRAINT  =       43.5988
 EAMBER  =    -2654.1185


   NSTEP       ENERGY          RMS            GMAX         NAME    NUMBER
    300      -2.6117E+03     2.9029E-02     4.3943E-01     CB       1382

 BOND    =       30.8259  ANGLE   =      209.0181  DIHED      =     1070.3610
 VDWAALS =     -794.4948  EEL     =    -7479.8228  EGB        =    -1635.6369
 1-4 VDW =      332.9931  1-4 EEL =     5611.5417  RESTRAINT  =       43.4941
 EAMBER  =    -2655.2148


   NSTEP       ENERGY          RMS            GMAX         NAME    NUMBER
    400      -2.6117E+03     6.6949E-03     9.1971E-02     HG1      1389

 BOND    =       30.7973  ANGLE   =      208.9207  DIHED      =     1070.3604
 VDWAALS =     -794.5334  EEL     =    -7479.8710  EGB        =    -1635.6304
 1-4 VDW =      333.1312  1-4 EEL =     5611.6372  RESTRAINT  =       43.4496
 EAMBER  =    -2655.1880


   NSTEP       ENERGY          RMS            GMAX         NAME    NUMBER
    500      -2.6117E+03     2.4395E-03     2.5222E-02     CD       1393

 BOND    =       30.7881  ANGLE   =      208.9150  DIHED      =     1070.3626
 VDWAALS =     -794.5571  EEL     =    -7479.8835  EGB        =    -1635.6199
 1-4 VDW =      333.1467  1-4 EEL =     5611.6524  RESTRAINT  =       43.4550
 EAMBER  =    -2655.1956


   NSTEP       ENERGY          RMS            GMAX         NAME    NUMBER
    600      -2.6117E+03     7.8173E-04     9.5027E-03     CG       1324

 BOND    =       30.7853  ANGLE   =      208.9125  DIHED      =     1070.3633
 VDWAALS =     -794.5630  EEL     =    -7479.8873  EGB        =    -1635.6177
 1-4 VDW =      333.1529  1-4 EEL =     5611.6568  RESTRAINT  =       43.4562
 EAMBER  =    -2655.1972


                    FINAL RESULTS



   NSTEP       ENERGY          RMS            GMAX         NAME    NUMBER
    670      -2.6117E+03     8.8190E-05     9.7256E-04     CD2       659

 BOND    =       30.7839  ANGLE   =      208.9099  DIHED      =     1070.3629
 VDWAALS =     -794.5672  EEL     =    -7479.8897  EGB        =    -1635.6159
 1-4 VDW =      333.1574  1-4 EEL =     5611.6597  RESTRAINT  =       43.4579
 EAMBER  =    -2655.1990

--------------------------------------------------------------------------------
   5.  TIMINGS
--------------------------------------------------------------------------------

|                Calc gb radii             39.94 (20.46% of Gen B)
|                Calc gb diag              73.93 (37.88% of Gen B)
|                Calc gb off-diag          81.30 (41.65% of Gen B)
|             Gen Born time            195.17 (100.0% of Nonbo)
|          Nonbond force            195.17 (99.29% of Force)
|          Bond/Angle/Dihedral        1.39 ( 0.71% of Force)
|          Other                      0.01 ( 0.01% of Force)
|       Force time               196.58 (100.0% of Runmd)
|    Runmd Time               196.58 (99.66% of Total)
|    Other                      0.66 ( 0.33% of Total)
| Total time               197.24 (100.0% of ALL  )

| Number of list builds   :          0

| Highest rstack allocated:          0
| Highest istack allocated:          0
|           Job began  at 14:53:13.254  on 02/03/2016
|           Setup done at 14:53:13.305  on 02/03/2016
|           Run   done at 14:56:30.494  on 02/03/2016
|     wallclock() was called   12088 times
