
          -------------------------------------------------------
          Amber 14 SANDER                              2014
          -------------------------------------------------------

| Run on 02/03/2016 at 12:06:18

|   Executable path: sander
| Working directory: /lustre/cs1500/scratch/kmb413/RealDecoyDisc/DecoyDiscrimination/decoys.set2.init/1aaj/Rosetta_relaxed
|          Hostname: slepner15


File Assignments:
|  MDIN: /scratch/kmb413/RealDecoyDisc/DecoyDiscrimination/scripts/min/min.in  
| MDOUT: NoH_3_empty_tag_1_620_0001.out                                        
|INPCRD: NoH_3_empty_tag_1_620_0001.rst7                                       
|  PARM: NoH_3_empty_tag_1_620_0001.parm7                                      
|RESTRT: min_NoH_3_empty_tag_1_620_0001.rst7                                   
|  REFC: NoH_3_empty_tag_1_620_0001.rst7                                       
| MDVEL: mdvel                                                                 
| MDFRC: mdfrc                                                                 
|  MDEN: mden                                                                  
| MDCRD: mdcrd                                                                 
|MDINFO: mdinfo                                                                
|  MTMD: mtmd                                                                  
|INPDIP: inpdip                                                                
|RSTDIP: rstdip                                                                
|INPTRA: inptraj                                                               


 Here is the input file:

                                                                               
&cntrl                                                                         
    imin = 1, maxcyc=1000,                                                     
    ntx = 1,                                                                   
    ntwr = 100, ntpr = 100,                                                    
    cut = 999.0,                                                               
    ntb = 0, igb = 8,                                                          
    ntr = 1, restraint_wt = 10, restraintmask = "!@H=",                        
/                                                                              

--------------------------------------------------------------------------------
   1.  RESOURCE   USE: 
--------------------------------------------------------------------------------

| Flags:                                                                        
| New format PARM file being parsed.
| Version =    1.000 Date = 02/03/16 Time = 11:49:28
 NATOM  =    1590 NTYPES =      14 NBONH =     791 MBONA  =     820
 NTHETH =    1812 MTHETA =    1115 NPHIH =    3578 MPHIA  =    3525
 NHPARM =       0 NPARM  =       0 NNB   =    8805 NRES   =     104
 NBONA  =     820 NTHETA =    1115 NPHIA =    3525 NUMBND =      65
 NUMANG =     152 NPTRA  =     189 NATYP =      33 NPHB   =       0
 IFBOX  =       0 NMXRS  =      24 IFCAP =       0 NEXTRA =       0
 NCOPY  =       0

 Implicit solvent radii are ArgH and AspGluO modified Bondi2 radii (mbondi3)                                
 Replacing prmtop screening parameters with GBn2 (igb=8) values

|     Memory Use     Allocated
|     Real              145027
|     Hollerith           4876
|     Integer           109197
|     Max Pairs              1
|     nblistReal             0
|     nblist Int             0
|       Total             1578 kbytes

| Note: 1-4 EEL scale factors are being read from the topology file.

| Note: 1-4 VDW scale factors are being read from the topology file.
| Duplicated    0 dihedrals
| Duplicated    0 dihedrals

--------------------------------------------------------------------------------
   2.  CONTROL  DATA  FOR  THE  RUN
--------------------------------------------------------------------------------

default_name                                                                    

General flags:
     imin    =       1, nmropt  =       0

Nature and format of input:
     ntx     =       1, irest   =       0, ntrx    =       1

Nature and format of output:
     ntxo    =       1, ntpr    =     100, ntrx    =       1, ntwr    =     100
     iwrap   =       0, ntwx    =       0, ntwv    =       0, ntwe    =       0
     ioutfm  =       0, ntwprt  =       0, idecomp =       0, rbornstat=      0

Potential function:
     ntf     =       1, ntb     =       0, igb     =       8, nsnb    =      25
     ipol    =       0, gbsa    =       0, iesp    =       0
     dielc   =   1.00000, cut     = 999.00000, intdiel =   1.00000
     saltcon =   0.00000, offset  =   0.19514, surften =   0.00500
     rdt     =   0.00000, rgbmax  =  25.00000  extdiel =  78.50000
     alpb  =        0
     gbalphaH  =   0.78844, gbbetaH   =   0.79870,  gbgammaH  =    0.43733
     gbalphaC  =   0.73376, gbbetaC   =   0.50638,  gbgammaC  =    0.20584
     gbalphaN  =   0.50336, gbbetaN   =   0.31683,  gbgammaN  =    0.19292
     gbalphaOS =   0.86781, gbbetaOS  =   0.87664,  gbgammaOS =    0.38788
     gbalphaP  =   1.00000, gbbetaP   =   0.80000,  gbgammaP  =    4.85000
     gb_alpha_hnu  =   0.53705, gb_beta_hnu   =   0.36286,  gb_gamma_hnu  =    0.11670
     gb_alpha_cnu  =   0.33167, gb_beta_cnu   =   0.19684,  gb_gamma_cnu  =    0.09342
     gb_alpha_nnu  =   0.68631, gb_beta_nnu   =   0.46319,  gb_gamma_nnu  =    0.13872
     gb_alpha_onu  =   0.60634, gb_beta_onu   =   0.46301,  gb_gamma_onu  =    0.14226
     gb_alpha_pnu  =   0.41836, gb_beta_pnu   =   0.29005,  gb_gamma_pnu  =    0.10642

Frozen or restrained atoms:
     ibelly  =       0, ntr     =       1
     restraint_wt =  10.00000

Energy minimization:
     maxcyc  =    1000, ncyc    =      10, ntmin   =       1
     dx0     =   0.01000, drms    =   0.00010
|  INFO: Old style inpcrd file read


    LOADING THE CONSTRAINED ATOMS AS GROUPS


   5.  REFERENCE ATOM COORDINATES

  defa
     Mask !@H=; matches   799 atoms

--------------------------------------------------------------------------------
   3.  ATOMIC COORDINATES AND VELOCITIES
--------------------------------------------------------------------------------

default_name                                                                    
 begin time read from input coords =     0.000 ps

 Number of triangulated 3-point waters found:        0

--------------------------------------------------------------------------------
   4.  RESULTS
--------------------------------------------------------------------------------



   NSTEP       ENERGY          RMS            GMAX         NAME    NUMBER
      1      -2.2092E+03     9.1917E+00     6.9574E+01     OXT      1590

 BOND    =       70.7723  ANGLE   =      211.5292  DIHED      =     1073.5760
 VDWAALS =     -660.6304  EEL     =    -7039.9445  EGB        =    -2025.8994
 1-4 VDW =      447.6656  1-4 EEL =     5713.7691  RESTRAINT  =        0.0000


   NSTEP       ENERGY          RMS            GMAX         NAME    NUMBER
    100      -2.5779E+03     3.2868E-01     2.8446E+00     HG         90

 BOND    =       31.9719  ANGLE   =      210.2622  DIHED      =     1076.4035
 VDWAALS =     -798.8739  EEL     =    -7054.6326  EGB        =    -2044.8538
 1-4 VDW =      331.7345  1-4 EEL =     5626.6366  RESTRAINT  =       43.4231
 EAMBER  =    -2621.3516


   NSTEP       ENERGY          RMS            GMAX         NAME    NUMBER
    200      -2.5893E+03     2.7811E-01     5.1725E+00     OG1       604

 BOND    =       32.8412  ANGLE   =      212.8208  DIHED      =     1075.4621
 VDWAALS =     -800.0404  EEL     =    -7066.5541  EGB        =    -2044.8899
 1-4 VDW =      330.2820  1-4 EEL =     5624.9295  RESTRAINT  =       45.8399
 EAMBER  =    -2635.1489


   NSTEP       ENERGY          RMS            GMAX         NAME    NUMBER
    300      -2.5924E+03     1.6991E-01     6.1620E+00     HG1      1389

 BOND    =       32.3288  ANGLE   =      211.0963  DIHED      =     1072.4275
 VDWAALS =     -799.4303  EEL     =    -7072.9591  EGB        =    -2038.9078
 1-4 VDW =      331.9011  1-4 EEL =     5626.3846  RESTRAINT  =       44.7905
 EAMBER  =    -2637.1589


   NSTEP       ENERGY          RMS            GMAX         NAME    NUMBER
    400      -2.5941E+03     9.6150E-02     1.1410E+00     HG1      1389

 BOND    =       32.2480  ANGLE   =      210.6822  DIHED      =     1071.6574
 VDWAALS =     -799.4937  EEL     =    -7077.2971  EGB        =    -2034.7367
 1-4 VDW =      332.1445  1-4 EEL =     5626.2690  RESTRAINT  =       44.4545
 EAMBER  =    -2638.5264


   NSTEP       ENERGY          RMS            GMAX         NAME    NUMBER
    500      -2.5943E+03     4.1295E-02     5.1431E-01     CG       1324

 BOND    =       32.0479  ANGLE   =      210.3523  DIHED      =     1072.4978
 VDWAALS =     -799.3851  EEL     =    -7078.7631  EGB        =    -2034.0884
 1-4 VDW =      332.5847  1-4 EEL =     5626.2304  RESTRAINT  =       44.1849
 EAMBER  =    -2638.5234


   NSTEP       ENERGY          RMS            GMAX         NAME    NUMBER
    600      -2.5954E+03     1.6663E-01     2.9361E+00     HG1      1389

 BOND    =       32.2159  ANGLE   =      211.1155  DIHED      =     1073.2705
 VDWAALS =     -800.1390  EEL     =    -7077.7874  EGB        =    -2036.6517
 1-4 VDW =      332.0257  1-4 EEL =     5625.7502  RESTRAINT  =       44.8097
 EAMBER  =    -2640.2003


   NSTEP       ENERGY          RMS            GMAX         NAME    NUMBER
    700      -2.5967E+03     5.7500E-02     9.6763E-01     CA       1380

 BOND    =       31.9958  ANGLE   =      210.3493  DIHED      =     1072.7187
 VDWAALS =     -799.5145  EEL     =    -7075.6131  EGB        =    -2038.5170
 1-4 VDW =      332.6318  1-4 EEL =     5625.0589  RESTRAINT  =       44.1899
 EAMBER  =    -2640.8899


   NSTEP       ENERGY          RMS            GMAX         NAME    NUMBER
    800      -2.5973E+03     6.5760E-02     5.7793E-01     CE1      1161

 BOND    =       31.9241  ANGLE   =      210.4265  DIHED      =     1071.9107
 VDWAALS =     -799.6029  EEL     =    -7079.2765  EGB        =    -2034.2171
 1-4 VDW =      332.6630  1-4 EEL =     5624.8274  RESTRAINT  =       44.0737
 EAMBER  =    -2641.3448


   NSTEP       ENERGY          RMS            GMAX         NAME    NUMBER
    900      -2.5973E+03     3.1300E-03     4.2021E-02     CB       1382

 BOND    =       31.8907  ANGLE   =      210.2787  DIHED      =     1071.7696
 VDWAALS =     -799.4669  EEL     =    -7079.6336  EGB        =    -2033.6724
 1-4 VDW =      332.8561  1-4 EEL =     5624.7442  RESTRAINT  =       43.9092
 EAMBER  =    -2641.2336


   NSTEP       ENERGY          RMS            GMAX         NAME    NUMBER
   1000      -2.5973E+03     3.3508E-04     5.1104E-03     HB       1383

 BOND    =       31.8853  ANGLE   =      210.2659  DIHED      =     1071.7593
 VDWAALS =     -799.4503  EEL     =    -7079.6596  EGB        =    -2033.6379
 1-4 VDW =      332.8754  1-4 EEL =     5624.7441  RESTRAINT  =       43.8931
 EAMBER  =    -2641.2178


  Maximum number of minimization cycles reached.


                    FINAL RESULTS



   NSTEP       ENERGY          RMS            GMAX         NAME    NUMBER
   1000      -2.5973E+03     3.3508E-04     5.1104E-03     HB       1383

 BOND    =       31.8853  ANGLE   =      210.2659  DIHED      =     1071.7593
 VDWAALS =     -799.4503  EEL     =    -7079.6596  EGB        =    -2033.6379
 1-4 VDW =      332.8754  1-4 EEL =     5624.7441  RESTRAINT  =       43.8931
 EAMBER  =    -2641.2178

--------------------------------------------------------------------------------
   5.  TIMINGS
--------------------------------------------------------------------------------

|                Calc gb radii             59.88 (20.43% of Gen B)
|                Calc gb diag             110.83 (37.82% of Gen B)
|                Calc gb off-diag         122.31 (41.74% of Gen B)
|             Gen Born time            293.01 (100.0% of Nonbo)
|          Nonbond force            293.01 (99.29% of Force)
|          Bond/Angle/Dihedral        2.07 ( 0.70% of Force)
|          Other                      0.02 ( 0.01% of Force)
|       Force time               295.11 (100.0% of Runmd)
|    Runmd Time               295.11 (99.74% of Total)
|    Other                      0.77 ( 0.26% of Total)
| Total time               295.88 (100.0% of ALL  )

| Number of list builds   :          0

| Highest rstack allocated:          0
| Highest istack allocated:          0
|           Job began  at 12:06:18.020  on 02/03/2016
|           Setup done at 12:06:18.087  on 02/03/2016
|           Run   done at 12:11:13.902  on 02/03/2016
|     wallclock() was called   18028 times
