
          -------------------------------------------------------
          Amber 14 SANDER                              2014
          -------------------------------------------------------

| Run on 02/03/2016 at 14:50:10

|   Executable path: sander
| Working directory: /lustre/cs1500/scratch/kmb413/RealDecoyDisc/DecoyDiscrimination/decoys.set2.init/1aaj/Rosetta_relaxed
|          Hostname: slepner15


File Assignments:
|  MDIN: /scratch/kmb413/RealDecoyDisc/DecoyDiscrimination/scripts/min/min.in  
| MDOUT: NoH_3_empty_tag_1_859_0001.out                                        
|INPCRD: NoH_3_empty_tag_1_859_0001.rst7                                       
|  PARM: NoH_3_empty_tag_1_859_0001.parm7                                      
|RESTRT: min_NoH_3_empty_tag_1_859_0001.rst7                                   
|  REFC: NoH_3_empty_tag_1_859_0001.rst7                                       
| MDVEL: mdvel                                                                 
| MDFRC: mdfrc                                                                 
|  MDEN: mden                                                                  
| MDCRD: mdcrd                                                                 
|MDINFO: mdinfo                                                                
|  MTMD: mtmd                                                                  
|INPDIP: inpdip                                                                
|RSTDIP: rstdip                                                                
|INPTRA: inptraj                                                               


 Here is the input file:

                                                                               
&cntrl                                                                         
    imin = 1, maxcyc=1000,                                                     
    ntx = 1,                                                                   
    ntwr = 100, ntpr = 100,                                                    
    cut = 999.0,                                                               
    ntb = 0, igb = 8,                                                          
    ntr = 1, restraint_wt = 10, restraintmask = "!@H=",                        
/                                                                              

--------------------------------------------------------------------------------
   1.  RESOURCE   USE: 
--------------------------------------------------------------------------------

| Flags:                                                                        
| New format PARM file being parsed.
| Version =    1.000 Date = 02/03/16 Time = 11:49:42
 NATOM  =    1590 NTYPES =      14 NBONH =     791 MBONA  =     820
 NTHETH =    1812 MTHETA =    1115 NPHIH =    3578 MPHIA  =    3525
 NHPARM =       0 NPARM  =       0 NNB   =    8805 NRES   =     104
 NBONA  =     820 NTHETA =    1115 NPHIA =    3525 NUMBND =      65
 NUMANG =     152 NPTRA  =     189 NATYP =      33 NPHB   =       0
 IFBOX  =       0 NMXRS  =      24 IFCAP =       0 NEXTRA =       0
 NCOPY  =       0

 Implicit solvent radii are ArgH and AspGluO modified Bondi2 radii (mbondi3)                                
 Replacing prmtop screening parameters with GBn2 (igb=8) values

|     Memory Use     Allocated
|     Real              145027
|     Hollerith           4876
|     Integer           109197
|     Max Pairs              1
|     nblistReal             0
|     nblist Int             0
|       Total             1578 kbytes

| Note: 1-4 EEL scale factors are being read from the topology file.

| Note: 1-4 VDW scale factors are being read from the topology file.
| Duplicated    0 dihedrals
| Duplicated    0 dihedrals

--------------------------------------------------------------------------------
   2.  CONTROL  DATA  FOR  THE  RUN
--------------------------------------------------------------------------------

default_name                                                                    

General flags:
     imin    =       1, nmropt  =       0

Nature and format of input:
     ntx     =       1, irest   =       0, ntrx    =       1

Nature and format of output:
     ntxo    =       1, ntpr    =     100, ntrx    =       1, ntwr    =     100
     iwrap   =       0, ntwx    =       0, ntwv    =       0, ntwe    =       0
     ioutfm  =       0, ntwprt  =       0, idecomp =       0, rbornstat=      0

Potential function:
     ntf     =       1, ntb     =       0, igb     =       8, nsnb    =      25
     ipol    =       0, gbsa    =       0, iesp    =       0
     dielc   =   1.00000, cut     = 999.00000, intdiel =   1.00000
     saltcon =   0.00000, offset  =   0.19514, surften =   0.00500
     rdt     =   0.00000, rgbmax  =  25.00000  extdiel =  78.50000
     alpb  =        0
     gbalphaH  =   0.78844, gbbetaH   =   0.79870,  gbgammaH  =    0.43733
     gbalphaC  =   0.73376, gbbetaC   =   0.50638,  gbgammaC  =    0.20584
     gbalphaN  =   0.50336, gbbetaN   =   0.31683,  gbgammaN  =    0.19292
     gbalphaOS =   0.86781, gbbetaOS  =   0.87664,  gbgammaOS =    0.38788
     gbalphaP  =   1.00000, gbbetaP   =   0.80000,  gbgammaP  =    4.85000
     gb_alpha_hnu  =   0.53705, gb_beta_hnu   =   0.36286,  gb_gamma_hnu  =    0.11670
     gb_alpha_cnu  =   0.33167, gb_beta_cnu   =   0.19684,  gb_gamma_cnu  =    0.09342
     gb_alpha_nnu  =   0.68631, gb_beta_nnu   =   0.46319,  gb_gamma_nnu  =    0.13872
     gb_alpha_onu  =   0.60634, gb_beta_onu   =   0.46301,  gb_gamma_onu  =    0.14226
     gb_alpha_pnu  =   0.41836, gb_beta_pnu   =   0.29005,  gb_gamma_pnu  =    0.10642

Frozen or restrained atoms:
     ibelly  =       0, ntr     =       1
     restraint_wt =  10.00000

Energy minimization:
     maxcyc  =    1000, ncyc    =      10, ntmin   =       1
     dx0     =   0.01000, drms    =   0.00010
|  INFO: Old style inpcrd file read


    LOADING THE CONSTRAINED ATOMS AS GROUPS


   5.  REFERENCE ATOM COORDINATES

  defa
     Mask !@H=; matches   799 atoms

--------------------------------------------------------------------------------
   3.  ATOMIC COORDINATES AND VELOCITIES
--------------------------------------------------------------------------------

default_name                                                                    
 begin time read from input coords =     0.000 ps

 Number of triangulated 3-point waters found:        0

--------------------------------------------------------------------------------
   4.  RESULTS
--------------------------------------------------------------------------------



   NSTEP       ENERGY          RMS            GMAX         NAME    NUMBER
      1      -2.2321E+03     8.9498E+00     6.3871E+01     OXT      1590

 BOND    =       69.4363  ANGLE   =      211.6464  DIHED      =     1086.4445
 VDWAALS =     -659.4932  EEL     =    -7121.4376  EGB        =    -1981.1970
 1-4 VDW =      438.9148  1-4 EEL =     5723.6042  RESTRAINT  =        0.0000


   NSTEP       ENERGY          RMS            GMAX         NAME    NUMBER
    100      -2.5786E+03     3.7188E-01     4.0583E+00     HG1      1389

 BOND    =       31.0439  ANGLE   =      203.4142  DIHED      =     1088.9128
 VDWAALS =     -791.7180  EEL     =    -7133.2312  EGB        =    -1991.3745
 1-4 VDW =      329.1702  1-4 EEL =     5644.7548  RESTRAINT  =       40.4231
 EAMBER  =    -2619.0278


   NSTEP       ENERGY          RMS            GMAX         NAME    NUMBER
    200      -2.5837E+03     1.8261E-01     2.0746E+00     H1          2

 BOND    =       30.8171  ANGLE   =      203.9738  DIHED      =     1087.5164
 VDWAALS =     -795.1190  EEL     =    -7141.6613  EGB        =    -1986.7884
 1-4 VDW =      329.2154  1-4 EEL =     5646.4102  RESTRAINT  =       41.8990
 EAMBER  =    -2625.6358


   NSTEP       ENERGY          RMS            GMAX         NAME    NUMBER
    300      -2.5859E+03     1.6199E-01     2.5953E+00     H2          3

 BOND    =       30.7743  ANGLE   =      203.9257  DIHED      =     1085.6818
 VDWAALS =     -795.4500  EEL     =    -7140.7645  EGB        =    -1987.0315
 1-4 VDW =      329.0883  1-4 EEL =     5645.7749  RESTRAINT  =       42.0540
 EAMBER  =    -2628.0011


   NSTEP       ENERGY          RMS            GMAX         NAME    NUMBER
    400      -2.5893E+03     4.3196E-01     1.1472E+01     OG1       604

 BOND    =       32.0417  ANGLE   =      205.2677  DIHED      =     1085.1579
 VDWAALS =     -795.4809  EEL     =    -7144.0823  EGB        =    -1987.5380
 1-4 VDW =      327.8833  1-4 EEL =     5644.4205  RESTRAINT  =       43.0742
 EAMBER  =    -2632.3301


   NSTEP       ENERGY          RMS            GMAX         NAME    NUMBER
    500      -2.5912E+03     1.0130E-02     1.2539E-01     HG1       605

 BOND    =       30.5064  ANGLE   =      203.1704  DIHED      =     1084.4118
 VDWAALS =     -793.8038  EEL     =    -7145.2992  EGB        =    -1987.5456
 1-4 VDW =      330.2456  1-4 EEL =     5646.0846  RESTRAINT  =       41.0771
 EAMBER  =    -2632.2299


   NSTEP       ENERGY          RMS            GMAX         NAME    NUMBER
    600      -2.5912E+03     1.9613E-03     3.2456E-02     CE2       650

 BOND    =       30.4801  ANGLE   =      203.1239  DIHED      =     1084.4345
 VDWAALS =     -793.7903  EEL     =    -7145.3172  EGB        =    -1987.6059
 1-4 VDW =      330.3139  1-4 EEL =     5646.1554  RESTRAINT  =       41.0478
 EAMBER  =    -2632.2056


   NSTEP       ENERGY          RMS            GMAX         NAME    NUMBER
    700      -2.5912E+03     8.2672E-04     1.0469E-02     OG1      1212

 BOND    =       30.4782  ANGLE   =      203.1198  DIHED      =     1084.4379
 VDWAALS =     -793.7898  EEL     =    -7145.3216  EGB        =    -1987.6171
 1-4 VDW =      330.3213  1-4 EEL =     5646.1678  RESTRAINT  =       41.0455
 EAMBER  =    -2632.2034


   NSTEP       ENERGY          RMS            GMAX         NAME    NUMBER
    800      -2.5912E+03     4.8994E-04     7.6374E-03     CG        311

 BOND    =       30.4781  ANGLE   =      203.1202  DIHED      =     1084.4382
 VDWAALS =     -793.7907  EEL     =    -7145.3225  EGB        =    -1987.6184
 1-4 VDW =      330.3219  1-4 EEL =     5646.1692  RESTRAINT  =       41.0460
 EAMBER  =    -2632.2040


                    FINAL RESULTS



   NSTEP       ENERGY          RMS            GMAX         NAME    NUMBER
    873      -2.5912E+03     9.4861E-05     1.2093E-03     HD11      330

 BOND    =       30.4780  ANGLE   =      203.1205  DIHED      =     1084.4383
 VDWAALS =     -793.7913  EEL     =    -7145.3227  EGB        =    -1987.6187
 1-4 VDW =      330.3221  1-4 EEL =     5646.1695  RESTRAINT  =       41.0463
 EAMBER  =    -2632.2043

--------------------------------------------------------------------------------
   5.  TIMINGS
--------------------------------------------------------------------------------

|                Calc gb radii             50.81 (20.14% of Gen B)
|                Calc gb diag              94.05 (37.29% of Gen B)
|                Calc gb off-diag         107.37 (42.57% of Gen B)
|             Gen Born time            252.23 (100.0% of Nonbo)
|          Nonbond force            252.23 (99.28% of Force)
|          Bond/Angle/Dihedral        1.82 ( 0.72% of Force)
|          Other                      0.02 ( 0.01% of Force)
|       Force time               254.07 (100.0% of Runmd)
|    Runmd Time               254.07 (99.63% of Total)
|    Other                      0.93 ( 0.37% of Total)
| Total time               255.01 (100.0% of ALL  )

| Number of list builds   :          0

| Highest rstack allocated:          0
| Highest istack allocated:          0
|           Job began  at 14:50:10.355  on 02/03/2016
|           Setup done at 14:50:10.444  on 02/03/2016
|           Run   done at 14:54:25.361  on 02/03/2016
|     wallclock() was called   15742 times
