
          -------------------------------------------------------
          Amber 14 SANDER                              2014
          -------------------------------------------------------

| Run on 02/03/2016 at 12:19:10

|   Executable path: sander
| Working directory: /lustre/cs1500/scratch/kmb413/RealDecoyDisc/DecoyDiscrimination/decoys.set2.init/1aaj/Rosetta_relaxed
|          Hostname: slepner15


File Assignments:
|  MDIN: /scratch/kmb413/RealDecoyDisc/DecoyDiscrimination/scripts/min/min.in  
| MDOUT: NoH_2_empty_tag_1419_0001_0001.out                                    
|INPCRD: NoH_2_empty_tag_1419_0001_0001.rst7                                   
|  PARM: NoH_2_empty_tag_1419_0001_0001.parm7                                  
|RESTRT: min_NoH_2_empty_tag_1419_0001_0001.rst7                               
|  REFC: NoH_2_empty_tag_1419_0001_0001.rst7                                   
| MDVEL: mdvel                                                                 
| MDFRC: mdfrc                                                                 
|  MDEN: mden                                                                  
| MDCRD: mdcrd                                                                 
|MDINFO: mdinfo                                                                
|  MTMD: mtmd                                                                  
|INPDIP: inpdip                                                                
|RSTDIP: rstdip                                                                
|INPTRA: inptraj                                                               


 Here is the input file:

                                                                               
&cntrl                                                                         
    imin = 1, maxcyc=1000,                                                     
    ntx = 1,                                                                   
    ntwr = 100, ntpr = 100,                                                    
    cut = 999.0,                                                               
    ntb = 0, igb = 8,                                                          
    ntr = 1, restraint_wt = 10, restraintmask = "!@H=",                        
/                                                                              

--------------------------------------------------------------------------------
   1.  RESOURCE   USE: 
--------------------------------------------------------------------------------

| Flags:                                                                        
| New format PARM file being parsed.
| Version =    1.000 Date = 02/03/16 Time = 11:47:02
 NATOM  =    1590 NTYPES =      14 NBONH =     791 MBONA  =     820
 NTHETH =    1812 MTHETA =    1115 NPHIH =    3578 MPHIA  =    3525
 NHPARM =       0 NPARM  =       0 NNB   =    8805 NRES   =     104
 NBONA  =     820 NTHETA =    1115 NPHIA =    3525 NUMBND =      65
 NUMANG =     152 NPTRA  =     189 NATYP =      33 NPHB   =       0
 IFBOX  =       0 NMXRS  =      24 IFCAP =       0 NEXTRA =       0
 NCOPY  =       0

 Implicit solvent radii are ArgH and AspGluO modified Bondi2 radii (mbondi3)                                
 Replacing prmtop screening parameters with GBn2 (igb=8) values

|     Memory Use     Allocated
|     Real              145027
|     Hollerith           4876
|     Integer           109197
|     Max Pairs              1
|     nblistReal             0
|     nblist Int             0
|       Total             1578 kbytes

| Note: 1-4 EEL scale factors are being read from the topology file.

| Note: 1-4 VDW scale factors are being read from the topology file.
| Duplicated    0 dihedrals
| Duplicated    0 dihedrals

--------------------------------------------------------------------------------
   2.  CONTROL  DATA  FOR  THE  RUN
--------------------------------------------------------------------------------

default_name                                                                    

General flags:
     imin    =       1, nmropt  =       0

Nature and format of input:
     ntx     =       1, irest   =       0, ntrx    =       1

Nature and format of output:
     ntxo    =       1, ntpr    =     100, ntrx    =       1, ntwr    =     100
     iwrap   =       0, ntwx    =       0, ntwv    =       0, ntwe    =       0
     ioutfm  =       0, ntwprt  =       0, idecomp =       0, rbornstat=      0

Potential function:
     ntf     =       1, ntb     =       0, igb     =       8, nsnb    =      25
     ipol    =       0, gbsa    =       0, iesp    =       0
     dielc   =   1.00000, cut     = 999.00000, intdiel =   1.00000
     saltcon =   0.00000, offset  =   0.19514, surften =   0.00500
     rdt     =   0.00000, rgbmax  =  25.00000  extdiel =  78.50000
     alpb  =        0
     gbalphaH  =   0.78844, gbbetaH   =   0.79870,  gbgammaH  =    0.43733
     gbalphaC  =   0.73376, gbbetaC   =   0.50638,  gbgammaC  =    0.20584
     gbalphaN  =   0.50336, gbbetaN   =   0.31683,  gbgammaN  =    0.19292
     gbalphaOS =   0.86781, gbbetaOS  =   0.87664,  gbgammaOS =    0.38788
     gbalphaP  =   1.00000, gbbetaP   =   0.80000,  gbgammaP  =    4.85000
     gb_alpha_hnu  =   0.53705, gb_beta_hnu   =   0.36286,  gb_gamma_hnu  =    0.11670
     gb_alpha_cnu  =   0.33167, gb_beta_cnu   =   0.19684,  gb_gamma_cnu  =    0.09342
     gb_alpha_nnu  =   0.68631, gb_beta_nnu   =   0.46319,  gb_gamma_nnu  =    0.13872
     gb_alpha_onu  =   0.60634, gb_beta_onu   =   0.46301,  gb_gamma_onu  =    0.14226
     gb_alpha_pnu  =   0.41836, gb_beta_pnu   =   0.29005,  gb_gamma_pnu  =    0.10642

Frozen or restrained atoms:
     ibelly  =       0, ntr     =       1
     restraint_wt =  10.00000

Energy minimization:
     maxcyc  =    1000, ncyc    =      10, ntmin   =       1
     dx0     =   0.01000, drms    =   0.00010
|  INFO: Old style inpcrd file read


    LOADING THE CONSTRAINED ATOMS AS GROUPS


   5.  REFERENCE ATOM COORDINATES

  defa
     Mask !@H=; matches   799 atoms

--------------------------------------------------------------------------------
   3.  ATOMIC COORDINATES AND VELOCITIES
--------------------------------------------------------------------------------

default_name                                                                    
 begin time read from input coords =     0.000 ps

 Number of triangulated 3-point waters found:        0

--------------------------------------------------------------------------------
   4.  RESULTS
--------------------------------------------------------------------------------



   NSTEP       ENERGY          RMS            GMAX         NAME    NUMBER
      1      -2.2108E+03     9.1861E+00     6.7692E+01     OXT      1590

 BOND    =       70.2727  ANGLE   =      211.3598  DIHED      =     1083.5035
 VDWAALS =     -666.1428  EEL     =    -7374.9422  EGB        =    -1702.7597
 1-4 VDW =      444.3575  1-4 EEL =     5723.5769  RESTRAINT  =        0.0000


   NSTEP       ENERGY          RMS            GMAX         NAME    NUMBER
    100      -2.5995E+03     5.0563E-01     5.7153E+00     HG1       605

 BOND    =       31.7614  ANGLE   =      210.4006  DIHED      =     1086.3173
 VDWAALS =     -811.5969  EEL     =    -7399.4698  EGB        =    -1724.0043
 1-4 VDW =      331.6138  1-4 EEL =     5631.4561  RESTRAINT  =       44.0518
 EAMBER  =    -2643.5218


   NSTEP       ENERGY          RMS            GMAX         NAME    NUMBER
    200      -2.6148E+03     1.0814E-01     2.1611E+00     OG       1179

 BOND    =       31.2574  ANGLE   =      208.4097  DIHED      =     1082.4819
 VDWAALS =     -811.0586  EEL     =    -7418.7154  EGB        =    -1718.3123
 1-4 VDW =      332.5358  1-4 EEL =     5635.4471  RESTRAINT  =       43.1827
 EAMBER  =    -2657.9543


   NSTEP       ENERGY          RMS            GMAX         NAME    NUMBER
    300      -2.6152E+03     2.1034E-02     3.8660E-01     CG       1324

 BOND    =       30.9939  ANGLE   =      208.0627  DIHED      =     1082.4194
 VDWAALS =     -811.6643  EEL     =    -7420.2413  EGB        =    -1717.4470
 1-4 VDW =      333.1248  1-4 EEL =     5636.3136  RESTRAINT  =       43.1971
 EAMBER  =    -2658.4382


   NSTEP       ENERGY          RMS            GMAX         NAME    NUMBER
    400      -2.6153E+03     6.1370E-03     5.5092E-02     CB       1382

 BOND    =       30.9557  ANGLE   =      207.9458  DIHED      =     1082.4817
 VDWAALS =     -811.7338  EEL     =    -7420.4406  EGB        =    -1717.3214
 1-4 VDW =      333.2567  1-4 EEL =     5636.4075  RESTRAINT  =       43.1899
 EAMBER  =    -2658.4487


   NSTEP       ENERGY          RMS            GMAX         NAME    NUMBER
    500      -2.6153E+03     1.5791E-03     2.8675E-02     CB       1382

 BOND    =       30.9500  ANGLE   =      207.9359  DIHED      =     1082.4981
 VDWAALS =     -811.7510  EEL     =    -7420.4813  EGB        =    -1717.2990
 1-4 VDW =      333.2810  1-4 EEL =     5636.4176  RESTRAINT  =       43.1882
 EAMBER  =    -2658.4487


   NSTEP       ENERGY          RMS            GMAX         NAME    NUMBER
    600      -2.6153E+03     6.9738E-04     8.7992E-03     CA       1174

 BOND    =       30.9466  ANGLE   =      207.9291  DIHED      =     1082.5021
 VDWAALS =     -811.7552  EEL     =    -7420.4946  EGB        =    -1717.2877
 1-4 VDW =      333.2884  1-4 EEL =     5636.4214  RESTRAINT  =       43.1890
 EAMBER  =    -2658.4499


   NSTEP       ENERGY          RMS            GMAX         NAME    NUMBER
    700      -2.6153E+03     3.5284E-04     4.2778E-03     CB       1176

 BOND    =       30.9453  ANGLE   =      207.9270  DIHED      =     1082.5022
 VDWAALS =     -811.7564  EEL     =    -7420.4966  EGB        =    -1717.2850
 1-4 VDW =      333.2914  1-4 EEL =     5636.4224  RESTRAINT  =       43.1886
 EAMBER  =    -2658.4496


   NSTEP       ENERGY          RMS            GMAX         NAME    NUMBER
    800      -2.6153E+03     9.0498E-05     1.2463E-03     HD11      330

 BOND    =       30.9452  ANGLE   =      207.9274  DIHED      =     1082.5019
 VDWAALS =     -811.7573  EEL     =    -7420.4976  EGB        =    -1717.2843
 1-4 VDW =      333.2914  1-4 EEL =     5636.4229  RESTRAINT  =       43.1893
 EAMBER  =    -2658.4503


                    FINAL RESULTS



   NSTEP       ENERGY          RMS            GMAX         NAME    NUMBER
    800      -2.6153E+03     9.0498E-05     1.2463E-03     HD11      330

 BOND    =       30.9452  ANGLE   =      207.9274  DIHED      =     1082.5019
 VDWAALS =     -811.7573  EEL     =    -7420.4976  EGB        =    -1717.2843
 1-4 VDW =      333.2914  1-4 EEL =     5636.4229  RESTRAINT  =       43.1893
 EAMBER  =    -2658.4503

--------------------------------------------------------------------------------
   5.  TIMINGS
--------------------------------------------------------------------------------

|                Calc gb radii             47.66 (20.38% of Gen B)
|                Calc gb diag              88.50 (37.85% of Gen B)
|                Calc gb off-diag          97.67 (41.77% of Gen B)
|             Gen Born time            233.82 (100.0% of Nonbo)
|          Nonbond force            233.82 (99.29% of Force)
|          Bond/Angle/Dihedral        1.67 ( 0.71% of Force)
|          Other                      0.01 ( 0.01% of Force)
|       Force time               235.50 (100.0% of Runmd)
|    Runmd Time               235.50 (99.87% of Total)
|    Other                      0.29 ( 0.12% of Total)
| Total time               235.80 (100.0% of ALL  )

| Number of list builds   :          0

| Highest rstack allocated:          0
| Highest istack allocated:          0
|           Job began  at 12:19:10.027  on 02/03/2016
|           Setup done at 12:19:10.077  on 02/03/2016
|           Run   done at 12:23:05.828  on 02/03/2016
|     wallclock() was called   14428 times
