
          -------------------------------------------------------
          Amber 14 SANDER                              2014
          -------------------------------------------------------

| Run on 02/03/2016 at 12:49:59

|   Executable path: sander
| Working directory: /lustre/cs1500/scratch/kmb413/RealDecoyDisc/DecoyDiscrimination/decoys.set2.init/1aaj/Rosetta_relaxed
|          Hostname: slepner43


File Assignments:
|  MDIN: /scratch/kmb413/RealDecoyDisc/DecoyDiscrimination/scripts/min/min.in  
| MDOUT: NoH_5_empty_tag_1448_0001_0001.out                                    
|INPCRD: NoH_5_empty_tag_1448_0001_0001.rst7                                   
|  PARM: NoH_5_empty_tag_1448_0001_0001.parm7                                  
|RESTRT: min_NoH_5_empty_tag_1448_0001_0001.rst7                               
|  REFC: NoH_5_empty_tag_1448_0001_0001.rst7                                   
| MDVEL: mdvel                                                                 
| MDFRC: mdfrc                                                                 
|  MDEN: mden                                                                  
| MDCRD: mdcrd                                                                 
|MDINFO: mdinfo                                                                
|  MTMD: mtmd                                                                  
|INPDIP: inpdip                                                                
|RSTDIP: rstdip                                                                
|INPTRA: inptraj                                                               


 Here is the input file:

                                                                               
&cntrl                                                                         
    imin = 1, maxcyc=1000,                                                     
    ntx = 1,                                                                   
    ntwr = 100, ntpr = 100,                                                    
    cut = 999.0,                                                               
    ntb = 0, igb = 8,                                                          
    ntr = 1, restraint_wt = 10, restraintmask = "!@H=",                        
/                                                                              

--------------------------------------------------------------------------------
   1.  RESOURCE   USE: 
--------------------------------------------------------------------------------

| Flags:                                                                        
| New format PARM file being parsed.
| Version =    1.000 Date = 02/03/16 Time = 11:52:53
 NATOM  =    1590 NTYPES =      14 NBONH =     791 MBONA  =     820
 NTHETH =    1812 MTHETA =    1115 NPHIH =    3578 MPHIA  =    3525
 NHPARM =       0 NPARM  =       0 NNB   =    8805 NRES   =     104
 NBONA  =     820 NTHETA =    1115 NPHIA =    3525 NUMBND =      65
 NUMANG =     152 NPTRA  =     189 NATYP =      33 NPHB   =       0
 IFBOX  =       0 NMXRS  =      24 IFCAP =       0 NEXTRA =       0
 NCOPY  =       0

 Implicit solvent radii are ArgH and AspGluO modified Bondi2 radii (mbondi3)                                
 Replacing prmtop screening parameters with GBn2 (igb=8) values

|     Memory Use     Allocated
|     Real              145027
|     Hollerith           4876
|     Integer           109197
|     Max Pairs              1
|     nblistReal             0
|     nblist Int             0
|       Total             1578 kbytes

| Note: 1-4 EEL scale factors are being read from the topology file.

| Note: 1-4 VDW scale factors are being read from the topology file.
| Duplicated    0 dihedrals
| Duplicated    0 dihedrals

--------------------------------------------------------------------------------
   2.  CONTROL  DATA  FOR  THE  RUN
--------------------------------------------------------------------------------

default_name                                                                    

General flags:
     imin    =       1, nmropt  =       0

Nature and format of input:
     ntx     =       1, irest   =       0, ntrx    =       1

Nature and format of output:
     ntxo    =       1, ntpr    =     100, ntrx    =       1, ntwr    =     100
     iwrap   =       0, ntwx    =       0, ntwv    =       0, ntwe    =       0
     ioutfm  =       0, ntwprt  =       0, idecomp =       0, rbornstat=      0

Potential function:
     ntf     =       1, ntb     =       0, igb     =       8, nsnb    =      25
     ipol    =       0, gbsa    =       0, iesp    =       0
     dielc   =   1.00000, cut     = 999.00000, intdiel =   1.00000
     saltcon =   0.00000, offset  =   0.19514, surften =   0.00500
     rdt     =   0.00000, rgbmax  =  25.00000  extdiel =  78.50000
     alpb  =        0
     gbalphaH  =   0.78844, gbbetaH   =   0.79870,  gbgammaH  =    0.43733
     gbalphaC  =   0.73376, gbbetaC   =   0.50638,  gbgammaC  =    0.20584
     gbalphaN  =   0.50336, gbbetaN   =   0.31683,  gbgammaN  =    0.19292
     gbalphaOS =   0.86781, gbbetaOS  =   0.87664,  gbgammaOS =    0.38788
     gbalphaP  =   1.00000, gbbetaP   =   0.80000,  gbgammaP  =    4.85000
     gb_alpha_hnu  =   0.53705, gb_beta_hnu   =   0.36286,  gb_gamma_hnu  =    0.11670
     gb_alpha_cnu  =   0.33167, gb_beta_cnu   =   0.19684,  gb_gamma_cnu  =    0.09342
     gb_alpha_nnu  =   0.68631, gb_beta_nnu   =   0.46319,  gb_gamma_nnu  =    0.13872
     gb_alpha_onu  =   0.60634, gb_beta_onu   =   0.46301,  gb_gamma_onu  =    0.14226
     gb_alpha_pnu  =   0.41836, gb_beta_pnu   =   0.29005,  gb_gamma_pnu  =    0.10642

Frozen or restrained atoms:
     ibelly  =       0, ntr     =       1
     restraint_wt =  10.00000

Energy minimization:
     maxcyc  =    1000, ncyc    =      10, ntmin   =       1
     dx0     =   0.01000, drms    =   0.00010
|  INFO: Old style inpcrd file read


    LOADING THE CONSTRAINED ATOMS AS GROUPS


   5.  REFERENCE ATOM COORDINATES

  defa
     Mask !@H=; matches   799 atoms

--------------------------------------------------------------------------------
   3.  ATOMIC COORDINATES AND VELOCITIES
--------------------------------------------------------------------------------

default_name                                                                    
 begin time read from input coords =     0.000 ps

 Number of triangulated 3-point waters found:        0

--------------------------------------------------------------------------------
   4.  RESULTS
--------------------------------------------------------------------------------



   NSTEP       ENERGY          RMS            GMAX         NAME    NUMBER
      1      -2.2012E+03     8.9891E+00     6.1256E+01     OE1       104

 BOND    =       69.5914  ANGLE   =      211.0267  DIHED      =     1076.3783
 VDWAALS =     -665.5409  EEL     =    -7090.2560  EGB        =    -1942.8198
 1-4 VDW =      438.2581  1-4 EEL =     5702.1453  RESTRAINT  =        0.0000


   NSTEP       ENERGY          RMS            GMAX         NAME    NUMBER
    100      -2.5563E+03     3.0163E-01     2.9432E+00     CD        103

 BOND    =       30.1222  ANGLE   =      205.6042  DIHED      =     1077.6855
 VDWAALS =     -796.9354  EEL     =    -7110.8789  EGB        =    -1956.3706
 1-4 VDW =      330.9515  1-4 EEL =     5619.7342  RESTRAINT  =       43.7627
 EAMBER  =    -2600.0873


   NSTEP       ENERGY          RMS            GMAX         NAME    NUMBER
    200      -2.5624E+03     3.4940E-01     5.3770E+00     CD        944

 BOND    =       30.6092  ANGLE   =      207.4970  DIHED      =     1078.8144
 VDWAALS =     -800.1808  EEL     =    -7115.9997  EGB        =    -1958.3838
 1-4 VDW =      329.7007  1-4 EEL =     5618.8621  RESTRAINT  =       46.6370
 EAMBER  =    -2609.0810


   NSTEP       ENERGY          RMS            GMAX         NAME    NUMBER
    300      -2.5660E+03     1.7665E-01     4.7144E+00     H3          4

 BOND    =       30.5044  ANGLE   =      206.4317  DIHED      =     1076.3904
 VDWAALS =     -800.5311  EEL     =    -7116.5883  EGB        =    -1959.2462
 1-4 VDW =      330.7607  1-4 EEL =     5620.0550  RESTRAINT  =       46.2059
 EAMBER  =    -2612.2235


   NSTEP       ENERGY          RMS            GMAX         NAME    NUMBER
    400      -2.5665E+03     5.4268E-02     9.3503E-01     CD        944

 BOND    =       30.2207  ANGLE   =      206.1058  DIHED      =     1076.3800
 VDWAALS =     -800.4755  EEL     =    -7116.2380  EGB        =    -1959.2742
 1-4 VDW =      331.1239  1-4 EEL =     5619.9250  RESTRAINT  =       45.7529
 EAMBER  =    -2612.2323


   NSTEP       ENERGY          RMS            GMAX         NAME    NUMBER
    500      -2.5670E+03     6.2220E-02     1.4103E+00     HG       1375

 BOND    =       30.2412  ANGLE   =      206.1260  DIHED      =     1076.0157
 VDWAALS =     -800.6117  EEL     =    -7117.1969  EGB        =    -1958.4325
 1-4 VDW =      331.1325  1-4 EEL =     5619.9270  RESTRAINT  =       45.8209
 EAMBER  =    -2612.7986


   NSTEP       ENERGY          RMS            GMAX         NAME    NUMBER
    600      -2.5693E+03     9.9692E-02     1.8265E+00     CD        944

 BOND    =       30.1731  ANGLE   =      206.0704  DIHED      =     1073.8286
 VDWAALS =     -800.4609  EEL     =    -7121.0874  EGB        =    -1955.2029
 1-4 VDW =      331.1583  1-4 EEL =     5620.4545  RESTRAINT  =       45.7658
 EAMBER  =    -2615.0662


   NSTEP       ENERGY          RMS            GMAX         NAME    NUMBER
    700      -2.5695E+03     1.0772E-02     1.4943E-01     HG       1375

 BOND    =       30.1021  ANGLE   =      205.9127  DIHED      =     1073.6961
 VDWAALS =     -800.3550  EEL     =    -7121.5652  EGB        =    -1954.6433
 1-4 VDW =      331.2682  1-4 EEL =     5620.4949  RESTRAINT  =       45.6196
 EAMBER  =    -2615.0895


   NSTEP       ENERGY          RMS            GMAX         NAME    NUMBER
    800      -2.5695E+03     7.0418E-04     1.0913E-02     HG       1375

 BOND    =       30.0881  ANGLE   =      205.8868  DIHED      =     1073.7231
 VDWAALS =     -800.2870  EEL     =    -7121.6402  EGB        =    -1954.5127
 1-4 VDW =      331.2891  1-4 EEL =     5620.3814  RESTRAINT  =       45.5928
 EAMBER  =    -2615.0713


   NSTEP       ENERGY          RMS            GMAX         NAME    NUMBER
    900      -2.5695E+03     5.1079E-04     6.6778E-03     HG       1375

 BOND    =       30.0881  ANGLE   =      205.8876  DIHED      =     1073.7238
 VDWAALS =     -800.2848  EEL     =    -7121.6409  EGB        =    -1954.5104
 1-4 VDW =      331.2882  1-4 EEL =     5620.3768  RESTRAINT  =       45.5930
 EAMBER  =    -2615.0716


                    FINAL RESULTS



   NSTEP       ENERGY          RMS            GMAX         NAME    NUMBER
    948      -2.5695E+03     8.5410E-05     2.5376E-03     HG       1375

 BOND    =       30.0881  ANGLE   =      205.8876  DIHED      =     1073.7242
 VDWAALS =     -800.2843  EEL     =    -7121.6415  EGB        =    -1954.5094
 1-4 VDW =      331.2880  1-4 EEL =     5620.3759  RESTRAINT  =       45.5930
 EAMBER  =    -2615.0716

--------------------------------------------------------------------------------
   5.  TIMINGS
--------------------------------------------------------------------------------

|                Calc gb radii             55.29 (20.23% of Gen B)
|                Calc gb diag             102.53 (37.51% of Gen B)
|                Calc gb off-diag         115.49 (42.26% of Gen B)
|             Gen Born time            273.31 (100.0% of Nonbo)
|          Nonbond force            273.31 (99.28% of Force)
|          Bond/Angle/Dihedral        1.97 ( 0.72% of Force)
|          Other                      0.02 ( 0.01% of Force)
|       Force time               275.30 (100.0% of Runmd)
|    Runmd Time               275.30 (99.74% of Total)
|    Other                      0.72 ( 0.26% of Total)
| Total time               276.03 (100.0% of ALL  )

| Number of list builds   :          0

| Highest rstack allocated:          0
| Highest istack allocated:          0
|           Job began  at 12:49:59.313  on 02/03/2016
|           Setup done at 12:49:59.393  on 02/03/2016
|           Run   done at 12:54:35.341  on 02/03/2016
|     wallclock() was called   17092 times
