
          -------------------------------------------------------
          Amber 14 SANDER                              2014
          -------------------------------------------------------

| Run on 02/03/2016 at 12:30:22

|   Executable path: sander
| Working directory: /lustre/cs1500/scratch/kmb413/RealDecoyDisc/DecoyDiscrimination/decoys.set2.init/1aaj/Rosetta_relaxed
|          Hostname: slepner30


File Assignments:
|  MDIN: /scratch/kmb413/RealDecoyDisc/DecoyDiscrimination/scripts/min/min.in  
| MDOUT: NoH_2_empty_tag_1_786_0001.out                                        
|INPCRD: NoH_2_empty_tag_1_786_0001.rst7                                       
|  PARM: NoH_2_empty_tag_1_786_0001.parm7                                      
|RESTRT: min_NoH_2_empty_tag_1_786_0001.rst7                                   
|  REFC: NoH_2_empty_tag_1_786_0001.rst7                                       
| MDVEL: mdvel                                                                 
| MDFRC: mdfrc                                                                 
|  MDEN: mden                                                                  
| MDCRD: mdcrd                                                                 
|MDINFO: mdinfo                                                                
|  MTMD: mtmd                                                                  
|INPDIP: inpdip                                                                
|RSTDIP: rstdip                                                                
|INPTRA: inptraj                                                               


 Here is the input file:

                                                                               
&cntrl                                                                         
    imin = 1, maxcyc=1000,                                                     
    ntx = 1,                                                                   
    ntwr = 100, ntpr = 100,                                                    
    cut = 999.0,                                                               
    ntb = 0, igb = 8,                                                          
    ntr = 1, restraint_wt = 10, restraintmask = "!@H=",                        
/                                                                              

--------------------------------------------------------------------------------
   1.  RESOURCE   USE: 
--------------------------------------------------------------------------------

| Flags:                                                                        
| New format PARM file being parsed.
| Version =    1.000 Date = 02/03/16 Time = 11:47:33
 NATOM  =    1590 NTYPES =      14 NBONH =     791 MBONA  =     820
 NTHETH =    1812 MTHETA =    1115 NPHIH =    3578 MPHIA  =    3525
 NHPARM =       0 NPARM  =       0 NNB   =    8805 NRES   =     104
 NBONA  =     820 NTHETA =    1115 NPHIA =    3525 NUMBND =      65
 NUMANG =     152 NPTRA  =     189 NATYP =      33 NPHB   =       0
 IFBOX  =       0 NMXRS  =      24 IFCAP =       0 NEXTRA =       0
 NCOPY  =       0

 Implicit solvent radii are ArgH and AspGluO modified Bondi2 radii (mbondi3)                                
 Replacing prmtop screening parameters with GBn2 (igb=8) values

|     Memory Use     Allocated
|     Real              145027
|     Hollerith           4876
|     Integer           109197
|     Max Pairs              1
|     nblistReal             0
|     nblist Int             0
|       Total             1578 kbytes

| Note: 1-4 EEL scale factors are being read from the topology file.

| Note: 1-4 VDW scale factors are being read from the topology file.
| Duplicated    0 dihedrals
| Duplicated    0 dihedrals

--------------------------------------------------------------------------------
   2.  CONTROL  DATA  FOR  THE  RUN
--------------------------------------------------------------------------------

default_name                                                                    

General flags:
     imin    =       1, nmropt  =       0

Nature and format of input:
     ntx     =       1, irest   =       0, ntrx    =       1

Nature and format of output:
     ntxo    =       1, ntpr    =     100, ntrx    =       1, ntwr    =     100
     iwrap   =       0, ntwx    =       0, ntwv    =       0, ntwe    =       0
     ioutfm  =       0, ntwprt  =       0, idecomp =       0, rbornstat=      0

Potential function:
     ntf     =       1, ntb     =       0, igb     =       8, nsnb    =      25
     ipol    =       0, gbsa    =       0, iesp    =       0
     dielc   =   1.00000, cut     = 999.00000, intdiel =   1.00000
     saltcon =   0.00000, offset  =   0.19514, surften =   0.00500
     rdt     =   0.00000, rgbmax  =  25.00000  extdiel =  78.50000
     alpb  =        0
     gbalphaH  =   0.78844, gbbetaH   =   0.79870,  gbgammaH  =    0.43733
     gbalphaC  =   0.73376, gbbetaC   =   0.50638,  gbgammaC  =    0.20584
     gbalphaN  =   0.50336, gbbetaN   =   0.31683,  gbgammaN  =    0.19292
     gbalphaOS =   0.86781, gbbetaOS  =   0.87664,  gbgammaOS =    0.38788
     gbalphaP  =   1.00000, gbbetaP   =   0.80000,  gbgammaP  =    4.85000
     gb_alpha_hnu  =   0.53705, gb_beta_hnu   =   0.36286,  gb_gamma_hnu  =    0.11670
     gb_alpha_cnu  =   0.33167, gb_beta_cnu   =   0.19684,  gb_gamma_cnu  =    0.09342
     gb_alpha_nnu  =   0.68631, gb_beta_nnu   =   0.46319,  gb_gamma_nnu  =    0.13872
     gb_alpha_onu  =   0.60634, gb_beta_onu   =   0.46301,  gb_gamma_onu  =    0.14226
     gb_alpha_pnu  =   0.41836, gb_beta_pnu   =   0.29005,  gb_gamma_pnu  =    0.10642

Frozen or restrained atoms:
     ibelly  =       0, ntr     =       1
     restraint_wt =  10.00000

Energy minimization:
     maxcyc  =    1000, ncyc    =      10, ntmin   =       1
     dx0     =   0.01000, drms    =   0.00010
|  INFO: Old style inpcrd file read


    LOADING THE CONSTRAINED ATOMS AS GROUPS


   5.  REFERENCE ATOM COORDINATES

  defa
     Mask !@H=; matches   799 atoms

--------------------------------------------------------------------------------
   3.  ATOMIC COORDINATES AND VELOCITIES
--------------------------------------------------------------------------------

default_name                                                                    
 begin time read from input coords =     0.000 ps

 Number of triangulated 3-point waters found:        0

--------------------------------------------------------------------------------
   4.  RESULTS
--------------------------------------------------------------------------------



   NSTEP       ENERGY          RMS            GMAX         NAME    NUMBER
      1      -2.1972E+03     9.0348E+00     6.3736E+01     OE1       945

 BOND    =       70.1517  ANGLE   =      211.3160  DIHED      =     1086.7290
 VDWAALS =     -670.8828  EEL     =    -7394.3957  EGB        =    -1672.7269
 1-4 VDW =      444.3107  1-4 EEL =     5728.2768  RESTRAINT  =        0.0000


   NSTEP       ENERGY          RMS            GMAX         NAME    NUMBER
    100      -2.5746E+03     4.6825E-01     4.2188E+00     CE2       650

 BOND    =       31.0052  ANGLE   =      209.4095  DIHED      =     1087.2993
 VDWAALS =     -815.7172  EEL     =    -7417.3817  EGB        =    -1689.0673
 1-4 VDW =      334.0073  1-4 EEL =     5639.2161  RESTRAINT  =       46.5926
 EAMBER  =    -2621.2289


   NSTEP       ENERGY          RMS            GMAX         NAME    NUMBER
    200      -2.5968E+03     1.5928E-01     1.9103E+00     OG       1179

 BOND    =       31.2987  ANGLE   =      209.3798  DIHED      =     1083.1267
 VDWAALS =     -815.6655  EEL     =    -7441.9682  EGB        =    -1684.7119
 1-4 VDW =      333.9993  1-4 EEL =     5641.2943  RESTRAINT  =       46.4417
 EAMBER  =    -2643.2468


   NSTEP       ENERGY          RMS            GMAX         NAME    NUMBER
    300      -2.5977E+03     3.2410E-01     1.0425E+01     HG1      1213

 BOND    =       31.3973  ANGLE   =      209.5322  DIHED      =     1082.8721
 VDWAALS =     -816.8973  EEL     =    -7443.9713  EGB        =    -1684.7080
 1-4 VDW =      334.0576  1-4 EEL =     5643.1539  RESTRAINT  =       46.8450
 EAMBER  =    -2644.5635


   NSTEP       ENERGY          RMS            GMAX         NAME    NUMBER
    400      -2.6018E+03     5.6830E-02     8.3335E-01     CD        944

 BOND    =       31.1147  ANGLE   =      208.9977  DIHED      =     1080.9656
 VDWAALS =     -815.6912  EEL     =    -7447.3868  EGB        =    -1685.2625
 1-4 VDW =      334.8225  1-4 EEL =     5644.8390  RESTRAINT  =       45.7875
 EAMBER  =    -2647.6011


   NSTEP       ENERGY          RMS            GMAX         NAME    NUMBER
    500      -2.6018E+03     9.3405E-03     1.5779E-01     CE2       650

 BOND    =       31.0836  ANGLE   =      208.9360  DIHED      =     1080.9378
 VDWAALS =     -815.5859  EEL     =    -7447.4167  EGB        =    -1685.3099
 1-4 VDW =      334.8873  1-4 EEL =     5644.8820  RESTRAINT  =       45.7491
 EAMBER  =    -2647.5858

     ... RESTARTED DUE TO LINMIN FAILURE ...


   NSTEP       ENERGY          RMS            GMAX         NAME    NUMBER
    600      -2.6018E+03     3.4082E-03     4.7542E-02     CD2      1363

 BOND    =       31.0807  ANGLE   =      208.9194  DIHED      =     1080.9337
 VDWAALS =     -815.5671  EEL     =    -7447.4234  EGB        =    -1685.3019
 1-4 VDW =      334.9019  1-4 EEL =     5644.8864  RESTRAINT  =       45.7332
 EAMBER  =    -2647.5704


                    FINAL RESULTS



   NSTEP       ENERGY          RMS            GMAX         NAME    NUMBER
    669      -2.6018E+03     8.3789E-05     1.0362E-03     HG22     1210

 BOND    =       31.0813  ANGLE   =      208.9202  DIHED      =     1080.9343
 VDWAALS =     -815.5692  EEL     =    -7447.4268  EGB        =    -1685.3011
 1-4 VDW =      334.9021  1-4 EEL =     5644.8864  RESTRAINT  =       45.7357
 EAMBER  =    -2647.5729

--------------------------------------------------------------------------------
   5.  TIMINGS
--------------------------------------------------------------------------------

|                Calc gb radii             40.22 (20.49% of Gen B)
|                Calc gb diag              74.54 (37.98% of Gen B)
|                Calc gb off-diag          81.52 (41.53% of Gen B)
|             Gen Born time            196.28 (100.0% of Nonbo)
|          Nonbond force            196.28 (99.29% of Force)
|          Bond/Angle/Dihedral        1.39 ( 0.70% of Force)
|          Other                      0.01 ( 0.01% of Force)
|       Force time               197.68 (100.0% of Runmd)
|    Runmd Time               197.68 (99.82% of Total)
|    Other                      0.35 ( 0.18% of Total)
| Total time               198.04 (100.0% of ALL  )

| Number of list builds   :          0

| Highest rstack allocated:          0
| Highest istack allocated:          0
|           Job began  at 12:30:22.809  on 02/03/2016
|           Setup done at 12:30:22.878  on 02/03/2016
|           Run   done at 12:33:40.850  on 02/03/2016
|     wallclock() was called   12070 times
