
          -------------------------------------------------------
          Amber 14 SANDER                              2014
          -------------------------------------------------------

| Run on 02/03/2016 at 12:46:09

|   Executable path: sander
| Working directory: /lustre/cs1500/scratch/kmb413/RealDecoyDisc/DecoyDiscrimination/decoys.set2.init/1aaj/Rosetta_relaxed
|          Hostname: slepner7


File Assignments:
|  MDIN: /scratch/kmb413/RealDecoyDisc/DecoyDiscrimination/scripts/min/min.in  
| MDOUT: NoH_4_empty_tag_1_768_0001.out                                        
|INPCRD: NoH_4_empty_tag_1_768_0001.rst7                                       
|  PARM: NoH_4_empty_tag_1_768_0001.parm7                                      
|RESTRT: min_NoH_4_empty_tag_1_768_0001.rst7                                   
|  REFC: NoH_4_empty_tag_1_768_0001.rst7                                       
| MDVEL: mdvel                                                                 
| MDFRC: mdfrc                                                                 
|  MDEN: mden                                                                  
| MDCRD: mdcrd                                                                 
|MDINFO: mdinfo                                                                
|  MTMD: mtmd                                                                  
|INPDIP: inpdip                                                                
|RSTDIP: rstdip                                                                
|INPTRA: inptraj                                                               


 Here is the input file:

                                                                               
&cntrl                                                                         
    imin = 1, maxcyc=1000,                                                     
    ntx = 1,                                                                   
    ntwr = 100, ntpr = 100,                                                    
    cut = 999.0,                                                               
    ntb = 0, igb = 8,                                                          
    ntr = 1, restraint_wt = 10, restraintmask = "!@H=",                        
/                                                                              

--------------------------------------------------------------------------------
   1.  RESOURCE   USE: 
--------------------------------------------------------------------------------

| Flags:                                                                        
| New format PARM file being parsed.
| Version =    1.000 Date = 02/03/16 Time = 11:51:26
 NATOM  =    1590 NTYPES =      14 NBONH =     791 MBONA  =     820
 NTHETH =    1812 MTHETA =    1115 NPHIH =    3578 MPHIA  =    3525
 NHPARM =       0 NPARM  =       0 NNB   =    8805 NRES   =     104
 NBONA  =     820 NTHETA =    1115 NPHIA =    3525 NUMBND =      65
 NUMANG =     152 NPTRA  =     189 NATYP =      33 NPHB   =       0
 IFBOX  =       0 NMXRS  =      24 IFCAP =       0 NEXTRA =       0
 NCOPY  =       0

 Implicit solvent radii are ArgH and AspGluO modified Bondi2 radii (mbondi3)                                
 Replacing prmtop screening parameters with GBn2 (igb=8) values

|     Memory Use     Allocated
|     Real              145027
|     Hollerith           4876
|     Integer           109197
|     Max Pairs              1
|     nblistReal             0
|     nblist Int             0
|       Total             1578 kbytes

| Note: 1-4 EEL scale factors are being read from the topology file.

| Note: 1-4 VDW scale factors are being read from the topology file.
| Duplicated    0 dihedrals
| Duplicated    0 dihedrals

--------------------------------------------------------------------------------
   2.  CONTROL  DATA  FOR  THE  RUN
--------------------------------------------------------------------------------

default_name                                                                    

General flags:
     imin    =       1, nmropt  =       0

Nature and format of input:
     ntx     =       1, irest   =       0, ntrx    =       1

Nature and format of output:
     ntxo    =       1, ntpr    =     100, ntrx    =       1, ntwr    =     100
     iwrap   =       0, ntwx    =       0, ntwv    =       0, ntwe    =       0
     ioutfm  =       0, ntwprt  =       0, idecomp =       0, rbornstat=      0

Potential function:
     ntf     =       1, ntb     =       0, igb     =       8, nsnb    =      25
     ipol    =       0, gbsa    =       0, iesp    =       0
     dielc   =   1.00000, cut     = 999.00000, intdiel =   1.00000
     saltcon =   0.00000, offset  =   0.19514, surften =   0.00500
     rdt     =   0.00000, rgbmax  =  25.00000  extdiel =  78.50000
     alpb  =        0
     gbalphaH  =   0.78844, gbbetaH   =   0.79870,  gbgammaH  =    0.43733
     gbalphaC  =   0.73376, gbbetaC   =   0.50638,  gbgammaC  =    0.20584
     gbalphaN  =   0.50336, gbbetaN   =   0.31683,  gbgammaN  =    0.19292
     gbalphaOS =   0.86781, gbbetaOS  =   0.87664,  gbgammaOS =    0.38788
     gbalphaP  =   1.00000, gbbetaP   =   0.80000,  gbgammaP  =    4.85000
     gb_alpha_hnu  =   0.53705, gb_beta_hnu   =   0.36286,  gb_gamma_hnu  =    0.11670
     gb_alpha_cnu  =   0.33167, gb_beta_cnu   =   0.19684,  gb_gamma_cnu  =    0.09342
     gb_alpha_nnu  =   0.68631, gb_beta_nnu   =   0.46319,  gb_gamma_nnu  =    0.13872
     gb_alpha_onu  =   0.60634, gb_beta_onu   =   0.46301,  gb_gamma_onu  =    0.14226
     gb_alpha_pnu  =   0.41836, gb_beta_pnu   =   0.29005,  gb_gamma_pnu  =    0.10642

Frozen or restrained atoms:
     ibelly  =       0, ntr     =       1
     restraint_wt =  10.00000

Energy minimization:
     maxcyc  =    1000, ncyc    =      10, ntmin   =       1
     dx0     =   0.01000, drms    =   0.00010
|  INFO: Old style inpcrd file read


    LOADING THE CONSTRAINED ATOMS AS GROUPS


   5.  REFERENCE ATOM COORDINATES

  defa
     Mask !@H=; matches   799 atoms

--------------------------------------------------------------------------------
   3.  ATOMIC COORDINATES AND VELOCITIES
--------------------------------------------------------------------------------

default_name                                                                    
 begin time read from input coords =     0.000 ps

 Number of triangulated 3-point waters found:        0

--------------------------------------------------------------------------------
   4.  RESULTS
--------------------------------------------------------------------------------



   NSTEP       ENERGY          RMS            GMAX         NAME    NUMBER
      1      -2.2152E+03     9.0436E+00     6.7027E+01     OXT      1590

 BOND    =       69.5917  ANGLE   =      211.1246  DIHED      =     1088.4695
 VDWAALS =     -661.0654  EEL     =    -7271.8282  EGB        =    -1799.6831
 1-4 VDW =      440.5769  1-4 EEL =     5707.5853  RESTRAINT  =        0.0000


   NSTEP       ENERGY          RMS            GMAX         NAME    NUMBER
    100      -2.5831E+03     2.7631E-01     3.8647E+00     CD       1585

 BOND    =       30.8918  ANGLE   =      204.6420  DIHED      =     1090.7327
 VDWAALS =     -799.9381  EEL     =    -7280.6770  EGB        =    -1821.4384
 1-4 VDW =      331.8626  1-4 EEL =     5620.5592  RESTRAINT  =       40.2519
 EAMBER  =    -2623.3652


   NSTEP       ENERGY          RMS            GMAX         NAME    NUMBER
    200      -2.5858E+03     1.2434E-01     1.4059E+00     OG1      1388

 BOND    =       31.0664  ANGLE   =      205.4144  DIHED      =     1091.2673
 VDWAALS =     -803.7888  EEL     =    -7282.6337  EGB        =    -1822.3736
 1-4 VDW =      331.4819  1-4 EEL =     5621.0919  RESTRAINT  =       42.6776
 EAMBER  =    -2628.4743


   NSTEP       ENERGY          RMS            GMAX         NAME    NUMBER
    300      -2.5875E+03     5.0441E-02     6.9734E-01     C        1588

 BOND    =       30.8034  ANGLE   =      204.9617  DIHED      =     1089.5388
 VDWAALS =     -804.0637  EEL     =    -7282.1396  EGB        =    -1822.4203
 1-4 VDW =      332.0441  1-4 EEL =     5621.2008  RESTRAINT  =       42.5497
 EAMBER  =    -2630.0748


   NSTEP       ENERGY          RMS            GMAX         NAME    NUMBER
    400      -2.5877E+03     1.0892E-02     1.8659E-01     N           1

 BOND    =       30.7169  ANGLE   =      204.8222  DIHED      =     1089.3998
 VDWAALS =     -804.0604  EEL     =    -7282.2865  EGB        =    -1822.2833
 1-4 VDW =      332.2480  1-4 EEL =     5621.3194  RESTRAINT  =       42.4499
 EAMBER  =    -2630.1238


   NSTEP       ENERGY          RMS            GMAX         NAME    NUMBER
    500      -2.5877E+03     8.3353E-03     1.6963E-01     CD        103

 BOND    =       30.6896  ANGLE   =      204.8043  DIHED      =     1089.4321
 VDWAALS =     -804.0791  EEL     =    -7282.6048  EGB        =    -1822.0261
 1-4 VDW =      332.2884  1-4 EEL =     5621.3728  RESTRAINT  =       42.4398
 EAMBER  =    -2630.1227


   NSTEP       ENERGY          RMS            GMAX         NAME    NUMBER
    600      -2.5877E+03     2.9433E-02     3.8819E-01     CB       1382

 BOND    =       30.7057  ANGLE   =      204.8570  DIHED      =     1089.5761
 VDWAALS =     -804.1285  EEL     =    -7283.6196  EGB        =    -1821.2820
 1-4 VDW =      332.2499  1-4 EEL =     5621.4597  RESTRAINT  =       42.4787
 EAMBER  =    -2630.1817


   NSTEP       ENERGY          RMS            GMAX         NAME    NUMBER
    700      -2.5930E+03     2.4566E-01     5.0285E+00     CD        103

 BOND    =       31.4392  ANGLE   =      206.6071  DIHED      =     1089.5820
 VDWAALS =     -804.0542  EEL     =    -7294.2999  EGB        =    -1816.7442
 1-4 VDW =      330.5356  1-4 EEL =     5620.4456  RESTRAINT  =       43.4643
 EAMBER  =    -2636.4886


   NSTEP       ENERGY          RMS            GMAX         NAME    NUMBER
    800      -2.5945E+03     6.5226E-02     1.1632E+00     CD        103

 BOND    =       30.9000  ANGLE   =      204.9207  DIHED      =     1089.0720
 VDWAALS =     -802.4071  EEL     =    -7297.1011  EGB        =    -1815.8744
 1-4 VDW =      332.1942  1-4 EEL =     5621.6866  RESTRAINT  =       42.1069
 EAMBER  =    -2636.6092


   NSTEP       ENERGY          RMS            GMAX         NAME    NUMBER
    900      -2.5955E+03     7.6062E-02     1.5736E+00     HG1       635

 BOND    =       30.9840  ANGLE   =      205.1083  DIHED      =     1088.1320
 VDWAALS =     -802.6211  EEL     =    -7299.9152  EGB        =    -1813.9383
 1-4 VDW =      331.9800  1-4 EEL =     5622.4720  RESTRAINT  =       42.3120
 EAMBER  =    -2637.7984


   NSTEP       ENERGY          RMS            GMAX         NAME    NUMBER
   1000      -2.5959E+03     5.9895E-03     1.2259E-01     HG1       635

 BOND    =       30.8426  ANGLE   =      204.8115  DIHED      =     1087.4088
 VDWAALS =     -802.4909  EEL     =    -7300.1913  EGB        =    -1813.5885
 1-4 VDW =      332.3612  1-4 EEL =     5622.9096  RESTRAINT  =       42.0621
 EAMBER  =    -2637.9370


  Maximum number of minimization cycles reached.


                    FINAL RESULTS



   NSTEP       ENERGY          RMS            GMAX         NAME    NUMBER
   1000      -2.5959E+03     5.9895E-03     1.2259E-01     HG1       635

 BOND    =       30.8426  ANGLE   =      204.8115  DIHED      =     1087.4088
 VDWAALS =     -802.4909  EEL     =    -7300.1913  EGB        =    -1813.5885
 1-4 VDW =      332.3612  1-4 EEL =     5622.9096  RESTRAINT  =       42.0621
 EAMBER  =    -2637.9370

--------------------------------------------------------------------------------
   5.  TIMINGS
--------------------------------------------------------------------------------

|                Calc gb radii             57.99 (20.17% of Gen B)
|                Calc gb diag             106.91 (37.18% of Gen B)
|                Calc gb off-diag         122.65 (42.65% of Gen B)
|             Gen Born time            287.56 (100.0% of Nonbo)
|          Nonbond force            287.56 (99.28% of Force)
|          Bond/Angle/Dihedral        2.07 ( 0.71% of Force)
|          Other                      0.02 ( 0.01% of Force)
|       Force time               289.64 (100.0% of Runmd)
|    Runmd Time               289.64 (99.84% of Total)
|    Other                      0.47 ( 0.16% of Total)
| Total time               290.11 (100.0% of ALL  )

| Number of list builds   :          0

| Highest rstack allocated:          0
| Highest istack allocated:          0
|           Job began  at 12:46:09.217  on 02/03/2016
|           Setup done at 12:46:09.268  on 02/03/2016
|           Run   done at 12:50:59.331  on 02/03/2016
|     wallclock() was called   18028 times
