
          -------------------------------------------------------
          Amber 14 SANDER                              2014
          -------------------------------------------------------

| Run on 02/03/2016 at 14:21:50

|   Executable path: sander
| Working directory: /lustre/cs1500/scratch/kmb413/RealDecoyDisc/DecoyDiscrimination/decoys.set2.init/1aaj/Rosetta_relaxed
|          Hostname: slepner13


File Assignments:
|  MDIN: /scratch/kmb413/RealDecoyDisc/DecoyDiscrimination/scripts/min/min.in  
| MDOUT: NoH_4_empty_tag_1_216_0001.out                                        
|INPCRD: NoH_4_empty_tag_1_216_0001.rst7                                       
|  PARM: NoH_4_empty_tag_1_216_0001.parm7                                      
|RESTRT: min_NoH_4_empty_tag_1_216_0001.rst7                                   
|  REFC: NoH_4_empty_tag_1_216_0001.rst7                                       
| MDVEL: mdvel                                                                 
| MDFRC: mdfrc                                                                 
|  MDEN: mden                                                                  
| MDCRD: mdcrd                                                                 
|MDINFO: mdinfo                                                                
|  MTMD: mtmd                                                                  
|INPDIP: inpdip                                                                
|RSTDIP: rstdip                                                                
|INPTRA: inptraj                                                               


 Here is the input file:

                                                                               
&cntrl                                                                         
    imin = 1, maxcyc=1000,                                                     
    ntx = 1,                                                                   
    ntwr = 100, ntpr = 100,                                                    
    cut = 999.0,                                                               
    ntb = 0, igb = 8,                                                          
    ntr = 1, restraint_wt = 10, restraintmask = "!@H=",                        
/                                                                              

--------------------------------------------------------------------------------
   1.  RESOURCE   USE: 
--------------------------------------------------------------------------------

| Flags:                                                                        
| New format PARM file being parsed.
| Version =    1.000 Date = 02/03/16 Time = 11:50:37
 NATOM  =    1590 NTYPES =      14 NBONH =     791 MBONA  =     820
 NTHETH =    1812 MTHETA =    1115 NPHIH =    3578 MPHIA  =    3525
 NHPARM =       0 NPARM  =       0 NNB   =    8805 NRES   =     104
 NBONA  =     820 NTHETA =    1115 NPHIA =    3525 NUMBND =      65
 NUMANG =     152 NPTRA  =     189 NATYP =      33 NPHB   =       0
 IFBOX  =       0 NMXRS  =      24 IFCAP =       0 NEXTRA =       0
 NCOPY  =       0

 Implicit solvent radii are ArgH and AspGluO modified Bondi2 radii (mbondi3)                                
 Replacing prmtop screening parameters with GBn2 (igb=8) values

|     Memory Use     Allocated
|     Real              145027
|     Hollerith           4876
|     Integer           109197
|     Max Pairs              1
|     nblistReal             0
|     nblist Int             0
|       Total             1578 kbytes

| Note: 1-4 EEL scale factors are being read from the topology file.

| Note: 1-4 VDW scale factors are being read from the topology file.
| Duplicated    0 dihedrals
| Duplicated    0 dihedrals

--------------------------------------------------------------------------------
   2.  CONTROL  DATA  FOR  THE  RUN
--------------------------------------------------------------------------------

default_name                                                                    

General flags:
     imin    =       1, nmropt  =       0

Nature and format of input:
     ntx     =       1, irest   =       0, ntrx    =       1

Nature and format of output:
     ntxo    =       1, ntpr    =     100, ntrx    =       1, ntwr    =     100
     iwrap   =       0, ntwx    =       0, ntwv    =       0, ntwe    =       0
     ioutfm  =       0, ntwprt  =       0, idecomp =       0, rbornstat=      0

Potential function:
     ntf     =       1, ntb     =       0, igb     =       8, nsnb    =      25
     ipol    =       0, gbsa    =       0, iesp    =       0
     dielc   =   1.00000, cut     = 999.00000, intdiel =   1.00000
     saltcon =   0.00000, offset  =   0.19514, surften =   0.00500
     rdt     =   0.00000, rgbmax  =  25.00000  extdiel =  78.50000
     alpb  =        0
     gbalphaH  =   0.78844, gbbetaH   =   0.79870,  gbgammaH  =    0.43733
     gbalphaC  =   0.73376, gbbetaC   =   0.50638,  gbgammaC  =    0.20584
     gbalphaN  =   0.50336, gbbetaN   =   0.31683,  gbgammaN  =    0.19292
     gbalphaOS =   0.86781, gbbetaOS  =   0.87664,  gbgammaOS =    0.38788
     gbalphaP  =   1.00000, gbbetaP   =   0.80000,  gbgammaP  =    4.85000
     gb_alpha_hnu  =   0.53705, gb_beta_hnu   =   0.36286,  gb_gamma_hnu  =    0.11670
     gb_alpha_cnu  =   0.33167, gb_beta_cnu   =   0.19684,  gb_gamma_cnu  =    0.09342
     gb_alpha_nnu  =   0.68631, gb_beta_nnu   =   0.46319,  gb_gamma_nnu  =    0.13872
     gb_alpha_onu  =   0.60634, gb_beta_onu   =   0.46301,  gb_gamma_onu  =    0.14226
     gb_alpha_pnu  =   0.41836, gb_beta_pnu   =   0.29005,  gb_gamma_pnu  =    0.10642

Frozen or restrained atoms:
     ibelly  =       0, ntr     =       1
     restraint_wt =  10.00000

Energy minimization:
     maxcyc  =    1000, ncyc    =      10, ntmin   =       1
     dx0     =   0.01000, drms    =   0.00010
|  INFO: Old style inpcrd file read


    LOADING THE CONSTRAINED ATOMS AS GROUPS


   5.  REFERENCE ATOM COORDINATES

  defa
     Mask !@H=; matches   799 atoms

--------------------------------------------------------------------------------
   3.  ATOMIC COORDINATES AND VELOCITIES
--------------------------------------------------------------------------------

default_name                                                                    
 begin time read from input coords =     0.000 ps

 Number of triangulated 3-point waters found:        0

--------------------------------------------------------------------------------
   4.  RESULTS
--------------------------------------------------------------------------------



   NSTEP       ENERGY          RMS            GMAX         NAME    NUMBER
      1      -2.2203E+03     9.0268E+00     6.2030E+01     OE1       945

 BOND    =       69.8745  ANGLE   =      211.3939  DIHED      =     1083.1751
 VDWAALS =     -670.8013  EEL     =    -7548.6287  EGB        =    -1513.8112
 1-4 VDW =      441.2036  1-4 EEL =     5707.3298  RESTRAINT  =        0.0000


   NSTEP       ENERGY          RMS            GMAX         NAME    NUMBER
    100      -2.5829E+03     3.8774E-01     3.0115E+00     CE2       650

 BOND    =       30.4741  ANGLE   =      206.7614  DIHED      =     1082.5937
 VDWAALS =     -814.1246  EEL     =    -7555.5400  EGB        =    -1533.5370
 1-4 VDW =      331.9471  1-4 EEL =     5625.4619  RESTRAINT  =       43.0759
 EAMBER  =    -2625.9633


   NSTEP       ENERGY          RMS            GMAX         NAME    NUMBER
    200      -2.5918E+03     1.2448E-01     1.3148E+00     HG1       605

 BOND    =       30.6535  ANGLE   =      207.2342  DIHED      =     1080.4791
 VDWAALS =     -815.7702  EEL     =    -7567.5400  EGB        =    -1528.0569
 1-4 VDW =      331.7910  1-4 EEL =     5625.6425  RESTRAINT  =       43.7818
 EAMBER  =    -2635.5669


   NSTEP       ENERGY          RMS            GMAX         NAME    NUMBER
    300      -2.5976E+03     3.0166E-02     4.6782E-01     CD        437

 BOND    =       30.5312  ANGLE   =      207.0078  DIHED      =     1079.1519
 VDWAALS =     -815.0696  EEL     =    -7574.8652  EGB        =    -1527.0771
 1-4 VDW =      332.2965  1-4 EEL =     5626.8749  RESTRAINT  =       43.5251
 EAMBER  =    -2641.1497


   NSTEP       ENERGY          RMS            GMAX         NAME    NUMBER
    400      -2.5977E+03     3.3889E-02     4.5881E-01     OG1       604

 BOND    =       30.5428  ANGLE   =      207.0117  DIHED      =     1079.3732
 VDWAALS =     -815.1458  EEL     =    -7575.9840  EGB        =    -1526.3722
 1-4 VDW =      332.2669  1-4 EEL =     5627.0257  RESTRAINT  =       43.5966
 EAMBER  =    -2641.2816


   NSTEP       ENERGY          RMS            GMAX         NAME    NUMBER
    500      -2.6040E+03     2.1547E-01     3.4242E+00     CG        231

 BOND    =       30.8268  ANGLE   =      207.3282  DIHED      =     1078.8125
 VDWAALS =     -814.0296  EEL     =    -7585.0964  EGB        =    -1523.7672
 1-4 VDW =      331.8360  1-4 EEL =     5626.7382  RESTRAINT  =       43.3848
 EAMBER  =    -2647.3514


   NSTEP       ENERGY          RMS            GMAX         NAME    NUMBER
    600      -2.6045E+03     2.5002E-02     4.1242E-01     HG1       635

 BOND    =       30.6310  ANGLE   =      206.8955  DIHED      =     1078.6661
 VDWAALS =     -813.3998  EEL     =    -7586.4935  EGB        =    -1523.9574
 1-4 VDW =      332.4890  1-4 EEL =     5627.5269  RESTRAINT  =       43.1640
 EAMBER  =    -2647.6422


   NSTEP       ENERGY          RMS            GMAX         NAME    NUMBER
    700      -2.6045E+03     1.1064E-02     1.8404E-01     HG1       635

 BOND    =       30.6388  ANGLE   =      206.8729  DIHED      =     1078.6899
 VDWAALS =     -813.3478  EEL     =    -7586.7515  EGB        =    -1523.9955
 1-4 VDW =      332.4969  1-4 EEL =     5627.7212  RESTRAINT  =       43.1746
 EAMBER  =    -2647.6751


   NSTEP       ENERGY          RMS            GMAX         NAME    NUMBER
    800      -2.6045E+03     1.6610E-02     2.5626E-01     HG1       635

 BOND    =       30.6451  ANGLE   =      206.8945  DIHED      =     1078.6699
 VDWAALS =     -813.3428  EEL     =    -7586.9396  EGB        =    -1524.1180
 1-4 VDW =      332.4890  1-4 EEL =     5627.9598  RESTRAINT  =       43.2088
 EAMBER  =    -2647.7420


   NSTEP       ENERGY          RMS            GMAX         NAME    NUMBER
    900      -2.6048E+03     1.8946E-01     6.8275E+00     HG1       635

 BOND    =       30.7225  ANGLE   =      206.9901  DIHED      =     1077.7612
 VDWAALS =     -813.4473  EEL     =    -7586.1747  EGB        =    -1525.1139
 1-4 VDW =      332.4846  1-4 EEL =     5628.6569  RESTRAINT  =       43.2905
 EAMBER  =    -2648.1207


   NSTEP       ENERGY          RMS            GMAX         NAME    NUMBER
   1000      -2.6050E+03     1.1747E-02     2.8584E-01     CB        628

 BOND    =       30.6224  ANGLE   =      206.8695  DIHED      =     1077.3177
 VDWAALS =     -813.2585  EEL     =    -7585.6433  EGB        =    -1525.5908
 1-4 VDW =      332.5886  1-4 EEL =     5628.8086  RESTRAINT  =       43.2847
 EAMBER  =    -2648.2859


  Maximum number of minimization cycles reached.


                    FINAL RESULTS



   NSTEP       ENERGY          RMS            GMAX         NAME    NUMBER
   1000      -2.6050E+03     1.1747E-02     2.8584E-01     CB        628

 BOND    =       30.6224  ANGLE   =      206.8695  DIHED      =     1077.3177
 VDWAALS =     -813.2585  EEL     =    -7585.6433  EGB        =    -1525.5908
 1-4 VDW =      332.5886  1-4 EEL =     5628.8086  RESTRAINT  =       43.2847
 EAMBER  =    -2648.2859

--------------------------------------------------------------------------------
   5.  TIMINGS
--------------------------------------------------------------------------------

|                Calc gb radii             59.43 (20.33% of Gen B)
|                Calc gb diag             110.79 (37.91% of Gen B)
|                Calc gb off-diag         122.06 (41.76% of Gen B)
|             Gen Born time            292.28 (100.0% of Nonbo)
|          Nonbond force            292.28 (99.30% of Force)
|          Bond/Angle/Dihedral        2.06 ( 0.70% of Force)
|          Other                      0.02 ( 0.01% of Force)
|       Force time               294.35 (100.0% of Runmd)
|    Runmd Time               294.35 (99.70% of Total)
|    Other                      0.89 ( 0.30% of Total)
| Total time               295.25 (100.0% of ALL  )

| Number of list builds   :          0

| Highest rstack allocated:          0
| Highest istack allocated:          0
|           Job began  at 14:21:50.768  on 02/03/2016
|           Setup done at 14:21:50.862  on 02/03/2016
|           Run   done at 14:26:46.015  on 02/03/2016
|     wallclock() was called   18028 times
