
          -------------------------------------------------------
          Amber 14 SANDER                              2014
          -------------------------------------------------------

| Run on 02/03/2016 at 12:43:26

|   Executable path: sander
| Working directory: /lustre/cs1500/scratch/kmb413/RealDecoyDisc/DecoyDiscrimination/decoys.set2.init/1aaj/Rosetta_relaxed
|          Hostname: slepner30


File Assignments:
|  MDIN: /scratch/kmb413/RealDecoyDisc/DecoyDiscrimination/scripts/min/min.in  
| MDOUT: NoH_2_empty_tag_254_0001_0001.out                                     
|INPCRD: NoH_2_empty_tag_254_0001_0001.rst7                                    
|  PARM: NoH_2_empty_tag_254_0001_0001.parm7                                   
|RESTRT: min_NoH_2_empty_tag_254_0001_0001.rst7                                
|  REFC: NoH_2_empty_tag_254_0001_0001.rst7                                    
| MDVEL: mdvel                                                                 
| MDFRC: mdfrc                                                                 
|  MDEN: mden                                                                  
| MDCRD: mdcrd                                                                 
|MDINFO: mdinfo                                                                
|  MTMD: mtmd                                                                  
|INPDIP: inpdip                                                                
|RSTDIP: rstdip                                                                
|INPTRA: inptraj                                                               


 Here is the input file:

                                                                               
&cntrl                                                                         
    imin = 1, maxcyc=1000,                                                     
    ntx = 1,                                                                   
    ntwr = 100, ntpr = 100,                                                    
    cut = 999.0,                                                               
    ntb = 0, igb = 8,                                                          
    ntr = 1, restraint_wt = 10, restraintmask = "!@H=",                        
/                                                                              

--------------------------------------------------------------------------------
   1.  RESOURCE   USE: 
--------------------------------------------------------------------------------

| Flags:                                                                        
| New format PARM file being parsed.
| Version =    1.000 Date = 02/03/16 Time = 11:47:48
 NATOM  =    1590 NTYPES =      14 NBONH =     791 MBONA  =     820
 NTHETH =    1812 MTHETA =    1115 NPHIH =    3578 MPHIA  =    3525
 NHPARM =       0 NPARM  =       0 NNB   =    8805 NRES   =     104
 NBONA  =     820 NTHETA =    1115 NPHIA =    3525 NUMBND =      65
 NUMANG =     152 NPTRA  =     189 NATYP =      33 NPHB   =       0
 IFBOX  =       0 NMXRS  =      24 IFCAP =       0 NEXTRA =       0
 NCOPY  =       0

 Implicit solvent radii are ArgH and AspGluO modified Bondi2 radii (mbondi3)                                
 Replacing prmtop screening parameters with GBn2 (igb=8) values

|     Memory Use     Allocated
|     Real              145027
|     Hollerith           4876
|     Integer           109197
|     Max Pairs              1
|     nblistReal             0
|     nblist Int             0
|       Total             1578 kbytes

| Note: 1-4 EEL scale factors are being read from the topology file.

| Note: 1-4 VDW scale factors are being read from the topology file.
| Duplicated    0 dihedrals
| Duplicated    0 dihedrals

--------------------------------------------------------------------------------
   2.  CONTROL  DATA  FOR  THE  RUN
--------------------------------------------------------------------------------

default_name                                                                    

General flags:
     imin    =       1, nmropt  =       0

Nature and format of input:
     ntx     =       1, irest   =       0, ntrx    =       1

Nature and format of output:
     ntxo    =       1, ntpr    =     100, ntrx    =       1, ntwr    =     100
     iwrap   =       0, ntwx    =       0, ntwv    =       0, ntwe    =       0
     ioutfm  =       0, ntwprt  =       0, idecomp =       0, rbornstat=      0

Potential function:
     ntf     =       1, ntb     =       0, igb     =       8, nsnb    =      25
     ipol    =       0, gbsa    =       0, iesp    =       0
     dielc   =   1.00000, cut     = 999.00000, intdiel =   1.00000
     saltcon =   0.00000, offset  =   0.19514, surften =   0.00500
     rdt     =   0.00000, rgbmax  =  25.00000  extdiel =  78.50000
     alpb  =        0
     gbalphaH  =   0.78844, gbbetaH   =   0.79870,  gbgammaH  =    0.43733
     gbalphaC  =   0.73376, gbbetaC   =   0.50638,  gbgammaC  =    0.20584
     gbalphaN  =   0.50336, gbbetaN   =   0.31683,  gbgammaN  =    0.19292
     gbalphaOS =   0.86781, gbbetaOS  =   0.87664,  gbgammaOS =    0.38788
     gbalphaP  =   1.00000, gbbetaP   =   0.80000,  gbgammaP  =    4.85000
     gb_alpha_hnu  =   0.53705, gb_beta_hnu   =   0.36286,  gb_gamma_hnu  =    0.11670
     gb_alpha_cnu  =   0.33167, gb_beta_cnu   =   0.19684,  gb_gamma_cnu  =    0.09342
     gb_alpha_nnu  =   0.68631, gb_beta_nnu   =   0.46319,  gb_gamma_nnu  =    0.13872
     gb_alpha_onu  =   0.60634, gb_beta_onu   =   0.46301,  gb_gamma_onu  =    0.14226
     gb_alpha_pnu  =   0.41836, gb_beta_pnu   =   0.29005,  gb_gamma_pnu  =    0.10642

Frozen or restrained atoms:
     ibelly  =       0, ntr     =       1
     restraint_wt =  10.00000

Energy minimization:
     maxcyc  =    1000, ncyc    =      10, ntmin   =       1
     dx0     =   0.01000, drms    =   0.00010
|  INFO: Old style inpcrd file read


    LOADING THE CONSTRAINED ATOMS AS GROUPS


   5.  REFERENCE ATOM COORDINATES

  defa
     Mask !@H=; matches   799 atoms

--------------------------------------------------------------------------------
   3.  ATOMIC COORDINATES AND VELOCITIES
--------------------------------------------------------------------------------

default_name                                                                    
 begin time read from input coords =     0.000 ps

 Number of triangulated 3-point waters found:        0

--------------------------------------------------------------------------------
   4.  RESULTS
--------------------------------------------------------------------------------



   NSTEP       ENERGY          RMS            GMAX         NAME    NUMBER
      1      -2.2156E+03     9.0535E+00     6.6486E+01     OXT      1590

 BOND    =       69.4005  ANGLE   =      210.9978  DIHED      =     1077.2316
 VDWAALS =     -676.0003  EEL     =    -7259.3954  EGB        =    -1755.7506
 1-4 VDW =      440.4993  1-4 EEL =     5677.4176  RESTRAINT  =        0.0000


   NSTEP       ENERGY          RMS            GMAX         NAME    NUMBER
    100      -2.5788E+03     4.0122E-01     3.9922E+00     CE2       650

 BOND    =       31.9277  ANGLE   =      210.4038  DIHED      =     1075.6678
 VDWAALS =     -808.0443  EEL     =    -7274.2574  EGB        =    -1779.0820
 1-4 VDW =      328.6937  1-4 EEL =     5593.2883  RESTRAINT  =       42.5567
 EAMBER  =    -2621.4025


   NSTEP       ENERGY          RMS            GMAX         NAME    NUMBER
    200      -2.5925E+03     3.2458E-01     4.7494E+00     HG1       635

 BOND    =       32.4536  ANGLE   =      211.6856  DIHED      =     1073.7012
 VDWAALS =     -808.1553  EEL     =    -7281.0774  EGB        =    -1783.3257
 1-4 VDW =      328.1051  1-4 EEL =     5590.7820  RESTRAINT  =       43.3112
 EAMBER  =    -2635.8311


   NSTEP       ENERGY          RMS            GMAX         NAME    NUMBER
    300      -2.5998E+03     3.7096E-02     5.3989E-01     CB        598

 BOND    =       31.7144  ANGLE   =      209.7732  DIHED      =     1072.0821
 VDWAALS =     -806.8916  EEL     =    -7288.2224  EGB        =    -1783.0851
 1-4 VDW =      329.7775  1-4 EEL =     5592.7304  RESTRAINT  =       42.3183
 EAMBER  =    -2642.1215


   NSTEP       ENERGY          RMS            GMAX         NAME    NUMBER
    400      -2.5998E+03     5.7624E-03     9.5994E-02     CD       1119

 BOND    =       31.6984  ANGLE   =      209.7538  DIHED      =     1072.1335
 VDWAALS =     -806.8754  EEL     =    -7288.3010  EGB        =    -1783.0337
 1-4 VDW =      329.8416  1-4 EEL =     5592.7066  RESTRAINT  =       42.2299
 EAMBER  =    -2642.0764


   NSTEP       ENERGY          RMS            GMAX         NAME    NUMBER
    500      -2.5998E+03     2.2310E-03     3.5298E-02     CB        598

 BOND    =       31.6925  ANGLE   =      209.7492  DIHED      =     1072.1358
 VDWAALS =     -806.8840  EEL     =    -7288.3126  EGB        =    -1783.0176
 1-4 VDW =      329.8578  1-4 EEL =     5592.6991  RESTRAINT  =       42.2318
 EAMBER  =    -2642.0799


   NSTEP       ENERGY          RMS            GMAX         NAME    NUMBER
    600      -2.5998E+03     6.3515E-04     1.2684E-02     CD        729

 BOND    =       31.6897  ANGLE   =      209.7441  DIHED      =     1072.1355
 VDWAALS =     -806.8912  EEL     =    -7288.3162  EGB        =    -1783.0081
 1-4 VDW =      329.8641  1-4 EEL =     5592.6989  RESTRAINT  =       42.2348
 EAMBER  =    -2642.0832


                    FINAL RESULTS



   NSTEP       ENERGY          RMS            GMAX         NAME    NUMBER
    696      -2.5998E+03     8.6894E-05     7.8334E-04     HE3       399

 BOND    =       31.6903  ANGLE   =      209.7442  DIHED      =     1072.1355
 VDWAALS =     -806.8931  EEL     =    -7288.3213  EGB        =    -1783.0064
 1-4 VDW =      329.8635  1-4 EEL =     5592.7011  RESTRAINT  =       42.2378
 EAMBER  =    -2642.0863

--------------------------------------------------------------------------------
   5.  TIMINGS
--------------------------------------------------------------------------------

|                Calc gb radii             41.81 (20.52% of Gen B)
|                Calc gb diag              77.57 (38.07% of Gen B)
|                Calc gb off-diag          84.40 (41.42% of Gen B)
|             Gen Born time            203.78 (100.0% of Nonbo)
|          Nonbond force            203.78 (99.29% of Force)
|          Bond/Angle/Dihedral        1.44 ( 0.70% of Force)
|          Other                      0.01 ( 0.01% of Force)
|       Force time               205.24 (100.0% of Runmd)
|    Runmd Time               205.24 (99.71% of Total)
|    Other                      0.60 ( 0.29% of Total)
| Total time               205.84 (100.0% of ALL  )

| Number of list builds   :          0

| Highest rstack allocated:          0
| Highest istack allocated:          0
|           Job began  at 12:43:26.292  on 02/03/2016
|           Setup done at 12:43:26.342  on 02/03/2016
|           Run   done at 12:46:52.131  on 02/03/2016
|     wallclock() was called   12556 times
