
          -------------------------------------------------------
          Amber 14 SANDER                              2014
          -------------------------------------------------------

| Run on 02/03/2016 at 14:34:47

|   Executable path: sander
| Working directory: /lustre/cs1500/scratch/kmb413/RealDecoyDisc/DecoyDiscrimination/decoys.set2.init/1aaj/Rosetta_relaxed
|          Hostname: slepner1


File Assignments:
|  MDIN: /scratch/kmb413/RealDecoyDisc/DecoyDiscrimination/scripts/min/min.in  
| MDOUT: NoH_5_empty_tag_1100_0001_0001.out                                    
|INPCRD: NoH_5_empty_tag_1100_0001_0001.rst7                                   
|  PARM: NoH_5_empty_tag_1100_0001_0001.parm7                                  
|RESTRT: min_NoH_5_empty_tag_1100_0001_0001.rst7                               
|  REFC: NoH_5_empty_tag_1100_0001_0001.rst7                                   
| MDVEL: mdvel                                                                 
| MDFRC: mdfrc                                                                 
|  MDEN: mden                                                                  
| MDCRD: mdcrd                                                                 
|MDINFO: mdinfo                                                                
|  MTMD: mtmd                                                                  
|INPDIP: inpdip                                                                
|RSTDIP: rstdip                                                                
|INPTRA: inptraj                                                               


 Here is the input file:

                                                                               
&cntrl                                                                         
    imin = 1, maxcyc=1000,                                                     
    ntx = 1,                                                                   
    ntwr = 100, ntpr = 100,                                                    
    cut = 999.0,                                                               
    ntb = 0, igb = 8,                                                          
    ntr = 1, restraint_wt = 10, restraintmask = "!@H=",                        
/                                                                              

--------------------------------------------------------------------------------
   1.  RESOURCE   USE: 
--------------------------------------------------------------------------------

| Flags:                                                                        
| New format PARM file being parsed.
| Version =    1.000 Date = 02/03/16 Time = 11:52:18
 NATOM  =    1590 NTYPES =      14 NBONH =     791 MBONA  =     820
 NTHETH =    1812 MTHETA =    1115 NPHIH =    3578 MPHIA  =    3525
 NHPARM =       0 NPARM  =       0 NNB   =    8805 NRES   =     104
 NBONA  =     820 NTHETA =    1115 NPHIA =    3525 NUMBND =      65
 NUMANG =     152 NPTRA  =     189 NATYP =      33 NPHB   =       0
 IFBOX  =       0 NMXRS  =      24 IFCAP =       0 NEXTRA =       0
 NCOPY  =       0

 Implicit solvent radii are ArgH and AspGluO modified Bondi2 radii (mbondi3)                                
 Replacing prmtop screening parameters with GBn2 (igb=8) values

|     Memory Use     Allocated
|     Real              145027
|     Hollerith           4876
|     Integer           109197
|     Max Pairs              1
|     nblistReal             0
|     nblist Int             0
|       Total             1578 kbytes

| Note: 1-4 EEL scale factors are being read from the topology file.

| Note: 1-4 VDW scale factors are being read from the topology file.
| Duplicated    0 dihedrals
| Duplicated    0 dihedrals

--------------------------------------------------------------------------------
   2.  CONTROL  DATA  FOR  THE  RUN
--------------------------------------------------------------------------------

default_name                                                                    

General flags:
     imin    =       1, nmropt  =       0

Nature and format of input:
     ntx     =       1, irest   =       0, ntrx    =       1

Nature and format of output:
     ntxo    =       1, ntpr    =     100, ntrx    =       1, ntwr    =     100
     iwrap   =       0, ntwx    =       0, ntwv    =       0, ntwe    =       0
     ioutfm  =       0, ntwprt  =       0, idecomp =       0, rbornstat=      0

Potential function:
     ntf     =       1, ntb     =       0, igb     =       8, nsnb    =      25
     ipol    =       0, gbsa    =       0, iesp    =       0
     dielc   =   1.00000, cut     = 999.00000, intdiel =   1.00000
     saltcon =   0.00000, offset  =   0.19514, surften =   0.00500
     rdt     =   0.00000, rgbmax  =  25.00000  extdiel =  78.50000
     alpb  =        0
     gbalphaH  =   0.78844, gbbetaH   =   0.79870,  gbgammaH  =    0.43733
     gbalphaC  =   0.73376, gbbetaC   =   0.50638,  gbgammaC  =    0.20584
     gbalphaN  =   0.50336, gbbetaN   =   0.31683,  gbgammaN  =    0.19292
     gbalphaOS =   0.86781, gbbetaOS  =   0.87664,  gbgammaOS =    0.38788
     gbalphaP  =   1.00000, gbbetaP   =   0.80000,  gbgammaP  =    4.85000
     gb_alpha_hnu  =   0.53705, gb_beta_hnu   =   0.36286,  gb_gamma_hnu  =    0.11670
     gb_alpha_cnu  =   0.33167, gb_beta_cnu   =   0.19684,  gb_gamma_cnu  =    0.09342
     gb_alpha_nnu  =   0.68631, gb_beta_nnu   =   0.46319,  gb_gamma_nnu  =    0.13872
     gb_alpha_onu  =   0.60634, gb_beta_onu   =   0.46301,  gb_gamma_onu  =    0.14226
     gb_alpha_pnu  =   0.41836, gb_beta_pnu   =   0.29005,  gb_gamma_pnu  =    0.10642

Frozen or restrained atoms:
     ibelly  =       0, ntr     =       1
     restraint_wt =  10.00000

Energy minimization:
     maxcyc  =    1000, ncyc    =      10, ntmin   =       1
     dx0     =   0.01000, drms    =   0.00010
|  INFO: Old style inpcrd file read


    LOADING THE CONSTRAINED ATOMS AS GROUPS


   5.  REFERENCE ATOM COORDINATES

  defa
     Mask !@H=; matches   799 atoms

--------------------------------------------------------------------------------
   3.  ATOMIC COORDINATES AND VELOCITIES
--------------------------------------------------------------------------------

default_name                                                                    
 begin time read from input coords =     0.000 ps

 Number of triangulated 3-point waters found:        0

--------------------------------------------------------------------------------
   4.  RESULTS
--------------------------------------------------------------------------------



   NSTEP       ENERGY          RMS            GMAX         NAME    NUMBER
      1      -2.2111E+03     9.0474E+00     6.3449E+01     OE1       945

 BOND    =       69.7004  ANGLE   =      211.3800  DIHED      =     1067.1300
 VDWAALS =     -642.2075  EEL     =    -7262.4421  EGB        =    -1782.2221
 1-4 VDW =      444.3381  1-4 EEL =     5683.1906  RESTRAINT  =        0.0000


   NSTEP       ENERGY          RMS            GMAX         NAME    NUMBER
    100      -2.5708E+03     3.4084E-01     2.5912E+00     CE2       650

 BOND    =       30.6897  ANGLE   =      207.3465  DIHED      =     1068.5285
 VDWAALS =     -777.3232  EEL     =    -7269.8093  EGB        =    -1809.3694
 1-4 VDW =      332.5443  1-4 EEL =     5604.0924  RESTRAINT  =       42.5420
 EAMBER  =    -2613.3006


   NSTEP       ENERGY          RMS            GMAX         NAME    NUMBER
    200      -2.5794E+03     4.7823E-01     8.2997E+00     HG1      1213

 BOND    =       31.4419  ANGLE   =      209.9001  DIHED      =     1066.5573
 VDWAALS =     -780.2907  EEL     =    -7285.9104  EGB        =    -1800.6181
 1-4 VDW =      330.7007  1-4 EEL =     5603.7556  RESTRAINT  =       45.0360
 EAMBER  =    -2624.4635


   NSTEP       ENERGY          RMS            GMAX         NAME    NUMBER
    300      -2.5857E+03     5.7774E-02     7.8649E-01     HG1       605

 BOND    =       30.7164  ANGLE   =      207.4236  DIHED      =     1064.8227
 VDWAALS =     -779.4084  EEL     =    -7296.8399  EGB        =    -1797.0321
 1-4 VDW =      332.8868  1-4 EEL =     5608.3469  RESTRAINT  =       43.3688
 EAMBER  =    -2629.0840


   NSTEP       ENERGY          RMS            GMAX         NAME    NUMBER
    400      -2.5875E+03     6.4756E-02     8.5038E-01     HG1       605

 BOND    =       30.6297  ANGLE   =      207.2582  DIHED      =     1063.2949
 VDWAALS =     -779.5725  EEL     =    -7302.5051  EGB        =    -1792.7968
 1-4 VDW =      333.1427  1-4 EEL =     5609.8028  RESTRAINT  =       43.2643
 EAMBER  =    -2630.7460


   NSTEP       ENERGY          RMS            GMAX         NAME    NUMBER
    500      -2.5876E+03     3.9429E-03     5.2974E-02     CD        193

 BOND    =       30.5498  ANGLE   =      207.0194  DIHED      =     1063.1297
 VDWAALS =     -779.4954  EEL     =    -7303.1535  EGB        =    -1792.2985
 1-4 VDW =      333.4309  1-4 EEL =     5610.1141  RESTRAINT  =       43.1023
 EAMBER  =    -2630.7034


   NSTEP       ENERGY          RMS            GMAX         NAME    NUMBER
    600      -2.5876E+03     1.5243E-03     1.8959E-02     HG23      603

 BOND    =       30.5431  ANGLE   =      207.0062  DIHED      =     1063.1278
 VDWAALS =     -779.4968  EEL     =    -7303.2001  EGB        =    -1792.2613
 1-4 VDW =      333.4527  1-4 EEL =     5610.1295  RESTRAINT  =       43.0969
 EAMBER  =    -2630.6989


   NSTEP       ENERGY          RMS            GMAX         NAME    NUMBER
    700      -2.5876E+03     3.5430E-04     3.8889E-03     CA       1577

 BOND    =       30.5415  ANGLE   =      207.0020  DIHED      =     1063.1277
 VDWAALS =     -779.4959  EEL     =    -7303.1930  EGB        =    -1792.2625
 1-4 VDW =      333.4575  1-4 EEL =     5610.1278  RESTRAINT  =       43.0928
 EAMBER  =    -2630.6949


                    FINAL RESULTS



   NSTEP       ENERGY          RMS            GMAX         NAME    NUMBER
    765      -2.5876E+03     9.3609E-05     1.2640E-03     HE3      1102

 BOND    =       30.5417  ANGLE   =      207.0023  DIHED      =     1063.1278
 VDWAALS =     -779.4964  EEL     =    -7303.1925  EGB        =    -1792.2628
 1-4 VDW =      333.4573  1-4 EEL =     5610.1274  RESTRAINT  =       43.0931
 EAMBER  =    -2630.6952

--------------------------------------------------------------------------------
   5.  TIMINGS
--------------------------------------------------------------------------------

|                Calc gb radii             45.16 (20.33% of Gen B)
|                Calc gb diag              83.77 (37.71% of Gen B)
|                Calc gb off-diag          93.23 (41.96% of Gen B)
|             Gen Born time            222.16 (100.0% of Nonbo)
|          Nonbond force            222.16 (99.28% of Force)
|          Bond/Angle/Dihedral        1.59 ( 0.71% of Force)
|          Other                      0.01 ( 0.01% of Force)
|       Force time               223.76 (100.0% of Runmd)
|    Runmd Time               223.76 (99.72% of Total)
|    Other                      0.63 ( 0.28% of Total)
| Total time               224.40 (100.0% of ALL  )

| Number of list builds   :          0

| Highest rstack allocated:          0
| Highest istack allocated:          0
|           Job began  at 14:34:47.766  on 02/03/2016
|           Setup done at 14:34:47.947  on 02/03/2016
|           Run   done at 14:38:32.168  on 02/03/2016
|     wallclock() was called   13798 times
