
          -------------------------------------------------------
          Amber 14 SANDER                              2014
          -------------------------------------------------------

| Run on 02/03/2016 at 13:16:52

|   Executable path: sander
| Working directory: /lustre/cs1500/scratch/kmb413/RealDecoyDisc/DecoyDiscrimination/decoys.set2.init/1aaj/Rosetta_relaxed
|          Hostname: slepner16


File Assignments:
|  MDIN: /scratch/kmb413/RealDecoyDisc/DecoyDiscrimination/scripts/min/min.in  
| MDOUT: NoH_2_empty_tag_1218_0001_0001.out                                    
|INPCRD: NoH_2_empty_tag_1218_0001_0001.rst7                                   
|  PARM: NoH_2_empty_tag_1218_0001_0001.parm7                                  
|RESTRT: min_NoH_2_empty_tag_1218_0001_0001.rst7                               
|  REFC: NoH_2_empty_tag_1218_0001_0001.rst7                                   
| MDVEL: mdvel                                                                 
| MDFRC: mdfrc                                                                 
|  MDEN: mden                                                                  
| MDCRD: mdcrd                                                                 
|MDINFO: mdinfo                                                                
|  MTMD: mtmd                                                                  
|INPDIP: inpdip                                                                
|RSTDIP: rstdip                                                                
|INPTRA: inptraj                                                               


 Here is the input file:

                                                                               
&cntrl                                                                         
    imin = 1, maxcyc=1000,                                                     
    ntx = 1,                                                                   
    ntwr = 100, ntpr = 100,                                                    
    cut = 999.0,                                                               
    ntb = 0, igb = 8,                                                          
    ntr = 1, restraint_wt = 10, restraintmask = "!@H=",                        
/                                                                              

--------------------------------------------------------------------------------
   1.  RESOURCE   USE: 
--------------------------------------------------------------------------------

| Flags:                                                                        
| New format PARM file being parsed.
| Version =    1.000 Date = 02/03/16 Time = 11:46:38
 NATOM  =    1590 NTYPES =      14 NBONH =     791 MBONA  =     820
 NTHETH =    1812 MTHETA =    1115 NPHIH =    3578 MPHIA  =    3525
 NHPARM =       0 NPARM  =       0 NNB   =    8805 NRES   =     104
 NBONA  =     820 NTHETA =    1115 NPHIA =    3525 NUMBND =      65
 NUMANG =     152 NPTRA  =     189 NATYP =      33 NPHB   =       0
 IFBOX  =       0 NMXRS  =      24 IFCAP =       0 NEXTRA =       0
 NCOPY  =       0

 Implicit solvent radii are ArgH and AspGluO modified Bondi2 radii (mbondi3)                                
 Replacing prmtop screening parameters with GBn2 (igb=8) values

|     Memory Use     Allocated
|     Real              145027
|     Hollerith           4876
|     Integer           109197
|     Max Pairs              1
|     nblistReal             0
|     nblist Int             0
|       Total             1578 kbytes

| Note: 1-4 EEL scale factors are being read from the topology file.

| Note: 1-4 VDW scale factors are being read from the topology file.
| Duplicated    0 dihedrals
| Duplicated    0 dihedrals

--------------------------------------------------------------------------------
   2.  CONTROL  DATA  FOR  THE  RUN
--------------------------------------------------------------------------------

default_name                                                                    

General flags:
     imin    =       1, nmropt  =       0

Nature and format of input:
     ntx     =       1, irest   =       0, ntrx    =       1

Nature and format of output:
     ntxo    =       1, ntpr    =     100, ntrx    =       1, ntwr    =     100
     iwrap   =       0, ntwx    =       0, ntwv    =       0, ntwe    =       0
     ioutfm  =       0, ntwprt  =       0, idecomp =       0, rbornstat=      0

Potential function:
     ntf     =       1, ntb     =       0, igb     =       8, nsnb    =      25
     ipol    =       0, gbsa    =       0, iesp    =       0
     dielc   =   1.00000, cut     = 999.00000, intdiel =   1.00000
     saltcon =   0.00000, offset  =   0.19514, surften =   0.00500
     rdt     =   0.00000, rgbmax  =  25.00000  extdiel =  78.50000
     alpb  =        0
     gbalphaH  =   0.78844, gbbetaH   =   0.79870,  gbgammaH  =    0.43733
     gbalphaC  =   0.73376, gbbetaC   =   0.50638,  gbgammaC  =    0.20584
     gbalphaN  =   0.50336, gbbetaN   =   0.31683,  gbgammaN  =    0.19292
     gbalphaOS =   0.86781, gbbetaOS  =   0.87664,  gbgammaOS =    0.38788
     gbalphaP  =   1.00000, gbbetaP   =   0.80000,  gbgammaP  =    4.85000
     gb_alpha_hnu  =   0.53705, gb_beta_hnu   =   0.36286,  gb_gamma_hnu  =    0.11670
     gb_alpha_cnu  =   0.33167, gb_beta_cnu   =   0.19684,  gb_gamma_cnu  =    0.09342
     gb_alpha_nnu  =   0.68631, gb_beta_nnu   =   0.46319,  gb_gamma_nnu  =    0.13872
     gb_alpha_onu  =   0.60634, gb_beta_onu   =   0.46301,  gb_gamma_onu  =    0.14226
     gb_alpha_pnu  =   0.41836, gb_beta_pnu   =   0.29005,  gb_gamma_pnu  =    0.10642

Frozen or restrained atoms:
     ibelly  =       0, ntr     =       1
     restraint_wt =  10.00000

Energy minimization:
     maxcyc  =    1000, ncyc    =      10, ntmin   =       1
     dx0     =   0.01000, drms    =   0.00010
|  INFO: Old style inpcrd file read


    LOADING THE CONSTRAINED ATOMS AS GROUPS


   5.  REFERENCE ATOM COORDINATES

  defa
     Mask !@H=; matches   799 atoms

--------------------------------------------------------------------------------
   3.  ATOMIC COORDINATES AND VELOCITIES
--------------------------------------------------------------------------------

default_name                                                                    
 begin time read from input coords =     0.000 ps

 Number of triangulated 3-point waters found:        0

--------------------------------------------------------------------------------
   4.  RESULTS
--------------------------------------------------------------------------------



   NSTEP       ENERGY          RMS            GMAX         NAME    NUMBER
      1      -2.2187E+03     9.1552E+00     6.0384E+01     OD2       313

 BOND    =       69.1148  ANGLE   =      210.5760  DIHED      =     1065.8216
 VDWAALS =     -662.5571  EEL     =    -7339.1998  EGB        =    -1669.9579
 1-4 VDW =      443.6407  1-4 EEL =     5663.8442  RESTRAINT  =        0.0000


   NSTEP       ENERGY          RMS            GMAX         NAME    NUMBER
    100      -2.6022E+03     4.6416E-01     5.4583E+00     HG       1180

 BOND    =       31.0015  ANGLE   =      209.1037  DIHED      =     1064.2427
 VDWAALS =     -803.0169  EEL     =    -7368.6673  EGB        =    -1690.4777
 1-4 VDW =      332.2432  1-4 EEL =     5579.9064  RESTRAINT  =       43.4207
 EAMBER  =    -2645.6645


   NSTEP       ENERGY          RMS            GMAX         NAME    NUMBER
    200      -2.6115E+03     1.7720E-01     1.9088E+00     H1          2

 BOND    =       30.9816  ANGLE   =      208.9004  DIHED      =     1062.9995
 VDWAALS =     -803.7035  EEL     =    -7374.4992  EGB        =    -1692.8359
 1-4 VDW =      332.4851  1-4 EEL =     5580.1236  RESTRAINT  =       44.0370
 EAMBER  =    -2655.5484


   NSTEP       ENERGY          RMS            GMAX         NAME    NUMBER
    300      -2.6128E+03     2.7066E-02     4.2618E-01     C        1588

 BOND    =       30.6775  ANGLE   =      208.4538  DIHED      =     1062.3506
 VDWAALS =     -804.1751  EEL     =    -7374.0542  EGB        =    -1693.0717
 1-4 VDW =      333.1952  1-4 EEL =     5579.9390  RESTRAINT  =       43.9229
 EAMBER  =    -2656.6850


   NSTEP       ENERGY          RMS            GMAX         NAME    NUMBER
    400      -2.6131E+03     2.8093E-01     1.2438E+01     HG1       605

 BOND    =       31.1738  ANGLE   =      209.4687  DIHED      =     1063.5058
 VDWAALS =     -805.2068  EEL     =    -7373.7403  EGB        =    -1694.3506
 1-4 VDW =      332.2753  1-4 EEL =     5578.9540  RESTRAINT  =       44.8520
 EAMBER  =    -2657.9201


   NSTEP       ENERGY          RMS            GMAX         NAME    NUMBER
    500      -2.6178E+03     3.0213E-02     7.3499E-01     CB        598

 BOND    =       30.7216  ANGLE   =      208.6625  DIHED      =     1062.1091
 VDWAALS =     -803.2245  EEL     =    -7375.8594  EGB        =    -1696.8892
 1-4 VDW =      333.4857  1-4 EEL =     5579.5206  RESTRAINT  =       43.6491
 EAMBER  =    -2661.4736


   NSTEP       ENERGY          RMS            GMAX         NAME    NUMBER
    600      -2.6178E+03     1.8116E-03     2.7214E-02     HG22     1210

 BOND    =       30.7180  ANGLE   =      208.6513  DIHED      =     1062.1576
 VDWAALS =     -803.3268  EEL     =    -7375.8675  EGB        =    -1696.9012
 1-4 VDW =      333.5363  1-4 EEL =     5579.5583  RESTRAINT  =       43.6293
 EAMBER  =    -2661.4741


   NSTEP       ENERGY          RMS            GMAX         NAME    NUMBER
    700      -2.6178E+03     7.0976E-04     1.1109E-02     OG1       604

 BOND    =       30.7159  ANGLE   =      208.6473  DIHED      =     1062.1656
 VDWAALS =     -803.3334  EEL     =    -7375.8762  EGB        =    -1696.9026
 1-4 VDW =      333.5483  1-4 EEL =     5579.5671  RESTRAINT  =       43.6227
 EAMBER  =    -2661.4680


   NSTEP       ENERGY          RMS            GMAX         NAME    NUMBER
    800      -2.6178E+03     3.2571E-04     4.4786E-03     N         608

 BOND    =       30.7159  ANGLE   =      208.6469  DIHED      =     1062.1667
 VDWAALS =     -803.3344  EEL     =    -7375.8774  EGB        =    -1696.9027
 1-4 VDW =      333.5495  1-4 EEL =     5579.5677  RESTRAINT  =       43.6225
 EAMBER  =    -2661.4677


                    FINAL RESULTS



   NSTEP       ENERGY          RMS            GMAX         NAME    NUMBER
    895      -2.6178E+03     8.8956E-05     1.7024E-03     CD        729

 BOND    =       30.7158  ANGLE   =      208.6468  DIHED      =     1062.1673
 VDWAALS =     -803.3352  EEL     =    -7375.8782  EGB        =    -1696.9026
 1-4 VDW =      333.5499  1-4 EEL =     5579.5682  RESTRAINT  =       43.6228
 EAMBER  =    -2661.4681

--------------------------------------------------------------------------------
   5.  TIMINGS
--------------------------------------------------------------------------------

|                Calc gb radii             53.90 (20.42% of Gen B)
|                Calc gb diag             100.40 (38.04% of Gen B)
|                Calc gb off-diag         109.65 (41.54% of Gen B)
|             Gen Born time            263.96 (100.0% of Nonbo)
|          Nonbond force            263.96 (99.30% of Force)
|          Bond/Angle/Dihedral        1.85 ( 0.70% of Force)
|          Other                      0.02 ( 0.01% of Force)
|       Force time               265.82 (100.0% of Runmd)
|    Runmd Time               265.82 (99.68% of Total)
|    Other                      0.84 ( 0.31% of Total)
| Total time               266.66 (100.0% of ALL  )

| Number of list builds   :          0

| Highest rstack allocated:          0
| Highest istack allocated:          0
|           Job began  at 13:16:52.234  on 02/03/2016
|           Setup done at 13:16:52.329  on 02/03/2016
|           Run   done at 13:21:18.896  on 02/03/2016
|     wallclock() was called   16138 times
