
          -------------------------------------------------------
          Amber 14 SANDER                              2014
          -------------------------------------------------------

| Run on 02/03/2016 at 12:04:20

|   Executable path: sander
| Working directory: /lustre/cs1500/scratch/kmb413/RealDecoyDisc/DecoyDiscrimination/decoys.set2.init/1aaj/Rosetta_relaxed
|          Hostname: slepner30


File Assignments:
|  MDIN: /scratch/kmb413/RealDecoyDisc/DecoyDiscrimination/scripts/min/min.in  
| MDOUT: NoH_3_empty_tag_1_436_0001.out                                        
|INPCRD: NoH_3_empty_tag_1_436_0001.rst7                                       
|  PARM: NoH_3_empty_tag_1_436_0001.parm7                                      
|RESTRT: min_NoH_3_empty_tag_1_436_0001.rst7                                   
|  REFC: NoH_3_empty_tag_1_436_0001.rst7                                       
| MDVEL: mdvel                                                                 
| MDFRC: mdfrc                                                                 
|  MDEN: mden                                                                  
| MDCRD: mdcrd                                                                 
|MDINFO: mdinfo                                                                
|  MTMD: mtmd                                                                  
|INPDIP: inpdip                                                                
|RSTDIP: rstdip                                                                
|INPTRA: inptraj                                                               


 Here is the input file:

                                                                               
&cntrl                                                                         
    imin = 1, maxcyc=1000,                                                     
    ntx = 1,                                                                   
    ntwr = 100, ntpr = 100,                                                    
    cut = 999.0,                                                               
    ntb = 0, igb = 8,                                                          
    ntr = 1, restraint_wt = 10, restraintmask = "!@H=",                        
/                                                                              

--------------------------------------------------------------------------------
   1.  RESOURCE   USE: 
--------------------------------------------------------------------------------

| Flags:                                                                        
| New format PARM file being parsed.
| Version =    1.000 Date = 02/03/16 Time = 11:49:13
 NATOM  =    1590 NTYPES =      14 NBONH =     791 MBONA  =     820
 NTHETH =    1812 MTHETA =    1115 NPHIH =    3578 MPHIA  =    3525
 NHPARM =       0 NPARM  =       0 NNB   =    8805 NRES   =     104
 NBONA  =     820 NTHETA =    1115 NPHIA =    3525 NUMBND =      65
 NUMANG =     152 NPTRA  =     189 NATYP =      33 NPHB   =       0
 IFBOX  =       0 NMXRS  =      24 IFCAP =       0 NEXTRA =       0
 NCOPY  =       0

 Implicit solvent radii are ArgH and AspGluO modified Bondi2 radii (mbondi3)                                
 Replacing prmtop screening parameters with GBn2 (igb=8) values

|     Memory Use     Allocated
|     Real              145027
|     Hollerith           4876
|     Integer           109197
|     Max Pairs              1
|     nblistReal             0
|     nblist Int             0
|       Total             1578 kbytes

| Note: 1-4 EEL scale factors are being read from the topology file.

| Note: 1-4 VDW scale factors are being read from the topology file.
| Duplicated    0 dihedrals
| Duplicated    0 dihedrals

--------------------------------------------------------------------------------
   2.  CONTROL  DATA  FOR  THE  RUN
--------------------------------------------------------------------------------

default_name                                                                    

General flags:
     imin    =       1, nmropt  =       0

Nature and format of input:
     ntx     =       1, irest   =       0, ntrx    =       1

Nature and format of output:
     ntxo    =       1, ntpr    =     100, ntrx    =       1, ntwr    =     100
     iwrap   =       0, ntwx    =       0, ntwv    =       0, ntwe    =       0
     ioutfm  =       0, ntwprt  =       0, idecomp =       0, rbornstat=      0

Potential function:
     ntf     =       1, ntb     =       0, igb     =       8, nsnb    =      25
     ipol    =       0, gbsa    =       0, iesp    =       0
     dielc   =   1.00000, cut     = 999.00000, intdiel =   1.00000
     saltcon =   0.00000, offset  =   0.19514, surften =   0.00500
     rdt     =   0.00000, rgbmax  =  25.00000  extdiel =  78.50000
     alpb  =        0
     gbalphaH  =   0.78844, gbbetaH   =   0.79870,  gbgammaH  =    0.43733
     gbalphaC  =   0.73376, gbbetaC   =   0.50638,  gbgammaC  =    0.20584
     gbalphaN  =   0.50336, gbbetaN   =   0.31683,  gbgammaN  =    0.19292
     gbalphaOS =   0.86781, gbbetaOS  =   0.87664,  gbgammaOS =    0.38788
     gbalphaP  =   1.00000, gbbetaP   =   0.80000,  gbgammaP  =    4.85000
     gb_alpha_hnu  =   0.53705, gb_beta_hnu   =   0.36286,  gb_gamma_hnu  =    0.11670
     gb_alpha_cnu  =   0.33167, gb_beta_cnu   =   0.19684,  gb_gamma_cnu  =    0.09342
     gb_alpha_nnu  =   0.68631, gb_beta_nnu   =   0.46319,  gb_gamma_nnu  =    0.13872
     gb_alpha_onu  =   0.60634, gb_beta_onu   =   0.46301,  gb_gamma_onu  =    0.14226
     gb_alpha_pnu  =   0.41836, gb_beta_pnu   =   0.29005,  gb_gamma_pnu  =    0.10642

Frozen or restrained atoms:
     ibelly  =       0, ntr     =       1
     restraint_wt =  10.00000

Energy minimization:
     maxcyc  =    1000, ncyc    =      10, ntmin   =       1
     dx0     =   0.01000, drms    =   0.00010
|  INFO: Old style inpcrd file read


    LOADING THE CONSTRAINED ATOMS AS GROUPS


   5.  REFERENCE ATOM COORDINATES

  defa
     Mask !@H=; matches   799 atoms

--------------------------------------------------------------------------------
   3.  ATOMIC COORDINATES AND VELOCITIES
--------------------------------------------------------------------------------

default_name                                                                    
 begin time read from input coords =     0.000 ps

 Number of triangulated 3-point waters found:        0

--------------------------------------------------------------------------------
   4.  RESULTS
--------------------------------------------------------------------------------



   NSTEP       ENERGY          RMS            GMAX         NAME    NUMBER
      1      -2.2323E+03     9.0800E+00     5.9174E+01     OD2       233

 BOND    =       70.3039  ANGLE   =      211.1843  DIHED      =     1085.6367
 VDWAALS =     -664.9993  EEL     =    -7355.9411  EGB        =    -1726.9000
 1-4 VDW =      441.2981  1-4 EEL =     5707.1407  RESTRAINT  =        0.0000


   NSTEP       ENERGY          RMS            GMAX         NAME    NUMBER
    100      -2.5902E+03     2.8280E-01     2.1420E+00     CE2       650

 BOND    =       31.2175  ANGLE   =      208.4330  DIHED      =     1085.6559
 VDWAALS =     -796.4487  EEL     =    -7367.8712  EGB        =    -1746.8317
 1-4 VDW =      330.9707  1-4 EEL =     5624.2759  RESTRAINT  =       40.4423
 EAMBER  =    -2630.5985


   NSTEP       ENERGY          RMS            GMAX         NAME    NUMBER
    200      -2.5942E+03     1.5497E-01     2.8765E+00     CD        193

 BOND    =       31.4306  ANGLE   =      209.2941  DIHED      =     1085.4580
 VDWAALS =     -799.4237  EEL     =    -7370.9397  EGB        =    -1746.8115
 1-4 VDW =      330.5801  1-4 EEL =     5623.6974  RESTRAINT  =       42.5245
 EAMBER  =    -2636.7146


   NSTEP       ENERGY          RMS            GMAX         NAME    NUMBER
    300      -2.5953E+03     5.2684E-02     1.0340E+00     CA          5

 BOND    =       31.3336  ANGLE   =      209.0831  DIHED      =     1085.1040
 VDWAALS =     -799.7740  EEL     =    -7372.3935  EGB        =    -1745.5847
 1-4 VDW =      330.9394  1-4 EEL =     5623.5817  RESTRAINT  =       42.4490
 EAMBER  =    -2637.7105


   NSTEP       ENERGY          RMS            GMAX         NAME    NUMBER
    400      -2.5961E+03     1.1227E-01     1.7407E+00     HG1      1389

 BOND    =       31.6952  ANGLE   =      209.7047  DIHED      =     1083.6841
 VDWAALS =     -800.0901  EEL     =    -7376.4530  EGB        =    -1741.2212
 1-4 VDW =      330.3911  1-4 EEL =     5623.4746  RESTRAINT  =       42.7119
 EAMBER  =    -2638.8146


   NSTEP       ENERGY          RMS            GMAX         NAME    NUMBER
    500      -2.5976E+03     9.0959E-02     1.1737E+00     OG1      1388

 BOND    =       31.5295  ANGLE   =      209.2226  DIHED      =     1082.9608
 VDWAALS =     -799.8641  EEL     =    -7379.4380  EGB        =    -1738.5402
 1-4 VDW =      330.7309  1-4 EEL =     5623.5071  RESTRAINT  =       42.2676
 EAMBER  =    -2639.8912


   NSTEP       ENERGY          RMS            GMAX         NAME    NUMBER
    600      -2.5980E+03     5.9850E-02     7.5803E-01     H1          2

 BOND    =       31.4248  ANGLE   =      208.9927  DIHED      =     1084.1521
 VDWAALS =     -799.9025  EEL     =    -7380.9119  EGB        =    -1738.2750
 1-4 VDW =      330.8963  1-4 EEL =     5623.5156  RESTRAINT  =       42.0912
 EAMBER  =    -2640.1078


   NSTEP       ENERGY          RMS            GMAX         NAME    NUMBER
    700      -2.6004E+03     7.6090E-02     9.9840E-01     CG2      1384

 BOND    =       31.3985  ANGLE   =      209.1324  DIHED      =     1084.0530
 VDWAALS =     -800.1999  EEL     =    -7377.6072  EGB        =    -1742.8920
 1-4 VDW =      330.8223  1-4 EEL =     5622.6028  RESTRAINT  =       42.3068
 EAMBER  =    -2642.6902


   NSTEP       ENERGY          RMS            GMAX         NAME    NUMBER
    800      -2.6005E+03     7.0920E-03     1.1400E-01     CG       1324

 BOND    =       31.2433  ANGLE   =      208.8068  DIHED      =     1084.0535
 VDWAALS =     -799.9002  EEL     =    -7376.6286  EGB        =    -1743.4611
 1-4 VDW =      331.1184  1-4 EEL =     5622.1988  RESTRAINT  =       42.0332
 EAMBER  =    -2642.5691


   NSTEP       ENERGY          RMS            GMAX         NAME    NUMBER
    900      -2.6005E+03     7.6546E-03     7.8518E-02     HD2        14

 BOND    =       31.2331  ANGLE   =      208.8101  DIHED      =     1084.0988
 VDWAALS =     -799.8933  EEL     =    -7376.4421  EGB        =    -1743.5953
 1-4 VDW =      331.1281  1-4 EEL =     5622.1088  RESTRAINT  =       42.0117
 EAMBER  =    -2642.5517


   NSTEP       ENERGY          RMS            GMAX         NAME    NUMBER
   1000      -2.6006E+03     2.8243E-02     4.6135E-01     H1          2

 BOND    =       31.2672  ANGLE   =      208.8511  DIHED      =     1084.2997
 VDWAALS =     -799.9281  EEL     =    -7376.1270  EGB        =    -1743.9288
 1-4 VDW =      331.0616  1-4 EEL =     5621.9083  RESTRAINT  =       42.0363
 EAMBER  =    -2642.5958


  Maximum number of minimization cycles reached.


                    FINAL RESULTS



   NSTEP       ENERGY          RMS            GMAX         NAME    NUMBER
   1000      -2.6006E+03     2.8243E-02     4.6135E-01     H1          2

 BOND    =       31.2672  ANGLE   =      208.8511  DIHED      =     1084.2997
 VDWAALS =     -799.9281  EEL     =    -7376.1270  EGB        =    -1743.9288
 1-4 VDW =      331.0616  1-4 EEL =     5621.9083  RESTRAINT  =       42.0363
 EAMBER  =    -2642.5958

--------------------------------------------------------------------------------
   5.  TIMINGS
--------------------------------------------------------------------------------

|                Calc gb radii             59.94 (20.52% of Gen B)
|                Calc gb diag             111.10 (38.04% of Gen B)
|                Calc gb off-diag         121.01 (41.43% of Gen B)
|             Gen Born time            292.05 (100.0% of Nonbo)
|          Nonbond force            292.05 (99.28% of Force)
|          Bond/Angle/Dihedral        2.09 ( 0.71% of Force)
|          Other                      0.02 ( 0.01% of Force)
|       Force time               294.16 (100.0% of Runmd)
|    Runmd Time               294.16 (99.47% of Total)
|    Other                      1.55 ( 0.53% of Total)
| Total time               295.72 (100.0% of ALL  )

| Number of list builds   :          0

| Highest rstack allocated:          0
| Highest istack allocated:          0
|           Job began  at 12:04:20.508  on 02/03/2016
|           Setup done at 12:04:20.718  on 02/03/2016
|           Run   done at 12:09:16.251  on 02/03/2016
|     wallclock() was called   18028 times
