
          -------------------------------------------------------
          Amber 14 SANDER                              2014
          -------------------------------------------------------

| Run on 02/03/2016 at 12:13:11

|   Executable path: sander
| Working directory: /lustre/cs1500/scratch/kmb413/RealDecoyDisc/DecoyDiscrimination/decoys.set2.init/1aaj/Rosetta_relaxed
|          Hostname: slepner7


File Assignments:
|  MDIN: /scratch/kmb413/RealDecoyDisc/DecoyDiscrimination/scripts/min/min.in  
| MDOUT: NoH_3_empty_tag_657_0001_0001.out                                     
|INPCRD: NoH_3_empty_tag_657_0001_0001.rst7                                    
|  PARM: NoH_3_empty_tag_657_0001_0001.parm7                                   
|RESTRT: min_NoH_3_empty_tag_657_0001_0001.rst7                                
|  REFC: NoH_3_empty_tag_657_0001_0001.rst7                                    
| MDVEL: mdvel                                                                 
| MDFRC: mdfrc                                                                 
|  MDEN: mden                                                                  
| MDCRD: mdcrd                                                                 
|MDINFO: mdinfo                                                                
|  MTMD: mtmd                                                                  
|INPDIP: inpdip                                                                
|RSTDIP: rstdip                                                                
|INPTRA: inptraj                                                               


 Here is the input file:

                                                                               
&cntrl                                                                         
    imin = 1, maxcyc=1000,                                                     
    ntx = 1,                                                                   
    ntwr = 100, ntpr = 100,                                                    
    cut = 999.0,                                                               
    ntb = 0, igb = 8,                                                          
    ntr = 1, restraint_wt = 10, restraintmask = "!@H=",                        
/                                                                              

--------------------------------------------------------------------------------
   1.  RESOURCE   USE: 
--------------------------------------------------------------------------------

| Flags:                                                                        
| New format PARM file being parsed.
| Version =    1.000 Date = 02/03/16 Time = 11:50:12
 NATOM  =    1590 NTYPES =      14 NBONH =     791 MBONA  =     820
 NTHETH =    1812 MTHETA =    1115 NPHIH =    3578 MPHIA  =    3525
 NHPARM =       0 NPARM  =       0 NNB   =    8805 NRES   =     104
 NBONA  =     820 NTHETA =    1115 NPHIA =    3525 NUMBND =      65
 NUMANG =     152 NPTRA  =     189 NATYP =      33 NPHB   =       0
 IFBOX  =       0 NMXRS  =      24 IFCAP =       0 NEXTRA =       0
 NCOPY  =       0

 Implicit solvent radii are ArgH and AspGluO modified Bondi2 radii (mbondi3)                                
 Replacing prmtop screening parameters with GBn2 (igb=8) values

|     Memory Use     Allocated
|     Real              145027
|     Hollerith           4876
|     Integer           109197
|     Max Pairs              1
|     nblistReal             0
|     nblist Int             0
|       Total             1578 kbytes

| Note: 1-4 EEL scale factors are being read from the topology file.

| Note: 1-4 VDW scale factors are being read from the topology file.
| Duplicated    0 dihedrals
| Duplicated    0 dihedrals

--------------------------------------------------------------------------------
   2.  CONTROL  DATA  FOR  THE  RUN
--------------------------------------------------------------------------------

default_name                                                                    

General flags:
     imin    =       1, nmropt  =       0

Nature and format of input:
     ntx     =       1, irest   =       0, ntrx    =       1

Nature and format of output:
     ntxo    =       1, ntpr    =     100, ntrx    =       1, ntwr    =     100
     iwrap   =       0, ntwx    =       0, ntwv    =       0, ntwe    =       0
     ioutfm  =       0, ntwprt  =       0, idecomp =       0, rbornstat=      0

Potential function:
     ntf     =       1, ntb     =       0, igb     =       8, nsnb    =      25
     ipol    =       0, gbsa    =       0, iesp    =       0
     dielc   =   1.00000, cut     = 999.00000, intdiel =   1.00000
     saltcon =   0.00000, offset  =   0.19514, surften =   0.00500
     rdt     =   0.00000, rgbmax  =  25.00000  extdiel =  78.50000
     alpb  =        0
     gbalphaH  =   0.78844, gbbetaH   =   0.79870,  gbgammaH  =    0.43733
     gbalphaC  =   0.73376, gbbetaC   =   0.50638,  gbgammaC  =    0.20584
     gbalphaN  =   0.50336, gbbetaN   =   0.31683,  gbgammaN  =    0.19292
     gbalphaOS =   0.86781, gbbetaOS  =   0.87664,  gbgammaOS =    0.38788
     gbalphaP  =   1.00000, gbbetaP   =   0.80000,  gbgammaP  =    4.85000
     gb_alpha_hnu  =   0.53705, gb_beta_hnu   =   0.36286,  gb_gamma_hnu  =    0.11670
     gb_alpha_cnu  =   0.33167, gb_beta_cnu   =   0.19684,  gb_gamma_cnu  =    0.09342
     gb_alpha_nnu  =   0.68631, gb_beta_nnu   =   0.46319,  gb_gamma_nnu  =    0.13872
     gb_alpha_onu  =   0.60634, gb_beta_onu   =   0.46301,  gb_gamma_onu  =    0.14226
     gb_alpha_pnu  =   0.41836, gb_beta_pnu   =   0.29005,  gb_gamma_pnu  =    0.10642

Frozen or restrained atoms:
     ibelly  =       0, ntr     =       1
     restraint_wt =  10.00000

Energy minimization:
     maxcyc  =    1000, ncyc    =      10, ntmin   =       1
     dx0     =   0.01000, drms    =   0.00010
|  INFO: Old style inpcrd file read


    LOADING THE CONSTRAINED ATOMS AS GROUPS


   5.  REFERENCE ATOM COORDINATES

  defa
     Mask !@H=; matches   799 atoms

--------------------------------------------------------------------------------
   3.  ATOMIC COORDINATES AND VELOCITIES
--------------------------------------------------------------------------------

default_name                                                                    
 begin time read from input coords =     0.000 ps

 Number of triangulated 3-point waters found:        0

--------------------------------------------------------------------------------
   4.  RESULTS
--------------------------------------------------------------------------------



   NSTEP       ENERGY          RMS            GMAX         NAME    NUMBER
      1      -2.2441E+03     9.0465E+00     6.3542E+01     OE1       194

 BOND    =       69.8057  ANGLE   =      211.2982  DIHED      =     1074.6017
 VDWAALS =     -656.1057  EEL     =    -7291.8514  EGB        =    -1815.0068
 1-4 VDW =      435.3328  1-4 EEL =     5727.8731  RESTRAINT  =        0.0000


   NSTEP       ENERGY          RMS            GMAX         NAME    NUMBER
    100      -2.5886E+03     3.1888E-01     2.5423E+00     CG        645

 BOND    =       30.9772  ANGLE   =      204.8266  DIHED      =     1074.3342
 VDWAALS =     -786.7145  EEL     =    -7298.2917  EGB        =    -1833.9015
 1-4 VDW =      328.1589  1-4 EEL =     5652.2510  RESTRAINT  =       39.7683
 EAMBER  =    -2628.3598


   NSTEP       ENERGY          RMS            GMAX         NAME    NUMBER
    200      -2.5979E+03     1.6453E-01     2.1422E+00     HG1       605

 BOND    =       30.9727  ANGLE   =      205.1467  DIHED      =     1072.3312
 VDWAALS =     -787.7639  EEL     =    -7304.2062  EGB        =    -1835.3637
 1-4 VDW =      328.3566  1-4 EEL =     5651.6487  RESTRAINT  =       41.0069
 EAMBER  =    -2638.8779


   NSTEP       ENERGY          RMS            GMAX         NAME    NUMBER
    300      -2.5985E+03     3.0782E-02     3.2574E-01     O         607

 BOND    =       30.7845  ANGLE   =      204.7128  DIHED      =     1071.9738
 VDWAALS =     -788.0534  EEL     =    -7304.8883  EGB        =    -1835.2422
 1-4 VDW =      329.0009  1-4 EEL =     5652.3637  RESTRAINT  =       40.8683
 EAMBER  =    -2639.3482


   NSTEP       ENERGY          RMS            GMAX         NAME    NUMBER
    400      -2.5985E+03     2.3765E-02     3.8259E-01     OG1       604

 BOND    =       30.7806  ANGLE   =      204.7216  DIHED      =     1072.1100
 VDWAALS =     -788.1361  EEL     =    -7305.5439  EGB        =    -1834.7683
 1-4 VDW =      329.0268  1-4 EEL =     5652.4311  RESTRAINT  =       40.8635
 EAMBER  =    -2639.3783


   NSTEP       ENERGY          RMS            GMAX         NAME    NUMBER
    500      -2.5985E+03     4.4798E-02     6.3484E-01     CG       1324

 BOND    =       30.8074  ANGLE   =      204.7123  DIHED      =     1072.2611
 VDWAALS =     -788.1833  EEL     =    -7306.5534  EGB        =    -1833.9366
 1-4 VDW =      328.9808  1-4 EEL =     5652.5051  RESTRAINT  =       40.8568
 EAMBER  =    -2639.4067


   NSTEP       ENERGY          RMS            GMAX         NAME    NUMBER
    600      -2.5988E+03     1.0633E-01     2.2532E+00     CB       1382

 BOND    =       31.1220  ANGLE   =      205.2168  DIHED      =     1071.8666
 VDWAALS =     -788.6292  EEL     =    -7309.7995  EGB        =    -1830.8040
 1-4 VDW =      328.4623  1-4 EEL =     5652.5308  RESTRAINT  =       41.2150
 EAMBER  =    -2640.0341


   NSTEP       ENERGY          RMS            GMAX         NAME    NUMBER
    700      -2.6003E+03     9.8083E-02     1.6643E+00     CB       1382

 BOND    =       31.1173  ANGLE   =      205.1456  DIHED      =     1069.9285
 VDWAALS =     -788.4186  EEL     =    -7313.7019  EGB        =    -1826.4290
 1-4 VDW =      328.5171  1-4 EEL =     5652.4852  RESTRAINT  =       41.0103
 EAMBER  =    -2641.3558


   NSTEP       ENERGY          RMS            GMAX         NAME    NUMBER
    800      -2.6009E+03     2.2806E-02     3.3124E-01     HG1      1389

 BOND    =       30.9216  ANGLE   =      204.6972  DIHED      =     1070.5508
 VDWAALS =     -788.2638  EEL     =    -7315.4105  EGB        =    -1825.3270
 1-4 VDW =      328.8834  1-4 EEL =     5652.3611  RESTRAINT  =       40.6725
 EAMBER  =    -2641.5871


   NSTEP       ENERGY          RMS            GMAX         NAME    NUMBER
    900      -2.6010E+03     3.7176E-02     7.4749E-01     CG2      1384

 BOND    =       30.9103  ANGLE   =      204.7267  DIHED      =     1071.3455
 VDWAALS =     -788.4056  EEL     =    -7316.4112  EGB        =    -1825.0801
 1-4 VDW =      328.8654  1-4 EEL =     5652.3628  RESTRAINT  =       40.6616
 EAMBER  =    -2641.6862


   NSTEP       ENERGY          RMS            GMAX         NAME    NUMBER
   1000      -2.6033E+03     6.6500E-02     1.3634E+00     HG21     1385

 BOND    =       30.8335  ANGLE   =      204.7818  DIHED      =     1071.2435
 VDWAALS =     -788.7066  EEL     =    -7313.1205  EGB        =    -1829.4801
 1-4 VDW =      328.9545  1-4 EEL =     5651.3366  RESTRAINT  =       40.8391
 EAMBER  =    -2644.1574


  Maximum number of minimization cycles reached.


                    FINAL RESULTS



   NSTEP       ENERGY          RMS            GMAX         NAME    NUMBER
   1000      -2.6033E+03     6.6500E-02     1.3634E+00     HG21     1385

 BOND    =       30.8335  ANGLE   =      204.7818  DIHED      =     1071.2435
 VDWAALS =     -788.7066  EEL     =    -7313.1205  EGB        =    -1829.4801
 1-4 VDW =      328.9545  1-4 EEL =     5651.3366  RESTRAINT  =       40.8391
 EAMBER  =    -2644.1574

--------------------------------------------------------------------------------
   5.  TIMINGS
--------------------------------------------------------------------------------

|                Calc gb radii             59.12 (20.34% of Gen B)
|                Calc gb diag             109.15 (37.55% of Gen B)
|                Calc gb off-diag         122.42 (42.11% of Gen B)
|             Gen Born time            290.69 (100.0% of Nonbo)
|          Nonbond force            290.69 (99.28% of Force)
|          Bond/Angle/Dihedral        2.08 ( 0.71% of Force)
|          Other                      0.02 ( 0.01% of Force)
|       Force time               292.79 (100.0% of Runmd)
|    Runmd Time               292.79 (99.61% of Total)
|    Other                      1.14 ( 0.39% of Total)
| Total time               293.93 (100.0% of ALL  )

| Number of list builds   :          0

| Highest rstack allocated:          0
| Highest istack allocated:          0
|           Job began  at 12:13:11.249  on 02/03/2016
|           Setup done at 12:13:11.300  on 02/03/2016
|           Run   done at 12:18:05.181  on 02/03/2016
|     wallclock() was called   18028 times
