
          -------------------------------------------------------
          Amber 14 SANDER                              2014
          -------------------------------------------------------

| Run on 02/03/2016 at 13:10:15

|   Executable path: sander
| Working directory: /lustre/cs1500/scratch/kmb413/RealDecoyDisc/DecoyDiscrimination/decoys.set2.init/1aaj/Rosetta_relaxed
|          Hostname: slepner43


File Assignments:
|  MDIN: /scratch/kmb413/RealDecoyDisc/DecoyDiscrimination/scripts/min/min.in  
| MDOUT: NoH_5_empty_tag_1_46_0001.out                                         
|INPCRD: NoH_5_empty_tag_1_46_0001.rst7                                        
|  PARM: NoH_5_empty_tag_1_46_0001.parm7                                       
|RESTRT: min_NoH_5_empty_tag_1_46_0001.rst7                                    
|  REFC: NoH_5_empty_tag_1_46_0001.rst7                                        
| MDVEL: mdvel                                                                 
| MDFRC: mdfrc                                                                 
|  MDEN: mden                                                                  
| MDCRD: mdcrd                                                                 
|MDINFO: mdinfo                                                                
|  MTMD: mtmd                                                                  
|INPDIP: inpdip                                                                
|RSTDIP: rstdip                                                                
|INPTRA: inptraj                                                               


 Here is the input file:

                                                                               
&cntrl                                                                         
    imin = 1, maxcyc=1000,                                                     
    ntx = 1,                                                                   
    ntwr = 100, ntpr = 100,                                                    
    cut = 999.0,                                                               
    ntb = 0, igb = 8,                                                          
    ntr = 1, restraint_wt = 10, restraintmask = "!@H=",                        
/                                                                              

--------------------------------------------------------------------------------
   1.  RESOURCE   USE: 
--------------------------------------------------------------------------------

| Flags:                                                                        
| New format PARM file being parsed.
| Version =    1.000 Date = 02/03/16 Time = 11:52:54
 NATOM  =    1590 NTYPES =      14 NBONH =     791 MBONA  =     820
 NTHETH =    1812 MTHETA =    1115 NPHIH =    3578 MPHIA  =    3525
 NHPARM =       0 NPARM  =       0 NNB   =    8805 NRES   =     104
 NBONA  =     820 NTHETA =    1115 NPHIA =    3525 NUMBND =      65
 NUMANG =     152 NPTRA  =     189 NATYP =      33 NPHB   =       0
 IFBOX  =       0 NMXRS  =      24 IFCAP =       0 NEXTRA =       0
 NCOPY  =       0

 Implicit solvent radii are ArgH and AspGluO modified Bondi2 radii (mbondi3)                                
 Replacing prmtop screening parameters with GBn2 (igb=8) values

|     Memory Use     Allocated
|     Real              145027
|     Hollerith           4876
|     Integer           109197
|     Max Pairs              1
|     nblistReal             0
|     nblist Int             0
|       Total             1578 kbytes

| Note: 1-4 EEL scale factors are being read from the topology file.

| Note: 1-4 VDW scale factors are being read from the topology file.
| Duplicated    0 dihedrals
| Duplicated    0 dihedrals

--------------------------------------------------------------------------------
   2.  CONTROL  DATA  FOR  THE  RUN
--------------------------------------------------------------------------------

default_name                                                                    

General flags:
     imin    =       1, nmropt  =       0

Nature and format of input:
     ntx     =       1, irest   =       0, ntrx    =       1

Nature and format of output:
     ntxo    =       1, ntpr    =     100, ntrx    =       1, ntwr    =     100
     iwrap   =       0, ntwx    =       0, ntwv    =       0, ntwe    =       0
     ioutfm  =       0, ntwprt  =       0, idecomp =       0, rbornstat=      0

Potential function:
     ntf     =       1, ntb     =       0, igb     =       8, nsnb    =      25
     ipol    =       0, gbsa    =       0, iesp    =       0
     dielc   =   1.00000, cut     = 999.00000, intdiel =   1.00000
     saltcon =   0.00000, offset  =   0.19514, surften =   0.00500
     rdt     =   0.00000, rgbmax  =  25.00000  extdiel =  78.50000
     alpb  =        0
     gbalphaH  =   0.78844, gbbetaH   =   0.79870,  gbgammaH  =    0.43733
     gbalphaC  =   0.73376, gbbetaC   =   0.50638,  gbgammaC  =    0.20584
     gbalphaN  =   0.50336, gbbetaN   =   0.31683,  gbgammaN  =    0.19292
     gbalphaOS =   0.86781, gbbetaOS  =   0.87664,  gbgammaOS =    0.38788
     gbalphaP  =   1.00000, gbbetaP   =   0.80000,  gbgammaP  =    4.85000
     gb_alpha_hnu  =   0.53705, gb_beta_hnu   =   0.36286,  gb_gamma_hnu  =    0.11670
     gb_alpha_cnu  =   0.33167, gb_beta_cnu   =   0.19684,  gb_gamma_cnu  =    0.09342
     gb_alpha_nnu  =   0.68631, gb_beta_nnu   =   0.46319,  gb_gamma_nnu  =    0.13872
     gb_alpha_onu  =   0.60634, gb_beta_onu   =   0.46301,  gb_gamma_onu  =    0.14226
     gb_alpha_pnu  =   0.41836, gb_beta_pnu   =   0.29005,  gb_gamma_pnu  =    0.10642

Frozen or restrained atoms:
     ibelly  =       0, ntr     =       1
     restraint_wt =  10.00000

Energy minimization:
     maxcyc  =    1000, ncyc    =      10, ntmin   =       1
     dx0     =   0.01000, drms    =   0.00010
|  INFO: Old style inpcrd file read


    LOADING THE CONSTRAINED ATOMS AS GROUPS


   5.  REFERENCE ATOM COORDINATES

  defa
     Mask !@H=; matches   799 atoms

--------------------------------------------------------------------------------
   3.  ATOMIC COORDINATES AND VELOCITIES
--------------------------------------------------------------------------------

default_name                                                                    
 begin time read from input coords =     0.000 ps

 Number of triangulated 3-point waters found:        0

--------------------------------------------------------------------------------
   4.  RESULTS
--------------------------------------------------------------------------------



   NSTEP       ENERGY          RMS            GMAX         NAME    NUMBER
      1      -2.2120E+03     9.1557E+00     6.5583E+01     OE1      1586

 BOND    =       69.2041  ANGLE   =      210.9103  DIHED      =     1066.4712
 VDWAALS =     -667.4331  EEL     =    -7309.8251  EGB        =    -1701.0546
 1-4 VDW =      441.9157  1-4 EEL =     5677.8511  RESTRAINT  =        0.0000


   NSTEP       ENERGY          RMS            GMAX         NAME    NUMBER
    100      -2.5916E+03     5.2621E-01     5.3757E+00     CE2       650

 BOND    =       31.9118  ANGLE   =      209.6999  DIHED      =     1069.6500
 VDWAALS =     -820.2064  EEL     =    -7333.4574  EGB        =    -1722.9437
 1-4 VDW =      331.5167  1-4 EEL =     5595.8425  RESTRAINT  =       46.3645
 EAMBER  =    -2637.9866


   NSTEP       ENERGY          RMS            GMAX         NAME    NUMBER
    200      -2.6110E+03     1.6432E-01     1.8414E+00     HG1       635

 BOND    =       31.5581  ANGLE   =      208.7462  DIHED      =     1067.0866
 VDWAALS =     -820.3536  EEL     =    -7354.2483  EGB        =    -1718.7233
 1-4 VDW =      332.4961  1-4 EEL =     5596.8105  RESTRAINT  =       45.5968
 EAMBER  =    -2656.6276


   NSTEP       ENERGY          RMS            GMAX         NAME    NUMBER
    300      -2.6227E+03     2.3186E-01     6.0976E+00     HH       1310

 BOND    =       32.1767  ANGLE   =      209.4506  DIHED      =     1063.0974
 VDWAALS =     -819.0800  EEL     =    -7366.1560  EGB        =    -1716.1982
 1-4 VDW =      331.6544  1-4 EEL =     5596.5468  RESTRAINT  =       45.8259
 EAMBER  =    -2668.5083


   NSTEP       ENERGY          RMS            GMAX         NAME    NUMBER
    400      -2.6241E+03     1.4330E-02     2.2024E-01     CD       1119

 BOND    =       31.3080  ANGLE   =      207.9498  DIHED      =     1062.8454
 VDWAALS =     -818.0686  EEL     =    -7366.5413  EGB        =    -1716.2307
 1-4 VDW =      333.4149  1-4 EEL =     5597.1491  RESTRAINT  =       44.0692
 EAMBER  =    -2668.1735


   NSTEP       ENERGY          RMS            GMAX         NAME    NUMBER
    500      -2.6241E+03     8.1710E-03     1.2069E-01     CE2      1311

 BOND    =       31.2783  ANGLE   =      207.8995  DIHED      =     1062.8781
 VDWAALS =     -818.1109  EEL     =    -7366.5879  EGB        =    -1716.2056
 1-4 VDW =      333.4923  1-4 EEL =     5597.2084  RESTRAINT  =       44.0344
 EAMBER  =    -2668.1479


   NSTEP       ENERGY          RMS            GMAX         NAME    NUMBER
    600      -2.6241E+03     3.6342E-03     7.9019E-02     CD       1119

 BOND    =       31.2730  ANGLE   =      207.8908  DIHED      =     1062.8885
 VDWAALS =     -818.1340  EEL     =    -7366.6015  EGB        =    -1716.1908
 1-4 VDW =      333.5115  1-4 EEL =     5597.2153  RESTRAINT  =       44.0322
 EAMBER  =    -2668.1473


   NSTEP       ENERGY          RMS            GMAX         NAME    NUMBER
    700      -2.6241E+03     4.6226E-03     6.0592E-02     CD2       659

 BOND    =       31.2717  ANGLE   =      207.8893  DIHED      =     1062.8943
 VDWAALS =     -818.1516  EEL     =    -7366.6080  EGB        =    -1716.1807
 1-4 VDW =      333.5183  1-4 EEL =     5597.2171  RESTRAINT  =       44.0343
 EAMBER  =    -2668.1497


   NSTEP       ENERGY          RMS            GMAX         NAME    NUMBER
    800      -2.6241E+03     2.4348E-04     2.8385E-03     CD1      1304

 BOND    =       31.2686  ANGLE   =      207.8814  DIHED      =     1062.8948
 VDWAALS =     -818.1497  EEL     =    -7366.6056  EGB        =    -1716.1774
 1-4 VDW =      333.5275  1-4 EEL =     5597.2168  RESTRAINT  =       44.0280
 EAMBER  =    -2668.1435


                    FINAL RESULTS



   NSTEP       ENERGY          RMS            GMAX         NAME    NUMBER
    872      -2.6241E+03     9.3919E-05     1.7038E-03     CD       1585

 BOND    =       31.2685  ANGLE   =      207.8816  DIHED      =     1062.8953
 VDWAALS =     -818.1510  EEL     =    -7366.6062  EGB        =    -1716.1768
 1-4 VDW =      333.5276  1-4 EEL =     5597.2171  RESTRAINT  =       44.0285
 EAMBER  =    -2668.1441

--------------------------------------------------------------------------------
   5.  TIMINGS
--------------------------------------------------------------------------------

|                Calc gb radii             52.60 (20.34% of Gen B)
|                Calc gb diag              97.91 (37.86% of Gen B)
|                Calc gb off-diag         108.13 (41.81% of Gen B)
|             Gen Born time            258.65 (100.0% of Nonbo)
|          Nonbond force            258.65 (99.30% of Force)
|          Bond/Angle/Dihedral        1.81 ( 0.70% of Force)
|          Other                      0.02 ( 0.01% of Force)
|       Force time               260.47 (100.0% of Runmd)
|    Runmd Time               260.47 (99.72% of Total)
|    Other                      0.73 ( 0.28% of Total)
| Total time               261.20 (100.0% of ALL  )

| Number of list builds   :          0

| Highest rstack allocated:          0
| Highest istack allocated:          0
|           Job began  at 13:10:15.364  on 02/03/2016
|           Setup done at 13:10:15.417  on 02/03/2016
|           Run   done at 13:14:36.570  on 02/03/2016
|     wallclock() was called   15724 times
