
          -------------------------------------------------------
          Amber 14 SANDER                              2014
          -------------------------------------------------------

| Run on 02/03/2016 at 14:17:48

|   Executable path: sander
| Working directory: /lustre/cs1500/scratch/kmb413/RealDecoyDisc/DecoyDiscrimination/decoys.set2.init/1aaj/Rosetta_relaxed
|          Hostname: slepner7


File Assignments:
|  MDIN: /scratch/kmb413/RealDecoyDisc/DecoyDiscrimination/scripts/min/min.in  
| MDOUT: NoH_4_empty_tag_1_886_0001.out                                        
|INPCRD: NoH_4_empty_tag_1_886_0001.rst7                                       
|  PARM: NoH_4_empty_tag_1_886_0001.parm7                                      
|RESTRT: min_NoH_4_empty_tag_1_886_0001.rst7                                   
|  REFC: NoH_4_empty_tag_1_886_0001.rst7                                       
| MDVEL: mdvel                                                                 
| MDFRC: mdfrc                                                                 
|  MDEN: mden                                                                  
| MDCRD: mdcrd                                                                 
|MDINFO: mdinfo                                                                
|  MTMD: mtmd                                                                  
|INPDIP: inpdip                                                                
|RSTDIP: rstdip                                                                
|INPTRA: inptraj                                                               


 Here is the input file:

                                                                               
&cntrl                                                                         
    imin = 1, maxcyc=1000,                                                     
    ntx = 1,                                                                   
    ntwr = 100, ntpr = 100,                                                    
    cut = 999.0,                                                               
    ntb = 0, igb = 8,                                                          
    ntr = 1, restraint_wt = 10, restraintmask = "!@H=",                        
/                                                                              

--------------------------------------------------------------------------------
   1.  RESOURCE   USE: 
--------------------------------------------------------------------------------

| Flags:                                                                        
| New format PARM file being parsed.
| Version =    1.000 Date = 02/03/16 Time = 11:51:34
 NATOM  =    1590 NTYPES =      14 NBONH =     791 MBONA  =     820
 NTHETH =    1812 MTHETA =    1115 NPHIH =    3578 MPHIA  =    3525
 NHPARM =       0 NPARM  =       0 NNB   =    8805 NRES   =     104
 NBONA  =     820 NTHETA =    1115 NPHIA =    3525 NUMBND =      65
 NUMANG =     152 NPTRA  =     189 NATYP =      33 NPHB   =       0
 IFBOX  =       0 NMXRS  =      24 IFCAP =       0 NEXTRA =       0
 NCOPY  =       0

 Implicit solvent radii are ArgH and AspGluO modified Bondi2 radii (mbondi3)                                
 Replacing prmtop screening parameters with GBn2 (igb=8) values

|     Memory Use     Allocated
|     Real              145027
|     Hollerith           4876
|     Integer           109197
|     Max Pairs              1
|     nblistReal             0
|     nblist Int             0
|       Total             1578 kbytes

| Note: 1-4 EEL scale factors are being read from the topology file.

| Note: 1-4 VDW scale factors are being read from the topology file.
| Duplicated    0 dihedrals
| Duplicated    0 dihedrals

--------------------------------------------------------------------------------
   2.  CONTROL  DATA  FOR  THE  RUN
--------------------------------------------------------------------------------

default_name                                                                    

General flags:
     imin    =       1, nmropt  =       0

Nature and format of input:
     ntx     =       1, irest   =       0, ntrx    =       1

Nature and format of output:
     ntxo    =       1, ntpr    =     100, ntrx    =       1, ntwr    =     100
     iwrap   =       0, ntwx    =       0, ntwv    =       0, ntwe    =       0
     ioutfm  =       0, ntwprt  =       0, idecomp =       0, rbornstat=      0

Potential function:
     ntf     =       1, ntb     =       0, igb     =       8, nsnb    =      25
     ipol    =       0, gbsa    =       0, iesp    =       0
     dielc   =   1.00000, cut     = 999.00000, intdiel =   1.00000
     saltcon =   0.00000, offset  =   0.19514, surften =   0.00500
     rdt     =   0.00000, rgbmax  =  25.00000  extdiel =  78.50000
     alpb  =        0
     gbalphaH  =   0.78844, gbbetaH   =   0.79870,  gbgammaH  =    0.43733
     gbalphaC  =   0.73376, gbbetaC   =   0.50638,  gbgammaC  =    0.20584
     gbalphaN  =   0.50336, gbbetaN   =   0.31683,  gbgammaN  =    0.19292
     gbalphaOS =   0.86781, gbbetaOS  =   0.87664,  gbgammaOS =    0.38788
     gbalphaP  =   1.00000, gbbetaP   =   0.80000,  gbgammaP  =    4.85000
     gb_alpha_hnu  =   0.53705, gb_beta_hnu   =   0.36286,  gb_gamma_hnu  =    0.11670
     gb_alpha_cnu  =   0.33167, gb_beta_cnu   =   0.19684,  gb_gamma_cnu  =    0.09342
     gb_alpha_nnu  =   0.68631, gb_beta_nnu   =   0.46319,  gb_gamma_nnu  =    0.13872
     gb_alpha_onu  =   0.60634, gb_beta_onu   =   0.46301,  gb_gamma_onu  =    0.14226
     gb_alpha_pnu  =   0.41836, gb_beta_pnu   =   0.29005,  gb_gamma_pnu  =    0.10642

Frozen or restrained atoms:
     ibelly  =       0, ntr     =       1
     restraint_wt =  10.00000

Energy minimization:
     maxcyc  =    1000, ncyc    =      10, ntmin   =       1
     dx0     =   0.01000, drms    =   0.00010
|  INFO: Old style inpcrd file read


    LOADING THE CONSTRAINED ATOMS AS GROUPS


   5.  REFERENCE ATOM COORDINATES

  defa
     Mask !@H=; matches   799 atoms

--------------------------------------------------------------------------------
   3.  ATOMIC COORDINATES AND VELOCITIES
--------------------------------------------------------------------------------

default_name                                                                    
 begin time read from input coords =     0.000 ps

 Number of triangulated 3-point waters found:        0

--------------------------------------------------------------------------------
   4.  RESULTS
--------------------------------------------------------------------------------



   NSTEP       ENERGY          RMS            GMAX         NAME    NUMBER
      1      -2.2014E+03     9.2182E+00     5.5899E+01     OE1      1586

 BOND    =       71.4871  ANGLE   =      212.0650  DIHED      =     1083.8738
 VDWAALS =     -628.4828  EEL     =    -7172.0943  EGB        =    -1926.7949
 1-4 VDW =      444.8165  1-4 EEL =     5713.7420  RESTRAINT  =        0.0000


   NSTEP       ENERGY          RMS            GMAX         NAME    NUMBER
    100      -2.5794E+03     3.2170E-01     2.5303E+00     CE2       650

 BOND    =       31.3644  ANGLE   =      209.6799  DIHED      =     1088.0387
 VDWAALS =     -781.5903  EEL     =    -7180.3112  EGB        =    -1944.3667
 1-4 VDW =      330.5296  1-4 EEL =     5622.9225  RESTRAINT  =       44.3561
 EAMBER  =    -2623.7332


   NSTEP       ENERGY          RMS            GMAX         NAME    NUMBER
    200      -2.5871E+03     2.3564E-01     2.2404E+00     HG1       635

 BOND    =       31.6127  ANGLE   =      210.7999  DIHED      =     1087.9062
 VDWAALS =     -784.5652  EEL     =    -7186.5464  EGB        =    -1945.0873
 1-4 VDW =      329.5505  1-4 EEL =     5622.6681  RESTRAINT  =       46.6044
 EAMBER  =    -2633.6614


   NSTEP       ENERGY          RMS            GMAX         NAME    NUMBER
    300      -2.6015E+03     9.4161E-02     1.4792E+00     OG1       604

 BOND    =       31.5194  ANGLE   =      210.3600  DIHED      =     1085.2635
 VDWAALS =     -782.9116  EEL     =    -7196.6030  EGB        =    -1949.1886
 1-4 VDW =      330.4238  1-4 EEL =     5623.7989  RESTRAINT  =       45.7878
 EAMBER  =    -2647.3377


   NSTEP       ENERGY          RMS            GMAX         NAME    NUMBER
    400      -2.6023E+03     8.7601E-02     1.5592E+00     HG        116

 BOND    =       31.6185  ANGLE   =      210.3497  DIHED      =     1085.4010
 VDWAALS =     -783.1111  EEL     =    -7197.3883  EGB        =    -1949.4202
 1-4 VDW =      330.4130  1-4 EEL =     5623.9633  RESTRAINT  =       45.8893
 EAMBER  =    -2648.1742


   NSTEP       ENERGY          RMS            GMAX         NAME    NUMBER
    500      -2.6035E+03     3.9725E-02     4.8185E-01     HG        116

 BOND    =       31.4440  ANGLE   =      209.7934  DIHED      =     1084.2822
 VDWAALS =     -782.8007  EEL     =    -7199.4948  EGB        =    -1947.1653
 1-4 VDW =      330.9325  1-4 EEL =     5623.9528  RESTRAINT  =       45.5883
 EAMBER  =    -2649.0559


   NSTEP       ENERGY          RMS            GMAX         NAME    NUMBER
    600      -2.6035E+03     3.5621E-03     6.2473E-02     CG       1324

 BOND    =       31.3409  ANGLE   =      209.6347  DIHED      =     1084.1811
 VDWAALS =     -782.6938  EEL     =    -7199.7106  EGB        =    -1946.8364
 1-4 VDW =      331.1659  1-4 EEL =     5623.9209  RESTRAINT  =       45.4845
 EAMBER  =    -2648.9974


   NSTEP       ENERGY          RMS            GMAX         NAME    NUMBER
    700      -2.6035E+03     5.1919E-04     5.8043E-03     CB        628

 BOND    =       31.3302  ANGLE   =      209.6124  DIHED      =     1084.1733
 VDWAALS =     -782.6824  EEL     =    -7199.7316  EGB        =    -1946.7972
 1-4 VDW =      331.1910  1-4 EEL =     5623.9170  RESTRAINT  =       45.4738
 EAMBER  =    -2648.9873


   NSTEP       ENERGY          RMS            GMAX         NAME    NUMBER
    800      -2.6035E+03     8.8843E-04     1.6198E-02     CB        112

 BOND    =       31.3281  ANGLE   =      209.6090  DIHED      =     1084.1730
 VDWAALS =     -782.6814  EEL     =    -7199.7337  EGB        =    -1946.7918
 1-4 VDW =      331.1965  1-4 EEL =     5623.9155  RESTRAINT  =       45.4714
 EAMBER  =    -2648.9849


                    FINAL RESULTS



   NSTEP       ENERGY          RMS            GMAX         NAME    NUMBER
    873      -2.6035E+03     9.8703E-05     1.4039E-03     HD13      332

 BOND    =       31.3294  ANGLE   =      209.6111  DIHED      =     1084.1736
 VDWAALS =     -782.6831  EEL     =    -7199.7336  EGB        =    -1946.7915
 1-4 VDW =      331.1939  1-4 EEL =     5623.9134  RESTRAINT  =       45.4734
 EAMBER  =    -2648.9870

--------------------------------------------------------------------------------
   5.  TIMINGS
--------------------------------------------------------------------------------

|                Calc gb radii             51.85 (20.40% of Gen B)
|                Calc gb diag              95.87 (37.72% of Gen B)
|                Calc gb off-diag         106.45 (41.88% of Gen B)
|             Gen Born time            254.18 (100.0% of Nonbo)
|          Nonbond force            254.18 (99.29% of Force)
|          Bond/Angle/Dihedral        1.80 ( 0.70% of Force)
|          Other                      0.01 ( 0.01% of Force)
|       Force time               256.00 (100.0% of Runmd)
|    Runmd Time               256.00 (99.82% of Total)
|    Other                      0.45 ( 0.18% of Total)
| Total time               256.45 (100.0% of ALL  )

| Number of list builds   :          0

| Highest rstack allocated:          0
| Highest istack allocated:          0
|           Job began  at 14:17:48.548  on 02/03/2016
|           Setup done at 14:17:48.646  on 02/03/2016
|           Run   done at 14:22:05.001  on 02/03/2016
|     wallclock() was called   15742 times
