
          -------------------------------------------------------
          Amber 14 SANDER                              2014
          -------------------------------------------------------

| Run on 02/03/2016 at 14:32:20

|   Executable path: sander
| Working directory: /lustre/cs1500/scratch/kmb413/RealDecoyDisc/DecoyDiscrimination/decoys.set2.init/1aaj/Rosetta_relaxed
|          Hostname: slepner30


File Assignments:
|  MDIN: /scratch/kmb413/RealDecoyDisc/DecoyDiscrimination/scripts/min/min.in  
| MDOUT: NoH_3_empty_tag_1593_0001_0001.out                                    
|INPCRD: NoH_3_empty_tag_1593_0001_0001.rst7                                   
|  PARM: NoH_3_empty_tag_1593_0001_0001.parm7                                  
|RESTRT: min_NoH_3_empty_tag_1593_0001_0001.rst7                               
|  REFC: NoH_3_empty_tag_1593_0001_0001.rst7                                   
| MDVEL: mdvel                                                                 
| MDFRC: mdfrc                                                                 
|  MDEN: mden                                                                  
| MDCRD: mdcrd                                                                 
|MDINFO: mdinfo                                                                
|  MTMD: mtmd                                                                  
|INPDIP: inpdip                                                                
|RSTDIP: rstdip                                                                
|INPTRA: inptraj                                                               


 Here is the input file:

                                                                               
&cntrl                                                                         
    imin = 1, maxcyc=1000,                                                     
    ntx = 1,                                                                   
    ntwr = 100, ntpr = 100,                                                    
    cut = 999.0,                                                               
    ntb = 0, igb = 8,                                                          
    ntr = 1, restraint_wt = 10, restraintmask = "!@H=",                        
/                                                                              

--------------------------------------------------------------------------------
   1.  RESOURCE   USE: 
--------------------------------------------------------------------------------

| Flags:                                                                        
| New format PARM file being parsed.
| Version =    1.000 Date = 02/03/16 Time = 11:49:26
 NATOM  =    1590 NTYPES =      14 NBONH =     791 MBONA  =     820
 NTHETH =    1812 MTHETA =    1115 NPHIH =    3578 MPHIA  =    3525
 NHPARM =       0 NPARM  =       0 NNB   =    8805 NRES   =     104
 NBONA  =     820 NTHETA =    1115 NPHIA =    3525 NUMBND =      65
 NUMANG =     152 NPTRA  =     189 NATYP =      33 NPHB   =       0
 IFBOX  =       0 NMXRS  =      24 IFCAP =       0 NEXTRA =       0
 NCOPY  =       0

 Implicit solvent radii are ArgH and AspGluO modified Bondi2 radii (mbondi3)                                
 Replacing prmtop screening parameters with GBn2 (igb=8) values

|     Memory Use     Allocated
|     Real              145027
|     Hollerith           4876
|     Integer           109197
|     Max Pairs              1
|     nblistReal             0
|     nblist Int             0
|       Total             1578 kbytes

| Note: 1-4 EEL scale factors are being read from the topology file.

| Note: 1-4 VDW scale factors are being read from the topology file.
| Duplicated    0 dihedrals
| Duplicated    0 dihedrals

--------------------------------------------------------------------------------
   2.  CONTROL  DATA  FOR  THE  RUN
--------------------------------------------------------------------------------

default_name                                                                    

General flags:
     imin    =       1, nmropt  =       0

Nature and format of input:
     ntx     =       1, irest   =       0, ntrx    =       1

Nature and format of output:
     ntxo    =       1, ntpr    =     100, ntrx    =       1, ntwr    =     100
     iwrap   =       0, ntwx    =       0, ntwv    =       0, ntwe    =       0
     ioutfm  =       0, ntwprt  =       0, idecomp =       0, rbornstat=      0

Potential function:
     ntf     =       1, ntb     =       0, igb     =       8, nsnb    =      25
     ipol    =       0, gbsa    =       0, iesp    =       0
     dielc   =   1.00000, cut     = 999.00000, intdiel =   1.00000
     saltcon =   0.00000, offset  =   0.19514, surften =   0.00500
     rdt     =   0.00000, rgbmax  =  25.00000  extdiel =  78.50000
     alpb  =        0
     gbalphaH  =   0.78844, gbbetaH   =   0.79870,  gbgammaH  =    0.43733
     gbalphaC  =   0.73376, gbbetaC   =   0.50638,  gbgammaC  =    0.20584
     gbalphaN  =   0.50336, gbbetaN   =   0.31683,  gbgammaN  =    0.19292
     gbalphaOS =   0.86781, gbbetaOS  =   0.87664,  gbgammaOS =    0.38788
     gbalphaP  =   1.00000, gbbetaP   =   0.80000,  gbgammaP  =    4.85000
     gb_alpha_hnu  =   0.53705, gb_beta_hnu   =   0.36286,  gb_gamma_hnu  =    0.11670
     gb_alpha_cnu  =   0.33167, gb_beta_cnu   =   0.19684,  gb_gamma_cnu  =    0.09342
     gb_alpha_nnu  =   0.68631, gb_beta_nnu   =   0.46319,  gb_gamma_nnu  =    0.13872
     gb_alpha_onu  =   0.60634, gb_beta_onu   =   0.46301,  gb_gamma_onu  =    0.14226
     gb_alpha_pnu  =   0.41836, gb_beta_pnu   =   0.29005,  gb_gamma_pnu  =    0.10642

Frozen or restrained atoms:
     ibelly  =       0, ntr     =       1
     restraint_wt =  10.00000

Energy minimization:
     maxcyc  =    1000, ncyc    =      10, ntmin   =       1
     dx0     =   0.01000, drms    =   0.00010
|  INFO: Old style inpcrd file read


    LOADING THE CONSTRAINED ATOMS AS GROUPS


   5.  REFERENCE ATOM COORDINATES

  defa
     Mask !@H=; matches   799 atoms

--------------------------------------------------------------------------------
   3.  ATOMIC COORDINATES AND VELOCITIES
--------------------------------------------------------------------------------

default_name                                                                    
 begin time read from input coords =     0.000 ps

 Number of triangulated 3-point waters found:        0

--------------------------------------------------------------------------------
   4.  RESULTS
--------------------------------------------------------------------------------



   NSTEP       ENERGY          RMS            GMAX         NAME    NUMBER
      1      -2.2012E+03     9.1254E+00     6.8110E+01     OXT      1590

 BOND    =       70.4293  ANGLE   =      211.7530  DIHED      =     1073.9728
 VDWAALS =     -631.5317  EEL     =    -7251.4619  EGB        =    -1809.1378
 1-4 VDW =      438.4178  1-4 EEL =     5696.3738  RESTRAINT  =        0.0000


   NSTEP       ENERGY          RMS            GMAX         NAME    NUMBER
    100      -2.5850E+03     2.4302E-01     3.0119E+00     HB       1383

 BOND    =       31.5327  ANGLE   =      209.5913  DIHED      =     1074.1023
 VDWAALS =     -783.7743  EEL     =    -7275.9090  EGB        =    -1825.0611
 1-4 VDW =      326.6564  1-4 EEL =     5615.7433  RESTRAINT  =       42.1324
 EAMBER  =    -2627.1184


   NSTEP       ENERGY          RMS            GMAX         NAME    NUMBER
    200      -2.5889E+03     3.0503E-01     6.7750E+00     H2          3

 BOND    =       32.2279  ANGLE   =      210.8598  DIHED      =     1072.9717
 VDWAALS =     -787.8298  EEL     =    -7276.9160  EGB        =    -1826.8343
 1-4 VDW =      325.7465  1-4 EEL =     5615.8271  RESTRAINT  =       45.0249
 EAMBER  =    -2633.9471


   NSTEP       ENERGY          RMS            GMAX         NAME    NUMBER
    300      -2.5898E+03     4.3944E-02     6.5532E-01     CD       1260

 BOND    =       31.3526  ANGLE   =      209.9465  DIHED      =     1072.3221
 VDWAALS =     -787.5183  EEL     =    -7276.7224  EGB        =    -1826.7002
 1-4 VDW =      327.0211  1-4 EEL =     5616.1113  RESTRAINT  =       44.3666
 EAMBER  =    -2634.1872


   NSTEP       ENERGY          RMS            GMAX         NAME    NUMBER
    400      -2.5898E+03     1.3606E-02     2.1164E-01     CD        103

 BOND    =       31.3292  ANGLE   =      209.9102  DIHED      =     1072.3446
 VDWAALS =     -787.5808  EEL     =    -7276.6416  EGB        =    -1826.7675
 1-4 VDW =      327.1086  1-4 EEL =     5616.1051  RESTRAINT  =       44.3545
 EAMBER  =    -2634.1921


   NSTEP       ENERGY          RMS            GMAX         NAME    NUMBER
    500      -2.5898E+03     4.4247E-03     5.0535E-02     C          33

 BOND    =       31.3159  ANGLE   =      209.8900  DIHED      =     1072.3623
 VDWAALS =     -787.6020  EEL     =    -7276.5560  EGB        =    -1826.8250
 1-4 VDW =      327.1339  1-4 EEL =     5616.0865  RESTRAINT  =       44.3551
 EAMBER  =    -2634.1945


   NSTEP       ENERGY          RMS            GMAX         NAME    NUMBER
    600      -2.5898E+03     6.3005E-04     1.1582E-02     CD        729

 BOND    =       31.3129  ANGLE   =      209.8902  DIHED      =     1072.3661
 VDWAALS =     -787.6035  EEL     =    -7276.5188  EGB        =    -1826.8544
 1-4 VDW =      327.1407  1-4 EEL =     5616.0745  RESTRAINT  =       44.3527
 EAMBER  =    -2634.1924


   NSTEP       ENERGY          RMS            GMAX         NAME    NUMBER
    700      -2.5898E+03     2.5305E-04     3.2640E-03     CD        103

 BOND    =       31.3121  ANGLE   =      209.8880  DIHED      =     1072.3678
 VDWAALS =     -787.6028  EEL     =    -7276.5045  EGB        =    -1826.8650
 1-4 VDW =      327.1440  1-4 EEL =     5616.0696  RESTRAINT  =       44.3513
 EAMBER  =    -2634.1909


                    FINAL RESULTS



   NSTEP       ENERGY          RMS            GMAX         NAME    NUMBER
    772      -2.5898E+03     9.6419E-05     2.5573E-03     HG1       635

 BOND    =       31.3120  ANGLE   =      209.8879  DIHED      =     1072.3688
 VDWAALS =     -787.6034  EEL     =    -7276.4977  EGB        =    -1826.8701
 1-4 VDW =      327.1440  1-4 EEL =     5616.0674  RESTRAINT  =       44.3515
 EAMBER  =    -2634.1912

--------------------------------------------------------------------------------
   5.  TIMINGS
--------------------------------------------------------------------------------

|                Calc gb radii             45.30 (19.87% of Gen B)
|                Calc gb diag              86.05 (37.74% of Gen B)
|                Calc gb off-diag          96.63 (42.38% of Gen B)
|             Gen Born time            227.99 (100.0% of Nonbo)
|          Nonbond force            227.99 (99.29% of Force)
|          Bond/Angle/Dihedral        1.60 ( 0.70% of Force)
|          Other                      0.01 ( 0.01% of Force)
|       Force time               229.61 (100.0% of Runmd)
|    Runmd Time               229.61 (99.75% of Total)
|    Other                      0.58 ( 0.25% of Total)
| Total time               230.19 (100.0% of ALL  )

| Number of list builds   :          0

| Highest rstack allocated:          0
| Highest istack allocated:          0
|           Job began  at 14:32:20.322  on 02/03/2016
|           Setup done at 14:32:20.407  on 02/03/2016
|           Run   done at 14:36:10.511  on 02/03/2016
|     wallclock() was called   13924 times
