
          -------------------------------------------------------
          Amber 14 SANDER                              2014
          -------------------------------------------------------

| Run on 02/03/2016 at 13:42:58

|   Executable path: sander
| Working directory: /lustre/cs1500/scratch/kmb413/RealDecoyDisc/DecoyDiscrimination/decoys.set2.init/1aaj/Rosetta_relaxed
|          Hostname: slepner25


File Assignments:
|  MDIN: /scratch/kmb413/RealDecoyDisc/DecoyDiscrimination/scripts/min/min.in  
| MDOUT: NoH_5_empty_tag_1_891_0001.out                                        
|INPCRD: NoH_5_empty_tag_1_891_0001.rst7                                       
|  PARM: NoH_5_empty_tag_1_891_0001.parm7                                      
|RESTRT: min_NoH_5_empty_tag_1_891_0001.rst7                                   
|  REFC: NoH_5_empty_tag_1_891_0001.rst7                                       
| MDVEL: mdvel                                                                 
| MDFRC: mdfrc                                                                 
|  MDEN: mden                                                                  
| MDCRD: mdcrd                                                                 
|MDINFO: mdinfo                                                                
|  MTMD: mtmd                                                                  
|INPDIP: inpdip                                                                
|RSTDIP: rstdip                                                                
|INPTRA: inptraj                                                               


 Here is the input file:

                                                                               
&cntrl                                                                         
    imin = 1, maxcyc=1000,                                                     
    ntx = 1,                                                                   
    ntwr = 100, ntpr = 100,                                                    
    cut = 999.0,                                                               
    ntb = 0, igb = 8,                                                          
    ntr = 1, restraint_wt = 10, restraintmask = "!@H=",                        
/                                                                              

--------------------------------------------------------------------------------
   1.  RESOURCE   USE: 
--------------------------------------------------------------------------------

| Flags:                                                                        
| New format PARM file being parsed.
| Version =    1.000 Date = 02/03/16 Time = 11:53:26
 NATOM  =    1590 NTYPES =      14 NBONH =     791 MBONA  =     820
 NTHETH =    1812 MTHETA =    1115 NPHIH =    3578 MPHIA  =    3525
 NHPARM =       0 NPARM  =       0 NNB   =    8805 NRES   =     104
 NBONA  =     820 NTHETA =    1115 NPHIA =    3525 NUMBND =      65
 NUMANG =     152 NPTRA  =     189 NATYP =      33 NPHB   =       0
 IFBOX  =       0 NMXRS  =      24 IFCAP =       0 NEXTRA =       0
 NCOPY  =       0

 Implicit solvent radii are ArgH and AspGluO modified Bondi2 radii (mbondi3)                                
 Replacing prmtop screening parameters with GBn2 (igb=8) values

|     Memory Use     Allocated
|     Real              145027
|     Hollerith           4876
|     Integer           109197
|     Max Pairs              1
|     nblistReal             0
|     nblist Int             0
|       Total             1578 kbytes

| Note: 1-4 EEL scale factors are being read from the topology file.

| Note: 1-4 VDW scale factors are being read from the topology file.
| Duplicated    0 dihedrals
| Duplicated    0 dihedrals

--------------------------------------------------------------------------------
   2.  CONTROL  DATA  FOR  THE  RUN
--------------------------------------------------------------------------------

default_name                                                                    

General flags:
     imin    =       1, nmropt  =       0

Nature and format of input:
     ntx     =       1, irest   =       0, ntrx    =       1

Nature and format of output:
     ntxo    =       1, ntpr    =     100, ntrx    =       1, ntwr    =     100
     iwrap   =       0, ntwx    =       0, ntwv    =       0, ntwe    =       0
     ioutfm  =       0, ntwprt  =       0, idecomp =       0, rbornstat=      0

Potential function:
     ntf     =       1, ntb     =       0, igb     =       8, nsnb    =      25
     ipol    =       0, gbsa    =       0, iesp    =       0
     dielc   =   1.00000, cut     = 999.00000, intdiel =   1.00000
     saltcon =   0.00000, offset  =   0.19514, surften =   0.00500
     rdt     =   0.00000, rgbmax  =  25.00000  extdiel =  78.50000
     alpb  =        0
     gbalphaH  =   0.78844, gbbetaH   =   0.79870,  gbgammaH  =    0.43733
     gbalphaC  =   0.73376, gbbetaC   =   0.50638,  gbgammaC  =    0.20584
     gbalphaN  =   0.50336, gbbetaN   =   0.31683,  gbgammaN  =    0.19292
     gbalphaOS =   0.86781, gbbetaOS  =   0.87664,  gbgammaOS =    0.38788
     gbalphaP  =   1.00000, gbbetaP   =   0.80000,  gbgammaP  =    4.85000
     gb_alpha_hnu  =   0.53705, gb_beta_hnu   =   0.36286,  gb_gamma_hnu  =    0.11670
     gb_alpha_cnu  =   0.33167, gb_beta_cnu   =   0.19684,  gb_gamma_cnu  =    0.09342
     gb_alpha_nnu  =   0.68631, gb_beta_nnu   =   0.46319,  gb_gamma_nnu  =    0.13872
     gb_alpha_onu  =   0.60634, gb_beta_onu   =   0.46301,  gb_gamma_onu  =    0.14226
     gb_alpha_pnu  =   0.41836, gb_beta_pnu   =   0.29005,  gb_gamma_pnu  =    0.10642

Frozen or restrained atoms:
     ibelly  =       0, ntr     =       1
     restraint_wt =  10.00000

Energy minimization:
     maxcyc  =    1000, ncyc    =      10, ntmin   =       1
     dx0     =   0.01000, drms    =   0.00010
|  INFO: Old style inpcrd file read


    LOADING THE CONSTRAINED ATOMS AS GROUPS


   5.  REFERENCE ATOM COORDINATES

  defa
     Mask !@H=; matches   799 atoms

--------------------------------------------------------------------------------
   3.  ATOMIC COORDINATES AND VELOCITIES
--------------------------------------------------------------------------------

default_name                                                                    
 begin time read from input coords =     0.000 ps

 Number of triangulated 3-point waters found:        0

--------------------------------------------------------------------------------
   4.  RESULTS
--------------------------------------------------------------------------------



   NSTEP       ENERGY          RMS            GMAX         NAME    NUMBER
      1      -2.1204E+03     1.0394E+01     2.3494E+02     OE1       104

 BOND    =       69.7296  ANGLE   =      211.5488  DIHED      =     1084.1453
 VDWAALS =     -592.0564  EEL     =    -7267.9704  EGB        =    -1805.2963
 1-4 VDW =      446.3117  1-4 EEL =     5733.2297  RESTRAINT  =        0.0000


   NSTEP       ENERGY          RMS            GMAX         NAME    NUMBER
    100      -2.5489E+03     3.4493E-01     4.1028E+00     HG1      1389

 BOND    =       31.9565  ANGLE   =      213.7657  DIHED      =     1089.1089
 VDWAALS =     -806.8276  EEL     =    -7280.7144  EGB        =    -1819.3312
 1-4 VDW =      330.0923  1-4 EEL =     5644.9592  RESTRAINT  =       48.0456
 EAMBER  =    -2596.9905


   NSTEP       ENERGY          RMS            GMAX         NAME    NUMBER
    200      -2.5545E+03     1.0927E-01     1.7359E+00     HG1       605

 BOND    =       31.3188  ANGLE   =      212.9647  DIHED      =     1088.8308
 VDWAALS =     -810.1818  EEL     =    -7288.5227  EGB        =    -1816.5669
 1-4 VDW =      331.0862  1-4 EEL =     5647.2857  RESTRAINT  =       49.2877
 EAMBER  =    -2603.7854


   NSTEP       ENERGY          RMS            GMAX         NAME    NUMBER
    300      -2.5611E+03     1.4310E-01     1.9312E+00     OG1       604

 BOND    =       31.0914  ANGLE   =      212.1535  DIHED      =     1086.1680
 VDWAALS =     -809.0443  EEL     =    -7293.4909  EGB        =    -1816.7304
 1-4 VDW =      332.1248  1-4 EEL =     5647.8281  RESTRAINT  =       48.7584
 EAMBER  =    -2609.8999


   NSTEP       ENERGY          RMS            GMAX         NAME    NUMBER
    400      -2.5615E+03     5.4791E-02     6.7389E-01     HG       1180

 BOND    =       31.0646  ANGLE   =      212.1828  DIHED      =     1086.1416
 VDWAALS =     -809.1601  EEL     =    -7294.6477  EGB        =    -1816.1801
 1-4 VDW =      332.2238  1-4 EEL =     5648.1954  RESTRAINT  =       48.6994
 EAMBER  =    -2610.1797


   NSTEP       ENERGY          RMS            GMAX         NAME    NUMBER
    500      -2.5679E+03     4.4538E-02     9.7433E-01     OG       1179

 BOND    =       31.2436  ANGLE   =      212.3194  DIHED      =     1085.5227
 VDWAALS =     -807.6257  EEL     =    -7304.6751  EGB        =    -1813.1302
 1-4 VDW =      332.0076  1-4 EEL =     5647.9679  RESTRAINT  =       48.4297
 EAMBER  =    -2616.3699


   NSTEP       ENERGY          RMS            GMAX         NAME    NUMBER
    600      -2.5683E+03     1.0867E-01     1.7043E+00     HG1       635

 BOND    =       31.2927  ANGLE   =      212.4471  DIHED      =     1085.5513
 VDWAALS =     -807.7390  EEL     =    -7307.4331  EGB        =    -1811.9521
 1-4 VDW =      331.9974  1-4 EEL =     5648.9931  RESTRAINT  =       48.5792
 EAMBER  =    -2616.8428


   NSTEP       ENERGY          RMS            GMAX         NAME    NUMBER
    700      -2.5695E+03     7.0259E-02     1.5857E+00     CG        589

 BOND    =       31.1670  ANGLE   =      212.2005  DIHED      =     1083.9420
 VDWAALS =     -807.7188  EEL     =    -7308.8274  EGB        =    -1810.8312
 1-4 VDW =      332.3439  1-4 EEL =     5649.8520  RESTRAINT  =       48.4197
 EAMBER  =    -2617.8719


   NSTEP       ENERGY          RMS            GMAX         NAME    NUMBER
    800      -2.5695E+03     1.6241E-03     1.7263E-02     CG2       630

 BOND    =       31.1317  ANGLE   =      212.1522  DIHED      =     1083.9070
 VDWAALS =     -807.6185  EEL     =    -7308.7711  EGB        =    -1810.8406
 1-4 VDW =      332.4330  1-4 EEL =     5649.7836  RESTRAINT  =       48.3550
 EAMBER  =    -2617.8227


                    FINAL RESULTS



   NSTEP       ENERGY          RMS            GMAX         NAME    NUMBER
    846      -2.5695E+03     8.5023E-05     1.5574E-03     HG23      633

 BOND    =       31.1318  ANGLE   =      212.1491  DIHED      =     1083.9066
 VDWAALS =     -807.6172  EEL     =    -7308.7709  EGB        =    -1810.8393
 1-4 VDW =      332.4340  1-4 EEL =     5649.7839  RESTRAINT  =       48.3544
 EAMBER  =    -2617.8221

--------------------------------------------------------------------------------
   5.  TIMINGS
--------------------------------------------------------------------------------

|                Calc gb radii             49.63 (20.30% of Gen B)
|                Calc gb diag              91.88 (37.58% of Gen B)
|                Calc gb off-diag         102.96 (42.12% of Gen B)
|             Gen Born time            244.48 (100.0% of Nonbo)
|          Nonbond force            244.48 (99.28% of Force)
|          Bond/Angle/Dihedral        1.75 ( 0.71% of Force)
|          Other                      0.02 ( 0.01% of Force)
|       Force time               246.24 (100.0% of Runmd)
|    Runmd Time               246.24 (99.73% of Total)
|    Other                      0.67 ( 0.27% of Total)
| Total time               246.92 (100.0% of ALL  )

| Number of list builds   :          0

| Highest rstack allocated:          0
| Highest istack allocated:          0
|           Job began  at 13:42:58.043  on 02/03/2016
|           Setup done at 13:42:58.094  on 02/03/2016
|           Run   done at 13:47:04.959  on 02/03/2016
|     wallclock() was called   15256 times
