
          -------------------------------------------------------
          Amber 14 SANDER                              2014
          -------------------------------------------------------

| Run on 02/03/2016 at 12:51:35

|   Executable path: sander
| Working directory: /lustre/cs1500/scratch/kmb413/RealDecoyDisc/DecoyDiscrimination/decoys.set2.init/1aaj/Rosetta_relaxed
|          Hostname: slepner15


File Assignments:
|  MDIN: /scratch/kmb413/RealDecoyDisc/DecoyDiscrimination/scripts/min/min.in  
| MDOUT: NoH_3_empty_tag_1_645_0001.out                                        
|INPCRD: NoH_3_empty_tag_1_645_0001.rst7                                       
|  PARM: NoH_3_empty_tag_1_645_0001.parm7                                      
|RESTRT: min_NoH_3_empty_tag_1_645_0001.rst7                                   
|  REFC: NoH_3_empty_tag_1_645_0001.rst7                                       
| MDVEL: mdvel                                                                 
| MDFRC: mdfrc                                                                 
|  MDEN: mden                                                                  
| MDCRD: mdcrd                                                                 
|MDINFO: mdinfo                                                                
|  MTMD: mtmd                                                                  
|INPDIP: inpdip                                                                
|RSTDIP: rstdip                                                                
|INPTRA: inptraj                                                               


 Here is the input file:

                                                                               
&cntrl                                                                         
    imin = 1, maxcyc=1000,                                                     
    ntx = 1,                                                                   
    ntwr = 100, ntpr = 100,                                                    
    cut = 999.0,                                                               
    ntb = 0, igb = 8,                                                          
    ntr = 1, restraint_wt = 10, restraintmask = "!@H=",                        
/                                                                              

--------------------------------------------------------------------------------
   1.  RESOURCE   USE: 
--------------------------------------------------------------------------------

| Flags:                                                                        
| New format PARM file being parsed.
| Version =    1.000 Date = 02/03/16 Time = 11:49:32
 NATOM  =    1590 NTYPES =      14 NBONH =     791 MBONA  =     820
 NTHETH =    1812 MTHETA =    1115 NPHIH =    3578 MPHIA  =    3525
 NHPARM =       0 NPARM  =       0 NNB   =    8805 NRES   =     104
 NBONA  =     820 NTHETA =    1115 NPHIA =    3525 NUMBND =      65
 NUMANG =     152 NPTRA  =     189 NATYP =      33 NPHB   =       0
 IFBOX  =       0 NMXRS  =      24 IFCAP =       0 NEXTRA =       0
 NCOPY  =       0

 Implicit solvent radii are ArgH and AspGluO modified Bondi2 radii (mbondi3)                                
 Replacing prmtop screening parameters with GBn2 (igb=8) values

|     Memory Use     Allocated
|     Real              145027
|     Hollerith           4876
|     Integer           109197
|     Max Pairs              1
|     nblistReal             0
|     nblist Int             0
|       Total             1578 kbytes

| Note: 1-4 EEL scale factors are being read from the topology file.

| Note: 1-4 VDW scale factors are being read from the topology file.
| Duplicated    0 dihedrals
| Duplicated    0 dihedrals

--------------------------------------------------------------------------------
   2.  CONTROL  DATA  FOR  THE  RUN
--------------------------------------------------------------------------------

default_name                                                                    

General flags:
     imin    =       1, nmropt  =       0

Nature and format of input:
     ntx     =       1, irest   =       0, ntrx    =       1

Nature and format of output:
     ntxo    =       1, ntpr    =     100, ntrx    =       1, ntwr    =     100
     iwrap   =       0, ntwx    =       0, ntwv    =       0, ntwe    =       0
     ioutfm  =       0, ntwprt  =       0, idecomp =       0, rbornstat=      0

Potential function:
     ntf     =       1, ntb     =       0, igb     =       8, nsnb    =      25
     ipol    =       0, gbsa    =       0, iesp    =       0
     dielc   =   1.00000, cut     = 999.00000, intdiel =   1.00000
     saltcon =   0.00000, offset  =   0.19514, surften =   0.00500
     rdt     =   0.00000, rgbmax  =  25.00000  extdiel =  78.50000
     alpb  =        0
     gbalphaH  =   0.78844, gbbetaH   =   0.79870,  gbgammaH  =    0.43733
     gbalphaC  =   0.73376, gbbetaC   =   0.50638,  gbgammaC  =    0.20584
     gbalphaN  =   0.50336, gbbetaN   =   0.31683,  gbgammaN  =    0.19292
     gbalphaOS =   0.86781, gbbetaOS  =   0.87664,  gbgammaOS =    0.38788
     gbalphaP  =   1.00000, gbbetaP   =   0.80000,  gbgammaP  =    4.85000
     gb_alpha_hnu  =   0.53705, gb_beta_hnu   =   0.36286,  gb_gamma_hnu  =    0.11670
     gb_alpha_cnu  =   0.33167, gb_beta_cnu   =   0.19684,  gb_gamma_cnu  =    0.09342
     gb_alpha_nnu  =   0.68631, gb_beta_nnu   =   0.46319,  gb_gamma_nnu  =    0.13872
     gb_alpha_onu  =   0.60634, gb_beta_onu   =   0.46301,  gb_gamma_onu  =    0.14226
     gb_alpha_pnu  =   0.41836, gb_beta_pnu   =   0.29005,  gb_gamma_pnu  =    0.10642

Frozen or restrained atoms:
     ibelly  =       0, ntr     =       1
     restraint_wt =  10.00000

Energy minimization:
     maxcyc  =    1000, ncyc    =      10, ntmin   =       1
     dx0     =   0.01000, drms    =   0.00010
|  INFO: Old style inpcrd file read


    LOADING THE CONSTRAINED ATOMS AS GROUPS


   5.  REFERENCE ATOM COORDINATES

  defa
     Mask !@H=; matches   799 atoms

--------------------------------------------------------------------------------
   3.  ATOMIC COORDINATES AND VELOCITIES
--------------------------------------------------------------------------------

default_name                                                                    
 begin time read from input coords =     0.000 ps

 Number of triangulated 3-point waters found:        0

--------------------------------------------------------------------------------
   4.  RESULTS
--------------------------------------------------------------------------------



   NSTEP       ENERGY          RMS            GMAX         NAME    NUMBER
      1      -2.2213E+03     9.1595E+00     6.2343E+01     OE1       945

 BOND    =       72.0776  ANGLE   =      211.6781  DIHED      =     1060.9327
 VDWAALS =     -648.4697  EEL     =    -7331.0626  EGB        =    -1706.4253
 1-4 VDW =      445.7184  1-4 EEL =     5674.2252  RESTRAINT  =        0.0000


   NSTEP       ENERGY          RMS            GMAX         NAME    NUMBER
    100      -2.5880E+03     3.0924E-01     2.5031E+00     CE2       650

 BOND    =       31.1725  ANGLE   =      207.5363  DIHED      =     1062.7450
 VDWAALS =     -787.0134  EEL     =    -7342.5130  EGB        =    -1727.8544
 1-4 VDW =      333.5726  1-4 EEL =     5591.7362  RESTRAINT  =       42.5743
 EAMBER  =    -2630.6183


   NSTEP       ENERGY          RMS            GMAX         NAME    NUMBER
    200      -2.5933E+03     1.5216E-01     1.9541E+00     HG1      1389

 BOND    =       31.3234  ANGLE   =      208.3164  DIHED      =     1061.5370
 VDWAALS =     -789.6743  EEL     =    -7351.8983  EGB        =    -1722.6831
 1-4 VDW =      333.1631  1-4 EEL =     5592.4081  RESTRAINT  =       44.2330
 EAMBER  =    -2637.5077


   NSTEP       ENERGY          RMS            GMAX         NAME    NUMBER
    300      -2.6015E+03     1.4549E-01     1.8002E+00     NE2      1361

 BOND    =       31.1916  ANGLE   =      207.8079  DIHED      =     1059.0639
 VDWAALS =     -788.9597  EEL     =    -7365.3455  EGB        =    -1718.8791
 1-4 VDW =      333.9286  1-4 EEL =     5596.0043  RESTRAINT  =       43.7013
 EAMBER  =    -2645.1881


   NSTEP       ENERGY          RMS            GMAX         NAME    NUMBER
    400      -2.6018E+03     5.9938E-02     8.6545E-01     CA       1218

 BOND    =       31.2574  ANGLE   =      207.7381  DIHED      =     1059.3429
 VDWAALS =     -789.1030  EEL     =    -7367.8320  EGB        =    -1717.4812
 1-4 VDW =      333.9351  1-4 EEL =     5596.6422  RESTRAINT  =       43.7368
 EAMBER  =    -2645.5005


   NSTEP       ENERGY          RMS            GMAX         NAME    NUMBER
    500      -2.6033E+03     1.0124E-01     2.2363E+00     HG1      1213

 BOND    =       31.4501  ANGLE   =      207.9293  DIHED      =     1057.8313
 VDWAALS =     -789.3136  EEL     =    -7373.8673  EGB        =    -1713.0265
 1-4 VDW =      333.5713  1-4 EEL =     5598.1380  RESTRAINT  =       43.9786
 EAMBER  =    -2647.2873


   NSTEP       ENERGY          RMS            GMAX         NAME    NUMBER
    600      -2.6098E+03     1.9341E-01     4.2596E+00     HB2      1177

 BOND    =       31.9644  ANGLE   =      208.6810  DIHED      =     1057.2829
 VDWAALS =     -788.8677  EEL     =    -7381.9867  EGB        =    -1711.3317
 1-4 VDW =      332.8401  1-4 EEL =     5597.4386  RESTRAINT  =       44.1353
 EAMBER  =    -2653.9790


   NSTEP       ENERGY          RMS            GMAX         NAME    NUMBER
    700      -2.6113E+03     1.8659E-01     4.5787E+00     OG1       634

 BOND    =       31.6434  ANGLE   =      207.7158  DIHED      =     1056.9826
 VDWAALS =     -787.5052  EEL     =    -7386.1563  EGB        =    -1710.4271
 1-4 VDW =      333.9156  1-4 EEL =     5599.0829  RESTRAINT  =       43.4521
 EAMBER  =    -2654.7482


   NSTEP       ENERGY          RMS            GMAX         NAME    NUMBER
    800      -2.6128E+03     4.3491E-02     4.8635E-01     CB       1206

 BOND    =       31.3884  ANGLE   =      207.6188  DIHED      =     1055.5655
 VDWAALS =     -787.8752  EEL     =    -7387.4428  EGB        =    -1709.3951
 1-4 VDW =      334.1992  1-4 EEL =     5599.8026  RESTRAINT  =       43.3511
 EAMBER  =    -2656.1387


   NSTEP       ENERGY          RMS            GMAX         NAME    NUMBER
    900      -2.6128E+03     3.3681E-02     5.3978E-01     HG         90

 BOND    =       31.3923  ANGLE   =      207.6241  DIHED      =     1055.6373
 VDWAALS =     -787.8816  EEL     =    -7387.5125  EGB        =    -1709.4610
 1-4 VDW =      334.1811  1-4 EEL =     5599.7927  RESTRAINT  =       43.3865
 EAMBER  =    -2656.2276


   NSTEP       ENERGY          RMS            GMAX         NAME    NUMBER
   1000      -2.6153E+03     1.1510E-01     2.6995E+00     OG         89

 BOND    =       31.4927  ANGLE   =      207.7050  DIHED      =     1054.6517
 VDWAALS =     -787.7388  EEL     =    -7387.4329  EGB        =    -1710.8188
 1-4 VDW =      333.9109  1-4 EEL =     5599.4334  RESTRAINT  =       43.5031
 EAMBER  =    -2658.7968


  Maximum number of minimization cycles reached.


                    FINAL RESULTS



   NSTEP       ENERGY          RMS            GMAX         NAME    NUMBER
   1000      -2.6153E+03     1.1510E-01     2.6995E+00     OG         89

 BOND    =       31.4927  ANGLE   =      207.7050  DIHED      =     1054.6517
 VDWAALS =     -787.7388  EEL     =    -7387.4329  EGB        =    -1710.8188
 1-4 VDW =      333.9109  1-4 EEL =     5599.4334  RESTRAINT  =       43.5031
 EAMBER  =    -2658.7968

--------------------------------------------------------------------------------
   5.  TIMINGS
--------------------------------------------------------------------------------

|                Calc gb radii             59.01 (20.31% of Gen B)
|                Calc gb diag             109.23 (37.60% of Gen B)
|                Calc gb off-diag         122.29 (42.09% of Gen B)
|             Gen Born time            290.53 (100.0% of Nonbo)
|          Nonbond force            290.53 (99.29% of Force)
|          Bond/Angle/Dihedral        2.07 ( 0.71% of Force)
|          Other                      0.02 ( 0.01% of Force)
|       Force time               292.62 (100.0% of Runmd)
|    Runmd Time               292.62 (99.70% of Total)
|    Other                      0.88 ( 0.30% of Total)
| Total time               293.51 (100.0% of ALL  )

| Number of list builds   :          0

| Highest rstack allocated:          0
| Highest istack allocated:          0
|           Job began  at 12:51:35.720  on 02/03/2016
|           Setup done at 12:51:35.799  on 02/03/2016
|           Run   done at 12:56:29.229  on 02/03/2016
|     wallclock() was called   18028 times
