
          -------------------------------------------------------
          Amber 14 SANDER                              2014
          -------------------------------------------------------

| Run on 02/03/2016 at 13:46:51

|   Executable path: sander
| Working directory: /lustre/cs1500/scratch/kmb413/RealDecoyDisc/DecoyDiscrimination/decoys.set2.init/1aaj/Rosetta_relaxed
|          Hostname: slepner30


File Assignments:
|  MDIN: /scratch/kmb413/RealDecoyDisc/DecoyDiscrimination/scripts/min/min.in  
| MDOUT: NoH_2_empty_tag_892_0001_0001.out                                     
|INPCRD: NoH_2_empty_tag_892_0001_0001.rst7                                    
|  PARM: NoH_2_empty_tag_892_0001_0001.parm7                                   
|RESTRT: min_NoH_2_empty_tag_892_0001_0001.rst7                                
|  REFC: NoH_2_empty_tag_892_0001_0001.rst7                                    
| MDVEL: mdvel                                                                 
| MDFRC: mdfrc                                                                 
|  MDEN: mden                                                                  
| MDCRD: mdcrd                                                                 
|MDINFO: mdinfo                                                                
|  MTMD: mtmd                                                                  
|INPDIP: inpdip                                                                
|RSTDIP: rstdip                                                                
|INPTRA: inptraj                                                               


 Here is the input file:

                                                                               
&cntrl                                                                         
    imin = 1, maxcyc=1000,                                                     
    ntx = 1,                                                                   
    ntwr = 100, ntpr = 100,                                                    
    cut = 999.0,                                                               
    ntb = 0, igb = 8,                                                          
    ntr = 1, restraint_wt = 10, restraintmask = "!@H=",                        
/                                                                              

--------------------------------------------------------------------------------
   1.  RESOURCE   USE: 
--------------------------------------------------------------------------------

| Flags:                                                                        
| New format PARM file being parsed.
| Version =    1.000 Date = 02/03/16 Time = 11:48:23
 NATOM  =    1590 NTYPES =      14 NBONH =     791 MBONA  =     820
 NTHETH =    1812 MTHETA =    1115 NPHIH =    3578 MPHIA  =    3525
 NHPARM =       0 NPARM  =       0 NNB   =    8805 NRES   =     104
 NBONA  =     820 NTHETA =    1115 NPHIA =    3525 NUMBND =      65
 NUMANG =     152 NPTRA  =     189 NATYP =      33 NPHB   =       0
 IFBOX  =       0 NMXRS  =      24 IFCAP =       0 NEXTRA =       0
 NCOPY  =       0

 Implicit solvent radii are ArgH and AspGluO modified Bondi2 radii (mbondi3)                                
 Replacing prmtop screening parameters with GBn2 (igb=8) values

|     Memory Use     Allocated
|     Real              145027
|     Hollerith           4876
|     Integer           109197
|     Max Pairs              1
|     nblistReal             0
|     nblist Int             0
|       Total             1578 kbytes

| Note: 1-4 EEL scale factors are being read from the topology file.

| Note: 1-4 VDW scale factors are being read from the topology file.
| Duplicated    0 dihedrals
| Duplicated    0 dihedrals

--------------------------------------------------------------------------------
   2.  CONTROL  DATA  FOR  THE  RUN
--------------------------------------------------------------------------------

default_name                                                                    

General flags:
     imin    =       1, nmropt  =       0

Nature and format of input:
     ntx     =       1, irest   =       0, ntrx    =       1

Nature and format of output:
     ntxo    =       1, ntpr    =     100, ntrx    =       1, ntwr    =     100
     iwrap   =       0, ntwx    =       0, ntwv    =       0, ntwe    =       0
     ioutfm  =       0, ntwprt  =       0, idecomp =       0, rbornstat=      0

Potential function:
     ntf     =       1, ntb     =       0, igb     =       8, nsnb    =      25
     ipol    =       0, gbsa    =       0, iesp    =       0
     dielc   =   1.00000, cut     = 999.00000, intdiel =   1.00000
     saltcon =   0.00000, offset  =   0.19514, surften =   0.00500
     rdt     =   0.00000, rgbmax  =  25.00000  extdiel =  78.50000
     alpb  =        0
     gbalphaH  =   0.78844, gbbetaH   =   0.79870,  gbgammaH  =    0.43733
     gbalphaC  =   0.73376, gbbetaC   =   0.50638,  gbgammaC  =    0.20584
     gbalphaN  =   0.50336, gbbetaN   =   0.31683,  gbgammaN  =    0.19292
     gbalphaOS =   0.86781, gbbetaOS  =   0.87664,  gbgammaOS =    0.38788
     gbalphaP  =   1.00000, gbbetaP   =   0.80000,  gbgammaP  =    4.85000
     gb_alpha_hnu  =   0.53705, gb_beta_hnu   =   0.36286,  gb_gamma_hnu  =    0.11670
     gb_alpha_cnu  =   0.33167, gb_beta_cnu   =   0.19684,  gb_gamma_cnu  =    0.09342
     gb_alpha_nnu  =   0.68631, gb_beta_nnu   =   0.46319,  gb_gamma_nnu  =    0.13872
     gb_alpha_onu  =   0.60634, gb_beta_onu   =   0.46301,  gb_gamma_onu  =    0.14226
     gb_alpha_pnu  =   0.41836, gb_beta_pnu   =   0.29005,  gb_gamma_pnu  =    0.10642

Frozen or restrained atoms:
     ibelly  =       0, ntr     =       1
     restraint_wt =  10.00000

Energy minimization:
     maxcyc  =    1000, ncyc    =      10, ntmin   =       1
     dx0     =   0.01000, drms    =   0.00010
|  INFO: Old style inpcrd file read


    LOADING THE CONSTRAINED ATOMS AS GROUPS


   5.  REFERENCE ATOM COORDINATES

  defa
     Mask !@H=; matches   799 atoms

--------------------------------------------------------------------------------
   3.  ATOMIC COORDINATES AND VELOCITIES
--------------------------------------------------------------------------------

default_name                                                                    
 begin time read from input coords =     0.000 ps

 Number of triangulated 3-point waters found:        0

--------------------------------------------------------------------------------
   4.  RESULTS
--------------------------------------------------------------------------------



   NSTEP       ENERGY          RMS            GMAX         NAME    NUMBER
      1      -2.2379E+03     9.0589E+00     6.2631E+01     O        1589

 BOND    =       69.8807  ANGLE   =      211.6061  DIHED      =     1079.2080
 VDWAALS =     -665.6318  EEL     =    -7295.6454  EGB        =    -1800.3538
 1-4 VDW =      436.6738  1-4 EEL =     5726.4086  RESTRAINT  =        0.0000


   NSTEP       ENERGY          RMS            GMAX         NAME    NUMBER
    100      -2.5905E+03     3.6351E-01     5.0941E+00     CD        103

 BOND    =       30.7588  ANGLE   =      204.5595  DIHED      =     1080.4391
 VDWAALS =     -799.0038  EEL     =    -7309.7612  EGB        =    -1816.8750
 1-4 VDW =      329.2566  1-4 EEL =     5648.6905  RESTRAINT  =       41.4788
 EAMBER  =    -2631.9354


   NSTEP       ENERGY          RMS            GMAX         NAME    NUMBER
    200      -2.6066E+03     1.9889E-01     2.5259E+00     OG1      1212

 BOND    =       31.0904  ANGLE   =      204.9989  DIHED      =     1077.6742
 VDWAALS =     -799.9457  EEL     =    -7330.0979  EGB        =    -1812.7873
 1-4 VDW =      329.3645  1-4 EEL =     5650.9852  RESTRAINT  =       42.1320
 EAMBER  =    -2648.7177


   NSTEP       ENERGY          RMS            GMAX         NAME    NUMBER
    300      -2.6148E+03     7.2599E-02     1.4671E+00     HB2      1177

 BOND    =       31.0803  ANGLE   =      204.7530  DIHED      =     1076.6658
 VDWAALS =     -797.9971  EEL     =    -7335.9110  EGB        =    -1815.3675
 1-4 VDW =      329.8052  1-4 EEL =     5650.7035  RESTRAINT  =       41.4452
 EAMBER  =    -2656.2678


   NSTEP       ENERGY          RMS            GMAX         NAME    NUMBER
    400      -2.6149E+03     6.0275E-03     8.6747E-02     HG       1180

 BOND    =       31.0083  ANGLE   =      204.4373  DIHED      =     1076.6683
 VDWAALS =     -798.0113  EEL     =    -7336.4436  EGB        =    -1815.2989
 1-4 VDW =      330.1734  1-4 EEL =     5651.1736  RESTRAINT  =       41.3542
 EAMBER  =    -2656.2929


   NSTEP       ENERGY          RMS            GMAX         NAME    NUMBER
    500      -2.6149E+03     4.2933E-03     9.2603E-02     HG1      1389

 BOND    =       30.9992  ANGLE   =      204.4136  DIHED      =     1076.8030
 VDWAALS =     -798.0213  EEL     =    -7336.4608  EGB        =    -1815.2485
 1-4 VDW =      330.2062  1-4 EEL =     5651.0177  RESTRAINT  =       41.3425
 EAMBER  =    -2656.2909


   NSTEP       ENERGY          RMS            GMAX         NAME    NUMBER
    600      -2.6150E+03     1.4778E-02     2.3612E-01     HG1      1389

 BOND    =       31.0158  ANGLE   =      204.4119  DIHED      =     1077.0376
 VDWAALS =     -798.0322  EEL     =    -7336.6477  EGB        =    -1815.0588
 1-4 VDW =      330.1869  1-4 EEL =     5650.7888  RESTRAINT  =       41.3321
 EAMBER  =    -2656.2977


   NSTEP       ENERGY          RMS            GMAX         NAME    NUMBER
    700      -2.6157E+03     2.1417E-01     6.3390E+00     HG1      1389

 BOND    =       31.2706  ANGLE   =      204.9127  DIHED      =     1077.0683
 VDWAALS =     -798.2895  EEL     =    -7341.2919  EGB        =    -1810.9430
 1-4 VDW =      329.8832  1-4 EEL =     5650.3384  RESTRAINT  =       41.3197
 EAMBER  =    -2657.0511


   NSTEP       ENERGY          RMS            GMAX         NAME    NUMBER
    800      -2.6174E+03     1.6388E-02     2.6311E-01     CB       1176

 BOND    =       31.0515  ANGLE   =      204.4487  DIHED      =     1075.8485
 VDWAALS =     -798.1944  EEL     =    -7345.2351  EGB        =    -1808.0001
 1-4 VDW =      330.0971  1-4 EEL =     5651.3252  RESTRAINT  =       41.2445
 EAMBER  =    -2658.6585


   NSTEP       ENERGY          RMS            GMAX         NAME    NUMBER
    900      -2.6174E+03     1.0721E-02     2.6397E-01     C        1376

 BOND    =       31.0474  ANGLE   =      204.4359  DIHED      =     1075.8426
 VDWAALS =     -798.1990  EEL     =    -7345.3128  EGB        =    -1807.9422
 1-4 VDW =      330.0994  1-4 EEL =     5651.3465  RESTRAINT  =       41.2562
 EAMBER  =    -2658.6821


   NSTEP       ENERGY          RMS            GMAX         NAME    NUMBER
   1000      -2.6174E+03     3.6969E-03     4.2037E-02     CD        193

 BOND    =       31.0473  ANGLE   =      204.4373  DIHED      =     1075.8413
 VDWAALS =     -798.2094  EEL     =    -7345.3112  EGB        =    -1807.9397
 1-4 VDW =      330.0983  1-4 EEL =     5651.3462  RESTRAINT  =       41.2617
 EAMBER  =    -2658.6900


  Maximum number of minimization cycles reached.


                    FINAL RESULTS



   NSTEP       ENERGY          RMS            GMAX         NAME    NUMBER
   1000      -2.6174E+03     3.6969E-03     4.2037E-02     CD        193

 BOND    =       31.0473  ANGLE   =      204.4373  DIHED      =     1075.8413
 VDWAALS =     -798.2094  EEL     =    -7345.3112  EGB        =    -1807.9397
 1-4 VDW =      330.0983  1-4 EEL =     5651.3462  RESTRAINT  =       41.2617
 EAMBER  =    -2658.6900

--------------------------------------------------------------------------------
   5.  TIMINGS
--------------------------------------------------------------------------------

|                Calc gb radii             59.55 (20.44% of Gen B)
|                Calc gb diag             109.99 (37.76% of Gen B)
|                Calc gb off-diag         121.77 (41.80% of Gen B)
|             Gen Born time            291.31 (100.0% of Nonbo)
|          Nonbond force            291.31 (99.28% of Force)
|          Bond/Angle/Dihedral        2.10 ( 0.72% of Force)
|          Other                      0.02 ( 0.01% of Force)
|       Force time               293.43 (100.0% of Runmd)
|    Runmd Time               293.43 (99.75% of Total)
|    Other                      0.72 ( 0.25% of Total)
| Total time               294.16 (100.0% of ALL  )

| Number of list builds   :          0

| Highest rstack allocated:          0
| Highest istack allocated:          0
|           Job began  at 13:46:51.185  on 02/03/2016
|           Setup done at 13:46:51.236  on 02/03/2016
|           Run   done at 13:51:45.341  on 02/03/2016
|     wallclock() was called   18028 times
