
          -------------------------------------------------------
          Amber 14 SANDER                              2014
          -------------------------------------------------------

| Run on 02/03/2016 at 13:33:31

|   Executable path: sander
| Working directory: /lustre/cs1500/scratch/kmb413/RealDecoyDisc/DecoyDiscrimination/decoys.set2.init/1aaj/Rosetta_relaxed
|          Hostname: slepner13


File Assignments:
|  MDIN: /scratch/kmb413/RealDecoyDisc/DecoyDiscrimination/scripts/min/min.in  
| MDOUT: NoH_5_empty_tag_1177_0001_0001.out                                    
|INPCRD: NoH_5_empty_tag_1177_0001_0001.rst7                                   
|  PARM: NoH_5_empty_tag_1177_0001_0001.parm7                                  
|RESTRT: min_NoH_5_empty_tag_1177_0001_0001.rst7                               
|  REFC: NoH_5_empty_tag_1177_0001_0001.rst7                                   
| MDVEL: mdvel                                                                 
| MDFRC: mdfrc                                                                 
|  MDEN: mden                                                                  
| MDCRD: mdcrd                                                                 
|MDINFO: mdinfo                                                                
|  MTMD: mtmd                                                                  
|INPDIP: inpdip                                                                
|RSTDIP: rstdip                                                                
|INPTRA: inptraj                                                               


 Here is the input file:

                                                                               
&cntrl                                                                         
    imin = 1, maxcyc=1000,                                                     
    ntx = 1,                                                                   
    ntwr = 100, ntpr = 100,                                                    
    cut = 999.0,                                                               
    ntb = 0, igb = 8,                                                          
    ntr = 1, restraint_wt = 10, restraintmask = "!@H=",                        
/                                                                              

--------------------------------------------------------------------------------
   1.  RESOURCE   USE: 
--------------------------------------------------------------------------------

| Flags:                                                                        
| New format PARM file being parsed.
| Version =    1.000 Date = 02/03/16 Time = 11:52:28
 NATOM  =    1590 NTYPES =      14 NBONH =     791 MBONA  =     820
 NTHETH =    1812 MTHETA =    1115 NPHIH =    3578 MPHIA  =    3525
 NHPARM =       0 NPARM  =       0 NNB   =    8805 NRES   =     104
 NBONA  =     820 NTHETA =    1115 NPHIA =    3525 NUMBND =      65
 NUMANG =     152 NPTRA  =     189 NATYP =      33 NPHB   =       0
 IFBOX  =       0 NMXRS  =      24 IFCAP =       0 NEXTRA =       0
 NCOPY  =       0

 Implicit solvent radii are ArgH and AspGluO modified Bondi2 radii (mbondi3)                                
 Replacing prmtop screening parameters with GBn2 (igb=8) values

|     Memory Use     Allocated
|     Real              145027
|     Hollerith           4876
|     Integer           109197
|     Max Pairs              1
|     nblistReal             0
|     nblist Int             0
|       Total             1578 kbytes

| Note: 1-4 EEL scale factors are being read from the topology file.

| Note: 1-4 VDW scale factors are being read from the topology file.
| Duplicated    0 dihedrals
| Duplicated    0 dihedrals

--------------------------------------------------------------------------------
   2.  CONTROL  DATA  FOR  THE  RUN
--------------------------------------------------------------------------------

default_name                                                                    

General flags:
     imin    =       1, nmropt  =       0

Nature and format of input:
     ntx     =       1, irest   =       0, ntrx    =       1

Nature and format of output:
     ntxo    =       1, ntpr    =     100, ntrx    =       1, ntwr    =     100
     iwrap   =       0, ntwx    =       0, ntwv    =       0, ntwe    =       0
     ioutfm  =       0, ntwprt  =       0, idecomp =       0, rbornstat=      0

Potential function:
     ntf     =       1, ntb     =       0, igb     =       8, nsnb    =      25
     ipol    =       0, gbsa    =       0, iesp    =       0
     dielc   =   1.00000, cut     = 999.00000, intdiel =   1.00000
     saltcon =   0.00000, offset  =   0.19514, surften =   0.00500
     rdt     =   0.00000, rgbmax  =  25.00000  extdiel =  78.50000
     alpb  =        0
     gbalphaH  =   0.78844, gbbetaH   =   0.79870,  gbgammaH  =    0.43733
     gbalphaC  =   0.73376, gbbetaC   =   0.50638,  gbgammaC  =    0.20584
     gbalphaN  =   0.50336, gbbetaN   =   0.31683,  gbgammaN  =    0.19292
     gbalphaOS =   0.86781, gbbetaOS  =   0.87664,  gbgammaOS =    0.38788
     gbalphaP  =   1.00000, gbbetaP   =   0.80000,  gbgammaP  =    4.85000
     gb_alpha_hnu  =   0.53705, gb_beta_hnu   =   0.36286,  gb_gamma_hnu  =    0.11670
     gb_alpha_cnu  =   0.33167, gb_beta_cnu   =   0.19684,  gb_gamma_cnu  =    0.09342
     gb_alpha_nnu  =   0.68631, gb_beta_nnu   =   0.46319,  gb_gamma_nnu  =    0.13872
     gb_alpha_onu  =   0.60634, gb_beta_onu   =   0.46301,  gb_gamma_onu  =    0.14226
     gb_alpha_pnu  =   0.41836, gb_beta_pnu   =   0.29005,  gb_gamma_pnu  =    0.10642

Frozen or restrained atoms:
     ibelly  =       0, ntr     =       1
     restraint_wt =  10.00000

Energy minimization:
     maxcyc  =    1000, ncyc    =      10, ntmin   =       1
     dx0     =   0.01000, drms    =   0.00010
|  INFO: Old style inpcrd file read


    LOADING THE CONSTRAINED ATOMS AS GROUPS


   5.  REFERENCE ATOM COORDINATES

  defa
     Mask !@H=; matches   799 atoms

--------------------------------------------------------------------------------
   3.  ATOMIC COORDINATES AND VELOCITIES
--------------------------------------------------------------------------------

default_name                                                                    
 begin time read from input coords =     0.000 ps

 Number of triangulated 3-point waters found:        0

--------------------------------------------------------------------------------
   4.  RESULTS
--------------------------------------------------------------------------------



   NSTEP       ENERGY          RMS            GMAX         NAME    NUMBER
      1      -2.2094E+03     9.0739E+00     6.2643E+01     OE1       945

 BOND    =       69.3552  ANGLE   =      211.6792  DIHED      =     1075.9992
 VDWAALS =     -644.7712  EEL     =    -7330.4293  EGB        =    -1733.1603
 1-4 VDW =      438.9233  1-4 EEL =     5702.9688  RESTRAINT  =        0.0000


   NSTEP       ENERGY          RMS            GMAX         NAME    NUMBER
    100      -2.5881E+03     3.2326E-01     3.4427E+00     CD        193

 BOND    =       31.4080  ANGLE   =      208.0513  DIHED      =     1078.5193
 VDWAALS =     -786.7666  EEL     =    -7350.7909  EGB        =    -1763.6413
 1-4 VDW =      330.6286  1-4 EEL =     5621.7871  RESTRAINT  =       42.6829
 EAMBER  =    -2630.8045


   NSTEP       ENERGY          RMS            GMAX         NAME    NUMBER
    200      -2.6011E+03     3.2741E-01     6.3903E+00     OG1      1388

 BOND    =       31.4897  ANGLE   =      208.5025  DIHED      =     1076.5877
 VDWAALS =     -788.0469  EEL     =    -7363.1709  EGB        =    -1763.2284
 1-4 VDW =      330.1168  1-4 EEL =     5622.6827  RESTRAINT  =       43.9650
 EAMBER  =    -2645.0668


   NSTEP       ENERGY          RMS            GMAX         NAME    NUMBER
    300      -2.6025E+03     2.6230E-02     3.5106E-01     OG1      1388

 BOND    =       30.8814  ANGLE   =      207.2825  DIHED      =     1075.9651
 VDWAALS =     -788.0182  EEL     =    -7366.5513  EGB        =    -1761.4597
 1-4 VDW =      331.2746  1-4 EEL =     5624.8763  RESTRAINT  =       43.2129
 EAMBER  =    -2645.7494


   NSTEP       ENERGY          RMS            GMAX         NAME    NUMBER
    400      -2.6026E+03     2.7172E-02     3.0403E-01     CZ       1308

 BOND    =       30.8279  ANGLE   =      207.2496  DIHED      =     1076.0477
 VDWAALS =     -788.0964  EEL     =    -7366.7484  EGB        =    -1761.3785
 1-4 VDW =      331.4057  1-4 EEL =     5624.9265  RESTRAINT  =       43.2092
 EAMBER  =    -2645.7659


   NSTEP       ENERGY          RMS            GMAX         NAME    NUMBER
    500      -2.6026E+03     3.4356E-03     5.3428E-02     N           1

 BOND    =       30.8157  ANGLE   =      207.2379  DIHED      =     1076.0673
 VDWAALS =     -788.0940  EEL     =    -7366.7916  EGB        =    -1761.3753
 1-4 VDW =      331.4221  1-4 EEL =     5624.9547  RESTRAINT  =       43.2041
 EAMBER  =    -2645.7632


                    FINAL RESULTS



   NSTEP       ENERGY          RMS            GMAX         NAME    NUMBER
    596      -2.6026E+03     9.5602E-05     1.5469E-03     HE3      1045

 BOND    =       30.8132  ANGLE   =      207.2354  DIHED      =     1076.0643
 VDWAALS =     -788.0898  EEL     =    -7366.7884  EGB        =    -1761.3768
 1-4 VDW =      331.4278  1-4 EEL =     5624.9554  RESTRAINT  =       43.1996
 EAMBER  =    -2645.7587

--------------------------------------------------------------------------------
   5.  TIMINGS
--------------------------------------------------------------------------------

|                Calc gb radii             35.08 (20.32% of Gen B)
|                Calc gb diag              64.86 (37.58% of Gen B)
|                Calc gb off-diag          72.66 (42.10% of Gen B)
|             Gen Born time            172.61 (100.0% of Nonbo)
|          Nonbond force            172.61 (99.29% of Force)
|          Bond/Angle/Dihedral        1.23 ( 0.71% of Force)
|          Other                      0.01 ( 0.01% of Force)
|       Force time               173.85 (100.0% of Runmd)
|    Runmd Time               173.85 (99.74% of Total)
|    Other                      0.46 ( 0.26% of Total)
| Total time               174.31 (100.0% of ALL  )

| Number of list builds   :          0

| Highest rstack allocated:          0
| Highest istack allocated:          0
|           Job began  at 13:33:31.349  on 02/03/2016
|           Setup done at 13:33:31.418  on 02/03/2016
|           Run   done at 13:36:25.655  on 02/03/2016
|     wallclock() was called   10756 times
