
          -------------------------------------------------------
          Amber 14 SANDER                              2014
          -------------------------------------------------------

| Run on 02/03/2016 at 14:51:20

|   Executable path: sander
| Working directory: /lustre/cs1500/scratch/kmb413/RealDecoyDisc/DecoyDiscrimination/decoys.set2.init/1aaj/Rosetta_relaxed
|          Hostname: slepner15


File Assignments:
|  MDIN: /scratch/kmb413/RealDecoyDisc/DecoyDiscrimination/scripts/min/min.in  
| MDOUT: NoH_2_empty_tag_1_706_0001.out                                        
|INPCRD: NoH_2_empty_tag_1_706_0001.rst7                                       
|  PARM: NoH_2_empty_tag_1_706_0001.parm7                                      
|RESTRT: min_NoH_2_empty_tag_1_706_0001.rst7                                   
|  REFC: NoH_2_empty_tag_1_706_0001.rst7                                       
| MDVEL: mdvel                                                                 
| MDFRC: mdfrc                                                                 
|  MDEN: mden                                                                  
| MDCRD: mdcrd                                                                 
|MDINFO: mdinfo                                                                
|  MTMD: mtmd                                                                  
|INPDIP: inpdip                                                                
|RSTDIP: rstdip                                                                
|INPTRA: inptraj                                                               


 Here is the input file:

                                                                               
&cntrl                                                                         
    imin = 1, maxcyc=1000,                                                     
    ntx = 1,                                                                   
    ntwr = 100, ntpr = 100,                                                    
    cut = 999.0,                                                               
    ntb = 0, igb = 8,                                                          
    ntr = 1, restraint_wt = 10, restraintmask = "!@H=",                        
/                                                                              

--------------------------------------------------------------------------------
   1.  RESOURCE   USE: 
--------------------------------------------------------------------------------

| Flags:                                                                        
| New format PARM file being parsed.
| Version =    1.000 Date = 02/03/16 Time = 11:47:30
 NATOM  =    1590 NTYPES =      14 NBONH =     791 MBONA  =     820
 NTHETH =    1812 MTHETA =    1115 NPHIH =    3578 MPHIA  =    3525
 NHPARM =       0 NPARM  =       0 NNB   =    8805 NRES   =     104
 NBONA  =     820 NTHETA =    1115 NPHIA =    3525 NUMBND =      65
 NUMANG =     152 NPTRA  =     189 NATYP =      33 NPHB   =       0
 IFBOX  =       0 NMXRS  =      24 IFCAP =       0 NEXTRA =       0
 NCOPY  =       0

 Implicit solvent radii are ArgH and AspGluO modified Bondi2 radii (mbondi3)                                
 Replacing prmtop screening parameters with GBn2 (igb=8) values

|     Memory Use     Allocated
|     Real              145027
|     Hollerith           4876
|     Integer           109197
|     Max Pairs              1
|     nblistReal             0
|     nblist Int             0
|       Total             1578 kbytes

| Note: 1-4 EEL scale factors are being read from the topology file.

| Note: 1-4 VDW scale factors are being read from the topology file.
| Duplicated    0 dihedrals
| Duplicated    0 dihedrals

--------------------------------------------------------------------------------
   2.  CONTROL  DATA  FOR  THE  RUN
--------------------------------------------------------------------------------

default_name                                                                    

General flags:
     imin    =       1, nmropt  =       0

Nature and format of input:
     ntx     =       1, irest   =       0, ntrx    =       1

Nature and format of output:
     ntxo    =       1, ntpr    =     100, ntrx    =       1, ntwr    =     100
     iwrap   =       0, ntwx    =       0, ntwv    =       0, ntwe    =       0
     ioutfm  =       0, ntwprt  =       0, idecomp =       0, rbornstat=      0

Potential function:
     ntf     =       1, ntb     =       0, igb     =       8, nsnb    =      25
     ipol    =       0, gbsa    =       0, iesp    =       0
     dielc   =   1.00000, cut     = 999.00000, intdiel =   1.00000
     saltcon =   0.00000, offset  =   0.19514, surften =   0.00500
     rdt     =   0.00000, rgbmax  =  25.00000  extdiel =  78.50000
     alpb  =        0
     gbalphaH  =   0.78844, gbbetaH   =   0.79870,  gbgammaH  =    0.43733
     gbalphaC  =   0.73376, gbbetaC   =   0.50638,  gbgammaC  =    0.20584
     gbalphaN  =   0.50336, gbbetaN   =   0.31683,  gbgammaN  =    0.19292
     gbalphaOS =   0.86781, gbbetaOS  =   0.87664,  gbgammaOS =    0.38788
     gbalphaP  =   1.00000, gbbetaP   =   0.80000,  gbgammaP  =    4.85000
     gb_alpha_hnu  =   0.53705, gb_beta_hnu   =   0.36286,  gb_gamma_hnu  =    0.11670
     gb_alpha_cnu  =   0.33167, gb_beta_cnu   =   0.19684,  gb_gamma_cnu  =    0.09342
     gb_alpha_nnu  =   0.68631, gb_beta_nnu   =   0.46319,  gb_gamma_nnu  =    0.13872
     gb_alpha_onu  =   0.60634, gb_beta_onu   =   0.46301,  gb_gamma_onu  =    0.14226
     gb_alpha_pnu  =   0.41836, gb_beta_pnu   =   0.29005,  gb_gamma_pnu  =    0.10642

Frozen or restrained atoms:
     ibelly  =       0, ntr     =       1
     restraint_wt =  10.00000

Energy minimization:
     maxcyc  =    1000, ncyc    =      10, ntmin   =       1
     dx0     =   0.01000, drms    =   0.00010
|  INFO: Old style inpcrd file read


    LOADING THE CONSTRAINED ATOMS AS GROUPS


   5.  REFERENCE ATOM COORDINATES

  defa
     Mask !@H=; matches   799 atoms

--------------------------------------------------------------------------------
   3.  ATOMIC COORDINATES AND VELOCITIES
--------------------------------------------------------------------------------

default_name                                                                    
 begin time read from input coords =     0.000 ps

 Number of triangulated 3-point waters found:        0

--------------------------------------------------------------------------------
   4.  RESULTS
--------------------------------------------------------------------------------



   NSTEP       ENERGY          RMS            GMAX         NAME    NUMBER
      1      -2.2127E+03     9.1080E+00     6.1601E+01     OE1       945

 BOND    =       71.8097  ANGLE   =      211.8161  DIHED      =     1073.7150
 VDWAALS =     -686.1426  EEL     =    -7311.6396  EGB        =    -1693.1040
 1-4 VDW =      440.0097  1-4 EEL =     5680.8811  RESTRAINT  =        0.0000


   NSTEP       ENERGY          RMS            GMAX         NAME    NUMBER
    100      -2.5811E+03     3.4824E-01     2.6476E+00     HG1      1389

 BOND    =       30.6943  ANGLE   =      206.7757  DIHED      =     1079.0967
 VDWAALS =     -821.2793  EEL     =    -7335.3393  EGB        =    -1709.2493
 1-4 VDW =      329.8997  1-4 EEL =     5596.2828  RESTRAINT  =       42.0395
 EAMBER  =    -2623.1186


   NSTEP       ENERGY          RMS            GMAX         NAME    NUMBER
    200      -2.5958E+03     5.3977E-01     7.1145E+00     C        1588

 BOND    =       32.0682  ANGLE   =      210.7959  DIHED      =     1076.6210
 VDWAALS =     -822.7790  EEL     =    -7348.1550  EGB        =    -1709.8018
 1-4 VDW =      327.1319  1-4 EEL =     5593.3418  RESTRAINT  =       44.9412
 EAMBER  =    -2640.7770


   NSTEP       ENERGY          RMS            GMAX         NAME    NUMBER
    300      -2.6001E+03     2.4660E-02     3.4252E-01     OG1       604

 BOND    =       30.8344  ANGLE   =      206.7300  DIHED      =     1074.3140
 VDWAALS =     -821.5630  EEL     =    -7351.0140  EGB        =    -1708.9402
 1-4 VDW =      330.3165  1-4 EEL =     5596.8655  RESTRAINT  =       42.3777
 EAMBER  =    -2642.4566


   NSTEP       ENERGY          RMS            GMAX         NAME    NUMBER
    400      -2.6001E+03     2.1431E-03     1.8785E-02     CB        612

 BOND    =       30.8048  ANGLE   =      206.5918  DIHED      =     1074.2378
 VDWAALS =     -821.6073  EEL     =    -7350.9830  EGB        =    -1708.8562
 1-4 VDW =      330.4650  1-4 EEL =     5596.8921  RESTRAINT  =       42.3523
 EAMBER  =    -2642.4549


   NSTEP       ENERGY          RMS            GMAX         NAME    NUMBER
    500      -2.6001E+03     2.2043E-03     2.0916E-02     CG        799

 BOND    =       30.8006  ANGLE   =      206.5762  DIHED      =     1074.2320
 VDWAALS =     -821.6223  EEL     =    -7350.9913  EGB        =    -1708.8366
 1-4 VDW =      330.4824  1-4 EEL =     5596.8959  RESTRAINT  =       42.3588
 EAMBER  =    -2642.4631


   NSTEP       ENERGY          RMS            GMAX         NAME    NUMBER
    600      -2.6001E+03     9.2368E-04     1.0101E-02     O         607

 BOND    =       30.7977  ANGLE   =      206.5732  DIHED      =     1074.2318
 VDWAALS =     -821.6236  EEL     =    -7350.9940  EGB        =    -1708.8312
 1-4 VDW =      330.4869  1-4 EEL =     5596.8957  RESTRAINT  =       42.3591
 EAMBER  =    -2642.4635


                    FINAL RESULTS



   NSTEP       ENERGY          RMS            GMAX         NAME    NUMBER
    621      -2.6001E+03     5.1542E-05     5.7439E-04     CD       1119

 BOND    =       30.7982  ANGLE   =      206.5738  DIHED      =     1074.2320
 VDWAALS =     -821.6243  EEL     =    -7350.9944  EGB        =    -1708.8316
 1-4 VDW =      330.4866  1-4 EEL =     5596.8959  RESTRAINT  =       42.3595
 EAMBER  =    -2642.4639

--------------------------------------------------------------------------------
   5.  TIMINGS
--------------------------------------------------------------------------------

|                Calc gb radii             37.26 (20.52% of Gen B)
|                Calc gb diag              69.00 (38.01% of Gen B)
|                Calc gb off-diag          75.27 (41.46% of Gen B)
|             Gen Born time            181.52 (100.0% of Nonbo)
|          Nonbond force            181.52 (99.29% of Force)
|          Bond/Angle/Dihedral        1.28 ( 0.70% of Force)
|          Other                      0.01 ( 0.01% of Force)
|       Force time               182.81 (100.0% of Runmd)
|    Runmd Time               182.81 (99.62% of Total)
|    Other                      0.69 ( 0.38% of Total)
| Total time               183.50 (100.0% of ALL  )

| Number of list builds   :          0

| Highest rstack allocated:          0
| Highest istack allocated:          0
|           Job began  at 14:51:20.798  on 02/03/2016
|           Setup done at 14:51:20.885  on 02/03/2016
|           Run   done at 14:54:24.303  on 02/03/2016
|     wallclock() was called   11206 times
