
          -------------------------------------------------------
          Amber 14 SANDER                              2014
          -------------------------------------------------------

| Run on 02/03/2016 at 15:39:03

|   Executable path: sander
| Working directory: /lustre/cs1500/scratch/kmb413/RealDecoyDisc/DecoyDiscrimination/decoys.set2.init/1aaj/Rosetta_relaxed
|          Hostname: slepner15


File Assignments:
|  MDIN: /scratch/kmb413/RealDecoyDisc/DecoyDiscrimination/scripts/min/min.in  
| MDOUT: NoH_5_empty_tag_1_837_0001.out                                        
|INPCRD: NoH_5_empty_tag_1_837_0001.rst7                                       
|  PARM: NoH_5_empty_tag_1_837_0001.parm7                                      
|RESTRT: min_NoH_5_empty_tag_1_837_0001.rst7                                   
|  REFC: NoH_5_empty_tag_1_837_0001.rst7                                       
| MDVEL: mdvel                                                                 
| MDFRC: mdfrc                                                                 
|  MDEN: mden                                                                  
| MDCRD: mdcrd                                                                 
|MDINFO: mdinfo                                                                
|  MTMD: mtmd                                                                  
|INPDIP: inpdip                                                                
|RSTDIP: rstdip                                                                
|INPTRA: inptraj                                                               


 Here is the input file:

                                                                               
&cntrl                                                                         
    imin = 1, maxcyc=1000,                                                     
    ntx = 1,                                                                   
    ntwr = 100, ntpr = 100,                                                    
    cut = 999.0,                                                               
    ntb = 0, igb = 8,                                                          
    ntr = 1, restraint_wt = 10, restraintmask = "!@H=",                        
/                                                                              

--------------------------------------------------------------------------------
   1.  RESOURCE   USE: 
--------------------------------------------------------------------------------

| Flags:                                                                        
| New format PARM file being parsed.
| Version =    1.000 Date = 02/03/16 Time = 11:53:21
 NATOM  =    1590 NTYPES =      14 NBONH =     791 MBONA  =     820
 NTHETH =    1812 MTHETA =    1115 NPHIH =    3578 MPHIA  =    3525
 NHPARM =       0 NPARM  =       0 NNB   =    8805 NRES   =     104
 NBONA  =     820 NTHETA =    1115 NPHIA =    3525 NUMBND =      65
 NUMANG =     152 NPTRA  =     189 NATYP =      33 NPHB   =       0
 IFBOX  =       0 NMXRS  =      24 IFCAP =       0 NEXTRA =       0
 NCOPY  =       0

 Implicit solvent radii are ArgH and AspGluO modified Bondi2 radii (mbondi3)                                
 Replacing prmtop screening parameters with GBn2 (igb=8) values

|     Memory Use     Allocated
|     Real              145027
|     Hollerith           4876
|     Integer           109197
|     Max Pairs              1
|     nblistReal             0
|     nblist Int             0
|       Total             1578 kbytes

| Note: 1-4 EEL scale factors are being read from the topology file.

| Note: 1-4 VDW scale factors are being read from the topology file.
| Duplicated    0 dihedrals
| Duplicated    0 dihedrals

--------------------------------------------------------------------------------
   2.  CONTROL  DATA  FOR  THE  RUN
--------------------------------------------------------------------------------

default_name                                                                    

General flags:
     imin    =       1, nmropt  =       0

Nature and format of input:
     ntx     =       1, irest   =       0, ntrx    =       1

Nature and format of output:
     ntxo    =       1, ntpr    =     100, ntrx    =       1, ntwr    =     100
     iwrap   =       0, ntwx    =       0, ntwv    =       0, ntwe    =       0
     ioutfm  =       0, ntwprt  =       0, idecomp =       0, rbornstat=      0

Potential function:
     ntf     =       1, ntb     =       0, igb     =       8, nsnb    =      25
     ipol    =       0, gbsa    =       0, iesp    =       0
     dielc   =   1.00000, cut     = 999.00000, intdiel =   1.00000
     saltcon =   0.00000, offset  =   0.19514, surften =   0.00500
     rdt     =   0.00000, rgbmax  =  25.00000  extdiel =  78.50000
     alpb  =        0
     gbalphaH  =   0.78844, gbbetaH   =   0.79870,  gbgammaH  =    0.43733
     gbalphaC  =   0.73376, gbbetaC   =   0.50638,  gbgammaC  =    0.20584
     gbalphaN  =   0.50336, gbbetaN   =   0.31683,  gbgammaN  =    0.19292
     gbalphaOS =   0.86781, gbbetaOS  =   0.87664,  gbgammaOS =    0.38788
     gbalphaP  =   1.00000, gbbetaP   =   0.80000,  gbgammaP  =    4.85000
     gb_alpha_hnu  =   0.53705, gb_beta_hnu   =   0.36286,  gb_gamma_hnu  =    0.11670
     gb_alpha_cnu  =   0.33167, gb_beta_cnu   =   0.19684,  gb_gamma_cnu  =    0.09342
     gb_alpha_nnu  =   0.68631, gb_beta_nnu   =   0.46319,  gb_gamma_nnu  =    0.13872
     gb_alpha_onu  =   0.60634, gb_beta_onu   =   0.46301,  gb_gamma_onu  =    0.14226
     gb_alpha_pnu  =   0.41836, gb_beta_pnu   =   0.29005,  gb_gamma_pnu  =    0.10642

Frozen or restrained atoms:
     ibelly  =       0, ntr     =       1
     restraint_wt =  10.00000

Energy minimization:
     maxcyc  =    1000, ncyc    =      10, ntmin   =       1
     dx0     =   0.01000, drms    =   0.00010
|  INFO: Old style inpcrd file read


    LOADING THE CONSTRAINED ATOMS AS GROUPS


   5.  REFERENCE ATOM COORDINATES

  defa
     Mask !@H=; matches   799 atoms

--------------------------------------------------------------------------------
   3.  ATOMIC COORDINATES AND VELOCITIES
--------------------------------------------------------------------------------

default_name                                                                    
 begin time read from input coords =     0.000 ps

 Number of triangulated 3-point waters found:        0

--------------------------------------------------------------------------------
   4.  RESULTS
--------------------------------------------------------------------------------



   NSTEP       ENERGY          RMS            GMAX         NAME    NUMBER
      1      -2.1936E+03     9.1194E+00     6.1845E+01     OE1      1120

 BOND    =       69.2591  ANGLE   =      211.1458  DIHED      =     1086.7438
 VDWAALS =     -641.0837  EEL     =    -7238.3143  EGB        =    -1821.7333
 1-4 VDW =      438.5675  1-4 EEL =     5701.7868  RESTRAINT  =        0.0000


   NSTEP       ENERGY          RMS            GMAX         NAME    NUMBER
    100      -2.5781E+03     3.8876E-01     4.0934E+00     OG1      1388

 BOND    =       30.8656  ANGLE   =      207.6658  DIHED      =     1083.3916
 VDWAALS =     -786.9430  EEL     =    -7260.1202  EGB        =    -1841.7266
 1-4 VDW =      330.6759  1-4 EEL =     5614.7306  RESTRAINT  =       43.4082
 EAMBER  =    -2621.4601


   NSTEP       ENERGY          RMS            GMAX         NAME    NUMBER
    200      -2.5939E+03     8.7057E-02     1.0073E+00     OG       1179

 BOND    =       30.9944  ANGLE   =      207.9899  DIHED      =     1080.8788
 VDWAALS =     -786.6467  EEL     =    -7269.7549  EGB        =    -1847.3354
 1-4 VDW =      330.5546  1-4 EEL =     5615.3575  RESTRAINT  =       44.0697
 EAMBER  =    -2637.9618


   NSTEP       ENERGY          RMS            GMAX         NAME    NUMBER
    300      -2.5942E+03     2.9951E-02     3.1102E-01     HG1       605

 BOND    =       30.7633  ANGLE   =      207.7974  DIHED      =     1080.8179
 VDWAALS =     -787.1465  EEL     =    -7270.2803  EGB        =    -1847.3299
 1-4 VDW =      331.0984  1-4 EEL =     5616.0294  RESTRAINT  =       44.0702
 EAMBER  =    -2638.2503


   NSTEP       ENERGY          RMS            GMAX         NAME    NUMBER
    400      -2.5942E+03     7.5548E-03     1.8595E-01     CD        729

 BOND    =       30.7424  ANGLE   =      207.7391  DIHED      =     1080.8349
 VDWAALS =     -787.2399  EEL     =    -7270.3165  EGB        =    -1847.3024
 1-4 VDW =      331.1673  1-4 EEL =     5616.0979  RESTRAINT  =       44.0831
 EAMBER  =    -2638.2771


   NSTEP       ENERGY          RMS            GMAX         NAME    NUMBER
    500      -2.5942E+03     3.7691E-03     1.2904E-01     CD        729

 BOND    =       30.7316  ANGLE   =      207.7191  DIHED      =     1080.8415
 VDWAALS =     -787.2617  EEL     =    -7270.3248  EGB        =    -1847.2930
 1-4 VDW =      331.1898  1-4 EEL =     5616.1176  RESTRAINT  =       44.0838
 EAMBER  =    -2638.2799


   NSTEP       ENERGY          RMS            GMAX         NAME    NUMBER
    600      -2.5942E+03     8.8700E-04     1.6595E-02     CD        729

 BOND    =       30.7285  ANGLE   =      207.7155  DIHED      =     1080.8436
 VDWAALS =     -787.2694  EEL     =    -7270.3253  EGB        =    -1847.2900
 1-4 VDW =      331.1973  1-4 EEL =     5616.1199  RESTRAINT  =       44.0833
 EAMBER  =    -2638.2799


   NSTEP       ENERGY          RMS            GMAX         NAME    NUMBER
    700      -2.5942E+03     7.0447E-04     1.9145E-02     CD        729

 BOND    =       30.7274  ANGLE   =      207.7151  DIHED      =     1080.8444
 VDWAALS =     -787.2735  EEL     =    -7270.3253  EGB        =    -1847.2886
 1-4 VDW =      331.2000  1-4 EEL =     5616.1200  RESTRAINT  =       44.0839
 EAMBER  =    -2638.2806


                    FINAL RESULTS



   NSTEP       ENERGY          RMS            GMAX         NAME    NUMBER
    766      -2.5942E+03     9.2420E-05     1.2756E-03     HD13       65

 BOND    =       30.7256  ANGLE   =      207.7123  DIHED      =     1080.8438
 VDWAALS =     -787.2720  EEL     =    -7270.3248  EGB        =    -1847.2881
 1-4 VDW =      331.2035  1-4 EEL =     5616.1217  RESTRAINT  =       44.0813
 EAMBER  =    -2638.2781

--------------------------------------------------------------------------------
   5.  TIMINGS
--------------------------------------------------------------------------------

|                Calc gb radii             45.08 (20.34% of Gen B)
|                Calc gb diag              83.28 (37.58% of Gen B)
|                Calc gb off-diag          93.25 (42.08% of Gen B)
|             Gen Born time            221.61 (100.0% of Nonbo)
|          Nonbond force            221.61 (99.28% of Force)
|          Bond/Angle/Dihedral        1.60 ( 0.72% of Force)
|          Other                      0.01 ( 0.01% of Force)
|       Force time               223.22 (100.0% of Runmd)
|    Runmd Time               223.22 (99.76% of Total)
|    Other                      0.54 ( 0.24% of Total)
| Total time               223.77 (100.0% of ALL  )

| Number of list builds   :          0

| Highest rstack allocated:          0
| Highest istack allocated:          0
|           Job began  at 15:39:03.556  on 02/03/2016
|           Setup done at 15:39:03.607  on 02/03/2016
|           Run   done at 15:42:47.324  on 02/03/2016
|     wallclock() was called   13816 times
