
          -------------------------------------------------------
          Amber 14 SANDER                              2014
          -------------------------------------------------------

| Run on 02/03/2016 at 15:22:15

|   Executable path: sander
| Working directory: /lustre/cs1500/scratch/kmb413/RealDecoyDisc/DecoyDiscrimination/decoys.set2.init/1aaj/Rosetta_relaxed
|          Hostname: slepner36


File Assignments:
|  MDIN: /scratch/kmb413/RealDecoyDisc/DecoyDiscrimination/scripts/min/min.in  
| MDOUT: NoH_4_empty_tag_418_0001_0001.out                                     
|INPCRD: NoH_4_empty_tag_418_0001_0001.rst7                                    
|  PARM: NoH_4_empty_tag_418_0001_0001.parm7                                   
|RESTRT: min_NoH_4_empty_tag_418_0001_0001.rst7                                
|  REFC: NoH_4_empty_tag_418_0001_0001.rst7                                    
| MDVEL: mdvel                                                                 
| MDFRC: mdfrc                                                                 
|  MDEN: mden                                                                  
| MDCRD: mdcrd                                                                 
|MDINFO: mdinfo                                                                
|  MTMD: mtmd                                                                  
|INPDIP: inpdip                                                                
|RSTDIP: rstdip                                                                
|INPTRA: inptraj                                                               


 Here is the input file:

                                                                               
&cntrl                                                                         
    imin = 1, maxcyc=1000,                                                     
    ntx = 1,                                                                   
    ntwr = 100, ntpr = 100,                                                    
    cut = 999.0,                                                               
    ntb = 0, igb = 8,                                                          
    ntr = 1, restraint_wt = 10, restraintmask = "!@H=",                        
/                                                                              

--------------------------------------------------------------------------------
   1.  RESOURCE   USE: 
--------------------------------------------------------------------------------

| Flags:                                                                        
| New format PARM file being parsed.
| Version =    1.000 Date = 02/03/16 Time = 11:51:54
 NATOM  =    1590 NTYPES =      14 NBONH =     791 MBONA  =     820
 NTHETH =    1812 MTHETA =    1115 NPHIH =    3578 MPHIA  =    3525
 NHPARM =       0 NPARM  =       0 NNB   =    8805 NRES   =     104
 NBONA  =     820 NTHETA =    1115 NPHIA =    3525 NUMBND =      65
 NUMANG =     152 NPTRA  =     189 NATYP =      33 NPHB   =       0
 IFBOX  =       0 NMXRS  =      24 IFCAP =       0 NEXTRA =       0
 NCOPY  =       0

 Implicit solvent radii are ArgH and AspGluO modified Bondi2 radii (mbondi3)                                
 Replacing prmtop screening parameters with GBn2 (igb=8) values

|     Memory Use     Allocated
|     Real              145027
|     Hollerith           4876
|     Integer           109197
|     Max Pairs              1
|     nblistReal             0
|     nblist Int             0
|       Total             1578 kbytes

| Note: 1-4 EEL scale factors are being read from the topology file.

| Note: 1-4 VDW scale factors are being read from the topology file.
| Duplicated    0 dihedrals
| Duplicated    0 dihedrals

--------------------------------------------------------------------------------
   2.  CONTROL  DATA  FOR  THE  RUN
--------------------------------------------------------------------------------

default_name                                                                    

General flags:
     imin    =       1, nmropt  =       0

Nature and format of input:
     ntx     =       1, irest   =       0, ntrx    =       1

Nature and format of output:
     ntxo    =       1, ntpr    =     100, ntrx    =       1, ntwr    =     100
     iwrap   =       0, ntwx    =       0, ntwv    =       0, ntwe    =       0
     ioutfm  =       0, ntwprt  =       0, idecomp =       0, rbornstat=      0

Potential function:
     ntf     =       1, ntb     =       0, igb     =       8, nsnb    =      25
     ipol    =       0, gbsa    =       0, iesp    =       0
     dielc   =   1.00000, cut     = 999.00000, intdiel =   1.00000
     saltcon =   0.00000, offset  =   0.19514, surften =   0.00500
     rdt     =   0.00000, rgbmax  =  25.00000  extdiel =  78.50000
     alpb  =        0
     gbalphaH  =   0.78844, gbbetaH   =   0.79870,  gbgammaH  =    0.43733
     gbalphaC  =   0.73376, gbbetaC   =   0.50638,  gbgammaC  =    0.20584
     gbalphaN  =   0.50336, gbbetaN   =   0.31683,  gbgammaN  =    0.19292
     gbalphaOS =   0.86781, gbbetaOS  =   0.87664,  gbgammaOS =    0.38788
     gbalphaP  =   1.00000, gbbetaP   =   0.80000,  gbgammaP  =    4.85000
     gb_alpha_hnu  =   0.53705, gb_beta_hnu   =   0.36286,  gb_gamma_hnu  =    0.11670
     gb_alpha_cnu  =   0.33167, gb_beta_cnu   =   0.19684,  gb_gamma_cnu  =    0.09342
     gb_alpha_nnu  =   0.68631, gb_beta_nnu   =   0.46319,  gb_gamma_nnu  =    0.13872
     gb_alpha_onu  =   0.60634, gb_beta_onu   =   0.46301,  gb_gamma_onu  =    0.14226
     gb_alpha_pnu  =   0.41836, gb_beta_pnu   =   0.29005,  gb_gamma_pnu  =    0.10642

Frozen or restrained atoms:
     ibelly  =       0, ntr     =       1
     restraint_wt =  10.00000

Energy minimization:
     maxcyc  =    1000, ncyc    =      10, ntmin   =       1
     dx0     =   0.01000, drms    =   0.00010
|  INFO: Old style inpcrd file read


    LOADING THE CONSTRAINED ATOMS AS GROUPS


   5.  REFERENCE ATOM COORDINATES

  defa
     Mask !@H=; matches   799 atoms

--------------------------------------------------------------------------------
   3.  ATOMIC COORDINATES AND VELOCITIES
--------------------------------------------------------------------------------

default_name                                                                    
 begin time read from input coords =     0.000 ps

 Number of triangulated 3-point waters found:        0

--------------------------------------------------------------------------------
   4.  RESULTS
--------------------------------------------------------------------------------



   NSTEP       ENERGY          RMS            GMAX         NAME    NUMBER
      1      -2.2116E+03     9.2150E+00     6.1555E+01     CD        120

 BOND    =       72.9708  ANGLE   =      212.6370  DIHED      =     1064.9069
 VDWAALS =     -662.6079  EEL     =    -7413.6609  EGB        =    -1633.4627
 1-4 VDW =      442.4116  1-4 EEL =     5705.1856  RESTRAINT  =        0.0000


   NSTEP       ENERGY          RMS            GMAX         NAME    NUMBER
    100      -2.5821E+03     3.4658E-01     3.7066E+00     CE2       650

 BOND    =       30.9575  ANGLE   =      213.2134  DIHED      =     1065.0868
 VDWAALS =     -803.0350  EEL     =    -7425.3542  EGB        =    -1661.7893
 1-4 VDW =      333.6624  1-4 EEL =     5622.8873  RESTRAINT  =       42.2655
 EAMBER  =    -2624.3711


   NSTEP       ENERGY          RMS            GMAX         NAME    NUMBER
    200      -2.5938E+03     3.6994E-01     1.0898E+01     HG1       635

 BOND    =       32.0143  ANGLE   =      216.0918  DIHED      =     1064.8178
 VDWAALS =     -805.0285  EEL     =    -7433.4616  EGB        =    -1666.4453
 1-4 VDW =      331.3976  1-4 EEL =     5621.5784  RESTRAINT  =       45.2468
 EAMBER  =    -2639.0355


   NSTEP       ENERGY          RMS            GMAX         NAME    NUMBER
    300      -2.5986E+03     4.0011E-02     5.1929E-01     CG2       630

 BOND    =       30.9205  ANGLE   =      213.2155  DIHED      =     1062.8321
 VDWAALS =     -803.9551  EEL     =    -7435.8399  EGB        =    -1666.7785
 1-4 VDW =      334.1985  1-4 EEL =     5623.1693  RESTRAINT  =       43.5884
 EAMBER  =    -2642.2376


   NSTEP       ENERGY          RMS            GMAX         NAME    NUMBER
    400      -2.5987E+03     5.2368E-03     5.7424E-02     HG1       635

 BOND    =       30.8508  ANGLE   =      213.0553  DIHED      =     1062.7185
 VDWAALS =     -804.0238  EEL     =    -7435.8407  EGB        =    -1666.6944
 1-4 VDW =      334.3866  1-4 EEL =     5623.2854  RESTRAINT  =       43.5850
 EAMBER  =    -2642.2624


   NSTEP       ENERGY          RMS            GMAX         NAME    NUMBER
    500      -2.5987E+03     4.4681E-03     4.9397E-02     C          23

 BOND    =       30.8478  ANGLE   =      213.0304  DIHED      =     1062.7022
 VDWAALS =     -804.0520  EEL     =    -7435.8515  EGB        =    -1666.6747
 1-4 VDW =      334.4074  1-4 EEL =     5623.3080  RESTRAINT  =       43.6021
 EAMBER  =    -2642.2824


   NSTEP       ENERGY          RMS            GMAX         NAME    NUMBER
    600      -2.5987E+03     9.7628E-04     1.2599E-02     CD        729

 BOND    =       30.8395  ANGLE   =      213.0253  DIHED      =     1062.6979
 VDWAALS =     -804.0604  EEL     =    -7435.8446  EGB        =    -1666.6654
 1-4 VDW =      334.4240  1-4 EEL =     5623.3033  RESTRAINT  =       43.5994
 EAMBER  =    -2642.2803


   NSTEP       ENERGY          RMS            GMAX         NAME    NUMBER
    700      -2.5987E+03     3.9061E-04     4.6010E-03     HB        629

 BOND    =       30.8384  ANGLE   =      213.0253  DIHED      =     1062.6967
 VDWAALS =     -804.0654  EEL     =    -7435.8420  EGB        =    -1666.6626
 1-4 VDW =      334.4265  1-4 EEL =     5623.3012  RESTRAINT  =       43.6008
 EAMBER  =    -2642.2818


   NSTEP       ENERGY          RMS            GMAX         NAME    NUMBER
    800      -2.5987E+03     4.4959E-04     1.1840E-02     CD       1119

 BOND    =       30.8385  ANGLE   =      213.0257  DIHED      =     1062.6965
 VDWAALS =     -804.0673  EEL     =    -7435.8433  EGB        =    -1666.6621
 1-4 VDW =      334.4264  1-4 EEL =     5623.3021  RESTRAINT  =       43.6025
 EAMBER  =    -2642.2835


                    FINAL RESULTS



   NSTEP       ENERGY          RMS            GMAX         NAME    NUMBER
    844      -2.5987E+03     9.6619E-05     1.6863E-03     HD13      332

 BOND    =       30.8386  ANGLE   =      213.0259  DIHED      =     1062.6963
 VDWAALS =     -804.0678  EEL     =    -7435.8436  EGB        =    -1666.6619
 1-4 VDW =      334.4265  1-4 EEL =     5623.3020  RESTRAINT  =       43.6030
 EAMBER  =    -2642.2840

--------------------------------------------------------------------------------
   5.  TIMINGS
--------------------------------------------------------------------------------

|                Calc gb radii             50.52 (20.14% of Gen B)
|                Calc gb diag              94.80 (37.79% of Gen B)
|                Calc gb off-diag         105.52 (42.06% of Gen B)
|             Gen Born time            250.84 (100.0% of Nonbo)
|          Nonbond force            250.84 (99.30% of Force)
|          Bond/Angle/Dihedral        1.76 ( 0.70% of Force)
|          Other                      0.02 ( 0.01% of Force)
|       Force time               252.61 (100.0% of Runmd)
|    Runmd Time               252.61 (99.80% of Total)
|    Other                      0.51 ( 0.20% of Total)
| Total time               253.13 (100.0% of ALL  )

| Number of list builds   :          0

| Highest rstack allocated:          0
| Highest istack allocated:          0
|           Job began  at 15:22:15.362  on 02/03/2016
|           Setup done at 15:22:15.415  on 02/03/2016
|           Run   done at 15:26:28.494  on 02/03/2016
|     wallclock() was called   15220 times
