
          -------------------------------------------------------
          Amber 14 SANDER                              2014
          -------------------------------------------------------

| Run on 02/03/2016 at 12:26:09

|   Executable path: sander
| Working directory: /lustre/cs1500/scratch/kmb413/RealDecoyDisc/DecoyDiscrimination/decoys.set2.init/1aaj/Rosetta_relaxed
|          Hostname: slepner7


File Assignments:
|  MDIN: /scratch/kmb413/RealDecoyDisc/DecoyDiscrimination/scripts/min/min.in  
| MDOUT: NoH_3_empty_tag_72_0001_0001.out                                      
|INPCRD: NoH_3_empty_tag_72_0001_0001.rst7                                     
|  PARM: NoH_3_empty_tag_72_0001_0001.parm7                                    
|RESTRT: min_NoH_3_empty_tag_72_0001_0001.rst7                                 
|  REFC: NoH_3_empty_tag_72_0001_0001.rst7                                     
| MDVEL: mdvel                                                                 
| MDFRC: mdfrc                                                                 
|  MDEN: mden                                                                  
| MDCRD: mdcrd                                                                 
|MDINFO: mdinfo                                                                
|  MTMD: mtmd                                                                  
|INPDIP: inpdip                                                                
|RSTDIP: rstdip                                                                
|INPTRA: inptraj                                                               


 Here is the input file:

                                                                               
&cntrl                                                                         
    imin = 1, maxcyc=1000,                                                     
    ntx = 1,                                                                   
    ntwr = 100, ntpr = 100,                                                    
    cut = 999.0,                                                               
    ntb = 0, igb = 8,                                                          
    ntr = 1, restraint_wt = 10, restraintmask = "!@H=",                        
/                                                                              

--------------------------------------------------------------------------------
   1.  RESOURCE   USE: 
--------------------------------------------------------------------------------

| Flags:                                                                        
| New format PARM file being parsed.
| Version =    1.000 Date = 02/03/16 Time = 11:50:13
 NATOM  =    1590 NTYPES =      14 NBONH =     791 MBONA  =     820
 NTHETH =    1812 MTHETA =    1115 NPHIH =    3578 MPHIA  =    3525
 NHPARM =       0 NPARM  =       0 NNB   =    8805 NRES   =     104
 NBONA  =     820 NTHETA =    1115 NPHIA =    3525 NUMBND =      65
 NUMANG =     152 NPTRA  =     189 NATYP =      33 NPHB   =       0
 IFBOX  =       0 NMXRS  =      24 IFCAP =       0 NEXTRA =       0
 NCOPY  =       0

 Implicit solvent radii are ArgH and AspGluO modified Bondi2 radii (mbondi3)                                
 Replacing prmtop screening parameters with GBn2 (igb=8) values

|     Memory Use     Allocated
|     Real              145027
|     Hollerith           4876
|     Integer           109197
|     Max Pairs              1
|     nblistReal             0
|     nblist Int             0
|       Total             1578 kbytes

| Note: 1-4 EEL scale factors are being read from the topology file.

| Note: 1-4 VDW scale factors are being read from the topology file.
| Duplicated    0 dihedrals
| Duplicated    0 dihedrals

--------------------------------------------------------------------------------
   2.  CONTROL  DATA  FOR  THE  RUN
--------------------------------------------------------------------------------

default_name                                                                    

General flags:
     imin    =       1, nmropt  =       0

Nature and format of input:
     ntx     =       1, irest   =       0, ntrx    =       1

Nature and format of output:
     ntxo    =       1, ntpr    =     100, ntrx    =       1, ntwr    =     100
     iwrap   =       0, ntwx    =       0, ntwv    =       0, ntwe    =       0
     ioutfm  =       0, ntwprt  =       0, idecomp =       0, rbornstat=      0

Potential function:
     ntf     =       1, ntb     =       0, igb     =       8, nsnb    =      25
     ipol    =       0, gbsa    =       0, iesp    =       0
     dielc   =   1.00000, cut     = 999.00000, intdiel =   1.00000
     saltcon =   0.00000, offset  =   0.19514, surften =   0.00500
     rdt     =   0.00000, rgbmax  =  25.00000  extdiel =  78.50000
     alpb  =        0
     gbalphaH  =   0.78844, gbbetaH   =   0.79870,  gbgammaH  =    0.43733
     gbalphaC  =   0.73376, gbbetaC   =   0.50638,  gbgammaC  =    0.20584
     gbalphaN  =   0.50336, gbbetaN   =   0.31683,  gbgammaN  =    0.19292
     gbalphaOS =   0.86781, gbbetaOS  =   0.87664,  gbgammaOS =    0.38788
     gbalphaP  =   1.00000, gbbetaP   =   0.80000,  gbgammaP  =    4.85000
     gb_alpha_hnu  =   0.53705, gb_beta_hnu   =   0.36286,  gb_gamma_hnu  =    0.11670
     gb_alpha_cnu  =   0.33167, gb_beta_cnu   =   0.19684,  gb_gamma_cnu  =    0.09342
     gb_alpha_nnu  =   0.68631, gb_beta_nnu   =   0.46319,  gb_gamma_nnu  =    0.13872
     gb_alpha_onu  =   0.60634, gb_beta_onu   =   0.46301,  gb_gamma_onu  =    0.14226
     gb_alpha_pnu  =   0.41836, gb_beta_pnu   =   0.29005,  gb_gamma_pnu  =    0.10642

Frozen or restrained atoms:
     ibelly  =       0, ntr     =       1
     restraint_wt =  10.00000

Energy minimization:
     maxcyc  =    1000, ncyc    =      10, ntmin   =       1
     dx0     =   0.01000, drms    =   0.00010
|  INFO: Old style inpcrd file read


    LOADING THE CONSTRAINED ATOMS AS GROUPS


   5.  REFERENCE ATOM COORDINATES

  defa
     Mask !@H=; matches   799 atoms

--------------------------------------------------------------------------------
   3.  ATOMIC COORDINATES AND VELOCITIES
--------------------------------------------------------------------------------

default_name                                                                    
 begin time read from input coords =     0.000 ps

 Number of triangulated 3-point waters found:        0

--------------------------------------------------------------------------------
   4.  RESULTS
--------------------------------------------------------------------------------



   NSTEP       ENERGY          RMS            GMAX         NAME    NUMBER
      1      -2.2290E+03     9.0443E+00     6.4238E+01     OE1       945

 BOND    =       69.6249  ANGLE   =      211.1965  DIHED      =     1076.7422
 VDWAALS =     -670.6809  EEL     =    -7516.0951  EGB        =    -1550.5705
 1-4 VDW =      440.9136  1-4 EEL =     5709.8645  RESTRAINT  =        0.0000


   NSTEP       ENERGY          RMS            GMAX         NAME    NUMBER
    100      -2.5874E+03     3.2513E-01     2.9082E+00     CE2       650

 BOND    =       30.6812  ANGLE   =      207.7827  DIHED      =     1076.4321
 VDWAALS =     -807.4264  EEL     =    -7522.1750  EGB        =    -1575.5410
 1-4 VDW =      332.6142  1-4 EEL =     5627.7124  RESTRAINT  =       42.4937
 EAMBER  =    -2629.9197


   NSTEP       ENERGY          RMS            GMAX         NAME    NUMBER
    200      -2.6011E+03     3.3559E-01     4.6353E+00     CG        589

 BOND    =       31.1962  ANGLE   =      208.6341  DIHED      =     1074.4702
 VDWAALS =     -808.7505  EEL     =    -7536.3466  EGB        =    -1573.2911
 1-4 VDW =      331.8951  1-4 EEL =     5627.3147  RESTRAINT  =       43.7364
 EAMBER  =    -2644.8779


   NSTEP       ENERGY          RMS            GMAX         NAME    NUMBER
    300      -2.6043E+03     2.4284E-02     2.3105E-01     HB       1383

 BOND    =       30.7894  ANGLE   =      207.6455  DIHED      =     1072.8388
 VDWAALS =     -808.2736  EEL     =    -7538.6027  EGB        =    -1573.1780
 1-4 VDW =      333.1160  1-4 EEL =     5628.5027  RESTRAINT  =       42.8671
 EAMBER  =    -2647.1619


   NSTEP       ENERGY          RMS            GMAX         NAME    NUMBER
    400      -2.6043E+03     1.0308E-02     1.4248E-01     CG        589

 BOND    =       30.7354  ANGLE   =      207.5879  DIHED      =     1072.8144
 VDWAALS =     -808.3549  EEL     =    -7538.6188  EGB        =    -1573.1258
 1-4 VDW =      333.2597  1-4 EEL =     5628.5435  RESTRAINT  =       42.8378
 EAMBER  =    -2647.1586


   NSTEP       ENERGY          RMS            GMAX         NAME    NUMBER
    500      -2.6043E+03     5.7374E-03     6.0072E-02     CB         86

 BOND    =       30.7157  ANGLE   =      207.5588  DIHED      =     1072.8165
 VDWAALS =     -808.3897  EEL     =    -7538.6518  EGB        =    -1573.0937
 1-4 VDW =      333.2956  1-4 EEL =     5628.5821  RESTRAINT  =       42.8416
 EAMBER  =    -2647.1665


   NSTEP       ENERGY          RMS            GMAX         NAME    NUMBER
    600      -2.6043E+03     1.3965E-03     1.2687E-02     CE2       650

 BOND    =       30.7151  ANGLE   =      207.5513  DIHED      =     1072.8156
 VDWAALS =     -808.3949  EEL     =    -7538.6730  EGB        =    -1573.0821
 1-4 VDW =      333.3072  1-4 EEL =     5628.5941  RESTRAINT  =       42.8409
 EAMBER  =    -2647.1666


   NSTEP       ENERGY          RMS            GMAX         NAME    NUMBER
    700      -2.6043E+03     1.3583E-04     2.5772E-03     CD        103

 BOND    =       30.7128  ANGLE   =      207.5469  DIHED      =     1072.8150
 VDWAALS =     -808.4031  EEL     =    -7538.7035  EGB        =    -1573.0679
 1-4 VDW =      333.3153  1-4 EEL =     5628.6148  RESTRAINT  =       42.8437
 EAMBER  =    -2647.1698


                    FINAL RESULTS



   NSTEP       ENERGY          RMS            GMAX         NAME    NUMBER
    771      -2.6043E+03     9.0153E-05     1.6083E-03     HD11      330

 BOND    =       30.7127  ANGLE   =      207.5469  DIHED      =     1072.8147
 VDWAALS =     -808.4034  EEL     =    -7538.7066  EGB        =    -1573.0666
 1-4 VDW =      333.3154  1-4 EEL =     5628.6167  RESTRAINT  =       42.8440
 EAMBER  =    -2647.1701

--------------------------------------------------------------------------------
   5.  TIMINGS
--------------------------------------------------------------------------------

|                Calc gb radii             46.20 (20.32% of Gen B)
|                Calc gb diag              85.89 (37.78% of Gen B)
|                Calc gb off-diag          95.24 (41.89% of Gen B)
|             Gen Born time            227.34 (100.0% of Nonbo)
|          Nonbond force            227.34 (99.30% of Force)
|          Bond/Angle/Dihedral        1.59 ( 0.70% of Force)
|          Other                      0.01 ( 0.01% of Force)
|       Force time               228.95 (100.0% of Runmd)
|    Runmd Time               228.95 (99.72% of Total)
|    Other                      0.63 ( 0.27% of Total)
| Total time               229.58 (100.0% of ALL  )

| Number of list builds   :          0

| Highest rstack allocated:          0
| Highest istack allocated:          0
|           Job began  at 12:26:09.203  on 02/03/2016
|           Setup done at 12:26:09.259  on 02/03/2016
|           Run   done at 12:29:58.782  on 02/03/2016
|     wallclock() was called   13906 times
