
          -------------------------------------------------------
          Amber 14 SANDER                              2014
          -------------------------------------------------------

| Run on 02/03/2016 at 13:44:11

|   Executable path: sander
| Working directory: /lustre/cs1500/scratch/kmb413/RealDecoyDisc/DecoyDiscrimination/decoys.set2.init/1aaj/Rosetta_relaxed
|          Hostname: slepner30


File Assignments:
|  MDIN: /scratch/kmb413/RealDecoyDisc/DecoyDiscrimination/scripts/min/min.in  
| MDOUT: NoH_3_empty_tag_1_348_0001.out                                        
|INPCRD: NoH_3_empty_tag_1_348_0001.rst7                                       
|  PARM: NoH_3_empty_tag_1_348_0001.parm7                                      
|RESTRT: min_NoH_3_empty_tag_1_348_0001.rst7                                   
|  REFC: NoH_3_empty_tag_1_348_0001.rst7                                       
| MDVEL: mdvel                                                                 
| MDFRC: mdfrc                                                                 
|  MDEN: mden                                                                  
| MDCRD: mdcrd                                                                 
|MDINFO: mdinfo                                                                
|  MTMD: mtmd                                                                  
|INPDIP: inpdip                                                                
|RSTDIP: rstdip                                                                
|INPTRA: inptraj                                                               


 Here is the input file:

                                                                               
&cntrl                                                                         
    imin = 1, maxcyc=1000,                                                     
    ntx = 1,                                                                   
    ntwr = 100, ntpr = 100,                                                    
    cut = 999.0,                                                               
    ntb = 0, igb = 8,                                                          
    ntr = 1, restraint_wt = 10, restraintmask = "!@H=",                        
/                                                                              

--------------------------------------------------------------------------------
   1.  RESOURCE   USE: 
--------------------------------------------------------------------------------

| Flags:                                                                        
| New format PARM file being parsed.
| Version =    1.000 Date = 02/03/16 Time = 11:49:07
 NATOM  =    1590 NTYPES =      14 NBONH =     791 MBONA  =     820
 NTHETH =    1812 MTHETA =    1115 NPHIH =    3578 MPHIA  =    3525
 NHPARM =       0 NPARM  =       0 NNB   =    8805 NRES   =     104
 NBONA  =     820 NTHETA =    1115 NPHIA =    3525 NUMBND =      65
 NUMANG =     152 NPTRA  =     189 NATYP =      33 NPHB   =       0
 IFBOX  =       0 NMXRS  =      24 IFCAP =       0 NEXTRA =       0
 NCOPY  =       0

 Implicit solvent radii are ArgH and AspGluO modified Bondi2 radii (mbondi3)                                
 Replacing prmtop screening parameters with GBn2 (igb=8) values

|     Memory Use     Allocated
|     Real              145027
|     Hollerith           4876
|     Integer           109197
|     Max Pairs              1
|     nblistReal             0
|     nblist Int             0
|       Total             1578 kbytes

| Note: 1-4 EEL scale factors are being read from the topology file.

| Note: 1-4 VDW scale factors are being read from the topology file.
| Duplicated    0 dihedrals
| Duplicated    0 dihedrals

--------------------------------------------------------------------------------
   2.  CONTROL  DATA  FOR  THE  RUN
--------------------------------------------------------------------------------

default_name                                                                    

General flags:
     imin    =       1, nmropt  =       0

Nature and format of input:
     ntx     =       1, irest   =       0, ntrx    =       1

Nature and format of output:
     ntxo    =       1, ntpr    =     100, ntrx    =       1, ntwr    =     100
     iwrap   =       0, ntwx    =       0, ntwv    =       0, ntwe    =       0
     ioutfm  =       0, ntwprt  =       0, idecomp =       0, rbornstat=      0

Potential function:
     ntf     =       1, ntb     =       0, igb     =       8, nsnb    =      25
     ipol    =       0, gbsa    =       0, iesp    =       0
     dielc   =   1.00000, cut     = 999.00000, intdiel =   1.00000
     saltcon =   0.00000, offset  =   0.19514, surften =   0.00500
     rdt     =   0.00000, rgbmax  =  25.00000  extdiel =  78.50000
     alpb  =        0
     gbalphaH  =   0.78844, gbbetaH   =   0.79870,  gbgammaH  =    0.43733
     gbalphaC  =   0.73376, gbbetaC   =   0.50638,  gbgammaC  =    0.20584
     gbalphaN  =   0.50336, gbbetaN   =   0.31683,  gbgammaN  =    0.19292
     gbalphaOS =   0.86781, gbbetaOS  =   0.87664,  gbgammaOS =    0.38788
     gbalphaP  =   1.00000, gbbetaP   =   0.80000,  gbgammaP  =    4.85000
     gb_alpha_hnu  =   0.53705, gb_beta_hnu   =   0.36286,  gb_gamma_hnu  =    0.11670
     gb_alpha_cnu  =   0.33167, gb_beta_cnu   =   0.19684,  gb_gamma_cnu  =    0.09342
     gb_alpha_nnu  =   0.68631, gb_beta_nnu   =   0.46319,  gb_gamma_nnu  =    0.13872
     gb_alpha_onu  =   0.60634, gb_beta_onu   =   0.46301,  gb_gamma_onu  =    0.14226
     gb_alpha_pnu  =   0.41836, gb_beta_pnu   =   0.29005,  gb_gamma_pnu  =    0.10642

Frozen or restrained atoms:
     ibelly  =       0, ntr     =       1
     restraint_wt =  10.00000

Energy minimization:
     maxcyc  =    1000, ncyc    =      10, ntmin   =       1
     dx0     =   0.01000, drms    =   0.00010
|  INFO: Old style inpcrd file read


    LOADING THE CONSTRAINED ATOMS AS GROUPS


   5.  REFERENCE ATOM COORDINATES

  defa
     Mask !@H=; matches   799 atoms

--------------------------------------------------------------------------------
   3.  ATOMIC COORDINATES AND VELOCITIES
--------------------------------------------------------------------------------

default_name                                                                    
 begin time read from input coords =     0.000 ps

 Number of triangulated 3-point waters found:        0

--------------------------------------------------------------------------------
   4.  RESULTS
--------------------------------------------------------------------------------



   NSTEP       ENERGY          RMS            GMAX         NAME    NUMBER
      1      -2.2707E+03     9.0507E+00     6.6143E+01     OXT      1590

 BOND    =       69.4231  ANGLE   =      210.7834  DIHED      =     1072.1551
 VDWAALS =     -666.1329  EEL     =    -7570.4536  EGB        =    -1532.3187
 1-4 VDW =      440.9045  1-4 EEL =     5704.9481  RESTRAINT  =        0.0000


   NSTEP       ENERGY          RMS            GMAX         NAME    NUMBER
    100      -2.6275E+03     3.3059E-01     2.7658E+00     CE2       650

 BOND    =       31.3126  ANGLE   =      207.2858  DIHED      =     1073.9915
 VDWAALS =     -803.8774  EEL     =    -7583.0022  EGB        =    -1545.9448
 1-4 VDW =      328.9317  1-4 EEL =     5624.0472  RESTRAINT  =       39.7389
 EAMBER  =    -2667.2556


   NSTEP       ENERGY          RMS            GMAX         NAME    NUMBER
    200      -2.6338E+03     1.0992E-01     1.0852E+00     CG        799

 BOND    =       31.3812  ANGLE   =      207.9309  DIHED      =     1073.3551
 VDWAALS =     -805.7116  EEL     =    -7586.9573  EGB        =    -1546.8640
 1-4 VDW =      329.2515  1-4 EEL =     5623.0998  RESTRAINT  =       40.7039
 EAMBER  =    -2674.5145


   NSTEP       ENERGY          RMS            GMAX         NAME    NUMBER
    300      -2.6344E+03     6.0102E-02     8.9900E-01     N           1

 BOND    =       31.3298  ANGLE   =      207.8657  DIHED      =     1072.8196
 VDWAALS =     -806.3483  EEL     =    -7587.0807  EGB        =    -1546.7640
 1-4 VDW =      329.5878  1-4 EEL =     5623.2802  RESTRAINT  =       40.9519
 EAMBER  =    -2675.3100


   NSTEP       ENERGY          RMS            GMAX         NAME    NUMBER
    400      -2.6401E+03     8.6707E-02     1.9680E+00     HG1       605

 BOND    =       31.3776  ANGLE   =      208.0873  DIHED      =     1072.0671
 VDWAALS =     -805.5124  EEL     =    -7592.8863  EGB        =    -1547.0271
 1-4 VDW =      329.6127  1-4 EEL =     5623.3801  RESTRAINT  =       40.7539
 EAMBER  =    -2680.9009


   NSTEP       ENERGY          RMS            GMAX         NAME    NUMBER
    500      -2.6424E+03     7.2926E-02     1.4671E+00     OG1       634

 BOND    =       31.3100  ANGLE   =      207.8301  DIHED      =     1070.3211
 VDWAALS =     -805.2008  EEL     =    -7595.1412  EGB        =    -1547.2026
 1-4 VDW =      330.0588  1-4 EEL =     5624.8933  RESTRAINT  =       40.7236
 EAMBER  =    -2683.1313


   NSTEP       ENERGY          RMS            GMAX         NAME    NUMBER
    600      -2.6425E+03     6.8510E-03     8.3588E-02     CA        626

 BOND    =       31.2845  ANGLE   =      207.6861  DIHED      =     1070.2572
 VDWAALS =     -804.9820  EEL     =    -7595.0728  EGB        =    -1547.3207
 1-4 VDW =      330.1776  1-4 EEL =     5624.8134  RESTRAINT  =       40.6610
 EAMBER  =    -2683.1568


   NSTEP       ENERGY          RMS            GMAX         NAME    NUMBER
    700      -2.6425E+03     9.7155E-04     1.1845E-02     CD        103

 BOND    =       31.2747  ANGLE   =      207.6710  DIHED      =     1070.2582
 VDWAALS =     -804.9615  EEL     =    -7595.0420  EGB        =    -1547.3355
 1-4 VDW =      330.1982  1-4 EEL =     5624.7977  RESTRAINT  =       40.6425
 EAMBER  =    -2683.1392


                    FINAL RESULTS



   NSTEP       ENERGY          RMS            GMAX         NAME    NUMBER
    773      -2.6425E+03     8.5975E-05     1.1225E-03     HD13      332

 BOND    =       31.2753  ANGLE   =      207.6720  DIHED      =     1070.2589
 VDWAALS =     -804.9633  EEL     =    -7595.0440  EGB        =    -1547.3356
 1-4 VDW =      330.1978  1-4 EEL =     5624.7985  RESTRAINT  =       40.6437
 EAMBER  =    -2683.1403

--------------------------------------------------------------------------------
   5.  TIMINGS
--------------------------------------------------------------------------------

|                Calc gb radii             46.07 (20.35% of Gen B)
|                Calc gb diag              85.81 (37.90% of Gen B)
|                Calc gb off-diag          94.53 (41.75% of Gen B)
|             Gen Born time            226.40 (100.0% of Nonbo)
|          Nonbond force            226.40 (99.29% of Force)
|          Bond/Angle/Dihedral        1.62 ( 0.71% of Force)
|          Other                      0.01 ( 0.01% of Force)
|       Force time               228.03 (100.0% of Runmd)
|    Runmd Time               228.03 (99.78% of Total)
|    Other                      0.50 ( 0.22% of Total)
| Total time               228.54 (100.0% of ALL  )

| Number of list builds   :          0

| Highest rstack allocated:          0
| Highest istack allocated:          0
|           Job began  at 13:44:11.288  on 02/03/2016
|           Setup done at 13:44:11.377  on 02/03/2016
|           Run   done at 13:47:59.826  on 02/03/2016
|     wallclock() was called   13942 times
