
          -------------------------------------------------------
          Amber 14 SANDER                              2014
          -------------------------------------------------------

| Run on 02/03/2016 at 13:55:06

|   Executable path: sander
| Working directory: /lustre/cs1500/scratch/kmb413/RealDecoyDisc/DecoyDiscrimination/decoys.set2.init/1aaj/Rosetta_relaxed
|          Hostname: slepner30


File Assignments:
|  MDIN: /scratch/kmb413/RealDecoyDisc/DecoyDiscrimination/scripts/min/min.in  
| MDOUT: NoH_3_empty_tag_1_135_1_0001.out                                      
|INPCRD: NoH_3_empty_tag_1_135_1_0001.rst7                                     
|  PARM: NoH_3_empty_tag_1_135_1_0001.parm7                                    
|RESTRT: min_NoH_3_empty_tag_1_135_1_0001.rst7                                 
|  REFC: NoH_3_empty_tag_1_135_1_0001.rst7                                     
| MDVEL: mdvel                                                                 
| MDFRC: mdfrc                                                                 
|  MDEN: mden                                                                  
| MDCRD: mdcrd                                                                 
|MDINFO: mdinfo                                                                
|  MTMD: mtmd                                                                  
|INPDIP: inpdip                                                                
|RSTDIP: rstdip                                                                
|INPTRA: inptraj                                                               


 Here is the input file:

                                                                               
&cntrl                                                                         
    imin = 1, maxcyc=1000,                                                     
    ntx = 1,                                                                   
    ntwr = 100, ntpr = 100,                                                    
    cut = 999.0,                                                               
    ntb = 0, igb = 8,                                                          
    ntr = 1, restraint_wt = 10, restraintmask = "!@H=",                        
/                                                                              

--------------------------------------------------------------------------------
   1.  RESOURCE   USE: 
--------------------------------------------------------------------------------

| Flags:                                                                        
| New format PARM file being parsed.
| Version =    1.000 Date = 02/03/16 Time = 11:48:38
 NATOM  =    1590 NTYPES =      14 NBONH =     791 MBONA  =     820
 NTHETH =    1812 MTHETA =    1115 NPHIH =    3578 MPHIA  =    3525
 NHPARM =       0 NPARM  =       0 NNB   =    8805 NRES   =     104
 NBONA  =     820 NTHETA =    1115 NPHIA =    3525 NUMBND =      65
 NUMANG =     152 NPTRA  =     189 NATYP =      33 NPHB   =       0
 IFBOX  =       0 NMXRS  =      24 IFCAP =       0 NEXTRA =       0
 NCOPY  =       0

 Implicit solvent radii are ArgH and AspGluO modified Bondi2 radii (mbondi3)                                
 Replacing prmtop screening parameters with GBn2 (igb=8) values

|     Memory Use     Allocated
|     Real              145027
|     Hollerith           4876
|     Integer           109197
|     Max Pairs              1
|     nblistReal             0
|     nblist Int             0
|       Total             1578 kbytes

| Note: 1-4 EEL scale factors are being read from the topology file.

| Note: 1-4 VDW scale factors are being read from the topology file.
| Duplicated    0 dihedrals
| Duplicated    0 dihedrals

--------------------------------------------------------------------------------
   2.  CONTROL  DATA  FOR  THE  RUN
--------------------------------------------------------------------------------

default_name                                                                    

General flags:
     imin    =       1, nmropt  =       0

Nature and format of input:
     ntx     =       1, irest   =       0, ntrx    =       1

Nature and format of output:
     ntxo    =       1, ntpr    =     100, ntrx    =       1, ntwr    =     100
     iwrap   =       0, ntwx    =       0, ntwv    =       0, ntwe    =       0
     ioutfm  =       0, ntwprt  =       0, idecomp =       0, rbornstat=      0

Potential function:
     ntf     =       1, ntb     =       0, igb     =       8, nsnb    =      25
     ipol    =       0, gbsa    =       0, iesp    =       0
     dielc   =   1.00000, cut     = 999.00000, intdiel =   1.00000
     saltcon =   0.00000, offset  =   0.19514, surften =   0.00500
     rdt     =   0.00000, rgbmax  =  25.00000  extdiel =  78.50000
     alpb  =        0
     gbalphaH  =   0.78844, gbbetaH   =   0.79870,  gbgammaH  =    0.43733
     gbalphaC  =   0.73376, gbbetaC   =   0.50638,  gbgammaC  =    0.20584
     gbalphaN  =   0.50336, gbbetaN   =   0.31683,  gbgammaN  =    0.19292
     gbalphaOS =   0.86781, gbbetaOS  =   0.87664,  gbgammaOS =    0.38788
     gbalphaP  =   1.00000, gbbetaP   =   0.80000,  gbgammaP  =    4.85000
     gb_alpha_hnu  =   0.53705, gb_beta_hnu   =   0.36286,  gb_gamma_hnu  =    0.11670
     gb_alpha_cnu  =   0.33167, gb_beta_cnu   =   0.19684,  gb_gamma_cnu  =    0.09342
     gb_alpha_nnu  =   0.68631, gb_beta_nnu   =   0.46319,  gb_gamma_nnu  =    0.13872
     gb_alpha_onu  =   0.60634, gb_beta_onu   =   0.46301,  gb_gamma_onu  =    0.14226
     gb_alpha_pnu  =   0.41836, gb_beta_pnu   =   0.29005,  gb_gamma_pnu  =    0.10642

Frozen or restrained atoms:
     ibelly  =       0, ntr     =       1
     restraint_wt =  10.00000

Energy minimization:
     maxcyc  =    1000, ncyc    =      10, ntmin   =       1
     dx0     =   0.01000, drms    =   0.00010
|  INFO: Old style inpcrd file read


    LOADING THE CONSTRAINED ATOMS AS GROUPS


   5.  REFERENCE ATOM COORDINATES

  defa
     Mask !@H=; matches   799 atoms

--------------------------------------------------------------------------------
   3.  ATOMIC COORDINATES AND VELOCITIES
--------------------------------------------------------------------------------

default_name                                                                    
 begin time read from input coords =     0.000 ps

 Number of triangulated 3-point waters found:        0

--------------------------------------------------------------------------------
   4.  RESULTS
--------------------------------------------------------------------------------



   NSTEP       ENERGY          RMS            GMAX         NAME    NUMBER
      1      -2.0786E+03     9.4937E+00     1.3085E+02     OXT      1590

 BOND    =       70.3736  ANGLE   =      211.3883  DIHED      =     1085.7339
 VDWAALS =     -490.1588  EEL     =    -6890.1548  EGB        =    -2258.6543
 1-4 VDW =      447.1538  1-4 EEL =     5745.7302  RESTRAINT  =        0.0000


   NSTEP       ENERGY          RMS            GMAX         NAME    NUMBER
    100      -2.4472E+03     2.6475E-01     4.4851E+00     C        1588

 BOND    =       32.6020  ANGLE   =      207.5764  DIHED      =     1087.7788
 VDWAALS =     -641.6372  EEL     =    -6873.2847  EGB        =    -2278.7918
 1-4 VDW =      328.6424  1-4 EEL =     5649.2499  RESTRAINT  =       40.7121
 EAMBER  =    -2487.8642


   NSTEP       ENERGY          RMS            GMAX         NAME    NUMBER
    200      -2.4508E+03     3.1246E-01     6.1934E+00     H2          3

 BOND    =       32.0374  ANGLE   =      208.0957  DIHED      =     1087.2564
 VDWAALS =     -644.6268  EEL     =    -6873.5508  EGB        =    -2280.3244
 1-4 VDW =      328.9346  1-4 EEL =     5648.6055  RESTRAINT  =       42.7596
 EAMBER  =    -2493.5723


   NSTEP       ENERGY          RMS            GMAX         NAME    NUMBER
    300      -2.4518E+03     3.1429E-02     6.4714E-01     CG        311

 BOND    =       31.9639  ANGLE   =      206.7747  DIHED      =     1086.6079
 VDWAALS =     -644.2826  EEL     =    -6873.7890  EGB        =    -2280.3084
 1-4 VDW =      330.0633  1-4 EEL =     5648.9873  RESTRAINT  =       42.2049
 EAMBER  =    -2493.9829


   NSTEP       ENERGY          RMS            GMAX         NAME    NUMBER
    400      -2.4518E+03     8.6822E-03     1.0072E-01     CG         10

 BOND    =       31.9202  ANGLE   =      206.7182  DIHED      =     1086.6805
 VDWAALS =     -644.2530  EEL     =    -6874.1300  EGB        =    -2280.0709
 1-4 VDW =      330.1613  1-4 EEL =     5649.0056  RESTRAINT  =       42.1684
 EAMBER  =    -2493.9681


   NSTEP       ENERGY          RMS            GMAX         NAME    NUMBER
    500      -2.4518E+03     3.9700E-03     4.0881E-02     CA         27

 BOND    =       31.9056  ANGLE   =      206.7056  DIHED      =     1086.7032
 VDWAALS =     -644.2395  EEL     =    -6874.2379  EGB        =    -2280.0004
 1-4 VDW =      330.1833  1-4 EEL =     5649.0221  RESTRAINT  =       42.1553
 EAMBER  =    -2493.9579


   NSTEP       ENERGY          RMS            GMAX         NAME    NUMBER
    600      -2.4518E+03     3.0636E-03     5.0537E-02     CG        311

 BOND    =       31.8990  ANGLE   =      206.7013  DIHED      =     1086.7189
 VDWAALS =     -644.2375  EEL     =    -6874.3038  EGB        =    -2279.9553
 1-4 VDW =      330.1939  1-4 EEL =     5649.0286  RESTRAINT  =       42.1512
 EAMBER  =    -2493.9549


   NSTEP       ENERGY          RMS            GMAX         NAME    NUMBER
    700      -2.4518E+03     1.5215E-03     1.4244E-02     CB       1547

 BOND    =       31.8882  ANGLE   =      206.6845  DIHED      =     1086.7285
 VDWAALS =     -644.2184  EEL     =    -6874.3468  EGB        =    -2279.9202
 1-4 VDW =      330.2167  1-4 EEL =     5649.0339  RESTRAINT  =       42.1295
 EAMBER  =    -2493.9337


   NSTEP       ENERGY          RMS            GMAX         NAME    NUMBER
    800      -2.4518E+03     7.8069E-04     1.6364E-02     CG        311

 BOND    =       31.8935  ANGLE   =      206.6936  DIHED      =     1086.7365
 VDWAALS =     -644.2292  EEL     =    -6874.3652  EGB        =    -2279.9152
 1-4 VDW =      330.2065  1-4 EEL =     5649.0351  RESTRAINT  =       42.1402
 EAMBER  =    -2493.9445

     ... RESTARTED DUE TO LINMIN FAILURE ...


   NSTEP       ENERGY          RMS            GMAX         NAME    NUMBER
    900      -2.4518E+03     3.7755E-04     3.8389E-03     CD        437

 BOND    =       31.8936  ANGLE   =      206.6943  DIHED      =     1086.7382
 VDWAALS =     -644.2307  EEL     =    -6874.3714  EGB        =    -2279.9138
 1-4 VDW =      330.2064  1-4 EEL =     5649.0373  RESTRAINT  =       42.1418
 EAMBER  =    -2493.9461


   NSTEP       ENERGY          RMS            GMAX         NAME    NUMBER
   1000      -2.4518E+03     2.1688E-04     2.3516E-03     HD13      269

 BOND    =       31.8937  ANGLE   =      206.6951  DIHED      =     1086.7398
 VDWAALS =     -644.2314  EEL     =    -6874.3751  EGB        =    -2279.9123
 1-4 VDW =      330.2058  1-4 EEL =     5649.0380  RESTRAINT  =       42.1420
 EAMBER  =    -2493.9463


  Maximum number of minimization cycles reached.


                    FINAL RESULTS



   NSTEP       ENERGY          RMS            GMAX         NAME    NUMBER
   1000      -2.4518E+03     2.1688E-04     2.3516E-03     HD13      269

 BOND    =       31.8937  ANGLE   =      206.6951  DIHED      =     1086.7398
 VDWAALS =     -644.2314  EEL     =    -6874.3751  EGB        =    -2279.9123
 1-4 VDW =      330.2058  1-4 EEL =     5649.0380  RESTRAINT  =       42.1420
 EAMBER  =    -2493.9463

--------------------------------------------------------------------------------
   5.  TIMINGS
--------------------------------------------------------------------------------

|                Calc gb radii             51.92 (19.40% of Gen B)
|                Calc gb diag              94.19 (35.19% of Gen B)
|                Calc gb off-diag         121.54 (45.41% of Gen B)
|             Gen Born time            267.65 (100.0% of Nonbo)
|          Nonbond force            267.65 (99.23% of Force)
|          Bond/Angle/Dihedral        2.07 ( 0.77% of Force)
|          Other                      0.02 ( 0.01% of Force)
|       Force time               269.74 (100.0% of Runmd)
|    Runmd Time               269.74 (99.63% of Total)
|    Other                      0.99 ( 0.36% of Total)
| Total time               270.72 (100.0% of ALL  )

| Number of list builds   :          0

| Highest rstack allocated:          0
| Highest istack allocated:          0
|           Job began  at 13:55:06.112  on 02/03/2016
|           Setup done at 13:55:06.185  on 02/03/2016
|           Run   done at 13:59:36.837  on 02/03/2016
|     wallclock() was called   18028 times
