
          -------------------------------------------------------
          Amber 14 SANDER                              2014
          -------------------------------------------------------

| Run on 02/03/2016 at 13:59:32

|   Executable path: sander
| Working directory: /lustre/cs1500/scratch/kmb413/RealDecoyDisc/DecoyDiscrimination/decoys.set2.init/1aaj/Rosetta_relaxed
|          Hostname: slepner36


File Assignments:
|  MDIN: /scratch/kmb413/RealDecoyDisc/DecoyDiscrimination/scripts/min/min.in  
| MDOUT: NoH_4_empty_tag_326_0001_0001.out                                     
|INPCRD: NoH_4_empty_tag_326_0001_0001.rst7                                    
|  PARM: NoH_4_empty_tag_326_0001_0001.parm7                                   
|RESTRT: min_NoH_4_empty_tag_326_0001_0001.rst7                                
|  REFC: NoH_4_empty_tag_326_0001_0001.rst7                                    
| MDVEL: mdvel                                                                 
| MDFRC: mdfrc                                                                 
|  MDEN: mden                                                                  
| MDCRD: mdcrd                                                                 
|MDINFO: mdinfo                                                                
|  MTMD: mtmd                                                                  
|INPDIP: inpdip                                                                
|RSTDIP: rstdip                                                                
|INPTRA: inptraj                                                               


 Here is the input file:

                                                                               
&cntrl                                                                         
    imin = 1, maxcyc=1000,                                                     
    ntx = 1,                                                                   
    ntwr = 100, ntpr = 100,                                                    
    cut = 999.0,                                                               
    ntb = 0, igb = 8,                                                          
    ntr = 1, restraint_wt = 10, restraintmask = "!@H=",                        
/                                                                              

--------------------------------------------------------------------------------
   1.  RESOURCE   USE: 
--------------------------------------------------------------------------------

| Flags:                                                                        
| New format PARM file being parsed.
| Version =    1.000 Date = 02/03/16 Time = 11:51:47
 NATOM  =    1590 NTYPES =      14 NBONH =     791 MBONA  =     820
 NTHETH =    1812 MTHETA =    1115 NPHIH =    3578 MPHIA  =    3525
 NHPARM =       0 NPARM  =       0 NNB   =    8805 NRES   =     104
 NBONA  =     820 NTHETA =    1115 NPHIA =    3525 NUMBND =      65
 NUMANG =     152 NPTRA  =     189 NATYP =      33 NPHB   =       0
 IFBOX  =       0 NMXRS  =      24 IFCAP =       0 NEXTRA =       0
 NCOPY  =       0

 Implicit solvent radii are ArgH and AspGluO modified Bondi2 radii (mbondi3)                                
 Replacing prmtop screening parameters with GBn2 (igb=8) values

|     Memory Use     Allocated
|     Real              145027
|     Hollerith           4876
|     Integer           109197
|     Max Pairs              1
|     nblistReal             0
|     nblist Int             0
|       Total             1578 kbytes

| Note: 1-4 EEL scale factors are being read from the topology file.

| Note: 1-4 VDW scale factors are being read from the topology file.
| Duplicated    0 dihedrals
| Duplicated    0 dihedrals

--------------------------------------------------------------------------------
   2.  CONTROL  DATA  FOR  THE  RUN
--------------------------------------------------------------------------------

default_name                                                                    

General flags:
     imin    =       1, nmropt  =       0

Nature and format of input:
     ntx     =       1, irest   =       0, ntrx    =       1

Nature and format of output:
     ntxo    =       1, ntpr    =     100, ntrx    =       1, ntwr    =     100
     iwrap   =       0, ntwx    =       0, ntwv    =       0, ntwe    =       0
     ioutfm  =       0, ntwprt  =       0, idecomp =       0, rbornstat=      0

Potential function:
     ntf     =       1, ntb     =       0, igb     =       8, nsnb    =      25
     ipol    =       0, gbsa    =       0, iesp    =       0
     dielc   =   1.00000, cut     = 999.00000, intdiel =   1.00000
     saltcon =   0.00000, offset  =   0.19514, surften =   0.00500
     rdt     =   0.00000, rgbmax  =  25.00000  extdiel =  78.50000
     alpb  =        0
     gbalphaH  =   0.78844, gbbetaH   =   0.79870,  gbgammaH  =    0.43733
     gbalphaC  =   0.73376, gbbetaC   =   0.50638,  gbgammaC  =    0.20584
     gbalphaN  =   0.50336, gbbetaN   =   0.31683,  gbgammaN  =    0.19292
     gbalphaOS =   0.86781, gbbetaOS  =   0.87664,  gbgammaOS =    0.38788
     gbalphaP  =   1.00000, gbbetaP   =   0.80000,  gbgammaP  =    4.85000
     gb_alpha_hnu  =   0.53705, gb_beta_hnu   =   0.36286,  gb_gamma_hnu  =    0.11670
     gb_alpha_cnu  =   0.33167, gb_beta_cnu   =   0.19684,  gb_gamma_cnu  =    0.09342
     gb_alpha_nnu  =   0.68631, gb_beta_nnu   =   0.46319,  gb_gamma_nnu  =    0.13872
     gb_alpha_onu  =   0.60634, gb_beta_onu   =   0.46301,  gb_gamma_onu  =    0.14226
     gb_alpha_pnu  =   0.41836, gb_beta_pnu   =   0.29005,  gb_gamma_pnu  =    0.10642

Frozen or restrained atoms:
     ibelly  =       0, ntr     =       1
     restraint_wt =  10.00000

Energy minimization:
     maxcyc  =    1000, ncyc    =      10, ntmin   =       1
     dx0     =   0.01000, drms    =   0.00010
|  INFO: Old style inpcrd file read


    LOADING THE CONSTRAINED ATOMS AS GROUPS


   5.  REFERENCE ATOM COORDINATES

  defa
     Mask !@H=; matches   799 atoms

--------------------------------------------------------------------------------
   3.  ATOMIC COORDINATES AND VELOCITIES
--------------------------------------------------------------------------------

default_name                                                                    
 begin time read from input coords =     0.000 ps

 Number of triangulated 3-point waters found:        0

--------------------------------------------------------------------------------
   4.  RESULTS
--------------------------------------------------------------------------------



   NSTEP       ENERGY          RMS            GMAX         NAME    NUMBER
      1      -2.1887E+03     9.0944E+00     5.9850E+01     OE1       730

 BOND    =       69.2385  ANGLE   =      211.4058  DIHED      =     1084.8072
 VDWAALS =     -657.0159  EEL     =    -7342.3703  EGB        =    -1695.4682
 1-4 VDW =      446.6652  1-4 EEL =     5694.0519  RESTRAINT  =        0.0000


   NSTEP       ENERGY          RMS            GMAX         NAME    NUMBER
    100      -2.5626E+03     4.1659E-01     3.9184E+00     CE2       650

 BOND    =       31.2237  ANGLE   =      209.1880  DIHED      =     1087.8942
 VDWAALS =     -813.0371  EEL     =    -7355.1321  EGB        =    -1709.1323
 1-4 VDW =      333.6747  1-4 EEL =     5608.2408  RESTRAINT  =       44.5107
 EAMBER  =    -2607.0801


   NSTEP       ENERGY          RMS            GMAX         NAME    NUMBER
    200      -2.5750E+03     5.3976E-01     7.0150E+00     CD        729

 BOND    =       32.4283  ANGLE   =      211.6641  DIHED      =     1086.8576
 VDWAALS =     -816.1857  EEL     =    -7365.8987  EGB        =    -1708.7122
 1-4 VDW =      331.8661  1-4 EEL =     5605.6951  RESTRAINT  =       47.2650
 EAMBER  =    -2622.2853


   NSTEP       ENERGY          RMS            GMAX         NAME    NUMBER
    300      -2.5818E+03     1.3101E-01     1.7850E+00     HG1      1389

 BOND    =       31.1073  ANGLE   =      209.2051  DIHED      =     1085.1492
 VDWAALS =     -815.1814  EEL     =    -7374.3724  EGB        =    -1706.6375
 1-4 VDW =      334.1365  1-4 EEL =     5609.1990  RESTRAINT  =       45.6170
 EAMBER  =    -2627.3941


   NSTEP       ENERGY          RMS            GMAX         NAME    NUMBER
    400      -2.5880E+03     1.3162E-01     2.8873E+00     HH       1165

 BOND    =       31.2009  ANGLE   =      209.3009  DIHED      =     1086.7703
 VDWAALS =     -814.7732  EEL     =    -7383.0563  EGB        =    -1707.0084
 1-4 VDW =      333.7764  1-4 EEL =     5609.9319  RESTRAINT  =       45.8135
 EAMBER  =    -2633.8577


   NSTEP       ENERGY          RMS            GMAX         NAME    NUMBER
    500      -2.5886E+03     6.2019E-03     6.7034E-02     O        1150

 BOND    =       30.8899  ANGLE   =      208.4697  DIHED      =     1085.9723
 VDWAALS =     -814.5764  EEL     =    -7382.7740  EGB        =    -1706.9067
 1-4 VDW =      334.7658  1-4 EEL =     5610.3728  RESTRAINT  =       45.1904
 EAMBER  =    -2633.7865


   NSTEP       ENERGY          RMS            GMAX         NAME    NUMBER
    600      -2.5886E+03     1.8849E-03     3.8400E-02     CD        193

 BOND    =       30.8803  ANGLE   =      208.4326  DIHED      =     1085.9800
 VDWAALS =     -814.5924  EEL     =    -7382.7665  EGB        =    -1706.9135
 1-4 VDW =      334.8160  1-4 EEL =     5610.3846  RESTRAINT  =       45.1811
 EAMBER  =    -2633.7790


   NSTEP       ENERGY          RMS            GMAX         NAME    NUMBER
    700      -2.5886E+03     5.0251E-04     1.0067E-02     CA       1143

 BOND    =       30.8795  ANGLE   =      208.4318  DIHED      =     1085.9853
 VDWAALS =     -814.5984  EEL     =    -7382.7653  EGB        =    -1706.9155
 1-4 VDW =      334.8182  1-4 EEL =     5610.3839  RESTRAINT  =       45.1825
 EAMBER  =    -2633.7805


   NSTEP       ENERGY          RMS            GMAX         NAME    NUMBER
    800      -2.5886E+03     2.2087E-04     2.8802E-03     HA       1154

 BOND    =       30.8791  ANGLE   =      208.4310  DIHED      =     1085.9860
 VDWAALS =     -814.5992  EEL     =    -7382.7651  EGB        =    -1706.9155
 1-4 VDW =      334.8195  1-4 EEL =     5610.3838  RESTRAINT  =       45.1824
 EAMBER  =    -2633.7804


                    FINAL RESULTS



   NSTEP       ENERGY          RMS            GMAX         NAME    NUMBER
    823      -2.5886E+03     8.5243E-05     7.6418E-04     CZ       1163

 BOND    =       30.8790  ANGLE   =      208.4308  DIHED      =     1085.9864
 VDWAALS =     -814.5999  EEL     =    -7382.7653  EGB        =    -1706.9155
 1-4 VDW =      334.8198  1-4 EEL =     5610.3837  RESTRAINT  =       45.1827
 EAMBER  =    -2633.7808

--------------------------------------------------------------------------------
   5.  TIMINGS
--------------------------------------------------------------------------------

|                Calc gb radii             49.19 (19.99% of Gen B)
|                Calc gb diag              93.83 (38.13% of Gen B)
|                Calc gb off-diag         103.07 (41.88% of Gen B)
|             Gen Born time            246.10 (100.0% of Nonbo)
|          Nonbond force            246.10 (99.31% of Force)
|          Bond/Angle/Dihedral        1.71 ( 0.69% of Force)
|          Other                      0.01 ( 0.01% of Force)
|       Force time               247.82 (100.0% of Runmd)
|    Runmd Time               247.82 (99.69% of Total)
|    Other                      0.76 ( 0.31% of Total)
| Total time               248.58 (100.0% of ALL  )

| Number of list builds   :          0

| Highest rstack allocated:          0
| Highest istack allocated:          0
|           Job began  at 13:59:32.047  on 02/03/2016
|           Setup done at 13:59:32.162  on 02/03/2016
|           Run   done at 14:03:40.627  on 02/03/2016
|     wallclock() was called   14842 times
