
          -------------------------------------------------------
          Amber 14 SANDER                              2014
          -------------------------------------------------------

| Run on 02/03/2016 at 13:31:48

|   Executable path: sander
| Working directory: /lustre/cs1500/scratch/kmb413/RealDecoyDisc/DecoyDiscrimination/decoys.set2.init/1aaj/Rosetta_relaxed
|          Hostname: slepner43


File Assignments:
|  MDIN: /scratch/kmb413/RealDecoyDisc/DecoyDiscrimination/scripts/min/min.in  
| MDOUT: NoH_5_empty_tag_1472_0001_0001.out                                    
|INPCRD: NoH_5_empty_tag_1472_0001_0001.rst7                                   
|  PARM: NoH_5_empty_tag_1472_0001_0001.parm7                                  
|RESTRT: min_NoH_5_empty_tag_1472_0001_0001.rst7                               
|  REFC: NoH_5_empty_tag_1472_0001_0001.rst7                                   
| MDVEL: mdvel                                                                 
| MDFRC: mdfrc                                                                 
|  MDEN: mden                                                                  
| MDCRD: mdcrd                                                                 
|MDINFO: mdinfo                                                                
|  MTMD: mtmd                                                                  
|INPDIP: inpdip                                                                
|RSTDIP: rstdip                                                                
|INPTRA: inptraj                                                               


 Here is the input file:

                                                                               
&cntrl                                                                         
    imin = 1, maxcyc=1000,                                                     
    ntx = 1,                                                                   
    ntwr = 100, ntpr = 100,                                                    
    cut = 999.0,                                                               
    ntb = 0, igb = 8,                                                          
    ntr = 1, restraint_wt = 10, restraintmask = "!@H=",                        
/                                                                              

--------------------------------------------------------------------------------
   1.  RESOURCE   USE: 
--------------------------------------------------------------------------------

| Flags:                                                                        
| New format PARM file being parsed.
| Version =    1.000 Date = 02/03/16 Time = 11:52:56
 NATOM  =    1590 NTYPES =      14 NBONH =     791 MBONA  =     820
 NTHETH =    1812 MTHETA =    1115 NPHIH =    3578 MPHIA  =    3525
 NHPARM =       0 NPARM  =       0 NNB   =    8805 NRES   =     104
 NBONA  =     820 NTHETA =    1115 NPHIA =    3525 NUMBND =      65
 NUMANG =     152 NPTRA  =     189 NATYP =      33 NPHB   =       0
 IFBOX  =       0 NMXRS  =      24 IFCAP =       0 NEXTRA =       0
 NCOPY  =       0

 Implicit solvent radii are ArgH and AspGluO modified Bondi2 radii (mbondi3)                                
 Replacing prmtop screening parameters with GBn2 (igb=8) values

|     Memory Use     Allocated
|     Real              145027
|     Hollerith           4876
|     Integer           109197
|     Max Pairs              1
|     nblistReal             0
|     nblist Int             0
|       Total             1578 kbytes

| Note: 1-4 EEL scale factors are being read from the topology file.

| Note: 1-4 VDW scale factors are being read from the topology file.
| Duplicated    0 dihedrals
| Duplicated    0 dihedrals

--------------------------------------------------------------------------------
   2.  CONTROL  DATA  FOR  THE  RUN
--------------------------------------------------------------------------------

default_name                                                                    

General flags:
     imin    =       1, nmropt  =       0

Nature and format of input:
     ntx     =       1, irest   =       0, ntrx    =       1

Nature and format of output:
     ntxo    =       1, ntpr    =     100, ntrx    =       1, ntwr    =     100
     iwrap   =       0, ntwx    =       0, ntwv    =       0, ntwe    =       0
     ioutfm  =       0, ntwprt  =       0, idecomp =       0, rbornstat=      0

Potential function:
     ntf     =       1, ntb     =       0, igb     =       8, nsnb    =      25
     ipol    =       0, gbsa    =       0, iesp    =       0
     dielc   =   1.00000, cut     = 999.00000, intdiel =   1.00000
     saltcon =   0.00000, offset  =   0.19514, surften =   0.00500
     rdt     =   0.00000, rgbmax  =  25.00000  extdiel =  78.50000
     alpb  =        0
     gbalphaH  =   0.78844, gbbetaH   =   0.79870,  gbgammaH  =    0.43733
     gbalphaC  =   0.73376, gbbetaC   =   0.50638,  gbgammaC  =    0.20584
     gbalphaN  =   0.50336, gbbetaN   =   0.31683,  gbgammaN  =    0.19292
     gbalphaOS =   0.86781, gbbetaOS  =   0.87664,  gbgammaOS =    0.38788
     gbalphaP  =   1.00000, gbbetaP   =   0.80000,  gbgammaP  =    4.85000
     gb_alpha_hnu  =   0.53705, gb_beta_hnu   =   0.36286,  gb_gamma_hnu  =    0.11670
     gb_alpha_cnu  =   0.33167, gb_beta_cnu   =   0.19684,  gb_gamma_cnu  =    0.09342
     gb_alpha_nnu  =   0.68631, gb_beta_nnu   =   0.46319,  gb_gamma_nnu  =    0.13872
     gb_alpha_onu  =   0.60634, gb_beta_onu   =   0.46301,  gb_gamma_onu  =    0.14226
     gb_alpha_pnu  =   0.41836, gb_beta_pnu   =   0.29005,  gb_gamma_pnu  =    0.10642

Frozen or restrained atoms:
     ibelly  =       0, ntr     =       1
     restraint_wt =  10.00000

Energy minimization:
     maxcyc  =    1000, ncyc    =      10, ntmin   =       1
     dx0     =   0.01000, drms    =   0.00010
|  INFO: Old style inpcrd file read


    LOADING THE CONSTRAINED ATOMS AS GROUPS


   5.  REFERENCE ATOM COORDINATES

  defa
     Mask !@H=; matches   799 atoms

--------------------------------------------------------------------------------
   3.  ATOMIC COORDINATES AND VELOCITIES
--------------------------------------------------------------------------------

default_name                                                                    
 begin time read from input coords =     0.000 ps

 Number of triangulated 3-point waters found:        0

--------------------------------------------------------------------------------
   4.  RESULTS
--------------------------------------------------------------------------------



   NSTEP       ENERGY          RMS            GMAX         NAME    NUMBER
      1      -2.2190E+03     9.0205E+00     6.2634E+01     OE1       945

 BOND    =       69.5181  ANGLE   =      211.0847  DIHED      =     1071.4381
 VDWAALS =     -672.0181  EEL     =    -7300.9987  EGB        =    -1751.3158
 1-4 VDW =      436.8674  1-4 EEL =     5716.4032  RESTRAINT  =        0.0000


   NSTEP       ENERGY          RMS            GMAX         NAME    NUMBER
    100      -2.5705E+03     3.0592E-01     3.8311E+00     CG        311

 BOND    =       30.8697  ANGLE   =      203.7214  DIHED      =     1076.6781
 VDWAALS =     -799.4312  EEL     =    -7325.5726  EGB        =    -1766.8180
 1-4 VDW =      329.7957  1-4 EEL =     5639.1709  RESTRAINT  =       41.0601
 EAMBER  =    -2611.5862


   NSTEP       ENERGY          RMS            GMAX         NAME    NUMBER
    200      -2.5842E+03     9.0525E-01     2.2066E+01     HG1      1213

 BOND    =       33.3760  ANGLE   =      208.0442  DIHED      =     1076.0302
 VDWAALS =     -802.2296  EEL     =    -7354.7505  EGB        =    -1757.1860
 1-4 VDW =      327.0993  1-4 EEL =     5641.0641  RESTRAINT  =       44.3938
 EAMBER  =    -2628.5524


   NSTEP       ENERGY          RMS            GMAX         NAME    NUMBER
    300      -2.5903E+03     1.4989E-01     1.6806E+00     CG2      1208

 BOND    =       31.3993  ANGLE   =      205.1026  DIHED      =     1073.6031
 VDWAALS =     -800.6435  EEL     =    -7357.5798  EGB        =    -1756.6452
 1-4 VDW =      329.6769  1-4 EEL =     5642.0478  RESTRAINT  =       42.7317
 EAMBER  =    -2633.0388


   NSTEP       ENERGY          RMS            GMAX         NAME    NUMBER
    400      -2.5907E+03     3.0854E-02     4.1177E-01     OG1       604

 BOND    =       31.2245  ANGLE   =      204.6638  DIHED      =     1073.2165
 VDWAALS =     -800.7524  EEL     =    -7357.3853  EGB        =    -1756.6510
 1-4 VDW =      330.1634  1-4 EEL =     5642.2517  RESTRAINT  =       42.5647
 EAMBER  =    -2633.2686


   NSTEP       ENERGY          RMS            GMAX         NAME    NUMBER
    500      -2.5907E+03     9.8675E-03     2.1254E-01     CD        193

 BOND    =       31.1885  ANGLE   =      204.5985  DIHED      =     1073.1984
 VDWAALS =     -800.7850  EEL     =    -7357.4482  EGB        =    -1756.6046
 1-4 VDW =      330.2593  1-4 EEL =     5642.3165  RESTRAINT  =       42.5556
 EAMBER  =    -2633.2767


   NSTEP       ENERGY          RMS            GMAX         NAME    NUMBER
    600      -2.5907E+03     6.1003E-03     1.1491E-01     CD        103

 BOND    =       31.1807  ANGLE   =      204.5757  DIHED      =     1073.2001
 VDWAALS =     -800.7999  EEL     =    -7357.4989  EGB        =    -1756.5748
 1-4 VDW =      330.2902  1-4 EEL =     5642.3471  RESTRAINT  =       42.5568
 EAMBER  =    -2633.2799


   NSTEP       ENERGY          RMS            GMAX         NAME    NUMBER
    700      -2.5907E+03     7.0554E-04     8.5656E-03     CG        311

 BOND    =       31.1744  ANGLE   =      204.5767  DIHED      =     1073.2015
 VDWAALS =     -800.8039  EEL     =    -7357.5170  EGB        =    -1756.5614
 1-4 VDW =      330.2966  1-4 EEL =     5642.3513  RESTRAINT  =       42.5585
 EAMBER  =    -2633.2819


   NSTEP       ENERGY          RMS            GMAX         NAME    NUMBER
    800      -2.5907E+03     8.2935E-04     9.5380E-03     C          23

 BOND    =       31.1751  ANGLE   =      204.5778  DIHED      =     1073.2024
 VDWAALS =     -800.8070  EEL     =    -7357.5262  EGB        =    -1756.5559
 1-4 VDW =      330.2954  1-4 EEL =     5642.3535  RESTRAINT  =       42.5615
 EAMBER  =    -2633.2850


   NSTEP       ENERGY          RMS            GMAX         NAME    NUMBER
    900      -2.5907E+03     2.0070E-04     3.4081E-03     CG        311

 BOND    =       31.1751  ANGLE   =      204.5781  DIHED      =     1073.2027
 VDWAALS =     -800.8077  EEL     =    -7357.5288  EGB        =    -1756.5550
 1-4 VDW =      330.2956  1-4 EEL =     5642.3544  RESTRAINT  =       42.5622
 EAMBER  =    -2633.2857


                    FINAL RESULTS



   NSTEP       ENERGY          RMS            GMAX         NAME    NUMBER
    944      -2.5907E+03     9.2427E-05     1.0893E-03     HE3      1003

 BOND    =       31.1750  ANGLE   =      204.5782  DIHED      =     1073.2028
 VDWAALS =     -800.8081  EEL     =    -7357.5302  EGB        =    -1756.5544
 1-4 VDW =      330.2956  1-4 EEL =     5642.3548  RESTRAINT  =       42.5626
 EAMBER  =    -2633.2861

--------------------------------------------------------------------------------
   5.  TIMINGS
--------------------------------------------------------------------------------

|                Calc gb radii             56.29 (20.42% of Gen B)
|                Calc gb diag             104.79 (38.01% of Gen B)
|                Calc gb off-diag         114.63 (41.58% of Gen B)
|             Gen Born time            275.72 (100.0% of Nonbo)
|          Nonbond force            275.72 (99.29% of Force)
|          Bond/Angle/Dihedral        1.95 ( 0.70% of Force)
|          Other                      0.02 ( 0.01% of Force)
|       Force time               277.69 (100.0% of Runmd)
|    Runmd Time               277.69 (99.75% of Total)
|    Other                      0.71 ( 0.25% of Total)
| Total time               278.40 (100.0% of ALL  )

| Number of list builds   :          0

| Highest rstack allocated:          0
| Highest istack allocated:          0
|           Job began  at 13:31:48.657  on 02/03/2016
|           Setup done at 13:31:48.739  on 02/03/2016
|           Run   done at 13:36:27.056  on 02/03/2016
|     wallclock() was called   17020 times
