
          -------------------------------------------------------
          Amber 14 SANDER                              2014
          -------------------------------------------------------

| Run on 02/03/2016 at 14:00:40

|   Executable path: sander
| Working directory: /lustre/cs1500/scratch/kmb413/RealDecoyDisc/DecoyDiscrimination/decoys.set2.init/1aaj/Rosetta_relaxed
|          Hostname: slepner1


File Assignments:
|  MDIN: /scratch/kmb413/RealDecoyDisc/DecoyDiscrimination/scripts/min/min.in  
| MDOUT: NoH_1_empty_tag_1_379_0001.out                                        
|INPCRD: NoH_1_empty_tag_1_379_0001.rst7                                       
|  PARM: NoH_1_empty_tag_1_379_0001.parm7                                      
|RESTRT: min_NoH_1_empty_tag_1_379_0001.rst7                                   
|  REFC: NoH_1_empty_tag_1_379_0001.rst7                                       
| MDVEL: mdvel                                                                 
| MDFRC: mdfrc                                                                 
|  MDEN: mden                                                                  
| MDCRD: mdcrd                                                                 
|MDINFO: mdinfo                                                                
|  MTMD: mtmd                                                                  
|INPDIP: inpdip                                                                
|RSTDIP: rstdip                                                                
|INPTRA: inptraj                                                               


 Here is the input file:

                                                                               
&cntrl                                                                         
    imin = 1, maxcyc=1000,                                                     
    ntx = 1,                                                                   
    ntwr = 100, ntpr = 100,                                                    
    cut = 999.0,                                                               
    ntb = 0, igb = 8,                                                          
    ntr = 1, restraint_wt = 10, restraintmask = "!@H=",                        
/                                                                              

--------------------------------------------------------------------------------
   1.  RESOURCE   USE: 
--------------------------------------------------------------------------------

| Flags:                                                                        
| New format PARM file being parsed.
| Version =    1.000 Date = 02/03/16 Time = 11:45:00
 NATOM  =    1590 NTYPES =      14 NBONH =     791 MBONA  =     820
 NTHETH =    1812 MTHETA =    1115 NPHIH =    3578 MPHIA  =    3525
 NHPARM =       0 NPARM  =       0 NNB   =    8805 NRES   =     104
 NBONA  =     820 NTHETA =    1115 NPHIA =    3525 NUMBND =      65
 NUMANG =     152 NPTRA  =     189 NATYP =      33 NPHB   =       0
 IFBOX  =       0 NMXRS  =      24 IFCAP =       0 NEXTRA =       0
 NCOPY  =       0

 Implicit solvent radii are ArgH and AspGluO modified Bondi2 radii (mbondi3)                                
 Replacing prmtop screening parameters with GBn2 (igb=8) values

|     Memory Use     Allocated
|     Real              145027
|     Hollerith           4876
|     Integer           109197
|     Max Pairs              1
|     nblistReal             0
|     nblist Int             0
|       Total             1578 kbytes

| Note: 1-4 EEL scale factors are being read from the topology file.

| Note: 1-4 VDW scale factors are being read from the topology file.
| Duplicated    0 dihedrals
| Duplicated    0 dihedrals

--------------------------------------------------------------------------------
   2.  CONTROL  DATA  FOR  THE  RUN
--------------------------------------------------------------------------------

default_name                                                                    

General flags:
     imin    =       1, nmropt  =       0

Nature and format of input:
     ntx     =       1, irest   =       0, ntrx    =       1

Nature and format of output:
     ntxo    =       1, ntpr    =     100, ntrx    =       1, ntwr    =     100
     iwrap   =       0, ntwx    =       0, ntwv    =       0, ntwe    =       0
     ioutfm  =       0, ntwprt  =       0, idecomp =       0, rbornstat=      0

Potential function:
     ntf     =       1, ntb     =       0, igb     =       8, nsnb    =      25
     ipol    =       0, gbsa    =       0, iesp    =       0
     dielc   =   1.00000, cut     = 999.00000, intdiel =   1.00000
     saltcon =   0.00000, offset  =   0.19514, surften =   0.00500
     rdt     =   0.00000, rgbmax  =  25.00000  extdiel =  78.50000
     alpb  =        0
     gbalphaH  =   0.78844, gbbetaH   =   0.79870,  gbgammaH  =    0.43733
     gbalphaC  =   0.73376, gbbetaC   =   0.50638,  gbgammaC  =    0.20584
     gbalphaN  =   0.50336, gbbetaN   =   0.31683,  gbgammaN  =    0.19292
     gbalphaOS =   0.86781, gbbetaOS  =   0.87664,  gbgammaOS =    0.38788
     gbalphaP  =   1.00000, gbbetaP   =   0.80000,  gbgammaP  =    4.85000
     gb_alpha_hnu  =   0.53705, gb_beta_hnu   =   0.36286,  gb_gamma_hnu  =    0.11670
     gb_alpha_cnu  =   0.33167, gb_beta_cnu   =   0.19684,  gb_gamma_cnu  =    0.09342
     gb_alpha_nnu  =   0.68631, gb_beta_nnu   =   0.46319,  gb_gamma_nnu  =    0.13872
     gb_alpha_onu  =   0.60634, gb_beta_onu   =   0.46301,  gb_gamma_onu  =    0.14226
     gb_alpha_pnu  =   0.41836, gb_beta_pnu   =   0.29005,  gb_gamma_pnu  =    0.10642

Frozen or restrained atoms:
     ibelly  =       0, ntr     =       1
     restraint_wt =  10.00000

Energy minimization:
     maxcyc  =    1000, ncyc    =      10, ntmin   =       1
     dx0     =   0.01000, drms    =   0.00010
|  INFO: Old style inpcrd file read


    LOADING THE CONSTRAINED ATOMS AS GROUPS


   5.  REFERENCE ATOM COORDINATES

  defa
     Mask !@H=; matches   799 atoms

--------------------------------------------------------------------------------
   3.  ATOMIC COORDINATES AND VELOCITIES
--------------------------------------------------------------------------------

default_name                                                                    
 begin time read from input coords =     0.000 ps

 Number of triangulated 3-point waters found:        0

--------------------------------------------------------------------------------
   4.  RESULTS
--------------------------------------------------------------------------------



   NSTEP       ENERGY          RMS            GMAX         NAME    NUMBER
      1      -2.0709E+03     8.8512E+00     6.2544E+01     OE1      1120

 BOND    =       69.9528  ANGLE   =      211.4453  DIHED      =     1067.3245
 VDWAALS =     -481.9906  EEL     =    -6971.5543  EGB        =    -2139.4025
 1-4 VDW =      449.2711  1-4 EEL =     5724.0757  RESTRAINT  =        0.0000


   NSTEP       ENERGY          RMS            GMAX         NAME    NUMBER
    100      -2.3991E+03     2.5801E-01     2.1299E+00     OD2       591

 BOND    =       31.2303  ANGLE   =      202.4992  DIHED      =     1073.1362
 VDWAALS =     -591.6205  EEL     =    -6955.2844  EGB        =    -2166.1330
 1-4 VDW =      335.3104  1-4 EEL =     5632.5054  RESTRAINT  =       39.2280
 EAMBER  =    -2438.3563


   NSTEP       ENERGY          RMS            GMAX         NAME    NUMBER
    200      -2.4015E+03     2.9485E-01     8.4544E+00     H1          2

 BOND    =       31.9059  ANGLE   =      203.9536  DIHED      =     1072.7765
 VDWAALS =     -594.7428  EEL     =    -6955.2304  EGB        =    -2166.7139
 1-4 VDW =      334.0815  1-4 EEL =     5630.7149  RESTRAINT  =       41.8027
 EAMBER  =    -2443.2547


   NSTEP       ENERGY          RMS            GMAX         NAME    NUMBER
    300      -2.4030E+03     4.3903E-02     8.0739E-01     CA          5

 BOND    =       31.2790  ANGLE   =      202.9244  DIHED      =     1071.0666
 VDWAALS =     -593.8790  EEL     =    -6954.4470  EGB        =    -2167.0260
 1-4 VDW =      335.0775  1-4 EEL =     5631.0284  RESTRAINT  =       40.9702
 EAMBER  =    -2443.9761


   NSTEP       ENERGY          RMS            GMAX         NAME    NUMBER
    400      -2.4030E+03     7.3874E-03     1.6028E-01     CD       1585

 BOND    =       31.1935  ANGLE   =      202.7731  DIHED      =     1070.9725
 VDWAALS =     -593.7294  EEL     =    -6954.5330  EGB        =    -2166.9626
 1-4 VDW =      335.2746  1-4 EEL =     5631.1527  RESTRAINT  =       40.8315
 EAMBER  =    -2443.8586


   NSTEP       ENERGY          RMS            GMAX         NAME    NUMBER
    500      -2.4030E+03     2.9337E-04     4.3006E-03     CA          5

 BOND    =       31.1853  ANGLE   =      202.7671  DIHED      =     1070.9653
 VDWAALS =     -593.7147  EEL     =    -6954.5548  EGB        =    -2166.9514
 1-4 VDW =      335.2934  1-4 EEL =     5631.1629  RESTRAINT  =       40.8193
 EAMBER  =    -2443.8469


   NSTEP       ENERGY          RMS            GMAX         NAME    NUMBER
    600      -2.4030E+03     2.1041E-04     3.7038E-03     CA          5

 BOND    =       31.1857  ANGLE   =      202.7674  DIHED      =     1070.9651
 VDWAALS =     -593.7151  EEL     =    -6954.5552  EGB        =    -2166.9507
 1-4 VDW =      335.2933  1-4 EEL =     5631.1625  RESTRAINT  =       40.8195
 EAMBER  =    -2443.8471


                    FINAL RESULTS



   NSTEP       ENERGY          RMS            GMAX         NAME    NUMBER
    648      -2.4030E+03     8.8979E-05     1.2754E-03     HE2        17

 BOND    =       31.1856  ANGLE   =      202.7678  DIHED      =     1070.9650
 VDWAALS =     -593.7153  EEL     =    -6954.5554  EGB        =    -2166.9505
 1-4 VDW =      335.2933  1-4 EEL =     5631.1623  RESTRAINT  =       40.8196
 EAMBER  =    -2443.8472

--------------------------------------------------------------------------------
   5.  TIMINGS
--------------------------------------------------------------------------------

|                Calc gb radii             28.91 (18.18% of Gen B)
|                Calc gb diag              51.44 (32.34% of Gen B)
|                Calc gb off-diag          78.70 (49.48% of Gen B)
|             Gen Born time            159.05 (100.0% of Nonbo)
|          Nonbond force            159.05 (99.15% of Force)
|          Bond/Angle/Dihedral        1.35 ( 0.84% of Force)
|          Other                      0.01 ( 0.01% of Force)
|       Force time               160.42 (100.0% of Runmd)
|    Runmd Time               160.42 (99.82% of Total)
|    Other                      0.28 ( 0.17% of Total)
| Total time               160.70 (100.0% of ALL  )

| Number of list builds   :          0

| Highest rstack allocated:          0
| Highest istack allocated:          0
|           Job began  at 14:00:40.944  on 02/03/2016
|           Setup done at 14:00:41.000  on 02/03/2016
|           Run   done at 14:03:21.643  on 02/03/2016
|     wallclock() was called   11692 times
