
          -------------------------------------------------------
          Amber 14 SANDER                              2014
          -------------------------------------------------------

| Run on 02/03/2016 at 12:24:18

|   Executable path: sander
| Working directory: /lustre/cs1500/scratch/kmb413/RealDecoyDisc/DecoyDiscrimination/decoys.set2.init/1aaj/Rosetta_relaxed
|          Hostname: slepner15


File Assignments:
|  MDIN: /scratch/kmb413/RealDecoyDisc/DecoyDiscrimination/scripts/min/min.in  
| MDOUT: NoH_3_empty_tag_1633_0001_0001.out                                    
|INPCRD: NoH_3_empty_tag_1633_0001_0001.rst7                                   
|  PARM: NoH_3_empty_tag_1633_0001_0001.parm7                                  
|RESTRT: min_NoH_3_empty_tag_1633_0001_0001.rst7                               
|  REFC: NoH_3_empty_tag_1633_0001_0001.rst7                                   
| MDVEL: mdvel                                                                 
| MDFRC: mdfrc                                                                 
|  MDEN: mden                                                                  
| MDCRD: mdcrd                                                                 
|MDINFO: mdinfo                                                                
|  MTMD: mtmd                                                                  
|INPDIP: inpdip                                                                
|RSTDIP: rstdip                                                                
|INPTRA: inptraj                                                               


 Here is the input file:

                                                                               
&cntrl                                                                         
    imin = 1, maxcyc=1000,                                                     
    ntx = 1,                                                                   
    ntwr = 100, ntpr = 100,                                                    
    cut = 999.0,                                                               
    ntb = 0, igb = 8,                                                          
    ntr = 1, restraint_wt = 10, restraintmask = "!@H=",                        
/                                                                              

--------------------------------------------------------------------------------
   1.  RESOURCE   USE: 
--------------------------------------------------------------------------------

| Flags:                                                                        
| New format PARM file being parsed.
| Version =    1.000 Date = 02/03/16 Time = 11:49:30
 NATOM  =    1590 NTYPES =      14 NBONH =     791 MBONA  =     820
 NTHETH =    1812 MTHETA =    1115 NPHIH =    3578 MPHIA  =    3525
 NHPARM =       0 NPARM  =       0 NNB   =    8805 NRES   =     104
 NBONA  =     820 NTHETA =    1115 NPHIA =    3525 NUMBND =      65
 NUMANG =     152 NPTRA  =     189 NATYP =      33 NPHB   =       0
 IFBOX  =       0 NMXRS  =      24 IFCAP =       0 NEXTRA =       0
 NCOPY  =       0

 Implicit solvent radii are ArgH and AspGluO modified Bondi2 radii (mbondi3)                                
 Replacing prmtop screening parameters with GBn2 (igb=8) values

|     Memory Use     Allocated
|     Real              145027
|     Hollerith           4876
|     Integer           109197
|     Max Pairs              1
|     nblistReal             0
|     nblist Int             0
|       Total             1578 kbytes

| Note: 1-4 EEL scale factors are being read from the topology file.

| Note: 1-4 VDW scale factors are being read from the topology file.
| Duplicated    0 dihedrals
| Duplicated    0 dihedrals

--------------------------------------------------------------------------------
   2.  CONTROL  DATA  FOR  THE  RUN
--------------------------------------------------------------------------------

default_name                                                                    

General flags:
     imin    =       1, nmropt  =       0

Nature and format of input:
     ntx     =       1, irest   =       0, ntrx    =       1

Nature and format of output:
     ntxo    =       1, ntpr    =     100, ntrx    =       1, ntwr    =     100
     iwrap   =       0, ntwx    =       0, ntwv    =       0, ntwe    =       0
     ioutfm  =       0, ntwprt  =       0, idecomp =       0, rbornstat=      0

Potential function:
     ntf     =       1, ntb     =       0, igb     =       8, nsnb    =      25
     ipol    =       0, gbsa    =       0, iesp    =       0
     dielc   =   1.00000, cut     = 999.00000, intdiel =   1.00000
     saltcon =   0.00000, offset  =   0.19514, surften =   0.00500
     rdt     =   0.00000, rgbmax  =  25.00000  extdiel =  78.50000
     alpb  =        0
     gbalphaH  =   0.78844, gbbetaH   =   0.79870,  gbgammaH  =    0.43733
     gbalphaC  =   0.73376, gbbetaC   =   0.50638,  gbgammaC  =    0.20584
     gbalphaN  =   0.50336, gbbetaN   =   0.31683,  gbgammaN  =    0.19292
     gbalphaOS =   0.86781, gbbetaOS  =   0.87664,  gbgammaOS =    0.38788
     gbalphaP  =   1.00000, gbbetaP   =   0.80000,  gbgammaP  =    4.85000
     gb_alpha_hnu  =   0.53705, gb_beta_hnu   =   0.36286,  gb_gamma_hnu  =    0.11670
     gb_alpha_cnu  =   0.33167, gb_beta_cnu   =   0.19684,  gb_gamma_cnu  =    0.09342
     gb_alpha_nnu  =   0.68631, gb_beta_nnu   =   0.46319,  gb_gamma_nnu  =    0.13872
     gb_alpha_onu  =   0.60634, gb_beta_onu   =   0.46301,  gb_gamma_onu  =    0.14226
     gb_alpha_pnu  =   0.41836, gb_beta_pnu   =   0.29005,  gb_gamma_pnu  =    0.10642

Frozen or restrained atoms:
     ibelly  =       0, ntr     =       1
     restraint_wt =  10.00000

Energy minimization:
     maxcyc  =    1000, ncyc    =      10, ntmin   =       1
     dx0     =   0.01000, drms    =   0.00010
|  INFO: Old style inpcrd file read


    LOADING THE CONSTRAINED ATOMS AS GROUPS


   5.  REFERENCE ATOM COORDINATES

  defa
     Mask !@H=; matches   799 atoms

--------------------------------------------------------------------------------
   3.  ATOMIC COORDINATES AND VELOCITIES
--------------------------------------------------------------------------------

default_name                                                                    
 begin time read from input coords =     0.000 ps

 Number of triangulated 3-point waters found:        0

--------------------------------------------------------------------------------
   4.  RESULTS
--------------------------------------------------------------------------------



   NSTEP       ENERGY          RMS            GMAX         NAME    NUMBER
      1      -2.2514E+03     9.0568E+00     6.2098E+01     OE2       731

 BOND    =       69.5158  ANGLE   =      211.4394  DIHED      =     1073.9218
 VDWAALS =     -643.2885  EEL     =    -7270.6759  EGB        =    -1829.0128
 1-4 VDW =      440.5766  1-4 EEL =     5696.1333  RESTRAINT  =        0.0000


   NSTEP       ENERGY          RMS            GMAX         NAME    NUMBER
    100      -2.6012E+03     4.9146E-01     5.9373E+00     CE2       650

 BOND    =       32.2423  ANGLE   =      208.0636  DIHED      =     1075.0163
 VDWAALS =     -775.3945  EEL     =    -7281.8122  EGB        =    -1837.8695
 1-4 VDW =      329.6097  1-4 EEL =     5609.4421  RESTRAINT  =       39.4970
 EAMBER  =    -2640.7022


   NSTEP       ENERGY          RMS            GMAX         NAME    NUMBER
    200      -2.6090E+03     1.3851E-01     2.2946E+00     H2          3

 BOND    =       31.7569  ANGLE   =      207.0625  DIHED      =     1072.5781
 VDWAALS =     -778.1474  EEL     =    -7291.5726  EGB        =    -1834.0823
 1-4 VDW =      330.7677  1-4 EEL =     5612.3139  RESTRAINT  =       40.2855
 EAMBER  =    -2649.3233


   NSTEP       ENERGY          RMS            GMAX         NAME    NUMBER
    300      -2.6150E+03     1.6926E-01     5.4462E+00     HB2      1177

 BOND    =       31.9535  ANGLE   =      207.4075  DIHED      =     1072.3638
 VDWAALS =     -777.8058  EEL     =    -7301.1482  EGB        =    -1830.7672
 1-4 VDW =      330.5920  1-4 EEL =     5611.8375  RESTRAINT  =       40.6060
 EAMBER  =    -2655.5668


   NSTEP       ENERGY          RMS            GMAX         NAME    NUMBER
    400      -2.6157E+03     5.8960E-02     1.0483E+00     CD        729

 BOND    =       31.6845  ANGLE   =      206.5111  DIHED      =     1072.1511
 VDWAALS =     -776.9596  EEL     =    -7303.1245  EGB        =    -1830.3838
 1-4 VDW =      331.5054  1-4 EEL =     5612.8567  RESTRAINT  =       40.0442
 EAMBER  =    -2655.7591


   NSTEP       ENERGY          RMS            GMAX         NAME    NUMBER
    500      -2.6169E+03     1.4626E-01     3.2204E+00     HG1       635

 BOND    =       31.9444  ANGLE   =      207.0180  DIHED      =     1070.9816
 VDWAALS =     -777.9161  EEL     =    -7305.7231  EGB        =    -1828.5825
 1-4 VDW =      330.8291  1-4 EEL =     5613.9105  RESTRAINT  =       40.6729
 EAMBER  =    -2657.5380


   NSTEP       ENERGY          RMS            GMAX         NAME    NUMBER
    600      -2.6173E+03     7.2556E-03     1.0297E-01     CG2       630

 BOND    =       31.5675  ANGLE   =      206.4025  DIHED      =     1070.4568
 VDWAALS =     -777.1330  EEL     =    -7306.0557  EGB        =    -1828.5865
 1-4 VDW =      331.7332  1-4 EEL =     5614.2548  RESTRAINT  =       40.0163
 EAMBER  =    -2657.3603


   NSTEP       ENERGY          RMS            GMAX         NAME    NUMBER
    700      -2.6173E+03     2.8073E-04     3.2845E-03     HG23      633

 BOND    =       31.5518  ANGLE   =      206.3835  DIHED      =     1070.4437
 VDWAALS =     -777.1044  EEL     =    -7306.0563  EGB        =    -1828.5898
 1-4 VDW =      331.7706  1-4 EEL =     5614.2612  RESTRAINT  =       39.9948
 EAMBER  =    -2657.3398


                    FINAL RESULTS



   NSTEP       ENERGY          RMS            GMAX         NAME    NUMBER
    798      -2.6173E+03     8.8056E-05     1.1971E-03     CD        729

 BOND    =       31.5522  ANGLE   =      206.3838  DIHED      =     1070.4447
 VDWAALS =     -777.1064  EEL     =    -7306.0559  EGB        =    -1828.5896
 1-4 VDW =      331.7697  1-4 EEL =     5614.2602  RESTRAINT  =       39.9961
 EAMBER  =    -2657.3411

--------------------------------------------------------------------------------
   5.  TIMINGS
--------------------------------------------------------------------------------

|                Calc gb radii             46.36 (20.29% of Gen B)
|                Calc gb diag              85.36 (37.37% of Gen B)
|                Calc gb off-diag          96.70 (42.33% of Gen B)
|             Gen Born time            228.42 (100.0% of Nonbo)
|          Nonbond force            228.42 (99.27% of Force)
|          Bond/Angle/Dihedral        1.66 ( 0.72% of Force)
|          Other                      0.01 ( 0.01% of Force)
|       Force time               230.10 (100.0% of Runmd)
|    Runmd Time               230.10 (99.70% of Total)
|    Other                      0.70 ( 0.30% of Total)
| Total time               230.80 (100.0% of ALL  )

| Number of list builds   :          0

| Highest rstack allocated:          0
| Highest istack allocated:          0
|           Job began  at 12:24:18.852  on 02/03/2016
|           Setup done at 12:24:18.903  on 02/03/2016
|           Run   done at 12:28:09.655  on 02/03/2016
|     wallclock() was called   14392 times
