
          -------------------------------------------------------
          Amber 14 SANDER                              2014
          -------------------------------------------------------

| Run on 02/03/2016 at 15:06:49

|   Executable path: sander
| Working directory: /lustre/cs1500/scratch/kmb413/RealDecoyDisc/DecoyDiscrimination/decoys.set2.init/1aaj/Rosetta_relaxed
|          Hostname: slepner13


File Assignments:
|  MDIN: /scratch/kmb413/RealDecoyDisc/DecoyDiscrimination/scripts/min/min.in  
| MDOUT: NoH_5_empty_tag_1_277_0001.out                                        
|INPCRD: NoH_5_empty_tag_1_277_0001.rst7                                       
|  PARM: NoH_5_empty_tag_1_277_0001.parm7                                      
|RESTRT: min_NoH_5_empty_tag_1_277_0001.rst7                                   
|  REFC: NoH_5_empty_tag_1_277_0001.rst7                                       
| MDVEL: mdvel                                                                 
| MDFRC: mdfrc                                                                 
|  MDEN: mden                                                                  
| MDCRD: mdcrd                                                                 
|MDINFO: mdinfo                                                                
|  MTMD: mtmd                                                                  
|INPDIP: inpdip                                                                
|RSTDIP: rstdip                                                                
|INPTRA: inptraj                                                               


 Here is the input file:

                                                                               
&cntrl                                                                         
    imin = 1, maxcyc=1000,                                                     
    ntx = 1,                                                                   
    ntwr = 100, ntpr = 100,                                                    
    cut = 999.0,                                                               
    ntb = 0, igb = 8,                                                          
    ntr = 1, restraint_wt = 10, restraintmask = "!@H=",                        
/                                                                              

--------------------------------------------------------------------------------
   1.  RESOURCE   USE: 
--------------------------------------------------------------------------------

| Flags:                                                                        
| New format PARM file being parsed.
| Version =    1.000 Date = 02/03/16 Time = 11:52:36
 NATOM  =    1590 NTYPES =      14 NBONH =     791 MBONA  =     820
 NTHETH =    1812 MTHETA =    1115 NPHIH =    3578 MPHIA  =    3525
 NHPARM =       0 NPARM  =       0 NNB   =    8805 NRES   =     104
 NBONA  =     820 NTHETA =    1115 NPHIA =    3525 NUMBND =      65
 NUMANG =     152 NPTRA  =     189 NATYP =      33 NPHB   =       0
 IFBOX  =       0 NMXRS  =      24 IFCAP =       0 NEXTRA =       0
 NCOPY  =       0

 Implicit solvent radii are ArgH and AspGluO modified Bondi2 radii (mbondi3)                                
 Replacing prmtop screening parameters with GBn2 (igb=8) values

|     Memory Use     Allocated
|     Real              145027
|     Hollerith           4876
|     Integer           109197
|     Max Pairs              1
|     nblistReal             0
|     nblist Int             0
|       Total             1578 kbytes

| Note: 1-4 EEL scale factors are being read from the topology file.

| Note: 1-4 VDW scale factors are being read from the topology file.
| Duplicated    0 dihedrals
| Duplicated    0 dihedrals

--------------------------------------------------------------------------------
   2.  CONTROL  DATA  FOR  THE  RUN
--------------------------------------------------------------------------------

default_name                                                                    

General flags:
     imin    =       1, nmropt  =       0

Nature and format of input:
     ntx     =       1, irest   =       0, ntrx    =       1

Nature and format of output:
     ntxo    =       1, ntpr    =     100, ntrx    =       1, ntwr    =     100
     iwrap   =       0, ntwx    =       0, ntwv    =       0, ntwe    =       0
     ioutfm  =       0, ntwprt  =       0, idecomp =       0, rbornstat=      0

Potential function:
     ntf     =       1, ntb     =       0, igb     =       8, nsnb    =      25
     ipol    =       0, gbsa    =       0, iesp    =       0
     dielc   =   1.00000, cut     = 999.00000, intdiel =   1.00000
     saltcon =   0.00000, offset  =   0.19514, surften =   0.00500
     rdt     =   0.00000, rgbmax  =  25.00000  extdiel =  78.50000
     alpb  =        0
     gbalphaH  =   0.78844, gbbetaH   =   0.79870,  gbgammaH  =    0.43733
     gbalphaC  =   0.73376, gbbetaC   =   0.50638,  gbgammaC  =    0.20584
     gbalphaN  =   0.50336, gbbetaN   =   0.31683,  gbgammaN  =    0.19292
     gbalphaOS =   0.86781, gbbetaOS  =   0.87664,  gbgammaOS =    0.38788
     gbalphaP  =   1.00000, gbbetaP   =   0.80000,  gbgammaP  =    4.85000
     gb_alpha_hnu  =   0.53705, gb_beta_hnu   =   0.36286,  gb_gamma_hnu  =    0.11670
     gb_alpha_cnu  =   0.33167, gb_beta_cnu   =   0.19684,  gb_gamma_cnu  =    0.09342
     gb_alpha_nnu  =   0.68631, gb_beta_nnu   =   0.46319,  gb_gamma_nnu  =    0.13872
     gb_alpha_onu  =   0.60634, gb_beta_onu   =   0.46301,  gb_gamma_onu  =    0.14226
     gb_alpha_pnu  =   0.41836, gb_beta_pnu   =   0.29005,  gb_gamma_pnu  =    0.10642

Frozen or restrained atoms:
     ibelly  =       0, ntr     =       1
     restraint_wt =  10.00000

Energy minimization:
     maxcyc  =    1000, ncyc    =      10, ntmin   =       1
     dx0     =   0.01000, drms    =   0.00010
|  INFO: Old style inpcrd file read


    LOADING THE CONSTRAINED ATOMS AS GROUPS


   5.  REFERENCE ATOM COORDINATES

  defa
     Mask !@H=; matches   799 atoms

--------------------------------------------------------------------------------
   3.  ATOMIC COORDINATES AND VELOCITIES
--------------------------------------------------------------------------------

default_name                                                                    
 begin time read from input coords =     0.000 ps

 Number of triangulated 3-point waters found:        0

--------------------------------------------------------------------------------
   4.  RESULTS
--------------------------------------------------------------------------------



   NSTEP       ENERGY          RMS            GMAX         NAME    NUMBER
      1      -2.2046E+03     9.1371E+00     5.9763E+01     OE1       104

 BOND    =       69.3099  ANGLE   =      211.2378  DIHED      =     1070.0362
 VDWAALS =     -659.1117  EEL     =    -7281.8756  EGB        =    -1747.1440
 1-4 VDW =      446.5932  1-4 EEL =     5686.3047  RESTRAINT  =        0.0000


   NSTEP       ENERGY          RMS            GMAX         NAME    NUMBER
    100      -2.5806E+03     3.4706E-01     2.9353E+00     CE2       650

 BOND    =       31.1236  ANGLE   =      209.2870  DIHED      =     1074.8870
 VDWAALS =     -802.7072  EEL     =    -7297.9111  EGB        =    -1774.7265
 1-4 VDW =      333.4950  1-4 EEL =     5602.2715  RESTRAINT  =       43.6986
 EAMBER  =    -2624.2806


   NSTEP       ENERGY          RMS            GMAX         NAME    NUMBER
    200      -2.5935E+03     1.5903E-01     2.0928E+00     HG1      1389

 BOND    =       31.2779  ANGLE   =      209.8989  DIHED      =     1072.7430
 VDWAALS =     -804.1445  EEL     =    -7310.2389  EGB        =    -1773.6414
 1-4 VDW =      333.2302  1-4 EEL =     5602.2530  RESTRAINT  =       45.1357
 EAMBER  =    -2638.6219


   NSTEP       ENERGY          RMS            GMAX         NAME    NUMBER
    300      -2.5950E+03     4.0795E-02     4.9905E-01     HA        627

 BOND    =       30.8713  ANGLE   =      209.1273  DIHED      =     1071.6351
 VDWAALS =     -804.6375  EEL     =    -7314.9659  EGB        =    -1770.6910
 1-4 VDW =      334.1442  1-4 EEL =     5604.6110  RESTRAINT  =       44.8900
 EAMBER  =    -2639.9055


   NSTEP       ENERGY          RMS            GMAX         NAME    NUMBER
    400      -2.5951E+03     2.0479E-02     5.9826E-01     CG2       630

 BOND    =       30.8289  ANGLE   =      208.9267  DIHED      =     1071.8084
 VDWAALS =     -804.6190  EEL     =    -7315.8991  EGB        =    -1770.3224
 1-4 VDW =      334.3387  1-4 EEL =     5604.9058  RESTRAINT  =       44.9542
 EAMBER  =    -2640.0321


   NSTEP       ENERGY          RMS            GMAX         NAME    NUMBER
    500      -2.5951E+03     4.3811E-03     6.0999E-02     CG        589

 BOND    =       30.8088  ANGLE   =      208.9105  DIHED      =     1071.8826
 VDWAALS =     -804.6110  EEL     =    -7316.1760  EGB        =    -1770.2115
 1-4 VDW =      334.3791  1-4 EEL =     5604.9494  RESTRAINT  =       44.9824
 EAMBER  =    -2640.0682


   NSTEP       ENERGY          RMS            GMAX         NAME    NUMBER
    600      -2.5951E+03     7.1819E-04     9.7781E-03     CD       1585

 BOND    =       30.8010  ANGLE   =      208.8993  DIHED      =     1071.9136
 VDWAALS =     -804.6111  EEL     =    -7316.2762  EGB        =    -1770.1561
 1-4 VDW =      334.3973  1-4 EEL =     5604.9582  RESTRAINT  =       44.9871
 EAMBER  =    -2640.0741


   NSTEP       ENERGY          RMS            GMAX         NAME    NUMBER
    700      -2.5951E+03     1.9981E-04     1.9522E-03     CE1      1161

 BOND    =       30.8002  ANGLE   =      208.8971  DIHED      =     1071.9221
 VDWAALS =     -804.6143  EEL     =    -7316.2979  EGB        =    -1770.1382
 1-4 VDW =      334.4004  1-4 EEL =     5604.9558  RESTRAINT  =       44.9876
 EAMBER  =    -2640.0747

     ... RESTARTED DUE TO LINMIN FAILURE ...


                    FINAL RESULTS



   NSTEP       ENERGY          RMS            GMAX         NAME    NUMBER
    743      -2.5951E+03     9.2977E-05     1.2155E-03     HG1      1213

 BOND    =       30.8002  ANGLE   =      208.8972  DIHED      =     1071.9225
 VDWAALS =     -804.6146  EEL     =    -7316.2985  EGB        =    -1770.1374
 1-4 VDW =      334.4005  1-4 EEL =     5604.9556  RESTRAINT  =       44.9875
 EAMBER  =    -2640.0746

--------------------------------------------------------------------------------
   5.  TIMINGS
--------------------------------------------------------------------------------

|                Calc gb radii             43.81 (20.45% of Gen B)
|                Calc gb diag              81.37 (37.98% of Gen B)
|                Calc gb off-diag          89.04 (41.56% of Gen B)
|             Gen Born time            214.22 (100.0% of Nonbo)
|          Nonbond force            214.22 (99.29% of Force)
|          Bond/Angle/Dihedral        1.51 ( 0.70% of Force)
|       Force time               215.74 (100.0% of Runmd)
|    Runmd Time               215.74 (99.76% of Total)
|    Other                      0.52 ( 0.24% of Total)
| Total time               216.27 (100.0% of ALL  )

| Number of list builds   :          0

| Highest rstack allocated:          0
| Highest istack allocated:          0
|           Job began  at 15:06:49.516  on 02/03/2016
|           Setup done at 15:06:49.615  on 02/03/2016
|           Run   done at 15:10:25.782  on 02/03/2016
|     wallclock() was called   13402 times
