
          -------------------------------------------------------
          Amber 14 SANDER                              2014
          -------------------------------------------------------

| Run on 02/03/2016 at 15:06:48

|   Executable path: sander
| Working directory: /lustre/cs1500/scratch/kmb413/RealDecoyDisc/DecoyDiscrimination/decoys.set2.init/1aaj/Rosetta_relaxed
|          Hostname: slepner1


File Assignments:
|  MDIN: /scratch/kmb413/RealDecoyDisc/DecoyDiscrimination/scripts/min/min.in  
| MDOUT: NoH_5_empty_tag_1_114_1_0001.out                                      
|INPCRD: NoH_5_empty_tag_1_114_1_0001.rst7                                     
|  PARM: NoH_5_empty_tag_1_114_1_0001.parm7                                    
|RESTRT: min_NoH_5_empty_tag_1_114_1_0001.rst7                                 
|  REFC: NoH_5_empty_tag_1_114_1_0001.rst7                                     
| MDVEL: mdvel                                                                 
| MDFRC: mdfrc                                                                 
|  MDEN: mden                                                                  
| MDCRD: mdcrd                                                                 
|MDINFO: mdinfo                                                                
|  MTMD: mtmd                                                                  
|INPDIP: inpdip                                                                
|RSTDIP: rstdip                                                                
|INPTRA: inptraj                                                               


 Here is the input file:

                                                                               
&cntrl                                                                         
    imin = 1, maxcyc=1000,                                                     
    ntx = 1,                                                                   
    ntwr = 100, ntpr = 100,                                                    
    cut = 999.0,                                                               
    ntb = 0, igb = 8,                                                          
    ntr = 1, restraint_wt = 10, restraintmask = "!@H=",                        
/                                                                              

--------------------------------------------------------------------------------
   1.  RESOURCE   USE: 
--------------------------------------------------------------------------------

| Flags:                                                                        
| New format PARM file being parsed.
| Version =    1.000 Date = 02/03/16 Time = 11:52:21
 NATOM  =    1590 NTYPES =      14 NBONH =     791 MBONA  =     820
 NTHETH =    1812 MTHETA =    1115 NPHIH =    3578 MPHIA  =    3525
 NHPARM =       0 NPARM  =       0 NNB   =    8805 NRES   =     104
 NBONA  =     820 NTHETA =    1115 NPHIA =    3525 NUMBND =      65
 NUMANG =     152 NPTRA  =     189 NATYP =      33 NPHB   =       0
 IFBOX  =       0 NMXRS  =      24 IFCAP =       0 NEXTRA =       0
 NCOPY  =       0

 Implicit solvent radii are ArgH and AspGluO modified Bondi2 radii (mbondi3)                                
 Replacing prmtop screening parameters with GBn2 (igb=8) values

|     Memory Use     Allocated
|     Real              145027
|     Hollerith           4876
|     Integer           109197
|     Max Pairs              1
|     nblistReal             0
|     nblist Int             0
|       Total             1578 kbytes

| Note: 1-4 EEL scale factors are being read from the topology file.

| Note: 1-4 VDW scale factors are being read from the topology file.
| Duplicated    0 dihedrals
| Duplicated    0 dihedrals

--------------------------------------------------------------------------------
   2.  CONTROL  DATA  FOR  THE  RUN
--------------------------------------------------------------------------------

default_name                                                                    

General flags:
     imin    =       1, nmropt  =       0

Nature and format of input:
     ntx     =       1, irest   =       0, ntrx    =       1

Nature and format of output:
     ntxo    =       1, ntpr    =     100, ntrx    =       1, ntwr    =     100
     iwrap   =       0, ntwx    =       0, ntwv    =       0, ntwe    =       0
     ioutfm  =       0, ntwprt  =       0, idecomp =       0, rbornstat=      0

Potential function:
     ntf     =       1, ntb     =       0, igb     =       8, nsnb    =      25
     ipol    =       0, gbsa    =       0, iesp    =       0
     dielc   =   1.00000, cut     = 999.00000, intdiel =   1.00000
     saltcon =   0.00000, offset  =   0.19514, surften =   0.00500
     rdt     =   0.00000, rgbmax  =  25.00000  extdiel =  78.50000
     alpb  =        0
     gbalphaH  =   0.78844, gbbetaH   =   0.79870,  gbgammaH  =    0.43733
     gbalphaC  =   0.73376, gbbetaC   =   0.50638,  gbgammaC  =    0.20584
     gbalphaN  =   0.50336, gbbetaN   =   0.31683,  gbgammaN  =    0.19292
     gbalphaOS =   0.86781, gbbetaOS  =   0.87664,  gbgammaOS =    0.38788
     gbalphaP  =   1.00000, gbbetaP   =   0.80000,  gbgammaP  =    4.85000
     gb_alpha_hnu  =   0.53705, gb_beta_hnu   =   0.36286,  gb_gamma_hnu  =    0.11670
     gb_alpha_cnu  =   0.33167, gb_beta_cnu   =   0.19684,  gb_gamma_cnu  =    0.09342
     gb_alpha_nnu  =   0.68631, gb_beta_nnu   =   0.46319,  gb_gamma_nnu  =    0.13872
     gb_alpha_onu  =   0.60634, gb_beta_onu   =   0.46301,  gb_gamma_onu  =    0.14226
     gb_alpha_pnu  =   0.41836, gb_beta_pnu   =   0.29005,  gb_gamma_pnu  =    0.10642

Frozen or restrained atoms:
     ibelly  =       0, ntr     =       1
     restraint_wt =  10.00000

Energy minimization:
     maxcyc  =    1000, ncyc    =      10, ntmin   =       1
     dx0     =   0.01000, drms    =   0.00010
|  INFO: Old style inpcrd file read


    LOADING THE CONSTRAINED ATOMS AS GROUPS


   5.  REFERENCE ATOM COORDINATES

  defa
     Mask !@H=; matches   799 atoms

--------------------------------------------------------------------------------
   3.  ATOMIC COORDINATES AND VELOCITIES
--------------------------------------------------------------------------------

default_name                                                                    
 begin time read from input coords =     0.000 ps

 Number of triangulated 3-point waters found:        0

--------------------------------------------------------------------------------
   4.  RESULTS
--------------------------------------------------------------------------------



   NSTEP       ENERGY          RMS            GMAX         NAME    NUMBER
      1      -2.1215E+03     9.0972E+00     6.1253E+01     OE1       104

 BOND    =       69.7796  ANGLE   =      211.3411  DIHED      =     1090.5387
 VDWAALS =     -589.8060  EEL     =    -7138.1223  EGB        =    -1942.2497
 1-4 VDW =      439.2955  1-4 EEL =     5737.7260  RESTRAINT  =        0.0000


   NSTEP       ENERGY          RMS            GMAX         NAME    NUMBER
    100      -2.4901E+03     3.4516E-01     3.7252E+00     CE2       650

 BOND    =       32.3318  ANGLE   =      210.0450  DIHED      =     1093.6403
 VDWAALS =     -737.0672  EEL     =    -7155.9592  EGB        =    -1952.3788
 1-4 VDW =      327.8413  1-4 EEL =     5648.5911  RESTRAINT  =       42.9016
 EAMBER  =    -2532.9558


   NSTEP       ENERGY          RMS            GMAX         NAME    NUMBER
    200      -2.4943E+03     1.0452E-01     1.1538E+00     CE2       650

 BOND    =       32.1996  ANGLE   =      210.8052  DIHED      =     1093.5000
 VDWAALS =     -739.5608  EEL     =    -7157.9360  EGB        =    -1952.8846
 1-4 VDW =      327.6406  1-4 EEL =     5647.6353  RESTRAINT  =       44.2591
 EAMBER  =    -2538.6009


   NSTEP       ENERGY          RMS            GMAX         NAME    NUMBER
    300      -2.4969E+03     6.2660E-02     1.2708E+00     HG1      1293

 BOND    =       32.0346  ANGLE   =      210.5684  DIHED      =     1091.5605
 VDWAALS =     -740.1328  EEL     =    -7157.0732  EGB        =    -1953.6903
 1-4 VDW =      328.0487  1-4 EEL =     5647.4906  RESTRAINT  =       44.2891
 EAMBER  =    -2541.1935


   NSTEP       ENERGY          RMS            GMAX         NAME    NUMBER
    400      -2.4989E+03     2.8185E-02     3.9979E-01     CD       1260

 BOND    =       32.0652  ANGLE   =      210.5055  DIHED      =     1089.7829
 VDWAALS =     -740.1900  EEL     =    -7156.8635  EGB        =    -1954.5129
 1-4 VDW =      328.0993  1-4 EEL =     5647.9330  RESTRAINT  =       44.2735
 EAMBER  =    -2543.1804


   NSTEP       ENERGY          RMS            GMAX         NAME    NUMBER
    500      -2.4989E+03     2.4275E-03     4.8238E-02     HG23     1291

 BOND    =       32.0129  ANGLE   =      210.4476  DIHED      =     1089.7821
 VDWAALS =     -740.1417  EEL     =    -7156.8737  EGB        =    -1954.4484
 1-4 VDW =      328.1851  1-4 EEL =     5647.9122  RESTRAINT  =       44.1986
 EAMBER  =    -2543.1238


   NSTEP       ENERGY          RMS            GMAX         NAME    NUMBER
    600      -2.4989E+03     3.2378E-04     4.4237E-03     HG21     1289

 BOND    =       32.0075  ANGLE   =      210.4348  DIHED      =     1089.7841
 VDWAALS =     -740.1373  EEL     =    -7156.8743  EGB        =    -1954.4416
 1-4 VDW =      328.1997  1-4 EEL =     5647.9134  RESTRAINT  =       44.1880
 EAMBER  =    -2543.1136


                    FINAL RESULTS



   NSTEP       ENERGY          RMS            GMAX         NAME    NUMBER
    673      -2.4989E+03     9.5873E-05     1.5719E-03     CD       1260

 BOND    =       32.0073  ANGLE   =      210.4352  DIHED      =     1089.7853
 VDWAALS =     -740.1412  EEL     =    -7156.8764  EGB        =    -1954.4402
 1-4 VDW =      328.2004  1-4 EEL =     5647.9148  RESTRAINT  =       44.1891
 EAMBER  =    -2543.1147

--------------------------------------------------------------------------------
   5.  TIMINGS
--------------------------------------------------------------------------------

|                Calc gb radii             39.21 (19.89% of Gen B)
|                Calc gb diag              74.95 (38.02% of Gen B)
|                Calc gb off-diag          82.95 (42.08% of Gen B)
|             Gen Born time            197.11 (100.0% of Nonbo)
|          Nonbond force            197.11 (99.29% of Force)
|          Bond/Angle/Dihedral        1.40 ( 0.71% of Force)
|          Other                      0.01 ( 0.01% of Force)
|       Force time               198.53 (100.0% of Runmd)
|    Runmd Time               198.53 (99.61% of Total)
|    Other                      0.77 ( 0.38% of Total)
| Total time               199.30 (100.0% of ALL  )

| Number of list builds   :          0

| Highest rstack allocated:          0
| Highest istack allocated:          0
|           Job began  at 15:06:48.539  on 02/03/2016
|           Setup done at 15:06:48.643  on 02/03/2016
|           Run   done at 15:10:07.836  on 02/03/2016
|     wallclock() was called   12142 times
