
          -------------------------------------------------------
          Amber 14 SANDER                              2014
          -------------------------------------------------------

| Run on 02/03/2016 at 12:43:58

|   Executable path: sander
| Working directory: /lustre/cs1500/scratch/kmb413/RealDecoyDisc/DecoyDiscrimination/decoys.set2.init/1aaj/Rosetta_relaxed
|          Hostname: slepner15


File Assignments:
|  MDIN: /scratch/kmb413/RealDecoyDisc/DecoyDiscrimination/scripts/min/min.in  
| MDOUT: NoH_2_empty_tag_1440_0001_0001.out                                    
|INPCRD: NoH_2_empty_tag_1440_0001_0001.rst7                                   
|  PARM: NoH_2_empty_tag_1440_0001_0001.parm7                                  
|RESTRT: min_NoH_2_empty_tag_1440_0001_0001.rst7                               
|  REFC: NoH_2_empty_tag_1440_0001_0001.rst7                                   
| MDVEL: mdvel                                                                 
| MDFRC: mdfrc                                                                 
|  MDEN: mden                                                                  
| MDCRD: mdcrd                                                                 
|MDINFO: mdinfo                                                                
|  MTMD: mtmd                                                                  
|INPDIP: inpdip                                                                
|RSTDIP: rstdip                                                                
|INPTRA: inptraj                                                               


 Here is the input file:

                                                                               
&cntrl                                                                         
    imin = 1, maxcyc=1000,                                                     
    ntx = 1,                                                                   
    ntwr = 100, ntpr = 100,                                                    
    cut = 999.0,                                                               
    ntb = 0, igb = 8,                                                          
    ntr = 1, restraint_wt = 10, restraintmask = "!@H=",                        
/                                                                              

--------------------------------------------------------------------------------
   1.  RESOURCE   USE: 
--------------------------------------------------------------------------------

| Flags:                                                                        
| New format PARM file being parsed.
| Version =    1.000 Date = 02/03/16 Time = 11:47:05
 NATOM  =    1590 NTYPES =      14 NBONH =     791 MBONA  =     820
 NTHETH =    1812 MTHETA =    1115 NPHIH =    3578 MPHIA  =    3525
 NHPARM =       0 NPARM  =       0 NNB   =    8805 NRES   =     104
 NBONA  =     820 NTHETA =    1115 NPHIA =    3525 NUMBND =      65
 NUMANG =     152 NPTRA  =     189 NATYP =      33 NPHB   =       0
 IFBOX  =       0 NMXRS  =      24 IFCAP =       0 NEXTRA =       0
 NCOPY  =       0

 Implicit solvent radii are ArgH and AspGluO modified Bondi2 radii (mbondi3)                                
 Replacing prmtop screening parameters with GBn2 (igb=8) values

|     Memory Use     Allocated
|     Real              145027
|     Hollerith           4876
|     Integer           109197
|     Max Pairs              1
|     nblistReal             0
|     nblist Int             0
|       Total             1578 kbytes

| Note: 1-4 EEL scale factors are being read from the topology file.

| Note: 1-4 VDW scale factors are being read from the topology file.
| Duplicated    0 dihedrals
| Duplicated    0 dihedrals

--------------------------------------------------------------------------------
   2.  CONTROL  DATA  FOR  THE  RUN
--------------------------------------------------------------------------------

default_name                                                                    

General flags:
     imin    =       1, nmropt  =       0

Nature and format of input:
     ntx     =       1, irest   =       0, ntrx    =       1

Nature and format of output:
     ntxo    =       1, ntpr    =     100, ntrx    =       1, ntwr    =     100
     iwrap   =       0, ntwx    =       0, ntwv    =       0, ntwe    =       0
     ioutfm  =       0, ntwprt  =       0, idecomp =       0, rbornstat=      0

Potential function:
     ntf     =       1, ntb     =       0, igb     =       8, nsnb    =      25
     ipol    =       0, gbsa    =       0, iesp    =       0
     dielc   =   1.00000, cut     = 999.00000, intdiel =   1.00000
     saltcon =   0.00000, offset  =   0.19514, surften =   0.00500
     rdt     =   0.00000, rgbmax  =  25.00000  extdiel =  78.50000
     alpb  =        0
     gbalphaH  =   0.78844, gbbetaH   =   0.79870,  gbgammaH  =    0.43733
     gbalphaC  =   0.73376, gbbetaC   =   0.50638,  gbgammaC  =    0.20584
     gbalphaN  =   0.50336, gbbetaN   =   0.31683,  gbgammaN  =    0.19292
     gbalphaOS =   0.86781, gbbetaOS  =   0.87664,  gbgammaOS =    0.38788
     gbalphaP  =   1.00000, gbbetaP   =   0.80000,  gbgammaP  =    4.85000
     gb_alpha_hnu  =   0.53705, gb_beta_hnu   =   0.36286,  gb_gamma_hnu  =    0.11670
     gb_alpha_cnu  =   0.33167, gb_beta_cnu   =   0.19684,  gb_gamma_cnu  =    0.09342
     gb_alpha_nnu  =   0.68631, gb_beta_nnu   =   0.46319,  gb_gamma_nnu  =    0.13872
     gb_alpha_onu  =   0.60634, gb_beta_onu   =   0.46301,  gb_gamma_onu  =    0.14226
     gb_alpha_pnu  =   0.41836, gb_beta_pnu   =   0.29005,  gb_gamma_pnu  =    0.10642

Frozen or restrained atoms:
     ibelly  =       0, ntr     =       1
     restraint_wt =  10.00000

Energy minimization:
     maxcyc  =    1000, ncyc    =      10, ntmin   =       1
     dx0     =   0.01000, drms    =   0.00010
|  INFO: Old style inpcrd file read


    LOADING THE CONSTRAINED ATOMS AS GROUPS


   5.  REFERENCE ATOM COORDINATES

  defa
     Mask !@H=; matches   799 atoms

--------------------------------------------------------------------------------
   3.  ATOMIC COORDINATES AND VELOCITIES
--------------------------------------------------------------------------------

default_name                                                                    
 begin time read from input coords =     0.000 ps

 Number of triangulated 3-point waters found:        0

--------------------------------------------------------------------------------
   4.  RESULTS
--------------------------------------------------------------------------------



   NSTEP       ENERGY          RMS            GMAX         NAME    NUMBER
      1      -2.1969E+03     9.1308E+00     7.1062E+01     OXT      1590

 BOND    =       70.8038  ANGLE   =      211.4838  DIHED      =     1082.1206
 VDWAALS =     -658.2116  EEL     =    -7232.4575  EGB        =    -1825.0910
 1-4 VDW =      441.1284  1-4 EEL =     5713.3481  RESTRAINT  =        0.0000


   NSTEP       ENERGY          RMS            GMAX         NAME    NUMBER
    100      -2.5756E+03     2.7780E-01     4.0254E+00     HB       1383

 BOND    =       31.4192  ANGLE   =      205.4751  DIHED      =     1086.3617
 VDWAALS =     -800.3229  EEL     =    -7259.2534  EGB        =    -1840.6533
 1-4 VDW =      332.2549  1-4 EEL =     5627.9708  RESTRAINT  =       41.1294
 EAMBER  =    -2616.7479


   NSTEP       ENERGY          RMS            GMAX         NAME    NUMBER
    200      -2.5790E+03     8.0866E-02     1.0674E+00     H1          2

 BOND    =       31.5813  ANGLE   =      206.2920  DIHED      =     1087.1169
 VDWAALS =     -802.7574  EEL     =    -7264.5881  EGB        =    -1840.4736
 1-4 VDW =      332.1939  1-4 EEL =     5627.9714  RESTRAINT  =       43.6223
 EAMBER  =    -2622.6637


   NSTEP       ENERGY          RMS            GMAX         NAME    NUMBER
    300      -2.5808E+03     2.9290E-02     4.7389E-01     H2          3

 BOND    =       31.3106  ANGLE   =      205.8019  DIHED      =     1085.1127
 VDWAALS =     -802.7324  EEL     =    -7264.3087  EGB        =    -1840.2555
 1-4 VDW =      332.8048  1-4 EEL =     5628.1018  RESTRAINT  =       43.3367
 EAMBER  =    -2624.1648


   NSTEP       ENERGY          RMS            GMAX         NAME    NUMBER
    400      -2.5809E+03     6.2128E-03     1.1275E-01     HG       1180

 BOND    =       31.2553  ANGLE   =      205.7364  DIHED      =     1085.0309
 VDWAALS =     -802.7129  EEL     =    -7264.6209  EGB        =    -1839.9966
 1-4 VDW =      332.9333  1-4 EEL =     5628.1972  RESTRAINT  =       43.2474
 EAMBER  =    -2624.1772


   NSTEP       ENERGY          RMS            GMAX         NAME    NUMBER
    500      -2.5829E+03     5.0615E-01     1.0266E+01     OG       1179

 BOND    =       32.2537  ANGLE   =      208.3293  DIHED      =     1085.6907
 VDWAALS =     -803.8840  EEL     =    -7273.0487  EGB        =    -1835.5954
 1-4 VDW =      330.8371  1-4 EEL =     5627.4805  RESTRAINT  =       44.9965
 EAMBER  =    -2627.9367


   NSTEP       ENERGY          RMS            GMAX         NAME    NUMBER
    600      -2.5877E+03     5.0205E-02     8.2705E-01     HG1       635

 BOND    =       31.4335  ANGLE   =      205.8640  DIHED      =     1084.6559
 VDWAALS =     -801.1122  EEL     =    -7278.3930  EGB        =    -1834.4119
 1-4 VDW =      332.8425  1-4 EEL =     5628.4921  RESTRAINT  =       42.8999
 EAMBER  =    -2630.6291


   NSTEP       ENERGY          RMS            GMAX         NAME    NUMBER
    700      -2.5887E+03     8.6234E-02     1.3860E+00     HG1       635

 BOND    =       31.4976  ANGLE   =      205.9715  DIHED      =     1083.7113
 VDWAALS =     -801.2124  EEL     =    -7281.1484  EGB        =    -1832.6363
 1-4 VDW =      332.7846  1-4 EEL =     5629.3143  RESTRAINT  =       43.0122
 EAMBER  =    -2631.7177


   NSTEP       ENERGY          RMS            GMAX         NAME    NUMBER
    800      -2.5891E+03     3.6046E-03     7.7169E-02     HG1       635

 BOND    =       31.3938  ANGLE   =      205.7375  DIHED      =     1082.9762
 VDWAALS =     -801.1411  EEL     =    -7281.3807  EGB        =    -1832.3633
 1-4 VDW =      333.0395  1-4 EEL =     5629.7877  RESTRAINT  =       42.8551
 EAMBER  =    -2631.9503

     ... RESTARTED DUE TO LINMIN FAILURE ...


   NSTEP       ENERGY          RMS            GMAX         NAME    NUMBER
    900      -2.5891E+03     9.7000E-04     1.4134E-02     CG        589

 BOND    =       31.3871  ANGLE   =      205.7228  DIHED      =     1082.9505
 VDWAALS =     -801.1263  EEL     =    -7281.3824  EGB        =    -1832.3585
 1-4 VDW =      333.0593  1-4 EEL =     5629.8047  RESTRAINT  =       42.8462
 EAMBER  =    -2631.9427


                    FINAL RESULTS



   NSTEP       ENERGY          RMS            GMAX         NAME    NUMBER
    996      -2.5891E+03     7.9004E-05     1.4278E-03     OG1       634

 BOND    =       31.3880  ANGLE   =      205.7239  DIHED      =     1082.9491
 VDWAALS =     -801.1277  EEL     =    -7281.3831  EGB        =    -1832.3589
 1-4 VDW =      333.0576  1-4 EEL =     5629.8058  RESTRAINT  =       42.8488
 EAMBER  =    -2631.9453

--------------------------------------------------------------------------------
   5.  TIMINGS
--------------------------------------------------------------------------------

|                Calc gb radii             57.28 (20.06% of Gen B)
|                Calc gb diag             105.97 (37.11% of Gen B)
|                Calc gb off-diag         122.29 (42.82% of Gen B)
|             Gen Born time            285.55 (100.0% of Nonbo)
|          Nonbond force            285.55 (99.28% of Force)
|          Bond/Angle/Dihedral        2.06 ( 0.72% of Force)
|          Other                      0.02 ( 0.01% of Force)
|       Force time               287.62 (100.0% of Runmd)
|    Runmd Time               287.62 (99.71% of Total)
|    Other                      0.83 ( 0.29% of Total)
| Total time               288.45 (100.0% of ALL  )

| Number of list builds   :          0

| Highest rstack allocated:          0
| Highest istack allocated:          0
|           Job began  at 12:43:58.151  on 02/03/2016
|           Setup done at 12:43:58.203  on 02/03/2016
|           Run   done at 12:48:46.604  on 02/03/2016
|     wallclock() was called   17956 times
