
          -------------------------------------------------------
          Amber 14 SANDER                              2014
          -------------------------------------------------------

| Run on 02/03/2016 at 13:18:45

|   Executable path: sander
| Working directory: /lustre/cs1500/scratch/kmb413/RealDecoyDisc/DecoyDiscrimination/decoys.set2.init/1aaj/Rosetta_relaxed
|          Hostname: slepner1


File Assignments:
|  MDIN: /scratch/kmb413/RealDecoyDisc/DecoyDiscrimination/scripts/min/min.in  
| MDOUT: NoH_3_empty_tag_436_0001_1_0001.out                                   
|INPCRD: NoH_3_empty_tag_436_0001_1_0001.rst7                                  
|  PARM: NoH_3_empty_tag_436_0001_1_0001.parm7                                 
|RESTRT: min_NoH_3_empty_tag_436_0001_1_0001.rst7                              
|  REFC: NoH_3_empty_tag_436_0001_1_0001.rst7                                  
| MDVEL: mdvel                                                                 
| MDFRC: mdfrc                                                                 
|  MDEN: mden                                                                  
| MDCRD: mdcrd                                                                 
|MDINFO: mdinfo                                                                
|  MTMD: mtmd                                                                  
|INPDIP: inpdip                                                                
|RSTDIP: rstdip                                                                
|INPTRA: inptraj                                                               


 Here is the input file:

                                                                               
&cntrl                                                                         
    imin = 1, maxcyc=1000,                                                     
    ntx = 1,                                                                   
    ntwr = 100, ntpr = 100,                                                    
    cut = 999.0,                                                               
    ntb = 0, igb = 8,                                                          
    ntr = 1, restraint_wt = 10, restraintmask = "!@H=",                        
/                                                                              

--------------------------------------------------------------------------------
   1.  RESOURCE   USE: 
--------------------------------------------------------------------------------

| Flags:                                                                        
| New format PARM file being parsed.
| Version =    1.000 Date = 02/03/16 Time = 11:50:03
 NATOM  =    1590 NTYPES =      14 NBONH =     791 MBONA  =     820
 NTHETH =    1812 MTHETA =    1115 NPHIH =    3578 MPHIA  =    3525
 NHPARM =       0 NPARM  =       0 NNB   =    8805 NRES   =     104
 NBONA  =     820 NTHETA =    1115 NPHIA =    3525 NUMBND =      65
 NUMANG =     152 NPTRA  =     189 NATYP =      33 NPHB   =       0
 IFBOX  =       0 NMXRS  =      24 IFCAP =       0 NEXTRA =       0
 NCOPY  =       0

 Implicit solvent radii are ArgH and AspGluO modified Bondi2 radii (mbondi3)                                
 Replacing prmtop screening parameters with GBn2 (igb=8) values

|     Memory Use     Allocated
|     Real              145027
|     Hollerith           4876
|     Integer           109197
|     Max Pairs              1
|     nblistReal             0
|     nblist Int             0
|       Total             1578 kbytes

| Note: 1-4 EEL scale factors are being read from the topology file.

| Note: 1-4 VDW scale factors are being read from the topology file.
| Duplicated    0 dihedrals
| Duplicated    0 dihedrals

--------------------------------------------------------------------------------
   2.  CONTROL  DATA  FOR  THE  RUN
--------------------------------------------------------------------------------

default_name                                                                    

General flags:
     imin    =       1, nmropt  =       0

Nature and format of input:
     ntx     =       1, irest   =       0, ntrx    =       1

Nature and format of output:
     ntxo    =       1, ntpr    =     100, ntrx    =       1, ntwr    =     100
     iwrap   =       0, ntwx    =       0, ntwv    =       0, ntwe    =       0
     ioutfm  =       0, ntwprt  =       0, idecomp =       0, rbornstat=      0

Potential function:
     ntf     =       1, ntb     =       0, igb     =       8, nsnb    =      25
     ipol    =       0, gbsa    =       0, iesp    =       0
     dielc   =   1.00000, cut     = 999.00000, intdiel =   1.00000
     saltcon =   0.00000, offset  =   0.19514, surften =   0.00500
     rdt     =   0.00000, rgbmax  =  25.00000  extdiel =  78.50000
     alpb  =        0
     gbalphaH  =   0.78844, gbbetaH   =   0.79870,  gbgammaH  =    0.43733
     gbalphaC  =   0.73376, gbbetaC   =   0.50638,  gbgammaC  =    0.20584
     gbalphaN  =   0.50336, gbbetaN   =   0.31683,  gbgammaN  =    0.19292
     gbalphaOS =   0.86781, gbbetaOS  =   0.87664,  gbgammaOS =    0.38788
     gbalphaP  =   1.00000, gbbetaP   =   0.80000,  gbgammaP  =    4.85000
     gb_alpha_hnu  =   0.53705, gb_beta_hnu   =   0.36286,  gb_gamma_hnu  =    0.11670
     gb_alpha_cnu  =   0.33167, gb_beta_cnu   =   0.19684,  gb_gamma_cnu  =    0.09342
     gb_alpha_nnu  =   0.68631, gb_beta_nnu   =   0.46319,  gb_gamma_nnu  =    0.13872
     gb_alpha_onu  =   0.60634, gb_beta_onu   =   0.46301,  gb_gamma_onu  =    0.14226
     gb_alpha_pnu  =   0.41836, gb_beta_pnu   =   0.29005,  gb_gamma_pnu  =    0.10642

Frozen or restrained atoms:
     ibelly  =       0, ntr     =       1
     restraint_wt =  10.00000

Energy minimization:
     maxcyc  =    1000, ncyc    =      10, ntmin   =       1
     dx0     =   0.01000, drms    =   0.00010
|  INFO: Old style inpcrd file read


    LOADING THE CONSTRAINED ATOMS AS GROUPS


   5.  REFERENCE ATOM COORDINATES

  defa
     Mask !@H=; matches   799 atoms

--------------------------------------------------------------------------------
   3.  ATOMIC COORDINATES AND VELOCITIES
--------------------------------------------------------------------------------

default_name                                                                    
 begin time read from input coords =     0.000 ps

 Number of triangulated 3-point waters found:        0

--------------------------------------------------------------------------------
   4.  RESULTS
--------------------------------------------------------------------------------



   NSTEP       ENERGY          RMS            GMAX         NAME    NUMBER
      1      -2.0861E+03     9.1736E+00     6.5640E+01     OE1      1586

 BOND    =       70.0846  ANGLE   =      211.9287  DIHED      =     1077.8062
 VDWAALS =     -601.8612  EEL     =    -7076.7457  EGB        =    -1901.0859
 1-4 VDW =      449.3107  1-4 EEL =     5684.4351  RESTRAINT  =        0.0000


   NSTEP       ENERGY          RMS            GMAX         NAME    NUMBER
    100      -2.4796E+03     5.2872E-01     6.7630E+00     CG       1324

 BOND    =       32.8911  ANGLE   =      212.8426  DIHED      =     1077.4717
 VDWAALS =     -757.4928  EEL     =    -7108.0931  EGB        =    -1917.2584
 1-4 VDW =      331.5364  1-4 EEL =     5599.3956  RESTRAINT  =       49.1147
 EAMBER  =    -2528.7068


   NSTEP       ENERGY          RMS            GMAX         NAME    NUMBER
    200      -2.4840E+03     1.2644E-01     1.3576E+00     CG       1324

 BOND    =       32.1989  ANGLE   =      212.1935  DIHED      =     1078.8987
 VDWAALS =     -759.0642  EEL     =    -7115.0524  EGB        =    -1915.7487
 1-4 VDW =      332.7586  1-4 EEL =     5599.9399  RESTRAINT  =       49.8612
 EAMBER  =    -2533.8756


   NSTEP       ENERGY          RMS            GMAX         NAME    NUMBER
    300      -2.4866E+03     4.2283E-02     4.5278E-01     HA          6

 BOND    =       31.9236  ANGLE   =      211.5979  DIHED      =     1077.6027
 VDWAALS =     -759.2281  EEL     =    -7117.6259  EGB        =    -1914.2326
 1-4 VDW =      333.4061  1-4 EEL =     5599.7801  RESTRAINT  =       50.1687
 EAMBER  =    -2536.7762


   NSTEP       ENERGY          RMS            GMAX         NAME    NUMBER
    400      -2.4871E+03     6.1589E-02     9.6218E-01     CE        397

 BOND    =       32.0007  ANGLE   =      211.6341  DIHED      =     1078.4122
 VDWAALS =     -758.8838  EEL     =    -7120.9387  EGB        =    -1912.5424
 1-4 VDW =      333.3275  1-4 EEL =     5599.4386  RESTRAINT  =       50.4840
 EAMBER  =    -2537.5518


   NSTEP       ENERGY          RMS            GMAX         NAME    NUMBER
    500      -2.4889E+03     3.6286E-02     7.0302E-01     HG1      1389

 BOND    =       31.9701  ANGLE   =      211.5738  DIHED      =     1076.9689
 VDWAALS =     -758.7323  EEL     =    -7123.0321  EGB        =    -1911.8269
 1-4 VDW =      333.4287  1-4 EEL =     5600.2621  RESTRAINT  =       50.5227
 EAMBER  =    -2539.3877


   NSTEP       ENERGY          RMS            GMAX         NAME    NUMBER
    600      -2.4889E+03     4.2946E-03     9.6750E-02     HG1      1389

 BOND    =       31.9084  ANGLE   =      211.4494  DIHED      =     1076.8740
 VDWAALS =     -758.7064  EEL     =    -7123.2451  EGB        =    -1911.7208
 1-4 VDW =      333.6080  1-4 EEL =     5600.4952  RESTRAINT  =       50.4235
 EAMBER  =    -2539.3373


   NSTEP       ENERGY          RMS            GMAX         NAME    NUMBER
    700      -2.4889E+03     2.7935E-04     2.8340E-03     CB       1382

 BOND    =       31.9017  ANGLE   =      211.4313  DIHED      =     1076.8713
 VDWAALS =     -758.6895  EEL     =    -7123.3062  EGB        =    -1911.6877
 1-4 VDW =      333.6356  1-4 EEL =     5600.5184  RESTRAINT  =       50.4101
 EAMBER  =    -2539.3250

     ... RESTARTED DUE TO LINMIN FAILURE ...


                    FINAL RESULTS



   NSTEP       ENERGY          RMS            GMAX         NAME    NUMBER
    791      -2.4889E+03     8.4609E-05     1.0706E-03     HG23     1387

 BOND    =       31.9014  ANGLE   =      211.4303  DIHED      =     1076.8717
 VDWAALS =     -758.6871  EEL     =    -7123.3134  EGB        =    -1911.6843
 1-4 VDW =      333.6370  1-4 EEL =     5600.5193  RESTRAINT  =       50.4101
 EAMBER  =    -2539.3251

--------------------------------------------------------------------------------
   5.  TIMINGS
--------------------------------------------------------------------------------

|                Calc gb radii             45.45 (20.10% of Gen B)
|                Calc gb diag              84.31 (37.29% of Gen B)
|                Calc gb off-diag          96.33 (42.61% of Gen B)
|             Gen Born time            226.10 (100.0% of Nonbo)
|          Nonbond force            226.10 (99.27% of Force)
|          Bond/Angle/Dihedral        1.65 ( 0.72% of Force)
|          Other                      0.01 ( 0.01% of Force)
|       Force time               227.76 (100.0% of Runmd)
|    Runmd Time               227.76 (99.74% of Total)
|    Other                      0.60 ( 0.26% of Total)
| Total time               228.36 (100.0% of ALL  )

| Number of list builds   :          0

| Highest rstack allocated:          0
| Highest istack allocated:          0
|           Job began  at 13:18:45.232  on 02/03/2016
|           Setup done at 13:18:45.287  on 02/03/2016
|           Run   done at 13:22:33.587  on 02/03/2016
|     wallclock() was called   14266 times
