
          -------------------------------------------------------
          Amber 14 SANDER                              2014
          -------------------------------------------------------

| Run on 02/03/2016 at 14:55:11

|   Executable path: sander
| Working directory: /lustre/cs1500/scratch/kmb413/RealDecoyDisc/DecoyDiscrimination/decoys.set2.init/1aaj/Rosetta_relaxed
|          Hostname: slepner25


File Assignments:
|  MDIN: /scratch/kmb413/RealDecoyDisc/DecoyDiscrimination/scripts/min/min.in  
| MDOUT: NoH_5_empty_tag_557_0001_0001.out                                     
|INPCRD: NoH_5_empty_tag_557_0001_0001.rst7                                    
|  PARM: NoH_5_empty_tag_557_0001_0001.parm7                                   
|RESTRT: min_NoH_5_empty_tag_557_0001_0001.rst7                                
|  REFC: NoH_5_empty_tag_557_0001_0001.rst7                                    
| MDVEL: mdvel                                                                 
| MDFRC: mdfrc                                                                 
|  MDEN: mden                                                                  
| MDCRD: mdcrd                                                                 
|MDINFO: mdinfo                                                                
|  MTMD: mtmd                                                                  
|INPDIP: inpdip                                                                
|RSTDIP: rstdip                                                                
|INPTRA: inptraj                                                               


 Here is the input file:

                                                                               
&cntrl                                                                         
    imin = 1, maxcyc=1000,                                                     
    ntx = 1,                                                                   
    ntwr = 100, ntpr = 100,                                                    
    cut = 999.0,                                                               
    ntb = 0, igb = 8,                                                          
    ntr = 1, restraint_wt = 10, restraintmask = "!@H=",                        
/                                                                              

--------------------------------------------------------------------------------
   1.  RESOURCE   USE: 
--------------------------------------------------------------------------------

| Flags:                                                                        
| New format PARM file being parsed.
| Version =    1.000 Date = 02/03/16 Time = 11:54:01
 NATOM  =    1590 NTYPES =      14 NBONH =     791 MBONA  =     820
 NTHETH =    1812 MTHETA =    1115 NPHIH =    3578 MPHIA  =    3525
 NHPARM =       0 NPARM  =       0 NNB   =    8805 NRES   =     104
 NBONA  =     820 NTHETA =    1115 NPHIA =    3525 NUMBND =      65
 NUMANG =     152 NPTRA  =     189 NATYP =      33 NPHB   =       0
 IFBOX  =       0 NMXRS  =      24 IFCAP =       0 NEXTRA =       0
 NCOPY  =       0

 Implicit solvent radii are ArgH and AspGluO modified Bondi2 radii (mbondi3)                                
 Replacing prmtop screening parameters with GBn2 (igb=8) values

|     Memory Use     Allocated
|     Real              145027
|     Hollerith           4876
|     Integer           109197
|     Max Pairs              1
|     nblistReal             0
|     nblist Int             0
|       Total             1578 kbytes

| Note: 1-4 EEL scale factors are being read from the topology file.

| Note: 1-4 VDW scale factors are being read from the topology file.
| Duplicated    0 dihedrals
| Duplicated    0 dihedrals

--------------------------------------------------------------------------------
   2.  CONTROL  DATA  FOR  THE  RUN
--------------------------------------------------------------------------------

default_name                                                                    

General flags:
     imin    =       1, nmropt  =       0

Nature and format of input:
     ntx     =       1, irest   =       0, ntrx    =       1

Nature and format of output:
     ntxo    =       1, ntpr    =     100, ntrx    =       1, ntwr    =     100
     iwrap   =       0, ntwx    =       0, ntwv    =       0, ntwe    =       0
     ioutfm  =       0, ntwprt  =       0, idecomp =       0, rbornstat=      0

Potential function:
     ntf     =       1, ntb     =       0, igb     =       8, nsnb    =      25
     ipol    =       0, gbsa    =       0, iesp    =       0
     dielc   =   1.00000, cut     = 999.00000, intdiel =   1.00000
     saltcon =   0.00000, offset  =   0.19514, surften =   0.00500
     rdt     =   0.00000, rgbmax  =  25.00000  extdiel =  78.50000
     alpb  =        0
     gbalphaH  =   0.78844, gbbetaH   =   0.79870,  gbgammaH  =    0.43733
     gbalphaC  =   0.73376, gbbetaC   =   0.50638,  gbgammaC  =    0.20584
     gbalphaN  =   0.50336, gbbetaN   =   0.31683,  gbgammaN  =    0.19292
     gbalphaOS =   0.86781, gbbetaOS  =   0.87664,  gbgammaOS =    0.38788
     gbalphaP  =   1.00000, gbbetaP   =   0.80000,  gbgammaP  =    4.85000
     gb_alpha_hnu  =   0.53705, gb_beta_hnu   =   0.36286,  gb_gamma_hnu  =    0.11670
     gb_alpha_cnu  =   0.33167, gb_beta_cnu   =   0.19684,  gb_gamma_cnu  =    0.09342
     gb_alpha_nnu  =   0.68631, gb_beta_nnu   =   0.46319,  gb_gamma_nnu  =    0.13872
     gb_alpha_onu  =   0.60634, gb_beta_onu   =   0.46301,  gb_gamma_onu  =    0.14226
     gb_alpha_pnu  =   0.41836, gb_beta_pnu   =   0.29005,  gb_gamma_pnu  =    0.10642

Frozen or restrained atoms:
     ibelly  =       0, ntr     =       1
     restraint_wt =  10.00000

Energy minimization:
     maxcyc  =    1000, ncyc    =      10, ntmin   =       1
     dx0     =   0.01000, drms    =   0.00010
|  INFO: Old style inpcrd file read


    LOADING THE CONSTRAINED ATOMS AS GROUPS


   5.  REFERENCE ATOM COORDINATES

  defa
     Mask !@H=; matches   799 atoms

--------------------------------------------------------------------------------
   3.  ATOMIC COORDINATES AND VELOCITIES
--------------------------------------------------------------------------------

default_name                                                                    
 begin time read from input coords =     0.000 ps

 Number of triangulated 3-point waters found:        0

--------------------------------------------------------------------------------
   4.  RESULTS
--------------------------------------------------------------------------------



   NSTEP       ENERGY          RMS            GMAX         NAME    NUMBER
      1      -2.2003E+03     9.1880E+00     6.1181E+01     OE1       104

 BOND    =       71.1618  ANGLE   =      211.8367  DIHED      =     1082.5714
 VDWAALS =     -667.1536  EEL     =    -7440.4162  EGB        =    -1649.6126
 1-4 VDW =      439.1971  1-4 EEL =     5752.1165  RESTRAINT  =        0.0000


   NSTEP       ENERGY          RMS            GMAX         NAME    NUMBER
    100      -2.6083E+03     4.9523E-01     8.4936E+00     CD       1260

 BOND    =       32.2253  ANGLE   =      210.5188  DIHED      =     1083.1870
 VDWAALS =     -820.9863  EEL     =    -7490.1999  EGB        =    -1666.8352
 1-4 VDW =      328.0066  1-4 EEL =     5670.2819  RESTRAINT  =       45.5139
 EAMBER  =    -2653.8018


   NSTEP       ENERGY          RMS            GMAX         NAME    NUMBER
    200      -2.6219E+03     2.3382E-01     3.0759E+00     CG       1324

 BOND    =       32.1049  ANGLE   =      209.4441  DIHED      =     1080.2713
 VDWAALS =     -820.3696  EEL     =    -7500.8842  EGB        =    -1669.3139
 1-4 VDW =      328.8826  1-4 EEL =     5672.6372  RESTRAINT  =       45.3649
 EAMBER  =    -2667.2276


   NSTEP       ENERGY          RMS            GMAX         NAME    NUMBER
    300      -2.6285E+03     3.6149E-01     4.7567E+00     CD        193

 BOND    =       32.9590  ANGLE   =      211.9423  DIHED      =     1080.9628
 VDWAALS =     -821.2489  EEL     =    -7504.4199  EGB        =    -1670.8812
 1-4 VDW =      326.8885  1-4 EEL =     5668.7656  RESTRAINT  =       46.5033
 EAMBER  =    -2675.0318


   NSTEP       ENERGY          RMS            GMAX         NAME    NUMBER
    400      -2.6360E+03     9.9198E-02     1.4986E+00     HG1      1389

 BOND    =       31.8234  ANGLE   =      208.7705  DIHED      =     1078.4754
 VDWAALS =     -819.7245  EEL     =    -7516.3934  EGB        =    -1664.6147
 1-4 VDW =      329.4830  1-4 EEL =     5671.9651  RESTRAINT  =       44.2437
 EAMBER  =    -2680.2152


   NSTEP       ENERGY          RMS            GMAX         NAME    NUMBER
    500      -2.6361E+03     3.5410E-02     4.3144E-01     CG2      1384

 BOND    =       31.7356  ANGLE   =      208.5469  DIHED      =     1078.6712
 VDWAALS =     -819.7078  EEL     =    -7516.6559  EGB        =    -1664.8125
 1-4 VDW =      329.7132  1-4 EEL =     5672.2772  RESTRAINT  =       44.0985
 EAMBER  =    -2680.2322


   NSTEP       ENERGY          RMS            GMAX         NAME    NUMBER
    600      -2.6362E+03     4.0792E-02     5.1022E-01     HG       1180

 BOND    =       31.7585  ANGLE   =      208.6225  DIHED      =     1078.8669
 VDWAALS =     -819.7940  EEL     =    -7516.1365  EGB        =    -1665.6256
 1-4 VDW =      329.6472  1-4 EEL =     5672.2833  RESTRAINT  =       44.1639
 EAMBER  =    -2680.3776


   NSTEP       ENERGY          RMS            GMAX         NAME    NUMBER
    700      -2.6368E+03     2.2299E-02     7.3797E-01     HG       1180

 BOND    =       31.7487  ANGLE   =      208.6520  DIHED      =     1078.2055
 VDWAALS =     -819.8108  EEL     =    -7514.0164  EGB        =    -1667.7218
 1-4 VDW =      329.7447  1-4 EEL =     5672.2949  RESTRAINT  =       44.1172
 EAMBER  =    -2680.9032


   NSTEP       ENERGY          RMS            GMAX         NAME    NUMBER
    800      -2.6368E+03     2.8491E-03     4.2837E-02     HA       1381

 BOND    =       31.7060  ANGLE   =      208.6057  DIHED      =     1078.0827
 VDWAALS =     -819.7322  EEL     =    -7513.9077  EGB        =    -1667.9345
 1-4 VDW =      329.8467  1-4 EEL =     5672.3781  RESTRAINT  =       44.1189
 EAMBER  =    -2680.9551


   NSTEP       ENERGY          RMS            GMAX         NAME    NUMBER
    900      -2.6368E+03     5.3761E-03     1.2320E-01     HH       1310

 BOND    =       31.7109  ANGLE   =      208.6149  DIHED      =     1078.4827
 VDWAALS =     -819.6838  EEL     =    -7514.7858  EGB        =    -1667.5700
 1-4 VDW =      329.8442  1-4 EEL =     5672.4459  RESTRAINT  =       44.0955
 EAMBER  =    -2680.9409


   NSTEP       ENERGY          RMS            GMAX         NAME    NUMBER
   1000      -2.6379E+03     1.6240E-01     3.8732E+00     HH       1310

 BOND    =       32.0531  ANGLE   =      209.1880  DIHED      =     1080.6967
 VDWAALS =     -819.5028  EEL     =    -7523.0637  EGB        =    -1664.0151
 1-4 VDW =      329.3692  1-4 EEL =     5672.7710  RESTRAINT  =       44.5898
 EAMBER  =    -2682.5035


  Maximum number of minimization cycles reached.


                    FINAL RESULTS



   NSTEP       ENERGY          RMS            GMAX         NAME    NUMBER
   1000      -2.6379E+03     1.6240E-01     3.8732E+00     HH       1310

 BOND    =       32.0531  ANGLE   =      209.1880  DIHED      =     1080.6967
 VDWAALS =     -819.5028  EEL     =    -7523.0637  EGB        =    -1664.0151
 1-4 VDW =      329.3692  1-4 EEL =     5672.7710  RESTRAINT  =       44.5898
 EAMBER  =    -2682.5035

--------------------------------------------------------------------------------
   5.  TIMINGS
--------------------------------------------------------------------------------

|                Calc gb radii             58.94 (20.29% of Gen B)
|                Calc gb diag             109.48 (37.69% of Gen B)
|                Calc gb off-diag         122.07 (42.02% of Gen B)
|             Gen Born time            290.49 (100.0% of Nonbo)
|          Nonbond force            290.49 (99.29% of Force)
|          Bond/Angle/Dihedral        2.06 ( 0.71% of Force)
|          Other                      0.02 ( 0.01% of Force)
|       Force time               292.57 (100.0% of Runmd)
|    Runmd Time               292.57 (99.73% of Total)
|    Other                      0.79 ( 0.27% of Total)
| Total time               293.36 (100.0% of ALL  )

| Number of list builds   :          0

| Highest rstack allocated:          0
| Highest istack allocated:          0
|           Job began  at 14:55:11.645  on 02/03/2016
|           Setup done at 14:55:11.716  on 02/03/2016
|           Run   done at 15:00:05.008  on 02/03/2016
|     wallclock() was called   18028 times
