
          -------------------------------------------------------
          Amber 14 SANDER                              2014
          -------------------------------------------------------

| Run on 02/03/2016 at 14:23:01

|   Executable path: sander
| Working directory: /lustre/cs1500/scratch/kmb413/RealDecoyDisc/DecoyDiscrimination/decoys.set2.init/1aaj/Rosetta_relaxed
|          Hostname: slepner15


File Assignments:
|  MDIN: /scratch/kmb413/RealDecoyDisc/DecoyDiscrimination/scripts/min/min.in  
| MDOUT: NoH_2_empty_tag_1_553_0001.out                                        
|INPCRD: NoH_2_empty_tag_1_553_0001.rst7                                       
|  PARM: NoH_2_empty_tag_1_553_0001.parm7                                      
|RESTRT: min_NoH_2_empty_tag_1_553_0001.rst7                                   
|  REFC: NoH_2_empty_tag_1_553_0001.rst7                                       
| MDVEL: mdvel                                                                 
| MDFRC: mdfrc                                                                 
|  MDEN: mden                                                                  
| MDCRD: mdcrd                                                                 
|MDINFO: mdinfo                                                                
|  MTMD: mtmd                                                                  
|INPDIP: inpdip                                                                
|RSTDIP: rstdip                                                                
|INPTRA: inptraj                                                               


 Here is the input file:

                                                                               
&cntrl                                                                         
    imin = 1, maxcyc=1000,                                                     
    ntx = 1,                                                                   
    ntwr = 100, ntpr = 100,                                                    
    cut = 999.0,                                                               
    ntb = 0, igb = 8,                                                          
    ntr = 1, restraint_wt = 10, restraintmask = "!@H=",                        
/                                                                              

--------------------------------------------------------------------------------
   1.  RESOURCE   USE: 
--------------------------------------------------------------------------------

| Flags:                                                                        
| New format PARM file being parsed.
| Version =    1.000 Date = 02/03/16 Time = 11:47:14
 NATOM  =    1590 NTYPES =      14 NBONH =     791 MBONA  =     820
 NTHETH =    1812 MTHETA =    1115 NPHIH =    3578 MPHIA  =    3525
 NHPARM =       0 NPARM  =       0 NNB   =    8805 NRES   =     104
 NBONA  =     820 NTHETA =    1115 NPHIA =    3525 NUMBND =      65
 NUMANG =     152 NPTRA  =     189 NATYP =      33 NPHB   =       0
 IFBOX  =       0 NMXRS  =      24 IFCAP =       0 NEXTRA =       0
 NCOPY  =       0

 Implicit solvent radii are ArgH and AspGluO modified Bondi2 radii (mbondi3)                                
 Replacing prmtop screening parameters with GBn2 (igb=8) values

|     Memory Use     Allocated
|     Real              145027
|     Hollerith           4876
|     Integer           109197
|     Max Pairs              1
|     nblistReal             0
|     nblist Int             0
|       Total             1578 kbytes

| Note: 1-4 EEL scale factors are being read from the topology file.

| Note: 1-4 VDW scale factors are being read from the topology file.
| Duplicated    0 dihedrals
| Duplicated    0 dihedrals

--------------------------------------------------------------------------------
   2.  CONTROL  DATA  FOR  THE  RUN
--------------------------------------------------------------------------------

default_name                                                                    

General flags:
     imin    =       1, nmropt  =       0

Nature and format of input:
     ntx     =       1, irest   =       0, ntrx    =       1

Nature and format of output:
     ntxo    =       1, ntpr    =     100, ntrx    =       1, ntwr    =     100
     iwrap   =       0, ntwx    =       0, ntwv    =       0, ntwe    =       0
     ioutfm  =       0, ntwprt  =       0, idecomp =       0, rbornstat=      0

Potential function:
     ntf     =       1, ntb     =       0, igb     =       8, nsnb    =      25
     ipol    =       0, gbsa    =       0, iesp    =       0
     dielc   =   1.00000, cut     = 999.00000, intdiel =   1.00000
     saltcon =   0.00000, offset  =   0.19514, surften =   0.00500
     rdt     =   0.00000, rgbmax  =  25.00000  extdiel =  78.50000
     alpb  =        0
     gbalphaH  =   0.78844, gbbetaH   =   0.79870,  gbgammaH  =    0.43733
     gbalphaC  =   0.73376, gbbetaC   =   0.50638,  gbgammaC  =    0.20584
     gbalphaN  =   0.50336, gbbetaN   =   0.31683,  gbgammaN  =    0.19292
     gbalphaOS =   0.86781, gbbetaOS  =   0.87664,  gbgammaOS =    0.38788
     gbalphaP  =   1.00000, gbbetaP   =   0.80000,  gbgammaP  =    4.85000
     gb_alpha_hnu  =   0.53705, gb_beta_hnu   =   0.36286,  gb_gamma_hnu  =    0.11670
     gb_alpha_cnu  =   0.33167, gb_beta_cnu   =   0.19684,  gb_gamma_cnu  =    0.09342
     gb_alpha_nnu  =   0.68631, gb_beta_nnu   =   0.46319,  gb_gamma_nnu  =    0.13872
     gb_alpha_onu  =   0.60634, gb_beta_onu   =   0.46301,  gb_gamma_onu  =    0.14226
     gb_alpha_pnu  =   0.41836, gb_beta_pnu   =   0.29005,  gb_gamma_pnu  =    0.10642

Frozen or restrained atoms:
     ibelly  =       0, ntr     =       1
     restraint_wt =  10.00000

Energy minimization:
     maxcyc  =    1000, ncyc    =      10, ntmin   =       1
     dx0     =   0.01000, drms    =   0.00010
|  INFO: Old style inpcrd file read


    LOADING THE CONSTRAINED ATOMS AS GROUPS


   5.  REFERENCE ATOM COORDINATES

  defa
     Mask !@H=; matches   799 atoms

--------------------------------------------------------------------------------
   3.  ATOMIC COORDINATES AND VELOCITIES
--------------------------------------------------------------------------------

default_name                                                                    
 begin time read from input coords =     0.000 ps

 Number of triangulated 3-point waters found:        0

--------------------------------------------------------------------------------
   4.  RESULTS
--------------------------------------------------------------------------------



   NSTEP       ENERGY          RMS            GMAX         NAME    NUMBER
      1      -2.1866E+03     9.2002E+00     6.9523E+01     OXT      1590

 BOND    =       71.1177  ANGLE   =      212.1199  DIHED      =     1085.6316
 VDWAALS =     -637.4377  EEL     =    -7205.7432  EGB        =    -1873.4774
 1-4 VDW =      444.4673  1-4 EEL =     5716.7282  RESTRAINT  =        0.0000


   NSTEP       ENERGY          RMS            GMAX         NAME    NUMBER
    100      -2.5774E+03     5.6705E-01     8.0035E+00     CD        193

 BOND    =       32.5285  ANGLE   =      210.2396  DIHED      =     1090.3465
 VDWAALS =     -788.2349  EEL     =    -7226.0074  EGB        =    -1894.6953
 1-4 VDW =      328.5472  1-4 EEL =     5624.6224  RESTRAINT  =       45.2536
 EAMBER  =    -2622.6535


   NSTEP       ENERGY          RMS            GMAX         NAME    NUMBER
    200      -2.5973E+03     1.4016E-01     2.5814E+00     HG1      1389

 BOND    =       31.7276  ANGLE   =      209.0172  DIHED      =     1086.8455
 VDWAALS =     -787.5638  EEL     =    -7247.0644  EGB        =    -1889.9884
 1-4 VDW =      329.7823  1-4 EEL =     5626.1908  RESTRAINT  =       43.7043
 EAMBER  =    -2641.0532


   NSTEP       ENERGY          RMS            GMAX         NAME    NUMBER
    300      -2.6002E+03     2.1290E-01     2.1540E+00     CG       1324

 BOND    =       31.8103  ANGLE   =      209.3764  DIHED      =     1084.9435
 VDWAALS =     -788.6184  EEL     =    -7252.7773  EGB        =    -1888.1200
 1-4 VDW =      329.7472  1-4 EEL =     5629.0261  RESTRAINT  =       44.4176
 EAMBER  =    -2644.6122


   NSTEP       ENERGY          RMS            GMAX         NAME    NUMBER
    400      -2.6036E+03     4.4095E-02     5.9969E-01     OG1      1212

 BOND    =       31.4878  ANGLE   =      208.4264  DIHED      =     1082.2348
 VDWAALS =     -788.5611  EEL     =    -7255.2778  EGB        =    -1887.5759
 1-4 VDW =      330.6354  1-4 EEL =     5630.7742  RESTRAINT  =       44.2393
 EAMBER  =    -2647.8562


   NSTEP       ENERGY          RMS            GMAX         NAME    NUMBER
    500      -2.6037E+03     2.8291E-03     3.7363E-02     CG2      1208

 BOND    =       31.4165  ANGLE   =      208.2924  DIHED      =     1082.1457
 VDWAALS =     -788.4751  EEL     =    -7255.2735  EGB        =    -1887.6152
 1-4 VDW =      330.8748  1-4 EEL =     5630.8131  RESTRAINT  =       44.1671
 EAMBER  =    -2647.8212


   NSTEP       ENERGY          RMS            GMAX         NAME    NUMBER
    600      -2.6037E+03     2.0890E-03     3.0864E-02     CE2       650

 BOND    =       31.4094  ANGLE   =      208.2758  DIHED      =     1082.1406
 VDWAALS =     -788.4753  EEL     =    -7255.2950  EGB        =    -1887.6135
 1-4 VDW =      330.8993  1-4 EEL =     5630.8321  RESTRAINT  =       44.1715
 EAMBER  =    -2647.8266


   NSTEP       ENERGY          RMS            GMAX         NAME    NUMBER
    700      -2.6037E+03     3.9899E-04     6.3568E-03     CE2       650

 BOND    =       31.4093  ANGLE   =      208.2750  DIHED      =     1082.1398
 VDWAALS =     -788.4751  EEL     =    -7255.2921  EGB        =    -1887.6116
 1-4 VDW =      330.9010  1-4 EEL =     5630.8272  RESTRAINT  =       44.1714
 EAMBER  =    -2647.8266

     ... RESTARTED DUE TO LINMIN FAILURE ...


   NSTEP       ENERGY          RMS            GMAX         NAME    NUMBER
    800      -2.6037E+03     3.3998E-04     6.1997E-03     CG       1324

 BOND    =       31.4097  ANGLE   =      208.2753  DIHED      =     1082.1397
 VDWAALS =     -788.4761  EEL     =    -7255.2927  EGB        =    -1887.6113
 1-4 VDW =      330.9005  1-4 EEL =     5630.8271  RESTRAINT  =       44.1726
 EAMBER  =    -2647.8279


   NSTEP       ENERGY          RMS            GMAX         NAME    NUMBER
    900      -2.6037E+03     1.5989E-04     2.6818E-03     HD13      332

 BOND    =       31.4095  ANGLE   =      208.2755  DIHED      =     1082.1396
 VDWAALS =     -788.4772  EEL     =    -7255.2941  EGB        =    -1887.6110
 1-4 VDW =      330.9010  1-4 EEL =     5630.8279  RESTRAINT  =       44.1735
 EAMBER  =    -2647.8288


                    FINAL RESULTS



   NSTEP       ENERGY          RMS            GMAX         NAME    NUMBER
    917      -2.6037E+03     9.9115E-05     2.3081E-03     HD13      332

 BOND    =       31.4095  ANGLE   =      208.2755  DIHED      =     1082.1396
 VDWAALS =     -788.4775  EEL     =    -7255.2942  EGB        =    -1887.6109
 1-4 VDW =      330.9010  1-4 EEL =     5630.8280  RESTRAINT  =       44.1737
 EAMBER  =    -2647.8290

--------------------------------------------------------------------------------
   5.  TIMINGS
--------------------------------------------------------------------------------

|                Calc gb radii             54.45 (20.34% of Gen B)
|                Calc gb diag             101.38 (37.88% of Gen B)
|                Calc gb off-diag         111.82 (41.78% of Gen B)
|             Gen Born time            267.66 (100.0% of Nonbo)
|          Nonbond force            267.66 (99.29% of Force)
|          Bond/Angle/Dihedral        1.90 ( 0.71% of Force)
|          Other                      0.01 ( 0.01% of Force)
|       Force time               269.58 (100.0% of Runmd)
|    Runmd Time               269.58 (99.68% of Total)
|    Other                      0.85 ( 0.31% of Total)
| Total time               270.43 (100.0% of ALL  )

| Number of list builds   :          0

| Highest rstack allocated:          0
| Highest istack allocated:          0
|           Job began  at 14:23:01.635  on 02/03/2016
|           Setup done at 14:23:01.686  on 02/03/2016
|           Run   done at 14:27:32.066  on 02/03/2016
|     wallclock() was called   16534 times
