
          -------------------------------------------------------
          Amber 14 SANDER                              2014
          -------------------------------------------------------

| Run on 02/03/2016 at 13:06:07

|   Executable path: sander
| Working directory: /lustre/cs1500/scratch/kmb413/RealDecoyDisc/DecoyDiscrimination/decoys.set2.init/1aaj/Rosetta_relaxed
|          Hostname: slepner1


File Assignments:
|  MDIN: /scratch/kmb413/RealDecoyDisc/DecoyDiscrimination/scripts/min/min.in  
| MDOUT: NoH_3_empty_tag_421_0001_0001.out                                     
|INPCRD: NoH_3_empty_tag_421_0001_0001.rst7                                    
|  PARM: NoH_3_empty_tag_421_0001_0001.parm7                                   
|RESTRT: min_NoH_3_empty_tag_421_0001_0001.rst7                                
|  REFC: NoH_3_empty_tag_421_0001_0001.rst7                                    
| MDVEL: mdvel                                                                 
| MDFRC: mdfrc                                                                 
|  MDEN: mden                                                                  
| MDCRD: mdcrd                                                                 
|MDINFO: mdinfo                                                                
|  MTMD: mtmd                                                                  
|INPDIP: inpdip                                                                
|RSTDIP: rstdip                                                                
|INPTRA: inptraj                                                               


 Here is the input file:

                                                                               
&cntrl                                                                         
    imin = 1, maxcyc=1000,                                                     
    ntx = 1,                                                                   
    ntwr = 100, ntpr = 100,                                                    
    cut = 999.0,                                                               
    ntb = 0, igb = 8,                                                          
    ntr = 1, restraint_wt = 10, restraintmask = "!@H=",                        
/                                                                              

--------------------------------------------------------------------------------
   1.  RESOURCE   USE: 
--------------------------------------------------------------------------------

| Flags:                                                                        
| New format PARM file being parsed.
| Version =    1.000 Date = 02/03/16 Time = 11:50:02
 NATOM  =    1590 NTYPES =      14 NBONH =     791 MBONA  =     820
 NTHETH =    1812 MTHETA =    1115 NPHIH =    3578 MPHIA  =    3525
 NHPARM =       0 NPARM  =       0 NNB   =    8805 NRES   =     104
 NBONA  =     820 NTHETA =    1115 NPHIA =    3525 NUMBND =      65
 NUMANG =     152 NPTRA  =     189 NATYP =      33 NPHB   =       0
 IFBOX  =       0 NMXRS  =      24 IFCAP =       0 NEXTRA =       0
 NCOPY  =       0

 Implicit solvent radii are ArgH and AspGluO modified Bondi2 radii (mbondi3)                                
 Replacing prmtop screening parameters with GBn2 (igb=8) values

|     Memory Use     Allocated
|     Real              145027
|     Hollerith           4876
|     Integer           109197
|     Max Pairs              1
|     nblistReal             0
|     nblist Int             0
|       Total             1578 kbytes

| Note: 1-4 EEL scale factors are being read from the topology file.

| Note: 1-4 VDW scale factors are being read from the topology file.
| Duplicated    0 dihedrals
| Duplicated    0 dihedrals

--------------------------------------------------------------------------------
   2.  CONTROL  DATA  FOR  THE  RUN
--------------------------------------------------------------------------------

default_name                                                                    

General flags:
     imin    =       1, nmropt  =       0

Nature and format of input:
     ntx     =       1, irest   =       0, ntrx    =       1

Nature and format of output:
     ntxo    =       1, ntpr    =     100, ntrx    =       1, ntwr    =     100
     iwrap   =       0, ntwx    =       0, ntwv    =       0, ntwe    =       0
     ioutfm  =       0, ntwprt  =       0, idecomp =       0, rbornstat=      0

Potential function:
     ntf     =       1, ntb     =       0, igb     =       8, nsnb    =      25
     ipol    =       0, gbsa    =       0, iesp    =       0
     dielc   =   1.00000, cut     = 999.00000, intdiel =   1.00000
     saltcon =   0.00000, offset  =   0.19514, surften =   0.00500
     rdt     =   0.00000, rgbmax  =  25.00000  extdiel =  78.50000
     alpb  =        0
     gbalphaH  =   0.78844, gbbetaH   =   0.79870,  gbgammaH  =    0.43733
     gbalphaC  =   0.73376, gbbetaC   =   0.50638,  gbgammaC  =    0.20584
     gbalphaN  =   0.50336, gbbetaN   =   0.31683,  gbgammaN  =    0.19292
     gbalphaOS =   0.86781, gbbetaOS  =   0.87664,  gbgammaOS =    0.38788
     gbalphaP  =   1.00000, gbbetaP   =   0.80000,  gbgammaP  =    4.85000
     gb_alpha_hnu  =   0.53705, gb_beta_hnu   =   0.36286,  gb_gamma_hnu  =    0.11670
     gb_alpha_cnu  =   0.33167, gb_beta_cnu   =   0.19684,  gb_gamma_cnu  =    0.09342
     gb_alpha_nnu  =   0.68631, gb_beta_nnu   =   0.46319,  gb_gamma_nnu  =    0.13872
     gb_alpha_onu  =   0.60634, gb_beta_onu   =   0.46301,  gb_gamma_onu  =    0.14226
     gb_alpha_pnu  =   0.41836, gb_beta_pnu   =   0.29005,  gb_gamma_pnu  =    0.10642

Frozen or restrained atoms:
     ibelly  =       0, ntr     =       1
     restraint_wt =  10.00000

Energy minimization:
     maxcyc  =    1000, ncyc    =      10, ntmin   =       1
     dx0     =   0.01000, drms    =   0.00010
|  INFO: Old style inpcrd file read


    LOADING THE CONSTRAINED ATOMS AS GROUPS


   5.  REFERENCE ATOM COORDINATES

  defa
     Mask !@H=; matches   799 atoms

--------------------------------------------------------------------------------
   3.  ATOMIC COORDINATES AND VELOCITIES
--------------------------------------------------------------------------------

default_name                                                                    
 begin time read from input coords =     0.000 ps

 Number of triangulated 3-point waters found:        0

--------------------------------------------------------------------------------
   4.  RESULTS
--------------------------------------------------------------------------------



   NSTEP       ENERGY          RMS            GMAX         NAME    NUMBER
      1      -2.2274E+03     9.1361E+00     6.6846E+01     OE1       104

 BOND    =       70.8234  ANGLE   =      211.7711  DIHED      =     1075.4457
 VDWAALS =     -653.0071  EEL     =    -7081.9021  EGB        =    -1968.2766
 1-4 VDW =      441.3438  1-4 EEL =     5676.4076  RESTRAINT  =        0.0000


   NSTEP       ENERGY          RMS            GMAX         NAME    NUMBER
    100      -2.5897E+03     2.9416E-01     2.6172E+00     NE1       648

 BOND    =       31.3398  ANGLE   =      208.0477  DIHED      =     1078.5367
 VDWAALS =     -801.4519  EEL     =    -7078.8266  EGB        =    -1984.9417
 1-4 VDW =      329.9439  1-4 EEL =     5586.7603  RESTRAINT  =       40.8560
 EAMBER  =    -2630.5917


   NSTEP       ENERGY          RMS            GMAX         NAME    NUMBER
    200      -2.5942E+03     1.4027E-01     2.2227E+00     HG1      1389

 BOND    =       31.3439  ANGLE   =      208.7799  DIHED      =     1078.2873
 VDWAALS =     -805.0338  EEL     =    -7088.4126  EGB        =    -1979.2462
 1-4 VDW =      329.6167  1-4 EEL =     5587.3993  RESTRAINT  =       43.0372
 EAMBER  =    -2637.2655


   NSTEP       ENERGY          RMS            GMAX         NAME    NUMBER
    300      -2.5968E+03     5.0050E-02     7.7528E-01     HG       1180

 BOND    =       31.0889  ANGLE   =      208.2785  DIHED      =     1075.9491
 VDWAALS =     -805.6936  EEL     =    -7091.5651  EGB        =    -1976.6492
 1-4 VDW =      330.2925  1-4 EEL =     5588.3770  RESTRAINT  =       43.1016
 EAMBER  =    -2639.9219


   NSTEP       ENERGY          RMS            GMAX         NAME    NUMBER
    400      -2.6036E+03     8.1941E-02     1.4233E+00     C          23

 BOND    =       31.2420  ANGLE   =      208.1142  DIHED      =     1075.0678
 VDWAALS =     -804.0175  EEL     =    -7103.0460  EGB        =    -1972.3276
 1-4 VDW =      330.4618  1-4 EEL =     5588.3539  RESTRAINT  =       42.5674
 EAMBER  =    -2646.1514


   NSTEP       ENERGY          RMS            GMAX         NAME    NUMBER
    500      -2.6037E+03     2.5057E-02     4.2333E-01     HG1       635

 BOND    =       31.1977  ANGLE   =      208.1168  DIHED      =     1075.2120
 VDWAALS =     -804.0975  EEL     =    -7104.3132  EGB        =    -1971.5347
 1-4 VDW =      330.5264  1-4 EEL =     5588.6110  RESTRAINT  =       42.5475
 EAMBER  =    -2646.2814


   NSTEP       ENERGY          RMS            GMAX         NAME    NUMBER
    600      -2.6046E+03     8.3492E-02     1.7434E+00     CB        628

 BOND    =       31.3176  ANGLE   =      208.2123  DIHED      =     1074.4318
 VDWAALS =     -804.2510  EEL     =    -7107.5426  EGB        =    -1969.2421
 1-4 VDW =      330.4737  1-4 EEL =     5589.3370  RESTRAINT  =       42.6539
 EAMBER  =    -2647.2633


   NSTEP       ENERGY          RMS            GMAX         NAME    NUMBER
    700      -2.6052E+03     6.9621E-03     1.0886E-01     OG       1179

 BOND    =       31.1323  ANGLE   =      208.0110  DIHED      =     1073.6106
 VDWAALS =     -804.2566  EEL     =    -7107.8117  EGB        =    -1968.7733
 1-4 VDW =      330.7876  1-4 EEL =     5589.6213  RESTRAINT  =       42.5091
 EAMBER  =    -2647.6788


   NSTEP       ENERGY          RMS            GMAX         NAME    NUMBER
    800      -2.6052E+03     1.1846E-03     1.6215E-02     HG23     1245

 BOND    =       31.1211  ANGLE   =      207.9938  DIHED      =     1073.5984
 VDWAALS =     -804.2667  EEL     =    -7107.7977  EGB        =    -1968.7540
 1-4 VDW =      330.8211  1-4 EEL =     5589.6124  RESTRAINT  =       42.4987
 EAMBER  =    -2647.6716


   NSTEP       ENERGY          RMS            GMAX         NAME    NUMBER
    900      -2.6052E+03     1.6759E-04     3.0766E-03     CD        729

 BOND    =       31.1169  ANGLE   =      207.9911  DIHED      =     1073.6131
 VDWAALS =     -804.2884  EEL     =    -7107.7704  EGB        =    -1968.7552
 1-4 VDW =      330.8361  1-4 EEL =     5589.5969  RESTRAINT  =       42.4867
 EAMBER  =    -2647.6600


                    FINAL RESULTS



   NSTEP       ENERGY          RMS            GMAX         NAME    NUMBER
    917      -2.6052E+03     7.6620E-05     9.6354E-04     HG21      631

 BOND    =       31.1171  ANGLE   =      207.9916  DIHED      =     1073.6133
 VDWAALS =     -804.2887  EEL     =    -7107.7706  EGB        =    -1968.7552
 1-4 VDW =      330.8355  1-4 EEL =     5589.5966  RESTRAINT  =       42.4872
 EAMBER  =    -2647.6604

--------------------------------------------------------------------------------
   5.  TIMINGS
--------------------------------------------------------------------------------

|                Calc gb radii             54.63 (20.46% of Gen B)
|                Calc gb diag             100.91 (37.79% of Gen B)
|                Calc gb off-diag         111.52 (41.76% of Gen B)
|             Gen Born time            267.06 (100.0% of Nonbo)
|          Nonbond force            267.06 (99.29% of Force)
|          Bond/Angle/Dihedral        1.90 ( 0.71% of Force)
|          Other                      0.02 ( 0.01% of Force)
|       Force time               268.98 (100.0% of Runmd)
|    Runmd Time               268.98 (99.70% of Total)
|    Other                      0.82 ( 0.30% of Total)
| Total time               269.80 (100.0% of ALL  )

| Number of list builds   :          0

| Highest rstack allocated:          0
| Highest istack allocated:          0
|           Job began  at 13:06:07.718  on 02/03/2016
|           Setup done at 13:06:07.773  on 02/03/2016
|           Run   done at 13:10:37.515  on 02/03/2016
|     wallclock() was called   16534 times
