
          -------------------------------------------------------
          Amber 14 SANDER                              2014
          -------------------------------------------------------

| Run on 02/03/2016 at 14:14:48

|   Executable path: sander
| Working directory: /lustre/cs1500/scratch/kmb413/RealDecoyDisc/DecoyDiscrimination/decoys.set2.init/1aaj/Rosetta_relaxed
|          Hostname: slepner15


File Assignments:
|  MDIN: /scratch/kmb413/RealDecoyDisc/DecoyDiscrimination/scripts/min/min.in  
| MDOUT: NoH_5_empty_tag_1_67_1_0001.out                                       
|INPCRD: NoH_5_empty_tag_1_67_1_0001.rst7                                      
|  PARM: NoH_5_empty_tag_1_67_1_0001.parm7                                     
|RESTRT: min_NoH_5_empty_tag_1_67_1_0001.rst7                                  
|  REFC: NoH_5_empty_tag_1_67_1_0001.rst7                                      
| MDVEL: mdvel                                                                 
| MDFRC: mdfrc                                                                 
|  MDEN: mden                                                                  
| MDCRD: mdcrd                                                                 
|MDINFO: mdinfo                                                                
|  MTMD: mtmd                                                                  
|INPDIP: inpdip                                                                
|RSTDIP: rstdip                                                                
|INPTRA: inptraj                                                               


 Here is the input file:

                                                                               
&cntrl                                                                         
    imin = 1, maxcyc=1000,                                                     
    ntx = 1,                                                                   
    ntwr = 100, ntpr = 100,                                                    
    cut = 999.0,                                                               
    ntb = 0, igb = 8,                                                          
    ntr = 1, restraint_wt = 10, restraintmask = "!@H=",                        
/                                                                              

--------------------------------------------------------------------------------
   1.  RESOURCE   USE: 
--------------------------------------------------------------------------------

| Flags:                                                                        
| New format PARM file being parsed.
| Version =    1.000 Date = 02/03/16 Time = 11:53:14
 NATOM  =    1590 NTYPES =      14 NBONH =     791 MBONA  =     820
 NTHETH =    1812 MTHETA =    1115 NPHIH =    3578 MPHIA  =    3525
 NHPARM =       0 NPARM  =       0 NNB   =    8805 NRES   =     104
 NBONA  =     820 NTHETA =    1115 NPHIA =    3525 NUMBND =      65
 NUMANG =     152 NPTRA  =     189 NATYP =      33 NPHB   =       0
 IFBOX  =       0 NMXRS  =      24 IFCAP =       0 NEXTRA =       0
 NCOPY  =       0

 Implicit solvent radii are ArgH and AspGluO modified Bondi2 radii (mbondi3)                                
 Replacing prmtop screening parameters with GBn2 (igb=8) values

|     Memory Use     Allocated
|     Real              145027
|     Hollerith           4876
|     Integer           109197
|     Max Pairs              1
|     nblistReal             0
|     nblist Int             0
|       Total             1578 kbytes

| Note: 1-4 EEL scale factors are being read from the topology file.

| Note: 1-4 VDW scale factors are being read from the topology file.
| Duplicated    0 dihedrals
| Duplicated    0 dihedrals

--------------------------------------------------------------------------------
   2.  CONTROL  DATA  FOR  THE  RUN
--------------------------------------------------------------------------------

default_name                                                                    

General flags:
     imin    =       1, nmropt  =       0

Nature and format of input:
     ntx     =       1, irest   =       0, ntrx    =       1

Nature and format of output:
     ntxo    =       1, ntpr    =     100, ntrx    =       1, ntwr    =     100
     iwrap   =       0, ntwx    =       0, ntwv    =       0, ntwe    =       0
     ioutfm  =       0, ntwprt  =       0, idecomp =       0, rbornstat=      0

Potential function:
     ntf     =       1, ntb     =       0, igb     =       8, nsnb    =      25
     ipol    =       0, gbsa    =       0, iesp    =       0
     dielc   =   1.00000, cut     = 999.00000, intdiel =   1.00000
     saltcon =   0.00000, offset  =   0.19514, surften =   0.00500
     rdt     =   0.00000, rgbmax  =  25.00000  extdiel =  78.50000
     alpb  =        0
     gbalphaH  =   0.78844, gbbetaH   =   0.79870,  gbgammaH  =    0.43733
     gbalphaC  =   0.73376, gbbetaC   =   0.50638,  gbgammaC  =    0.20584
     gbalphaN  =   0.50336, gbbetaN   =   0.31683,  gbgammaN  =    0.19292
     gbalphaOS =   0.86781, gbbetaOS  =   0.87664,  gbgammaOS =    0.38788
     gbalphaP  =   1.00000, gbbetaP   =   0.80000,  gbgammaP  =    4.85000
     gb_alpha_hnu  =   0.53705, gb_beta_hnu   =   0.36286,  gb_gamma_hnu  =    0.11670
     gb_alpha_cnu  =   0.33167, gb_beta_cnu   =   0.19684,  gb_gamma_cnu  =    0.09342
     gb_alpha_nnu  =   0.68631, gb_beta_nnu   =   0.46319,  gb_gamma_nnu  =    0.13872
     gb_alpha_onu  =   0.60634, gb_beta_onu   =   0.46301,  gb_gamma_onu  =    0.14226
     gb_alpha_pnu  =   0.41836, gb_beta_pnu   =   0.29005,  gb_gamma_pnu  =    0.10642

Frozen or restrained atoms:
     ibelly  =       0, ntr     =       1
     restraint_wt =  10.00000

Energy minimization:
     maxcyc  =    1000, ncyc    =      10, ntmin   =       1
     dx0     =   0.01000, drms    =   0.00010
|  INFO: Old style inpcrd file read


    LOADING THE CONSTRAINED ATOMS AS GROUPS


   5.  REFERENCE ATOM COORDINATES

  defa
     Mask !@H=; matches   799 atoms

--------------------------------------------------------------------------------
   3.  ATOMIC COORDINATES AND VELOCITIES
--------------------------------------------------------------------------------

default_name                                                                    
 begin time read from input coords =     0.000 ps

 Number of triangulated 3-point waters found:        0

--------------------------------------------------------------------------------
   4.  RESULTS
--------------------------------------------------------------------------------



   NSTEP       ENERGY          RMS            GMAX         NAME    NUMBER
      1      -2.1472E+03     9.0822E+00     6.1902E+01     OE1       438

 BOND    =       69.7140  ANGLE   =      211.6738  DIHED      =     1079.3612
 VDWAALS =     -587.4377  EEL     =    -7088.0317  EGB        =    -1988.6783
 1-4 VDW =      436.6976  1-4 EEL =     5719.5342  RESTRAINT  =        0.0000


   NSTEP       ENERGY          RMS            GMAX         NAME    NUMBER
    100      -2.5142E+03     5.5119E-01     7.0102E+00     CD        193

 BOND    =       31.8376  ANGLE   =      207.8408  DIHED      =     1082.1705
 VDWAALS =     -736.6957  EEL     =    -7124.0920  EGB        =    -1996.2652
 1-4 VDW =      325.0182  1-4 EEL =     5648.7313  RESTRAINT  =       47.2213
 EAMBER  =    -2561.4545


   NSTEP       ENERGY          RMS            GMAX         NAME    NUMBER
    200      -2.5244E+03     1.2907E-01     1.7352E+00     HG1      1389

 BOND    =       31.1666  ANGLE   =      207.0603  DIHED      =     1079.5246
 VDWAALS =     -737.8241  EEL     =    -7135.1485  EGB        =    -1991.7927
 1-4 VDW =      326.5037  1-4 EEL =     5649.6871  RESTRAINT  =       46.3756
 EAMBER  =    -2570.8229


   NSTEP       ENERGY          RMS            GMAX         NAME    NUMBER
    300      -2.5265E+03     3.6496E-01     5.0477E+00     CA       1380

 BOND    =       31.4810  ANGLE   =      207.5681  DIHED      =     1078.2999
 VDWAALS =     -738.5314  EEL     =    -7134.7891  EGB        =    -1992.1040
 1-4 VDW =      325.9517  1-4 EEL =     5648.6427  RESTRAINT  =       46.9461
 EAMBER  =    -2573.4811


   NSTEP       ENERGY          RMS            GMAX         NAME    NUMBER
    400      -2.5322E+03     5.7144E-02     1.0844E+00     CB        598

 BOND    =       31.1003  ANGLE   =      206.9654  DIHED      =     1076.8032
 VDWAALS =     -736.8951  EEL     =    -7140.7249  EGB        =    -1992.0295
 1-4 VDW =      327.0195  1-4 EEL =     5649.6179  RESTRAINT  =       45.9916
 EAMBER  =    -2578.1432


   NSTEP       ENERGY          RMS            GMAX         NAME    NUMBER
    500      -2.5322E+03     1.7313E-02     3.3335E-01     CG        589

 BOND    =       31.0707  ANGLE   =      206.7890  DIHED      =     1076.8652
 VDWAALS =     -736.8457  EEL     =    -7140.6810  EGB        =    -1992.2539
 1-4 VDW =      327.1980  1-4 EEL =     5649.7613  RESTRAINT  =       45.9153
 EAMBER  =    -2578.0963


   NSTEP       ENERGY          RMS            GMAX         NAME    NUMBER
    600      -2.5322E+03     2.5511E-03     4.8012E-02     CA        596

 BOND    =       31.0561  ANGLE   =      206.7680  DIHED      =     1076.8844
 VDWAALS =     -736.8364  EEL     =    -7140.6789  EGB        =    -1992.3023
 1-4 VDW =      327.2388  1-4 EEL =     5649.7918  RESTRAINT  =       45.8955
 EAMBER  =    -2578.0786


   NSTEP       ENERGY          RMS            GMAX         NAME    NUMBER
    700      -2.5322E+03     6.4550E-04     6.4986E-03     CG2       448

 BOND    =       31.0514  ANGLE   =      206.7579  DIHED      =     1076.8919
 VDWAALS =     -736.8331  EEL     =    -7140.6757  EGB        =    -1992.3203
 1-4 VDW =      327.2535  1-4 EEL =     5649.8025  RESTRAINT  =       45.8887
 EAMBER  =    -2578.0720


   NSTEP       ENERGY          RMS            GMAX         NAME    NUMBER
    800      -2.5322E+03     2.3783E-04     4.6033E-03     OG1      1212

 BOND    =       31.0505  ANGLE   =      206.7571  DIHED      =     1076.8950
 VDWAALS =     -736.8345  EEL     =    -7140.6751  EGB        =    -1992.3280
 1-4 VDW =      327.2563  1-4 EEL =     5649.8073  RESTRAINT  =       45.8881
 EAMBER  =    -2578.0715


                    FINAL RESULTS



   NSTEP       ENERGY          RMS            GMAX         NAME    NUMBER
    825      -2.5322E+03     9.4514E-05     1.0697E-03     HG3        12

 BOND    =       31.0505  ANGLE   =      206.7572  DIHED      =     1076.8954
 VDWAALS =     -736.8348  EEL     =    -7140.6750  EGB        =    -1992.3288
 1-4 VDW =      327.2563  1-4 EEL =     5649.8076  RESTRAINT  =       45.8882
 EAMBER  =    -2578.0716

--------------------------------------------------------------------------------
   5.  TIMINGS
--------------------------------------------------------------------------------

|                Calc gb radii             45.84 (19.75% of Gen B)
|                Calc gb diag              84.63 (36.45% of Gen B)
|                Calc gb off-diag         101.68 (43.80% of Gen B)
|             Gen Born time            232.15 (100.0% of Nonbo)
|          Nonbond force            232.15 (99.26% of Force)
|          Bond/Angle/Dihedral        1.71 ( 0.73% of Force)
|          Other                      0.01 ( 0.01% of Force)
|       Force time               233.87 (100.0% of Runmd)
|    Runmd Time               233.87 (99.74% of Total)
|    Other                      0.61 ( 0.26% of Total)
| Total time               234.49 (100.0% of ALL  )

| Number of list builds   :          0

| Highest rstack allocated:          0
| Highest istack allocated:          0
|           Job began  at 14:14:48.220  on 02/03/2016
|           Setup done at 14:14:48.272  on 02/03/2016
|           Run   done at 14:18:42.711  on 02/03/2016
|     wallclock() was called   14878 times
