
          -------------------------------------------------------
          Amber 14 SANDER                              2014
          -------------------------------------------------------

| Run on 02/03/2016 at 13:23:50

|   Executable path: sander
| Working directory: /lustre/cs1500/scratch/kmb413/RealDecoyDisc/DecoyDiscrimination/decoys.set2.init/1aaj/Rosetta_relaxed
|          Hostname: slepner7


File Assignments:
|  MDIN: /scratch/kmb413/RealDecoyDisc/DecoyDiscrimination/scripts/min/min.in  
| MDOUT: NoH_4_empty_tag_1_799_0001.out                                        
|INPCRD: NoH_4_empty_tag_1_799_0001.rst7                                       
|  PARM: NoH_4_empty_tag_1_799_0001.parm7                                      
|RESTRT: min_NoH_4_empty_tag_1_799_0001.rst7                                   
|  REFC: NoH_4_empty_tag_1_799_0001.rst7                                       
| MDVEL: mdvel                                                                 
| MDFRC: mdfrc                                                                 
|  MDEN: mden                                                                  
| MDCRD: mdcrd                                                                 
|MDINFO: mdinfo                                                                
|  MTMD: mtmd                                                                  
|INPDIP: inpdip                                                                
|RSTDIP: rstdip                                                                
|INPTRA: inptraj                                                               


 Here is the input file:

                                                                               
&cntrl                                                                         
    imin = 1, maxcyc=1000,                                                     
    ntx = 1,                                                                   
    ntwr = 100, ntpr = 100,                                                    
    cut = 999.0,                                                               
    ntb = 0, igb = 8,                                                          
    ntr = 1, restraint_wt = 10, restraintmask = "!@H=",                        
/                                                                              

--------------------------------------------------------------------------------
   1.  RESOURCE   USE: 
--------------------------------------------------------------------------------

| Flags:                                                                        
| New format PARM file being parsed.
| Version =    1.000 Date = 02/03/16 Time = 11:51:30
 NATOM  =    1590 NTYPES =      14 NBONH =     791 MBONA  =     820
 NTHETH =    1812 MTHETA =    1115 NPHIH =    3578 MPHIA  =    3525
 NHPARM =       0 NPARM  =       0 NNB   =    8805 NRES   =     104
 NBONA  =     820 NTHETA =    1115 NPHIA =    3525 NUMBND =      65
 NUMANG =     152 NPTRA  =     189 NATYP =      33 NPHB   =       0
 IFBOX  =       0 NMXRS  =      24 IFCAP =       0 NEXTRA =       0
 NCOPY  =       0

 Implicit solvent radii are ArgH and AspGluO modified Bondi2 radii (mbondi3)                                
 Replacing prmtop screening parameters with GBn2 (igb=8) values

|     Memory Use     Allocated
|     Real              145027
|     Hollerith           4876
|     Integer           109197
|     Max Pairs              1
|     nblistReal             0
|     nblist Int             0
|       Total             1578 kbytes

| Note: 1-4 EEL scale factors are being read from the topology file.

| Note: 1-4 VDW scale factors are being read from the topology file.
| Duplicated    0 dihedrals
| Duplicated    0 dihedrals

--------------------------------------------------------------------------------
   2.  CONTROL  DATA  FOR  THE  RUN
--------------------------------------------------------------------------------

default_name                                                                    

General flags:
     imin    =       1, nmropt  =       0

Nature and format of input:
     ntx     =       1, irest   =       0, ntrx    =       1

Nature and format of output:
     ntxo    =       1, ntpr    =     100, ntrx    =       1, ntwr    =     100
     iwrap   =       0, ntwx    =       0, ntwv    =       0, ntwe    =       0
     ioutfm  =       0, ntwprt  =       0, idecomp =       0, rbornstat=      0

Potential function:
     ntf     =       1, ntb     =       0, igb     =       8, nsnb    =      25
     ipol    =       0, gbsa    =       0, iesp    =       0
     dielc   =   1.00000, cut     = 999.00000, intdiel =   1.00000
     saltcon =   0.00000, offset  =   0.19514, surften =   0.00500
     rdt     =   0.00000, rgbmax  =  25.00000  extdiel =  78.50000
     alpb  =        0
     gbalphaH  =   0.78844, gbbetaH   =   0.79870,  gbgammaH  =    0.43733
     gbalphaC  =   0.73376, gbbetaC   =   0.50638,  gbgammaC  =    0.20584
     gbalphaN  =   0.50336, gbbetaN   =   0.31683,  gbgammaN  =    0.19292
     gbalphaOS =   0.86781, gbbetaOS  =   0.87664,  gbgammaOS =    0.38788
     gbalphaP  =   1.00000, gbbetaP   =   0.80000,  gbgammaP  =    4.85000
     gb_alpha_hnu  =   0.53705, gb_beta_hnu   =   0.36286,  gb_gamma_hnu  =    0.11670
     gb_alpha_cnu  =   0.33167, gb_beta_cnu   =   0.19684,  gb_gamma_cnu  =    0.09342
     gb_alpha_nnu  =   0.68631, gb_beta_nnu   =   0.46319,  gb_gamma_nnu  =    0.13872
     gb_alpha_onu  =   0.60634, gb_beta_onu   =   0.46301,  gb_gamma_onu  =    0.14226
     gb_alpha_pnu  =   0.41836, gb_beta_pnu   =   0.29005,  gb_gamma_pnu  =    0.10642

Frozen or restrained atoms:
     ibelly  =       0, ntr     =       1
     restraint_wt =  10.00000

Energy minimization:
     maxcyc  =    1000, ncyc    =      10, ntmin   =       1
     dx0     =   0.01000, drms    =   0.00010
|  INFO: Old style inpcrd file read


    LOADING THE CONSTRAINED ATOMS AS GROUPS


   5.  REFERENCE ATOM COORDINATES

  defa
     Mask !@H=; matches   799 atoms

--------------------------------------------------------------------------------
   3.  ATOMIC COORDINATES AND VELOCITIES
--------------------------------------------------------------------------------

default_name                                                                    
 begin time read from input coords =     0.000 ps

 Number of triangulated 3-point waters found:        0

--------------------------------------------------------------------------------
   4.  RESULTS
--------------------------------------------------------------------------------



   NSTEP       ENERGY          RMS            GMAX         NAME    NUMBER
      1      -2.2122E+03     9.1361E+00     6.0291E+01     OE1       945

 BOND    =       70.5009  ANGLE   =      211.3224  DIHED      =     1082.0106
 VDWAALS =     -662.3844  EEL     =    -7313.0508  EGB        =    -1754.6916
 1-4 VDW =      443.7201  1-4 EEL =     5710.3301  RESTRAINT  =        0.0000


   NSTEP       ENERGY          RMS            GMAX         NAME    NUMBER
    100      -2.5891E+03     3.5375E-01     2.6586E+00     HG1      1389

 BOND    =       31.3495  ANGLE   =      208.1626  DIHED      =     1084.1385
 VDWAALS =     -814.6227  EEL     =    -7324.5900  EGB        =    -1772.0542
 1-4 VDW =      331.6225  1-4 EEL =     5622.3884  RESTRAINT  =       44.5095
 EAMBER  =    -2633.6054


   NSTEP       ENERGY          RMS            GMAX         NAME    NUMBER
    200      -2.6001E+03     1.5577E-01     1.4611E+00     H3          4

 BOND    =       31.3730  ANGLE   =      208.8907  DIHED      =     1083.9047
 VDWAALS =     -816.9040  EEL     =    -7344.6796  EGB        =    -1763.6438
 1-4 VDW =      331.4115  1-4 EEL =     5623.9144  RESTRAINT  =       45.6423
 EAMBER  =    -2645.7332


   NSTEP       ENERGY          RMS            GMAX         NAME    NUMBER
    300      -2.6087E+03     3.6112E-01     4.3307E+00     CB        628

 BOND    =       31.7255  ANGLE   =      210.3061  DIHED      =     1079.8319
 VDWAALS =     -818.4529  EEL     =    -7354.5503  EGB        =    -1759.2336
 1-4 VDW =      330.6387  1-4 EEL =     5624.4736  RESTRAINT  =       46.5981
 EAMBER  =    -2655.2610


   NSTEP       ENERGY          RMS            GMAX         NAME    NUMBER
    400      -2.6174E+03     1.6042E-01     2.0858E+00     CD        193

 BOND    =       31.3294  ANGLE   =      208.7791  DIHED      =     1076.5516
 VDWAALS =     -816.8065  EEL     =    -7371.7302  EGB        =    -1751.5295
 1-4 VDW =      332.2088  1-4 EEL =     5628.4987  RESTRAINT  =       45.2647
 EAMBER  =    -2662.6984


   NSTEP       ENERGY          RMS            GMAX         NAME    NUMBER
    500      -2.6179E+03     1.1163E-02     2.3988E-01     CG        231

 BOND    =       31.2311  ANGLE   =      208.2246  DIHED      =     1076.4710
 VDWAALS =     -816.1817  EEL     =    -7372.3393  EGB        =    -1751.3887
 1-4 VDW =      332.7900  1-4 EEL =     5628.5290  RESTRAINT  =       44.7805
 EAMBER  =    -2662.6639


   NSTEP       ENERGY          RMS            GMAX         NAME    NUMBER
    600      -2.6179E+03     2.5350E-03     3.2588E-02     HB3        88

 BOND    =       31.2228  ANGLE   =      208.2062  DIHED      =     1076.4804
 VDWAALS =     -816.1971  EEL     =    -7372.3590  EGB        =    -1751.3647
 1-4 VDW =      332.8245  1-4 EEL =     5628.5207  RESTRAINT  =       44.7793
 EAMBER  =    -2662.6662


   NSTEP       ENERGY          RMS            GMAX         NAME    NUMBER
    700      -2.6179E+03     1.0840E-03     2.7473E-02     CG        231

 BOND    =       31.2185  ANGLE   =      208.1992  DIHED      =     1076.4837
 VDWAALS =     -816.2024  EEL     =    -7372.3634  EGB        =    -1751.3594
 1-4 VDW =      332.8407  1-4 EEL =     5628.5210  RESTRAINT  =       44.7747
 EAMBER  =    -2662.6622


   NSTEP       ENERGY          RMS            GMAX         NAME    NUMBER
    800      -2.6179E+03     8.4135E-04     9.8200E-03     OG         89

 BOND    =       31.2196  ANGLE   =      208.2051  DIHED      =     1076.4880
 VDWAALS =     -816.2192  EEL     =    -7372.3593  EGB        =    -1751.3589
 1-4 VDW =      332.8386  1-4 EEL =     5628.5181  RESTRAINT  =       44.7802
 EAMBER  =    -2662.6680


   NSTEP       ENERGY          RMS            GMAX         NAME    NUMBER
    900      -2.6179E+03     9.7492E-05     1.2303E-03     HD13       65

 BOND    =       31.2194  ANGLE   =      208.2055  DIHED      =     1076.4888
 VDWAALS =     -816.2211  EEL     =    -7372.3590  EGB        =    -1751.3590
 1-4 VDW =      332.8396  1-4 EEL =     5628.5178  RESTRAINT  =       44.7801
 EAMBER  =    -2662.6679


                    FINAL RESULTS



   NSTEP       ENERGY          RMS            GMAX         NAME    NUMBER
    900      -2.6179E+03     9.7492E-05     1.2303E-03     HD13       65

 BOND    =       31.2194  ANGLE   =      208.2055  DIHED      =     1076.4888
 VDWAALS =     -816.2211  EEL     =    -7372.3590  EGB        =    -1751.3590
 1-4 VDW =      332.8396  1-4 EEL =     5628.5178  RESTRAINT  =       44.7801
 EAMBER  =    -2662.6679

--------------------------------------------------------------------------------
   5.  TIMINGS
--------------------------------------------------------------------------------

|                Calc gb radii             54.06 (20.31% of Gen B)
|                Calc gb diag             100.71 (37.83% of Gen B)
|                Calc gb off-diag         111.41 (41.85% of Gen B)
|             Gen Born time            266.18 (100.0% of Nonbo)
|          Nonbond force            266.18 (99.30% of Force)
|          Bond/Angle/Dihedral        1.87 ( 0.70% of Force)
|          Other                      0.02 ( 0.01% of Force)
|       Force time               268.07 (100.0% of Runmd)
|    Runmd Time               268.07 (99.63% of Total)
|    Other                      0.99 ( 0.37% of Total)
| Total time               269.06 (100.0% of ALL  )

| Number of list builds   :          0

| Highest rstack allocated:          0
| Highest istack allocated:          0
|           Job began  at 13:23:50.129  on 02/03/2016
|           Setup done at 13:23:50.180  on 02/03/2016
|           Run   done at 13:28:19.192  on 02/03/2016
|     wallclock() was called   16228 times
