
          -------------------------------------------------------
          Amber 14 SANDER                              2014
          -------------------------------------------------------

| Run on 02/03/2016 at 14:23:56

|   Executable path: sander
| Working directory: /lustre/cs1500/scratch/kmb413/RealDecoyDisc/DecoyDiscrimination/decoys.set2.init/1aaj/Rosetta_relaxed
|          Hostname: slepner1


File Assignments:
|  MDIN: /scratch/kmb413/RealDecoyDisc/DecoyDiscrimination/scripts/min/min.in  
| MDOUT: NoH_1_empty_tag_1_413_0001.out                                        
|INPCRD: NoH_1_empty_tag_1_413_0001.rst7                                       
|  PARM: NoH_1_empty_tag_1_413_0001.parm7                                      
|RESTRT: min_NoH_1_empty_tag_1_413_0001.rst7                                   
|  REFC: NoH_1_empty_tag_1_413_0001.rst7                                       
| MDVEL: mdvel                                                                 
| MDFRC: mdfrc                                                                 
|  MDEN: mden                                                                  
| MDCRD: mdcrd                                                                 
|MDINFO: mdinfo                                                                
|  MTMD: mtmd                                                                  
|INPDIP: inpdip                                                                
|RSTDIP: rstdip                                                                
|INPTRA: inptraj                                                               


 Here is the input file:

                                                                               
&cntrl                                                                         
    imin = 1, maxcyc=1000,                                                     
    ntx = 1,                                                                   
    ntwr = 100, ntpr = 100,                                                    
    cut = 999.0,                                                               
    ntb = 0, igb = 8,                                                          
    ntr = 1, restraint_wt = 10, restraintmask = "!@H=",                        
/                                                                              

--------------------------------------------------------------------------------
   1.  RESOURCE   USE: 
--------------------------------------------------------------------------------

| Flags:                                                                        
| New format PARM file being parsed.
| Version =    1.000 Date = 02/03/16 Time = 11:45:02
 NATOM  =    1590 NTYPES =      14 NBONH =     791 MBONA  =     820
 NTHETH =    1812 MTHETA =    1115 NPHIH =    3578 MPHIA  =    3525
 NHPARM =       0 NPARM  =       0 NNB   =    8805 NRES   =     104
 NBONA  =     820 NTHETA =    1115 NPHIA =    3525 NUMBND =      65
 NUMANG =     152 NPTRA  =     189 NATYP =      33 NPHB   =       0
 IFBOX  =       0 NMXRS  =      24 IFCAP =       0 NEXTRA =       0
 NCOPY  =       0

 Implicit solvent radii are ArgH and AspGluO modified Bondi2 radii (mbondi3)                                
 Replacing prmtop screening parameters with GBn2 (igb=8) values

|     Memory Use     Allocated
|     Real              145027
|     Hollerith           4876
|     Integer           109197
|     Max Pairs              1
|     nblistReal             0
|     nblist Int             0
|       Total             1578 kbytes

| Note: 1-4 EEL scale factors are being read from the topology file.

| Note: 1-4 VDW scale factors are being read from the topology file.
| Duplicated    0 dihedrals
| Duplicated    0 dihedrals

--------------------------------------------------------------------------------
   2.  CONTROL  DATA  FOR  THE  RUN
--------------------------------------------------------------------------------

default_name                                                                    

General flags:
     imin    =       1, nmropt  =       0

Nature and format of input:
     ntx     =       1, irest   =       0, ntrx    =       1

Nature and format of output:
     ntxo    =       1, ntpr    =     100, ntrx    =       1, ntwr    =     100
     iwrap   =       0, ntwx    =       0, ntwv    =       0, ntwe    =       0
     ioutfm  =       0, ntwprt  =       0, idecomp =       0, rbornstat=      0

Potential function:
     ntf     =       1, ntb     =       0, igb     =       8, nsnb    =      25
     ipol    =       0, gbsa    =       0, iesp    =       0
     dielc   =   1.00000, cut     = 999.00000, intdiel =   1.00000
     saltcon =   0.00000, offset  =   0.19514, surften =   0.00500
     rdt     =   0.00000, rgbmax  =  25.00000  extdiel =  78.50000
     alpb  =        0
     gbalphaH  =   0.78844, gbbetaH   =   0.79870,  gbgammaH  =    0.43733
     gbalphaC  =   0.73376, gbbetaC   =   0.50638,  gbgammaC  =    0.20584
     gbalphaN  =   0.50336, gbbetaN   =   0.31683,  gbgammaN  =    0.19292
     gbalphaOS =   0.86781, gbbetaOS  =   0.87664,  gbgammaOS =    0.38788
     gbalphaP  =   1.00000, gbbetaP   =   0.80000,  gbgammaP  =    4.85000
     gb_alpha_hnu  =   0.53705, gb_beta_hnu   =   0.36286,  gb_gamma_hnu  =    0.11670
     gb_alpha_cnu  =   0.33167, gb_beta_cnu   =   0.19684,  gb_gamma_cnu  =    0.09342
     gb_alpha_nnu  =   0.68631, gb_beta_nnu   =   0.46319,  gb_gamma_nnu  =    0.13872
     gb_alpha_onu  =   0.60634, gb_beta_onu   =   0.46301,  gb_gamma_onu  =    0.14226
     gb_alpha_pnu  =   0.41836, gb_beta_pnu   =   0.29005,  gb_gamma_pnu  =    0.10642

Frozen or restrained atoms:
     ibelly  =       0, ntr     =       1
     restraint_wt =  10.00000

Energy minimization:
     maxcyc  =    1000, ncyc    =      10, ntmin   =       1
     dx0     =   0.01000, drms    =   0.00010
|  INFO: Old style inpcrd file read


    LOADING THE CONSTRAINED ATOMS AS GROUPS


   5.  REFERENCE ATOM COORDINATES

  defa
     Mask !@H=; matches   799 atoms

--------------------------------------------------------------------------------
   3.  ATOMIC COORDINATES AND VELOCITIES
--------------------------------------------------------------------------------

default_name                                                                    
 begin time read from input coords =     0.000 ps

 Number of triangulated 3-point waters found:        0

--------------------------------------------------------------------------------
   4.  RESULTS
--------------------------------------------------------------------------------



   NSTEP       ENERGY          RMS            GMAX         NAME    NUMBER
      1      -2.1467E+03     9.3975E+00     1.0811E+02     OXT      1590

 BOND    =       71.3205  ANGLE   =      211.8120  DIHED      =     1090.3820
 VDWAALS =     -618.1780  EEL     =    -6977.2062  EGB        =    -2072.4293
 1-4 VDW =      434.7971  1-4 EEL =     5712.7559  RESTRAINT  =        0.0000


   NSTEP       ENERGY          RMS            GMAX         NAME    NUMBER
    100      -2.5374E+03     2.3179E-01     2.0822E+00     CG       1324

 BOND    =       31.0048  ANGLE   =      207.7774  DIHED      =     1093.6092
 VDWAALS =     -785.0192  EEL     =    -7005.0723  EGB        =    -2082.8370
 1-4 VDW =      327.7201  1-4 EEL =     5628.7948  RESTRAINT  =       46.6291
 EAMBER  =    -2584.0221


   NSTEP       ENERGY          RMS            GMAX         NAME    NUMBER
    200      -2.5408E+03     1.2227E-01     1.8010E+00     CG       1324

 BOND    =       30.9480  ANGLE   =      208.7882  DIHED      =     1093.6077
 VDWAALS =     -788.5147  EEL     =    -7007.2253  EGB        =    -2083.0014
 1-4 VDW =      327.3179  1-4 EEL =     5628.0202  RESTRAINT  =       49.2512
 EAMBER  =    -2590.0594


   NSTEP       ENERGY          RMS            GMAX         NAME    NUMBER
    300      -2.5424E+03     5.8085E-02     1.1373E+00     CA         27

 BOND    =       30.7440  ANGLE   =      208.4642  DIHED      =     1093.1382
 VDWAALS =     -788.9374  EEL     =    -7008.5606  EGB        =    -2081.9353
 1-4 VDW =      327.8409  1-4 EEL =     5627.7153  RESTRAINT  =       49.1615
 EAMBER  =    -2591.5308


   NSTEP       ENERGY          RMS            GMAX         NAME    NUMBER
    400      -2.5520E+03     3.6235E-01     7.1286E+00     OG1       604

 BOND    =       32.0963  ANGLE   =      210.7852  DIHED      =     1092.3871
 VDWAALS =     -788.5862  EEL     =    -7024.3632  EGB        =    -2076.1729
 1-4 VDW =      325.5204  1-4 EEL =     5626.4189  RESTRAINT  =       49.9475
 EAMBER  =    -2601.9144


   NSTEP       ENERGY          RMS            GMAX         NAME    NUMBER
    500      -2.5538E+03     1.4281E-02     2.7873E-01     CG2       600

 BOND    =       30.9357  ANGLE   =      208.5270  DIHED      =     1091.4229
 VDWAALS =     -787.0079  EEL     =    -7026.6855  EGB        =    -2076.2051
 1-4 VDW =      327.7997  1-4 EEL =     5629.3150  RESTRAINT  =       48.0949
 EAMBER  =    -2601.8981


   NSTEP       ENERGY          RMS            GMAX         NAME    NUMBER
    600      -2.5538E+03     2.5446E-03     3.0018E-02     CA         37

 BOND    =       30.9190  ANGLE   =      208.4813  DIHED      =     1091.4334
 VDWAALS =     -786.9875  EEL     =    -7026.7004  EGB        =    -2076.2815
 1-4 VDW =      327.8603  1-4 EEL =     5629.3948  RESTRAINT  =       48.0699
 EAMBER  =    -2601.8805


   NSTEP       ENERGY          RMS            GMAX         NAME    NUMBER
    700      -2.5538E+03     5.1902E-04     6.3051E-03     HG21       42

 BOND    =       30.9113  ANGLE   =      208.4630  DIHED      =     1091.4357
 VDWAALS =     -786.9766  EEL     =    -7026.7057  EGB        =    -2076.2999
 1-4 VDW =      327.8845  1-4 EEL =     5629.4189  RESTRAINT  =       48.0579
 EAMBER  =    -2601.8688


   NSTEP       ENERGY          RMS            GMAX         NAME    NUMBER
    800      -2.5538E+03     1.5203E-04     1.8660E-03     CG       1324

 BOND    =       30.9113  ANGLE   =      208.4632  DIHED      =     1091.4360
 VDWAALS =     -786.9766  EEL     =    -7026.7055  EGB        =    -2076.3019
 1-4 VDW =      327.8850  1-4 EEL =     5629.4194  RESTRAINT  =       48.0582
 EAMBER  =    -2601.8692


                    FINAL RESULTS



   NSTEP       ENERGY          RMS            GMAX         NAME    NUMBER
    821      -2.5538E+03     9.6315E-05     1.0612E-03     HD13       65

 BOND    =       30.9113  ANGLE   =      208.4632  DIHED      =     1091.4360
 VDWAALS =     -786.9766  EEL     =    -7026.7056  EGB        =    -2076.3021
 1-4 VDW =      327.8851  1-4 EEL =     5629.4195  RESTRAINT  =       48.0583
 EAMBER  =    -2601.8693

--------------------------------------------------------------------------------
   5.  TIMINGS
--------------------------------------------------------------------------------

|                Calc gb radii             47.54 (20.17% of Gen B)
|                Calc gb diag              88.04 (37.35% of Gen B)
|                Calc gb off-diag         100.13 (42.48% of Gen B)
|             Gen Born time            235.70 (100.0% of Nonbo)
|          Nonbond force            235.70 (99.28% of Force)
|          Bond/Angle/Dihedral        1.70 ( 0.71% of Force)
|          Other                      0.01 ( 0.01% of Force)
|       Force time               237.41 (100.0% of Runmd)
|    Runmd Time               237.41 (99.67% of Total)
|    Other                      0.79 ( 0.33% of Total)
| Total time               238.21 (100.0% of ALL  )

| Number of list builds   :          0

| Highest rstack allocated:          0
| Highest istack allocated:          0
|           Job began  at 14:23:56.425  on 02/03/2016
|           Setup done at 14:23:56.511  on 02/03/2016
|           Run   done at 14:27:54.631  on 02/03/2016
|     wallclock() was called   14806 times
