
          -------------------------------------------------------
          Amber 14 SANDER                              2014
          -------------------------------------------------------

| Run on 02/03/2016 at 12:55:10

|   Executable path: sander
| Working directory: /lustre/cs1500/scratch/kmb413/RealDecoyDisc/DecoyDiscrimination/decoys.set2.init/1aaj/Rosetta_relaxed
|          Hostname: slepner7


File Assignments:
|  MDIN: /scratch/kmb413/RealDecoyDisc/DecoyDiscrimination/scripts/min/min.in  
| MDOUT: NoH_5_empty_tag_1292_0001_0001.out                                    
|INPCRD: NoH_5_empty_tag_1292_0001_0001.rst7                                   
|  PARM: NoH_5_empty_tag_1292_0001_0001.parm7                                  
|RESTRT: min_NoH_5_empty_tag_1292_0001_0001.rst7                               
|  REFC: NoH_5_empty_tag_1292_0001_0001.rst7                                   
| MDVEL: mdvel                                                                 
| MDFRC: mdfrc                                                                 
|  MDEN: mden                                                                  
| MDCRD: mdcrd                                                                 
|MDINFO: mdinfo                                                                
|  MTMD: mtmd                                                                  
|INPDIP: inpdip                                                                
|RSTDIP: rstdip                                                                
|INPTRA: inptraj                                                               


 Here is the input file:

                                                                               
&cntrl                                                                         
    imin = 1, maxcyc=1000,                                                     
    ntx = 1,                                                                   
    ntwr = 100, ntpr = 100,                                                    
    cut = 999.0,                                                               
    ntb = 0, igb = 8,                                                          
    ntr = 1, restraint_wt = 10, restraintmask = "!@H=",                        
/                                                                              

--------------------------------------------------------------------------------
   1.  RESOURCE   USE: 
--------------------------------------------------------------------------------

| Flags:                                                                        
| New format PARM file being parsed.
| Version =    1.000 Date = 02/03/16 Time = 11:52:39
 NATOM  =    1590 NTYPES =      14 NBONH =     791 MBONA  =     820
 NTHETH =    1812 MTHETA =    1115 NPHIH =    3578 MPHIA  =    3525
 NHPARM =       0 NPARM  =       0 NNB   =    8805 NRES   =     104
 NBONA  =     820 NTHETA =    1115 NPHIA =    3525 NUMBND =      65
 NUMANG =     152 NPTRA  =     189 NATYP =      33 NPHB   =       0
 IFBOX  =       0 NMXRS  =      24 IFCAP =       0 NEXTRA =       0
 NCOPY  =       0

 Implicit solvent radii are ArgH and AspGluO modified Bondi2 radii (mbondi3)                                
 Replacing prmtop screening parameters with GBn2 (igb=8) values

|     Memory Use     Allocated
|     Real              145027
|     Hollerith           4876
|     Integer           109197
|     Max Pairs              1
|     nblistReal             0
|     nblist Int             0
|       Total             1578 kbytes

| Note: 1-4 EEL scale factors are being read from the topology file.

| Note: 1-4 VDW scale factors are being read from the topology file.
| Duplicated    0 dihedrals
| Duplicated    0 dihedrals

--------------------------------------------------------------------------------
   2.  CONTROL  DATA  FOR  THE  RUN
--------------------------------------------------------------------------------

default_name                                                                    

General flags:
     imin    =       1, nmropt  =       0

Nature and format of input:
     ntx     =       1, irest   =       0, ntrx    =       1

Nature and format of output:
     ntxo    =       1, ntpr    =     100, ntrx    =       1, ntwr    =     100
     iwrap   =       0, ntwx    =       0, ntwv    =       0, ntwe    =       0
     ioutfm  =       0, ntwprt  =       0, idecomp =       0, rbornstat=      0

Potential function:
     ntf     =       1, ntb     =       0, igb     =       8, nsnb    =      25
     ipol    =       0, gbsa    =       0, iesp    =       0
     dielc   =   1.00000, cut     = 999.00000, intdiel =   1.00000
     saltcon =   0.00000, offset  =   0.19514, surften =   0.00500
     rdt     =   0.00000, rgbmax  =  25.00000  extdiel =  78.50000
     alpb  =        0
     gbalphaH  =   0.78844, gbbetaH   =   0.79870,  gbgammaH  =    0.43733
     gbalphaC  =   0.73376, gbbetaC   =   0.50638,  gbgammaC  =    0.20584
     gbalphaN  =   0.50336, gbbetaN   =   0.31683,  gbgammaN  =    0.19292
     gbalphaOS =   0.86781, gbbetaOS  =   0.87664,  gbgammaOS =    0.38788
     gbalphaP  =   1.00000, gbbetaP   =   0.80000,  gbgammaP  =    4.85000
     gb_alpha_hnu  =   0.53705, gb_beta_hnu   =   0.36286,  gb_gamma_hnu  =    0.11670
     gb_alpha_cnu  =   0.33167, gb_beta_cnu   =   0.19684,  gb_gamma_cnu  =    0.09342
     gb_alpha_nnu  =   0.68631, gb_beta_nnu   =   0.46319,  gb_gamma_nnu  =    0.13872
     gb_alpha_onu  =   0.60634, gb_beta_onu   =   0.46301,  gb_gamma_onu  =    0.14226
     gb_alpha_pnu  =   0.41836, gb_beta_pnu   =   0.29005,  gb_gamma_pnu  =    0.10642

Frozen or restrained atoms:
     ibelly  =       0, ntr     =       1
     restraint_wt =  10.00000

Energy minimization:
     maxcyc  =    1000, ncyc    =      10, ntmin   =       1
     dx0     =   0.01000, drms    =   0.00010
|  INFO: Old style inpcrd file read


    LOADING THE CONSTRAINED ATOMS AS GROUPS


   5.  REFERENCE ATOM COORDINATES

  defa
     Mask !@H=; matches   799 atoms

--------------------------------------------------------------------------------
   3.  ATOMIC COORDINATES AND VELOCITIES
--------------------------------------------------------------------------------

default_name                                                                    
 begin time read from input coords =     0.000 ps

 Number of triangulated 3-point waters found:        0

--------------------------------------------------------------------------------
   4.  RESULTS
--------------------------------------------------------------------------------



   NSTEP       ENERGY          RMS            GMAX         NAME    NUMBER
      1      -2.2057E+03     9.0752E+00     6.1394E+01     OD2       233

 BOND    =       70.1673  ANGLE   =      211.4644  DIHED      =     1070.0220
 VDWAALS =     -657.1618  EEL     =    -7305.8993  EGB        =    -1735.2741
 1-4 VDW =      435.9790  1-4 EEL =     5705.0215  RESTRAINT  =        0.0000


   NSTEP       ENERGY          RMS            GMAX         NAME    NUMBER
    100      -2.5838E+03     3.0517E-01     3.7627E+00     HG1       605

 BOND    =       30.5977  ANGLE   =      205.8717  DIHED      =     1073.9450
 VDWAALS =     -795.7822  EEL     =    -7350.4510  EGB        =    -1756.0389
 1-4 VDW =      329.0651  1-4 EEL =     5635.7039  RESTRAINT  =       43.2452
 EAMBER  =    -2627.0886


   NSTEP       ENERGY          RMS            GMAX         NAME    NUMBER
    200      -2.5916E+03     2.5593E-01     3.4277E+00     CG       1324

 BOND    =       30.5451  ANGLE   =      206.5071  DIHED      =     1073.6809
 VDWAALS =     -798.2810  EEL     =    -7361.9323  EGB        =    -1754.1663
 1-4 VDW =      328.8668  1-4 EEL =     5638.0728  RESTRAINT  =       45.1501
 EAMBER  =    -2636.7069


   NSTEP       ENERGY          RMS            GMAX         NAME    NUMBER
    300      -2.5937E+03     1.0497E-01     1.5653E+00     N           1

 BOND    =       30.6266  ANGLE   =      206.2781  DIHED      =     1072.3724
 VDWAALS =     -798.6228  EEL     =    -7364.1111  EGB        =    -1752.8042
 1-4 VDW =      328.9715  1-4 EEL =     5638.3941  RESTRAINT  =       45.2269
 EAMBER  =    -2638.8954


   NSTEP       ENERGY          RMS            GMAX         NAME    NUMBER
    400      -2.5949E+03     1.5864E-01     2.2858E+00     CB       1382

 BOND    =       31.0385  ANGLE   =      207.0181  DIHED      =     1070.3675
 VDWAALS =     -798.8316  EEL     =    -7369.8340  EGB        =    -1747.4135
 1-4 VDW =      328.2680  1-4 EEL =     5638.7209  RESTRAINT  =       45.7848
 EAMBER  =    -2640.6661


   NSTEP       ENERGY          RMS            GMAX         NAME    NUMBER
    500      -2.5965E+03     8.5783E-02     1.3186E+00     OG1      1388

 BOND    =       30.6759  ANGLE   =      206.0570  DIHED      =     1070.6292
 VDWAALS =     -798.7190  EEL     =    -7372.5606  EGB        =    -1745.3946
 1-4 VDW =      329.0729  1-4 EEL =     5638.6338  RESTRAINT  =       45.1479
 EAMBER  =    -2641.6055


   NSTEP       ENERGY          RMS            GMAX         NAME    NUMBER
    600      -2.5969E+03     1.6563E-01     5.6741E+00     HG1      1389

 BOND    =       30.6924  ANGLE   =      206.2383  DIHED      =     1071.9960
 VDWAALS =     -799.0335  EEL     =    -7373.7186  EGB        =    -1745.9471
 1-4 VDW =      329.1044  1-4 EEL =     5638.6190  RESTRAINT  =       45.1666
 EAMBER  =    -2642.0492


   NSTEP       ENERGY          RMS            GMAX         NAME    NUMBER
    700      -2.5990E+03     2.1852E-02     4.4227E-01     OG1      1388

 BOND    =       30.4728  ANGLE   =      205.9189  DIHED      =     1071.2156
 VDWAALS =     -798.8826  EEL     =    -7369.5327  EGB        =    -1750.1298
 1-4 VDW =      329.3887  1-4 EEL =     5637.5552  RESTRAINT  =       44.9737
 EAMBER  =    -2643.9939


   NSTEP       ENERGY          RMS            GMAX         NAME    NUMBER
    800      -2.5990E+03     3.3841E-03     5.6507E-02     HG21     1385

 BOND    =       30.4504  ANGLE   =      205.8716  DIHED      =     1071.2032
 VDWAALS =     -798.8295  EEL     =    -7369.2128  EGB        =    -1750.3615
 1-4 VDW =      329.4425  1-4 EEL =     5637.4944  RESTRAINT  =       44.8975
 EAMBER  =    -2643.9416


   NSTEP       ENERGY          RMS            GMAX         NAME    NUMBER
    900      -2.5990E+03     2.1605E-03     5.5538E-02     CG       1324

 BOND    =       30.4484  ANGLE   =      205.8695  DIHED      =     1071.2050
 VDWAALS =     -798.8335  EEL     =    -7369.1722  EGB        =    -1750.3790
 1-4 VDW =      329.4463  1-4 EEL =     5637.4789  RESTRAINT  =       44.8919
 EAMBER  =    -2643.9366


                    FINAL RESULTS



   NSTEP       ENERGY          RMS            GMAX         NAME    NUMBER
    997      -2.5990E+03     9.7677E-05     1.1535E-03     NE2      1361

 BOND    =       30.4479  ANGLE   =      205.8673  DIHED      =     1071.2044
 VDWAALS =     -798.8317  EEL     =    -7369.1712  EGB        =    -1750.3801
 1-4 VDW =      329.4486  1-4 EEL =     5637.4808  RESTRAINT  =       44.8892
 EAMBER  =    -2643.9339

--------------------------------------------------------------------------------
   5.  TIMINGS
--------------------------------------------------------------------------------

|                Calc gb radii             58.85 (20.23% of Gen B)
|                Calc gb diag             109.65 (37.70% of Gen B)
|                Calc gb off-diag         122.33 (42.06% of Gen B)
|             Gen Born time            290.83 (100.0% of Nonbo)
|          Nonbond force            290.83 (99.29% of Force)
|          Bond/Angle/Dihedral        2.06 ( 0.70% of Force)
|          Other                      0.02 ( 0.01% of Force)
|       Force time               292.91 (100.0% of Runmd)
|    Runmd Time               292.91 (99.86% of Total)
|    Other                      0.41 ( 0.14% of Total)
| Total time               293.32 (100.0% of ALL  )

| Number of list builds   :          0

| Highest rstack allocated:          0
| Highest istack allocated:          0
|           Job began  at 12:55:10.401  on 02/03/2016
|           Setup done at 12:55:10.463  on 02/03/2016
|           Run   done at 13:00:03.721  on 02/03/2016
|     wallclock() was called   17974 times
