
          -------------------------------------------------------
          Amber 14 SANDER                              2014
          -------------------------------------------------------

| Run on 02/03/2016 at 13:34:58

|   Executable path: sander
| Working directory: /lustre/cs1500/scratch/kmb413/RealDecoyDisc/DecoyDiscrimination/decoys.set2.init/1aaj/Rosetta_relaxed
|          Hostname: slepner15


File Assignments:
|  MDIN: /scratch/kmb413/RealDecoyDisc/DecoyDiscrimination/scripts/min/min.in  
| MDOUT: NoH_2_empty_tag_1650_0001_0001.out                                    
|INPCRD: NoH_2_empty_tag_1650_0001_0001.rst7                                   
|  PARM: NoH_2_empty_tag_1650_0001_0001.parm7                                  
|RESTRT: min_NoH_2_empty_tag_1650_0001_0001.rst7                               
|  REFC: NoH_2_empty_tag_1650_0001_0001.rst7                                   
| MDVEL: mdvel                                                                 
| MDFRC: mdfrc                                                                 
|  MDEN: mden                                                                  
| MDCRD: mdcrd                                                                 
|MDINFO: mdinfo                                                                
|  MTMD: mtmd                                                                  
|INPDIP: inpdip                                                                
|RSTDIP: rstdip                                                                
|INPTRA: inptraj                                                               


 Here is the input file:

                                                                               
&cntrl                                                                         
    imin = 1, maxcyc=1000,                                                     
    ntx = 1,                                                                   
    ntwr = 100, ntpr = 100,                                                    
    cut = 999.0,                                                               
    ntb = 0, igb = 8,                                                          
    ntr = 1, restraint_wt = 10, restraintmask = "!@H=",                        
/                                                                              

--------------------------------------------------------------------------------
   1.  RESOURCE   USE: 
--------------------------------------------------------------------------------

| Flags:                                                                        
| New format PARM file being parsed.
| Version =    1.000 Date = 02/03/16 Time = 11:47:23
 NATOM  =    1590 NTYPES =      14 NBONH =     791 MBONA  =     820
 NTHETH =    1812 MTHETA =    1115 NPHIH =    3578 MPHIA  =    3525
 NHPARM =       0 NPARM  =       0 NNB   =    8805 NRES   =     104
 NBONA  =     820 NTHETA =    1115 NPHIA =    3525 NUMBND =      65
 NUMANG =     152 NPTRA  =     189 NATYP =      33 NPHB   =       0
 IFBOX  =       0 NMXRS  =      24 IFCAP =       0 NEXTRA =       0
 NCOPY  =       0

 Implicit solvent radii are ArgH and AspGluO modified Bondi2 radii (mbondi3)                                
 Replacing prmtop screening parameters with GBn2 (igb=8) values

|     Memory Use     Allocated
|     Real              145027
|     Hollerith           4876
|     Integer           109197
|     Max Pairs              1
|     nblistReal             0
|     nblist Int             0
|       Total             1578 kbytes

| Note: 1-4 EEL scale factors are being read from the topology file.

| Note: 1-4 VDW scale factors are being read from the topology file.
| Duplicated    0 dihedrals
| Duplicated    0 dihedrals

--------------------------------------------------------------------------------
   2.  CONTROL  DATA  FOR  THE  RUN
--------------------------------------------------------------------------------

default_name                                                                    

General flags:
     imin    =       1, nmropt  =       0

Nature and format of input:
     ntx     =       1, irest   =       0, ntrx    =       1

Nature and format of output:
     ntxo    =       1, ntpr    =     100, ntrx    =       1, ntwr    =     100
     iwrap   =       0, ntwx    =       0, ntwv    =       0, ntwe    =       0
     ioutfm  =       0, ntwprt  =       0, idecomp =       0, rbornstat=      0

Potential function:
     ntf     =       1, ntb     =       0, igb     =       8, nsnb    =      25
     ipol    =       0, gbsa    =       0, iesp    =       0
     dielc   =   1.00000, cut     = 999.00000, intdiel =   1.00000
     saltcon =   0.00000, offset  =   0.19514, surften =   0.00500
     rdt     =   0.00000, rgbmax  =  25.00000  extdiel =  78.50000
     alpb  =        0
     gbalphaH  =   0.78844, gbbetaH   =   0.79870,  gbgammaH  =    0.43733
     gbalphaC  =   0.73376, gbbetaC   =   0.50638,  gbgammaC  =    0.20584
     gbalphaN  =   0.50336, gbbetaN   =   0.31683,  gbgammaN  =    0.19292
     gbalphaOS =   0.86781, gbbetaOS  =   0.87664,  gbgammaOS =    0.38788
     gbalphaP  =   1.00000, gbbetaP   =   0.80000,  gbgammaP  =    4.85000
     gb_alpha_hnu  =   0.53705, gb_beta_hnu   =   0.36286,  gb_gamma_hnu  =    0.11670
     gb_alpha_cnu  =   0.33167, gb_beta_cnu   =   0.19684,  gb_gamma_cnu  =    0.09342
     gb_alpha_nnu  =   0.68631, gb_beta_nnu   =   0.46319,  gb_gamma_nnu  =    0.13872
     gb_alpha_onu  =   0.60634, gb_beta_onu   =   0.46301,  gb_gamma_onu  =    0.14226
     gb_alpha_pnu  =   0.41836, gb_beta_pnu   =   0.29005,  gb_gamma_pnu  =    0.10642

Frozen or restrained atoms:
     ibelly  =       0, ntr     =       1
     restraint_wt =  10.00000

Energy minimization:
     maxcyc  =    1000, ncyc    =      10, ntmin   =       1
     dx0     =   0.01000, drms    =   0.00010
|  INFO: Old style inpcrd file read


    LOADING THE CONSTRAINED ATOMS AS GROUPS


   5.  REFERENCE ATOM COORDINATES

  defa
     Mask !@H=; matches   799 atoms

--------------------------------------------------------------------------------
   3.  ATOMIC COORDINATES AND VELOCITIES
--------------------------------------------------------------------------------

default_name                                                                    
 begin time read from input coords =     0.000 ps

 Number of triangulated 3-point waters found:        0

--------------------------------------------------------------------------------
   4.  RESULTS
--------------------------------------------------------------------------------



   NSTEP       ENERGY          RMS            GMAX         NAME    NUMBER
      1      -2.1958E+03     9.1641E+00     6.3324E+01     OE1       945

 BOND    =       71.2859  ANGLE   =      211.6055  DIHED      =     1079.2518
 VDWAALS =     -675.6426  EEL     =    -7349.2756  EGB        =    -1682.3275
 1-4 VDW =      444.7879  1-4 EEL =     5704.5073  RESTRAINT  =        0.0000


   NSTEP       ENERGY          RMS            GMAX         NAME    NUMBER
    100      -2.5859E+03     4.7370E-01     4.1003E+00     HG        116

 BOND    =       30.9261  ANGLE   =      210.0846  DIHED      =     1081.0850
 VDWAALS =     -826.6854  EEL     =    -7384.2577  EGB        =    -1697.9373
 1-4 VDW =      333.4908  1-4 EEL =     5620.8142  RESTRAINT  =       46.5433
 EAMBER  =    -2632.4798


   NSTEP       ENERGY          RMS            GMAX         NAME    NUMBER
    200      -2.6026E+03     2.6302E-01     4.7134E+00     HG1      1213

 BOND    =       31.4583  ANGLE   =      211.3743  DIHED      =     1079.4988
 VDWAALS =     -828.3658  EEL     =    -7404.1136  EGB        =    -1692.1964
 1-4 VDW =      332.0626  1-4 EEL =     5620.1417  RESTRAINT  =       47.5484
 EAMBER  =    -2650.1402


   NSTEP       ENERGY          RMS            GMAX         NAME    NUMBER
    300      -2.6105E+03     1.6228E-01     3.0347E+00     HG1       605

 BOND    =       31.3232  ANGLE   =      210.1869  DIHED      =     1077.0611
 VDWAALS =     -827.5658  EEL     =    -7416.2936  EGB        =    -1689.0376
 1-4 VDW =      333.0255  1-4 EEL =     5623.8950  RESTRAINT  =       46.8612
 EAMBER  =    -2657.4053


   NSTEP       ENERGY          RMS            GMAX         NAME    NUMBER
    400      -2.6136E+03     7.4922E-02     1.5899E+00     HG1       635

 BOND    =       31.0884  ANGLE   =      210.0377  DIHED      =     1074.4539
 VDWAALS =     -827.3126  EEL     =    -7418.9394  EGB        =    -1689.0982
 1-4 VDW =      333.6069  1-4 EEL =     5626.0869  RESTRAINT  =       46.5012
 EAMBER  =    -2660.0764


   NSTEP       ENERGY          RMS            GMAX         NAME    NUMBER
    500      -2.6139E+03     2.1398E-03     3.6676E-02     CB        628

 BOND    =       30.9337  ANGLE   =      209.6549  DIHED      =     1073.9522
 VDWAALS =     -827.2842  EEL     =    -7418.7146  EGB        =    -1689.4339
 1-4 VDW =      334.1300  1-4 EEL =     5626.5964  RESTRAINT  =       46.2692
 EAMBER  =    -2660.1656


   NSTEP       ENERGY          RMS            GMAX         NAME    NUMBER
    600      -2.6139E+03     5.9115E-04     8.8789E-03     OG       1179

 BOND    =       30.9289  ANGLE   =      209.6426  DIHED      =     1073.9483
 VDWAALS =     -827.2807  EEL     =    -7418.7262  EGB        =    -1689.4294
 1-4 VDW =      334.1458  1-4 EEL =     5626.6039  RESTRAINT  =       46.2700
 EAMBER  =    -2660.1668


   NSTEP       ENERGY          RMS            GMAX         NAME    NUMBER
    700      -2.6139E+03     1.1504E-04     9.7682E-04     CB        628

 BOND    =       30.9295  ANGLE   =      209.6431  DIHED      =     1073.9484
 VDWAALS =     -827.2812  EEL     =    -7418.7242  EGB        =    -1689.4288
 1-4 VDW =      334.1446  1-4 EEL =     5626.6018  RESTRAINT  =       46.2701
 EAMBER  =    -2660.1669


                    FINAL RESULTS



   NSTEP       ENERGY          RMS            GMAX         NAME    NUMBER
    720      -2.6139E+03     9.5869E-05     1.2038E-03     CB        598

 BOND    =       30.9296  ANGLE   =      209.6433  DIHED      =     1073.9484
 VDWAALS =     -827.2814  EEL     =    -7418.7243  EGB        =    -1689.4287
 1-4 VDW =      334.1443  1-4 EEL =     5626.6016  RESTRAINT  =       46.2703
 EAMBER  =    -2660.1671

--------------------------------------------------------------------------------
   5.  TIMINGS
--------------------------------------------------------------------------------

|                Calc gb radii             43.14 (20.30% of Gen B)
|                Calc gb diag              80.30 (37.79% of Gen B)
|                Calc gb off-diag          89.02 (41.90% of Gen B)
|             Gen Born time            212.47 (100.0% of Nonbo)
|          Nonbond force            212.47 (99.30% of Force)
|          Bond/Angle/Dihedral        1.49 ( 0.70% of Force)
|          Other                      0.01 ( 0.01% of Force)
|       Force time               213.97 (100.0% of Runmd)
|    Runmd Time               213.97 (99.67% of Total)
|    Other                      0.69 ( 0.32% of Total)
| Total time               214.66 (100.0% of ALL  )

| Number of list builds   :          0

| Highest rstack allocated:          0
| Highest istack allocated:          0
|           Job began  at 13:34:58.490  on 02/03/2016
|           Setup done at 13:34:58.574  on 02/03/2016
|           Run   done at 13:38:33.155  on 02/03/2016
|     wallclock() was called   12988 times
