
          -------------------------------------------------------
          Amber 14 SANDER                              2014
          -------------------------------------------------------

| Run on 02/03/2016 at 14:06:19

|   Executable path: sander
| Working directory: /lustre/cs1500/scratch/kmb413/RealDecoyDisc/DecoyDiscrimination/decoys.set2.init/1aaj/Rosetta_relaxed
|          Hostname: slepner30


File Assignments:
|  MDIN: /scratch/kmb413/RealDecoyDisc/DecoyDiscrimination/scripts/min/min.in  
| MDOUT: NoH_3_empty_tag_1250_0001_0001.out                                    
|INPCRD: NoH_3_empty_tag_1250_0001_0001.rst7                                   
|  PARM: NoH_3_empty_tag_1250_0001_0001.parm7                                  
|RESTRT: min_NoH_3_empty_tag_1250_0001_0001.rst7                               
|  REFC: NoH_3_empty_tag_1250_0001_0001.rst7                                   
| MDVEL: mdvel                                                                 
| MDFRC: mdfrc                                                                 
|  MDEN: mden                                                                  
| MDCRD: mdcrd                                                                 
|MDINFO: mdinfo                                                                
|  MTMD: mtmd                                                                  
|INPDIP: inpdip                                                                
|RSTDIP: rstdip                                                                
|INPTRA: inptraj                                                               


 Here is the input file:

                                                                               
&cntrl                                                                         
    imin = 1, maxcyc=1000,                                                     
    ntx = 1,                                                                   
    ntwr = 100, ntpr = 100,                                                    
    cut = 999.0,                                                               
    ntb = 0, igb = 8,                                                          
    ntr = 1, restraint_wt = 10, restraintmask = "!@H=",                        
/                                                                              

--------------------------------------------------------------------------------
   1.  RESOURCE   USE: 
--------------------------------------------------------------------------------

| Flags:                                                                        
| New format PARM file being parsed.
| Version =    1.000 Date = 02/03/16 Time = 11:48:54
 NATOM  =    1590 NTYPES =      14 NBONH =     791 MBONA  =     820
 NTHETH =    1812 MTHETA =    1115 NPHIH =    3578 MPHIA  =    3525
 NHPARM =       0 NPARM  =       0 NNB   =    8805 NRES   =     104
 NBONA  =     820 NTHETA =    1115 NPHIA =    3525 NUMBND =      65
 NUMANG =     152 NPTRA  =     189 NATYP =      33 NPHB   =       0
 IFBOX  =       0 NMXRS  =      24 IFCAP =       0 NEXTRA =       0
 NCOPY  =       0

 Implicit solvent radii are ArgH and AspGluO modified Bondi2 radii (mbondi3)                                
 Replacing prmtop screening parameters with GBn2 (igb=8) values

|     Memory Use     Allocated
|     Real              145027
|     Hollerith           4876
|     Integer           109197
|     Max Pairs              1
|     nblistReal             0
|     nblist Int             0
|       Total             1578 kbytes

| Note: 1-4 EEL scale factors are being read from the topology file.

| Note: 1-4 VDW scale factors are being read from the topology file.
| Duplicated    0 dihedrals
| Duplicated    0 dihedrals

--------------------------------------------------------------------------------
   2.  CONTROL  DATA  FOR  THE  RUN
--------------------------------------------------------------------------------

default_name                                                                    

General flags:
     imin    =       1, nmropt  =       0

Nature and format of input:
     ntx     =       1, irest   =       0, ntrx    =       1

Nature and format of output:
     ntxo    =       1, ntpr    =     100, ntrx    =       1, ntwr    =     100
     iwrap   =       0, ntwx    =       0, ntwv    =       0, ntwe    =       0
     ioutfm  =       0, ntwprt  =       0, idecomp =       0, rbornstat=      0

Potential function:
     ntf     =       1, ntb     =       0, igb     =       8, nsnb    =      25
     ipol    =       0, gbsa    =       0, iesp    =       0
     dielc   =   1.00000, cut     = 999.00000, intdiel =   1.00000
     saltcon =   0.00000, offset  =   0.19514, surften =   0.00500
     rdt     =   0.00000, rgbmax  =  25.00000  extdiel =  78.50000
     alpb  =        0
     gbalphaH  =   0.78844, gbbetaH   =   0.79870,  gbgammaH  =    0.43733
     gbalphaC  =   0.73376, gbbetaC   =   0.50638,  gbgammaC  =    0.20584
     gbalphaN  =   0.50336, gbbetaN   =   0.31683,  gbgammaN  =    0.19292
     gbalphaOS =   0.86781, gbbetaOS  =   0.87664,  gbgammaOS =    0.38788
     gbalphaP  =   1.00000, gbbetaP   =   0.80000,  gbgammaP  =    4.85000
     gb_alpha_hnu  =   0.53705, gb_beta_hnu   =   0.36286,  gb_gamma_hnu  =    0.11670
     gb_alpha_cnu  =   0.33167, gb_beta_cnu   =   0.19684,  gb_gamma_cnu  =    0.09342
     gb_alpha_nnu  =   0.68631, gb_beta_nnu   =   0.46319,  gb_gamma_nnu  =    0.13872
     gb_alpha_onu  =   0.60634, gb_beta_onu   =   0.46301,  gb_gamma_onu  =    0.14226
     gb_alpha_pnu  =   0.41836, gb_beta_pnu   =   0.29005,  gb_gamma_pnu  =    0.10642

Frozen or restrained atoms:
     ibelly  =       0, ntr     =       1
     restraint_wt =  10.00000

Energy minimization:
     maxcyc  =    1000, ncyc    =      10, ntmin   =       1
     dx0     =   0.01000, drms    =   0.00010
|  INFO: Old style inpcrd file read


    LOADING THE CONSTRAINED ATOMS AS GROUPS


   5.  REFERENCE ATOM COORDINATES

  defa
     Mask !@H=; matches   799 atoms

--------------------------------------------------------------------------------
   3.  ATOMIC COORDINATES AND VELOCITIES
--------------------------------------------------------------------------------

default_name                                                                    
 begin time read from input coords =     0.000 ps

 Number of triangulated 3-point waters found:        0

--------------------------------------------------------------------------------
   4.  RESULTS
--------------------------------------------------------------------------------



   NSTEP       ENERGY          RMS            GMAX         NAME    NUMBER
      1      -2.2123E+03     9.0272E+00     5.9381E+01     OE1       945

 BOND    =       69.5370  ANGLE   =      211.3777  DIHED      =     1092.0793
 VDWAALS =     -643.0065  EEL     =    -7243.5418  EGB        =    -1885.5772
 1-4 VDW =      438.9534  1-4 EEL =     5747.8310  RESTRAINT  =        0.0000


   NSTEP       ENERGY          RMS            GMAX         NAME    NUMBER
    100      -2.5636E+03     3.1309E-01     4.5756E+00     CD        729

 BOND    =       30.8048  ANGLE   =      205.9028  DIHED      =     1095.2586
 VDWAALS =     -790.8100  EEL     =    -7240.7249  EGB        =    -1907.2156
 1-4 VDW =      330.6624  1-4 EEL =     5671.1193  RESTRAINT  =       41.3822
 EAMBER  =    -2605.0025


   NSTEP       ENERGY          RMS            GMAX         NAME    NUMBER
    200      -2.5687E+03     1.3806E-01     2.2180E+00     CD       1119

 BOND    =       30.7098  ANGLE   =      206.4881  DIHED      =     1094.5485
 VDWAALS =     -793.7234  EEL     =    -7248.9820  EGB        =    -1903.0652
 1-4 VDW =      330.6061  1-4 EEL =     5671.7138  RESTRAINT  =       43.0359
 EAMBER  =    -2611.7044


   NSTEP       ENERGY          RMS            GMAX         NAME    NUMBER
    300      -2.5746E+03     3.9126E-01     9.2138E+00     CD       1119

 BOND    =       31.1318  ANGLE   =      208.3887  DIHED      =     1092.6193
 VDWAALS =     -794.5567  EEL     =    -7252.0852  EGB        =    -1904.9157
 1-4 VDW =      329.2776  1-4 EEL =     5671.3107  RESTRAINT  =       44.2102
 EAMBER  =    -2618.8296


   NSTEP       ENERGY          RMS            GMAX         NAME    NUMBER
    400      -2.5760E+03     1.4631E-02     2.2394E-01     OG1       604

 BOND    =       30.5514  ANGLE   =      206.1636  DIHED      =     1091.8209
 VDWAALS =     -793.2200  EEL     =    -7252.8014  EGB        =    -1904.9988
 1-4 VDW =      331.4061  1-4 EEL =     5672.3987  RESTRAINT  =       42.7242
 EAMBER  =    -2618.6796


   NSTEP       ENERGY          RMS            GMAX         NAME    NUMBER
    500      -2.5760E+03     1.2490E-03     1.5093E-02     OG1       604

 BOND    =       30.5202  ANGLE   =      206.0873  DIHED      =     1091.8535
 VDWAALS =     -793.2100  EEL     =    -7252.8196  EGB        =    -1905.0955
 1-4 VDW =      331.5313  1-4 EEL =     5672.4946  RESTRAINT  =       42.6708
 EAMBER  =    -2618.6383


   NSTEP       ENERGY          RMS            GMAX         NAME    NUMBER
    600      -2.5760E+03     1.0140E-03     1.4936E-02     HG1       605

 BOND    =       30.5160  ANGLE   =      206.0813  DIHED      =     1091.8583
 VDWAALS =     -793.2071  EEL     =    -7252.8265  EGB        =    -1905.1005
 1-4 VDW =      331.5423  1-4 EEL =     5672.5027  RESTRAINT  =       42.6657
 EAMBER  =    -2618.6335


   NSTEP       ENERGY          RMS            GMAX         NAME    NUMBER
    700      -2.5760E+03     2.1369E-04     2.6073E-03     CA        596

 BOND    =       30.5169  ANGLE   =      206.0813  DIHED      =     1091.8597
 VDWAALS =     -793.2091  EEL     =    -7252.8301  EGB        =    -1905.1026
 1-4 VDW =      331.5424  1-4 EEL =     5672.5064  RESTRAINT  =       42.6673
 EAMBER  =    -2618.6351


   NSTEP       ENERGY          RMS            GMAX         NAME    NUMBER
    800      -2.5760E+03     1.6074E-04     1.7632E-03     OG1       604

 BOND    =       30.5169  ANGLE   =      206.0815  DIHED      =     1091.8603
 VDWAALS =     -793.2096  EEL     =    -7252.8325  EGB        =    -1905.1028
 1-4 VDW =      331.5426  1-4 EEL =     5672.5078  RESTRAINT  =       42.6680
 EAMBER  =    -2618.6358


                    FINAL RESULTS



   NSTEP       ENERGY          RMS            GMAX         NAME    NUMBER
    824      -2.5760E+03     8.6787E-05     9.1618E-04     HE3       399

 BOND    =       30.5169  ANGLE   =      206.0816  DIHED      =     1091.8603
 VDWAALS =     -793.2097  EEL     =    -7252.8330  EGB        =    -1905.1027
 1-4 VDW =      331.5427  1-4 EEL =     5672.5080  RESTRAINT  =       42.6682
 EAMBER  =    -2618.6359

--------------------------------------------------------------------------------
   5.  TIMINGS
--------------------------------------------------------------------------------

|                Calc gb radii             48.44 (20.28% of Gen B)
|                Calc gb diag              89.87 (37.63% of Gen B)
|                Calc gb off-diag         100.51 (42.08% of Gen B)
|             Gen Born time            238.83 (100.0% of Nonbo)
|          Nonbond force            238.83 (99.28% of Force)
|          Bond/Angle/Dihedral        1.71 ( 0.71% of Force)
|          Other                      0.01 ( 0.01% of Force)
|       Force time               240.55 (100.0% of Runmd)
|    Runmd Time               240.55 (99.60% of Total)
|    Other                      0.96 ( 0.40% of Total)
| Total time               241.51 (100.0% of ALL  )

| Number of list builds   :          0

| Highest rstack allocated:          0
| Highest istack allocated:          0
|           Job began  at 14:06:19.561  on 02/03/2016
|           Setup done at 14:06:19.652  on 02/03/2016
|           Run   done at 14:10:21.073  on 02/03/2016
|     wallclock() was called   14860 times
