
          -------------------------------------------------------
          Amber 14 SANDER                              2014
          -------------------------------------------------------

| Run on 02/03/2016 at 12:59:04

|   Executable path: sander
| Working directory: /lustre/cs1500/scratch/kmb413/RealDecoyDisc/DecoyDiscrimination/decoys.set2.init/1aaj/Rosetta_relaxed
|          Hostname: slepner7


File Assignments:
|  MDIN: /scratch/kmb413/RealDecoyDisc/DecoyDiscrimination/scripts/min/min.in  
| MDOUT: NoH_1_empty_tag_1_684_0001.out                                        
|INPCRD: NoH_1_empty_tag_1_684_0001.rst7                                       
|  PARM: NoH_1_empty_tag_1_684_0001.parm7                                      
|RESTRT: min_NoH_1_empty_tag_1_684_0001.rst7                                   
|  REFC: NoH_1_empty_tag_1_684_0001.rst7                                       
| MDVEL: mdvel                                                                 
| MDFRC: mdfrc                                                                 
|  MDEN: mden                                                                  
| MDCRD: mdcrd                                                                 
|MDINFO: mdinfo                                                                
|  MTMD: mtmd                                                                  
|INPDIP: inpdip                                                                
|RSTDIP: rstdip                                                                
|INPTRA: inptraj                                                               


 Here is the input file:

                                                                               
&cntrl                                                                         
    imin = 1, maxcyc=1000,                                                     
    ntx = 1,                                                                   
    ntwr = 100, ntpr = 100,                                                    
    cut = 999.0,                                                               
    ntb = 0, igb = 8,                                                          
    ntr = 1, restraint_wt = 10, restraintmask = "!@H=",                        
/                                                                              

--------------------------------------------------------------------------------
   1.  RESOURCE   USE: 
--------------------------------------------------------------------------------

| Flags:                                                                        
| New format PARM file being parsed.
| Version =    1.000 Date = 02/03/16 Time = 11:45:24
 NATOM  =    1590 NTYPES =      14 NBONH =     791 MBONA  =     820
 NTHETH =    1812 MTHETA =    1115 NPHIH =    3578 MPHIA  =    3525
 NHPARM =       0 NPARM  =       0 NNB   =    8805 NRES   =     104
 NBONA  =     820 NTHETA =    1115 NPHIA =    3525 NUMBND =      65
 NUMANG =     152 NPTRA  =     189 NATYP =      33 NPHB   =       0
 IFBOX  =       0 NMXRS  =      24 IFCAP =       0 NEXTRA =       0
 NCOPY  =       0

 Implicit solvent radii are ArgH and AspGluO modified Bondi2 radii (mbondi3)                                
 Replacing prmtop screening parameters with GBn2 (igb=8) values

|     Memory Use     Allocated
|     Real              145027
|     Hollerith           4876
|     Integer           109197
|     Max Pairs              1
|     nblistReal             0
|     nblist Int             0
|       Total             1578 kbytes

| Note: 1-4 EEL scale factors are being read from the topology file.

| Note: 1-4 VDW scale factors are being read from the topology file.
| Duplicated    0 dihedrals
| Duplicated    0 dihedrals

--------------------------------------------------------------------------------
   2.  CONTROL  DATA  FOR  THE  RUN
--------------------------------------------------------------------------------

default_name                                                                    

General flags:
     imin    =       1, nmropt  =       0

Nature and format of input:
     ntx     =       1, irest   =       0, ntrx    =       1

Nature and format of output:
     ntxo    =       1, ntpr    =     100, ntrx    =       1, ntwr    =     100
     iwrap   =       0, ntwx    =       0, ntwv    =       0, ntwe    =       0
     ioutfm  =       0, ntwprt  =       0, idecomp =       0, rbornstat=      0

Potential function:
     ntf     =       1, ntb     =       0, igb     =       8, nsnb    =      25
     ipol    =       0, gbsa    =       0, iesp    =       0
     dielc   =   1.00000, cut     = 999.00000, intdiel =   1.00000
     saltcon =   0.00000, offset  =   0.19514, surften =   0.00500
     rdt     =   0.00000, rgbmax  =  25.00000  extdiel =  78.50000
     alpb  =        0
     gbalphaH  =   0.78844, gbbetaH   =   0.79870,  gbgammaH  =    0.43733
     gbalphaC  =   0.73376, gbbetaC   =   0.50638,  gbgammaC  =    0.20584
     gbalphaN  =   0.50336, gbbetaN   =   0.31683,  gbgammaN  =    0.19292
     gbalphaOS =   0.86781, gbbetaOS  =   0.87664,  gbgammaOS =    0.38788
     gbalphaP  =   1.00000, gbbetaP   =   0.80000,  gbgammaP  =    4.85000
     gb_alpha_hnu  =   0.53705, gb_beta_hnu   =   0.36286,  gb_gamma_hnu  =    0.11670
     gb_alpha_cnu  =   0.33167, gb_beta_cnu   =   0.19684,  gb_gamma_cnu  =    0.09342
     gb_alpha_nnu  =   0.68631, gb_beta_nnu   =   0.46319,  gb_gamma_nnu  =    0.13872
     gb_alpha_onu  =   0.60634, gb_beta_onu   =   0.46301,  gb_gamma_onu  =    0.14226
     gb_alpha_pnu  =   0.41836, gb_beta_pnu   =   0.29005,  gb_gamma_pnu  =    0.10642

Frozen or restrained atoms:
     ibelly  =       0, ntr     =       1
     restraint_wt =  10.00000

Energy minimization:
     maxcyc  =    1000, ncyc    =      10, ntmin   =       1
     dx0     =   0.01000, drms    =   0.00010
|  INFO: Old style inpcrd file read


    LOADING THE CONSTRAINED ATOMS AS GROUPS


   5.  REFERENCE ATOM COORDINATES

  defa
     Mask !@H=; matches   799 atoms

--------------------------------------------------------------------------------
   3.  ATOMIC COORDINATES AND VELOCITIES
--------------------------------------------------------------------------------

default_name                                                                    
 begin time read from input coords =     0.000 ps

 Number of triangulated 3-point waters found:        0

--------------------------------------------------------------------------------
   4.  RESULTS
--------------------------------------------------------------------------------



   NSTEP       ENERGY          RMS            GMAX         NAME    NUMBER
      1      -2.2309E+03     9.1041E+00     6.3714E+01     OE1      1120

 BOND    =       69.2026  ANGLE   =      210.9156  DIHED      =     1069.8868
 VDWAALS =     -663.2689  EEL     =    -7377.9297  EGB        =    -1646.5534
 1-4 VDW =      441.7573  1-4 EEL =     5665.1107  RESTRAINT  =        0.0000


   NSTEP       ENERGY          RMS            GMAX         NAME    NUMBER
    100      -2.5985E+03     3.9423E-01     3.4231E+00     CE2       650

 BOND    =       31.6751  ANGLE   =      208.5138  DIHED      =     1069.0463
 VDWAALS =     -803.6912  EEL     =    -7384.3912  EGB        =    -1669.1545
 1-4 VDW =      330.5759  1-4 EEL =     5578.7780  RESTRAINT  =       40.1687
 EAMBER  =    -2638.6477


   NSTEP       ENERGY          RMS            GMAX         NAME    NUMBER
    200      -2.6058E+03     1.3807E-01     2.0218E+00     CD        729

 BOND    =       31.6361  ANGLE   =      208.3335  DIHED      =     1066.1197
 VDWAALS =     -805.6441  EEL     =    -7392.7736  EGB        =    -1665.7739
 1-4 VDW =      330.8425  1-4 EEL =     5579.8914  RESTRAINT  =       41.5741
 EAMBER  =    -2647.3684


   NSTEP       ENERGY          RMS            GMAX         NAME    NUMBER
    300      -2.6119E+03     1.2811E-01     2.6771E+00     CD        193

 BOND    =       31.6529  ANGLE   =      208.4621  DIHED      =     1065.1331
 VDWAALS =     -805.0414  EEL     =    -7396.5315  EGB        =    -1668.2581
 1-4 VDW =      330.7855  1-4 EEL =     5580.0874  RESTRAINT  =       41.8028
 EAMBER  =    -2653.7100


   NSTEP       ENERGY          RMS            GMAX         NAME    NUMBER
    400      -2.6122E+03     2.0456E-02     4.2965E-01     CD        729

 BOND    =       31.3393  ANGLE   =      207.7735  DIHED      =     1065.1381
 VDWAALS =     -804.7829  EEL     =    -7397.1125  EGB        =    -1668.4909
 1-4 VDW =      331.7578  1-4 EEL =     5581.0182  RESTRAINT  =       41.1408
 EAMBER  =    -2653.3593


   NSTEP       ENERGY          RMS            GMAX         NAME    NUMBER
    500      -2.6122E+03     3.2956E-03     4.4660E-02     HG1      1213

 BOND    =       31.3051  ANGLE   =      207.7331  DIHED      =     1065.2230
 VDWAALS =     -804.8331  EEL     =    -7397.2520  EGB        =    -1668.5786
 1-4 VDW =      331.8621  1-4 EEL =     5581.2027  RESTRAINT  =       41.1061
 EAMBER  =    -2653.3378


   NSTEP       ENERGY          RMS            GMAX         NAME    NUMBER
    600      -2.6122E+03     6.2760E-04     9.0799E-03     CB       1206

 BOND    =       31.3059  ANGLE   =      207.7355  DIHED      =     1065.2608
 VDWAALS =     -804.8611  EEL     =    -7397.3089  EGB        =    -1668.6232
 1-4 VDW =      331.8593  1-4 EEL =     5581.2754  RESTRAINT  =       41.1231
 EAMBER  =    -2653.3563


   NSTEP       ENERGY          RMS            GMAX         NAME    NUMBER
    700      -2.6122E+03     8.7339E-04     1.7324E-02     CD        729

 BOND    =       31.3065  ANGLE   =      207.7376  DIHED      =     1065.2621
 VDWAALS =     -804.8615  EEL     =    -7397.3120  EGB        =    -1668.6262
 1-4 VDW =      331.8574  1-4 EEL =     5581.2786  RESTRAINT  =       41.1242
 EAMBER  =    -2653.3573


                    FINAL RESULTS



   NSTEP       ENERGY          RMS            GMAX         NAME    NUMBER
    794      -2.6122E+03     9.2334E-05     2.6675E-03     HG1      1213

 BOND    =       31.3070  ANGLE   =      207.7369  DIHED      =     1065.2673
 VDWAALS =     -804.8597  EEL     =    -7397.3208  EGB        =    -1668.6388
 1-4 VDW =      331.8595  1-4 EEL =     5581.2928  RESTRAINT  =       41.1227
 EAMBER  =    -2653.3559

--------------------------------------------------------------------------------
   5.  TIMINGS
--------------------------------------------------------------------------------

|                Calc gb radii             47.55 (20.48% of Gen B)
|                Calc gb diag              88.54 (38.14% of Gen B)
|                Calc gb off-diag          96.05 (41.38% of Gen B)
|             Gen Born time            232.14 (100.0% of Nonbo)
|          Nonbond force            232.14 (99.29% of Force)
|          Bond/Angle/Dihedral        1.64 ( 0.70% of Force)
|          Other                      0.01 ( 0.01% of Force)
|       Force time               233.80 (100.0% of Runmd)
|    Runmd Time               233.80 (99.71% of Total)
|    Other                      0.67 ( 0.28% of Total)
| Total time               234.47 (100.0% of ALL  )

| Number of list builds   :          0

| Highest rstack allocated:          0
| Highest istack allocated:          0
|           Job began  at 12:59:04.895  on 02/03/2016
|           Setup done at 12:59:04.945  on 02/03/2016
|           Run   done at 13:02:59.362  on 02/03/2016
|     wallclock() was called   14320 times
