
          -------------------------------------------------------
          Amber 14 SANDER                              2014
          -------------------------------------------------------

| Run on 02/03/2016 at 13:06:31

|   Executable path: sander
| Working directory: /lustre/cs1500/scratch/kmb413/RealDecoyDisc/DecoyDiscrimination/decoys.set2.init/1aaj/Rosetta_relaxed
|          Hostname: slepner15


File Assignments:
|  MDIN: /scratch/kmb413/RealDecoyDisc/DecoyDiscrimination/scripts/min/min.in  
| MDOUT: NoH_5_empty_tag_1_595_0001.out                                        
|INPCRD: NoH_5_empty_tag_1_595_0001.rst7                                       
|  PARM: NoH_5_empty_tag_1_595_0001.parm7                                      
|RESTRT: min_NoH_5_empty_tag_1_595_0001.rst7                                   
|  REFC: NoH_5_empty_tag_1_595_0001.rst7                                       
| MDVEL: mdvel                                                                 
| MDFRC: mdfrc                                                                 
|  MDEN: mden                                                                  
| MDCRD: mdcrd                                                                 
|MDINFO: mdinfo                                                                
|  MTMD: mtmd                                                                  
|INPDIP: inpdip                                                                
|RSTDIP: rstdip                                                                
|INPTRA: inptraj                                                               


 Here is the input file:

                                                                               
&cntrl                                                                         
    imin = 1, maxcyc=1000,                                                     
    ntx = 1,                                                                   
    ntwr = 100, ntpr = 100,                                                    
    cut = 999.0,                                                               
    ntb = 0, igb = 8,                                                          
    ntr = 1, restraint_wt = 10, restraintmask = "!@H=",                        
/                                                                              

--------------------------------------------------------------------------------
   1.  RESOURCE   USE: 
--------------------------------------------------------------------------------

| Flags:                                                                        
| New format PARM file being parsed.
| Version =    1.000 Date = 02/03/16 Time = 11:53:08
 NATOM  =    1590 NTYPES =      14 NBONH =     791 MBONA  =     820
 NTHETH =    1812 MTHETA =    1115 NPHIH =    3578 MPHIA  =    3525
 NHPARM =       0 NPARM  =       0 NNB   =    8805 NRES   =     104
 NBONA  =     820 NTHETA =    1115 NPHIA =    3525 NUMBND =      65
 NUMANG =     152 NPTRA  =     189 NATYP =      33 NPHB   =       0
 IFBOX  =       0 NMXRS  =      24 IFCAP =       0 NEXTRA =       0
 NCOPY  =       0

 Implicit solvent radii are ArgH and AspGluO modified Bondi2 radii (mbondi3)                                
 Replacing prmtop screening parameters with GBn2 (igb=8) values

|     Memory Use     Allocated
|     Real              145027
|     Hollerith           4876
|     Integer           109197
|     Max Pairs              1
|     nblistReal             0
|     nblist Int             0
|       Total             1578 kbytes

| Note: 1-4 EEL scale factors are being read from the topology file.

| Note: 1-4 VDW scale factors are being read from the topology file.
| Duplicated    0 dihedrals
| Duplicated    0 dihedrals

--------------------------------------------------------------------------------
   2.  CONTROL  DATA  FOR  THE  RUN
--------------------------------------------------------------------------------

default_name                                                                    

General flags:
     imin    =       1, nmropt  =       0

Nature and format of input:
     ntx     =       1, irest   =       0, ntrx    =       1

Nature and format of output:
     ntxo    =       1, ntpr    =     100, ntrx    =       1, ntwr    =     100
     iwrap   =       0, ntwx    =       0, ntwv    =       0, ntwe    =       0
     ioutfm  =       0, ntwprt  =       0, idecomp =       0, rbornstat=      0

Potential function:
     ntf     =       1, ntb     =       0, igb     =       8, nsnb    =      25
     ipol    =       0, gbsa    =       0, iesp    =       0
     dielc   =   1.00000, cut     = 999.00000, intdiel =   1.00000
     saltcon =   0.00000, offset  =   0.19514, surften =   0.00500
     rdt     =   0.00000, rgbmax  =  25.00000  extdiel =  78.50000
     alpb  =        0
     gbalphaH  =   0.78844, gbbetaH   =   0.79870,  gbgammaH  =    0.43733
     gbalphaC  =   0.73376, gbbetaC   =   0.50638,  gbgammaC  =    0.20584
     gbalphaN  =   0.50336, gbbetaN   =   0.31683,  gbgammaN  =    0.19292
     gbalphaOS =   0.86781, gbbetaOS  =   0.87664,  gbgammaOS =    0.38788
     gbalphaP  =   1.00000, gbbetaP   =   0.80000,  gbgammaP  =    4.85000
     gb_alpha_hnu  =   0.53705, gb_beta_hnu   =   0.36286,  gb_gamma_hnu  =    0.11670
     gb_alpha_cnu  =   0.33167, gb_beta_cnu   =   0.19684,  gb_gamma_cnu  =    0.09342
     gb_alpha_nnu  =   0.68631, gb_beta_nnu   =   0.46319,  gb_gamma_nnu  =    0.13872
     gb_alpha_onu  =   0.60634, gb_beta_onu   =   0.46301,  gb_gamma_onu  =    0.14226
     gb_alpha_pnu  =   0.41836, gb_beta_pnu   =   0.29005,  gb_gamma_pnu  =    0.10642

Frozen or restrained atoms:
     ibelly  =       0, ntr     =       1
     restraint_wt =  10.00000

Energy minimization:
     maxcyc  =    1000, ncyc    =      10, ntmin   =       1
     dx0     =   0.01000, drms    =   0.00010
|  INFO: Old style inpcrd file read


    LOADING THE CONSTRAINED ATOMS AS GROUPS


   5.  REFERENCE ATOM COORDINATES

  defa
     Mask !@H=; matches   799 atoms

--------------------------------------------------------------------------------
   3.  ATOMIC COORDINATES AND VELOCITIES
--------------------------------------------------------------------------------

default_name                                                                    
 begin time read from input coords =     0.000 ps

 Number of triangulated 3-point waters found:        0

--------------------------------------------------------------------------------
   4.  RESULTS
--------------------------------------------------------------------------------



   NSTEP       ENERGY          RMS            GMAX         NAME    NUMBER
      1      -2.2203E+03     9.0921E+00     6.1215E+01     OE1      1120

 BOND    =       69.3845  ANGLE   =      211.2338  DIHED      =     1079.3719
 VDWAALS =     -662.6352  EEL     =    -7268.6162  EGB        =    -1771.4792
 1-4 VDW =      439.1040  1-4 EEL =     5683.3360  RESTRAINT  =        0.0000


   NSTEP       ENERGY          RMS            GMAX         NAME    NUMBER
    100      -2.5940E+03     4.6862E-01     6.1465E+00     CD        193

 BOND    =       31.1916  ANGLE   =      207.6239  DIHED      =     1083.8585
 VDWAALS =     -803.0954  EEL     =    -7305.8574  EGB        =    -1783.4505
 1-4 VDW =      330.7880  1-4 EEL =     5602.8544  RESTRAINT  =       42.1114
 EAMBER  =    -2636.0869


   NSTEP       ENERGY          RMS            GMAX         NAME    NUMBER
    200      -2.6011E+03     4.7480E-01     9.7069E+00     HG1       605

 BOND    =       32.6772  ANGLE   =      210.7737  DIHED      =     1085.0150
 VDWAALS =     -805.5741  EEL     =    -7322.0749  EGB        =    -1776.6432
 1-4 VDW =      328.8488  1-4 EEL =     5601.0150  RESTRAINT  =       44.8444
 EAMBER  =    -2645.9625


   NSTEP       ENERGY          RMS            GMAX         NAME    NUMBER
    300      -2.6135E+03     1.2748E-01     1.4763E+00     CE2       650

 BOND    =       31.7185  ANGLE   =      207.7726  DIHED      =     1080.4235
 VDWAALS =     -802.5116  EEL     =    -7334.6067  EGB        =    -1774.6558
 1-4 VDW =      331.6661  1-4 EEL =     5604.5698  RESTRAINT  =       42.1139
 EAMBER  =    -2655.6235


   NSTEP       ENERGY          RMS            GMAX         NAME    NUMBER
    400      -2.6136E+03     1.4367E-02     2.9642E-01     CG2       600

 BOND    =       31.5518  ANGLE   =      207.4414  DIHED      =     1080.3551
 VDWAALS =     -802.4425  EEL     =    -7334.4552  EGB        =    -1774.7772
 1-4 VDW =      332.0695  1-4 EEL =     5604.6528  RESTRAINT  =       41.9552
 EAMBER  =    -2655.6043


   NSTEP       ENERGY          RMS            GMAX         NAME    NUMBER
    500      -2.6137E+03     1.1308E-02     1.0638E-01     C          23

 BOND    =       31.5354  ANGLE   =      207.4082  DIHED      =     1080.3707
 VDWAALS =     -802.4562  EEL     =    -7334.4126  EGB        =    -1774.7927
 1-4 VDW =      332.1141  1-4 EEL =     5604.6310  RESTRAINT  =       41.9485
 EAMBER  =    -2655.6020


   NSTEP       ENERGY          RMS            GMAX         NAME    NUMBER
    600      -2.6137E+03     1.3168E-03     1.2055E-02     HG1      1389

 BOND    =       31.5281  ANGLE   =      207.3874  DIHED      =     1080.3741
 VDWAALS =     -802.4452  EEL     =    -7334.3852  EGB        =    -1774.8047
 1-4 VDW =      332.1399  1-4 EEL =     5604.6172  RESTRAINT  =       41.9341
 EAMBER  =    -2655.5885


   NSTEP       ENERGY          RMS            GMAX         NAME    NUMBER
    700      -2.6137E+03     3.2661E-04     4.9933E-03     HG1      1389

 BOND    =       31.5276  ANGLE   =      207.3900  DIHED      =     1080.3850
 VDWAALS =     -802.4607  EEL     =    -7334.3387  EGB        =    -1774.8372
 1-4 VDW =      332.1432  1-4 EEL =     5604.5940  RESTRAINT  =       41.9421
 EAMBER  =    -2655.5968


   NSTEP       ENERGY          RMS            GMAX         NAME    NUMBER
    800      -2.6137E+03     4.0146E-04     5.5427E-03     HG1      1389

 BOND    =       31.5271  ANGLE   =      207.3899  DIHED      =     1080.3856
 VDWAALS =     -802.4593  EEL     =    -7334.3255  EGB        =    -1774.8448
 1-4 VDW =      332.1440  1-4 EEL =     5604.5866  RESTRAINT  =       41.9417
 EAMBER  =    -2655.5965


   NSTEP       ENERGY          RMS            GMAX         NAME    NUMBER
    900      -2.6137E+03     1.4232E-04     3.4835E-03     HG1      1389

 BOND    =       31.5272  ANGLE   =      207.3899  DIHED      =     1080.3864
 VDWAALS =     -802.4594  EEL     =    -7334.3180  EGB        =    -1774.8496
 1-4 VDW =      332.1439  1-4 EEL =     5604.5828  RESTRAINT  =       41.9420
 EAMBER  =    -2655.5968


                    FINAL RESULTS



   NSTEP       ENERGY          RMS            GMAX         NAME    NUMBER
    948      -2.6137E+03     9.8572E-05     3.4610E-03     HG1      1389

 BOND    =       31.5272  ANGLE   =      207.3898  DIHED      =     1080.3868
 VDWAALS =     -802.4594  EEL     =    -7334.3143  EGB        =    -1774.8519
 1-4 VDW =      332.1440  1-4 EEL =     5604.5809  RESTRAINT  =       41.9421
 EAMBER  =    -2655.5969

--------------------------------------------------------------------------------
   5.  TIMINGS
--------------------------------------------------------------------------------

|                Calc gb radii             56.57 (20.18% of Gen B)
|                Calc gb diag             105.24 (37.55% of Gen B)
|                Calc gb off-diag         118.46 (42.27% of Gen B)
|             Gen Born time            280.27 (100.0% of Nonbo)
|          Nonbond force            280.27 (99.30% of Force)
|          Bond/Angle/Dihedral        1.96 ( 0.69% of Force)
|          Other                      0.02 ( 0.01% of Force)
|       Force time               282.25 (100.0% of Runmd)
|    Runmd Time               282.25 (99.75% of Total)
|    Other                      0.71 ( 0.25% of Total)
| Total time               282.96 (100.0% of ALL  )

| Number of list builds   :          0

| Highest rstack allocated:          0
| Highest istack allocated:          0
|           Job began  at 13:06:31.406  on 02/03/2016
|           Setup done at 13:06:31.457  on 02/03/2016
|           Run   done at 13:11:14.368  on 02/03/2016
|     wallclock() was called   17092 times
