
          -------------------------------------------------------
          Amber 14 SANDER                              2014
          -------------------------------------------------------

| Run on 02/03/2016 at 13:59:56

|   Executable path: sander
| Working directory: /lustre/cs1500/scratch/kmb413/RealDecoyDisc/DecoyDiscrimination/decoys.set2.init/1aaj/Rosetta_relaxed
|          Hostname: slepner30


File Assignments:
|  MDIN: /scratch/kmb413/RealDecoyDisc/DecoyDiscrimination/scripts/min/min.in  
| MDOUT: NoH_3_empty_tag_1_555_0001.out                                        
|INPCRD: NoH_3_empty_tag_1_555_0001.rst7                                       
|  PARM: NoH_3_empty_tag_1_555_0001.parm7                                      
|RESTRT: min_NoH_3_empty_tag_1_555_0001.rst7                                   
|  REFC: NoH_3_empty_tag_1_555_0001.rst7                                       
| MDVEL: mdvel                                                                 
| MDFRC: mdfrc                                                                 
|  MDEN: mden                                                                  
| MDCRD: mdcrd                                                                 
|MDINFO: mdinfo                                                                
|  MTMD: mtmd                                                                  
|INPDIP: inpdip                                                                
|RSTDIP: rstdip                                                                
|INPTRA: inptraj                                                               


 Here is the input file:

                                                                               
&cntrl                                                                         
    imin = 1, maxcyc=1000,                                                     
    ntx = 1,                                                                   
    ntwr = 100, ntpr = 100,                                                    
    cut = 999.0,                                                               
    ntb = 0, igb = 8,                                                          
    ntr = 1, restraint_wt = 10, restraintmask = "!@H=",                        
/                                                                              

--------------------------------------------------------------------------------
   1.  RESOURCE   USE: 
--------------------------------------------------------------------------------

| Flags:                                                                        
| New format PARM file being parsed.
| Version =    1.000 Date = 02/03/16 Time = 11:49:23
 NATOM  =    1590 NTYPES =      14 NBONH =     791 MBONA  =     820
 NTHETH =    1812 MTHETA =    1115 NPHIH =    3578 MPHIA  =    3525
 NHPARM =       0 NPARM  =       0 NNB   =    8805 NRES   =     104
 NBONA  =     820 NTHETA =    1115 NPHIA =    3525 NUMBND =      65
 NUMANG =     152 NPTRA  =     189 NATYP =      33 NPHB   =       0
 IFBOX  =       0 NMXRS  =      24 IFCAP =       0 NEXTRA =       0
 NCOPY  =       0

 Implicit solvent radii are ArgH and AspGluO modified Bondi2 radii (mbondi3)                                
 Replacing prmtop screening parameters with GBn2 (igb=8) values

|     Memory Use     Allocated
|     Real              145027
|     Hollerith           4876
|     Integer           109197
|     Max Pairs              1
|     nblistReal             0
|     nblist Int             0
|       Total             1578 kbytes

| Note: 1-4 EEL scale factors are being read from the topology file.

| Note: 1-4 VDW scale factors are being read from the topology file.
| Duplicated    0 dihedrals
| Duplicated    0 dihedrals

--------------------------------------------------------------------------------
   2.  CONTROL  DATA  FOR  THE  RUN
--------------------------------------------------------------------------------

default_name                                                                    

General flags:
     imin    =       1, nmropt  =       0

Nature and format of input:
     ntx     =       1, irest   =       0, ntrx    =       1

Nature and format of output:
     ntxo    =       1, ntpr    =     100, ntrx    =       1, ntwr    =     100
     iwrap   =       0, ntwx    =       0, ntwv    =       0, ntwe    =       0
     ioutfm  =       0, ntwprt  =       0, idecomp =       0, rbornstat=      0

Potential function:
     ntf     =       1, ntb     =       0, igb     =       8, nsnb    =      25
     ipol    =       0, gbsa    =       0, iesp    =       0
     dielc   =   1.00000, cut     = 999.00000, intdiel =   1.00000
     saltcon =   0.00000, offset  =   0.19514, surften =   0.00500
     rdt     =   0.00000, rgbmax  =  25.00000  extdiel =  78.50000
     alpb  =        0
     gbalphaH  =   0.78844, gbbetaH   =   0.79870,  gbgammaH  =    0.43733
     gbalphaC  =   0.73376, gbbetaC   =   0.50638,  gbgammaC  =    0.20584
     gbalphaN  =   0.50336, gbbetaN   =   0.31683,  gbgammaN  =    0.19292
     gbalphaOS =   0.86781, gbbetaOS  =   0.87664,  gbgammaOS =    0.38788
     gbalphaP  =   1.00000, gbbetaP   =   0.80000,  gbgammaP  =    4.85000
     gb_alpha_hnu  =   0.53705, gb_beta_hnu   =   0.36286,  gb_gamma_hnu  =    0.11670
     gb_alpha_cnu  =   0.33167, gb_beta_cnu   =   0.19684,  gb_gamma_cnu  =    0.09342
     gb_alpha_nnu  =   0.68631, gb_beta_nnu   =   0.46319,  gb_gamma_nnu  =    0.13872
     gb_alpha_onu  =   0.60634, gb_beta_onu   =   0.46301,  gb_gamma_onu  =    0.14226
     gb_alpha_pnu  =   0.41836, gb_beta_pnu   =   0.29005,  gb_gamma_pnu  =    0.10642

Frozen or restrained atoms:
     ibelly  =       0, ntr     =       1
     restraint_wt =  10.00000

Energy minimization:
     maxcyc  =    1000, ncyc    =      10, ntmin   =       1
     dx0     =   0.01000, drms    =   0.00010
|  INFO: Old style inpcrd file read


    LOADING THE CONSTRAINED ATOMS AS GROUPS


   5.  REFERENCE ATOM COORDINATES

  defa
     Mask !@H=; matches   799 atoms

--------------------------------------------------------------------------------
   3.  ATOMIC COORDINATES AND VELOCITIES
--------------------------------------------------------------------------------

default_name                                                                    
 begin time read from input coords =     0.000 ps

 Number of triangulated 3-point waters found:        0

--------------------------------------------------------------------------------
   4.  RESULTS
--------------------------------------------------------------------------------



   NSTEP       ENERGY          RMS            GMAX         NAME    NUMBER
      1      -2.2190E+03     9.0859E+00     6.2462E+01     OE1      1120

 BOND    =       69.2145  ANGLE   =      210.9850  DIHED      =     1078.5295
 VDWAALS =     -659.4428  EEL     =    -7228.4125  EGB        =    -1812.8381
 1-4 VDW =      437.8899  1-4 EEL =     5685.1184  RESTRAINT  =        0.0000


   NSTEP       ENERGY          RMS            GMAX         NAME    NUMBER
    100      -2.5902E+03     4.8405E-01     4.9505E+00     CD        193

 BOND    =       31.0360  ANGLE   =      207.1403  DIHED      =     1083.9794
 VDWAALS =     -798.9371  EEL     =    -7268.5726  EGB        =    -1821.6917
 1-4 VDW =      329.8464  1-4 EEL =     5605.3778  RESTRAINT  =       41.5839
 EAMBER  =    -2631.8215


   NSTEP       ENERGY          RMS            GMAX         NAME    NUMBER
    200      -2.6027E+03     4.1604E-01     6.8106E+00     HG1      1213

 BOND    =       32.1478  ANGLE   =      208.6481  DIHED      =     1083.5579
 VDWAALS =     -799.5268  EEL     =    -7289.7645  EGB        =    -1814.0430
 1-4 VDW =      328.8212  1-4 EEL =     5604.1400  RESTRAINT  =       43.3417
 EAMBER  =    -2646.0194


   NSTEP       ENERGY          RMS            GMAX         NAME    NUMBER
    300      -2.6099E+03     6.5218E-02     5.9877E-01     CE2       650

 BOND    =       31.4453  ANGLE   =      207.1541  DIHED      =     1080.6019
 VDWAALS =     -797.9385  EEL     =    -7297.8113  EGB        =    -1812.8521
 1-4 VDW =      330.9384  1-4 EEL =     5607.0983  RESTRAINT  =       41.4202
 EAMBER  =    -2651.3639


   NSTEP       ENERGY          RMS            GMAX         NAME    NUMBER
    400      -2.6101E+03     8.4043E-03     9.9437E-02     CD        193

 BOND    =       31.3113  ANGLE   =      206.7882  DIHED      =     1080.4624
 VDWAALS =     -797.8261  EEL     =    -7297.8805  EGB        =    -1812.8690
 1-4 VDW =      331.3165  1-4 EEL =     5607.3684  RESTRAINT  =       41.2462
 EAMBER  =    -2651.3287


   NSTEP       ENERGY          RMS            GMAX         NAME    NUMBER
    500      -2.6101E+03     2.8400E-03     3.8077E-02     CD        103

 BOND    =       31.3020  ANGLE   =      206.7603  DIHED      =     1080.4723
 VDWAALS =     -797.8410  EEL     =    -7297.9148  EGB        =    -1812.8516
 1-4 VDW =      331.3502  1-4 EEL =     5607.3911  RESTRAINT  =       41.2436
 EAMBER  =    -2651.3315


   NSTEP       ENERGY          RMS            GMAX         NAME    NUMBER
    600      -2.6101E+03     1.7885E-04     1.8670E-03     CG         10

 BOND    =       31.2997  ANGLE   =      206.7559  DIHED      =     1080.4790
 VDWAALS =     -797.8554  EEL     =    -7297.9327  EGB        =    -1812.8400
 1-4 VDW =      331.3574  1-4 EEL =     5607.3971  RESTRAINT  =       41.2503
 EAMBER  =    -2651.3390


   NSTEP       ENERGY          RMS            GMAX         NAME    NUMBER
    700      -2.6101E+03     1.8031E-04     2.0209E-03     CD        193

 BOND    =       31.2994  ANGLE   =      206.7556  DIHED      =     1080.4784
 VDWAALS =     -797.8546  EEL     =    -7297.9320  EGB        =    -1812.8406
 1-4 VDW =      331.3577  1-4 EEL =     5607.3970  RESTRAINT  =       41.2506
 EAMBER  =    -2651.3393


   NSTEP       ENERGY          RMS            GMAX         NAME    NUMBER
    800      -2.6101E+03     1.5949E-04     2.5099E-03     CD        193

 BOND    =       31.2994  ANGLE   =      206.7556  DIHED      =     1080.4782
 VDWAALS =     -797.8545  EEL     =    -7297.9322  EGB        =    -1812.8408
 1-4 VDW =      331.3577  1-4 EEL =     5607.3971  RESTRAINT  =       41.2507
 EAMBER  =    -2651.3394


   NSTEP       ENERGY          RMS            GMAX         NAME    NUMBER
    900      -2.6101E+03     1.0338E-04     1.3390E-03     HA        597

 BOND    =       31.2995  ANGLE   =      206.7555  DIHED      =     1080.4782
 VDWAALS =     -797.8545  EEL     =    -7297.9321  EGB        =    -1812.8408
 1-4 VDW =      331.3576  1-4 EEL =     5607.3970  RESTRAINT  =       41.2509
 EAMBER  =    -2651.3396


   NSTEP       ENERGY          RMS            GMAX         NAME    NUMBER
   1000      -2.6101E+03     8.6544E-05     1.5911E-03     OG1       604

 BOND    =       31.2995  ANGLE   =      206.7558  DIHED      =     1080.4783
 VDWAALS =     -797.8548  EEL     =    -7297.9322  EGB        =    -1812.8409
 1-4 VDW =      331.3574  1-4 EEL =     5607.3970  RESTRAINT  =       41.2512
 EAMBER  =    -2651.3399


                    FINAL RESULTS



   NSTEP       ENERGY          RMS            GMAX         NAME    NUMBER
   1000      -2.6101E+03     8.6544E-05     1.5911E-03     OG1       604

 BOND    =       31.2995  ANGLE   =      206.7558  DIHED      =     1080.4783
 VDWAALS =     -797.8548  EEL     =    -7297.9322  EGB        =    -1812.8409
 1-4 VDW =      331.3574  1-4 EEL =     5607.3970  RESTRAINT  =       41.2512
 EAMBER  =    -2651.3399

--------------------------------------------------------------------------------
   5.  TIMINGS
--------------------------------------------------------------------------------

|                Calc gb radii             59.48 (20.36% of Gen B)
|                Calc gb diag             110.64 (37.88% of Gen B)
|                Calc gb off-diag         121.97 (41.76% of Gen B)
|             Gen Born time            292.10 (100.0% of Nonbo)
|          Nonbond force            292.10 (99.29% of Force)
|          Bond/Angle/Dihedral        2.07 ( 0.70% of Force)
|          Other                      0.02 ( 0.01% of Force)
|       Force time               294.18 (100.0% of Runmd)
|    Runmd Time               294.18 (99.73% of Total)
|    Other                      0.78 ( 0.27% of Total)
| Total time               294.97 (100.0% of ALL  )

| Number of list builds   :          0

| Highest rstack allocated:          0
| Highest istack allocated:          0
|           Job began  at 13:59:56.886  on 02/03/2016
|           Setup done at 13:59:56.937  on 02/03/2016
|           Run   done at 14:04:51.856  on 02/03/2016
|     wallclock() was called   18028 times
