
          -------------------------------------------------------
          Amber 14 SANDER                              2014
          -------------------------------------------------------

| Run on 02/03/2016 at 14:44:47

|   Executable path: sander
| Working directory: /lustre/cs1500/scratch/kmb413/RealDecoyDisc/DecoyDiscrimination/decoys.set2.init/1aaj/Rosetta_relaxed
|          Hostname: slepner30


File Assignments:
|  MDIN: /scratch/kmb413/RealDecoyDisc/DecoyDiscrimination/scripts/min/min.in  
| MDOUT: NoH_2_empty_tag_1_98_1_0001.out                                       
|INPCRD: NoH_2_empty_tag_1_98_1_0001.rst7                                      
|  PARM: NoH_2_empty_tag_1_98_1_0001.parm7                                     
|RESTRT: min_NoH_2_empty_tag_1_98_1_0001.rst7                                  
|  REFC: NoH_2_empty_tag_1_98_1_0001.rst7                                      
| MDVEL: mdvel                                                                 
| MDFRC: mdfrc                                                                 
|  MDEN: mden                                                                  
| MDCRD: mdcrd                                                                 
|MDINFO: mdinfo                                                                
|  MTMD: mtmd                                                                  
|INPDIP: inpdip                                                                
|RSTDIP: rstdip                                                                
|INPTRA: inptraj                                                               


 Here is the input file:

                                                                               
&cntrl                                                                         
    imin = 1, maxcyc=1000,                                                     
    ntx = 1,                                                                   
    ntwr = 100, ntpr = 100,                                                    
    cut = 999.0,                                                               
    ntb = 0, igb = 8,                                                          
    ntr = 1, restraint_wt = 10, restraintmask = "!@H=",                        
/                                                                              

--------------------------------------------------------------------------------
   1.  RESOURCE   USE: 
--------------------------------------------------------------------------------

| Flags:                                                                        
| New format PARM file being parsed.
| Version =    1.000 Date = 02/03/16 Time = 11:47:44
 NATOM  =    1590 NTYPES =      14 NBONH =     791 MBONA  =     820
 NTHETH =    1812 MTHETA =    1115 NPHIH =    3578 MPHIA  =    3525
 NHPARM =       0 NPARM  =       0 NNB   =    8805 NRES   =     104
 NBONA  =     820 NTHETA =    1115 NPHIA =    3525 NUMBND =      65
 NUMANG =     152 NPTRA  =     189 NATYP =      33 NPHB   =       0
 IFBOX  =       0 NMXRS  =      24 IFCAP =       0 NEXTRA =       0
 NCOPY  =       0

 Implicit solvent radii are ArgH and AspGluO modified Bondi2 radii (mbondi3)                                
 Replacing prmtop screening parameters with GBn2 (igb=8) values

|     Memory Use     Allocated
|     Real              145027
|     Hollerith           4876
|     Integer           109197
|     Max Pairs              1
|     nblistReal             0
|     nblist Int             0
|       Total             1578 kbytes

| Note: 1-4 EEL scale factors are being read from the topology file.

| Note: 1-4 VDW scale factors are being read from the topology file.
| Duplicated    0 dihedrals
| Duplicated    0 dihedrals

--------------------------------------------------------------------------------
   2.  CONTROL  DATA  FOR  THE  RUN
--------------------------------------------------------------------------------

default_name                                                                    

General flags:
     imin    =       1, nmropt  =       0

Nature and format of input:
     ntx     =       1, irest   =       0, ntrx    =       1

Nature and format of output:
     ntxo    =       1, ntpr    =     100, ntrx    =       1, ntwr    =     100
     iwrap   =       0, ntwx    =       0, ntwv    =       0, ntwe    =       0
     ioutfm  =       0, ntwprt  =       0, idecomp =       0, rbornstat=      0

Potential function:
     ntf     =       1, ntb     =       0, igb     =       8, nsnb    =      25
     ipol    =       0, gbsa    =       0, iesp    =       0
     dielc   =   1.00000, cut     = 999.00000, intdiel =   1.00000
     saltcon =   0.00000, offset  =   0.19514, surften =   0.00500
     rdt     =   0.00000, rgbmax  =  25.00000  extdiel =  78.50000
     alpb  =        0
     gbalphaH  =   0.78844, gbbetaH   =   0.79870,  gbgammaH  =    0.43733
     gbalphaC  =   0.73376, gbbetaC   =   0.50638,  gbgammaC  =    0.20584
     gbalphaN  =   0.50336, gbbetaN   =   0.31683,  gbgammaN  =    0.19292
     gbalphaOS =   0.86781, gbbetaOS  =   0.87664,  gbgammaOS =    0.38788
     gbalphaP  =   1.00000, gbbetaP   =   0.80000,  gbgammaP  =    4.85000
     gb_alpha_hnu  =   0.53705, gb_beta_hnu   =   0.36286,  gb_gamma_hnu  =    0.11670
     gb_alpha_cnu  =   0.33167, gb_beta_cnu   =   0.19684,  gb_gamma_cnu  =    0.09342
     gb_alpha_nnu  =   0.68631, gb_beta_nnu   =   0.46319,  gb_gamma_nnu  =    0.13872
     gb_alpha_onu  =   0.60634, gb_beta_onu   =   0.46301,  gb_gamma_onu  =    0.14226
     gb_alpha_pnu  =   0.41836, gb_beta_pnu   =   0.29005,  gb_gamma_pnu  =    0.10642

Frozen or restrained atoms:
     ibelly  =       0, ntr     =       1
     restraint_wt =  10.00000

Energy minimization:
     maxcyc  =    1000, ncyc    =      10, ntmin   =       1
     dx0     =   0.01000, drms    =   0.00010
|  INFO: Old style inpcrd file read


    LOADING THE CONSTRAINED ATOMS AS GROUPS


   5.  REFERENCE ATOM COORDINATES

  defa
     Mask !@H=; matches   799 atoms

--------------------------------------------------------------------------------
   3.  ATOMIC COORDINATES AND VELOCITIES
--------------------------------------------------------------------------------

default_name                                                                    
 begin time read from input coords =     0.000 ps

 Number of triangulated 3-point waters found:        0

--------------------------------------------------------------------------------
   4.  RESULTS
--------------------------------------------------------------------------------



   NSTEP       ENERGY          RMS            GMAX         NAME    NUMBER
      1      -2.0733E+03     8.9938E+00     5.8629E+01     OE1       104

 BOND    =       69.1394  ANGLE   =      211.3991  DIHED      =     1074.9433
 VDWAALS =     -580.7580  EEL     =    -6856.3173  EGB        =    -2142.6132
 1-4 VDW =      448.9863  1-4 EEL =     5701.9018  RESTRAINT  =        0.0000


   NSTEP       ENERGY          RMS            GMAX         NAME    NUMBER
    100      -2.4498E+03     4.5149E-01     3.8918E+00     CD2       659

 BOND    =       31.9624  ANGLE   =      209.5204  DIHED      =     1079.0775
 VDWAALS =     -724.1286  EEL     =    -6909.2690  EGB        =    -2136.0858
 1-4 VDW =      333.1698  1-4 EEL =     5619.1673  RESTRAINT  =       46.8359
 EAMBER  =    -2496.5861


   NSTEP       ENERGY          RMS            GMAX         NAME    NUMBER
    200      -2.4553E+03     1.3974E-01     1.6121E+00     H2          3

 BOND    =       31.9179  ANGLE   =      209.4363  DIHED      =     1077.8097
 VDWAALS =     -725.9021  EEL     =    -6917.5771  EGB        =    -2131.2800
 1-4 VDW =      333.1576  1-4 EEL =     5618.7907  RESTRAINT  =       48.3135
 EAMBER  =    -2503.6470


   NSTEP       ENERGY          RMS            GMAX         NAME    NUMBER
    300      -2.4706E+03     3.5606E-01     5.0404E+00     OH       1164

 BOND    =       32.7742  ANGLE   =      210.6326  DIHED      =     1074.4080
 VDWAALS =     -726.2966  EEL     =    -6930.2842  EGB        =    -2131.0993
 1-4 VDW =      331.3340  1-4 EEL =     5618.6510  RESTRAINT  =       49.2624
 EAMBER  =    -2519.8804


   NSTEP       ENERGY          RMS            GMAX         NAME    NUMBER
    400      -2.4733E+03     1.4475E-02     1.7289E-01     HH       1165

 BOND    =       31.6523  ANGLE   =      208.9235  DIHED      =     1074.0448
 VDWAALS =     -724.5880  EEL     =    -6930.4852  EGB        =    -2131.6621
 1-4 VDW =      333.5925  1-4 EEL =     5618.0494  RESTRAINT  =       47.1442
 EAMBER  =    -2520.4727


   NSTEP       ENERGY          RMS            GMAX         NAME    NUMBER
    500      -2.4733E+03     2.4013E-03     2.9634E-02     HD2      1169

 BOND    =       31.6202  ANGLE   =      208.8801  DIHED      =     1074.0575
 VDWAALS =     -724.6333  EEL     =    -6930.4573  EGB        =    -2131.6785
 1-4 VDW =      333.6783  1-4 EEL =     5618.0679  RESTRAINT  =       47.1245
 EAMBER  =    -2520.4650


   NSTEP       ENERGY          RMS            GMAX         NAME    NUMBER
    600      -2.4733E+03     1.0760E-03     1.4666E-02     CE2       650

 BOND    =       31.6122  ANGLE   =      208.8729  DIHED      =     1074.0758
 VDWAALS =     -724.6600  EEL     =    -6930.4531  EGB        =    -2131.6854
 1-4 VDW =      333.6949  1-4 EEL =     5618.0717  RESTRAINT  =       47.1290
 EAMBER  =    -2520.4710


   NSTEP       ENERGY          RMS            GMAX         NAME    NUMBER
    700      -2.4733E+03     1.7900E-04     2.1841E-03     CD2      1168

 BOND    =       31.6106  ANGLE   =      208.8718  DIHED      =     1074.0767
 VDWAALS =     -724.6594  EEL     =    -6930.4519  EGB        =    -2131.6852
 1-4 VDW =      333.6985  1-4 EEL =     5618.0696  RESTRAINT  =       47.1272
 EAMBER  =    -2520.4693


                    FINAL RESULTS



   NSTEP       ENERGY          RMS            GMAX         NAME    NUMBER
    774      -2.4733E+03     9.7317E-05     1.3506E-03     C        1588

 BOND    =       31.6106  ANGLE   =      208.8719  DIHED      =     1074.0772
 VDWAALS =     -724.6606  EEL     =    -6930.4518  EGB        =    -2131.6852
 1-4 VDW =      333.6985  1-4 EEL =     5618.0695  RESTRAINT  =       47.1278
 EAMBER  =    -2520.4698

--------------------------------------------------------------------------------
   5.  TIMINGS
--------------------------------------------------------------------------------

|                Calc gb radii             43.69 (19.96% of Gen B)
|                Calc gb diag              80.02 (36.57% of Gen B)
|                Calc gb off-diag          95.13 (43.47% of Gen B)
|             Gen Born time            218.84 (100.0% of Nonbo)
|          Nonbond force            218.84 (99.27% of Force)
|          Bond/Angle/Dihedral        1.60 ( 0.72% of Force)
|          Other                      0.01 ( 0.01% of Force)
|       Force time               220.45 (100.0% of Runmd)
|    Runmd Time               220.45 (99.79% of Total)
|    Other                      0.46 ( 0.21% of Total)
| Total time               220.91 (100.0% of ALL  )

| Number of list builds   :          0

| Highest rstack allocated:          0
| Highest istack allocated:          0
|           Job began  at 14:44:47.093  on 02/03/2016
|           Setup done at 14:44:47.143  on 02/03/2016
|           Run   done at 14:48:28.005  on 02/03/2016
|     wallclock() was called   13960 times
