
          -------------------------------------------------------
          Amber 14 SANDER                              2014
          -------------------------------------------------------

| Run on 02/03/2016 at 13:22:31

|   Executable path: sander
| Working directory: /lustre/cs1500/scratch/kmb413/RealDecoyDisc/DecoyDiscrimination/decoys.set2.init/1aaj/Rosetta_relaxed
|          Hostname: slepner30


File Assignments:
|  MDIN: /scratch/kmb413/RealDecoyDisc/DecoyDiscrimination/scripts/min/min.in  
| MDOUT: NoH_3_empty_tag_1_223_1_0001.out                                      
|INPCRD: NoH_3_empty_tag_1_223_1_0001.rst7                                     
|  PARM: NoH_3_empty_tag_1_223_1_0001.parm7                                    
|RESTRT: min_NoH_3_empty_tag_1_223_1_0001.rst7                                 
|  REFC: NoH_3_empty_tag_1_223_1_0001.rst7                                     
| MDVEL: mdvel                                                                 
| MDFRC: mdfrc                                                                 
|  MDEN: mden                                                                  
| MDCRD: mdcrd                                                                 
|MDINFO: mdinfo                                                                
|  MTMD: mtmd                                                                  
|INPDIP: inpdip                                                                
|RSTDIP: rstdip                                                                
|INPTRA: inptraj                                                               


 Here is the input file:

                                                                               
&cntrl                                                                         
    imin = 1, maxcyc=1000,                                                     
    ntx = 1,                                                                   
    ntwr = 100, ntpr = 100,                                                    
    cut = 999.0,                                                               
    ntb = 0, igb = 8,                                                          
    ntr = 1, restraint_wt = 10, restraintmask = "!@H=",                        
/                                                                              

--------------------------------------------------------------------------------
   1.  RESOURCE   USE: 
--------------------------------------------------------------------------------

| Flags:                                                                        
| New format PARM file being parsed.
| Version =    1.000 Date = 02/03/16 Time = 11:48:51
 NATOM  =    1590 NTYPES =      14 NBONH =     791 MBONA  =     820
 NTHETH =    1812 MTHETA =    1115 NPHIH =    3578 MPHIA  =    3525
 NHPARM =       0 NPARM  =       0 NNB   =    8805 NRES   =     104
 NBONA  =     820 NTHETA =    1115 NPHIA =    3525 NUMBND =      65
 NUMANG =     152 NPTRA  =     189 NATYP =      33 NPHB   =       0
 IFBOX  =       0 NMXRS  =      24 IFCAP =       0 NEXTRA =       0
 NCOPY  =       0

 Implicit solvent radii are ArgH and AspGluO modified Bondi2 radii (mbondi3)                                
 Replacing prmtop screening parameters with GBn2 (igb=8) values

|     Memory Use     Allocated
|     Real              145027
|     Hollerith           4876
|     Integer           109197
|     Max Pairs              1
|     nblistReal             0
|     nblist Int             0
|       Total             1578 kbytes

| Note: 1-4 EEL scale factors are being read from the topology file.

| Note: 1-4 VDW scale factors are being read from the topology file.
| Duplicated    0 dihedrals
| Duplicated    0 dihedrals

--------------------------------------------------------------------------------
   2.  CONTROL  DATA  FOR  THE  RUN
--------------------------------------------------------------------------------

default_name                                                                    

General flags:
     imin    =       1, nmropt  =       0

Nature and format of input:
     ntx     =       1, irest   =       0, ntrx    =       1

Nature and format of output:
     ntxo    =       1, ntpr    =     100, ntrx    =       1, ntwr    =     100
     iwrap   =       0, ntwx    =       0, ntwv    =       0, ntwe    =       0
     ioutfm  =       0, ntwprt  =       0, idecomp =       0, rbornstat=      0

Potential function:
     ntf     =       1, ntb     =       0, igb     =       8, nsnb    =      25
     ipol    =       0, gbsa    =       0, iesp    =       0
     dielc   =   1.00000, cut     = 999.00000, intdiel =   1.00000
     saltcon =   0.00000, offset  =   0.19514, surften =   0.00500
     rdt     =   0.00000, rgbmax  =  25.00000  extdiel =  78.50000
     alpb  =        0
     gbalphaH  =   0.78844, gbbetaH   =   0.79870,  gbgammaH  =    0.43733
     gbalphaC  =   0.73376, gbbetaC   =   0.50638,  gbgammaC  =    0.20584
     gbalphaN  =   0.50336, gbbetaN   =   0.31683,  gbgammaN  =    0.19292
     gbalphaOS =   0.86781, gbbetaOS  =   0.87664,  gbgammaOS =    0.38788
     gbalphaP  =   1.00000, gbbetaP   =   0.80000,  gbgammaP  =    4.85000
     gb_alpha_hnu  =   0.53705, gb_beta_hnu   =   0.36286,  gb_gamma_hnu  =    0.11670
     gb_alpha_cnu  =   0.33167, gb_beta_cnu   =   0.19684,  gb_gamma_cnu  =    0.09342
     gb_alpha_nnu  =   0.68631, gb_beta_nnu   =   0.46319,  gb_gamma_nnu  =    0.13872
     gb_alpha_onu  =   0.60634, gb_beta_onu   =   0.46301,  gb_gamma_onu  =    0.14226
     gb_alpha_pnu  =   0.41836, gb_beta_pnu   =   0.29005,  gb_gamma_pnu  =    0.10642

Frozen or restrained atoms:
     ibelly  =       0, ntr     =       1
     restraint_wt =  10.00000

Energy minimization:
     maxcyc  =    1000, ncyc    =      10, ntmin   =       1
     dx0     =   0.01000, drms    =   0.00010
|  INFO: Old style inpcrd file read


    LOADING THE CONSTRAINED ATOMS AS GROUPS


   5.  REFERENCE ATOM COORDINATES

  defa
     Mask !@H=; matches   799 atoms

--------------------------------------------------------------------------------
   3.  ATOMIC COORDINATES AND VELOCITIES
--------------------------------------------------------------------------------

default_name                                                                    
 begin time read from input coords =     0.000 ps

 Number of triangulated 3-point waters found:        0

--------------------------------------------------------------------------------
   4.  RESULTS
--------------------------------------------------------------------------------



   NSTEP       ENERGY          RMS            GMAX         NAME    NUMBER
      1      -2.0289E+03     9.2804E+00     7.3252E+01     OE1       104

 BOND    =       69.4424  ANGLE   =      211.3592  DIHED      =     1070.0489
 VDWAALS =     -508.9217  EEL     =    -6992.2771  EGB        =    -2007.4930
 1-4 VDW =      450.7736  1-4 EEL =     5678.1285  RESTRAINT  =        0.0000


   NSTEP       ENERGY          RMS            GMAX         NAME    NUMBER
    100      -2.4145E+03     2.7691E-01     3.8733E+00     CD        193

 BOND    =       32.7723  ANGLE   =      209.1613  DIHED      =     1074.5979
 VDWAALS =     -666.0206  EEL     =    -7009.2999  EGB        =    -2019.6128
 1-4 VDW =      329.5937  1-4 EEL =     5591.1587  RESTRAINT  =       43.1334
 EAMBER  =    -2457.6494


   NSTEP       ENERGY          RMS            GMAX         NAME    NUMBER
    200      -2.4193E+03     1.9655E-01     2.7874E+00     CG        589

 BOND    =       32.7372  ANGLE   =      209.4485  DIHED      =     1074.2745
 VDWAALS =     -668.6945  EEL     =    -7014.1640  EGB        =    -2018.3150
 1-4 VDW =      329.4975  1-4 EEL =     5590.6649  RESTRAINT  =       45.2530
 EAMBER  =    -2464.5508


   NSTEP       ENERGY          RMS            GMAX         NAME    NUMBER
    300      -2.4207E+03     1.3834E-02     1.2097E-01     H1          2

 BOND    =       32.3316  ANGLE   =      208.6001  DIHED      =     1073.4512
 VDWAALS =     -668.6923  EEL     =    -7015.0839  EGB        =    -2017.9686
 1-4 VDW =      330.6338  1-4 EEL =     5591.1333  RESTRAINT  =       44.8712
 EAMBER  =    -2465.5949


   NSTEP       ENERGY          RMS            GMAX         NAME    NUMBER
    400      -2.4207E+03     5.4299E-03     6.6456E-02     CG        589

 BOND    =       32.3071  ANGLE   =      208.5741  DIHED      =     1073.4952
 VDWAALS =     -668.7760  EEL     =    -7015.2503  EGB        =    -2017.8463
 1-4 VDW =      330.7192  1-4 EEL =     5591.1555  RESTRAINT  =       44.8834
 EAMBER  =    -2465.6215


   NSTEP       ENERGY          RMS            GMAX         NAME    NUMBER
    500      -2.4207E+03     1.8553E-03     1.8731E-02     HH        420

 BOND    =       32.2907  ANGLE   =      208.5679  DIHED      =     1073.5113
 VDWAALS =     -668.7949  EEL     =    -7015.3166  EGB        =    -2017.7948
 1-4 VDW =      330.7491  1-4 EEL =     5591.1608  RESTRAINT  =       44.8865
 EAMBER  =    -2465.6265


   NSTEP       ENERGY          RMS            GMAX         NAME    NUMBER
    600      -2.4207E+03     9.4776E-04     1.7207E-02     CD       1585

 BOND    =       32.2874  ANGLE   =      208.5648  DIHED      =     1073.5198
 VDWAALS =     -668.7962  EEL     =    -7015.3632  EGB        =    -2017.7577
 1-4 VDW =      330.7595  1-4 EEL =     5591.1611  RESTRAINT  =       44.8838
 EAMBER  =    -2465.6245


   NSTEP       ENERGY          RMS            GMAX         NAME    NUMBER
    700      -2.4207E+03     9.1349E-04     1.3936E-02     CG        589

 BOND    =       32.2869  ANGLE   =      208.5657  DIHED      =     1073.5249
 VDWAALS =     -668.7953  EEL     =    -7015.3906  EGB        =    -2017.7364
 1-4 VDW =      330.7610  1-4 EEL =     5591.1609  RESTRAINT  =       44.8823
 EAMBER  =    -2465.6230


   NSTEP       ENERGY          RMS            GMAX         NAME    NUMBER
    800      -2.4207E+03     3.1398E-04     5.9863E-03     HH        420

 BOND    =       32.2869  ANGLE   =      208.5654  DIHED      =     1073.5267
 VDWAALS =     -668.7952  EEL     =    -7015.3981  EGB        =    -2017.7307
 1-4 VDW =      330.7608  1-4 EEL =     5591.1614  RESTRAINT  =       44.8820
 EAMBER  =    -2465.6228


                    FINAL RESULTS



   NSTEP       ENERGY          RMS            GMAX         NAME    NUMBER
    896      -2.4207E+03     7.6509E-05     3.3206E-03     HH        420

 BOND    =       32.2870  ANGLE   =      208.5654  DIHED      =     1073.5284
 VDWAALS =     -668.7951  EEL     =    -7015.4056  EGB        =    -2017.7248
 1-4 VDW =      330.7607  1-4 EEL =     5591.1614  RESTRAINT  =       44.8817
 EAMBER  =    -2465.6225

--------------------------------------------------------------------------------
   5.  TIMINGS
--------------------------------------------------------------------------------

|                Calc gb radii             47.26 (19.50% of Gen B)
|                Calc gb diag              85.77 (35.38% of Gen B)
|                Calc gb off-diag         109.40 (45.12% of Gen B)
|             Gen Born time            242.43 (100.0% of Nonbo)
|          Nonbond force            242.43 (99.23% of Force)
|          Bond/Angle/Dihedral        1.86 ( 0.76% of Force)
|          Other                      0.01 ( 0.01% of Force)
|       Force time               244.31 (100.0% of Runmd)
|    Runmd Time               244.31 (99.69% of Total)
|    Other                      0.75 ( 0.31% of Total)
| Total time               245.06 (100.0% of ALL  )

| Number of list builds   :          0

| Highest rstack allocated:          0
| Highest istack allocated:          0
|           Job began  at 13:22:31.614  on 02/03/2016
|           Setup done at 13:22:31.665  on 02/03/2016
|           Run   done at 13:26:36.679  on 02/03/2016
|     wallclock() was called   16156 times
