
          -------------------------------------------------------
          Amber 14 SANDER                              2014
          -------------------------------------------------------

| Run on 02/03/2016 at 13:01:42

|   Executable path: sander
| Working directory: /lustre/cs1500/scratch/kmb413/RealDecoyDisc/DecoyDiscrimination/decoys.set2.init/1aaj/Rosetta_relaxed
|          Hostname: slepner13


File Assignments:
|  MDIN: /scratch/kmb413/RealDecoyDisc/DecoyDiscrimination/scripts/min/min.in  
| MDOUT: NoH_2_empty_tag_1069_0001_0001.out                                    
|INPCRD: NoH_2_empty_tag_1069_0001_0001.rst7                                   
|  PARM: NoH_2_empty_tag_1069_0001_0001.parm7                                  
|RESTRT: min_NoH_2_empty_tag_1069_0001_0001.rst7                               
|  REFC: NoH_2_empty_tag_1069_0001_0001.rst7                                   
| MDVEL: mdvel                                                                 
| MDFRC: mdfrc                                                                 
|  MDEN: mden                                                                  
| MDCRD: mdcrd                                                                 
|MDINFO: mdinfo                                                                
|  MTMD: mtmd                                                                  
|INPDIP: inpdip                                                                
|RSTDIP: rstdip                                                                
|INPTRA: inptraj                                                               


 Here is the input file:

                                                                               
&cntrl                                                                         
    imin = 1, maxcyc=1000,                                                     
    ntx = 1,                                                                   
    ntwr = 100, ntpr = 100,                                                    
    cut = 999.0,                                                               
    ntb = 0, igb = 8,                                                          
    ntr = 1, restraint_wt = 10, restraintmask = "!@H=",                        
/                                                                              

--------------------------------------------------------------------------------
   1.  RESOURCE   USE: 
--------------------------------------------------------------------------------

| Flags:                                                                        
| New format PARM file being parsed.
| Version =    1.000 Date = 02/03/16 Time = 11:46:22
 NATOM  =    1590 NTYPES =      14 NBONH =     791 MBONA  =     820
 NTHETH =    1812 MTHETA =    1115 NPHIH =    3578 MPHIA  =    3525
 NHPARM =       0 NPARM  =       0 NNB   =    8805 NRES   =     104
 NBONA  =     820 NTHETA =    1115 NPHIA =    3525 NUMBND =      65
 NUMANG =     152 NPTRA  =     189 NATYP =      33 NPHB   =       0
 IFBOX  =       0 NMXRS  =      24 IFCAP =       0 NEXTRA =       0
 NCOPY  =       0

 Implicit solvent radii are ArgH and AspGluO modified Bondi2 radii (mbondi3)                                
 Replacing prmtop screening parameters with GBn2 (igb=8) values

|     Memory Use     Allocated
|     Real              145027
|     Hollerith           4876
|     Integer           109197
|     Max Pairs              1
|     nblistReal             0
|     nblist Int             0
|       Total             1578 kbytes

| Note: 1-4 EEL scale factors are being read from the topology file.

| Note: 1-4 VDW scale factors are being read from the topology file.
| Duplicated    0 dihedrals
| Duplicated    0 dihedrals

--------------------------------------------------------------------------------
   2.  CONTROL  DATA  FOR  THE  RUN
--------------------------------------------------------------------------------

default_name                                                                    

General flags:
     imin    =       1, nmropt  =       0

Nature and format of input:
     ntx     =       1, irest   =       0, ntrx    =       1

Nature and format of output:
     ntxo    =       1, ntpr    =     100, ntrx    =       1, ntwr    =     100
     iwrap   =       0, ntwx    =       0, ntwv    =       0, ntwe    =       0
     ioutfm  =       0, ntwprt  =       0, idecomp =       0, rbornstat=      0

Potential function:
     ntf     =       1, ntb     =       0, igb     =       8, nsnb    =      25
     ipol    =       0, gbsa    =       0, iesp    =       0
     dielc   =   1.00000, cut     = 999.00000, intdiel =   1.00000
     saltcon =   0.00000, offset  =   0.19514, surften =   0.00500
     rdt     =   0.00000, rgbmax  =  25.00000  extdiel =  78.50000
     alpb  =        0
     gbalphaH  =   0.78844, gbbetaH   =   0.79870,  gbgammaH  =    0.43733
     gbalphaC  =   0.73376, gbbetaC   =   0.50638,  gbgammaC  =    0.20584
     gbalphaN  =   0.50336, gbbetaN   =   0.31683,  gbgammaN  =    0.19292
     gbalphaOS =   0.86781, gbbetaOS  =   0.87664,  gbgammaOS =    0.38788
     gbalphaP  =   1.00000, gbbetaP   =   0.80000,  gbgammaP  =    4.85000
     gb_alpha_hnu  =   0.53705, gb_beta_hnu   =   0.36286,  gb_gamma_hnu  =    0.11670
     gb_alpha_cnu  =   0.33167, gb_beta_cnu   =   0.19684,  gb_gamma_cnu  =    0.09342
     gb_alpha_nnu  =   0.68631, gb_beta_nnu   =   0.46319,  gb_gamma_nnu  =    0.13872
     gb_alpha_onu  =   0.60634, gb_beta_onu   =   0.46301,  gb_gamma_onu  =    0.14226
     gb_alpha_pnu  =   0.41836, gb_beta_pnu   =   0.29005,  gb_gamma_pnu  =    0.10642

Frozen or restrained atoms:
     ibelly  =       0, ntr     =       1
     restraint_wt =  10.00000

Energy minimization:
     maxcyc  =    1000, ncyc    =      10, ntmin   =       1
     dx0     =   0.01000, drms    =   0.00010
|  INFO: Old style inpcrd file read


    LOADING THE CONSTRAINED ATOMS AS GROUPS


   5.  REFERENCE ATOM COORDINATES

  defa
     Mask !@H=; matches   799 atoms

--------------------------------------------------------------------------------
   3.  ATOMIC COORDINATES AND VELOCITIES
--------------------------------------------------------------------------------

default_name                                                                    
 begin time read from input coords =     0.000 ps

 Number of triangulated 3-point waters found:        0

--------------------------------------------------------------------------------
   4.  RESULTS
--------------------------------------------------------------------------------



   NSTEP       ENERGY          RMS            GMAX         NAME    NUMBER
      1      -2.2126E+03     9.2688E+00     6.0261E+01     OE1      1586

 BOND    =       71.6802  ANGLE   =      212.0610  DIHED      =     1092.1321
 VDWAALS =     -640.9105  EEL     =    -7165.4653  EGB        =    -1945.5360
 1-4 VDW =      441.9246  1-4 EEL =     5721.5559  RESTRAINT  =        0.0000


   NSTEP       ENERGY          RMS            GMAX         NAME    NUMBER
    100      -2.5895E+03     5.0176E-01     5.3286E+00     HG1      1389

 BOND    =       32.6366  ANGLE   =      208.5193  DIHED      =     1095.2262
 VDWAALS =     -790.6140  EEL     =    -7175.7833  EGB        =    -1964.2679
 1-4 VDW =      327.5160  1-4 EEL =     5632.5907  RESTRAINT  =       44.6669
 EAMBER  =    -2634.1764


   NSTEP       ENERGY          RMS            GMAX         NAME    NUMBER
    200      -2.5984E+03     2.0134E-01     3.0471E+00     CG       1324

 BOND    =       31.9382  ANGLE   =      208.0889  DIHED      =     1092.9675
 VDWAALS =     -792.2385  EEL     =    -7186.6594  EGB        =    -1960.6807
 1-4 VDW =      328.6466  1-4 EEL =     5634.5130  RESTRAINT  =       45.0315
 EAMBER  =    -2643.4244


   NSTEP       ENERGY          RMS            GMAX         NAME    NUMBER
    300      -2.5998E+03     4.0848E-01     1.3361E+01     HG1       605

 BOND    =       32.4657  ANGLE   =      208.7864  DIHED      =     1093.1582
 VDWAALS =     -792.7746  EEL     =    -7185.9456  EGB        =    -1962.7324
 1-4 VDW =      327.9527  1-4 EEL =     5633.3935  RESTRAINT  =       45.9188
 EAMBER  =    -2645.6960


   NSTEP       ENERGY          RMS            GMAX         NAME    NUMBER
    400      -2.6040E+03     4.1014E-02     4.8309E-01     C        1588

 BOND    =       31.6786  ANGLE   =      207.0750  DIHED      =     1091.7882
 VDWAALS =     -791.0398  EEL     =    -7189.4559  EGB        =    -1962.9510
 1-4 VDW =      329.9231  1-4 EEL =     5634.6612  RESTRAINT  =       44.3158
 EAMBER  =    -2648.3205


   NSTEP       ENERGY          RMS            GMAX         NAME    NUMBER
    500      -2.6040E+03     5.0261E-03     7.0741E-02     CD        193

 BOND    =       31.6329  ANGLE   =      206.9835  DIHED      =     1091.8340
 VDWAALS =     -791.0085  EEL     =    -7189.3496  EGB        =    -1963.0964
 1-4 VDW =      330.0406  1-4 EEL =     5634.6982  RESTRAINT  =       44.2453
 EAMBER  =    -2648.2653


   NSTEP       ENERGY          RMS            GMAX         NAME    NUMBER
    600      -2.6040E+03     5.3207E-04     9.2413E-03     HG1       635

 BOND    =       31.6304  ANGLE   =      206.9719  DIHED      =     1091.8501
 VDWAALS =     -791.0139  EEL     =    -7189.3061  EGB        =    -1963.1493
 1-4 VDW =      330.0526  1-4 EEL =     5634.7000  RESTRAINT  =       44.2437
 EAMBER  =    -2648.2642


   NSTEP       ENERGY          RMS            GMAX         NAME    NUMBER
    700      -2.6040E+03     9.1284E-04     1.1399E-02     CD        193

 BOND    =       31.6294  ANGLE   =      206.9688  DIHED      =     1091.8589
 VDWAALS =     -791.0161  EEL     =    -7189.2668  EGB        =    -1963.1828
 1-4 VDW =      330.0563  1-4 EEL =     5634.6881  RESTRAINT  =       44.2435
 EAMBER  =    -2648.2642


   NSTEP       ENERGY          RMS            GMAX         NAME    NUMBER
    800      -2.6040E+03     7.6659E-04     1.8225E-02     CD        480

 BOND    =       31.6293  ANGLE   =      206.9673  DIHED      =     1091.8617
 VDWAALS =     -791.0170  EEL     =    -7189.2508  EGB        =    -1963.1953
 1-4 VDW =      330.0576  1-4 EEL =     5634.6834  RESTRAINT  =       44.2433
 EAMBER  =    -2648.2640


   NSTEP       ENERGY          RMS            GMAX         NAME    NUMBER
    900      -2.6040E+03     4.0700E-04     4.5126E-03     HG1       635

 BOND    =       31.6290  ANGLE   =      206.9678  DIHED      =     1091.8638
 VDWAALS =     -791.0182  EEL     =    -7189.2396  EGB        =    -1963.2041
 1-4 VDW =      330.0574  1-4 EEL =     5634.6792  RESTRAINT  =       44.2439
 EAMBER  =    -2648.2646

     ... RESTARTED DUE TO LINMIN FAILURE ...

     ... RESTARTED DUE TO LINMIN FAILURE ...

     ... RESTARTED DUE TO LINMIN FAILURE ...


   NSTEP       ENERGY          RMS            GMAX         NAME    NUMBER
   1000      -2.6040E+03     1.4542E-04     3.9369E-03     HG1       635

 BOND    =       31.6295  ANGLE   =      206.9676  DIHED      =     1091.8650
 VDWAALS =     -791.0187  EEL     =    -7189.2330  EGB        =    -1963.2092
 1-4 VDW =      330.0572  1-4 EEL =     5634.6767  RESTRAINT  =       44.2442
 EAMBER  =    -2648.2649


  Maximum number of minimization cycles reached.


                    FINAL RESULTS



   NSTEP       ENERGY          RMS            GMAX         NAME    NUMBER
   1000      -2.6040E+03     1.4542E-04     3.9369E-03     HG1       635

 BOND    =       31.6295  ANGLE   =      206.9676  DIHED      =     1091.8650
 VDWAALS =     -791.0187  EEL     =    -7189.2330  EGB        =    -1963.2092
 1-4 VDW =      330.0572  1-4 EEL =     5634.6767  RESTRAINT  =       44.2442
 EAMBER  =    -2648.2649

--------------------------------------------------------------------------------
   5.  TIMINGS
--------------------------------------------------------------------------------

|                Calc gb radii             59.72 (20.43% of Gen B)
|                Calc gb diag             110.19 (37.69% of Gen B)
|                Calc gb off-diag         122.43 (41.88% of Gen B)
|             Gen Born time            292.35 (100.0% of Nonbo)
|          Nonbond force            292.35 (99.29% of Force)
|          Bond/Angle/Dihedral        2.08 ( 0.71% of Force)
|          Other                      0.02 ( 0.01% of Force)
|       Force time               294.45 (100.0% of Runmd)
|    Runmd Time               294.45 (99.70% of Total)
|    Other                      0.87 ( 0.30% of Total)
| Total time               295.33 (100.0% of ALL  )

| Number of list builds   :          0

| Highest rstack allocated:          0
| Highest istack allocated:          0
|           Job began  at 13:01:42.942  on 02/03/2016
|           Setup done at 13:01:43.035  on 02/03/2016
|           Run   done at 13:06:38.270  on 02/03/2016
|     wallclock() was called   18028 times
