
          -------------------------------------------------------
          Amber 14 SANDER                              2014
          -------------------------------------------------------

| Run on 02/03/2016 at 14:26:13

|   Executable path: sander
| Working directory: /lustre/cs1500/scratch/kmb413/RealDecoyDisc/DecoyDiscrimination/decoys.set2.init/1aaj/Rosetta_relaxed
|          Hostname: slepner30


File Assignments:
|  MDIN: /scratch/kmb413/RealDecoyDisc/DecoyDiscrimination/scripts/min/min.in  
| MDOUT: NoH_2_empty_tag_1_941_0001.out                                        
|INPCRD: NoH_2_empty_tag_1_941_0001.rst7                                       
|  PARM: NoH_2_empty_tag_1_941_0001.parm7                                      
|RESTRT: min_NoH_2_empty_tag_1_941_0001.rst7                                   
|  REFC: NoH_2_empty_tag_1_941_0001.rst7                                       
| MDVEL: mdvel                                                                 
| MDFRC: mdfrc                                                                 
|  MDEN: mden                                                                  
| MDCRD: mdcrd                                                                 
|MDINFO: mdinfo                                                                
|  MTMD: mtmd                                                                  
|INPDIP: inpdip                                                                
|RSTDIP: rstdip                                                                
|INPTRA: inptraj                                                               


 Here is the input file:

                                                                               
&cntrl                                                                         
    imin = 1, maxcyc=1000,                                                     
    ntx = 1,                                                                   
    ntwr = 100, ntpr = 100,                                                    
    cut = 999.0,                                                               
    ntb = 0, igb = 8,                                                          
    ntr = 1, restraint_wt = 10, restraintmask = "!@H=",                        
/                                                                              

--------------------------------------------------------------------------------
   1.  RESOURCE   USE: 
--------------------------------------------------------------------------------

| Flags:                                                                        
| New format PARM file being parsed.
| Version =    1.000 Date = 02/03/16 Time = 11:47:42
 NATOM  =    1590 NTYPES =      14 NBONH =     791 MBONA  =     820
 NTHETH =    1812 MTHETA =    1115 NPHIH =    3578 MPHIA  =    3525
 NHPARM =       0 NPARM  =       0 NNB   =    8805 NRES   =     104
 NBONA  =     820 NTHETA =    1115 NPHIA =    3525 NUMBND =      65
 NUMANG =     152 NPTRA  =     189 NATYP =      33 NPHB   =       0
 IFBOX  =       0 NMXRS  =      24 IFCAP =       0 NEXTRA =       0
 NCOPY  =       0

 Implicit solvent radii are ArgH and AspGluO modified Bondi2 radii (mbondi3)                                
 Replacing prmtop screening parameters with GBn2 (igb=8) values

|     Memory Use     Allocated
|     Real              145027
|     Hollerith           4876
|     Integer           109197
|     Max Pairs              1
|     nblistReal             0
|     nblist Int             0
|       Total             1578 kbytes

| Note: 1-4 EEL scale factors are being read from the topology file.

| Note: 1-4 VDW scale factors are being read from the topology file.
| Duplicated    0 dihedrals
| Duplicated    0 dihedrals

--------------------------------------------------------------------------------
   2.  CONTROL  DATA  FOR  THE  RUN
--------------------------------------------------------------------------------

default_name                                                                    

General flags:
     imin    =       1, nmropt  =       0

Nature and format of input:
     ntx     =       1, irest   =       0, ntrx    =       1

Nature and format of output:
     ntxo    =       1, ntpr    =     100, ntrx    =       1, ntwr    =     100
     iwrap   =       0, ntwx    =       0, ntwv    =       0, ntwe    =       0
     ioutfm  =       0, ntwprt  =       0, idecomp =       0, rbornstat=      0

Potential function:
     ntf     =       1, ntb     =       0, igb     =       8, nsnb    =      25
     ipol    =       0, gbsa    =       0, iesp    =       0
     dielc   =   1.00000, cut     = 999.00000, intdiel =   1.00000
     saltcon =   0.00000, offset  =   0.19514, surften =   0.00500
     rdt     =   0.00000, rgbmax  =  25.00000  extdiel =  78.50000
     alpb  =        0
     gbalphaH  =   0.78844, gbbetaH   =   0.79870,  gbgammaH  =    0.43733
     gbalphaC  =   0.73376, gbbetaC   =   0.50638,  gbgammaC  =    0.20584
     gbalphaN  =   0.50336, gbbetaN   =   0.31683,  gbgammaN  =    0.19292
     gbalphaOS =   0.86781, gbbetaOS  =   0.87664,  gbgammaOS =    0.38788
     gbalphaP  =   1.00000, gbbetaP   =   0.80000,  gbgammaP  =    4.85000
     gb_alpha_hnu  =   0.53705, gb_beta_hnu   =   0.36286,  gb_gamma_hnu  =    0.11670
     gb_alpha_cnu  =   0.33167, gb_beta_cnu   =   0.19684,  gb_gamma_cnu  =    0.09342
     gb_alpha_nnu  =   0.68631, gb_beta_nnu   =   0.46319,  gb_gamma_nnu  =    0.13872
     gb_alpha_onu  =   0.60634, gb_beta_onu   =   0.46301,  gb_gamma_onu  =    0.14226
     gb_alpha_pnu  =   0.41836, gb_beta_pnu   =   0.29005,  gb_gamma_pnu  =    0.10642

Frozen or restrained atoms:
     ibelly  =       0, ntr     =       1
     restraint_wt =  10.00000

Energy minimization:
     maxcyc  =    1000, ncyc    =      10, ntmin   =       1
     dx0     =   0.01000, drms    =   0.00010
|  INFO: Old style inpcrd file read


    LOADING THE CONSTRAINED ATOMS AS GROUPS


   5.  REFERENCE ATOM COORDINATES

  defa
     Mask !@H=; matches   799 atoms

--------------------------------------------------------------------------------
   3.  ATOMIC COORDINATES AND VELOCITIES
--------------------------------------------------------------------------------

default_name                                                                    
 begin time read from input coords =     0.000 ps

 Number of triangulated 3-point waters found:        0

--------------------------------------------------------------------------------
   4.  RESULTS
--------------------------------------------------------------------------------



   NSTEP       ENERGY          RMS            GMAX         NAME    NUMBER
      1      -2.2436E+03     9.0787E+00     6.1862E+01     OE1      1120

 BOND    =       69.3696  ANGLE   =      210.9843  DIHED      =     1062.6381
 VDWAALS =     -673.4255  EEL     =    -7265.9549  EGB        =    -1791.5935
 1-4 VDW =      441.2622  1-4 EEL =     5703.1209  RESTRAINT  =        0.0000


   NSTEP       ENERGY          RMS            GMAX         NAME    NUMBER
    100      -2.6028E+03     2.7211E-01     1.9705E+00     CD       1260

 BOND    =       30.5267  ANGLE   =      204.9662  DIHED      =     1067.5628
 VDWAALS =     -812.1819  EEL     =    -7275.1421  EGB        =    -1813.0412
 1-4 VDW =      330.6008  1-4 EEL =     5622.5643  RESTRAINT  =       41.3061
 EAMBER  =    -2644.1443


   NSTEP       ENERGY          RMS            GMAX         NAME    NUMBER
    200      -2.6128E+03     3.9560E-01     6.2197E+00     HG1       605

 BOND    =       31.3270  ANGLE   =      207.1038  DIHED      =     1067.6566
 VDWAALS =     -814.0098  EEL     =    -7292.4597  EGB        =    -1809.2212
 1-4 VDW =      329.5200  1-4 EEL =     5623.5620  RESTRAINT  =       43.6781
 EAMBER  =    -2656.5212


   NSTEP       ENERGY          RMS            GMAX         NAME    NUMBER
    300      -2.6204E+03     9.3640E-02     1.6760E+00     CB       1206

 BOND    =       30.9665  ANGLE   =      206.4838  DIHED      =     1064.4798
 VDWAALS =     -813.1673  EEL     =    -7300.9930  EGB        =    -1806.8167
 1-4 VDW =      330.5120  1-4 EEL =     5625.3197  RESTRAINT  =       42.8394
 EAMBER  =    -2663.2152


   NSTEP       ENERGY          RMS            GMAX         NAME    NUMBER
    400      -2.6209E+03     6.4853E-03     9.4512E-02     H3          4

 BOND    =       30.7868  ANGLE   =      205.9870  DIHED      =     1063.9849
 VDWAALS =     -813.0385  EEL     =    -7300.6757  EGB        =    -1806.9767
 1-4 VDW =      331.0725  1-4 EEL =     5625.3281  RESTRAINT  =       42.5982
 EAMBER  =    -2663.5316


   NSTEP       ENERGY          RMS            GMAX         NAME    NUMBER
    500      -2.6209E+03     5.1798E-03     7.9145E-02     CA          5

 BOND    =       30.7707  ANGLE   =      205.9716  DIHED      =     1064.0385
 VDWAALS =     -813.0507  EEL     =    -7300.6457  EGB        =    -1806.9785
 1-4 VDW =      331.1031  1-4 EEL =     5625.2503  RESTRAINT  =       42.5983
 EAMBER  =    -2663.5407


   NSTEP       ENERGY          RMS            GMAX         NAME    NUMBER
    600      -2.6209E+03     4.4091E-03     4.9185E-02     CB          7

 BOND    =       30.7693  ANGLE   =      205.9578  DIHED      =     1064.0761
 VDWAALS =     -813.0547  EEL     =    -7300.6342  EGB        =    -1806.9658
 1-4 VDW =      331.1133  1-4 EEL =     5625.1984  RESTRAINT  =       42.5959
 EAMBER  =    -2663.5398


   NSTEP       ENERGY          RMS            GMAX         NAME    NUMBER
    700      -2.6209E+03     1.8093E-03     2.5495E-02     HG1      1389

 BOND    =       30.7695  ANGLE   =      205.9553  DIHED      =     1064.1025
 VDWAALS =     -813.0549  EEL     =    -7300.6337  EGB        =    -1806.9594
 1-4 VDW =      331.1138  1-4 EEL =     5625.1654  RESTRAINT  =       42.5969
 EAMBER  =    -2663.5415


   NSTEP       ENERGY          RMS            GMAX         NAME    NUMBER
    800      -2.6209E+03     1.2686E-03     2.1813E-02     HG1      1389

 BOND    =       30.7689  ANGLE   =      205.9531  DIHED      =     1064.1272
 VDWAALS =     -813.0560  EEL     =    -7300.6305  EGB        =    -1806.9533
 1-4 VDW =      331.1161  1-4 EEL =     5625.1334  RESTRAINT  =       42.5961
 EAMBER  =    -2663.5412


   NSTEP       ENERGY          RMS            GMAX         NAME    NUMBER
    900      -2.6209E+03     1.3441E-03     1.9882E-02     HG1      1389

 BOND    =       30.7661  ANGLE   =      205.9487  DIHED      =     1064.1707
 VDWAALS =     -813.0544  EEL     =    -7300.6244  EGB        =    -1806.9423
 1-4 VDW =      331.1214  1-4 EEL =     5625.0769  RESTRAINT  =       42.5915
 EAMBER  =    -2663.5372


   NSTEP       ENERGY          RMS            GMAX         NAME    NUMBER
   1000      -2.6209E+03     9.2621E-04     2.2520E-02     HG1      1389

 BOND    =       30.7667  ANGLE   =      205.9477  DIHED      =     1064.2255
 VDWAALS =     -813.0595  EEL     =    -7300.6279  EGB        =    -1806.9257
 1-4 VDW =      331.1204  1-4 EEL =     5625.0157  RESTRAINT  =       42.5907
 EAMBER  =    -2663.5373


  Maximum number of minimization cycles reached.


                    FINAL RESULTS



   NSTEP       ENERGY          RMS            GMAX         NAME    NUMBER
   1000      -2.6209E+03     9.2621E-04     2.2520E-02     HG1      1389

 BOND    =       30.7667  ANGLE   =      205.9477  DIHED      =     1064.2255
 VDWAALS =     -813.0595  EEL     =    -7300.6279  EGB        =    -1806.9257
 1-4 VDW =      331.1204  1-4 EEL =     5625.0157  RESTRAINT  =       42.5907
 EAMBER  =    -2663.5373

--------------------------------------------------------------------------------
   5.  TIMINGS
--------------------------------------------------------------------------------

|                Calc gb radii             59.56 (20.12% of Gen B)
|                Calc gb diag             113.07 (38.20% of Gen B)
|                Calc gb off-diag         123.33 (41.67% of Gen B)
|             Gen Born time            295.96 (100.0% of Nonbo)
|          Nonbond force            295.96 (99.30% of Force)
|          Bond/Angle/Dihedral        2.07 ( 0.69% of Force)
|          Other                      0.02 ( 0.01% of Force)
|       Force time               298.04 (100.0% of Runmd)
|    Runmd Time               298.04 (99.64% of Total)
|    Other                      1.08 ( 0.36% of Total)
| Total time               299.12 (100.0% of ALL  )

| Number of list builds   :          0

| Highest rstack allocated:          0
| Highest istack allocated:          0
|           Job began  at 14:26:13.275  on 02/03/2016
|           Setup done at 14:26:13.325  on 02/03/2016
|           Run   done at 14:31:12.399  on 02/03/2016
|     wallclock() was called   18028 times
