
          -------------------------------------------------------
          Amber 14 SANDER                              2014
          -------------------------------------------------------

| Run on 02/03/2016 at 14:16:50

|   Executable path: sander
| Working directory: /lustre/cs1500/scratch/kmb413/RealDecoyDisc/DecoyDiscrimination/decoys.set2.init/1aaj/Rosetta_relaxed
|          Hostname: slepner15


File Assignments:
|  MDIN: /scratch/kmb413/RealDecoyDisc/DecoyDiscrimination/scripts/min/min.in  
| MDOUT: NoH_2_empty_tag_1_678_0001.out                                        
|INPCRD: NoH_2_empty_tag_1_678_0001.rst7                                       
|  PARM: NoH_2_empty_tag_1_678_0001.parm7                                      
|RESTRT: min_NoH_2_empty_tag_1_678_0001.rst7                                   
|  REFC: NoH_2_empty_tag_1_678_0001.rst7                                       
| MDVEL: mdvel                                                                 
| MDFRC: mdfrc                                                                 
|  MDEN: mden                                                                  
| MDCRD: mdcrd                                                                 
|MDINFO: mdinfo                                                                
|  MTMD: mtmd                                                                  
|INPDIP: inpdip                                                                
|RSTDIP: rstdip                                                                
|INPTRA: inptraj                                                               


 Here is the input file:

                                                                               
&cntrl                                                                         
    imin = 1, maxcyc=1000,                                                     
    ntx = 1,                                                                   
    ntwr = 100, ntpr = 100,                                                    
    cut = 999.0,                                                               
    ntb = 0, igb = 8,                                                          
    ntr = 1, restraint_wt = 10, restraintmask = "!@H=",                        
/                                                                              

--------------------------------------------------------------------------------
   1.  RESOURCE   USE: 
--------------------------------------------------------------------------------

| Flags:                                                                        
| New format PARM file being parsed.
| Version =    1.000 Date = 02/03/16 Time = 11:47:27
 NATOM  =    1590 NTYPES =      14 NBONH =     791 MBONA  =     820
 NTHETH =    1812 MTHETA =    1115 NPHIH =    3578 MPHIA  =    3525
 NHPARM =       0 NPARM  =       0 NNB   =    8805 NRES   =     104
 NBONA  =     820 NTHETA =    1115 NPHIA =    3525 NUMBND =      65
 NUMANG =     152 NPTRA  =     189 NATYP =      33 NPHB   =       0
 IFBOX  =       0 NMXRS  =      24 IFCAP =       0 NEXTRA =       0
 NCOPY  =       0

 Implicit solvent radii are ArgH and AspGluO modified Bondi2 radii (mbondi3)                                
 Replacing prmtop screening parameters with GBn2 (igb=8) values

|     Memory Use     Allocated
|     Real              145027
|     Hollerith           4876
|     Integer           109197
|     Max Pairs              1
|     nblistReal             0
|     nblist Int             0
|       Total             1578 kbytes

| Note: 1-4 EEL scale factors are being read from the topology file.

| Note: 1-4 VDW scale factors are being read from the topology file.
| Duplicated    0 dihedrals
| Duplicated    0 dihedrals

--------------------------------------------------------------------------------
   2.  CONTROL  DATA  FOR  THE  RUN
--------------------------------------------------------------------------------

default_name                                                                    

General flags:
     imin    =       1, nmropt  =       0

Nature and format of input:
     ntx     =       1, irest   =       0, ntrx    =       1

Nature and format of output:
     ntxo    =       1, ntpr    =     100, ntrx    =       1, ntwr    =     100
     iwrap   =       0, ntwx    =       0, ntwv    =       0, ntwe    =       0
     ioutfm  =       0, ntwprt  =       0, idecomp =       0, rbornstat=      0

Potential function:
     ntf     =       1, ntb     =       0, igb     =       8, nsnb    =      25
     ipol    =       0, gbsa    =       0, iesp    =       0
     dielc   =   1.00000, cut     = 999.00000, intdiel =   1.00000
     saltcon =   0.00000, offset  =   0.19514, surften =   0.00500
     rdt     =   0.00000, rgbmax  =  25.00000  extdiel =  78.50000
     alpb  =        0
     gbalphaH  =   0.78844, gbbetaH   =   0.79870,  gbgammaH  =    0.43733
     gbalphaC  =   0.73376, gbbetaC   =   0.50638,  gbgammaC  =    0.20584
     gbalphaN  =   0.50336, gbbetaN   =   0.31683,  gbgammaN  =    0.19292
     gbalphaOS =   0.86781, gbbetaOS  =   0.87664,  gbgammaOS =    0.38788
     gbalphaP  =   1.00000, gbbetaP   =   0.80000,  gbgammaP  =    4.85000
     gb_alpha_hnu  =   0.53705, gb_beta_hnu   =   0.36286,  gb_gamma_hnu  =    0.11670
     gb_alpha_cnu  =   0.33167, gb_beta_cnu   =   0.19684,  gb_gamma_cnu  =    0.09342
     gb_alpha_nnu  =   0.68631, gb_beta_nnu   =   0.46319,  gb_gamma_nnu  =    0.13872
     gb_alpha_onu  =   0.60634, gb_beta_onu   =   0.46301,  gb_gamma_onu  =    0.14226
     gb_alpha_pnu  =   0.41836, gb_beta_pnu   =   0.29005,  gb_gamma_pnu  =    0.10642

Frozen or restrained atoms:
     ibelly  =       0, ntr     =       1
     restraint_wt =  10.00000

Energy minimization:
     maxcyc  =    1000, ncyc    =      10, ntmin   =       1
     dx0     =   0.01000, drms    =   0.00010
|  INFO: Old style inpcrd file read


    LOADING THE CONSTRAINED ATOMS AS GROUPS


   5.  REFERENCE ATOM COORDINATES

  defa
     Mask !@H=; matches   799 atoms

--------------------------------------------------------------------------------
   3.  ATOMIC COORDINATES AND VELOCITIES
--------------------------------------------------------------------------------

default_name                                                                    
 begin time read from input coords =     0.000 ps

 Number of triangulated 3-point waters found:        0

--------------------------------------------------------------------------------
   4.  RESULTS
--------------------------------------------------------------------------------



   NSTEP       ENERGY          RMS            GMAX         NAME    NUMBER
      1      -2.2138E+03     9.1413E+00     6.2717E+01     OE1      1120

 BOND    =       69.8035  ANGLE   =      211.1940  DIHED      =     1080.9686
 VDWAALS =     -657.4155  EEL     =    -7307.5938  EGB        =    -1725.3312
 1-4 VDW =      442.0476  1-4 EEL =     5672.4836  RESTRAINT  =        0.0000


   NSTEP       ENERGY          RMS            GMAX         NAME    NUMBER
    100      -2.5974E+03     6.0039E-01     7.4024E+00     C        1588

 BOND    =       30.9724  ANGLE   =      207.9742  DIHED      =     1081.2426
 VDWAALS =     -796.7482  EEL     =    -7336.0752  EGB        =    -1747.9468
 1-4 VDW =      331.6450  1-4 EEL =     5588.4599  RESTRAINT  =       43.0406
 EAMBER  =    -2640.4761


   NSTEP       ENERGY          RMS            GMAX         NAME    NUMBER
    200      -2.6089E+03     7.7174E-02     9.0167E-01     OG1      1388

 BOND    =       30.0862  ANGLE   =      207.3260  DIHED      =     1080.0572
 VDWAALS =     -797.1631  EEL     =    -7345.3645  EGB        =    -1750.1705
 1-4 VDW =      332.4555  1-4 EEL =     5590.8562  RESTRAINT  =       43.0316
 EAMBER  =    -2651.9171


   NSTEP       ENERGY          RMS            GMAX         NAME    NUMBER
    300      -2.6097E+03     5.2229E-02     8.5968E-01     HG         90

 BOND    =       30.0573  ANGLE   =      207.2429  DIHED      =     1079.5374
 VDWAALS =     -797.6837  EEL     =    -7344.7863  EGB        =    -1751.1611
 1-4 VDW =      332.6948  1-4 EEL =     5591.2797  RESTRAINT  =       43.0798
 EAMBER  =    -2652.8189


   NSTEP       ENERGY          RMS            GMAX         NAME    NUMBER
    400      -2.6098E+03     7.4758E-03     1.0302E-01     OG1       604

 BOND    =       29.9357  ANGLE   =      207.0577  DIHED      =     1079.3703
 VDWAALS =     -797.6603  EEL     =    -7344.4156  EGB        =    -1751.3608
 1-4 VDW =      332.9019  1-4 EEL =     5591.3506  RESTRAINT  =       43.0068
 EAMBER  =    -2652.8205


   NSTEP       ENERGY          RMS            GMAX         NAME    NUMBER
    500      -2.6098E+03     3.0439E-03     3.1938E-02     CB        598

 BOND    =       29.9240  ANGLE   =      207.0467  DIHED      =     1079.3750
 VDWAALS =     -797.6956  EEL     =    -7344.3892  EGB        =    -1751.3848
 1-4 VDW =      332.9300  1-4 EEL =     5591.3658  RESTRAINT  =       43.0104
 EAMBER  =    -2652.8281


   NSTEP       ENERGY          RMS            GMAX         NAME    NUMBER
    600      -2.6098E+03     1.3126E-03     1.1080E-02     CD        193

 BOND    =       29.9146  ANGLE   =      207.0368  DIHED      =     1079.3819
 VDWAALS =     -797.7136  EEL     =    -7344.3870  EGB        =    -1751.3874
 1-4 VDW =      332.9535  1-4 EEL =     5591.3742  RESTRAINT  =       43.0080
 EAMBER  =    -2652.8270


   NSTEP       ENERGY          RMS            GMAX         NAME    NUMBER
    700      -2.6098E+03     1.3908E-03     2.8854E-02     CD        729

 BOND    =       29.9136  ANGLE   =      207.0352  DIHED      =     1079.3858
 VDWAALS =     -797.7241  EEL     =    -7344.3858  EGB        =    -1751.3881
 1-4 VDW =      332.9580  1-4 EEL =     5591.3748  RESTRAINT  =       43.0113
 EAMBER  =    -2652.8305


   NSTEP       ENERGY          RMS            GMAX         NAME    NUMBER
    800      -2.6098E+03     3.9448E-04     4.1797E-03     CD       1119

 BOND    =       29.9129  ANGLE   =      207.0331  DIHED      =     1079.3855
 VDWAALS =     -797.7232  EEL     =    -7344.3850  EGB        =    -1751.3886
 1-4 VDW =      332.9609  1-4 EEL =     5591.3750  RESTRAINT  =       43.0102
 EAMBER  =    -2652.8294


                    FINAL RESULTS



   NSTEP       ENERGY          RMS            GMAX         NAME    NUMBER
    850      -2.6098E+03     8.2498E-05     1.2568E-03     HE2      1044

 BOND    =       29.9127  ANGLE   =      207.0331  DIHED      =     1079.3856
 VDWAALS =     -797.7236  EEL     =    -7344.3849  EGB        =    -1751.3888
 1-4 VDW =      332.9612  1-4 EEL =     5591.3751  RESTRAINT  =       43.0103
 EAMBER  =    -2652.8296

--------------------------------------------------------------------------------
   5.  TIMINGS
--------------------------------------------------------------------------------

|                Calc gb radii             50.82 (20.45% of Gen B)
|                Calc gb diag              93.54 (37.65% of Gen B)
|                Calc gb off-diag         104.11 (41.90% of Gen B)
|             Gen Born time            248.48 (100.0% of Nonbo)
|          Nonbond force            248.48 (99.29% of Force)
|          Bond/Angle/Dihedral        1.76 ( 0.70% of Force)
|          Other                      0.01 ( 0.01% of Force)
|       Force time               250.25 (100.0% of Runmd)
|    Runmd Time               250.25 (99.81% of Total)
|    Other                      0.48 ( 0.19% of Total)
| Total time               250.74 (100.0% of ALL  )

| Number of list builds   :          0

| Highest rstack allocated:          0
| Highest istack allocated:          0
|           Job began  at 14:16:50.130  on 02/03/2016
|           Setup done at 14:16:50.197  on 02/03/2016
|           Run   done at 14:21:00.866  on 02/03/2016
|     wallclock() was called   15328 times
