
          -------------------------------------------------------
          Amber 14 SANDER                              2014
          -------------------------------------------------------

| Run on 02/03/2016 at 14:32:24

|   Executable path: sander
| Working directory: /lustre/cs1500/scratch/kmb413/RealDecoyDisc/DecoyDiscrimination/decoys.set2.init/1aaj/Rosetta_relaxed
|          Hostname: slepner7


File Assignments:
|  MDIN: /scratch/kmb413/RealDecoyDisc/DecoyDiscrimination/scripts/min/min.in  
| MDOUT: NoH_1_empty_tag_1601_0001_0001.out                                    
|INPCRD: NoH_1_empty_tag_1601_0001_0001.rst7                                   
|  PARM: NoH_1_empty_tag_1601_0001_0001.parm7                                  
|RESTRT: min_NoH_1_empty_tag_1601_0001_0001.rst7                               
|  REFC: NoH_1_empty_tag_1601_0001_0001.rst7                                   
| MDVEL: mdvel                                                                 
| MDFRC: mdfrc                                                                 
|  MDEN: mden                                                                  
| MDCRD: mdcrd                                                                 
|MDINFO: mdinfo                                                                
|  MTMD: mtmd                                                                  
|INPDIP: inpdip                                                                
|RSTDIP: rstdip                                                                
|INPTRA: inptraj                                                               


 Here is the input file:

                                                                               
&cntrl                                                                         
    imin = 1, maxcyc=1000,                                                     
    ntx = 1,                                                                   
    ntwr = 100, ntpr = 100,                                                    
    cut = 999.0,                                                               
    ntb = 0, igb = 8,                                                          
    ntr = 1, restraint_wt = 10, restraintmask = "!@H=",                        
/                                                                              

--------------------------------------------------------------------------------
   1.  RESOURCE   USE: 
--------------------------------------------------------------------------------

| Flags:                                                                        
| New format PARM file being parsed.
| Version =    1.000 Date = 02/03/16 Time = 11:45:17
 NATOM  =    1590 NTYPES =      14 NBONH =     791 MBONA  =     820
 NTHETH =    1812 MTHETA =    1115 NPHIH =    3578 MPHIA  =    3525
 NHPARM =       0 NPARM  =       0 NNB   =    8805 NRES   =     104
 NBONA  =     820 NTHETA =    1115 NPHIA =    3525 NUMBND =      65
 NUMANG =     152 NPTRA  =     189 NATYP =      33 NPHB   =       0
 IFBOX  =       0 NMXRS  =      24 IFCAP =       0 NEXTRA =       0
 NCOPY  =       0

 Implicit solvent radii are ArgH and AspGluO modified Bondi2 radii (mbondi3)                                
 Replacing prmtop screening parameters with GBn2 (igb=8) values

|     Memory Use     Allocated
|     Real              145027
|     Hollerith           4876
|     Integer           109197
|     Max Pairs              1
|     nblistReal             0
|     nblist Int             0
|       Total             1578 kbytes

| Note: 1-4 EEL scale factors are being read from the topology file.

| Note: 1-4 VDW scale factors are being read from the topology file.
| Duplicated    0 dihedrals
| Duplicated    0 dihedrals

--------------------------------------------------------------------------------
   2.  CONTROL  DATA  FOR  THE  RUN
--------------------------------------------------------------------------------

default_name                                                                    

General flags:
     imin    =       1, nmropt  =       0

Nature and format of input:
     ntx     =       1, irest   =       0, ntrx    =       1

Nature and format of output:
     ntxo    =       1, ntpr    =     100, ntrx    =       1, ntwr    =     100
     iwrap   =       0, ntwx    =       0, ntwv    =       0, ntwe    =       0
     ioutfm  =       0, ntwprt  =       0, idecomp =       0, rbornstat=      0

Potential function:
     ntf     =       1, ntb     =       0, igb     =       8, nsnb    =      25
     ipol    =       0, gbsa    =       0, iesp    =       0
     dielc   =   1.00000, cut     = 999.00000, intdiel =   1.00000
     saltcon =   0.00000, offset  =   0.19514, surften =   0.00500
     rdt     =   0.00000, rgbmax  =  25.00000  extdiel =  78.50000
     alpb  =        0
     gbalphaH  =   0.78844, gbbetaH   =   0.79870,  gbgammaH  =    0.43733
     gbalphaC  =   0.73376, gbbetaC   =   0.50638,  gbgammaC  =    0.20584
     gbalphaN  =   0.50336, gbbetaN   =   0.31683,  gbgammaN  =    0.19292
     gbalphaOS =   0.86781, gbbetaOS  =   0.87664,  gbgammaOS =    0.38788
     gbalphaP  =   1.00000, gbbetaP   =   0.80000,  gbgammaP  =    4.85000
     gb_alpha_hnu  =   0.53705, gb_beta_hnu   =   0.36286,  gb_gamma_hnu  =    0.11670
     gb_alpha_cnu  =   0.33167, gb_beta_cnu   =   0.19684,  gb_gamma_cnu  =    0.09342
     gb_alpha_nnu  =   0.68631, gb_beta_nnu   =   0.46319,  gb_gamma_nnu  =    0.13872
     gb_alpha_onu  =   0.60634, gb_beta_onu   =   0.46301,  gb_gamma_onu  =    0.14226
     gb_alpha_pnu  =   0.41836, gb_beta_pnu   =   0.29005,  gb_gamma_pnu  =    0.10642

Frozen or restrained atoms:
     ibelly  =       0, ntr     =       1
     restraint_wt =  10.00000

Energy minimization:
     maxcyc  =    1000, ncyc    =      10, ntmin   =       1
     dx0     =   0.01000, drms    =   0.00010
|  INFO: Old style inpcrd file read


    LOADING THE CONSTRAINED ATOMS AS GROUPS


   5.  REFERENCE ATOM COORDINATES

  defa
     Mask !@H=; matches   799 atoms

--------------------------------------------------------------------------------
   3.  ATOMIC COORDINATES AND VELOCITIES
--------------------------------------------------------------------------------

default_name                                                                    
 begin time read from input coords =     0.000 ps

 Number of triangulated 3-point waters found:        0

--------------------------------------------------------------------------------
   4.  RESULTS
--------------------------------------------------------------------------------



   NSTEP       ENERGY          RMS            GMAX         NAME    NUMBER
      1      -2.1970E+03     9.1617E+00     6.3148E+01     OE1       945

 BOND    =       70.6549  ANGLE   =      211.6544  DIHED      =     1067.4374
 VDWAALS =     -649.3615  EEL     =    -7202.1223  EGB        =    -1833.4749
 1-4 VDW =      447.4490  1-4 EEL =     5690.7505  RESTRAINT  =        0.0000


   NSTEP       ENERGY          RMS            GMAX         NAME    NUMBER
    100      -2.5825E+03     4.3309E-01     4.1832E+00     CE2       650

 BOND    =       31.5252  ANGLE   =      209.5507  DIHED      =     1068.4232
 VDWAALS =     -805.3467  EEL     =    -7202.3927  EGB        =    -1862.4129
 1-4 VDW =      332.8522  1-4 EEL =     5599.7153  RESTRAINT  =       45.5935
 EAMBER  =    -2628.0859


   NSTEP       ENERGY          RMS            GMAX         NAME    NUMBER
    200      -2.5908E+03     3.8417E-01     7.4938E+00     HG1       635

 BOND    =       31.9582  ANGLE   =      211.0116  DIHED      =     1066.5181
 VDWAALS =     -808.8967  EEL     =    -7209.5616  EGB        =    -1860.5094
 1-4 VDW =      331.3746  1-4 EEL =     5599.7473  RESTRAINT  =       47.5811
 EAMBER  =    -2638.3580


   NSTEP       ENERGY          RMS            GMAX         NAME    NUMBER
    300      -2.5994E+03     1.5323E-01     2.2882E+00     HG       1180

 BOND    =       31.1368  ANGLE   =      209.2825  DIHED      =     1065.0051
 VDWAALS =     -807.3731  EEL     =    -7214.9727  EGB        =    -1864.4355
 1-4 VDW =      333.2204  1-4 EEL =     5602.6824  RESTRAINT  =       46.0268
 EAMBER  =    -2645.4541


   NSTEP       ENERGY          RMS            GMAX         NAME    NUMBER
    400      -2.6012E+03     2.6798E-02     2.8776E-01     C          47

 BOND    =       31.0700  ANGLE   =      208.9466  DIHED      =     1065.1686
 VDWAALS =     -806.6827  EEL     =    -7215.6510  EGB        =    -1866.9673
 1-4 VDW =      333.4628  1-4 EEL =     5603.5296  RESTRAINT  =       45.9411
 EAMBER  =    -2647.1233


   NSTEP       ENERGY          RMS            GMAX         NAME    NUMBER
    500      -2.6012E+03     2.0302E-02     4.0877E-01     CD        193

 BOND    =       31.0499  ANGLE   =      208.8499  DIHED      =     1065.1860
 VDWAALS =     -806.6626  EEL     =    -7215.7976  EGB        =    -1866.8592
 1-4 VDW =      333.5706  1-4 EEL =     5603.6063  RESTRAINT  =       45.8581
 EAMBER  =    -2647.0568


   NSTEP       ENERGY          RMS            GMAX         NAME    NUMBER
    600      -2.6012E+03     1.4954E-03     1.5695E-02     HB        629

 BOND    =       31.0462  ANGLE   =      208.8667  DIHED      =     1065.1927
 VDWAALS =     -806.6661  EEL     =    -7215.8098  EGB        =    -1866.8536
 1-4 VDW =      333.5612  1-4 EEL =     5603.6004  RESTRAINT  =       45.8627
 EAMBER  =    -2647.0623


   NSTEP       ENERGY          RMS            GMAX         NAME    NUMBER
    700      -2.6012E+03     3.9475E-04     4.3422E-03     HG21      631

 BOND    =       31.0459  ANGLE   =      208.8639  DIHED      =     1065.1933
 VDWAALS =     -806.6658  EEL     =    -7215.8092  EGB        =    -1866.8529
 1-4 VDW =      333.5632  1-4 EEL =     5603.5998  RESTRAINT  =       45.8620
 EAMBER  =    -2647.0618


   NSTEP       ENERGY          RMS            GMAX         NAME    NUMBER
    800      -2.6012E+03     3.0199E-04     2.6284E-03     HG23      633

 BOND    =       31.0459  ANGLE   =      208.8642  DIHED      =     1065.1937
 VDWAALS =     -806.6669  EEL     =    -7215.8098  EGB        =    -1866.8525
 1-4 VDW =      333.5634  1-4 EEL =     5603.5997  RESTRAINT  =       45.8625
 EAMBER  =    -2647.0623


                    FINAL RESULTS



   NSTEP       ENERGY          RMS            GMAX         NAME    NUMBER
    848      -2.6012E+03     8.5596E-05     7.8013E-04     HE2       398

 BOND    =       31.0459  ANGLE   =      208.8642  DIHED      =     1065.1938
 VDWAALS =     -806.6675  EEL     =    -7215.8097  EGB        =    -1866.8522
 1-4 VDW =      333.5636  1-4 EEL =     5603.5995  RESTRAINT  =       45.8627
 EAMBER  =    -2647.0624

--------------------------------------------------------------------------------
   5.  TIMINGS
--------------------------------------------------------------------------------

|                Calc gb radii             50.59 (20.43% of Gen B)
|                Calc gb diag              93.96 (37.95% of Gen B)
|                Calc gb off-diag         103.02 (41.61% of Gen B)
|             Gen Born time            247.58 (100.0% of Nonbo)
|          Nonbond force            247.58 (99.29% of Force)
|          Bond/Angle/Dihedral        1.76 ( 0.71% of Force)
|          Other                      0.01 ( 0.01% of Force)
|       Force time               249.35 (100.0% of Runmd)
|    Runmd Time               249.35 (99.72% of Total)
|    Other                      0.71 ( 0.28% of Total)
| Total time               250.06 (100.0% of ALL  )

| Number of list builds   :          0

| Highest rstack allocated:          0
| Highest istack allocated:          0
|           Job began  at 14:32:24.698  on 02/03/2016
|           Setup done at 14:32:24.779  on 02/03/2016
|           Run   done at 14:36:34.761  on 02/03/2016
|     wallclock() was called   15292 times
