
          -------------------------------------------------------
          Amber 14 SANDER                              2014
          -------------------------------------------------------

| Run on 02/03/2016 at 14:31:12

|   Executable path: sander
| Working directory: /lustre/cs1500/scratch/kmb413/RealDecoyDisc/DecoyDiscrimination/decoys.set2.init/1aaj/Rosetta_relaxed
|          Hostname: slepner30


File Assignments:
|  MDIN: /scratch/kmb413/RealDecoyDisc/DecoyDiscrimination/scripts/min/min.in  
| MDOUT: NoH_2_empty_tag_1_942_0001.out                                        
|INPCRD: NoH_2_empty_tag_1_942_0001.rst7                                       
|  PARM: NoH_2_empty_tag_1_942_0001.parm7                                      
|RESTRT: min_NoH_2_empty_tag_1_942_0001.rst7                                   
|  REFC: NoH_2_empty_tag_1_942_0001.rst7                                       
| MDVEL: mdvel                                                                 
| MDFRC: mdfrc                                                                 
|  MDEN: mden                                                                  
| MDCRD: mdcrd                                                                 
|MDINFO: mdinfo                                                                
|  MTMD: mtmd                                                                  
|INPDIP: inpdip                                                                
|RSTDIP: rstdip                                                                
|INPTRA: inptraj                                                               


 Here is the input file:

                                                                               
&cntrl                                                                         
    imin = 1, maxcyc=1000,                                                     
    ntx = 1,                                                                   
    ntwr = 100, ntpr = 100,                                                    
    cut = 999.0,                                                               
    ntb = 0, igb = 8,                                                          
    ntr = 1, restraint_wt = 10, restraintmask = "!@H=",                        
/                                                                              

--------------------------------------------------------------------------------
   1.  RESOURCE   USE: 
--------------------------------------------------------------------------------

| Flags:                                                                        
| New format PARM file being parsed.
| Version =    1.000 Date = 02/03/16 Time = 11:47:43
 NATOM  =    1590 NTYPES =      14 NBONH =     791 MBONA  =     820
 NTHETH =    1812 MTHETA =    1115 NPHIH =    3578 MPHIA  =    3525
 NHPARM =       0 NPARM  =       0 NNB   =    8805 NRES   =     104
 NBONA  =     820 NTHETA =    1115 NPHIA =    3525 NUMBND =      65
 NUMANG =     152 NPTRA  =     189 NATYP =      33 NPHB   =       0
 IFBOX  =       0 NMXRS  =      24 IFCAP =       0 NEXTRA =       0
 NCOPY  =       0

 Implicit solvent radii are ArgH and AspGluO modified Bondi2 radii (mbondi3)                                
 Replacing prmtop screening parameters with GBn2 (igb=8) values

|     Memory Use     Allocated
|     Real              145027
|     Hollerith           4876
|     Integer           109197
|     Max Pairs              1
|     nblistReal             0
|     nblist Int             0
|       Total             1578 kbytes

| Note: 1-4 EEL scale factors are being read from the topology file.

| Note: 1-4 VDW scale factors are being read from the topology file.
| Duplicated    0 dihedrals
| Duplicated    0 dihedrals

--------------------------------------------------------------------------------
   2.  CONTROL  DATA  FOR  THE  RUN
--------------------------------------------------------------------------------

default_name                                                                    

General flags:
     imin    =       1, nmropt  =       0

Nature and format of input:
     ntx     =       1, irest   =       0, ntrx    =       1

Nature and format of output:
     ntxo    =       1, ntpr    =     100, ntrx    =       1, ntwr    =     100
     iwrap   =       0, ntwx    =       0, ntwv    =       0, ntwe    =       0
     ioutfm  =       0, ntwprt  =       0, idecomp =       0, rbornstat=      0

Potential function:
     ntf     =       1, ntb     =       0, igb     =       8, nsnb    =      25
     ipol    =       0, gbsa    =       0, iesp    =       0
     dielc   =   1.00000, cut     = 999.00000, intdiel =   1.00000
     saltcon =   0.00000, offset  =   0.19514, surften =   0.00500
     rdt     =   0.00000, rgbmax  =  25.00000  extdiel =  78.50000
     alpb  =        0
     gbalphaH  =   0.78844, gbbetaH   =   0.79870,  gbgammaH  =    0.43733
     gbalphaC  =   0.73376, gbbetaC   =   0.50638,  gbgammaC  =    0.20584
     gbalphaN  =   0.50336, gbbetaN   =   0.31683,  gbgammaN  =    0.19292
     gbalphaOS =   0.86781, gbbetaOS  =   0.87664,  gbgammaOS =    0.38788
     gbalphaP  =   1.00000, gbbetaP   =   0.80000,  gbgammaP  =    4.85000
     gb_alpha_hnu  =   0.53705, gb_beta_hnu   =   0.36286,  gb_gamma_hnu  =    0.11670
     gb_alpha_cnu  =   0.33167, gb_beta_cnu   =   0.19684,  gb_gamma_cnu  =    0.09342
     gb_alpha_nnu  =   0.68631, gb_beta_nnu   =   0.46319,  gb_gamma_nnu  =    0.13872
     gb_alpha_onu  =   0.60634, gb_beta_onu   =   0.46301,  gb_gamma_onu  =    0.14226
     gb_alpha_pnu  =   0.41836, gb_beta_pnu   =   0.29005,  gb_gamma_pnu  =    0.10642

Frozen or restrained atoms:
     ibelly  =       0, ntr     =       1
     restraint_wt =  10.00000

Energy minimization:
     maxcyc  =    1000, ncyc    =      10, ntmin   =       1
     dx0     =   0.01000, drms    =   0.00010
|  INFO: Old style inpcrd file read


    LOADING THE CONSTRAINED ATOMS AS GROUPS


   5.  REFERENCE ATOM COORDINATES

  defa
     Mask !@H=; matches   799 atoms

--------------------------------------------------------------------------------
   3.  ATOMIC COORDINATES AND VELOCITIES
--------------------------------------------------------------------------------

default_name                                                                    
 begin time read from input coords =     0.000 ps

 Number of triangulated 3-point waters found:        0

--------------------------------------------------------------------------------
   4.  RESULTS
--------------------------------------------------------------------------------



   NSTEP       ENERGY          RMS            GMAX         NAME    NUMBER
      1      -2.1933E+03     9.0498E+00     6.7383E+01     OXT      1590

 BOND    =       68.8727  ANGLE   =      211.1272  DIHED      =     1080.4521
 VDWAALS =     -628.0971  EEL     =    -7237.4264  EGB        =    -1840.9046
 1-4 VDW =      442.2508  1-4 EEL =     5710.3874  RESTRAINT  =        0.0000


   NSTEP       ENERGY          RMS            GMAX         NAME    NUMBER
    100      -2.5544E+03     3.2444E-01     3.1432E+00     HG1      1389

 BOND    =       31.0680  ANGLE   =      206.0726  DIHED      =     1084.4259
 VDWAALS =     -776.9308  EEL     =    -7234.0901  EGB        =    -1865.6439
 1-4 VDW =      331.8485  1-4 EEL =     5626.5492  RESTRAINT  =       42.2958
 EAMBER  =    -2596.7006


   NSTEP       ENERGY          RMS            GMAX         NAME    NUMBER
    200      -2.5593E+03     6.6727E-02     1.0608E+00     HG1      1389

 BOND    =       30.8613  ANGLE   =      206.1059  DIHED      =     1084.0926
 VDWAALS =     -780.7057  EEL     =    -7242.0001  EGB        =    -1862.2732
 1-4 VDW =      332.2085  1-4 EEL =     5628.3756  RESTRAINT  =       44.0307
 EAMBER  =    -2603.3352


   NSTEP       ENERGY          RMS            GMAX         NAME    NUMBER
    300      -2.5596E+03     3.3248E-02     4.3288E-01     HG1      1389

 BOND    =       30.8362  ANGLE   =      205.9767  DIHED      =     1084.5282
 VDWAALS =     -781.6758  EEL     =    -7243.1308  EGB        =    -1861.8583
 1-4 VDW =      332.4510  1-4 EEL =     5628.7719  RESTRAINT  =       44.4781
 EAMBER  =    -2604.1010


   NSTEP       ENERGY          RMS            GMAX         NAME    NUMBER
    400      -2.5651E+03     8.0086E-02     1.1089E+00     H2          3

 BOND    =       30.9748  ANGLE   =      206.3130  DIHED      =     1083.2705
 VDWAALS =     -780.6744  EEL     =    -7247.6848  EGB        =    -1862.8654
 1-4 VDW =      332.3346  1-4 EEL =     5628.9821  RESTRAINT  =       44.2583
 EAMBER  =    -2609.3497


   NSTEP       ENERGY          RMS            GMAX         NAME    NUMBER
    500      -2.5669E+03     3.9029E-02     5.6655E-01     CE3       657

 BOND    =       30.8707  ANGLE   =      205.9608  DIHED      =     1081.3455
 VDWAALS =     -780.4932  EEL     =    -7247.0020  EGB        =    -1863.4064
 1-4 VDW =      332.6531  1-4 EEL =     5629.1722  RESTRAINT  =       43.9695
 EAMBER  =    -2610.8992


   NSTEP       ENERGY          RMS            GMAX         NAME    NUMBER
    600      -2.5670E+03     8.6202E-03     1.9945E-01     CD        729

 BOND    =       30.8233  ANGLE   =      205.9124  DIHED      =     1081.3409
 VDWAALS =     -780.4402  EEL     =    -7247.3583  EGB        =    -1863.2024
 1-4 VDW =      332.7753  1-4 EEL =     5629.2755  RESTRAINT  =       43.8673
 EAMBER  =    -2610.8734


   NSTEP       ENERGY          RMS            GMAX         NAME    NUMBER
    700      -2.5676E+03     3.0201E-01     7.5347E+00     CD        103

 BOND    =       31.6075  ANGLE   =      207.1697  DIHED      =     1082.2133
 VDWAALS =     -781.1054  EEL     =    -7252.5587  EGB        =    -1860.3787
 1-4 VDW =      331.3038  1-4 EEL =     5629.1404  RESTRAINT  =       45.0359
 EAMBER  =    -2612.6081


   NSTEP       ENERGY          RMS            GMAX         NAME    NUMBER
    800      -2.5738E+03     5.4410E-02     1.0587E+00     CA       1174

 BOND    =       31.0675  ANGLE   =      206.1028  DIHED      =     1080.9433
 VDWAALS =     -778.7663  EEL     =    -7259.5977  EGB        =    -1859.0239
 1-4 VDW =      332.5954  1-4 EEL =     5629.3944  RESTRAINT  =       43.5234
 EAMBER  =    -2617.2845


   NSTEP       ENERGY          RMS            GMAX         NAME    NUMBER
    900      -2.5748E+03     1.3264E-01     2.2506E+00     HG1       635

 BOND    =       31.1853  ANGLE   =      206.2900  DIHED      =     1079.9454
 VDWAALS =     -779.2033  EEL     =    -7261.9427  EGB        =    -1857.5005
 1-4 VDW =      332.3523  1-4 EEL =     5630.3023  RESTRAINT  =       43.7687
 EAMBER  =    -2618.5711


   NSTEP       ENERGY          RMS            GMAX         NAME    NUMBER
   1000      -2.5752E+03     1.0739E-02     1.5138E-01     CE3       657

 BOND    =       30.9796  ANGLE   =      205.9269  DIHED      =     1079.3235
 VDWAALS =     -778.7876  EEL     =    -7262.1609  EGB        =    -1857.4342
 1-4 VDW =      332.8258  1-4 EEL =     5630.6436  RESTRAINT  =       43.4636
 EAMBER  =    -2618.6832


  Maximum number of minimization cycles reached.


                    FINAL RESULTS



   NSTEP       ENERGY          RMS            GMAX         NAME    NUMBER
   1000      -2.5752E+03     1.0739E-02     1.5138E-01     CE3       657

 BOND    =       30.9796  ANGLE   =      205.9269  DIHED      =     1079.3235
 VDWAALS =     -778.7876  EEL     =    -7262.1609  EGB        =    -1857.4342
 1-4 VDW =      332.8258  1-4 EEL =     5630.6436  RESTRAINT  =       43.4636
 EAMBER  =    -2618.6832

--------------------------------------------------------------------------------
   5.  TIMINGS
--------------------------------------------------------------------------------

|                Calc gb radii             57.85 (20.21% of Gen B)
|                Calc gb diag             106.70 (37.29% of Gen B)
|                Calc gb off-diag         121.61 (42.50% of Gen B)
|             Gen Born time            286.16 (100.0% of Nonbo)
|          Nonbond force            286.16 (99.27% of Force)
|          Bond/Angle/Dihedral        2.10 ( 0.73% of Force)
|          Other                      0.02 ( 0.01% of Force)
|       Force time               288.27 (100.0% of Runmd)
|    Runmd Time               288.27 (99.75% of Total)
|    Other                      0.73 ( 0.25% of Total)
| Total time               289.01 (100.0% of ALL  )

| Number of list builds   :          0

| Highest rstack allocated:          0
| Highest istack allocated:          0
|           Job began  at 14:31:12.408  on 02/03/2016
|           Setup done at 14:31:12.480  on 02/03/2016
|           Run   done at 14:36:01.415  on 02/03/2016
|     wallclock() was called   18028 times
