
          -------------------------------------------------------
          Amber 14 SANDER                              2014
          -------------------------------------------------------

| Run on 02/03/2016 at 14:22:09

|   Executable path: sander
| Working directory: /lustre/cs1500/scratch/kmb413/RealDecoyDisc/DecoyDiscrimination/decoys.set2.init/1aaj/Rosetta_relaxed
|          Hostname: slepner13


File Assignments:
|  MDIN: /scratch/kmb413/RealDecoyDisc/DecoyDiscrimination/scripts/min/min.in  
| MDOUT: NoH_1_empty_tag_890_0001_0001.out                                     
|INPCRD: NoH_1_empty_tag_890_0001_0001.rst7                                    
|  PARM: NoH_1_empty_tag_890_0001_0001.parm7                                   
|RESTRT: min_NoH_1_empty_tag_890_0001_0001.rst7                                
|  REFC: NoH_1_empty_tag_890_0001_0001.rst7                                    
| MDVEL: mdvel                                                                 
| MDFRC: mdfrc                                                                 
|  MDEN: mden                                                                  
| MDCRD: mdcrd                                                                 
|MDINFO: mdinfo                                                                
|  MTMD: mtmd                                                                  
|INPDIP: inpdip                                                                
|RSTDIP: rstdip                                                                
|INPTRA: inptraj                                                               


 Here is the input file:

                                                                               
&cntrl                                                                         
    imin = 1, maxcyc=1000,                                                     
    ntx = 1,                                                                   
    ntwr = 100, ntpr = 100,                                                    
    cut = 999.0,                                                               
    ntb = 0, igb = 8,                                                          
    ntr = 1, restraint_wt = 10, restraintmask = "!@H=",                        
/                                                                              

--------------------------------------------------------------------------------
   1.  RESOURCE   USE: 
--------------------------------------------------------------------------------

| Flags:                                                                        
| New format PARM file being parsed.
| Version =    1.000 Date = 02/03/16 Time = 11:46:14
 NATOM  =    1590 NTYPES =      14 NBONH =     791 MBONA  =     820
 NTHETH =    1812 MTHETA =    1115 NPHIH =    3578 MPHIA  =    3525
 NHPARM =       0 NPARM  =       0 NNB   =    8805 NRES   =     104
 NBONA  =     820 NTHETA =    1115 NPHIA =    3525 NUMBND =      65
 NUMANG =     152 NPTRA  =     189 NATYP =      33 NPHB   =       0
 IFBOX  =       0 NMXRS  =      24 IFCAP =       0 NEXTRA =       0
 NCOPY  =       0

 Implicit solvent radii are ArgH and AspGluO modified Bondi2 radii (mbondi3)                                
 Replacing prmtop screening parameters with GBn2 (igb=8) values

|     Memory Use     Allocated
|     Real              145027
|     Hollerith           4876
|     Integer           109197
|     Max Pairs              1
|     nblistReal             0
|     nblist Int             0
|       Total             1578 kbytes

| Note: 1-4 EEL scale factors are being read from the topology file.

| Note: 1-4 VDW scale factors are being read from the topology file.
| Duplicated    0 dihedrals
| Duplicated    0 dihedrals

--------------------------------------------------------------------------------
   2.  CONTROL  DATA  FOR  THE  RUN
--------------------------------------------------------------------------------

default_name                                                                    

General flags:
     imin    =       1, nmropt  =       0

Nature and format of input:
     ntx     =       1, irest   =       0, ntrx    =       1

Nature and format of output:
     ntxo    =       1, ntpr    =     100, ntrx    =       1, ntwr    =     100
     iwrap   =       0, ntwx    =       0, ntwv    =       0, ntwe    =       0
     ioutfm  =       0, ntwprt  =       0, idecomp =       0, rbornstat=      0

Potential function:
     ntf     =       1, ntb     =       0, igb     =       8, nsnb    =      25
     ipol    =       0, gbsa    =       0, iesp    =       0
     dielc   =   1.00000, cut     = 999.00000, intdiel =   1.00000
     saltcon =   0.00000, offset  =   0.19514, surften =   0.00500
     rdt     =   0.00000, rgbmax  =  25.00000  extdiel =  78.50000
     alpb  =        0
     gbalphaH  =   0.78844, gbbetaH   =   0.79870,  gbgammaH  =    0.43733
     gbalphaC  =   0.73376, gbbetaC   =   0.50638,  gbgammaC  =    0.20584
     gbalphaN  =   0.50336, gbbetaN   =   0.31683,  gbgammaN  =    0.19292
     gbalphaOS =   0.86781, gbbetaOS  =   0.87664,  gbgammaOS =    0.38788
     gbalphaP  =   1.00000, gbbetaP   =   0.80000,  gbgammaP  =    4.85000
     gb_alpha_hnu  =   0.53705, gb_beta_hnu   =   0.36286,  gb_gamma_hnu  =    0.11670
     gb_alpha_cnu  =   0.33167, gb_beta_cnu   =   0.19684,  gb_gamma_cnu  =    0.09342
     gb_alpha_nnu  =   0.68631, gb_beta_nnu   =   0.46319,  gb_gamma_nnu  =    0.13872
     gb_alpha_onu  =   0.60634, gb_beta_onu   =   0.46301,  gb_gamma_onu  =    0.14226
     gb_alpha_pnu  =   0.41836, gb_beta_pnu   =   0.29005,  gb_gamma_pnu  =    0.10642

Frozen or restrained atoms:
     ibelly  =       0, ntr     =       1
     restraint_wt =  10.00000

Energy minimization:
     maxcyc  =    1000, ncyc    =      10, ntmin   =       1
     dx0     =   0.01000, drms    =   0.00010
|  INFO: Old style inpcrd file read


    LOADING THE CONSTRAINED ATOMS AS GROUPS


   5.  REFERENCE ATOM COORDINATES

  defa
     Mask !@H=; matches   799 atoms

--------------------------------------------------------------------------------
   3.  ATOMIC COORDINATES AND VELOCITIES
--------------------------------------------------------------------------------

default_name                                                                    
 begin time read from input coords =     0.000 ps

 Number of triangulated 3-point waters found:        0

--------------------------------------------------------------------------------
   4.  RESULTS
--------------------------------------------------------------------------------



   NSTEP       ENERGY          RMS            GMAX         NAME    NUMBER
      1      -2.1837E+03     9.0972E+00     6.7094E+01     OD1       590

 BOND    =       69.3764  ANGLE   =      211.3127  DIHED      =     1087.5074
 VDWAALS =     -669.2689  EEL     =    -7061.6717  EGB        =    -1989.8761
 1-4 VDW =      444.0920  1-4 EEL =     5724.8032  RESTRAINT  =        0.0000


   NSTEP       ENERGY          RMS            GMAX         NAME    NUMBER
    100      -2.5576E+03     2.4152E-01     3.0160E+00     HB       1383

 BOND    =       32.6228  ANGLE   =      206.8063  DIHED      =     1087.5662
 VDWAALS =     -804.2539  EEL     =    -7096.3864  EGB        =    -1997.5688
 1-4 VDW =      331.1126  1-4 EEL =     5640.7453  RESTRAINT  =       41.7896
 EAMBER  =    -2599.3559


   NSTEP       ENERGY          RMS            GMAX         NAME    NUMBER
    200      -2.5614E+03     2.3543E-01     2.3907E+00     H3          4

 BOND    =       32.9576  ANGLE   =      208.1777  DIHED      =     1087.3646
 VDWAALS =     -807.6077  EEL     =    -7099.4824  EGB        =    -1998.2250
 1-4 VDW =      329.9608  1-4 EEL =     5640.7465  RESTRAINT  =       44.7274
 EAMBER  =    -2606.1079


   NSTEP       ENERGY          RMS            GMAX         NAME    NUMBER
    300      -2.5638E+03     7.8062E-02     8.3179E-01     H2          3

 BOND    =       32.4962  ANGLE   =      207.3679  DIHED      =     1085.9109
 VDWAALS =     -807.4097  EEL     =    -7100.3144  EGB        =    -1998.2467
 1-4 VDW =      331.2889  1-4 EEL =     5640.9773  RESTRAINT  =       44.1635
 EAMBER  =    -2607.9296


   NSTEP       ENERGY          RMS            GMAX         NAME    NUMBER
    400      -2.5638E+03     6.3909E-03     6.5451E-02     HA       1381

 BOND    =       32.3507  ANGLE   =      207.2697  DIHED      =     1085.9679
 VDWAALS =     -807.3902  EEL     =    -7100.3699  EGB        =    -1998.2626
 1-4 VDW =      331.4929  1-4 EEL =     5641.0079  RESTRAINT  =       44.1153
 EAMBER  =    -2607.9336


   NSTEP       ENERGY          RMS            GMAX         NAME    NUMBER
    500      -2.5638E+03     1.4651E-02     3.8388E-01     CD       1585

 BOND    =       32.3522  ANGLE   =      207.2452  DIHED      =     1086.0329
 VDWAALS =     -807.4207  EEL     =    -7100.4817  EGB        =    -1998.2113
 1-4 VDW =      331.5222  1-4 EEL =     5641.0128  RESTRAINT  =       44.1240
 EAMBER  =    -2607.9484


   NSTEP       ENERGY          RMS            GMAX         NAME    NUMBER
    600      -2.5638E+03     2.6272E-02     4.1510E-01     CD        729

 BOND    =       32.3562  ANGLE   =      207.2373  DIHED      =     1086.1360
 VDWAALS =     -807.4524  EEL     =    -7100.6451  EGB        =    -1998.1331
 1-4 VDW =      331.5078  1-4 EEL =     5641.0185  RESTRAINT  =       44.1387
 EAMBER  =    -2607.9749


   NSTEP       ENERGY          RMS            GMAX         NAME    NUMBER
    700      -2.5648E+03     1.6839E-01     3.5297E+00     HG        116

 BOND    =       32.7206  ANGLE   =      207.8066  DIHED      =     1086.3602
 VDWAALS =     -808.1452  EEL     =    -7101.9725  EGB        =    -1998.4145
 1-4 VDW =      330.7013  1-4 EEL =     5641.3148  RESTRAINT  =       44.7831
 EAMBER  =    -2609.6288


   NSTEP       ENERGY          RMS            GMAX         NAME    NUMBER
    800      -2.5680E+03     1.2256E-02     1.3603E-01     HG        116

 BOND    =       32.3773  ANGLE   =      207.0786  DIHED      =     1085.2968
 VDWAALS =     -806.9451  EEL     =    -7100.6345  EGB        =    -2000.0711
 1-4 VDW =      331.6138  1-4 EEL =     5639.4678  RESTRAINT  =       43.8534
 EAMBER  =    -2611.8165


   NSTEP       ENERGY          RMS            GMAX         NAME    NUMBER
    900      -2.5680E+03     7.1472E-04     1.3677E-02     HB3       114

 BOND    =       32.3506  ANGLE   =      207.0147  DIHED      =     1085.2836
 VDWAALS =     -806.8687  EEL     =    -7100.5462  EGB        =    -2000.1033
 1-4 VDW =      331.6942  1-4 EEL =     5639.4089  RESTRAINT  =       43.7979
 EAMBER  =    -2611.7663


   NSTEP       ENERGY          RMS            GMAX         NAME    NUMBER
   1000      -2.5680E+03     1.4785E-04     1.9644E-03     CD       1585

 BOND    =       32.3519  ANGLE   =      207.0147  DIHED      =     1085.2848
 VDWAALS =     -806.8709  EEL     =    -7100.5488  EGB        =    -2000.1013
 1-4 VDW =      331.6926  1-4 EEL =     5639.4061  RESTRAINT  =       43.8024
 EAMBER  =    -2611.7708


  Maximum number of minimization cycles reached.


                    FINAL RESULTS



   NSTEP       ENERGY          RMS            GMAX         NAME    NUMBER
   1000      -2.5680E+03     1.4785E-04     1.9644E-03     CD       1585

 BOND    =       32.3519  ANGLE   =      207.0147  DIHED      =     1085.2848
 VDWAALS =     -806.8709  EEL     =    -7100.5488  EGB        =    -2000.1013
 1-4 VDW =      331.6926  1-4 EEL =     5639.4061  RESTRAINT  =       43.8024
 EAMBER  =    -2611.7708

--------------------------------------------------------------------------------
   5.  TIMINGS
--------------------------------------------------------------------------------

|                Calc gb radii             59.28 (20.43% of Gen B)
|                Calc gb diag             109.45 (37.72% of Gen B)
|                Calc gb off-diag         121.43 (41.85% of Gen B)
|             Gen Born time            290.17 (100.0% of Nonbo)
|          Nonbond force            290.17 (99.29% of Force)
|          Bond/Angle/Dihedral        2.06 ( 0.71% of Force)
|          Other                      0.02 ( 0.01% of Force)
|       Force time               292.25 (100.0% of Runmd)
|    Runmd Time               292.25 (99.73% of Total)
|    Other                      0.80 ( 0.27% of Total)
| Total time               293.06 (100.0% of ALL  )

| Number of list builds   :          0

| Highest rstack allocated:          0
| Highest istack allocated:          0
|           Job began  at 14:22:09.076  on 02/03/2016
|           Setup done at 14:22:09.161  on 02/03/2016
|           Run   done at 14:27:02.131  on 02/03/2016
|     wallclock() was called   18028 times
