
          -------------------------------------------------------
          Amber 14 SANDER                              2014
          -------------------------------------------------------

| Run on 02/03/2016 at 14:12:05

|   Executable path: sander
| Working directory: /lustre/cs1500/scratch/kmb413/RealDecoyDisc/DecoyDiscrimination/decoys.set2.init/1aaj/Rosetta_relaxed
|          Hostname: slepner30


File Assignments:
|  MDIN: /scratch/kmb413/RealDecoyDisc/DecoyDiscrimination/scripts/min/min.in  
| MDOUT: NoH_2_empty_tag_949_0001_0001.out                                     
|INPCRD: NoH_2_empty_tag_949_0001_0001.rst7                                    
|  PARM: NoH_2_empty_tag_949_0001_0001.parm7                                   
|RESTRT: min_NoH_2_empty_tag_949_0001_0001.rst7                                
|  REFC: NoH_2_empty_tag_949_0001_0001.rst7                                    
| MDVEL: mdvel                                                                 
| MDFRC: mdfrc                                                                 
|  MDEN: mden                                                                  
| MDCRD: mdcrd                                                                 
|MDINFO: mdinfo                                                                
|  MTMD: mtmd                                                                  
|INPDIP: inpdip                                                                
|RSTDIP: rstdip                                                                
|INPTRA: inptraj                                                               


 Here is the input file:

                                                                               
&cntrl                                                                         
    imin = 1, maxcyc=1000,                                                     
    ntx = 1,                                                                   
    ntwr = 100, ntpr = 100,                                                    
    cut = 999.0,                                                               
    ntb = 0, igb = 8,                                                          
    ntr = 1, restraint_wt = 10, restraintmask = "!@H=",                        
/                                                                              

--------------------------------------------------------------------------------
   1.  RESOURCE   USE: 
--------------------------------------------------------------------------------

| Flags:                                                                        
| New format PARM file being parsed.
| Version =    1.000 Date = 02/03/16 Time = 11:48:25
 NATOM  =    1590 NTYPES =      14 NBONH =     791 MBONA  =     820
 NTHETH =    1812 MTHETA =    1115 NPHIH =    3578 MPHIA  =    3525
 NHPARM =       0 NPARM  =       0 NNB   =    8805 NRES   =     104
 NBONA  =     820 NTHETA =    1115 NPHIA =    3525 NUMBND =      65
 NUMANG =     152 NPTRA  =     189 NATYP =      33 NPHB   =       0
 IFBOX  =       0 NMXRS  =      24 IFCAP =       0 NEXTRA =       0
 NCOPY  =       0

 Implicit solvent radii are ArgH and AspGluO modified Bondi2 radii (mbondi3)                                
 Replacing prmtop screening parameters with GBn2 (igb=8) values

|     Memory Use     Allocated
|     Real              145027
|     Hollerith           4876
|     Integer           109197
|     Max Pairs              1
|     nblistReal             0
|     nblist Int             0
|       Total             1578 kbytes

| Note: 1-4 EEL scale factors are being read from the topology file.

| Note: 1-4 VDW scale factors are being read from the topology file.
| Duplicated    0 dihedrals
| Duplicated    0 dihedrals

--------------------------------------------------------------------------------
   2.  CONTROL  DATA  FOR  THE  RUN
--------------------------------------------------------------------------------

default_name                                                                    

General flags:
     imin    =       1, nmropt  =       0

Nature and format of input:
     ntx     =       1, irest   =       0, ntrx    =       1

Nature and format of output:
     ntxo    =       1, ntpr    =     100, ntrx    =       1, ntwr    =     100
     iwrap   =       0, ntwx    =       0, ntwv    =       0, ntwe    =       0
     ioutfm  =       0, ntwprt  =       0, idecomp =       0, rbornstat=      0

Potential function:
     ntf     =       1, ntb     =       0, igb     =       8, nsnb    =      25
     ipol    =       0, gbsa    =       0, iesp    =       0
     dielc   =   1.00000, cut     = 999.00000, intdiel =   1.00000
     saltcon =   0.00000, offset  =   0.19514, surften =   0.00500
     rdt     =   0.00000, rgbmax  =  25.00000  extdiel =  78.50000
     alpb  =        0
     gbalphaH  =   0.78844, gbbetaH   =   0.79870,  gbgammaH  =    0.43733
     gbalphaC  =   0.73376, gbbetaC   =   0.50638,  gbgammaC  =    0.20584
     gbalphaN  =   0.50336, gbbetaN   =   0.31683,  gbgammaN  =    0.19292
     gbalphaOS =   0.86781, gbbetaOS  =   0.87664,  gbgammaOS =    0.38788
     gbalphaP  =   1.00000, gbbetaP   =   0.80000,  gbgammaP  =    4.85000
     gb_alpha_hnu  =   0.53705, gb_beta_hnu   =   0.36286,  gb_gamma_hnu  =    0.11670
     gb_alpha_cnu  =   0.33167, gb_beta_cnu   =   0.19684,  gb_gamma_cnu  =    0.09342
     gb_alpha_nnu  =   0.68631, gb_beta_nnu   =   0.46319,  gb_gamma_nnu  =    0.13872
     gb_alpha_onu  =   0.60634, gb_beta_onu   =   0.46301,  gb_gamma_onu  =    0.14226
     gb_alpha_pnu  =   0.41836, gb_beta_pnu   =   0.29005,  gb_gamma_pnu  =    0.10642

Frozen or restrained atoms:
     ibelly  =       0, ntr     =       1
     restraint_wt =  10.00000

Energy minimization:
     maxcyc  =    1000, ncyc    =      10, ntmin   =       1
     dx0     =   0.01000, drms    =   0.00010
|  INFO: Old style inpcrd file read


    LOADING THE CONSTRAINED ATOMS AS GROUPS


   5.  REFERENCE ATOM COORDINATES

  defa
     Mask !@H=; matches   799 atoms

--------------------------------------------------------------------------------
   3.  ATOMIC COORDINATES AND VELOCITIES
--------------------------------------------------------------------------------

default_name                                                                    
 begin time read from input coords =     0.000 ps

 Number of triangulated 3-point waters found:        0

--------------------------------------------------------------------------------
   4.  RESULTS
--------------------------------------------------------------------------------



   NSTEP       ENERGY          RMS            GMAX         NAME    NUMBER
      1      -2.2121E+03     9.0952E+00     6.0615E+01     OE1      1120

 BOND    =       70.0362  ANGLE   =      211.1336  DIHED      =     1074.7192
 VDWAALS =     -644.2479  EEL     =    -7274.8137  EGB        =    -1775.3754
 1-4 VDW =      440.2746  1-4 EEL =     5686.1487  RESTRAINT  =        0.0000


   NSTEP       ENERGY          RMS            GMAX         NAME    NUMBER
    100      -2.5795E+03     4.6198E-01     7.6148E+00     OG1      1388

 BOND    =       31.3375  ANGLE   =      207.8783  DIHED      =     1076.2541
 VDWAALS =     -783.5332  EEL     =    -7297.4721  EGB        =    -1792.1752
 1-4 VDW =      330.1338  1-4 EEL =     5605.1919  RESTRAINT  =       42.8729
 EAMBER  =    -2622.3851


   NSTEP       ENERGY          RMS            GMAX         NAME    NUMBER
    200      -2.5876E+03     1.4020E-01     2.2314E+00     OG1      1388

 BOND    =       30.8867  ANGLE   =      207.3857  DIHED      =     1074.2988
 VDWAALS =     -784.8254  EEL     =    -7304.2363  EGB        =    -1791.6368
 1-4 VDW =      330.9764  1-4 EEL =     5606.9310  RESTRAINT  =       42.6414
 EAMBER  =    -2630.2198


   NSTEP       ENERGY          RMS            GMAX         NAME    NUMBER
    300      -2.5937E+03     1.5048E-01     1.9129E+00     CD        193

 BOND    =       30.7640  ANGLE   =      207.2334  DIHED      =     1073.6712
 VDWAALS =     -784.7886  EEL     =    -7307.4968  EGB        =    -1794.7794
 1-4 VDW =      331.6299  1-4 EEL =     5607.3524  RESTRAINT  =       42.7206
 EAMBER  =    -2636.4138


   NSTEP       ENERGY          RMS            GMAX         NAME    NUMBER
    400      -2.5945E+03     3.6097E-01     1.2851E+01     HG       1180

 BOND    =       31.1543  ANGLE   =      207.9702  DIHED      =     1074.2203
 VDWAALS =     -785.1677  EEL     =    -7312.0260  EGB        =    -1792.5609
 1-4 VDW =      331.3402  1-4 EEL =     5607.7165  RESTRAINT  =       42.8413
 EAMBER  =    -2637.3532


   NSTEP       ENERGY          RMS            GMAX         NAME    NUMBER
    500      -2.6007E+03     2.0700E-02     3.4829E-01     HG       1180

 BOND    =       30.9169  ANGLE   =      207.1216  DIHED      =     1072.8208
 VDWAALS =     -782.7103  EEL     =    -7317.7167  EGB        =    -1792.8656
 1-4 VDW =      331.7478  1-4 EEL =     5607.9350  RESTRAINT  =       42.0277
 EAMBER  =    -2642.7504


   NSTEP       ENERGY          RMS            GMAX         NAME    NUMBER
    600      -2.6007E+03     3.7185E-03     4.5525E-02     HG1       635

 BOND    =       30.8814  ANGLE   =      207.0579  DIHED      =     1072.8602
 VDWAALS =     -782.6963  EEL     =    -7318.0883  EGB        =    -1792.6932
 1-4 VDW =      331.8460  1-4 EEL =     5608.0970  RESTRAINT  =       41.9989
 EAMBER  =    -2642.7352


   NSTEP       ENERGY          RMS            GMAX         NAME    NUMBER
    700      -2.6007E+03     1.2577E-03     2.1304E-02     OG       1179

 BOND    =       30.8768  ANGLE   =      207.0447  DIHED      =     1072.8709
 VDWAALS =     -782.6887  EEL     =    -7318.1854  EGB        =    -1792.6482
 1-4 VDW =      331.8662  1-4 EEL =     5608.1350  RESTRAINT  =       41.9918
 EAMBER  =    -2642.7286


                    FINAL RESULTS



   NSTEP       ENERGY          RMS            GMAX         NAME    NUMBER
    771      -2.6007E+03     8.5259E-05     2.4745E-03     HG1       635

 BOND    =       30.8761  ANGLE   =      207.0445  DIHED      =     1072.8719
 VDWAALS =     -782.6899  EEL     =    -7318.1939  EGB        =    -1792.6441
 1-4 VDW =      331.8662  1-4 EEL =     5608.1402  RESTRAINT  =       41.9922
 EAMBER  =    -2642.7291

--------------------------------------------------------------------------------
   5.  TIMINGS
--------------------------------------------------------------------------------

|                Calc gb radii             45.15 (20.29% of Gen B)
|                Calc gb diag              83.42 (37.49% of Gen B)
|                Calc gb off-diag          93.96 (42.22% of Gen B)
|             Gen Born time            222.54 (100.0% of Nonbo)
|          Nonbond force            222.54 (99.28% of Force)
|          Bond/Angle/Dihedral        1.60 ( 0.71% of Force)
|          Other                      0.01 ( 0.01% of Force)
|       Force time               224.15 (100.0% of Runmd)
|    Runmd Time               224.15 (99.70% of Total)
|    Other                      0.67 ( 0.30% of Total)
| Total time               224.82 (100.0% of ALL  )

| Number of list builds   :          0

| Highest rstack allocated:          0
| Highest istack allocated:          0
|           Job began  at 14:12:05.299  on 02/03/2016
|           Setup done at 14:12:05.369  on 02/03/2016
|           Run   done at 14:15:50.121  on 02/03/2016
|     wallclock() was called   13906 times
