
          -------------------------------------------------------
          Amber 14 SANDER                              2014
          -------------------------------------------------------

| Run on 02/03/2016 at 12:58:22

|   Executable path: sander
| Working directory: /lustre/cs1500/scratch/kmb413/RealDecoyDisc/DecoyDiscrimination/decoys.set2.init/1aaj/Rosetta_relaxed
|          Hostname: slepner30


File Assignments:
|  MDIN: /scratch/kmb413/RealDecoyDisc/DecoyDiscrimination/scripts/min/min.in  
| MDOUT: NoH_2_empty_tag_436_0001_0001.out                                     
|INPCRD: NoH_2_empty_tag_436_0001_0001.rst7                                    
|  PARM: NoH_2_empty_tag_436_0001_0001.parm7                                   
|RESTRT: min_NoH_2_empty_tag_436_0001_0001.rst7                                
|  REFC: NoH_2_empty_tag_436_0001_0001.rst7                                    
| MDVEL: mdvel                                                                 
| MDFRC: mdfrc                                                                 
|  MDEN: mden                                                                  
| MDCRD: mdcrd                                                                 
|MDINFO: mdinfo                                                                
|  MTMD: mtmd                                                                  
|INPDIP: inpdip                                                                
|RSTDIP: rstdip                                                                
|INPTRA: inptraj                                                               


 Here is the input file:

                                                                               
&cntrl                                                                         
    imin = 1, maxcyc=1000,                                                     
    ntx = 1,                                                                   
    ntwr = 100, ntpr = 100,                                                    
    cut = 999.0,                                                               
    ntb = 0, igb = 8,                                                          
    ntr = 1, restraint_wt = 10, restraintmask = "!@H=",                        
/                                                                              

--------------------------------------------------------------------------------
   1.  RESOURCE   USE: 
--------------------------------------------------------------------------------

| Flags:                                                                        
| New format PARM file being parsed.
| Version =    1.000 Date = 02/03/16 Time = 11:48:04
 NATOM  =    1590 NTYPES =      14 NBONH =     791 MBONA  =     820
 NTHETH =    1812 MTHETA =    1115 NPHIH =    3578 MPHIA  =    3525
 NHPARM =       0 NPARM  =       0 NNB   =    8805 NRES   =     104
 NBONA  =     820 NTHETA =    1115 NPHIA =    3525 NUMBND =      65
 NUMANG =     152 NPTRA  =     189 NATYP =      33 NPHB   =       0
 IFBOX  =       0 NMXRS  =      24 IFCAP =       0 NEXTRA =       0
 NCOPY  =       0

 Implicit solvent radii are ArgH and AspGluO modified Bondi2 radii (mbondi3)                                
 Replacing prmtop screening parameters with GBn2 (igb=8) values

|     Memory Use     Allocated
|     Real              145027
|     Hollerith           4876
|     Integer           109197
|     Max Pairs              1
|     nblistReal             0
|     nblist Int             0
|       Total             1578 kbytes

| Note: 1-4 EEL scale factors are being read from the topology file.

| Note: 1-4 VDW scale factors are being read from the topology file.
| Duplicated    0 dihedrals
| Duplicated    0 dihedrals

--------------------------------------------------------------------------------
   2.  CONTROL  DATA  FOR  THE  RUN
--------------------------------------------------------------------------------

default_name                                                                    

General flags:
     imin    =       1, nmropt  =       0

Nature and format of input:
     ntx     =       1, irest   =       0, ntrx    =       1

Nature and format of output:
     ntxo    =       1, ntpr    =     100, ntrx    =       1, ntwr    =     100
     iwrap   =       0, ntwx    =       0, ntwv    =       0, ntwe    =       0
     ioutfm  =       0, ntwprt  =       0, idecomp =       0, rbornstat=      0

Potential function:
     ntf     =       1, ntb     =       0, igb     =       8, nsnb    =      25
     ipol    =       0, gbsa    =       0, iesp    =       0
     dielc   =   1.00000, cut     = 999.00000, intdiel =   1.00000
     saltcon =   0.00000, offset  =   0.19514, surften =   0.00500
     rdt     =   0.00000, rgbmax  =  25.00000  extdiel =  78.50000
     alpb  =        0
     gbalphaH  =   0.78844, gbbetaH   =   0.79870,  gbgammaH  =    0.43733
     gbalphaC  =   0.73376, gbbetaC   =   0.50638,  gbgammaC  =    0.20584
     gbalphaN  =   0.50336, gbbetaN   =   0.31683,  gbgammaN  =    0.19292
     gbalphaOS =   0.86781, gbbetaOS  =   0.87664,  gbgammaOS =    0.38788
     gbalphaP  =   1.00000, gbbetaP   =   0.80000,  gbgammaP  =    4.85000
     gb_alpha_hnu  =   0.53705, gb_beta_hnu   =   0.36286,  gb_gamma_hnu  =    0.11670
     gb_alpha_cnu  =   0.33167, gb_beta_cnu   =   0.19684,  gb_gamma_cnu  =    0.09342
     gb_alpha_nnu  =   0.68631, gb_beta_nnu   =   0.46319,  gb_gamma_nnu  =    0.13872
     gb_alpha_onu  =   0.60634, gb_beta_onu   =   0.46301,  gb_gamma_onu  =    0.14226
     gb_alpha_pnu  =   0.41836, gb_beta_pnu   =   0.29005,  gb_gamma_pnu  =    0.10642

Frozen or restrained atoms:
     ibelly  =       0, ntr     =       1
     restraint_wt =  10.00000

Energy minimization:
     maxcyc  =    1000, ncyc    =      10, ntmin   =       1
     dx0     =   0.01000, drms    =   0.00010
|  INFO: Old style inpcrd file read


    LOADING THE CONSTRAINED ATOMS AS GROUPS


   5.  REFERENCE ATOM COORDINATES

  defa
     Mask !@H=; matches   799 atoms

--------------------------------------------------------------------------------
   3.  ATOMIC COORDINATES AND VELOCITIES
--------------------------------------------------------------------------------

default_name                                                                    
 begin time read from input coords =     0.000 ps

 Number of triangulated 3-point waters found:        0

--------------------------------------------------------------------------------
   4.  RESULTS
--------------------------------------------------------------------------------



   NSTEP       ENERGY          RMS            GMAX         NAME    NUMBER
      1      -2.2253E+03     8.9783E+00     7.0475E+01     OXT      1590

 BOND    =       69.2072  ANGLE   =      211.3054  DIHED      =     1084.7875
 VDWAALS =     -673.1607  EEL     =    -7370.5562  EGB        =    -1692.5099
 1-4 VDW =      448.9696  1-4 EEL =     5696.6793  RESTRAINT  =        0.0000


   NSTEP       ENERGY          RMS            GMAX         NAME    NUMBER
    100      -2.5796E+03     4.1561E-01     3.8274E+00     HG1       635

 BOND    =       31.9681  ANGLE   =      207.8694  DIHED      =     1085.7218
 VDWAALS =     -799.4762  EEL     =    -7378.9782  EGB        =    -1708.0912
 1-4 VDW =      333.4023  1-4 EEL =     5606.1666  RESTRAINT  =       41.8173
 EAMBER  =    -2621.4174


   NSTEP       ENERGY          RMS            GMAX         NAME    NUMBER
    200      -2.5948E+03     1.6078E-01     2.7223E+00     HG1      1213

 BOND    =       31.9255  ANGLE   =      207.7738  DIHED      =     1083.9841
 VDWAALS =     -800.9480  EEL     =    -7402.4230  EGB        =    -1698.0914
 1-4 VDW =      333.6558  1-4 EEL =     5607.3169  RESTRAINT  =       41.9757
 EAMBER  =    -2636.8064


   NSTEP       ENERGY          RMS            GMAX         NAME    NUMBER
    300      -2.6051E+03     2.8142E-02     4.0064E-01     OG1      1212

 BOND    =       31.9429  ANGLE   =      207.4048  DIHED      =     1082.4641
 VDWAALS =     -799.4067  EEL     =    -7415.5333  EGB        =    -1695.8279
 1-4 VDW =      334.0973  1-4 EEL =     5608.3733  RESTRAINT  =       41.3740
 EAMBER  =    -2646.4856


   NSTEP       ENERGY          RMS            GMAX         NAME    NUMBER
    400      -2.6051E+03     6.1391E-03     8.2421E-02     CB       1206

 BOND    =       31.9256  ANGLE   =      207.3442  DIHED      =     1082.5429
 VDWAALS =     -799.5469  EEL     =    -7415.5342  EGB        =    -1695.8069
 1-4 VDW =      334.2051  1-4 EEL =     5608.3774  RESTRAINT  =       41.3500
 EAMBER  =    -2646.4927


   NSTEP       ENERGY          RMS            GMAX         NAME    NUMBER
    500      -2.6051E+03     2.7408E-03     6.7858E-02     HG1      1389

 BOND    =       31.9183  ANGLE   =      207.3301  DIHED      =     1082.6163
 VDWAALS =     -799.5653  EEL     =    -7415.6289  EGB        =    -1695.7445
 1-4 VDW =      334.2279  1-4 EEL =     5608.3426  RESTRAINT  =       41.3558
 EAMBER  =    -2646.5036


   NSTEP       ENERGY          RMS            GMAX         NAME    NUMBER
    600      -2.6052E+03     2.3065E-02     3.7705E-01     CA       1204

 BOND    =       31.9220  ANGLE   =      207.3331  DIHED      =     1082.7676
 VDWAALS =     -799.5357  EEL     =    -7415.9649  EGB        =    -1695.5495
 1-4 VDW =      334.2123  1-4 EEL =     5608.2857  RESTRAINT  =       41.3667
 EAMBER  =    -2646.5294


   NSTEP       ENERGY          RMS            GMAX         NAME    NUMBER
    700      -2.6062E+03     1.0440E-01     2.0573E+00     HG1      1389

 BOND    =       32.0692  ANGLE   =      207.5461  DIHED      =     1081.7534
 VDWAALS =     -799.3225  EEL     =    -7419.8192  EGB        =    -1692.9122
 1-4 VDW =      334.0515  1-4 EEL =     5608.9802  RESTRAINT  =       41.4996
 EAMBER  =    -2647.6535


   NSTEP       ENERGY          RMS            GMAX         NAME    NUMBER
    800      -2.6066E+03     8.2316E-03     1.4393E-01     HG1      1213

 BOND    =       31.8982  ANGLE   =      207.3623  DIHED      =     1081.3034
 VDWAALS =     -799.5793  EEL     =    -7420.7050  EGB        =    -1691.7981
 1-4 VDW =      334.1978  1-4 EEL =     5609.3388  RESTRAINT  =       41.4219
 EAMBER  =    -2647.9818


   NSTEP       ENERGY          RMS            GMAX         NAME    NUMBER
    900      -2.6066E+03     1.1383E-03     1.3529E-02     OG1       604

 BOND    =       31.8824  ANGLE   =      207.3399  DIHED      =     1081.2947
 VDWAALS =     -799.5941  EEL     =    -7420.7494  EGB        =    -1691.7245
 1-4 VDW =      334.2245  1-4 EEL =     5609.3525  RESTRAINT  =       41.4115
 EAMBER  =    -2647.9739


                    FINAL RESULTS



   NSTEP       ENERGY          RMS            GMAX         NAME    NUMBER
    973      -2.6066E+03     8.0129E-05     1.2867E-03     HG22     1386

 BOND    =       31.8820  ANGLE   =      207.3394  DIHED      =     1081.2947
 VDWAALS =     -799.5943  EEL     =    -7420.7499  EGB        =    -1691.7229
 1-4 VDW =      334.2257  1-4 EEL =     5609.3522  RESTRAINT  =       41.4107
 EAMBER  =    -2647.9731

--------------------------------------------------------------------------------
   5.  TIMINGS
--------------------------------------------------------------------------------

|                Calc gb radii             57.74 (20.41% of Gen B)
|                Calc gb diag             107.15 (37.87% of Gen B)
|                Calc gb off-diag         118.03 (41.72% of Gen B)
|             Gen Born time            282.91 (100.0% of Nonbo)
|          Nonbond force            282.91 (99.29% of Force)
|          Bond/Angle/Dihedral        2.02 ( 0.71% of Force)
|          Other                      0.02 ( 0.01% of Force)
|       Force time               284.95 (100.0% of Runmd)
|    Runmd Time               284.95 (99.69% of Total)
|    Other                      0.88 ( 0.31% of Total)
| Total time               285.83 (100.0% of ALL  )

| Number of list builds   :          0

| Highest rstack allocated:          0
| Highest istack allocated:          0
|           Job began  at 12:58:22.588  on 02/03/2016
|           Setup done at 12:58:22.638  on 02/03/2016
|           Run   done at 13:03:08.419  on 02/03/2016
|     wallclock() was called   17542 times
