
          -------------------------------------------------------
          Amber 14 SANDER                              2014
          -------------------------------------------------------

| Run on 02/03/2016 at 13:08:15

|   Executable path: sander
| Working directory: /lustre/cs1500/scratch/kmb413/RealDecoyDisc/DecoyDiscrimination/decoys.set2.init/1aaj/Rosetta_relaxed
|          Hostname: slepner1


File Assignments:
|  MDIN: /scratch/kmb413/RealDecoyDisc/DecoyDiscrimination/scripts/min/min.in  
| MDOUT: NoH_1_empty_tag_1_317_1_0001.out                                      
|INPCRD: NoH_1_empty_tag_1_317_1_0001.rst7                                     
|  PARM: NoH_1_empty_tag_1_317_1_0001.parm7                                    
|RESTRT: min_NoH_1_empty_tag_1_317_1_0001.rst7                                 
|  REFC: NoH_1_empty_tag_1_317_1_0001.rst7                                     
| MDVEL: mdvel                                                                 
| MDFRC: mdfrc                                                                 
|  MDEN: mden                                                                  
| MDCRD: mdcrd                                                                 
|MDINFO: mdinfo                                                                
|  MTMD: mtmd                                                                  
|INPDIP: inpdip                                                                
|RSTDIP: rstdip                                                                
|INPTRA: inptraj                                                               


 Here is the input file:

                                                                               
&cntrl                                                                         
    imin = 1, maxcyc=1000,                                                     
    ntx = 1,                                                                   
    ntwr = 100, ntpr = 100,                                                    
    cut = 999.0,                                                               
    ntb = 0, igb = 8,                                                          
    ntr = 1, restraint_wt = 10, restraintmask = "!@H=",                        
/                                                                              

--------------------------------------------------------------------------------
   1.  RESOURCE   USE: 
--------------------------------------------------------------------------------

| Flags:                                                                        
| New format PARM file being parsed.
| Version =    1.000 Date = 02/03/16 Time = 11:44:55
 NATOM  =    1590 NTYPES =      14 NBONH =     791 MBONA  =     820
 NTHETH =    1812 MTHETA =    1115 NPHIH =    3578 MPHIA  =    3525
 NHPARM =       0 NPARM  =       0 NNB   =    8805 NRES   =     104
 NBONA  =     820 NTHETA =    1115 NPHIA =    3525 NUMBND =      65
 NUMANG =     152 NPTRA  =     189 NATYP =      33 NPHB   =       0
 IFBOX  =       0 NMXRS  =      24 IFCAP =       0 NEXTRA =       0
 NCOPY  =       0

 Implicit solvent radii are ArgH and AspGluO modified Bondi2 radii (mbondi3)                                
 Replacing prmtop screening parameters with GBn2 (igb=8) values

|     Memory Use     Allocated
|     Real              145027
|     Hollerith           4876
|     Integer           109197
|     Max Pairs              1
|     nblistReal             0
|     nblist Int             0
|       Total             1578 kbytes

| Note: 1-4 EEL scale factors are being read from the topology file.

| Note: 1-4 VDW scale factors are being read from the topology file.
| Duplicated    0 dihedrals
| Duplicated    0 dihedrals

--------------------------------------------------------------------------------
   2.  CONTROL  DATA  FOR  THE  RUN
--------------------------------------------------------------------------------

default_name                                                                    

General flags:
     imin    =       1, nmropt  =       0

Nature and format of input:
     ntx     =       1, irest   =       0, ntrx    =       1

Nature and format of output:
     ntxo    =       1, ntpr    =     100, ntrx    =       1, ntwr    =     100
     iwrap   =       0, ntwx    =       0, ntwv    =       0, ntwe    =       0
     ioutfm  =       0, ntwprt  =       0, idecomp =       0, rbornstat=      0

Potential function:
     ntf     =       1, ntb     =       0, igb     =       8, nsnb    =      25
     ipol    =       0, gbsa    =       0, iesp    =       0
     dielc   =   1.00000, cut     = 999.00000, intdiel =   1.00000
     saltcon =   0.00000, offset  =   0.19514, surften =   0.00500
     rdt     =   0.00000, rgbmax  =  25.00000  extdiel =  78.50000
     alpb  =        0
     gbalphaH  =   0.78844, gbbetaH   =   0.79870,  gbgammaH  =    0.43733
     gbalphaC  =   0.73376, gbbetaC   =   0.50638,  gbgammaC  =    0.20584
     gbalphaN  =   0.50336, gbbetaN   =   0.31683,  gbgammaN  =    0.19292
     gbalphaOS =   0.86781, gbbetaOS  =   0.87664,  gbgammaOS =    0.38788
     gbalphaP  =   1.00000, gbbetaP   =   0.80000,  gbgammaP  =    4.85000
     gb_alpha_hnu  =   0.53705, gb_beta_hnu   =   0.36286,  gb_gamma_hnu  =    0.11670
     gb_alpha_cnu  =   0.33167, gb_beta_cnu   =   0.19684,  gb_gamma_cnu  =    0.09342
     gb_alpha_nnu  =   0.68631, gb_beta_nnu   =   0.46319,  gb_gamma_nnu  =    0.13872
     gb_alpha_onu  =   0.60634, gb_beta_onu   =   0.46301,  gb_gamma_onu  =    0.14226
     gb_alpha_pnu  =   0.41836, gb_beta_pnu   =   0.29005,  gb_gamma_pnu  =    0.10642

Frozen or restrained atoms:
     ibelly  =       0, ntr     =       1
     restraint_wt =  10.00000

Energy minimization:
     maxcyc  =    1000, ncyc    =      10, ntmin   =       1
     dx0     =   0.01000, drms    =   0.00010
|  INFO: Old style inpcrd file read


    LOADING THE CONSTRAINED ATOMS AS GROUPS


   5.  REFERENCE ATOM COORDINATES

  defa
     Mask !@H=; matches   799 atoms

--------------------------------------------------------------------------------
   3.  ATOMIC COORDINATES AND VELOCITIES
--------------------------------------------------------------------------------

default_name                                                                    
 begin time read from input coords =     0.000 ps

 Number of triangulated 3-point waters found:        0

--------------------------------------------------------------------------------
   4.  RESULTS
--------------------------------------------------------------------------------



   NSTEP       ENERGY          RMS            GMAX         NAME    NUMBER
      1      -2.1746E+03     9.2808E+00     6.5306E+01     HA        430

 BOND    =       70.5226  ANGLE   =      212.0475  DIHED      =     1079.2911
 VDWAALS =     -612.4473  EEL     =    -7294.0219  EGB        =    -1794.2997
 1-4 VDW =      437.4583  1-4 EEL =     5726.8193  RESTRAINT  =        0.0000


   NSTEP       ENERGY          RMS            GMAX         NAME    NUMBER
    100      -2.5658E+03     4.3251E-01     5.2817E+00     CD       1585

 BOND    =       31.6511  ANGLE   =      208.5191  DIHED      =     1083.5491
 VDWAALS =     -773.0698  EEL     =    -7334.5582  EGB        =    -1805.2051
 1-4 VDW =      330.0035  1-4 EEL =     5649.5622  RESTRAINT  =       43.7496
 EAMBER  =    -2609.5481


   NSTEP       ENERGY          RMS            GMAX         NAME    NUMBER
    200      -2.5709E+03     1.2073E-01     1.3870E+00     H1          2

 BOND    =       31.0615  ANGLE   =      208.6290  DIHED      =     1084.0373
 VDWAALS =     -777.3989  EEL     =    -7341.0146  EGB        =    -1802.9398
 1-4 VDW =      330.3236  1-4 EEL =     5651.2761  RESTRAINT  =       45.1405
 EAMBER  =    -2616.0258


   NSTEP       ENERGY          RMS            GMAX         NAME    NUMBER
    300      -2.5724E+03     1.6189E-02     2.2732E-01     C          23

 BOND    =       30.8624  ANGLE   =      208.1175  DIHED      =     1083.0799
 VDWAALS =     -777.7478  EEL     =    -7340.2362  EGB        =    -1803.5435
 1-4 VDW =      330.8488  1-4 EEL =     5651.2217  RESTRAINT  =       44.9720
 EAMBER  =    -2617.3972


   NSTEP       ENERGY          RMS            GMAX         NAME    NUMBER
    400      -2.5766E+03     2.1016E-01     3.6628E+00     HG1       605

 BOND    =       31.6737  ANGLE   =      210.0868  DIHED      =     1083.3619
 VDWAALS =     -778.5100  EEL     =    -7345.0794  EGB        =    -1803.9702
 1-4 VDW =      328.8415  1-4 EEL =     5650.7867  RESTRAINT  =       46.1787
 EAMBER  =    -2622.8090


   NSTEP       ENERGY          RMS            GMAX         NAME    NUMBER
    500      -2.5780E+03     9.1417E-03     1.4348E-01     CB        598

 BOND    =       30.9036  ANGLE   =      208.2476  DIHED      =     1082.4840
 VDWAALS =     -776.9221  EEL     =    -7346.2399  EGB        =    -1804.1842
 1-4 VDW =      330.9736  1-4 EEL =     5651.9990  RESTRAINT  =       44.7114
 EAMBER  =    -2622.7385


   NSTEP       ENERGY          RMS            GMAX         NAME    NUMBER
    600      -2.5780E+03     1.4531E-02     3.1355E-01     C         592

 BOND    =       30.8862  ANGLE   =      208.1893  DIHED      =     1082.5267
 VDWAALS =     -776.8995  EEL     =    -7346.1946  EGB        =    -1804.3646
 1-4 VDW =      331.0595  1-4 EEL =     5652.0899  RESTRAINT  =       44.6729
 EAMBER  =    -2622.7071


   NSTEP       ENERGY          RMS            GMAX         NAME    NUMBER
    700      -2.5780E+03     4.3919E-04     7.6925E-03     CD       1585

 BOND    =       30.8811  ANGLE   =      208.1875  DIHED      =     1082.5275
 VDWAALS =     -776.9069  EEL     =    -7346.2050  EGB        =    -1804.3476
 1-4 VDW =      331.0581  1-4 EEL =     5652.0942  RESTRAINT  =       44.6763
 EAMBER  =    -2622.7111


   NSTEP       ENERGY          RMS            GMAX         NAME    NUMBER
    800      -2.5780E+03     9.9876E-04     1.3477E-02     CB        598

 BOND    =       30.8811  ANGLE   =      208.1859  DIHED      =     1082.5326
 VDWAALS =     -776.9108  EEL     =    -7346.2048  EGB        =    -1804.3496
 1-4 VDW =      331.0602  1-4 EEL =     5652.0939  RESTRAINT  =       44.6767
 EAMBER  =    -2622.7116


   NSTEP       ENERGY          RMS            GMAX         NAME    NUMBER
    900      -2.5780E+03     2.9575E-04     4.1509E-03     HB        599

 BOND    =       30.8809  ANGLE   =      208.1861  DIHED      =     1082.5345
 VDWAALS =     -776.9133  EEL     =    -7346.2047  EGB        =    -1804.3504
 1-4 VDW =      331.0596  1-4 EEL =     5652.0947  RESTRAINT  =       44.6778
 EAMBER  =    -2622.7126


                    FINAL RESULTS



   NSTEP       ENERGY          RMS            GMAX         NAME    NUMBER
    973      -2.5780E+03     9.4582E-05     1.7866E-03     HD13      332

 BOND    =       30.8809  ANGLE   =      208.1857  DIHED      =     1082.5359
 VDWAALS =     -776.9151  EEL     =    -7346.2041  EGB        =    -1804.3509
 1-4 VDW =      331.0598  1-4 EEL =     5652.0947  RESTRAINT  =       44.6782
 EAMBER  =    -2622.7130

--------------------------------------------------------------------------------
   5.  TIMINGS
--------------------------------------------------------------------------------

|                Calc gb radii             56.65 (20.26% of Gen B)
|                Calc gb diag             104.41 (37.33% of Gen B)
|                Calc gb off-diag         118.60 (42.41% of Gen B)
|             Gen Born time            279.67 (100.0% of Nonbo)
|          Nonbond force            279.67 (99.28% of Force)
|          Bond/Angle/Dihedral        2.01 ( 0.71% of Force)
|          Other                      0.02 ( 0.01% of Force)
|       Force time               281.70 (100.0% of Runmd)
|    Runmd Time               281.70 (99.81% of Total)
|    Other                      0.54 ( 0.19% of Total)
| Total time               282.24 (100.0% of ALL  )

| Number of list builds   :          0

| Highest rstack allocated:          0
| Highest istack allocated:          0
|           Job began  at 13:08:15.265  on 02/03/2016
|           Setup done at 13:08:15.320  on 02/03/2016
|           Run   done at 13:12:57.507  on 02/03/2016
|     wallclock() was called   17542 times
