
          -------------------------------------------------------
          Amber 14 SANDER                              2014
          -------------------------------------------------------

| Run on 02/03/2016 at 12:40:17

|   Executable path: sander
| Working directory: /lustre/cs1500/scratch/kmb413/RealDecoyDisc/DecoyDiscrimination/decoys.set2.init/1aaj/Rosetta_relaxed
|          Hostname: slepner30


File Assignments:
|  MDIN: /scratch/kmb413/RealDecoyDisc/DecoyDiscrimination/scripts/min/min.in  
| MDOUT: NoH_3_empty_tag_1454_0001_0001.out                                    
|INPCRD: NoH_3_empty_tag_1454_0001_0001.rst7                                   
|  PARM: NoH_3_empty_tag_1454_0001_0001.parm7                                  
|RESTRT: min_NoH_3_empty_tag_1454_0001_0001.rst7                               
|  REFC: NoH_3_empty_tag_1454_0001_0001.rst7                                   
| MDVEL: mdvel                                                                 
| MDFRC: mdfrc                                                                 
|  MDEN: mden                                                                  
| MDCRD: mdcrd                                                                 
|MDINFO: mdinfo                                                                
|  MTMD: mtmd                                                                  
|INPDIP: inpdip                                                                
|RSTDIP: rstdip                                                                
|INPTRA: inptraj                                                               


 Here is the input file:

                                                                               
&cntrl                                                                         
    imin = 1, maxcyc=1000,                                                     
    ntx = 1,                                                                   
    ntwr = 100, ntpr = 100,                                                    
    cut = 999.0,                                                               
    ntb = 0, igb = 8,                                                          
    ntr = 1, restraint_wt = 10, restraintmask = "!@H=",                        
/                                                                              

--------------------------------------------------------------------------------
   1.  RESOURCE   USE: 
--------------------------------------------------------------------------------

| Flags:                                                                        
| New format PARM file being parsed.
| Version =    1.000 Date = 02/03/16 Time = 11:49:16
 NATOM  =    1590 NTYPES =      14 NBONH =     791 MBONA  =     820
 NTHETH =    1812 MTHETA =    1115 NPHIH =    3578 MPHIA  =    3525
 NHPARM =       0 NPARM  =       0 NNB   =    8805 NRES   =     104
 NBONA  =     820 NTHETA =    1115 NPHIA =    3525 NUMBND =      65
 NUMANG =     152 NPTRA  =     189 NATYP =      33 NPHB   =       0
 IFBOX  =       0 NMXRS  =      24 IFCAP =       0 NEXTRA =       0
 NCOPY  =       0

 Implicit solvent radii are ArgH and AspGluO modified Bondi2 radii (mbondi3)                                
 Replacing prmtop screening parameters with GBn2 (igb=8) values

|     Memory Use     Allocated
|     Real              145027
|     Hollerith           4876
|     Integer           109197
|     Max Pairs              1
|     nblistReal             0
|     nblist Int             0
|       Total             1578 kbytes

| Note: 1-4 EEL scale factors are being read from the topology file.

| Note: 1-4 VDW scale factors are being read from the topology file.
| Duplicated    0 dihedrals
| Duplicated    0 dihedrals

--------------------------------------------------------------------------------
   2.  CONTROL  DATA  FOR  THE  RUN
--------------------------------------------------------------------------------

default_name                                                                    

General flags:
     imin    =       1, nmropt  =       0

Nature and format of input:
     ntx     =       1, irest   =       0, ntrx    =       1

Nature and format of output:
     ntxo    =       1, ntpr    =     100, ntrx    =       1, ntwr    =     100
     iwrap   =       0, ntwx    =       0, ntwv    =       0, ntwe    =       0
     ioutfm  =       0, ntwprt  =       0, idecomp =       0, rbornstat=      0

Potential function:
     ntf     =       1, ntb     =       0, igb     =       8, nsnb    =      25
     ipol    =       0, gbsa    =       0, iesp    =       0
     dielc   =   1.00000, cut     = 999.00000, intdiel =   1.00000
     saltcon =   0.00000, offset  =   0.19514, surften =   0.00500
     rdt     =   0.00000, rgbmax  =  25.00000  extdiel =  78.50000
     alpb  =        0
     gbalphaH  =   0.78844, gbbetaH   =   0.79870,  gbgammaH  =    0.43733
     gbalphaC  =   0.73376, gbbetaC   =   0.50638,  gbgammaC  =    0.20584
     gbalphaN  =   0.50336, gbbetaN   =   0.31683,  gbgammaN  =    0.19292
     gbalphaOS =   0.86781, gbbetaOS  =   0.87664,  gbgammaOS =    0.38788
     gbalphaP  =   1.00000, gbbetaP   =   0.80000,  gbgammaP  =    4.85000
     gb_alpha_hnu  =   0.53705, gb_beta_hnu   =   0.36286,  gb_gamma_hnu  =    0.11670
     gb_alpha_cnu  =   0.33167, gb_beta_cnu   =   0.19684,  gb_gamma_cnu  =    0.09342
     gb_alpha_nnu  =   0.68631, gb_beta_nnu   =   0.46319,  gb_gamma_nnu  =    0.13872
     gb_alpha_onu  =   0.60634, gb_beta_onu   =   0.46301,  gb_gamma_onu  =    0.14226
     gb_alpha_pnu  =   0.41836, gb_beta_pnu   =   0.29005,  gb_gamma_pnu  =    0.10642

Frozen or restrained atoms:
     ibelly  =       0, ntr     =       1
     restraint_wt =  10.00000

Energy minimization:
     maxcyc  =    1000, ncyc    =      10, ntmin   =       1
     dx0     =   0.01000, drms    =   0.00010
|  INFO: Old style inpcrd file read


    LOADING THE CONSTRAINED ATOMS AS GROUPS


   5.  REFERENCE ATOM COORDINATES

  defa
     Mask !@H=; matches   799 atoms

--------------------------------------------------------------------------------
   3.  ATOMIC COORDINATES AND VELOCITIES
--------------------------------------------------------------------------------

default_name                                                                    
 begin time read from input coords =     0.000 ps

 Number of triangulated 3-point waters found:        0

--------------------------------------------------------------------------------
   4.  RESULTS
--------------------------------------------------------------------------------



   NSTEP       ENERGY          RMS            GMAX         NAME    NUMBER
      1      -2.2234E+03     9.1498E+00     7.0721E+01     OE1       194

 BOND    =       70.2889  ANGLE   =      211.5450  DIHED      =     1063.2372
 VDWAALS =     -662.9773  EEL     =    -7342.1600  EGB        =    -1692.7085
 1-4 VDW =      445.3669  1-4 EEL =     5684.0412  RESTRAINT  =        0.0000


   NSTEP       ENERGY          RMS            GMAX         NAME    NUMBER
    100      -2.5966E+03     3.3268E-01     2.5479E+00     HG1      1389

 BOND    =       31.0575  ANGLE   =      210.0667  DIHED      =     1066.7143
 VDWAALS =     -814.5989  EEL     =    -7350.8968  EGB        =    -1714.8869
 1-4 VDW =      331.5924  1-4 EEL =     5599.5208  RESTRAINT  =       44.8170
 EAMBER  =    -2641.4308


   NSTEP       ENERGY          RMS            GMAX         NAME    NUMBER
    200      -2.6077E+03     1.1848E-01     1.8712E+00     CB        598

 BOND    =       31.0052  ANGLE   =      210.5884  DIHED      =     1064.7001
 VDWAALS =     -816.0740  EEL     =    -7360.6536  EGB        =    -1715.1231
 1-4 VDW =      331.5252  1-4 EEL =     5600.5066  RESTRAINT  =       45.8066
 EAMBER  =    -2653.5252


   NSTEP       ENERGY          RMS            GMAX         NAME    NUMBER
    300      -2.6085E+03     4.1414E-02     5.1821E-01     HG1       635

 BOND    =       30.8849  ANGLE   =      210.0947  DIHED      =     1064.0819
 VDWAALS =     -816.5489  EEL     =    -7361.3878  EGB        =    -1714.9482
 1-4 VDW =      332.0441  1-4 EEL =     5601.5901  RESTRAINT  =       45.7276
 EAMBER  =    -2654.1891


   NSTEP       ENERGY          RMS            GMAX         NAME    NUMBER
    400      -2.6153E+03     5.7444E-02     1.0662E+00     HG1       635

 BOND    =       31.0706  ANGLE   =      210.1799  DIHED      =     1063.5409
 VDWAALS =     -815.1994  EEL     =    -7364.5086  EGB        =    -1718.4089
 1-4 VDW =      331.7501  1-4 EEL =     5600.7382  RESTRAINT  =       45.5504
 EAMBER  =    -2660.8372


   NSTEP       ENERGY          RMS            GMAX         NAME    NUMBER
    500      -2.6154E+03     1.5934E-02     2.2860E-01     C        1588

 BOND    =       30.9346  ANGLE   =      209.8357  DIHED      =     1063.4594
 VDWAALS =     -814.9514  EEL     =    -7364.5253  EGB        =    -1718.5476
 1-4 VDW =      332.1900  1-4 EEL =     5600.9371  RESTRAINT  =       45.2507
 EAMBER  =    -2660.6674

     ... RESTARTED DUE TO LINMIN FAILURE ...


   NSTEP       ENERGY          RMS            GMAX         NAME    NUMBER
    600      -2.6154E+03     1.1023E-03     1.5594E-02     CA        596

 BOND    =       30.9261  ANGLE   =      209.8264  DIHED      =     1063.4566
 VDWAALS =     -814.9487  EEL     =    -7364.5383  EGB        =    -1718.5396
 1-4 VDW =      332.2034  1-4 EEL =     5600.9539  RESTRAINT  =       45.2426
 EAMBER  =    -2660.6602

     ... RESTARTED DUE TO LINMIN FAILURE ...


   NSTEP       ENERGY          RMS            GMAX         NAME    NUMBER
    700      -2.6154E+03     2.6951E-03     4.5349E-02     CD        437

 BOND    =       30.9264  ANGLE   =      209.8258  DIHED      =     1063.4541
 VDWAALS =     -814.9505  EEL     =    -7364.5407  EGB        =    -1718.5373
 1-4 VDW =      332.2032  1-4 EEL =     5600.9555  RESTRAINT  =       45.2457
 EAMBER  =    -2660.6634


                    FINAL RESULTS



   NSTEP       ENERGY          RMS            GMAX         NAME    NUMBER
    769      -2.6154E+03     9.6940E-05     1.3665E-03     HD11      330

 BOND    =       30.9272  ANGLE   =      209.8294  DIHED      =     1063.4540
 VDWAALS =     -814.9537  EEL     =    -7364.5431  EGB        =    -1718.5369
 1-4 VDW =      332.2003  1-4 EEL =     5600.9564  RESTRAINT  =       45.2486
 EAMBER  =    -2660.6663

--------------------------------------------------------------------------------
   5.  TIMINGS
--------------------------------------------------------------------------------

|                Calc gb radii             46.09 (20.42% of Gen B)
|                Calc gb diag              85.64 (37.94% of Gen B)
|                Calc gb off-diag          93.99 (41.64% of Gen B)
|             Gen Born time            225.72 (100.0% of Nonbo)
|          Nonbond force            225.72 (99.29% of Force)
|          Bond/Angle/Dihedral        1.60 ( 0.70% of Force)
|          Other                      0.01 ( 0.01% of Force)
|       Force time               227.33 (100.0% of Runmd)
|    Runmd Time               227.33 (99.73% of Total)
|    Other                      0.61 ( 0.27% of Total)
| Total time               227.95 (100.0% of ALL  )

| Number of list builds   :          0

| Highest rstack allocated:          0
| Highest istack allocated:          0
|           Job began  at 12:40:17.877  on 02/03/2016
|           Setup done at 12:40:17.942  on 02/03/2016
|           Run   done at 12:44:05.827  on 02/03/2016
|     wallclock() was called   13870 times
