
          -------------------------------------------------------
          Amber 14 SANDER                              2014
          -------------------------------------------------------

| Run on 02/03/2016 at 14:05:32

|   Executable path: sander
| Working directory: /lustre/cs1500/scratch/kmb413/RealDecoyDisc/DecoyDiscrimination/decoys.set2.init/1aaj/Rosetta_relaxed
|          Hostname: slepner13


File Assignments:
|  MDIN: /scratch/kmb413/RealDecoyDisc/DecoyDiscrimination/scripts/min/min.in  
| MDOUT: NoH_3_empty_tag_320_0001_0001.out                                     
|INPCRD: NoH_3_empty_tag_320_0001_0001.rst7                                    
|  PARM: NoH_3_empty_tag_320_0001_0001.parm7                                   
|RESTRT: min_NoH_3_empty_tag_320_0001_0001.rst7                                
|  REFC: NoH_3_empty_tag_320_0001_0001.rst7                                    
| MDVEL: mdvel                                                                 
| MDFRC: mdfrc                                                                 
|  MDEN: mden                                                                  
| MDCRD: mdcrd                                                                 
|MDINFO: mdinfo                                                                
|  MTMD: mtmd                                                                  
|INPDIP: inpdip                                                                
|RSTDIP: rstdip                                                                
|INPTRA: inptraj                                                               


 Here is the input file:

                                                                               
&cntrl                                                                         
    imin = 1, maxcyc=1000,                                                     
    ntx = 1,                                                                   
    ntwr = 100, ntpr = 100,                                                    
    cut = 999.0,                                                               
    ntb = 0, igb = 8,                                                          
    ntr = 1, restraint_wt = 10, restraintmask = "!@H=",                        
/                                                                              

--------------------------------------------------------------------------------
   1.  RESOURCE   USE: 
--------------------------------------------------------------------------------

| Flags:                                                                        
| New format PARM file being parsed.
| Version =    1.000 Date = 02/03/16 Time = 11:49:53
 NATOM  =    1590 NTYPES =      14 NBONH =     791 MBONA  =     820
 NTHETH =    1812 MTHETA =    1115 NPHIH =    3578 MPHIA  =    3525
 NHPARM =       0 NPARM  =       0 NNB   =    8805 NRES   =     104
 NBONA  =     820 NTHETA =    1115 NPHIA =    3525 NUMBND =      65
 NUMANG =     152 NPTRA  =     189 NATYP =      33 NPHB   =       0
 IFBOX  =       0 NMXRS  =      24 IFCAP =       0 NEXTRA =       0
 NCOPY  =       0

 Implicit solvent radii are ArgH and AspGluO modified Bondi2 radii (mbondi3)                                
 Replacing prmtop screening parameters with GBn2 (igb=8) values

|     Memory Use     Allocated
|     Real              145027
|     Hollerith           4876
|     Integer           109197
|     Max Pairs              1
|     nblistReal             0
|     nblist Int             0
|       Total             1578 kbytes

| Note: 1-4 EEL scale factors are being read from the topology file.

| Note: 1-4 VDW scale factors are being read from the topology file.
| Duplicated    0 dihedrals
| Duplicated    0 dihedrals

--------------------------------------------------------------------------------
   2.  CONTROL  DATA  FOR  THE  RUN
--------------------------------------------------------------------------------

default_name                                                                    

General flags:
     imin    =       1, nmropt  =       0

Nature and format of input:
     ntx     =       1, irest   =       0, ntrx    =       1

Nature and format of output:
     ntxo    =       1, ntpr    =     100, ntrx    =       1, ntwr    =     100
     iwrap   =       0, ntwx    =       0, ntwv    =       0, ntwe    =       0
     ioutfm  =       0, ntwprt  =       0, idecomp =       0, rbornstat=      0

Potential function:
     ntf     =       1, ntb     =       0, igb     =       8, nsnb    =      25
     ipol    =       0, gbsa    =       0, iesp    =       0
     dielc   =   1.00000, cut     = 999.00000, intdiel =   1.00000
     saltcon =   0.00000, offset  =   0.19514, surften =   0.00500
     rdt     =   0.00000, rgbmax  =  25.00000  extdiel =  78.50000
     alpb  =        0
     gbalphaH  =   0.78844, gbbetaH   =   0.79870,  gbgammaH  =    0.43733
     gbalphaC  =   0.73376, gbbetaC   =   0.50638,  gbgammaC  =    0.20584
     gbalphaN  =   0.50336, gbbetaN   =   0.31683,  gbgammaN  =    0.19292
     gbalphaOS =   0.86781, gbbetaOS  =   0.87664,  gbgammaOS =    0.38788
     gbalphaP  =   1.00000, gbbetaP   =   0.80000,  gbgammaP  =    4.85000
     gb_alpha_hnu  =   0.53705, gb_beta_hnu   =   0.36286,  gb_gamma_hnu  =    0.11670
     gb_alpha_cnu  =   0.33167, gb_beta_cnu   =   0.19684,  gb_gamma_cnu  =    0.09342
     gb_alpha_nnu  =   0.68631, gb_beta_nnu   =   0.46319,  gb_gamma_nnu  =    0.13872
     gb_alpha_onu  =   0.60634, gb_beta_onu   =   0.46301,  gb_gamma_onu  =    0.14226
     gb_alpha_pnu  =   0.41836, gb_beta_pnu   =   0.29005,  gb_gamma_pnu  =    0.10642

Frozen or restrained atoms:
     ibelly  =       0, ntr     =       1
     restraint_wt =  10.00000

Energy minimization:
     maxcyc  =    1000, ncyc    =      10, ntmin   =       1
     dx0     =   0.01000, drms    =   0.00010
|  INFO: Old style inpcrd file read


    LOADING THE CONSTRAINED ATOMS AS GROUPS


   5.  REFERENCE ATOM COORDINATES

  defa
     Mask !@H=; matches   799 atoms

--------------------------------------------------------------------------------
   3.  ATOMIC COORDINATES AND VELOCITIES
--------------------------------------------------------------------------------

default_name                                                                    
 begin time read from input coords =     0.000 ps

 Number of triangulated 3-point waters found:        0

--------------------------------------------------------------------------------
   4.  RESULTS
--------------------------------------------------------------------------------



   NSTEP       ENERGY          RMS            GMAX         NAME    NUMBER
      1      -2.2181E+03     9.0137E+00     6.2442E+01     OE1       194

 BOND    =       69.2636  ANGLE   =      210.9355  DIHED      =     1077.4319
 VDWAALS =     -671.0639  EEL     =    -7457.5806  EGB        =    -1589.0605
 1-4 VDW =      437.9431  1-4 EEL =     5704.0048  RESTRAINT  =        0.0000


   NSTEP       ENERGY          RMS            GMAX         NAME    NUMBER
    100      -2.5788E+03     4.4421E-01     5.3651E+00     HG         90

 BOND    =       31.1530  ANGLE   =      207.7275  DIHED      =     1076.9222
 VDWAALS =     -807.7205  EEL     =    -7470.2593  EGB        =    -1613.5661
 1-4 VDW =      330.7131  1-4 EEL =     5621.2891  RESTRAINT  =       44.9597
 EAMBER  =    -2623.7411


   NSTEP       ENERGY          RMS            GMAX         NAME    NUMBER
    200      -2.5910E+03     1.3298E-01     1.6716E+00     HG1       605

 BOND    =       30.9825  ANGLE   =      207.7592  DIHED      =     1074.6261
 VDWAALS =     -807.1041  EEL     =    -7478.0493  EGB        =    -1614.7933
 1-4 VDW =      331.6681  1-4 EEL =     5619.2880  RESTRAINT  =       44.6284
 EAMBER  =    -2635.6227


   NSTEP       ENERGY          RMS            GMAX         NAME    NUMBER
    300      -2.5915E+03     1.7756E-02     2.6444E-01     CA        596

 BOND    =       30.8877  ANGLE   =      207.8231  DIHED      =     1073.8616
 VDWAALS =     -807.4117  EEL     =    -7478.7579  EGB        =    -1614.3654
 1-4 VDW =      331.8713  1-4 EEL =     5619.9242  RESTRAINT  =       44.6519
 EAMBER  =    -2636.1670


   NSTEP       ENERGY          RMS            GMAX         NAME    NUMBER
    400      -2.5915E+03     3.9020E-03     5.3470E-02     HB        599

 BOND    =       30.8661  ANGLE   =      207.8054  DIHED      =     1073.7714
 VDWAALS =     -807.4636  EEL     =    -7478.8715  EGB        =    -1614.2764
 1-4 VDW =      331.9362  1-4 EEL =     5620.0035  RESTRAINT  =       44.6914
 EAMBER  =    -2636.2290


   NSTEP       ENERGY          RMS            GMAX         NAME    NUMBER
    500      -2.5915E+03     2.5195E-03     3.5831E-02     HB        599

 BOND    =       30.8583  ANGLE   =      207.7834  DIHED      =     1073.7565
 VDWAALS =     -807.4656  EEL     =    -7478.9979  EGB        =    -1614.2054
 1-4 VDW =      331.9611  1-4 EEL =     5620.0578  RESTRAINT  =       44.7091
 EAMBER  =    -2636.2518


   NSTEP       ENERGY          RMS            GMAX         NAME    NUMBER
    600      -2.5915E+03     4.0367E-03     3.8244E-02     CB        320

 BOND    =       30.8573  ANGLE   =      207.7873  DIHED      =     1073.7507
 VDWAALS =     -807.4624  EEL     =    -7479.1587  EGB        =    -1614.1135
 1-4 VDW =      331.9599  1-4 EEL =     5620.1079  RESTRAINT  =       44.7262
 EAMBER  =    -2636.2715


   NSTEP       ENERGY          RMS            GMAX         NAME    NUMBER
    700      -2.5916E+03     4.8716E-02     9.2307E-01     CD        944

 BOND    =       30.8333  ANGLE   =      207.7553  DIHED      =     1073.8554
 VDWAALS =     -807.4804  EEL     =    -7480.3300  EGB        =    -1613.3237
 1-4 VDW =      332.0175  1-4 EEL =     5620.3602  RESTRAINT  =       44.7220
 EAMBER  =    -2636.3124


   NSTEP       ENERGY          RMS            GMAX         NAME    NUMBER
    800      -2.5991E+03     5.5376E-02     1.0627E+00     OG       1179

 BOND    =       30.9812  ANGLE   =      207.6999  DIHED      =     1072.9240
 VDWAALS =     -806.1325  EEL     =    -7491.3305  EGB        =    -1610.7723
 1-4 VDW =      332.1086  1-4 EEL =     5620.9718  RESTRAINT  =       44.4279
 EAMBER  =    -2643.5498


   NSTEP       ENERGY          RMS            GMAX         NAME    NUMBER
    900      -2.5992E+03     4.2034E-03     7.5197E-02     CD        729

 BOND    =       31.0151  ANGLE   =      207.7203  DIHED      =     1072.9621
 VDWAALS =     -806.0672  EEL     =    -7491.7070  EGB        =    -1610.7119
 1-4 VDW =      332.0801  1-4 EEL =     5621.0787  RESTRAINT  =       44.4709
 EAMBER  =    -2643.6298


   NSTEP       ENERGY          RMS            GMAX         NAME    NUMBER
   1000      -2.5992E+03     4.0457E-04     5.3004E-03     CA        626

 BOND    =       31.0161  ANGLE   =      207.7228  DIHED      =     1072.9640
 VDWAALS =     -806.0654  EEL     =    -7491.7338  EGB        =    -1610.7022
 1-4 VDW =      332.0788  1-4 EEL =     5621.0842  RESTRAINT  =       44.4760
 EAMBER  =    -2643.6353


  Maximum number of minimization cycles reached.


                    FINAL RESULTS



   NSTEP       ENERGY          RMS            GMAX         NAME    NUMBER
   1000      -2.5992E+03     4.0457E-04     5.3004E-03     CA        626

 BOND    =       31.0161  ANGLE   =      207.7228  DIHED      =     1072.9640
 VDWAALS =     -806.0654  EEL     =    -7491.7338  EGB        =    -1610.7022
 1-4 VDW =      332.0788  1-4 EEL =     5621.0842  RESTRAINT  =       44.4760
 EAMBER  =    -2643.6353

--------------------------------------------------------------------------------
   5.  TIMINGS
--------------------------------------------------------------------------------

|                Calc gb radii             59.47 (20.23% of Gen B)
|                Calc gb diag             110.49 (37.58% of Gen B)
|                Calc gb off-diag         124.02 (42.19% of Gen B)
|             Gen Born time            293.98 (100.0% of Nonbo)
|          Nonbond force            293.98 (99.30% of Force)
|          Bond/Angle/Dihedral        2.06 ( 0.70% of Force)
|          Other                      0.02 ( 0.01% of Force)
|       Force time               296.06 (100.0% of Runmd)
|    Runmd Time               296.06 (99.78% of Total)
|    Other                      0.65 ( 0.22% of Total)
| Total time               296.71 (100.0% of ALL  )

| Number of list builds   :          0

| Highest rstack allocated:          0
| Highest istack allocated:          0
|           Job began  at 14:05:32.459  on 02/03/2016
|           Setup done at 14:05:32.552  on 02/03/2016
|           Run   done at 14:10:29.172  on 02/03/2016
|     wallclock() was called   18028 times
