
          -------------------------------------------------------
          Amber 14 SANDER                              2014
          -------------------------------------------------------

| Run on 02/03/2016 at 13:10:40

|   Executable path: sander
| Working directory: /lustre/cs1500/scratch/kmb413/RealDecoyDisc/DecoyDiscrimination/decoys.set2.init/1aaj/Rosetta_relaxed
|          Hostname: slepner30


File Assignments:
|  MDIN: /scratch/kmb413/RealDecoyDisc/DecoyDiscrimination/scripts/min/min.in  
| MDOUT: NoH_3_empty_tag_150_0001_0001.out                                     
|INPCRD: NoH_3_empty_tag_150_0001_0001.rst7                                    
|  PARM: NoH_3_empty_tag_150_0001_0001.parm7                                   
|RESTRT: min_NoH_3_empty_tag_150_0001_0001.rst7                                
|  REFC: NoH_3_empty_tag_150_0001_0001.rst7                                    
| MDVEL: mdvel                                                                 
| MDFRC: mdfrc                                                                 
|  MDEN: mden                                                                  
| MDCRD: mdcrd                                                                 
|MDINFO: mdinfo                                                                
|  MTMD: mtmd                                                                  
|INPDIP: inpdip                                                                
|RSTDIP: rstdip                                                                
|INPTRA: inptraj                                                               


 Here is the input file:

                                                                               
&cntrl                                                                         
    imin = 1, maxcyc=1000,                                                     
    ntx = 1,                                                                   
    ntwr = 100, ntpr = 100,                                                    
    cut = 999.0,                                                               
    ntb = 0, igb = 8,                                                          
    ntr = 1, restraint_wt = 10, restraintmask = "!@H=",                        
/                                                                              

--------------------------------------------------------------------------------
   1.  RESOURCE   USE: 
--------------------------------------------------------------------------------

| Flags:                                                                        
| New format PARM file being parsed.
| Version =    1.000 Date = 02/03/16 Time = 11:49:19
 NATOM  =    1590 NTYPES =      14 NBONH =     791 MBONA  =     820
 NTHETH =    1812 MTHETA =    1115 NPHIH =    3578 MPHIA  =    3525
 NHPARM =       0 NPARM  =       0 NNB   =    8805 NRES   =     104
 NBONA  =     820 NTHETA =    1115 NPHIA =    3525 NUMBND =      65
 NUMANG =     152 NPTRA  =     189 NATYP =      33 NPHB   =       0
 IFBOX  =       0 NMXRS  =      24 IFCAP =       0 NEXTRA =       0
 NCOPY  =       0

 Implicit solvent radii are ArgH and AspGluO modified Bondi2 radii (mbondi3)                                
 Replacing prmtop screening parameters with GBn2 (igb=8) values

|     Memory Use     Allocated
|     Real              145027
|     Hollerith           4876
|     Integer           109197
|     Max Pairs              1
|     nblistReal             0
|     nblist Int             0
|       Total             1578 kbytes

| Note: 1-4 EEL scale factors are being read from the topology file.

| Note: 1-4 VDW scale factors are being read from the topology file.
| Duplicated    0 dihedrals
| Duplicated    0 dihedrals

--------------------------------------------------------------------------------
   2.  CONTROL  DATA  FOR  THE  RUN
--------------------------------------------------------------------------------

default_name                                                                    

General flags:
     imin    =       1, nmropt  =       0

Nature and format of input:
     ntx     =       1, irest   =       0, ntrx    =       1

Nature and format of output:
     ntxo    =       1, ntpr    =     100, ntrx    =       1, ntwr    =     100
     iwrap   =       0, ntwx    =       0, ntwv    =       0, ntwe    =       0
     ioutfm  =       0, ntwprt  =       0, idecomp =       0, rbornstat=      0

Potential function:
     ntf     =       1, ntb     =       0, igb     =       8, nsnb    =      25
     ipol    =       0, gbsa    =       0, iesp    =       0
     dielc   =   1.00000, cut     = 999.00000, intdiel =   1.00000
     saltcon =   0.00000, offset  =   0.19514, surften =   0.00500
     rdt     =   0.00000, rgbmax  =  25.00000  extdiel =  78.50000
     alpb  =        0
     gbalphaH  =   0.78844, gbbetaH   =   0.79870,  gbgammaH  =    0.43733
     gbalphaC  =   0.73376, gbbetaC   =   0.50638,  gbgammaC  =    0.20584
     gbalphaN  =   0.50336, gbbetaN   =   0.31683,  gbgammaN  =    0.19292
     gbalphaOS =   0.86781, gbbetaOS  =   0.87664,  gbgammaOS =    0.38788
     gbalphaP  =   1.00000, gbbetaP   =   0.80000,  gbgammaP  =    4.85000
     gb_alpha_hnu  =   0.53705, gb_beta_hnu   =   0.36286,  gb_gamma_hnu  =    0.11670
     gb_alpha_cnu  =   0.33167, gb_beta_cnu   =   0.19684,  gb_gamma_cnu  =    0.09342
     gb_alpha_nnu  =   0.68631, gb_beta_nnu   =   0.46319,  gb_gamma_nnu  =    0.13872
     gb_alpha_onu  =   0.60634, gb_beta_onu   =   0.46301,  gb_gamma_onu  =    0.14226
     gb_alpha_pnu  =   0.41836, gb_beta_pnu   =   0.29005,  gb_gamma_pnu  =    0.10642

Frozen or restrained atoms:
     ibelly  =       0, ntr     =       1
     restraint_wt =  10.00000

Energy minimization:
     maxcyc  =    1000, ncyc    =      10, ntmin   =       1
     dx0     =   0.01000, drms    =   0.00010
|  INFO: Old style inpcrd file read


    LOADING THE CONSTRAINED ATOMS AS GROUPS


   5.  REFERENCE ATOM COORDINATES

  defa
     Mask !@H=; matches   799 atoms

--------------------------------------------------------------------------------
   3.  ATOMIC COORDINATES AND VELOCITIES
--------------------------------------------------------------------------------

default_name                                                                    
 begin time read from input coords =     0.000 ps

 Number of triangulated 3-point waters found:        0

--------------------------------------------------------------------------------
   4.  RESULTS
--------------------------------------------------------------------------------



   NSTEP       ENERGY          RMS            GMAX         NAME    NUMBER
      1      -2.2321E+03     9.1011E+00     6.1202E+01     OE1       730

 BOND    =       68.9245  ANGLE   =      211.5545  DIHED      =     1075.4789
 VDWAALS =     -653.3594  EEL     =    -7431.9472  EGB        =    -1633.7621
 1-4 VDW =      441.1194  1-4 EEL =     5689.9093  RESTRAINT  =        0.0000


   NSTEP       ENERGY          RMS            GMAX         NAME    NUMBER
    100      -2.5939E+03     3.6371E-01     3.4067E+00     CE2       650

 BOND    =       30.8148  ANGLE   =      208.6785  DIHED      =     1078.1710
 VDWAALS =     -804.3050  EEL     =    -7430.6178  EGB        =    -1650.8292
 1-4 VDW =      331.3681  1-4 EEL =     5599.8232  RESTRAINT  =       42.9474
 EAMBER  =    -2636.8963


   NSTEP       ENERGY          RMS            GMAX         NAME    NUMBER
    200      -2.6049E+03     1.3167E-01     1.4977E+00     CB        628

 BOND    =       30.4640  ANGLE   =      208.3517  DIHED      =     1075.2609
 VDWAALS =     -806.0195  EEL     =    -7442.5916  EGB        =    -1647.3769
 1-4 VDW =      332.2179  1-4 EEL =     5601.1477  RESTRAINT  =       43.6216
 EAMBER  =    -2648.5457


   NSTEP       ENERGY          RMS            GMAX         NAME    NUMBER
    300      -2.6058E+03     1.3426E-02     1.8124E-01     H3          4

 BOND    =       30.3128  ANGLE   =      208.1492  DIHED      =     1074.2589
 VDWAALS =     -806.3327  EEL     =    -7442.2367  EGB        =    -1647.5742
 1-4 VDW =      332.5767  1-4 EEL =     5601.5361  RESTRAINT  =       43.5387
 EAMBER  =    -2649.3099


   NSTEP       ENERGY          RMS            GMAX         NAME    NUMBER
    400      -2.6082E+03     3.3476E-01     8.0055E+00     HG1       605

 BOND    =       31.3432  ANGLE   =      210.6323  DIHED      =     1075.3168
 VDWAALS =     -807.2277  EEL     =    -7445.2727  EGB        =    -1648.7142
 1-4 VDW =      330.3047  1-4 EEL =     5600.1623  RESTRAINT  =       45.2434
 EAMBER  =    -2653.4553


   NSTEP       ENERGY          RMS            GMAX         NAME    NUMBER
    500      -2.6124E+03     2.1722E-02     2.6639E-01     HG1       605

 BOND    =       30.3946  ANGLE   =      208.2658  DIHED      =     1073.6002
 VDWAALS =     -804.9336  EEL     =    -7448.2834  EGB        =    -1649.0240
 1-4 VDW =      332.6003  1-4 EEL =     5601.9616  RESTRAINT  =       43.0602
 EAMBER  =    -2655.4186


   NSTEP       ENERGY          RMS            GMAX         NAME    NUMBER
    600      -2.6124E+03     2.3828E-03     2.8936E-02     HG1       605

 BOND    =       30.3754  ANGLE   =      208.1761  DIHED      =     1073.6071
 VDWAALS =     -804.8806  EEL     =    -7448.3032  EGB        =    -1649.0694
 1-4 VDW =      332.7049  1-4 EEL =     5602.0362  RESTRAINT  =       42.9881
 EAMBER  =    -2655.3535


   NSTEP       ENERGY          RMS            GMAX         NAME    NUMBER
    700      -2.6124E+03     2.5290E-04     3.3715E-03     CA        596

 BOND    =       30.3716  ANGLE   =      208.1702  DIHED      =     1073.6078
 VDWAALS =     -804.8734  EEL     =    -7448.2987  EGB        =    -1649.0743
 1-4 VDW =      332.7171  1-4 EEL =     5602.0352  RESTRAINT  =       42.9792
 EAMBER  =    -2655.3448


                    FINAL RESULTS



   NSTEP       ENERGY          RMS            GMAX         NAME    NUMBER
    745      -2.6124E+03     9.7882E-05     9.8835E-04     CA        596

 BOND    =       30.3715  ANGLE   =      208.1699  DIHED      =     1073.6082
 VDWAALS =     -804.8739  EEL     =    -7448.2990  EGB        =    -1649.0746
 1-4 VDW =      332.7174  1-4 EEL =     5602.0358  RESTRAINT  =       42.9793
 EAMBER  =    -2655.3448

--------------------------------------------------------------------------------
   5.  TIMINGS
--------------------------------------------------------------------------------

|                Calc gb radii             44.50 (20.04% of Gen B)
|                Calc gb diag              85.24 (38.38% of Gen B)
|                Calc gb off-diag          92.36 (41.58% of Gen B)
|             Gen Born time            222.11 (100.0% of Nonbo)
|          Nonbond force            222.11 (99.31% of Force)
|          Bond/Angle/Dihedral        1.54 ( 0.69% of Force)
|          Other                      0.01 ( 0.01% of Force)
|       Force time               223.66 (100.0% of Runmd)
|    Runmd Time               223.66 (99.70% of Total)
|    Other                      0.67 ( 0.30% of Total)
| Total time               224.34 (100.0% of ALL  )

| Number of list builds   :          0

| Highest rstack allocated:          0
| Highest istack allocated:          0
|           Job began  at 13:10:40.357  on 02/03/2016
|           Setup done at 13:10:40.426  on 02/03/2016
|           Run   done at 13:14:24.693  on 02/03/2016
|     wallclock() was called   13438 times
