
          -------------------------------------------------------
          Amber 14 SANDER                              2014
          -------------------------------------------------------

| Run on 02/03/2016 at 14:28:21

|   Executable path: sander
| Working directory: /lustre/cs1500/scratch/kmb413/RealDecoyDisc/DecoyDiscrimination/decoys.set2.init/1aaj/Rosetta_relaxed
|          Hostname: slepner30


File Assignments:
|  MDIN: /scratch/kmb413/RealDecoyDisc/DecoyDiscrimination/scripts/min/min.in  
| MDOUT: NoH_3_empty_tag_1_572_0001.out                                        
|INPCRD: NoH_3_empty_tag_1_572_0001.rst7                                       
|  PARM: NoH_3_empty_tag_1_572_0001.parm7                                      
|RESTRT: min_NoH_3_empty_tag_1_572_0001.rst7                                   
|  REFC: NoH_3_empty_tag_1_572_0001.rst7                                       
| MDVEL: mdvel                                                                 
| MDFRC: mdfrc                                                                 
|  MDEN: mden                                                                  
| MDCRD: mdcrd                                                                 
|MDINFO: mdinfo                                                                
|  MTMD: mtmd                                                                  
|INPDIP: inpdip                                                                
|RSTDIP: rstdip                                                                
|INPTRA: inptraj                                                               


 Here is the input file:

                                                                               
&cntrl                                                                         
    imin = 1, maxcyc=1000,                                                     
    ntx = 1,                                                                   
    ntwr = 100, ntpr = 100,                                                    
    cut = 999.0,                                                               
    ntb = 0, igb = 8,                                                          
    ntr = 1, restraint_wt = 10, restraintmask = "!@H=",                        
/                                                                              

--------------------------------------------------------------------------------
   1.  RESOURCE   USE: 
--------------------------------------------------------------------------------

| Flags:                                                                        
| New format PARM file being parsed.
| Version =    1.000 Date = 02/03/16 Time = 11:49:25
 NATOM  =    1590 NTYPES =      14 NBONH =     791 MBONA  =     820
 NTHETH =    1812 MTHETA =    1115 NPHIH =    3578 MPHIA  =    3525
 NHPARM =       0 NPARM  =       0 NNB   =    8805 NRES   =     104
 NBONA  =     820 NTHETA =    1115 NPHIA =    3525 NUMBND =      65
 NUMANG =     152 NPTRA  =     189 NATYP =      33 NPHB   =       0
 IFBOX  =       0 NMXRS  =      24 IFCAP =       0 NEXTRA =       0
 NCOPY  =       0

 Implicit solvent radii are ArgH and AspGluO modified Bondi2 radii (mbondi3)                                
 Replacing prmtop screening parameters with GBn2 (igb=8) values

|     Memory Use     Allocated
|     Real              145027
|     Hollerith           4876
|     Integer           109197
|     Max Pairs              1
|     nblistReal             0
|     nblist Int             0
|       Total             1578 kbytes

| Note: 1-4 EEL scale factors are being read from the topology file.

| Note: 1-4 VDW scale factors are being read from the topology file.
| Duplicated    0 dihedrals
| Duplicated    0 dihedrals

--------------------------------------------------------------------------------
   2.  CONTROL  DATA  FOR  THE  RUN
--------------------------------------------------------------------------------

default_name                                                                    

General flags:
     imin    =       1, nmropt  =       0

Nature and format of input:
     ntx     =       1, irest   =       0, ntrx    =       1

Nature and format of output:
     ntxo    =       1, ntpr    =     100, ntrx    =       1, ntwr    =     100
     iwrap   =       0, ntwx    =       0, ntwv    =       0, ntwe    =       0
     ioutfm  =       0, ntwprt  =       0, idecomp =       0, rbornstat=      0

Potential function:
     ntf     =       1, ntb     =       0, igb     =       8, nsnb    =      25
     ipol    =       0, gbsa    =       0, iesp    =       0
     dielc   =   1.00000, cut     = 999.00000, intdiel =   1.00000
     saltcon =   0.00000, offset  =   0.19514, surften =   0.00500
     rdt     =   0.00000, rgbmax  =  25.00000  extdiel =  78.50000
     alpb  =        0
     gbalphaH  =   0.78844, gbbetaH   =   0.79870,  gbgammaH  =    0.43733
     gbalphaC  =   0.73376, gbbetaC   =   0.50638,  gbgammaC  =    0.20584
     gbalphaN  =   0.50336, gbbetaN   =   0.31683,  gbgammaN  =    0.19292
     gbalphaOS =   0.86781, gbbetaOS  =   0.87664,  gbgammaOS =    0.38788
     gbalphaP  =   1.00000, gbbetaP   =   0.80000,  gbgammaP  =    4.85000
     gb_alpha_hnu  =   0.53705, gb_beta_hnu   =   0.36286,  gb_gamma_hnu  =    0.11670
     gb_alpha_cnu  =   0.33167, gb_beta_cnu   =   0.19684,  gb_gamma_cnu  =    0.09342
     gb_alpha_nnu  =   0.68631, gb_beta_nnu   =   0.46319,  gb_gamma_nnu  =    0.13872
     gb_alpha_onu  =   0.60634, gb_beta_onu   =   0.46301,  gb_gamma_onu  =    0.14226
     gb_alpha_pnu  =   0.41836, gb_beta_pnu   =   0.29005,  gb_gamma_pnu  =    0.10642

Frozen or restrained atoms:
     ibelly  =       0, ntr     =       1
     restraint_wt =  10.00000

Energy minimization:
     maxcyc  =    1000, ncyc    =      10, ntmin   =       1
     dx0     =   0.01000, drms    =   0.00010
|  INFO: Old style inpcrd file read


    LOADING THE CONSTRAINED ATOMS AS GROUPS


   5.  REFERENCE ATOM COORDINATES

  defa
     Mask !@H=; matches   799 atoms

--------------------------------------------------------------------------------
   3.  ATOMIC COORDINATES AND VELOCITIES
--------------------------------------------------------------------------------

default_name                                                                    
 begin time read from input coords =     0.000 ps

 Number of triangulated 3-point waters found:        0

--------------------------------------------------------------------------------
   4.  RESULTS
--------------------------------------------------------------------------------



   NSTEP       ENERGY          RMS            GMAX         NAME    NUMBER
      1      -2.1863E+03     9.3116E+00     7.0392E+01     OXT      1590

 BOND    =       71.7737  ANGLE   =      212.5116  DIHED      =     1071.8078
 VDWAALS =     -628.7236  EEL     =    -7146.5092  EGB        =    -1901.7440
 1-4 VDW =      442.7226  1-4 EEL =     5691.8975  RESTRAINT  =        0.0000


   NSTEP       ENERGY          RMS            GMAX         NAME    NUMBER
    100      -2.5741E+03     3.4322E-01     2.8423E+00     HG1      1389

 BOND    =       32.0896  ANGLE   =      210.7746  DIHED      =     1076.3343
 VDWAALS =     -797.3826  EEL     =    -7141.8132  EGB        =    -1927.6010
 1-4 VDW =      329.1445  1-4 EEL =     5599.8461  RESTRAINT  =       44.4604
 EAMBER  =    -2618.6077


   NSTEP       ENERGY          RMS            GMAX         NAME    NUMBER
    200      -2.5811E+03     8.4907E-02     8.2388E-01     H3          4

 BOND    =       31.6376  ANGLE   =      210.4254  DIHED      =     1073.5909
 VDWAALS =     -800.1942  EEL     =    -7149.6214  EGB        =    -1923.7008
 1-4 VDW =      329.9554  1-4 EEL =     5601.2225  RESTRAINT  =       45.5842
 EAMBER  =    -2626.6846


   NSTEP       ENERGY          RMS            GMAX         NAME    NUMBER
    300      -2.5817E+03     2.6807E-01     1.0424E+01     OG1       604

 BOND    =       31.9235  ANGLE   =      210.4751  DIHED      =     1073.9314
 VDWAALS =     -801.0457  EEL     =    -7150.3488  EGB        =    -1923.8507
 1-4 VDW =      330.1049  1-4 EEL =     5601.1882  RESTRAINT  =       45.9526
 EAMBER  =    -2627.6222


   NSTEP       ENERGY          RMS            GMAX         NAME    NUMBER
    400      -2.5867E+03     4.1051E-02     5.7955E-01     HG1       605

 BOND    =       31.5051  ANGLE   =      210.2087  DIHED      =     1073.0249
 VDWAALS =     -799.4946  EEL     =    -7154.8421  EGB        =    -1924.7553
 1-4 VDW =      330.6718  1-4 EEL =     5601.7786  RESTRAINT  =       45.1987
 EAMBER  =    -2631.9028


   NSTEP       ENERGY          RMS            GMAX         NAME    NUMBER
    500      -2.5867E+03     8.9047E-03     8.5254E-02     CB        598

 BOND    =       31.4978  ANGLE   =      210.1178  DIHED      =     1073.1008
 VDWAALS =     -799.4882  EEL     =    -7154.7016  EGB        =    -1925.0132
 1-4 VDW =      330.7724  1-4 EEL =     5601.8311  RESTRAINT  =       45.1543
 EAMBER  =    -2631.8831


   NSTEP       ENERGY          RMS            GMAX         NAME    NUMBER
    600      -2.5867E+03     1.2388E-03     1.7189E-02     CB        598

 BOND    =       31.4900  ANGLE   =      210.1021  DIHED      =     1073.1206
 VDWAALS =     -799.4746  EEL     =    -7154.6622  EGB        =    -1925.0912
 1-4 VDW =      330.8006  1-4 EEL =     5601.8506  RESTRAINT  =       45.1340
 EAMBER  =    -2631.8640


   NSTEP       ENERGY          RMS            GMAX         NAME    NUMBER
    700      -2.5867E+03     5.1599E-04     5.6888E-03     CD       1260

 BOND    =       31.4881  ANGLE   =      210.0979  DIHED      =     1073.1300
 VDWAALS =     -799.4744  EEL     =    -7154.6342  EGB        =    -1925.1308
 1-4 VDW =      330.8074  1-4 EEL =     5601.8554  RESTRAINT  =       45.1304
 EAMBER  =    -2631.8605


   NSTEP       ENERGY          RMS            GMAX         NAME    NUMBER
    800      -2.5867E+03     1.1893E-04     2.2316E-03     HG1       635

 BOND    =       31.4884  ANGLE   =      210.0968  DIHED      =     1073.1319
 VDWAALS =     -799.4746  EEL     =    -7154.6263  EGB        =    -1925.1380
 1-4 VDW =      330.8078  1-4 EEL =     5601.8537  RESTRAINT  =       45.1301
 EAMBER  =    -2631.8602


                    FINAL RESULTS



   NSTEP       ENERGY          RMS            GMAX         NAME    NUMBER
    822      -2.5867E+03     9.6323E-05     2.0692E-03     HG1       635

 BOND    =       31.4884  ANGLE   =      210.0966  DIHED      =     1073.1323
 VDWAALS =     -799.4747  EEL     =    -7154.6243  EGB        =    -1925.1398
 1-4 VDW =      330.8079  1-4 EEL =     5601.8532  RESTRAINT  =       45.1301
 EAMBER  =    -2631.8602

--------------------------------------------------------------------------------
   5.  TIMINGS
--------------------------------------------------------------------------------

|                Calc gb radii             47.82 (20.25% of Gen B)
|                Calc gb diag              88.39 (37.43% of Gen B)
|                Calc gb off-diag          99.95 (42.32% of Gen B)
|             Gen Born time            236.16 (100.0% of Nonbo)
|          Nonbond force            236.16 (99.27% of Force)
|          Bond/Angle/Dihedral        1.71 ( 0.72% of Force)
|          Other                      0.01 ( 0.01% of Force)
|       Force time               237.89 (100.0% of Runmd)
|    Runmd Time               237.89 (99.61% of Total)
|    Other                      0.94 ( 0.39% of Total)
| Total time               238.83 (100.0% of ALL  )

| Number of list builds   :          0

| Highest rstack allocated:          0
| Highest istack allocated:          0
|           Job began  at 14:28:21.483  on 02/03/2016
|           Setup done at 14:28:21.533  on 02/03/2016
|           Run   done at 14:32:20.313  on 02/03/2016
|     wallclock() was called   14824 times
