
          -------------------------------------------------------
          Amber 14 SANDER                              2014
          -------------------------------------------------------

| Run on 02/03/2016 at 13:25:05

|   Executable path: sander
| Working directory: /lustre/cs1500/scratch/kmb413/RealDecoyDisc/DecoyDiscrimination/decoys.set2.init/1aaj/Rosetta_relaxed
|          Hostname: slepner30


File Assignments:
|  MDIN: /scratch/kmb413/RealDecoyDisc/DecoyDiscrimination/scripts/min/min.in  
| MDOUT: NoH_2_empty_tag_461_0001_0001.out                                     
|INPCRD: NoH_2_empty_tag_461_0001_0001.rst7                                    
|  PARM: NoH_2_empty_tag_461_0001_0001.parm7                                   
|RESTRT: min_NoH_2_empty_tag_461_0001_0001.rst7                                
|  REFC: NoH_2_empty_tag_461_0001_0001.rst7                                    
| MDVEL: mdvel                                                                 
| MDFRC: mdfrc                                                                 
|  MDEN: mden                                                                  
| MDCRD: mdcrd                                                                 
|MDINFO: mdinfo                                                                
|  MTMD: mtmd                                                                  
|INPDIP: inpdip                                                                
|RSTDIP: rstdip                                                                
|INPTRA: inptraj                                                               


 Here is the input file:

                                                                               
&cntrl                                                                         
    imin = 1, maxcyc=1000,                                                     
    ntx = 1,                                                                   
    ntwr = 100, ntpr = 100,                                                    
    cut = 999.0,                                                               
    ntb = 0, igb = 8,                                                          
    ntr = 1, restraint_wt = 10, restraintmask = "!@H=",                        
/                                                                              

--------------------------------------------------------------------------------
   1.  RESOURCE   USE: 
--------------------------------------------------------------------------------

| Flags:                                                                        
| New format PARM file being parsed.
| Version =    1.000 Date = 02/03/16 Time = 11:48:06
 NATOM  =    1590 NTYPES =      14 NBONH =     791 MBONA  =     820
 NTHETH =    1812 MTHETA =    1115 NPHIH =    3578 MPHIA  =    3525
 NHPARM =       0 NPARM  =       0 NNB   =    8805 NRES   =     104
 NBONA  =     820 NTHETA =    1115 NPHIA =    3525 NUMBND =      65
 NUMANG =     152 NPTRA  =     189 NATYP =      33 NPHB   =       0
 IFBOX  =       0 NMXRS  =      24 IFCAP =       0 NEXTRA =       0
 NCOPY  =       0

 Implicit solvent radii are ArgH and AspGluO modified Bondi2 radii (mbondi3)                                
 Replacing prmtop screening parameters with GBn2 (igb=8) values

|     Memory Use     Allocated
|     Real              145027
|     Hollerith           4876
|     Integer           109197
|     Max Pairs              1
|     nblistReal             0
|     nblist Int             0
|       Total             1578 kbytes

| Note: 1-4 EEL scale factors are being read from the topology file.

| Note: 1-4 VDW scale factors are being read from the topology file.
| Duplicated    0 dihedrals
| Duplicated    0 dihedrals

--------------------------------------------------------------------------------
   2.  CONTROL  DATA  FOR  THE  RUN
--------------------------------------------------------------------------------

default_name                                                                    

General flags:
     imin    =       1, nmropt  =       0

Nature and format of input:
     ntx     =       1, irest   =       0, ntrx    =       1

Nature and format of output:
     ntxo    =       1, ntpr    =     100, ntrx    =       1, ntwr    =     100
     iwrap   =       0, ntwx    =       0, ntwv    =       0, ntwe    =       0
     ioutfm  =       0, ntwprt  =       0, idecomp =       0, rbornstat=      0

Potential function:
     ntf     =       1, ntb     =       0, igb     =       8, nsnb    =      25
     ipol    =       0, gbsa    =       0, iesp    =       0
     dielc   =   1.00000, cut     = 999.00000, intdiel =   1.00000
     saltcon =   0.00000, offset  =   0.19514, surften =   0.00500
     rdt     =   0.00000, rgbmax  =  25.00000  extdiel =  78.50000
     alpb  =        0
     gbalphaH  =   0.78844, gbbetaH   =   0.79870,  gbgammaH  =    0.43733
     gbalphaC  =   0.73376, gbbetaC   =   0.50638,  gbgammaC  =    0.20584
     gbalphaN  =   0.50336, gbbetaN   =   0.31683,  gbgammaN  =    0.19292
     gbalphaOS =   0.86781, gbbetaOS  =   0.87664,  gbgammaOS =    0.38788
     gbalphaP  =   1.00000, gbbetaP   =   0.80000,  gbgammaP  =    4.85000
     gb_alpha_hnu  =   0.53705, gb_beta_hnu   =   0.36286,  gb_gamma_hnu  =    0.11670
     gb_alpha_cnu  =   0.33167, gb_beta_cnu   =   0.19684,  gb_gamma_cnu  =    0.09342
     gb_alpha_nnu  =   0.68631, gb_beta_nnu   =   0.46319,  gb_gamma_nnu  =    0.13872
     gb_alpha_onu  =   0.60634, gb_beta_onu   =   0.46301,  gb_gamma_onu  =    0.14226
     gb_alpha_pnu  =   0.41836, gb_beta_pnu   =   0.29005,  gb_gamma_pnu  =    0.10642

Frozen or restrained atoms:
     ibelly  =       0, ntr     =       1
     restraint_wt =  10.00000

Energy minimization:
     maxcyc  =    1000, ncyc    =      10, ntmin   =       1
     dx0     =   0.01000, drms    =   0.00010
|  INFO: Old style inpcrd file read


    LOADING THE CONSTRAINED ATOMS AS GROUPS


   5.  REFERENCE ATOM COORDINATES

  defa
     Mask !@H=; matches   799 atoms

--------------------------------------------------------------------------------
   3.  ATOMIC COORDINATES AND VELOCITIES
--------------------------------------------------------------------------------

default_name                                                                    
 begin time read from input coords =     0.000 ps

 Number of triangulated 3-point waters found:        0

--------------------------------------------------------------------------------
   4.  RESULTS
--------------------------------------------------------------------------------



   NSTEP       ENERGY          RMS            GMAX         NAME    NUMBER
      1      -2.2429E+03     9.0617E+00     6.3800E+01     OE1       730

 BOND    =       69.9568  ANGLE   =      211.1334  DIHED      =     1069.1206
 VDWAALS =     -650.5033  EEL     =    -7410.1542  EGB        =    -1660.1407
 1-4 VDW =      435.2786  1-4 EEL =     5692.3945  RESTRAINT  =        0.0000


   NSTEP       ENERGY          RMS            GMAX         NAME    NUMBER
    100      -2.6000E+03     3.2529E-01     3.3204E+00     CE2       650

 BOND    =       31.0255  ANGLE   =      207.1285  DIHED      =     1072.0810
 VDWAALS =     -789.3933  EEL     =    -7425.8539  EGB        =    -1678.4009
 1-4 VDW =      328.6280  1-4 EEL =     5611.9913  RESTRAINT  =       42.8381
 EAMBER  =    -2642.7939


   NSTEP       ENERGY          RMS            GMAX         NAME    NUMBER
    200      -2.6071E+03     3.0192E-01     9.3985E+00     HG1      1389

 BOND    =       31.9023  ANGLE   =      208.8339  DIHED      =     1072.1354
 VDWAALS =     -791.8247  EEL     =    -7433.6792  EGB        =    -1676.6167
 1-4 VDW =      327.4548  1-4 EEL =     5610.1199  RESTRAINT  =       44.5875
 EAMBER  =    -2651.6744


   NSTEP       ENERGY          RMS            GMAX         NAME    NUMBER
    300      -2.6096E+03     1.0213E-01     1.6169E+00     HG1      1389

 BOND    =       30.9760  ANGLE   =      207.4150  DIHED      =     1070.3322
 VDWAALS =     -791.5619  EEL     =    -7439.1513  EGB        =    -1672.5859
 1-4 VDW =      329.1165  1-4 EEL =     5612.2618  RESTRAINT  =       43.6092
 EAMBER  =    -2653.1976


   NSTEP       ENERGY          RMS            GMAX         NAME    NUMBER
    400      -2.6151E+03     6.8787E-02     1.6541E+00     CG2       600

 BOND    =       31.1242  ANGLE   =      207.7279  DIHED      =     1069.6072
 VDWAALS =     -790.8110  EEL     =    -7444.5321  EGB        =    -1673.0003
 1-4 VDW =      328.8962  1-4 EEL =     5612.2184  RESTRAINT  =       43.6873
 EAMBER  =    -2658.7695


   NSTEP       ENERGY          RMS            GMAX         NAME    NUMBER
    500      -2.6152E+03     1.6813E-02     2.4137E-01     HG1      1213

 BOND    =       30.9948  ANGLE   =      207.2746  DIHED      =     1069.5073
 VDWAALS =     -790.5211  EEL     =    -7445.2864  EGB        =    -1672.6362
 1-4 VDW =      329.3778  1-4 EEL =     5612.6956  RESTRAINT  =       43.3801
 EAMBER  =    -2658.5936


   NSTEP       ENERGY          RMS            GMAX         NAME    NUMBER
    600      -2.6183E+03     5.0180E-01     5.9991E+00     HG       1180

 BOND    =       31.9530  ANGLE   =      209.5017  DIHED      =     1069.8197
 VDWAALS =     -792.3336  EEL     =    -7452.2545  EGB        =    -1671.5473
 1-4 VDW =      327.7328  1-4 EEL =     5613.5036  RESTRAINT  =       45.3089
 EAMBER  =    -2663.6246


   NSTEP       ENERGY          RMS            GMAX         NAME    NUMBER
    700      -2.6234E+03     5.6946E-02     1.0425E+00     HG1       635

 BOND    =       31.2076  ANGLE   =      207.3922  DIHED      =     1068.8873
 VDWAALS =     -788.8885  EEL     =    -7457.4755  EGB        =    -1671.4560
 1-4 VDW =      329.3962  1-4 EEL =     5614.3189  RESTRAINT  =       43.2317
 EAMBER  =    -2666.6179


   NSTEP       ENERGY          RMS            GMAX         NAME    NUMBER
    800      -2.6247E+03     1.0374E-01     1.4336E+00     C        1170

 BOND    =       31.1862  ANGLE   =      207.5049  DIHED      =     1067.5442
 VDWAALS =     -788.9596  EEL     =    -7458.3088  EGB        =    -1671.7562
 1-4 VDW =      329.4813  1-4 EEL =     5615.3274  RESTRAINT  =       43.2854
 EAMBER  =    -2667.9805


   NSTEP       ENERGY          RMS            GMAX         NAME    NUMBER
    900      -2.6249E+03     6.1678E-03     1.3157E-01     C        1588

 BOND    =       31.0860  ANGLE   =      207.2935  DIHED      =     1067.1026
 VDWAALS =     -788.6797  EEL     =    -7458.3232  EGB        =    -1671.8426
 1-4 VDW =      329.7541  1-4 EEL =     5615.5947  RESTRAINT  =       43.0858
 EAMBER  =    -2668.0146


   NSTEP       ENERGY          RMS            GMAX         NAME    NUMBER
   1000      -2.6249E+03     5.5180E-04     1.0326E-02     C        1588

 BOND    =       31.0763  ANGLE   =      207.2750  DIHED      =     1067.0771
 VDWAALS =     -788.6509  EEL     =    -7458.3166  EGB        =    -1671.8483
 1-4 VDW =      329.7799  1-4 EEL =     5615.6085  RESTRAINT  =       43.0681
 EAMBER  =    -2667.9990


  Maximum number of minimization cycles reached.


                    FINAL RESULTS



   NSTEP       ENERGY          RMS            GMAX         NAME    NUMBER
   1000      -2.6249E+03     5.5180E-04     1.0326E-02     C        1588

 BOND    =       31.0763  ANGLE   =      207.2750  DIHED      =     1067.0771
 VDWAALS =     -788.6509  EEL     =    -7458.3166  EGB        =    -1671.8483
 1-4 VDW =      329.7799  1-4 EEL =     5615.6085  RESTRAINT  =       43.0681
 EAMBER  =    -2667.9990

--------------------------------------------------------------------------------
   5.  TIMINGS
--------------------------------------------------------------------------------

|                Calc gb radii             59.20 (20.30% of Gen B)
|                Calc gb diag             110.07 (37.75% of Gen B)
|                Calc gb off-diag         122.34 (41.95% of Gen B)
|             Gen Born time            291.61 (100.0% of Nonbo)
|          Nonbond force            291.61 (99.29% of Force)
|          Bond/Angle/Dihedral        2.07 ( 0.70% of Force)
|          Other                      0.02 ( 0.01% of Force)
|       Force time               293.69 (100.0% of Runmd)
|    Runmd Time               293.69 (99.67% of Total)
|    Other                      0.96 ( 0.32% of Total)
| Total time               294.65 (100.0% of ALL  )

| Number of list builds   :          0

| Highest rstack allocated:          0
| Highest istack allocated:          0
|           Job began  at 13:25:05.466  on 02/03/2016
|           Setup done at 13:25:05.537  on 02/03/2016
|           Run   done at 13:30:00.118  on 02/03/2016
|     wallclock() was called   18028 times
