
          -------------------------------------------------------
          Amber 14 SANDER                              2014
          -------------------------------------------------------

| Run on 02/03/2016 at 14:37:56

|   Executable path: sander
| Working directory: /lustre/cs1500/scratch/kmb413/RealDecoyDisc/DecoyDiscrimination/decoys.set2.init/1aaj/Rosetta_relaxed
|          Hostname: slepner35


File Assignments:
|  MDIN: /scratch/kmb413/RealDecoyDisc/DecoyDiscrimination/scripts/min/min.in  
| MDOUT: NoH_1_empty_tag_112_0001_0001.out                                     
|INPCRD: NoH_1_empty_tag_112_0001_0001.rst7                                    
|  PARM: NoH_1_empty_tag_112_0001_0001.parm7                                   
|RESTRT: min_NoH_1_empty_tag_112_0001_0001.rst7                                
|  REFC: NoH_1_empty_tag_112_0001_0001.rst7                                    
| MDVEL: mdvel                                                                 
| MDFRC: mdfrc                                                                 
|  MDEN: mden                                                                  
| MDCRD: mdcrd                                                                 
|MDINFO: mdinfo                                                                
|  MTMD: mtmd                                                                  
|INPDIP: inpdip                                                                
|RSTDIP: rstdip                                                                
|INPTRA: inptraj                                                               


 Here is the input file:

                                                                               
&cntrl                                                                         
    imin = 1, maxcyc=1000,                                                     
    ntx = 1,                                                                   
    ntwr = 100, ntpr = 100,                                                    
    cut = 999.0,                                                               
    ntb = 0, igb = 8,                                                          
    ntr = 1, restraint_wt = 10, restraintmask = "!@H=",                        
/                                                                              

--------------------------------------------------------------------------------
   1.  RESOURCE   USE: 
--------------------------------------------------------------------------------

| Flags:                                                                        
| New format PARM file being parsed.
| Version =    1.000 Date = 02/03/16 Time = 11:44:33
 NATOM  =    1590 NTYPES =      14 NBONH =     791 MBONA  =     820
 NTHETH =    1812 MTHETA =    1115 NPHIH =    3578 MPHIA  =    3525
 NHPARM =       0 NPARM  =       0 NNB   =    8805 NRES   =     104
 NBONA  =     820 NTHETA =    1115 NPHIA =    3525 NUMBND =      65
 NUMANG =     152 NPTRA  =     189 NATYP =      33 NPHB   =       0
 IFBOX  =       0 NMXRS  =      24 IFCAP =       0 NEXTRA =       0
 NCOPY  =       0

 Implicit solvent radii are ArgH and AspGluO modified Bondi2 radii (mbondi3)                                
 Replacing prmtop screening parameters with GBn2 (igb=8) values

|     Memory Use     Allocated
|     Real              145027
|     Hollerith           4876
|     Integer           109197
|     Max Pairs              1
|     nblistReal             0
|     nblist Int             0
|       Total             1578 kbytes

| Note: 1-4 EEL scale factors are being read from the topology file.

| Note: 1-4 VDW scale factors are being read from the topology file.
| Duplicated    0 dihedrals
| Duplicated    0 dihedrals

--------------------------------------------------------------------------------
   2.  CONTROL  DATA  FOR  THE  RUN
--------------------------------------------------------------------------------

default_name                                                                    

General flags:
     imin    =       1, nmropt  =       0

Nature and format of input:
     ntx     =       1, irest   =       0, ntrx    =       1

Nature and format of output:
     ntxo    =       1, ntpr    =     100, ntrx    =       1, ntwr    =     100
     iwrap   =       0, ntwx    =       0, ntwv    =       0, ntwe    =       0
     ioutfm  =       0, ntwprt  =       0, idecomp =       0, rbornstat=      0

Potential function:
     ntf     =       1, ntb     =       0, igb     =       8, nsnb    =      25
     ipol    =       0, gbsa    =       0, iesp    =       0
     dielc   =   1.00000, cut     = 999.00000, intdiel =   1.00000
     saltcon =   0.00000, offset  =   0.19514, surften =   0.00500
     rdt     =   0.00000, rgbmax  =  25.00000  extdiel =  78.50000
     alpb  =        0
     gbalphaH  =   0.78844, gbbetaH   =   0.79870,  gbgammaH  =    0.43733
     gbalphaC  =   0.73376, gbbetaC   =   0.50638,  gbgammaC  =    0.20584
     gbalphaN  =   0.50336, gbbetaN   =   0.31683,  gbgammaN  =    0.19292
     gbalphaOS =   0.86781, gbbetaOS  =   0.87664,  gbgammaOS =    0.38788
     gbalphaP  =   1.00000, gbbetaP   =   0.80000,  gbgammaP  =    4.85000
     gb_alpha_hnu  =   0.53705, gb_beta_hnu   =   0.36286,  gb_gamma_hnu  =    0.11670
     gb_alpha_cnu  =   0.33167, gb_beta_cnu   =   0.19684,  gb_gamma_cnu  =    0.09342
     gb_alpha_nnu  =   0.68631, gb_beta_nnu   =   0.46319,  gb_gamma_nnu  =    0.13872
     gb_alpha_onu  =   0.60634, gb_beta_onu   =   0.46301,  gb_gamma_onu  =    0.14226
     gb_alpha_pnu  =   0.41836, gb_beta_pnu   =   0.29005,  gb_gamma_pnu  =    0.10642

Frozen or restrained atoms:
     ibelly  =       0, ntr     =       1
     restraint_wt =  10.00000

Energy minimization:
     maxcyc  =    1000, ncyc    =      10, ntmin   =       1
     dx0     =   0.01000, drms    =   0.00010
|  INFO: Old style inpcrd file read


    LOADING THE CONSTRAINED ATOMS AS GROUPS


   5.  REFERENCE ATOM COORDINATES

  defa
     Mask !@H=; matches   799 atoms

--------------------------------------------------------------------------------
   3.  ATOMIC COORDINATES AND VELOCITIES
--------------------------------------------------------------------------------

default_name                                                                    
 begin time read from input coords =     0.000 ps

 Number of triangulated 3-point waters found:        0

--------------------------------------------------------------------------------
   4.  RESULTS
--------------------------------------------------------------------------------



   NSTEP       ENERGY          RMS            GMAX         NAME    NUMBER
      1      -2.2151E+03     8.9911E+00     6.3499E+01     OXT      1590

 BOND    =       68.6702  ANGLE   =      211.2340  DIHED      =     1081.0656
 VDWAALS =     -655.8368  EEL     =    -7008.5110  EGB        =    -2030.4261
 1-4 VDW =      434.2259  1-4 EEL =     5684.5138  RESTRAINT  =        0.0000


   NSTEP       ENERGY          RMS            GMAX         NAME    NUMBER
    100      -2.5546E+03     2.7008E-01     2.5510E+00     CD2       659

 BOND    =       30.6801  ANGLE   =      203.5597  DIHED      =     1080.7638
 VDWAALS =     -774.3804  EEL     =    -7020.6139  EGB        =    -2051.6678
 1-4 VDW =      328.7843  1-4 EEL =     5610.2980  RESTRAINT  =       37.9288
 EAMBER  =    -2592.5763


   NSTEP       ENERGY          RMS            GMAX         NAME    NUMBER
    200      -2.5583E+03     1.5291E-01     1.7644E+00     H2          3

 BOND    =       30.7899  ANGLE   =      204.1945  DIHED      =     1080.4004
 VDWAALS =     -777.2079  EEL     =    -7023.5415  EGB        =    -2051.7621
 1-4 VDW =      328.5150  1-4 EEL =     5610.3825  RESTRAINT  =       39.9740
 EAMBER  =    -2598.2292


   NSTEP       ENERGY          RMS            GMAX         NAME    NUMBER
    300      -2.5597E+03     1.9142E-02     3.8381E-01     C          23

 BOND    =       30.5075  ANGLE   =      203.5406  DIHED      =     1079.5296
 VDWAALS =     -777.7105  EEL     =    -7024.1922  EGB        =    -2051.4178
 1-4 VDW =      329.5239  1-4 EEL =     5610.8486  RESTRAINT  =       39.6617
 EAMBER  =    -2599.3704


   NSTEP       ENERGY          RMS            GMAX         NAME    NUMBER
    400      -2.5597E+03     1.0515E-02     1.6903E-01     HG1      1389

 BOND    =       30.5047  ANGLE   =      203.5345  DIHED      =     1079.6782
 VDWAALS =     -777.8241  EEL     =    -7025.0373  EGB        =    -2050.7934
 1-4 VDW =      329.5605  1-4 EEL =     5610.9881  RESTRAINT  =       39.6456
 EAMBER  =    -2599.3888


   NSTEP       ENERGY          RMS            GMAX         NAME    NUMBER
    500      -2.5598E+03     1.0725E-01     3.0994E+00     HG1      1389

 BOND    =       30.5455  ANGLE   =      203.6411  DIHED      =     1079.7845
 VDWAALS =     -777.8812  EEL     =    -7026.7255  EGB        =    -2049.3659
 1-4 VDW =      329.4253  1-4 EEL =     5611.1119  RESTRAINT  =       39.6671
 EAMBER  =    -2599.4644


   NSTEP       ENERGY          RMS            GMAX         NAME    NUMBER
    600      -2.5610E+03     2.2333E-01     2.8539E+00     CE2       650

 BOND    =       31.1416  ANGLE   =      204.4605  DIHED      =     1077.7654
 VDWAALS =     -778.2299  EEL     =    -7032.4470  EGB        =    -2043.5966
 1-4 VDW =      328.6308  1-4 EEL =     5611.2188  RESTRAINT  =       40.0461
 EAMBER  =    -2601.0562


   NSTEP       ENERGY          RMS            GMAX         NAME    NUMBER
    700      -2.5622E+03     7.3959E-02     1.4200E+00     CD        437

 BOND    =       30.6781  ANGLE   =      203.6049  DIHED      =     1077.8107
 VDWAALS =     -777.8835  EEL     =    -7034.1334  EGB        =    -2042.1330
 1-4 VDW =      329.3886  1-4 EEL =     5611.2156  RESTRAINT  =       39.2774
 EAMBER  =    -2601.4520


   NSTEP       ENERGY          RMS            GMAX         NAME    NUMBER
    800      -2.5623E+03     6.9445E-03     8.9100E-02     HG1      1389

 BOND    =       30.5492  ANGLE   =      203.4384  DIHED      =     1078.1496
 VDWAALS =     -777.8052  EEL     =    -7034.5670  EGB        =    -2041.8874
 1-4 VDW =      329.6086  1-4 EEL =     5611.1404  RESTRAINT  =       39.1124
 EAMBER  =    -2601.3734


   NSTEP       ENERGY          RMS            GMAX         NAME    NUMBER
    900      -2.5623E+03     2.4476E-03     2.8953E-02     CD       1119

 BOND    =       30.5362  ANGLE   =      203.4140  DIHED      =     1078.2412
 VDWAALS =     -777.7948  EEL     =    -7034.6593  EGB        =    -2041.8531
 1-4 VDW =      329.6321  1-4 EEL =     5611.1286  RESTRAINT  =       39.0896
 EAMBER  =    -2601.3550


   NSTEP       ENERGY          RMS            GMAX         NAME    NUMBER
   1000      -2.5623E+03     1.0757E-03     1.2163E-02     HG1      1389

 BOND    =       30.5325  ANGLE   =      203.4062  DIHED      =     1078.2697
 VDWAALS =     -777.7895  EEL     =    -7034.6866  EGB        =    -2041.8451
 1-4 VDW =      329.6397  1-4 EEL =     5611.1232  RESTRAINT  =       39.0840
 EAMBER  =    -2601.3498


  Maximum number of minimization cycles reached.


                    FINAL RESULTS



   NSTEP       ENERGY          RMS            GMAX         NAME    NUMBER
   1000      -2.5623E+03     1.0757E-03     1.2163E-02     HG1      1389

 BOND    =       30.5325  ANGLE   =      203.4062  DIHED      =     1078.2697
 VDWAALS =     -777.7895  EEL     =    -7034.6866  EGB        =    -2041.8451
 1-4 VDW =      329.6397  1-4 EEL =     5611.1232  RESTRAINT  =       39.0840
 EAMBER  =    -2601.3498

--------------------------------------------------------------------------------
   5.  TIMINGS
--------------------------------------------------------------------------------

|                Calc gb radii             58.52 (19.97% of Gen B)
|                Calc gb diag             111.50 (38.04% of Gen B)
|                Calc gb off-diag         123.06 (41.99% of Gen B)
|             Gen Born time            293.09 (100.0% of Nonbo)
|          Nonbond force            293.09 (99.29% of Force)
|          Bond/Angle/Dihedral        2.07 ( 0.70% of Force)
|          Other                      0.02 ( 0.01% of Force)
|       Force time               295.18 (100.0% of Runmd)
|    Runmd Time               295.18 (99.75% of Total)
|    Other                      0.74 ( 0.25% of Total)
| Total time               295.92 (100.0% of ALL  )

| Number of list builds   :          0

| Highest rstack allocated:          0
| Highest istack allocated:          0
|           Job began  at 14:37:56.733  on 02/03/2016
|           Setup done at 14:37:56.784  on 02/03/2016
|           Run   done at 14:42:52.652  on 02/03/2016
|     wallclock() was called   18028 times
