
          -------------------------------------------------------
          Amber 14 SANDER                              2014
          -------------------------------------------------------

| Run on 02/03/2016 at 14:51:38

|   Executable path: sander
| Working directory: /lustre/cs1500/scratch/kmb413/RealDecoyDisc/DecoyDiscrimination/decoys.set2.init/1aaj/Rosetta_relaxed
|          Hostname: slepner7


File Assignments:
|  MDIN: /scratch/kmb413/RealDecoyDisc/DecoyDiscrimination/scripts/min/min.in  
| MDOUT: NoH_5_empty_tag_1385_0001_0001.out                                    
|INPCRD: NoH_5_empty_tag_1385_0001_0001.rst7                                   
|  PARM: NoH_5_empty_tag_1385_0001_0001.parm7                                  
|RESTRT: min_NoH_5_empty_tag_1385_0001_0001.rst7                               
|  REFC: NoH_5_empty_tag_1385_0001_0001.rst7                                   
| MDVEL: mdvel                                                                 
| MDFRC: mdfrc                                                                 
|  MDEN: mden                                                                  
| MDCRD: mdcrd                                                                 
|MDINFO: mdinfo                                                                
|  MTMD: mtmd                                                                  
|INPDIP: inpdip                                                                
|RSTDIP: rstdip                                                                
|INPTRA: inptraj                                                               


 Here is the input file:

                                                                               
&cntrl                                                                         
    imin = 1, maxcyc=1000,                                                     
    ntx = 1,                                                                   
    ntwr = 100, ntpr = 100,                                                    
    cut = 999.0,                                                               
    ntb = 0, igb = 8,                                                          
    ntr = 1, restraint_wt = 10, restraintmask = "!@H=",                        
/                                                                              

--------------------------------------------------------------------------------
   1.  RESOURCE   USE: 
--------------------------------------------------------------------------------

| Flags:                                                                        
| New format PARM file being parsed.
| Version =    1.000 Date = 02/03/16 Time = 11:52:49
 NATOM  =    1590 NTYPES =      14 NBONH =     791 MBONA  =     820
 NTHETH =    1812 MTHETA =    1115 NPHIH =    3578 MPHIA  =    3525
 NHPARM =       0 NPARM  =       0 NNB   =    8805 NRES   =     104
 NBONA  =     820 NTHETA =    1115 NPHIA =    3525 NUMBND =      65
 NUMANG =     152 NPTRA  =     189 NATYP =      33 NPHB   =       0
 IFBOX  =       0 NMXRS  =      24 IFCAP =       0 NEXTRA =       0
 NCOPY  =       0

 Implicit solvent radii are ArgH and AspGluO modified Bondi2 radii (mbondi3)                                
 Replacing prmtop screening parameters with GBn2 (igb=8) values

|     Memory Use     Allocated
|     Real              145027
|     Hollerith           4876
|     Integer           109197
|     Max Pairs              1
|     nblistReal             0
|     nblist Int             0
|       Total             1578 kbytes

| Note: 1-4 EEL scale factors are being read from the topology file.

| Note: 1-4 VDW scale factors are being read from the topology file.
| Duplicated    0 dihedrals
| Duplicated    0 dihedrals

--------------------------------------------------------------------------------
   2.  CONTROL  DATA  FOR  THE  RUN
--------------------------------------------------------------------------------

default_name                                                                    

General flags:
     imin    =       1, nmropt  =       0

Nature and format of input:
     ntx     =       1, irest   =       0, ntrx    =       1

Nature and format of output:
     ntxo    =       1, ntpr    =     100, ntrx    =       1, ntwr    =     100
     iwrap   =       0, ntwx    =       0, ntwv    =       0, ntwe    =       0
     ioutfm  =       0, ntwprt  =       0, idecomp =       0, rbornstat=      0

Potential function:
     ntf     =       1, ntb     =       0, igb     =       8, nsnb    =      25
     ipol    =       0, gbsa    =       0, iesp    =       0
     dielc   =   1.00000, cut     = 999.00000, intdiel =   1.00000
     saltcon =   0.00000, offset  =   0.19514, surften =   0.00500
     rdt     =   0.00000, rgbmax  =  25.00000  extdiel =  78.50000
     alpb  =        0
     gbalphaH  =   0.78844, gbbetaH   =   0.79870,  gbgammaH  =    0.43733
     gbalphaC  =   0.73376, gbbetaC   =   0.50638,  gbgammaC  =    0.20584
     gbalphaN  =   0.50336, gbbetaN   =   0.31683,  gbgammaN  =    0.19292
     gbalphaOS =   0.86781, gbbetaOS  =   0.87664,  gbgammaOS =    0.38788
     gbalphaP  =   1.00000, gbbetaP   =   0.80000,  gbgammaP  =    4.85000
     gb_alpha_hnu  =   0.53705, gb_beta_hnu   =   0.36286,  gb_gamma_hnu  =    0.11670
     gb_alpha_cnu  =   0.33167, gb_beta_cnu   =   0.19684,  gb_gamma_cnu  =    0.09342
     gb_alpha_nnu  =   0.68631, gb_beta_nnu   =   0.46319,  gb_gamma_nnu  =    0.13872
     gb_alpha_onu  =   0.60634, gb_beta_onu   =   0.46301,  gb_gamma_onu  =    0.14226
     gb_alpha_pnu  =   0.41836, gb_beta_pnu   =   0.29005,  gb_gamma_pnu  =    0.10642

Frozen or restrained atoms:
     ibelly  =       0, ntr     =       1
     restraint_wt =  10.00000

Energy minimization:
     maxcyc  =    1000, ncyc    =      10, ntmin   =       1
     dx0     =   0.01000, drms    =   0.00010
|  INFO: Old style inpcrd file read


    LOADING THE CONSTRAINED ATOMS AS GROUPS


   5.  REFERENCE ATOM COORDINATES

  defa
     Mask !@H=; matches   799 atoms

--------------------------------------------------------------------------------
   3.  ATOMIC COORDINATES AND VELOCITIES
--------------------------------------------------------------------------------

default_name                                                                    
 begin time read from input coords =     0.000 ps

 Number of triangulated 3-point waters found:        0

--------------------------------------------------------------------------------
   4.  RESULTS
--------------------------------------------------------------------------------



   NSTEP       ENERGY          RMS            GMAX         NAME    NUMBER
      1      -2.1967E+03     9.1267E+00     5.9927E+01     OD1       232

 BOND    =       70.2076  ANGLE   =      211.3301  DIHED      =     1088.0005
 VDWAALS =     -669.6350  EEL     =    -7192.5097  EGB        =    -1867.6859
 1-4 VDW =      442.8163  1-4 EEL =     5720.7501  RESTRAINT  =        0.0000


   NSTEP       ENERGY          RMS            GMAX         NAME    NUMBER
    100      -2.5733E+03     2.9729E-01     3.6612E+00     OG1      1388

 BOND    =       31.4237  ANGLE   =      207.3602  DIHED      =     1090.2714
 VDWAALS =     -806.7454  EEL     =    -7218.8315  EGB        =    -1879.5045
 1-4 VDW =      331.7741  1-4 EEL =     5629.3484  RESTRAINT  =       41.5558
 EAMBER  =    -2614.9036


   NSTEP       ENERGY          RMS            GMAX         NAME    NUMBER
    200      -2.5779E+03     3.1851E-02     3.4021E-01     H2          3

 BOND    =       31.1006  ANGLE   =      207.5242  DIHED      =     1089.6390
 VDWAALS =     -809.6036  EEL     =    -7222.4495  EGB        =    -1879.7691
 1-4 VDW =      332.2365  1-4 EEL =     5629.8850  RESTRAINT  =       43.4930
 EAMBER  =    -2621.4369


   NSTEP       ENERGY          RMS            GMAX         NAME    NUMBER
    300      -2.5782E+03     5.4111E-02     1.1518E+00     CD       1585

 BOND    =       31.1245  ANGLE   =      207.6463  DIHED      =     1090.0441
 VDWAALS =     -810.4745  EEL     =    -7224.5818  EGB        =    -1878.3310
 1-4 VDW =      332.2816  1-4 EEL =     5630.1584  RESTRAINT  =       43.9616
 EAMBER  =    -2622.1325


   NSTEP       ENERGY          RMS            GMAX         NAME    NUMBER
    400      -2.5844E+03     9.0959E-02     2.0721E+00     HB2      1177

 BOND    =       31.4054  ANGLE   =      207.7490  DIHED      =     1089.5135
 VDWAALS =     -809.2069  EEL     =    -7235.3964  EGB        =    -1873.8800
 1-4 VDW =      332.0312  1-4 EEL =     5629.7240  RESTRAINT  =       43.6808
 EAMBER  =    -2628.0602


   NSTEP       ENERGY          RMS            GMAX         NAME    NUMBER
    500      -2.5848E+03     5.0548E-02     8.3766E-01     HG1       635

 BOND    =       31.2928  ANGLE   =      207.5308  DIHED      =     1089.4844
 VDWAALS =     -808.9969  EEL     =    -7237.9680  EGB        =    -1872.8040
 1-4 VDW =      332.3568  1-4 EEL =     5630.7120  RESTRAINT  =       43.5935
 EAMBER  =    -2628.3921


   NSTEP       ENERGY          RMS            GMAX         NAME    NUMBER
    600      -2.5859E+03     5.6514E-02     1.0913E+00     CG        589

 BOND    =       31.2276  ANGLE   =      207.4980  DIHED      =     1088.1494
 VDWAALS =     -809.2168  EEL     =    -7240.3676  EGB        =    -1870.9526
 1-4 VDW =      332.4776  1-4 EEL =     5631.6642  RESTRAINT  =       43.5805
 EAMBER  =    -2629.5202


   NSTEP       ENERGY          RMS            GMAX         NAME    NUMBER
    700      -2.5861E+03     3.2424E-03     7.6086E-02     HG1       635

 BOND    =       31.1748  ANGLE   =      207.3819  DIHED      =     1087.8187
 VDWAALS =     -808.9164  EEL     =    -7240.5395  EGB        =    -1871.0039
 1-4 VDW =      332.6527  1-4 EEL =     5631.8282  RESTRAINT  =       43.5248
 EAMBER  =    -2629.6036


   NSTEP       ENERGY          RMS            GMAX         NAME    NUMBER
    800      -2.5861E+03     6.7657E-04     1.1390E-02     CB       1176

 BOND    =       31.1713  ANGLE   =      207.3717  DIHED      =     1087.7979
 VDWAALS =     -808.8905  EEL     =    -7240.5530  EGB        =    -1871.0088
 1-4 VDW =      332.6685  1-4 EEL =     5631.8406  RESTRAINT  =       43.5225
 EAMBER  =    -2629.6023


   NSTEP       ENERGY          RMS            GMAX         NAME    NUMBER
    900      -2.5861E+03     1.7063E-04     2.6855E-03     CB       1176

 BOND    =       31.1711  ANGLE   =      207.3711  DIHED      =     1087.7969
 VDWAALS =     -808.8907  EEL     =    -7240.5540  EGB        =    -1871.0083
 1-4 VDW =      332.6689  1-4 EEL =     5631.8416  RESTRAINT  =       43.5235
 EAMBER  =    -2629.6033


                    FINAL RESULTS



   NSTEP       ENERGY          RMS            GMAX         NAME    NUMBER
    919      -2.5861E+03     8.7664E-05     1.1917E-03     HE2        17

 BOND    =       31.1711  ANGLE   =      207.3711  DIHED      =     1087.7968
 VDWAALS =     -808.8909  EEL     =    -7240.5543  EGB        =    -1871.0081
 1-4 VDW =      332.6690  1-4 EEL =     5631.8416  RESTRAINT  =       43.5237
 EAMBER  =    -2629.6035

--------------------------------------------------------------------------------
   5.  TIMINGS
--------------------------------------------------------------------------------

|                Calc gb radii             53.54 (20.31% of Gen B)
|                Calc gb diag              98.77 (37.46% of Gen B)
|                Calc gb off-diag         111.36 (42.23% of Gen B)
|             Gen Born time            263.67 (100.0% of Nonbo)
|          Nonbond force            263.68 (99.28% of Force)
|          Bond/Angle/Dihedral        1.90 ( 0.71% of Force)
|          Other                      0.02 ( 0.01% of Force)
|       Force time               265.59 (100.0% of Runmd)
|    Runmd Time               265.59 (99.65% of Total)
|    Other                      0.93 ( 0.35% of Total)
| Total time               266.52 (100.0% of ALL  )

| Number of list builds   :          0

| Highest rstack allocated:          0
| Highest istack allocated:          0
|           Job began  at 14:51:38.416  on 02/03/2016
|           Setup done at 14:51:38.522  on 02/03/2016
|           Run   done at 14:56:04.937  on 02/03/2016
|     wallclock() was called   16570 times
