
          -------------------------------------------------------
          Amber 14 SANDER                              2014
          -------------------------------------------------------

| Run on 02/03/2016 at 14:38:01

|   Executable path: sander
| Working directory: /lustre/cs1500/scratch/kmb413/RealDecoyDisc/DecoyDiscrimination/decoys.set2.init/1aaj/Rosetta_relaxed
|          Hostname: slepner36


File Assignments:
|  MDIN: /scratch/kmb413/RealDecoyDisc/DecoyDiscrimination/scripts/min/min.in  
| MDOUT: NoH_4_empty_tag_358_0001_0001.out                                     
|INPCRD: NoH_4_empty_tag_358_0001_0001.rst7                                    
|  PARM: NoH_4_empty_tag_358_0001_0001.parm7                                   
|RESTRT: min_NoH_4_empty_tag_358_0001_0001.rst7                                
|  REFC: NoH_4_empty_tag_358_0001_0001.rst7                                    
| MDVEL: mdvel                                                                 
| MDFRC: mdfrc                                                                 
|  MDEN: mden                                                                  
| MDCRD: mdcrd                                                                 
|MDINFO: mdinfo                                                                
|  MTMD: mtmd                                                                  
|INPDIP: inpdip                                                                
|RSTDIP: rstdip                                                                
|INPTRA: inptraj                                                               


 Here is the input file:

                                                                               
&cntrl                                                                         
    imin = 1, maxcyc=1000,                                                     
    ntx = 1,                                                                   
    ntwr = 100, ntpr = 100,                                                    
    cut = 999.0,                                                               
    ntb = 0, igb = 8,                                                          
    ntr = 1, restraint_wt = 10, restraintmask = "!@H=",                        
/                                                                              

--------------------------------------------------------------------------------
   1.  RESOURCE   USE: 
--------------------------------------------------------------------------------

| Flags:                                                                        
| New format PARM file being parsed.
| Version =    1.000 Date = 02/03/16 Time = 11:51:50
 NATOM  =    1590 NTYPES =      14 NBONH =     791 MBONA  =     820
 NTHETH =    1812 MTHETA =    1115 NPHIH =    3578 MPHIA  =    3525
 NHPARM =       0 NPARM  =       0 NNB   =    8805 NRES   =     104
 NBONA  =     820 NTHETA =    1115 NPHIA =    3525 NUMBND =      65
 NUMANG =     152 NPTRA  =     189 NATYP =      33 NPHB   =       0
 IFBOX  =       0 NMXRS  =      24 IFCAP =       0 NEXTRA =       0
 NCOPY  =       0

 Implicit solvent radii are ArgH and AspGluO modified Bondi2 radii (mbondi3)                                
 Replacing prmtop screening parameters with GBn2 (igb=8) values

|     Memory Use     Allocated
|     Real              145027
|     Hollerith           4876
|     Integer           109197
|     Max Pairs              1
|     nblistReal             0
|     nblist Int             0
|       Total             1578 kbytes

| Note: 1-4 EEL scale factors are being read from the topology file.

| Note: 1-4 VDW scale factors are being read from the topology file.
| Duplicated    0 dihedrals
| Duplicated    0 dihedrals

--------------------------------------------------------------------------------
   2.  CONTROL  DATA  FOR  THE  RUN
--------------------------------------------------------------------------------

default_name                                                                    

General flags:
     imin    =       1, nmropt  =       0

Nature and format of input:
     ntx     =       1, irest   =       0, ntrx    =       1

Nature and format of output:
     ntxo    =       1, ntpr    =     100, ntrx    =       1, ntwr    =     100
     iwrap   =       0, ntwx    =       0, ntwv    =       0, ntwe    =       0
     ioutfm  =       0, ntwprt  =       0, idecomp =       0, rbornstat=      0

Potential function:
     ntf     =       1, ntb     =       0, igb     =       8, nsnb    =      25
     ipol    =       0, gbsa    =       0, iesp    =       0
     dielc   =   1.00000, cut     = 999.00000, intdiel =   1.00000
     saltcon =   0.00000, offset  =   0.19514, surften =   0.00500
     rdt     =   0.00000, rgbmax  =  25.00000  extdiel =  78.50000
     alpb  =        0
     gbalphaH  =   0.78844, gbbetaH   =   0.79870,  gbgammaH  =    0.43733
     gbalphaC  =   0.73376, gbbetaC   =   0.50638,  gbgammaC  =    0.20584
     gbalphaN  =   0.50336, gbbetaN   =   0.31683,  gbgammaN  =    0.19292
     gbalphaOS =   0.86781, gbbetaOS  =   0.87664,  gbgammaOS =    0.38788
     gbalphaP  =   1.00000, gbbetaP   =   0.80000,  gbgammaP  =    4.85000
     gb_alpha_hnu  =   0.53705, gb_beta_hnu   =   0.36286,  gb_gamma_hnu  =    0.11670
     gb_alpha_cnu  =   0.33167, gb_beta_cnu   =   0.19684,  gb_gamma_cnu  =    0.09342
     gb_alpha_nnu  =   0.68631, gb_beta_nnu   =   0.46319,  gb_gamma_nnu  =    0.13872
     gb_alpha_onu  =   0.60634, gb_beta_onu   =   0.46301,  gb_gamma_onu  =    0.14226
     gb_alpha_pnu  =   0.41836, gb_beta_pnu   =   0.29005,  gb_gamma_pnu  =    0.10642

Frozen or restrained atoms:
     ibelly  =       0, ntr     =       1
     restraint_wt =  10.00000

Energy minimization:
     maxcyc  =    1000, ncyc    =      10, ntmin   =       1
     dx0     =   0.01000, drms    =   0.00010
|  INFO: Old style inpcrd file read


    LOADING THE CONSTRAINED ATOMS AS GROUPS


   5.  REFERENCE ATOM COORDINATES

  defa
     Mask !@H=; matches   799 atoms

--------------------------------------------------------------------------------
   3.  ATOMIC COORDINATES AND VELOCITIES
--------------------------------------------------------------------------------

default_name                                                                    
 begin time read from input coords =     0.000 ps

 Number of triangulated 3-point waters found:        0

--------------------------------------------------------------------------------
   4.  RESULTS
--------------------------------------------------------------------------------



   NSTEP       ENERGY          RMS            GMAX         NAME    NUMBER
      1      -2.2191E+03     9.1320E+00     6.3676E+01     OE1       730

 BOND    =       69.9677  ANGLE   =      211.4050  DIHED      =     1085.3265
 VDWAALS =     -660.7426  EEL     =    -7551.3116  EGB        =    -1523.2389
 1-4 VDW =      443.6128  1-4 EEL =     5705.8442  RESTRAINT  =        0.0000


   NSTEP       ENERGY          RMS            GMAX         NAME    NUMBER
    100      -2.5877E+03     3.6124E-01     3.2970E+00     CE2       650

 BOND    =       31.5650  ANGLE   =      211.9127  DIHED      =     1089.1711
 VDWAALS =     -801.3360  EEL     =    -7585.5473  EGB        =    -1526.2447
 1-4 VDW =      332.4439  1-4 EEL =     5616.2978  RESTRAINT  =       44.0029
 EAMBER  =    -2631.7376


   NSTEP       ENERGY          RMS            GMAX         NAME    NUMBER
    200      -2.6023E+03     1.9965E-01     1.6431E+00     CA        596

 BOND    =       31.6004  ANGLE   =      212.0607  DIHED      =     1087.5010
 VDWAALS =     -801.2737  EEL     =    -7606.1019  EGB        =    -1520.8229
 1-4 VDW =      332.8557  1-4 EEL =     5617.4112  RESTRAINT  =       44.4998
 EAMBER  =    -2646.7695


   NSTEP       ENERGY          RMS            GMAX         NAME    NUMBER
    300      -2.6116E+03     4.6393E-02     6.2950E-01     CZ       1341

 BOND    =       31.5087  ANGLE   =      211.5883  DIHED      =     1085.7949
 VDWAALS =     -800.8059  EEL     =    -7619.2188  EGB        =    -1515.2096
 1-4 VDW =      333.3917  1-4 EEL =     5617.6950  RESTRAINT  =       43.6085
 EAMBER  =    -2655.2559


   NSTEP       ENERGY          RMS            GMAX         NAME    NUMBER
    400      -2.6117E+03     3.0225E-02     5.2195E-01     CG       1336

 BOND    =       31.5153  ANGLE   =      211.5645  DIHED      =     1085.8209
 VDWAALS =     -800.8508  EEL     =    -7619.1828  EGB        =    -1515.3030
 1-4 VDW =      333.4470  1-4 EEL =     5617.5651  RESTRAINT  =       43.7057
 EAMBER  =    -2655.4239


   NSTEP       ENERGY          RMS            GMAX         NAME    NUMBER
    500      -2.6199E+03     1.3869E-01     2.3772E+00     HG1       635

 BOND    =       31.8002  ANGLE   =      211.8102  DIHED      =     1085.1521
 VDWAALS =     -799.4211  EEL     =    -7624.5753  EGB        =    -1518.4371
 1-4 VDW =      333.0733  1-4 EEL =     5617.3970  RESTRAINT  =       43.3175
 EAMBER  =    -2663.2005


   NSTEP       ENERGY          RMS            GMAX         NAME    NUMBER
    600      -2.6202E+03     7.6984E-03     1.2731E-01     CD        729

 BOND    =       31.6099  ANGLE   =      211.4509  DIHED      =     1085.2516
 VDWAALS =     -799.7181  EEL     =    -7624.7903  EGB        =    -1518.3426
 1-4 VDW =      333.4232  1-4 EEL =     5617.5539  RESTRAINT  =       43.3368
 EAMBER  =    -2663.5615


   NSTEP       ENERGY          RMS            GMAX         NAME    NUMBER
    700      -2.6202E+03     2.3992E-03     3.9890E-02     CD        729

 BOND    =       31.6007  ANGLE   =      211.4412  DIHED      =     1085.2867
 VDWAALS =     -799.7424  EEL     =    -7624.8136  EGB        =    -1518.3308
 1-4 VDW =      333.4426  1-4 EEL =     5617.5561  RESTRAINT  =       43.3328
 EAMBER  =    -2663.5595


   NSTEP       ENERGY          RMS            GMAX         NAME    NUMBER
    800      -2.6202E+03     1.7656E-03     3.0143E-02     CD        729

 BOND    =       31.6001  ANGLE   =      211.4397  DIHED      =     1085.2972
 VDWAALS =     -799.7447  EEL     =    -7624.8350  EGB        =    -1518.3197
 1-4 VDW =      333.4454  1-4 EEL =     5617.5590  RESTRAINT  =       43.3309
 EAMBER  =    -2663.5581


   NSTEP       ENERGY          RMS            GMAX         NAME    NUMBER
    900      -2.6202E+03     1.2951E-03     2.1289E-02     HG       1375

 BOND    =       31.6003  ANGLE   =      211.4417  DIHED      =     1085.3125
 VDWAALS =     -799.7568  EEL     =    -7624.8526  EGB        =    -1518.3078
 1-4 VDW =      333.4440  1-4 EEL =     5617.5572  RESTRAINT  =       43.3339
 EAMBER  =    -2663.5615


   NSTEP       ENERGY          RMS            GMAX         NAME    NUMBER
   1000      -2.6202E+03     7.4554E-04     1.4512E-02     HG       1375

 BOND    =       31.6005  ANGLE   =      211.4407  DIHED      =     1085.3236
 VDWAALS =     -799.7597  EEL     =    -7624.8756  EGB        =    -1518.2920
 1-4 VDW =      333.4454  1-4 EEL =     5617.5561  RESTRAINT  =       43.3332
 EAMBER  =    -2663.5611


  Maximum number of minimization cycles reached.


                    FINAL RESULTS



   NSTEP       ENERGY          RMS            GMAX         NAME    NUMBER
   1000      -2.6202E+03     7.4554E-04     1.4512E-02     HG       1375

 BOND    =       31.6005  ANGLE   =      211.4407  DIHED      =     1085.3236
 VDWAALS =     -799.7597  EEL     =    -7624.8756  EGB        =    -1518.2920
 1-4 VDW =      333.4454  1-4 EEL =     5617.5561  RESTRAINT  =       43.3332
 EAMBER  =    -2663.5611

--------------------------------------------------------------------------------
   5.  TIMINGS
--------------------------------------------------------------------------------

|                Calc gb radii             59.89 (19.98% of Gen B)
|                Calc gb diag             114.52 (38.20% of Gen B)
|                Calc gb off-diag         125.35 (41.82% of Gen B)
|             Gen Born time            299.76 (100.0% of Nonbo)
|          Nonbond force            299.76 (99.31% of Force)
|          Bond/Angle/Dihedral        2.07 ( 0.69% of Force)
|          Other                      0.02 ( 0.01% of Force)
|       Force time               301.84 (100.0% of Runmd)
|    Runmd Time               301.84 (99.69% of Total)
|    Other                      0.92 ( 0.31% of Total)
| Total time               302.77 (100.0% of ALL  )

| Number of list builds   :          0

| Highest rstack allocated:          0
| Highest istack allocated:          0
|           Job began  at 14:38:01.994  on 02/03/2016
|           Setup done at 14:38:02.076  on 02/03/2016
|           Run   done at 14:43:04.767  on 02/03/2016
|     wallclock() was called   18028 times
