
          -------------------------------------------------------
          Amber 14 SANDER                              2014
          -------------------------------------------------------

| Run on 02/03/2016 at 12:46:43

|   Executable path: sander
| Working directory: /lustre/cs1500/scratch/kmb413/RealDecoyDisc/DecoyDiscrimination/decoys.set2.init/1aaj/Rosetta_relaxed
|          Hostname: slepner25


File Assignments:
|  MDIN: /scratch/kmb413/RealDecoyDisc/DecoyDiscrimination/scripts/min/min.in  
| MDOUT: NoH_4_empty_tag_1257_0001_0001.out                                    
|INPCRD: NoH_4_empty_tag_1257_0001_0001.rst7                                   
|  PARM: NoH_4_empty_tag_1257_0001_0001.parm7                                  
|RESTRT: min_NoH_4_empty_tag_1257_0001_0001.rst7                               
|  REFC: NoH_4_empty_tag_1257_0001_0001.rst7                                   
| MDVEL: mdvel                                                                 
| MDFRC: mdfrc                                                                 
|  MDEN: mden                                                                  
| MDCRD: mdcrd                                                                 
|MDINFO: mdinfo                                                                
|  MTMD: mtmd                                                                  
|INPDIP: inpdip                                                                
|RSTDIP: rstdip                                                                
|INPTRA: inptraj                                                               


 Here is the input file:

                                                                               
&cntrl                                                                         
    imin = 1, maxcyc=1000,                                                     
    ntx = 1,                                                                   
    ntwr = 100, ntpr = 100,                                                    
    cut = 999.0,                                                               
    ntb = 0, igb = 8,                                                          
    ntr = 1, restraint_wt = 10, restraintmask = "!@H=",                        
/                                                                              

--------------------------------------------------------------------------------
   1.  RESOURCE   USE: 
--------------------------------------------------------------------------------

| Flags:                                                                        
| New format PARM file being parsed.
| Version =    1.000 Date = 02/03/16 Time = 11:50:44
 NATOM  =    1590 NTYPES =      14 NBONH =     791 MBONA  =     820
 NTHETH =    1812 MTHETA =    1115 NPHIH =    3578 MPHIA  =    3525
 NHPARM =       0 NPARM  =       0 NNB   =    8805 NRES   =     104
 NBONA  =     820 NTHETA =    1115 NPHIA =    3525 NUMBND =      65
 NUMANG =     152 NPTRA  =     189 NATYP =      33 NPHB   =       0
 IFBOX  =       0 NMXRS  =      24 IFCAP =       0 NEXTRA =       0
 NCOPY  =       0

 Implicit solvent radii are ArgH and AspGluO modified Bondi2 radii (mbondi3)                                
 Replacing prmtop screening parameters with GBn2 (igb=8) values

|     Memory Use     Allocated
|     Real              145027
|     Hollerith           4876
|     Integer           109197
|     Max Pairs              1
|     nblistReal             0
|     nblist Int             0
|       Total             1578 kbytes

| Note: 1-4 EEL scale factors are being read from the topology file.

| Note: 1-4 VDW scale factors are being read from the topology file.
| Duplicated    0 dihedrals
| Duplicated    0 dihedrals

--------------------------------------------------------------------------------
   2.  CONTROL  DATA  FOR  THE  RUN
--------------------------------------------------------------------------------

default_name                                                                    

General flags:
     imin    =       1, nmropt  =       0

Nature and format of input:
     ntx     =       1, irest   =       0, ntrx    =       1

Nature and format of output:
     ntxo    =       1, ntpr    =     100, ntrx    =       1, ntwr    =     100
     iwrap   =       0, ntwx    =       0, ntwv    =       0, ntwe    =       0
     ioutfm  =       0, ntwprt  =       0, idecomp =       0, rbornstat=      0

Potential function:
     ntf     =       1, ntb     =       0, igb     =       8, nsnb    =      25
     ipol    =       0, gbsa    =       0, iesp    =       0
     dielc   =   1.00000, cut     = 999.00000, intdiel =   1.00000
     saltcon =   0.00000, offset  =   0.19514, surften =   0.00500
     rdt     =   0.00000, rgbmax  =  25.00000  extdiel =  78.50000
     alpb  =        0
     gbalphaH  =   0.78844, gbbetaH   =   0.79870,  gbgammaH  =    0.43733
     gbalphaC  =   0.73376, gbbetaC   =   0.50638,  gbgammaC  =    0.20584
     gbalphaN  =   0.50336, gbbetaN   =   0.31683,  gbgammaN  =    0.19292
     gbalphaOS =   0.86781, gbbetaOS  =   0.87664,  gbgammaOS =    0.38788
     gbalphaP  =   1.00000, gbbetaP   =   0.80000,  gbgammaP  =    4.85000
     gb_alpha_hnu  =   0.53705, gb_beta_hnu   =   0.36286,  gb_gamma_hnu  =    0.11670
     gb_alpha_cnu  =   0.33167, gb_beta_cnu   =   0.19684,  gb_gamma_cnu  =    0.09342
     gb_alpha_nnu  =   0.68631, gb_beta_nnu   =   0.46319,  gb_gamma_nnu  =    0.13872
     gb_alpha_onu  =   0.60634, gb_beta_onu   =   0.46301,  gb_gamma_onu  =    0.14226
     gb_alpha_pnu  =   0.41836, gb_beta_pnu   =   0.29005,  gb_gamma_pnu  =    0.10642

Frozen or restrained atoms:
     ibelly  =       0, ntr     =       1
     restraint_wt =  10.00000

Energy minimization:
     maxcyc  =    1000, ncyc    =      10, ntmin   =       1
     dx0     =   0.01000, drms    =   0.00010
|  INFO: Old style inpcrd file read


    LOADING THE CONSTRAINED ATOMS AS GROUPS


   5.  REFERENCE ATOM COORDINATES

  defa
     Mask !@H=; matches   799 atoms

--------------------------------------------------------------------------------
   3.  ATOMIC COORDINATES AND VELOCITIES
--------------------------------------------------------------------------------

default_name                                                                    
 begin time read from input coords =     0.000 ps

 Number of triangulated 3-point waters found:        0

--------------------------------------------------------------------------------
   4.  RESULTS
--------------------------------------------------------------------------------



   NSTEP       ENERGY          RMS            GMAX         NAME    NUMBER
      1      -2.2439E+03     9.0355E+00     6.2766E+01     OE1       945

 BOND    =       70.0092  ANGLE   =      211.4134  DIHED      =     1085.5894
 VDWAALS =     -661.3451  EEL     =    -6971.5805  EGB        =    -2138.9759
 1-4 VDW =      437.3469  1-4 EEL =     5723.6726  RESTRAINT  =        0.0000


   NSTEP       ENERGY          RMS            GMAX         NAME    NUMBER
    100      -2.5854E+03     3.1718E-01     5.1654E+00     CG        589

 BOND    =       30.1729  ANGLE   =      202.7405  DIHED      =     1087.4600
 VDWAALS =     -788.3316  EEL     =    -6973.4609  EGB        =    -2157.8388
 1-4 VDW =      330.1679  1-4 EEL =     5644.2452  RESTRAINT  =       39.4902
 EAMBER  =    -2624.8446


   NSTEP       ENERGY          RMS            GMAX         NAME    NUMBER
    200      -2.5908E+03     2.1033E-01     3.2717E+00     CD        193

 BOND    =       30.3159  ANGLE   =      203.4645  DIHED      =     1086.1901
 VDWAALS =     -791.1443  EEL     =    -6981.1900  EGB        =    -2153.9300
 1-4 VDW =      329.6007  1-4 EEL =     5644.5784  RESTRAINT  =       41.3210
 EAMBER  =    -2632.1148


   NSTEP       ENERGY          RMS            GMAX         NAME    NUMBER
    300      -2.5927E+03     1.0682E-01     1.6503E+00     HG1       605

 BOND    =       30.3088  ANGLE   =      203.6488  DIHED      =     1085.6661
 VDWAALS =     -792.5074  EEL     =    -6983.8206  EGB        =    -2152.6959
 1-4 VDW =      329.7803  1-4 EEL =     5645.3459  RESTRAINT  =       41.5414
 EAMBER  =    -2634.2741


   NSTEP       ENERGY          RMS            GMAX         NAME    NUMBER
    400      -2.5976E+03     2.9464E-02     3.8036E-01     OG1       604

 BOND    =       30.0670  ANGLE   =      203.0542  DIHED      =     1084.5585
 VDWAALS =     -790.8105  EEL     =    -6988.6719  EGB        =    -2153.1539
 1-4 VDW =      330.6079  1-4 EEL =     5646.0424  RESTRAINT  =       40.7525
 EAMBER  =    -2638.3062


   NSTEP       ENERGY          RMS            GMAX         NAME    NUMBER
    500      -2.5976E+03     5.8194E-03     1.2179E-01     CG        589

 BOND    =       30.0773  ANGLE   =      203.0089  DIHED      =     1084.6193
 VDWAALS =     -790.8552  EEL     =    -6988.6535  EGB        =    -2153.3097
 1-4 VDW =      330.6620  1-4 EEL =     5646.1416  RESTRAINT  =       40.7403
 EAMBER  =    -2638.3093


   NSTEP       ENERGY          RMS            GMAX         NAME    NUMBER
    600      -2.5976E+03     5.0686E-04     6.6669E-03     HG1      1213

 BOND    =       30.0716  ANGLE   =      203.0000  DIHED      =     1084.6260
 VDWAALS =     -790.8588  EEL     =    -6988.6420  EGB        =    -2153.3326
 1-4 VDW =      330.6759  1-4 EEL =     5646.1560  RESTRAINT  =       40.7343
 EAMBER  =    -2638.3038


   NSTEP       ENERGY          RMS            GMAX         NAME    NUMBER
    700      -2.5976E+03     3.0374E-04     4.2491E-03     OG1       604

 BOND    =       30.0712  ANGLE   =      202.9999  DIHED      =     1084.6309
 VDWAALS =     -790.8660  EEL     =    -6988.6346  EGB        =    -2153.3523
 1-4 VDW =      330.6786  1-4 EEL =     5646.1658  RESTRAINT  =       40.7369
 EAMBER  =    -2638.3065


                    FINAL RESULTS



   NSTEP       ENERGY          RMS            GMAX         NAME    NUMBER
    746      -2.5976E+03     9.8249E-05     1.4024E-03     HD13      332

 BOND    =       30.0711  ANGLE   =      203.0001  DIHED      =     1084.6305
 VDWAALS =     -790.8660  EEL     =    -6988.6347  EGB        =    -2153.3510
 1-4 VDW =      330.6784  1-4 EEL =     5646.1649  RESTRAINT  =       40.7370
 EAMBER  =    -2638.3067

--------------------------------------------------------------------------------
   5.  TIMINGS
--------------------------------------------------------------------------------

|                Calc gb radii             44.33 (20.36% of Gen B)
|                Calc gb diag              82.18 (37.75% of Gen B)
|                Calc gb off-diag          91.22 (41.89% of Gen B)
|             Gen Born time            217.73 (100.0% of Nonbo)
|          Nonbond force            217.73 (99.28% of Force)
|          Bond/Angle/Dihedral        1.56 ( 0.71% of Force)
|          Other                      0.01 ( 0.01% of Force)
|       Force time               219.30 (100.0% of Runmd)
|    Runmd Time               219.30 (99.74% of Total)
|    Other                      0.58 ( 0.26% of Total)
| Total time               219.89 (100.0% of ALL  )

| Number of list builds   :          0

| Highest rstack allocated:          0
| Highest istack allocated:          0
|           Job began  at 12:46:43.877  on 02/03/2016
|           Setup done at 12:46:43.928  on 02/03/2016
|           Run   done at 12:50:23.762  on 02/03/2016
|     wallclock() was called   13456 times
