
          -------------------------------------------------------
          Amber 14 SANDER                              2014
          -------------------------------------------------------

| Run on 02/03/2016 at 12:48:03

|   Executable path: sander
| Working directory: /lustre/cs1500/scratch/kmb413/RealDecoyDisc/DecoyDiscrimination/decoys.set2.init/1aaj/Rosetta_relaxed
|          Hostname: slepner7


File Assignments:
|  MDIN: /scratch/kmb413/RealDecoyDisc/DecoyDiscrimination/scripts/min/min.in  
| MDOUT: NoH_1_empty_tag_1_506_0001.out                                        
|INPCRD: NoH_1_empty_tag_1_506_0001.rst7                                       
|  PARM: NoH_1_empty_tag_1_506_0001.parm7                                      
|RESTRT: min_NoH_1_empty_tag_1_506_0001.rst7                                   
|  REFC: NoH_1_empty_tag_1_506_0001.rst7                                       
| MDVEL: mdvel                                                                 
| MDFRC: mdfrc                                                                 
|  MDEN: mden                                                                  
| MDCRD: mdcrd                                                                 
|MDINFO: mdinfo                                                                
|  MTMD: mtmd                                                                  
|INPDIP: inpdip                                                                
|RSTDIP: rstdip                                                                
|INPTRA: inptraj                                                               


 Here is the input file:

                                                                               
&cntrl                                                                         
    imin = 1, maxcyc=1000,                                                     
    ntx = 1,                                                                   
    ntwr = 100, ntpr = 100,                                                    
    cut = 999.0,                                                               
    ntb = 0, igb = 8,                                                          
    ntr = 1, restraint_wt = 10, restraintmask = "!@H=",                        
/                                                                              

--------------------------------------------------------------------------------
   1.  RESOURCE   USE: 
--------------------------------------------------------------------------------

| Flags:                                                                        
| New format PARM file being parsed.
| Version =    1.000 Date = 02/03/16 Time = 11:45:08
 NATOM  =    1590 NTYPES =      14 NBONH =     791 MBONA  =     820
 NTHETH =    1812 MTHETA =    1115 NPHIH =    3578 MPHIA  =    3525
 NHPARM =       0 NPARM  =       0 NNB   =    8805 NRES   =     104
 NBONA  =     820 NTHETA =    1115 NPHIA =    3525 NUMBND =      65
 NUMANG =     152 NPTRA  =     189 NATYP =      33 NPHB   =       0
 IFBOX  =       0 NMXRS  =      24 IFCAP =       0 NEXTRA =       0
 NCOPY  =       0

 Implicit solvent radii are ArgH and AspGluO modified Bondi2 radii (mbondi3)                                
 Replacing prmtop screening parameters with GBn2 (igb=8) values

|     Memory Use     Allocated
|     Real              145027
|     Hollerith           4876
|     Integer           109197
|     Max Pairs              1
|     nblistReal             0
|     nblist Int             0
|       Total             1578 kbytes

| Note: 1-4 EEL scale factors are being read from the topology file.

| Note: 1-4 VDW scale factors are being read from the topology file.
| Duplicated    0 dihedrals
| Duplicated    0 dihedrals

--------------------------------------------------------------------------------
   2.  CONTROL  DATA  FOR  THE  RUN
--------------------------------------------------------------------------------

default_name                                                                    

General flags:
     imin    =       1, nmropt  =       0

Nature and format of input:
     ntx     =       1, irest   =       0, ntrx    =       1

Nature and format of output:
     ntxo    =       1, ntpr    =     100, ntrx    =       1, ntwr    =     100
     iwrap   =       0, ntwx    =       0, ntwv    =       0, ntwe    =       0
     ioutfm  =       0, ntwprt  =       0, idecomp =       0, rbornstat=      0

Potential function:
     ntf     =       1, ntb     =       0, igb     =       8, nsnb    =      25
     ipol    =       0, gbsa    =       0, iesp    =       0
     dielc   =   1.00000, cut     = 999.00000, intdiel =   1.00000
     saltcon =   0.00000, offset  =   0.19514, surften =   0.00500
     rdt     =   0.00000, rgbmax  =  25.00000  extdiel =  78.50000
     alpb  =        0
     gbalphaH  =   0.78844, gbbetaH   =   0.79870,  gbgammaH  =    0.43733
     gbalphaC  =   0.73376, gbbetaC   =   0.50638,  gbgammaC  =    0.20584
     gbalphaN  =   0.50336, gbbetaN   =   0.31683,  gbgammaN  =    0.19292
     gbalphaOS =   0.86781, gbbetaOS  =   0.87664,  gbgammaOS =    0.38788
     gbalphaP  =   1.00000, gbbetaP   =   0.80000,  gbgammaP  =    4.85000
     gb_alpha_hnu  =   0.53705, gb_beta_hnu   =   0.36286,  gb_gamma_hnu  =    0.11670
     gb_alpha_cnu  =   0.33167, gb_beta_cnu   =   0.19684,  gb_gamma_cnu  =    0.09342
     gb_alpha_nnu  =   0.68631, gb_beta_nnu   =   0.46319,  gb_gamma_nnu  =    0.13872
     gb_alpha_onu  =   0.60634, gb_beta_onu   =   0.46301,  gb_gamma_onu  =    0.14226
     gb_alpha_pnu  =   0.41836, gb_beta_pnu   =   0.29005,  gb_gamma_pnu  =    0.10642

Frozen or restrained atoms:
     ibelly  =       0, ntr     =       1
     restraint_wt =  10.00000

Energy minimization:
     maxcyc  =    1000, ncyc    =      10, ntmin   =       1
     dx0     =   0.01000, drms    =   0.00010
|  INFO: Old style inpcrd file read


    LOADING THE CONSTRAINED ATOMS AS GROUPS


   5.  REFERENCE ATOM COORDINATES

  defa
     Mask !@H=; matches   799 atoms

--------------------------------------------------------------------------------
   3.  ATOMIC COORDINATES AND VELOCITIES
--------------------------------------------------------------------------------

default_name                                                                    
 begin time read from input coords =     0.000 ps

 Number of triangulated 3-point waters found:        0

--------------------------------------------------------------------------------
   4.  RESULTS
--------------------------------------------------------------------------------



   NSTEP       ENERGY          RMS            GMAX         NAME    NUMBER
      1      -2.1891E+03     9.0999E+00     7.2588E+01     OXT      1590

 BOND    =       70.3283  ANGLE   =      211.5107  DIHED      =     1078.3794
 VDWAALS =     -644.0527  EEL     =    -7280.3000  EGB        =    -1797.6522
 1-4 VDW =      439.7476  1-4 EEL =     5732.9846  RESTRAINT  =        0.0000


   NSTEP       ENERGY          RMS            GMAX         NAME    NUMBER
    100      -2.5686E+03     2.6692E-01     2.9893E+00     OG1      1388

 BOND    =       31.0171  ANGLE   =      208.2781  DIHED      =     1079.1066
 VDWAALS =     -796.0919  EEL     =    -7299.6734  EGB        =    -1811.2708
 1-4 VDW =      329.7382  1-4 EEL =     5647.6139  RESTRAINT  =       42.6487
 EAMBER  =    -2611.2821


   NSTEP       ENERGY          RMS            GMAX         NAME    NUMBER
    200      -2.5727E+03     9.3208E-02     1.3427E+00     H3          4

 BOND    =       30.8664  ANGLE   =      208.8116  DIHED      =     1078.0845
 VDWAALS =     -799.8591  EEL     =    -7301.7571  EGB        =    -1812.3703
 1-4 VDW =      329.8497  1-4 EEL =     5648.4949  RESTRAINT  =       45.1507
 EAMBER  =    -2617.8793


   NSTEP       ENERGY          RMS            GMAX         NAME    NUMBER
    300      -2.5735E+03     1.7219E-02     3.1317E-01     CD        193

 BOND    =       30.7214  ANGLE   =      208.4790  DIHED      =     1077.5453
 VDWAALS =     -799.9664  EEL     =    -7302.4369  EGB        =    -1811.7440
 1-4 VDW =      330.3295  1-4 EEL =     5648.7187  RESTRAINT  =       44.8993
 EAMBER  =    -2618.3534


   NSTEP       ENERGY          RMS            GMAX         NAME    NUMBER
    400      -2.5750E+03     2.3482E-01     6.2656E+00     HG       1180

 BOND    =       31.4141  ANGLE   =      209.5240  DIHED      =     1078.3171
 VDWAALS =     -800.6313  EEL     =    -7308.6102  EGB        =    -1808.5145
 1-4 VDW =      329.0587  1-4 EEL =     5648.6501  RESTRAINT  =       45.8139
 EAMBER  =    -2620.7920


   NSTEP       ENERGY          RMS            GMAX         NAME    NUMBER
    500      -2.5800E+03     3.4636E-02     4.8271E-01     CA       1153

 BOND    =       30.8859  ANGLE   =      208.5768  DIHED      =     1077.1169
 VDWAALS =     -798.6596  EEL     =    -7313.6407  EGB        =    -1808.0561
 1-4 VDW =      330.2891  1-4 EEL =     5648.8525  RESTRAINT  =       44.6360
 EAMBER  =    -2624.6352


   NSTEP       ENERGY          RMS            GMAX         NAME    NUMBER
    600      -2.5804E+03     2.4184E-01     7.0289E+00     HG1       635

 BOND    =       31.2735  ANGLE   =      208.9216  DIHED      =     1076.6575
 VDWAALS =     -799.0994  EEL     =    -7315.7535  EGB        =    -1807.0030
 1-4 VDW =      330.0319  1-4 EEL =     5649.7340  RESTRAINT  =       44.8339
 EAMBER  =    -2625.2374


   NSTEP       ENERGY          RMS            GMAX         NAME    NUMBER
    700      -2.5813E+03     1.8183E-02     2.5726E-01     HG       1180

 BOND    =       30.8481  ANGLE   =      208.5206  DIHED      =     1075.5624
 VDWAALS =     -798.8489  EEL     =    -7315.6975  EGB        =    -1807.0959
 1-4 VDW =      330.4366  1-4 EEL =     5650.2689  RESTRAINT  =       44.6781
 EAMBER  =    -2626.0058


   NSTEP       ENERGY          RMS            GMAX         NAME    NUMBER
    800      -2.5813E+03     1.2259E-03     3.7102E-02     CD        193

 BOND    =       30.8264  ANGLE   =      208.4832  DIHED      =     1075.5184
 VDWAALS =     -798.7782  EEL     =    -7315.6481  EGB        =    -1807.1034
 1-4 VDW =      330.5193  1-4 EEL =     5650.2232  RESTRAINT  =       44.6268
 EAMBER  =    -2625.9593


                    FINAL RESULTS



   NSTEP       ENERGY          RMS            GMAX         NAME    NUMBER
    850      -2.5813E+03     8.4823E-05     1.4833E-03     CE2       650

 BOND    =       30.8255  ANGLE   =      208.4825  DIHED      =     1075.5179
 VDWAALS =     -798.7766  EEL     =    -7315.6458  EGB        =    -1807.1038
 1-4 VDW =      330.5215  1-4 EEL =     5650.2209  RESTRAINT  =       44.6255
 EAMBER  =    -2625.9580

--------------------------------------------------------------------------------
   5.  TIMINGS
--------------------------------------------------------------------------------

|                Calc gb radii             50.19 (20.27% of Gen B)
|                Calc gb diag              93.05 (37.57% of Gen B)
|                Calc gb off-diag         104.43 (42.16% of Gen B)
|             Gen Born time            247.68 (100.0% of Nonbo)
|          Nonbond force            247.68 (99.29% of Force)
|          Bond/Angle/Dihedral        1.75 ( 0.70% of Force)
|          Other                      0.01 ( 0.01% of Force)
|       Force time               249.45 (100.0% of Runmd)
|    Runmd Time               249.45 (99.83% of Total)
|    Other                      0.43 ( 0.17% of Total)
| Total time               249.88 (100.0% of ALL  )

| Number of list builds   :          0

| Highest rstack allocated:          0
| Highest istack allocated:          0
|           Job began  at 12:48:03.244  on 02/03/2016
|           Setup done at 12:48:03.323  on 02/03/2016
|           Run   done at 12:52:13.125  on 02/03/2016
|     wallclock() was called   15328 times
