
          -------------------------------------------------------
          Amber 14 SANDER                              2014
          -------------------------------------------------------

| Run on 02/03/2016 at 14:37:28

|   Executable path: sander
| Working directory: /lustre/cs1500/scratch/kmb413/RealDecoyDisc/DecoyDiscrimination/decoys.set2.init/1aaj/Rosetta_relaxed
|          Hostname: slepner43


File Assignments:
|  MDIN: /scratch/kmb413/RealDecoyDisc/DecoyDiscrimination/scripts/min/min.in  
| MDOUT: NoH_5_empty_tag_1_542_0001.out                                        
|INPCRD: NoH_5_empty_tag_1_542_0001.rst7                                       
|  PARM: NoH_5_empty_tag_1_542_0001.parm7                                      
|RESTRT: min_NoH_5_empty_tag_1_542_0001.rst7                                   
|  REFC: NoH_5_empty_tag_1_542_0001.rst7                                       
| MDVEL: mdvel                                                                 
| MDFRC: mdfrc                                                                 
|  MDEN: mden                                                                  
| MDCRD: mdcrd                                                                 
|MDINFO: mdinfo                                                                
|  MTMD: mtmd                                                                  
|INPDIP: inpdip                                                                
|RSTDIP: rstdip                                                                
|INPTRA: inptraj                                                               


 Here is the input file:

                                                                               
&cntrl                                                                         
    imin = 1, maxcyc=1000,                                                     
    ntx = 1,                                                                   
    ntwr = 100, ntpr = 100,                                                    
    cut = 999.0,                                                               
    ntb = 0, igb = 8,                                                          
    ntr = 1, restraint_wt = 10, restraintmask = "!@H=",                        
/                                                                              

--------------------------------------------------------------------------------
   1.  RESOURCE   USE: 
--------------------------------------------------------------------------------

| Flags:                                                                        
| New format PARM file being parsed.
| Version =    1.000 Date = 02/03/16 Time = 11:53:02
 NATOM  =    1590 NTYPES =      14 NBONH =     791 MBONA  =     820
 NTHETH =    1812 MTHETA =    1115 NPHIH =    3578 MPHIA  =    3525
 NHPARM =       0 NPARM  =       0 NNB   =    8805 NRES   =     104
 NBONA  =     820 NTHETA =    1115 NPHIA =    3525 NUMBND =      65
 NUMANG =     152 NPTRA  =     189 NATYP =      33 NPHB   =       0
 IFBOX  =       0 NMXRS  =      24 IFCAP =       0 NEXTRA =       0
 NCOPY  =       0

 Implicit solvent radii are ArgH and AspGluO modified Bondi2 radii (mbondi3)                                
 Replacing prmtop screening parameters with GBn2 (igb=8) values

|     Memory Use     Allocated
|     Real              145027
|     Hollerith           4876
|     Integer           109197
|     Max Pairs              1
|     nblistReal             0
|     nblist Int             0
|       Total             1578 kbytes

| Note: 1-4 EEL scale factors are being read from the topology file.

| Note: 1-4 VDW scale factors are being read from the topology file.
| Duplicated    0 dihedrals
| Duplicated    0 dihedrals

--------------------------------------------------------------------------------
   2.  CONTROL  DATA  FOR  THE  RUN
--------------------------------------------------------------------------------

default_name                                                                    

General flags:
     imin    =       1, nmropt  =       0

Nature and format of input:
     ntx     =       1, irest   =       0, ntrx    =       1

Nature and format of output:
     ntxo    =       1, ntpr    =     100, ntrx    =       1, ntwr    =     100
     iwrap   =       0, ntwx    =       0, ntwv    =       0, ntwe    =       0
     ioutfm  =       0, ntwprt  =       0, idecomp =       0, rbornstat=      0

Potential function:
     ntf     =       1, ntb     =       0, igb     =       8, nsnb    =      25
     ipol    =       0, gbsa    =       0, iesp    =       0
     dielc   =   1.00000, cut     = 999.00000, intdiel =   1.00000
     saltcon =   0.00000, offset  =   0.19514, surften =   0.00500
     rdt     =   0.00000, rgbmax  =  25.00000  extdiel =  78.50000
     alpb  =        0
     gbalphaH  =   0.78844, gbbetaH   =   0.79870,  gbgammaH  =    0.43733
     gbalphaC  =   0.73376, gbbetaC   =   0.50638,  gbgammaC  =    0.20584
     gbalphaN  =   0.50336, gbbetaN   =   0.31683,  gbgammaN  =    0.19292
     gbalphaOS =   0.86781, gbbetaOS  =   0.87664,  gbgammaOS =    0.38788
     gbalphaP  =   1.00000, gbbetaP   =   0.80000,  gbgammaP  =    4.85000
     gb_alpha_hnu  =   0.53705, gb_beta_hnu   =   0.36286,  gb_gamma_hnu  =    0.11670
     gb_alpha_cnu  =   0.33167, gb_beta_cnu   =   0.19684,  gb_gamma_cnu  =    0.09342
     gb_alpha_nnu  =   0.68631, gb_beta_nnu   =   0.46319,  gb_gamma_nnu  =    0.13872
     gb_alpha_onu  =   0.60634, gb_beta_onu   =   0.46301,  gb_gamma_onu  =    0.14226
     gb_alpha_pnu  =   0.41836, gb_beta_pnu   =   0.29005,  gb_gamma_pnu  =    0.10642

Frozen or restrained atoms:
     ibelly  =       0, ntr     =       1
     restraint_wt =  10.00000

Energy minimization:
     maxcyc  =    1000, ncyc    =      10, ntmin   =       1
     dx0     =   0.01000, drms    =   0.00010
|  INFO: Old style inpcrd file read


    LOADING THE CONSTRAINED ATOMS AS GROUPS


   5.  REFERENCE ATOM COORDINATES

  defa
     Mask !@H=; matches   799 atoms

--------------------------------------------------------------------------------
   3.  ATOMIC COORDINATES AND VELOCITIES
--------------------------------------------------------------------------------

default_name                                                                    
 begin time read from input coords =     0.000 ps

 Number of triangulated 3-point waters found:        0

--------------------------------------------------------------------------------
   4.  RESULTS
--------------------------------------------------------------------------------



   NSTEP       ENERGY          RMS            GMAX         NAME    NUMBER
      1      -2.2127E+03     9.1639E+00     6.0390E+01     O        1589

 BOND    =       71.1663  ANGLE   =      211.4824  DIHED      =     1080.6425
 VDWAALS =     -647.9721  EEL     =    -7304.2942  EGB        =    -1777.8709
 1-4 VDW =      441.2610  1-4 EEL =     5712.8630  RESTRAINT  =        0.0000


   NSTEP       ENERGY          RMS            GMAX         NAME    NUMBER
    100      -2.5911E+03     2.6815E-01     3.0078E+00     OG1      1388

 BOND    =       31.0353  ANGLE   =      208.8266  DIHED      =     1080.4843
 VDWAALS =     -795.2904  EEL     =    -7327.0728  EGB        =    -1791.8800
 1-4 VDW =      330.3206  1-4 EEL =     5631.8310  RESTRAINT  =       40.6500
 EAMBER  =    -2631.7454


   NSTEP       ENERGY          RMS            GMAX         NAME    NUMBER
    200      -2.5966E+03     5.8102E-02     8.4474E-01     CD       1585

 BOND    =       30.7215  ANGLE   =      209.1400  DIHED      =     1078.9689
 VDWAALS =     -797.6794  EEL     =    -7329.7344  EGB        =    -1793.2304
 1-4 VDW =      330.7425  1-4 EEL =     5632.2189  RESTRAINT  =       42.2690
 EAMBER  =    -2638.8523


   NSTEP       ENERGY          RMS            GMAX         NAME    NUMBER
    300      -2.5968E+03     1.2872E-02     2.4801E-01     CD        729

 BOND    =       30.6751  ANGLE   =      209.0450  DIHED      =     1079.0323
 VDWAALS =     -798.2566  EEL     =    -7329.6888  EGB        =    -1793.4623
 1-4 VDW =      331.0553  1-4 EEL =     5632.3173  RESTRAINT  =       42.4678
 EAMBER  =    -2639.2825


   NSTEP       ENERGY          RMS            GMAX         NAME    NUMBER
    400      -2.5968E+03     6.8097E-03     1.5361E-01     CD       1585

 BOND    =       30.6555  ANGLE   =      209.0358  DIHED      =     1079.0924
 VDWAALS =     -798.3433  EEL     =    -7329.7041  EGB        =    -1793.4798
 1-4 VDW =      331.1044  1-4 EEL =     5632.3229  RESTRAINT  =       42.4935
 EAMBER  =    -2639.3163


   NSTEP       ENERGY          RMS            GMAX         NAME    NUMBER
    500      -2.5968E+03     1.0799E-03     1.6228E-02     HG1       605

 BOND    =       30.6504  ANGLE   =      209.0209  DIHED      =     1079.1394
 VDWAALS =     -798.3616  EEL     =    -7329.7026  EGB        =    -1793.4896
 1-4 VDW =      331.1275  1-4 EEL =     5632.3023  RESTRAINT  =       42.4886
 EAMBER  =    -2639.3132


   NSTEP       ENERGY          RMS            GMAX         NAME    NUMBER
    600      -2.5968E+03     6.7336E-04     1.4650E-02     HG1       605

 BOND    =       30.6532  ANGLE   =      209.0226  DIHED      =     1079.1667
 VDWAALS =     -798.3599  EEL     =    -7329.6656  EGB        =    -1793.5315
 1-4 VDW =      331.1224  1-4 EEL =     5632.2823  RESTRAINT  =       42.4847
 EAMBER  =    -2639.3098


   NSTEP       ENERGY          RMS            GMAX         NAME    NUMBER
    700      -2.5969E+03     3.7845E-02     7.1737E-01     HG1       605

 BOND    =       30.6090  ANGLE   =      209.0035  DIHED      =     1079.5493
 VDWAALS =     -798.2684  EEL     =    -7329.1463  EGB        =    -1794.2177
 1-4 VDW =      331.1847  1-4 EEL =     5632.0635  RESTRAINT  =       42.3616
 EAMBER  =    -2639.2223


   NSTEP       ENERGY          RMS            GMAX         NAME    NUMBER
    800      -2.6022E+03     7.9214E-02     1.5107E+00     HG1       605

 BOND    =       30.7504  ANGLE   =      209.1827  DIHED      =     1078.5894
 VDWAALS =     -796.9954  EEL     =    -7333.0277  EGB        =    -1796.5988
 1-4 VDW =      331.1770  1-4 EEL =     5632.7490  RESTRAINT  =       42.0183
 EAMBER  =    -2644.1734


   NSTEP       ENERGY          RMS            GMAX         NAME    NUMBER
    900      -2.6022E+03     2.7490E-02     4.8759E-01     CE2       650

 BOND    =       30.7283  ANGLE   =      209.2149  DIHED      =     1078.5966
 VDWAALS =     -797.0100  EEL     =    -7332.9437  EGB        =    -1796.9703
 1-4 VDW =      331.1952  1-4 EEL =     5632.9755  RESTRAINT  =       41.9864
 EAMBER  =    -2644.2135


   NSTEP       ENERGY          RMS            GMAX         NAME    NUMBER
   1000      -2.6022E+03     2.3110E-04     4.1357E-03     CG2       600

 BOND    =       30.7319  ANGLE   =      209.2183  DIHED      =     1078.6041
 VDWAALS =     -797.0197  EEL     =    -7332.9236  EGB        =    -1797.0102
 1-4 VDW =      331.1842  1-4 EEL =     5632.9900  RESTRAINT  =       41.9963
 EAMBER  =    -2644.2250


  Maximum number of minimization cycles reached.


                    FINAL RESULTS



   NSTEP       ENERGY          RMS            GMAX         NAME    NUMBER
   1000      -2.6022E+03     2.3110E-04     4.1357E-03     CG2       600

 BOND    =       30.7319  ANGLE   =      209.2183  DIHED      =     1078.6041
 VDWAALS =     -797.0197  EEL     =    -7332.9236  EGB        =    -1797.0102
 1-4 VDW =      331.1842  1-4 EEL =     5632.9900  RESTRAINT  =       41.9963
 EAMBER  =    -2644.2250

--------------------------------------------------------------------------------
   5.  TIMINGS
--------------------------------------------------------------------------------

|                Calc gb radii             59.31 (20.07% of Gen B)
|                Calc gb diag             113.07 (38.27% of Gen B)
|                Calc gb off-diag         123.09 (41.66% of Gen B)
|             Gen Born time            295.48 (100.0% of Nonbo)
|          Nonbond force            295.48 (99.30% of Force)
|          Bond/Angle/Dihedral        2.08 ( 0.70% of Force)
|          Other                      0.02 ( 0.01% of Force)
|       Force time               297.57 (100.0% of Runmd)
|    Runmd Time               297.57 (99.77% of Total)
|    Other                      0.67 ( 0.23% of Total)
| Total time               298.25 (100.0% of ALL  )

| Number of list builds   :          0

| Highest rstack allocated:          0
| Highest istack allocated:          0
|           Job began  at 14:37:28.397  on 02/03/2016
|           Setup done at 14:37:28.483  on 02/03/2016
|           Run   done at 14:42:26.643  on 02/03/2016
|     wallclock() was called   18028 times
