
          -------------------------------------------------------
          Amber 14 SANDER                              2014
          -------------------------------------------------------

| Run on 02/03/2016 at 15:35:24

|   Executable path: sander
| Working directory: /lustre/cs1500/scratch/kmb413/RealDecoyDisc/DecoyDiscrimination/decoys.set2.init/1aaj/Rosetta_relaxed
|          Hostname: slepner15


File Assignments:
|  MDIN: /scratch/kmb413/RealDecoyDisc/DecoyDiscrimination/scripts/min/min.in  
| MDOUT: NoH_5_empty_tag_1_834_0001.out                                        
|INPCRD: NoH_5_empty_tag_1_834_0001.rst7                                       
|  PARM: NoH_5_empty_tag_1_834_0001.parm7                                      
|RESTRT: min_NoH_5_empty_tag_1_834_0001.rst7                                   
|  REFC: NoH_5_empty_tag_1_834_0001.rst7                                       
| MDVEL: mdvel                                                                 
| MDFRC: mdfrc                                                                 
|  MDEN: mden                                                                  
| MDCRD: mdcrd                                                                 
|MDINFO: mdinfo                                                                
|  MTMD: mtmd                                                                  
|INPDIP: inpdip                                                                
|RSTDIP: rstdip                                                                
|INPTRA: inptraj                                                               


 Here is the input file:

                                                                               
&cntrl                                                                         
    imin = 1, maxcyc=1000,                                                     
    ntx = 1,                                                                   
    ntwr = 100, ntpr = 100,                                                    
    cut = 999.0,                                                               
    ntb = 0, igb = 8,                                                          
    ntr = 1, restraint_wt = 10, restraintmask = "!@H=",                        
/                                                                              

--------------------------------------------------------------------------------
   1.  RESOURCE   USE: 
--------------------------------------------------------------------------------

| Flags:                                                                        
| New format PARM file being parsed.
| Version =    1.000 Date = 02/03/16 Time = 11:53:21
 NATOM  =    1590 NTYPES =      14 NBONH =     791 MBONA  =     820
 NTHETH =    1812 MTHETA =    1115 NPHIH =    3578 MPHIA  =    3525
 NHPARM =       0 NPARM  =       0 NNB   =    8805 NRES   =     104
 NBONA  =     820 NTHETA =    1115 NPHIA =    3525 NUMBND =      65
 NUMANG =     152 NPTRA  =     189 NATYP =      33 NPHB   =       0
 IFBOX  =       0 NMXRS  =      24 IFCAP =       0 NEXTRA =       0
 NCOPY  =       0

 Implicit solvent radii are ArgH and AspGluO modified Bondi2 radii (mbondi3)                                
 Replacing prmtop screening parameters with GBn2 (igb=8) values

|     Memory Use     Allocated
|     Real              145027
|     Hollerith           4876
|     Integer           109197
|     Max Pairs              1
|     nblistReal             0
|     nblist Int             0
|       Total             1578 kbytes

| Note: 1-4 EEL scale factors are being read from the topology file.

| Note: 1-4 VDW scale factors are being read from the topology file.
| Duplicated    0 dihedrals
| Duplicated    0 dihedrals

--------------------------------------------------------------------------------
   2.  CONTROL  DATA  FOR  THE  RUN
--------------------------------------------------------------------------------

default_name                                                                    

General flags:
     imin    =       1, nmropt  =       0

Nature and format of input:
     ntx     =       1, irest   =       0, ntrx    =       1

Nature and format of output:
     ntxo    =       1, ntpr    =     100, ntrx    =       1, ntwr    =     100
     iwrap   =       0, ntwx    =       0, ntwv    =       0, ntwe    =       0
     ioutfm  =       0, ntwprt  =       0, idecomp =       0, rbornstat=      0

Potential function:
     ntf     =       1, ntb     =       0, igb     =       8, nsnb    =      25
     ipol    =       0, gbsa    =       0, iesp    =       0
     dielc   =   1.00000, cut     = 999.00000, intdiel =   1.00000
     saltcon =   0.00000, offset  =   0.19514, surften =   0.00500
     rdt     =   0.00000, rgbmax  =  25.00000  extdiel =  78.50000
     alpb  =        0
     gbalphaH  =   0.78844, gbbetaH   =   0.79870,  gbgammaH  =    0.43733
     gbalphaC  =   0.73376, gbbetaC   =   0.50638,  gbgammaC  =    0.20584
     gbalphaN  =   0.50336, gbbetaN   =   0.31683,  gbgammaN  =    0.19292
     gbalphaOS =   0.86781, gbbetaOS  =   0.87664,  gbgammaOS =    0.38788
     gbalphaP  =   1.00000, gbbetaP   =   0.80000,  gbgammaP  =    4.85000
     gb_alpha_hnu  =   0.53705, gb_beta_hnu   =   0.36286,  gb_gamma_hnu  =    0.11670
     gb_alpha_cnu  =   0.33167, gb_beta_cnu   =   0.19684,  gb_gamma_cnu  =    0.09342
     gb_alpha_nnu  =   0.68631, gb_beta_nnu   =   0.46319,  gb_gamma_nnu  =    0.13872
     gb_alpha_onu  =   0.60634, gb_beta_onu   =   0.46301,  gb_gamma_onu  =    0.14226
     gb_alpha_pnu  =   0.41836, gb_beta_pnu   =   0.29005,  gb_gamma_pnu  =    0.10642

Frozen or restrained atoms:
     ibelly  =       0, ntr     =       1
     restraint_wt =  10.00000

Energy minimization:
     maxcyc  =    1000, ncyc    =      10, ntmin   =       1
     dx0     =   0.01000, drms    =   0.00010
|  INFO: Old style inpcrd file read


    LOADING THE CONSTRAINED ATOMS AS GROUPS


   5.  REFERENCE ATOM COORDINATES

  defa
     Mask !@H=; matches   799 atoms

--------------------------------------------------------------------------------
   3.  ATOMIC COORDINATES AND VELOCITIES
--------------------------------------------------------------------------------

default_name                                                                    
 begin time read from input coords =     0.000 ps

 Number of triangulated 3-point waters found:        0

--------------------------------------------------------------------------------
   4.  RESULTS
--------------------------------------------------------------------------------



   NSTEP       ENERGY          RMS            GMAX         NAME    NUMBER
      1      -2.1888E+03     9.2147E+00     6.1870E+01     OE1       945

 BOND    =       70.7730  ANGLE   =      211.8897  DIHED      =     1086.7834
 VDWAALS =     -642.1658  EEL     =    -7417.5267  EGB        =    -1679.4737
 1-4 VDW =      444.4832  1-4 EEL =     5736.4228  RESTRAINT  =        0.0000


   NSTEP       ENERGY          RMS            GMAX         NAME    NUMBER
    100      -2.5696E+03     3.1362E-01     2.1196E+00     CE2       650

 BOND    =       31.1230  ANGLE   =      210.9164  DIHED      =     1088.7937
 VDWAALS =     -801.2717  EEL     =    -7431.9049  EGB        =    -1698.8475
 1-4 VDW =      332.1859  1-4 EEL =     5655.2288  RESTRAINT  =       44.1752
 EAMBER  =    -2613.7761


   NSTEP       ENERGY          RMS            GMAX         NAME    NUMBER
    200      -2.5812E+03     3.7626E-01     4.5663E+00     HG1      1213

 BOND    =       31.8330  ANGLE   =      212.8598  DIHED      =     1089.1194
 VDWAALS =     -803.2707  EEL     =    -7451.9290  EGB        =    -1690.4658
 1-4 VDW =      330.4328  1-4 EEL =     5653.5688  RESTRAINT  =       46.6869
 EAMBER  =    -2627.8517


   NSTEP       ENERGY          RMS            GMAX         NAME    NUMBER
    300      -2.5973E+03     8.9106E-02     1.6354E+00     CG       1324

 BOND    =       31.4787  ANGLE   =      211.2530  DIHED      =     1085.4671
 VDWAALS =     -801.4651  EEL     =    -7469.9162  EGB        =    -1686.8864
 1-4 VDW =      331.8864  1-4 EEL =     5655.7746  RESTRAINT  =       45.0678
 EAMBER  =    -2642.4079


   NSTEP       ENERGY          RMS            GMAX         NAME    NUMBER
    400      -2.5974E+03     1.1401E-02     1.2766E-01     CD2       659

 BOND    =       31.4297  ANGLE   =      210.8663  DIHED      =     1085.3390
 VDWAALS =     -801.3852  EEL     =    -7470.1278  EGB        =    -1686.7665
 1-4 VDW =      332.2278  1-4 EEL =     5656.0925  RESTRAINT  =       44.8960
 EAMBER  =    -2642.3243


   NSTEP       ENERGY          RMS            GMAX         NAME    NUMBER
    500      -2.5974E+03     3.7246E-03     5.1042E-02     CD       1119

 BOND    =       31.4098  ANGLE   =      210.8260  DIHED      =     1085.3118
 VDWAALS =     -801.4032  EEL     =    -7470.1216  EGB        =    -1686.7646
 1-4 VDW =      332.2863  1-4 EEL =     5656.1258  RESTRAINT  =       44.8958
 EAMBER  =    -2642.3297


   NSTEP       ENERGY          RMS            GMAX         NAME    NUMBER
    600      -2.5974E+03     1.1477E-03     1.4919E-02     CE2       650

 BOND    =       31.4046  ANGLE   =      210.8234  DIHED      =     1085.3047
 VDWAALS =     -801.4130  EEL     =    -7470.1193  EGB        =    -1686.7667
 1-4 VDW =      332.2934  1-4 EEL =     5656.1335  RESTRAINT  =       44.9044
 EAMBER  =    -2642.3394


   NSTEP       ENERGY          RMS            GMAX         NAME    NUMBER
    700      -2.5974E+03     4.5539E-04     4.9821E-03     OG1      1212

 BOND    =       31.4028  ANGLE   =      210.8221  DIHED      =     1085.3026
 VDWAALS =     -801.4175  EEL     =    -7470.1210  EGB        =    -1686.7670
 1-4 VDW =      332.2975  1-4 EEL =     5656.1378  RESTRAINT  =       44.9077
 EAMBER  =    -2642.3428


                    FINAL RESULTS



   NSTEP       ENERGY          RMS            GMAX         NAME    NUMBER
    744      -2.5974E+03     7.9681E-05     1.1589E-03     HE3      1045

 BOND    =       31.4027  ANGLE   =      210.8229  DIHED      =     1085.3018
 VDWAALS =     -801.4203  EEL     =    -7470.1216  EGB        =    -1686.7673
 1-4 VDW =      332.2980  1-4 EEL =     5656.1386  RESTRAINT  =       44.9101
 EAMBER  =    -2642.3452

--------------------------------------------------------------------------------
   5.  TIMINGS
--------------------------------------------------------------------------------

|                Calc gb radii             44.33 (20.45% of Gen B)
|                Calc gb diag              81.98 (37.82% of Gen B)
|                Calc gb off-diag          90.46 (41.73% of Gen B)
|             Gen Born time            216.77 (100.0% of Nonbo)
|          Nonbond force            216.77 (99.29% of Force)
|          Bond/Angle/Dihedral        1.54 ( 0.71% of Force)
|          Other                      0.01 ( 0.01% of Force)
|       Force time               218.33 (100.0% of Runmd)
|    Runmd Time               218.33 (99.60% of Total)
|    Other                      0.88 ( 0.40% of Total)
| Total time               219.21 (100.0% of ALL  )

| Number of list builds   :          0

| Highest rstack allocated:          0
| Highest istack allocated:          0
|           Job began  at 15:35:24.340  on 02/03/2016
|           Setup done at 15:35:24.391  on 02/03/2016
|           Run   done at 15:39:03.547  on 02/03/2016
|     wallclock() was called   13420 times
