
          -------------------------------------------------------
          Amber 14 SANDER                              2014
          -------------------------------------------------------

| Run on 02/03/2016 at 12:37:49

|   Executable path: sander
| Working directory: /lustre/cs1500/scratch/kmb413/RealDecoyDisc/DecoyDiscrimination/decoys.set2.init/1aaj/Rosetta_relaxed
|          Hostname: slepner13


File Assignments:
|  MDIN: /scratch/kmb413/RealDecoyDisc/DecoyDiscrimination/scripts/min/min.in  
| MDOUT: NoH_4_empty_tag_1_134_0001.out                                        
|INPCRD: NoH_4_empty_tag_1_134_0001.rst7                                       
|  PARM: NoH_4_empty_tag_1_134_0001.parm7                                      
|RESTRT: min_NoH_4_empty_tag_1_134_0001.rst7                                   
|  REFC: NoH_4_empty_tag_1_134_0001.rst7                                       
| MDVEL: mdvel                                                                 
| MDFRC: mdfrc                                                                 
|  MDEN: mden                                                                  
| MDCRD: mdcrd                                                                 
|MDINFO: mdinfo                                                                
|  MTMD: mtmd                                                                  
|INPDIP: inpdip                                                                
|RSTDIP: rstdip                                                                
|INPTRA: inptraj                                                               


 Here is the input file:

                                                                               
&cntrl                                                                         
    imin = 1, maxcyc=1000,                                                     
    ntx = 1,                                                                   
    ntwr = 100, ntpr = 100,                                                    
    cut = 999.0,                                                               
    ntb = 0, igb = 8,                                                          
    ntr = 1, restraint_wt = 10, restraintmask = "!@H=",                        
/                                                                              

--------------------------------------------------------------------------------
   1.  RESOURCE   USE: 
--------------------------------------------------------------------------------

| Flags:                                                                        
| New format PARM file being parsed.
| Version =    1.000 Date = 02/03/16 Time = 11:50:28
 NATOM  =    1590 NTYPES =      14 NBONH =     791 MBONA  =     820
 NTHETH =    1812 MTHETA =    1115 NPHIH =    3578 MPHIA  =    3525
 NHPARM =       0 NPARM  =       0 NNB   =    8805 NRES   =     104
 NBONA  =     820 NTHETA =    1115 NPHIA =    3525 NUMBND =      65
 NUMANG =     152 NPTRA  =     189 NATYP =      33 NPHB   =       0
 IFBOX  =       0 NMXRS  =      24 IFCAP =       0 NEXTRA =       0
 NCOPY  =       0

 Implicit solvent radii are ArgH and AspGluO modified Bondi2 radii (mbondi3)                                
 Replacing prmtop screening parameters with GBn2 (igb=8) values

|     Memory Use     Allocated
|     Real              145027
|     Hollerith           4876
|     Integer           109197
|     Max Pairs              1
|     nblistReal             0
|     nblist Int             0
|       Total             1578 kbytes

| Note: 1-4 EEL scale factors are being read from the topology file.

| Note: 1-4 VDW scale factors are being read from the topology file.
| Duplicated    0 dihedrals
| Duplicated    0 dihedrals

--------------------------------------------------------------------------------
   2.  CONTROL  DATA  FOR  THE  RUN
--------------------------------------------------------------------------------

default_name                                                                    

General flags:
     imin    =       1, nmropt  =       0

Nature and format of input:
     ntx     =       1, irest   =       0, ntrx    =       1

Nature and format of output:
     ntxo    =       1, ntpr    =     100, ntrx    =       1, ntwr    =     100
     iwrap   =       0, ntwx    =       0, ntwv    =       0, ntwe    =       0
     ioutfm  =       0, ntwprt  =       0, idecomp =       0, rbornstat=      0

Potential function:
     ntf     =       1, ntb     =       0, igb     =       8, nsnb    =      25
     ipol    =       0, gbsa    =       0, iesp    =       0
     dielc   =   1.00000, cut     = 999.00000, intdiel =   1.00000
     saltcon =   0.00000, offset  =   0.19514, surften =   0.00500
     rdt     =   0.00000, rgbmax  =  25.00000  extdiel =  78.50000
     alpb  =        0
     gbalphaH  =   0.78844, gbbetaH   =   0.79870,  gbgammaH  =    0.43733
     gbalphaC  =   0.73376, gbbetaC   =   0.50638,  gbgammaC  =    0.20584
     gbalphaN  =   0.50336, gbbetaN   =   0.31683,  gbgammaN  =    0.19292
     gbalphaOS =   0.86781, gbbetaOS  =   0.87664,  gbgammaOS =    0.38788
     gbalphaP  =   1.00000, gbbetaP   =   0.80000,  gbgammaP  =    4.85000
     gb_alpha_hnu  =   0.53705, gb_beta_hnu   =   0.36286,  gb_gamma_hnu  =    0.11670
     gb_alpha_cnu  =   0.33167, gb_beta_cnu   =   0.19684,  gb_gamma_cnu  =    0.09342
     gb_alpha_nnu  =   0.68631, gb_beta_nnu   =   0.46319,  gb_gamma_nnu  =    0.13872
     gb_alpha_onu  =   0.60634, gb_beta_onu   =   0.46301,  gb_gamma_onu  =    0.14226
     gb_alpha_pnu  =   0.41836, gb_beta_pnu   =   0.29005,  gb_gamma_pnu  =    0.10642

Frozen or restrained atoms:
     ibelly  =       0, ntr     =       1
     restraint_wt =  10.00000

Energy minimization:
     maxcyc  =    1000, ncyc    =      10, ntmin   =       1
     dx0     =   0.01000, drms    =   0.00010
|  INFO: Old style inpcrd file read


    LOADING THE CONSTRAINED ATOMS AS GROUPS


   5.  REFERENCE ATOM COORDINATES

  defa
     Mask !@H=; matches   799 atoms

--------------------------------------------------------------------------------
   3.  ATOMIC COORDINATES AND VELOCITIES
--------------------------------------------------------------------------------

default_name                                                                    
 begin time read from input coords =     0.000 ps

 Number of triangulated 3-point waters found:        0

--------------------------------------------------------------------------------
   4.  RESULTS
--------------------------------------------------------------------------------



   NSTEP       ENERGY          RMS            GMAX         NAME    NUMBER
      1      -2.2525E+03     8.9912E+00     6.3993E+01     OE1       945

 BOND    =       69.3628  ANGLE   =      211.0322  DIHED      =     1058.3166
 VDWAALS =     -685.6004  EEL     =    -7400.9987  EGB        =    -1638.2037
 1-4 VDW =      442.3531  1-4 EEL =     5691.2465  RESTRAINT  =        0.0000


   NSTEP       ENERGY          RMS            GMAX         NAME    NUMBER
    100      -2.6054E+03     4.1297E-01     3.5671E+00     CE2       650

 BOND    =       30.9667  ANGLE   =      206.5288  DIHED      =     1062.7923
 VDWAALS =     -813.3287  EEL     =    -7403.9812  EGB        =    -1668.0785
 1-4 VDW =      332.0259  1-4 EEL =     5606.1197  RESTRAINT  =       41.5718
 EAMBER  =    -2646.9550


   NSTEP       ENERGY          RMS            GMAX         NAME    NUMBER
    200      -2.6255E+03     3.8192E-01     6.0453E+00     HG1       605

 BOND    =       31.6389  ANGLE   =      206.6253  DIHED      =     1060.2122
 VDWAALS =     -812.7222  EEL     =    -7417.7091  EGB        =    -1672.2999
 1-4 VDW =      331.8662  1-4 EEL =     5605.0708  RESTRAINT  =       41.7775
 EAMBER  =    -2667.3179


   NSTEP       ENERGY          RMS            GMAX         NAME    NUMBER
    300      -2.6300E+03     7.2737E-02     9.9680E-01     HG1      1389

 BOND    =       30.8375  ANGLE   =      205.7994  DIHED      =     1057.6851
 VDWAALS =     -812.6802  EEL     =    -7424.1977  EGB        =    -1668.9520
 1-4 VDW =      333.1438  1-4 EEL =     5607.5629  RESTRAINT  =       40.8283
 EAMBER  =    -2670.8011


   NSTEP       ENERGY          RMS            GMAX         NAME    NUMBER
    400      -2.6300E+03     1.2153E-02     1.1634E-01     CA        626

 BOND    =       30.7786  ANGLE   =      205.6422  DIHED      =     1057.7386
 VDWAALS =     -812.7347  EEL     =    -7424.6496  EGB        =    -1668.6608
 1-4 VDW =      333.3986  1-4 EEL =     5607.7224  RESTRAINT  =       40.7322
 EAMBER  =    -2670.7648


   NSTEP       ENERGY          RMS            GMAX         NAME    NUMBER
    500      -2.6300E+03     3.0761E-03     3.4239E-02     CG        799

 BOND    =       30.7706  ANGLE   =      205.6205  DIHED      =     1057.7376
 VDWAALS =     -812.7314  EEL     =    -7424.6596  EGB        =    -1668.6482
 1-4 VDW =      333.4301  1-4 EEL =     5607.7317  RESTRAINT  =       40.7144
 EAMBER  =    -2670.7487


   NSTEP       ENERGY          RMS            GMAX         NAME    NUMBER
    600      -2.6300E+03     1.2816E-03     2.4402E-02     CD        103

 BOND    =       30.7706  ANGLE   =      205.6226  DIHED      =     1057.7393
 VDWAALS =     -812.7375  EEL     =    -7424.6604  EGB        =    -1668.6464
 1-4 VDW =      333.4289  1-4 EEL =     5607.7295  RESTRAINT  =       40.7188
 EAMBER  =    -2670.7533


   NSTEP       ENERGY          RMS            GMAX         NAME    NUMBER
    700      -2.6300E+03     3.0353E-04     4.8739E-03     OG1       634

 BOND    =       30.7694  ANGLE   =      205.6194  DIHED      =     1057.7390
 VDWAALS =     -812.7354  EEL     =    -7424.6599  EGB        =    -1668.6445
 1-4 VDW =      333.4332  1-4 EEL =     5607.7282  RESTRAINT  =       40.7160
 EAMBER  =    -2670.7505


   NSTEP       ENERGY          RMS            GMAX         NAME    NUMBER
    800      -2.6300E+03     1.7693E-04     3.3605E-03     OG1       634

 BOND    =       30.7696  ANGLE   =      205.6194  DIHED      =     1057.7392
 VDWAALS =     -812.7360  EEL     =    -7424.6597  EGB        =    -1668.6445
 1-4 VDW =      333.4334  1-4 EEL =     5607.7276  RESTRAINT  =       40.7164
 EAMBER  =    -2670.7509


                    FINAL RESULTS



   NSTEP       ENERGY          RMS            GMAX         NAME    NUMBER
    816      -2.6300E+03     9.9938E-05     1.8593E-03     OG1       634

 BOND    =       30.7696  ANGLE   =      205.6194  DIHED      =     1057.7392
 VDWAALS =     -812.7361  EEL     =    -7424.6599  EGB        =    -1668.6443
 1-4 VDW =      333.4333  1-4 EEL =     5607.7278  RESTRAINT  =       40.7164
 EAMBER  =    -2670.7510

--------------------------------------------------------------------------------
   5.  TIMINGS
--------------------------------------------------------------------------------

|                Calc gb radii             48.95 (20.42% of Gen B)
|                Calc gb diag              91.00 (37.97% of Gen B)
|                Calc gb off-diag          99.74 (41.61% of Gen B)
|             Gen Born time            239.69 (100.0% of Nonbo)
|          Nonbond force            239.69 (99.29% of Force)
|          Bond/Angle/Dihedral        1.70 ( 0.70% of Force)
|          Other                      0.01 ( 0.01% of Force)
|       Force time               241.41 (100.0% of Runmd)
|    Runmd Time               241.41 (99.61% of Total)
|    Other                      0.95 ( 0.39% of Total)
| Total time               242.36 (100.0% of ALL  )

| Number of list builds   :          0

| Highest rstack allocated:          0
| Highest istack allocated:          0
|           Job began  at 12:37:49.347  on 02/03/2016
|           Setup done at 12:37:49.399  on 02/03/2016
|           Run   done at 12:41:51.707  on 02/03/2016
|     wallclock() was called   14716 times
