
          -------------------------------------------------------
          Amber 14 SANDER                              2014
          -------------------------------------------------------

| Run on 02/03/2016 at 12:04:20

|   Executable path: sander
| Working directory: /lustre/cs1500/scratch/kmb413/RealDecoyDisc/DecoyDiscrimination/decoys.set2.init/1aaj/Rosetta_relaxed
|          Hostname: slepner30


File Assignments:
|  MDIN: /scratch/kmb413/RealDecoyDisc/DecoyDiscrimination/scripts/min/min.in  
| MDOUT: NoH_2_empty_tag_378_0001_0001.out                                     
|INPCRD: NoH_2_empty_tag_378_0001_0001.rst7                                    
|  PARM: NoH_2_empty_tag_378_0001_0001.parm7                                   
|RESTRT: min_NoH_2_empty_tag_378_0001_0001.rst7                                
|  REFC: NoH_2_empty_tag_378_0001_0001.rst7                                    
| MDVEL: mdvel                                                                 
| MDFRC: mdfrc                                                                 
|  MDEN: mden                                                                  
| MDCRD: mdcrd                                                                 
|MDINFO: mdinfo                                                                
|  MTMD: mtmd                                                                  
|INPDIP: inpdip                                                                
|RSTDIP: rstdip                                                                
|INPTRA: inptraj                                                               


 Here is the input file:

                                                                               
&cntrl                                                                         
    imin = 1, maxcyc=1000,                                                     
    ntx = 1,                                                                   
    ntwr = 100, ntpr = 100,                                                    
    cut = 999.0,                                                               
    ntb = 0, igb = 8,                                                          
    ntr = 1, restraint_wt = 10, restraintmask = "!@H=",                        
/                                                                              

--------------------------------------------------------------------------------
   1.  RESOURCE   USE: 
--------------------------------------------------------------------------------

| Flags:                                                                        
| New format PARM file being parsed.
| Version =    1.000 Date = 02/03/16 Time = 11:48:00
 NATOM  =    1590 NTYPES =      14 NBONH =     791 MBONA  =     820
 NTHETH =    1812 MTHETA =    1115 NPHIH =    3578 MPHIA  =    3525
 NHPARM =       0 NPARM  =       0 NNB   =    8805 NRES   =     104
 NBONA  =     820 NTHETA =    1115 NPHIA =    3525 NUMBND =      65
 NUMANG =     152 NPTRA  =     189 NATYP =      33 NPHB   =       0
 IFBOX  =       0 NMXRS  =      24 IFCAP =       0 NEXTRA =       0
 NCOPY  =       0

 Implicit solvent radii are ArgH and AspGluO modified Bondi2 radii (mbondi3)                                
 Replacing prmtop screening parameters with GBn2 (igb=8) values

|     Memory Use     Allocated
|     Real              145027
|     Hollerith           4876
|     Integer           109197
|     Max Pairs              1
|     nblistReal             0
|     nblist Int             0
|       Total             1578 kbytes

| Note: 1-4 EEL scale factors are being read from the topology file.

| Note: 1-4 VDW scale factors are being read from the topology file.
| Duplicated    0 dihedrals
| Duplicated    0 dihedrals

--------------------------------------------------------------------------------
   2.  CONTROL  DATA  FOR  THE  RUN
--------------------------------------------------------------------------------

default_name                                                                    

General flags:
     imin    =       1, nmropt  =       0

Nature and format of input:
     ntx     =       1, irest   =       0, ntrx    =       1

Nature and format of output:
     ntxo    =       1, ntpr    =     100, ntrx    =       1, ntwr    =     100
     iwrap   =       0, ntwx    =       0, ntwv    =       0, ntwe    =       0
     ioutfm  =       0, ntwprt  =       0, idecomp =       0, rbornstat=      0

Potential function:
     ntf     =       1, ntb     =       0, igb     =       8, nsnb    =      25
     ipol    =       0, gbsa    =       0, iesp    =       0
     dielc   =   1.00000, cut     = 999.00000, intdiel =   1.00000
     saltcon =   0.00000, offset  =   0.19514, surften =   0.00500
     rdt     =   0.00000, rgbmax  =  25.00000  extdiel =  78.50000
     alpb  =        0
     gbalphaH  =   0.78844, gbbetaH   =   0.79870,  gbgammaH  =    0.43733
     gbalphaC  =   0.73376, gbbetaC   =   0.50638,  gbgammaC  =    0.20584
     gbalphaN  =   0.50336, gbbetaN   =   0.31683,  gbgammaN  =    0.19292
     gbalphaOS =   0.86781, gbbetaOS  =   0.87664,  gbgammaOS =    0.38788
     gbalphaP  =   1.00000, gbbetaP   =   0.80000,  gbgammaP  =    4.85000
     gb_alpha_hnu  =   0.53705, gb_beta_hnu   =   0.36286,  gb_gamma_hnu  =    0.11670
     gb_alpha_cnu  =   0.33167, gb_beta_cnu   =   0.19684,  gb_gamma_cnu  =    0.09342
     gb_alpha_nnu  =   0.68631, gb_beta_nnu   =   0.46319,  gb_gamma_nnu  =    0.13872
     gb_alpha_onu  =   0.60634, gb_beta_onu   =   0.46301,  gb_gamma_onu  =    0.14226
     gb_alpha_pnu  =   0.41836, gb_beta_pnu   =   0.29005,  gb_gamma_pnu  =    0.10642

Frozen or restrained atoms:
     ibelly  =       0, ntr     =       1
     restraint_wt =  10.00000

Energy minimization:
     maxcyc  =    1000, ncyc    =      10, ntmin   =       1
     dx0     =   0.01000, drms    =   0.00010
|  INFO: Old style inpcrd file read


    LOADING THE CONSTRAINED ATOMS AS GROUPS


   5.  REFERENCE ATOM COORDINATES

  defa
     Mask !@H=; matches   799 atoms

--------------------------------------------------------------------------------
   3.  ATOMIC COORDINATES AND VELOCITIES
--------------------------------------------------------------------------------

default_name                                                                    
 begin time read from input coords =     0.000 ps

 Number of triangulated 3-point waters found:        0

--------------------------------------------------------------------------------
   4.  RESULTS
--------------------------------------------------------------------------------



   NSTEP       ENERGY          RMS            GMAX         NAME    NUMBER
      1      -2.1272E+03     9.0459E+00     9.3207E+01     OH        419

 BOND    =       68.6508  ANGLE   =      211.2090  DIHED      =     1083.7341
 VDWAALS =     -575.9031  EEL     =    -6947.3364  EGB        =    -2140.1078
 1-4 VDW =      428.3692  1-4 EEL =     5744.1787  RESTRAINT  =        0.0000


   NSTEP       ENERGY          RMS            GMAX         NAME    NUMBER
    100      -2.4913E+03     3.3481E-01     3.4978E+00     CE2       650

 BOND    =       30.1374  ANGLE   =      202.9436  DIHED      =     1081.0740
 VDWAALS =     -719.1951  EEL     =    -6960.0817  EGB        =    -2165.2713
 1-4 VDW =      324.3458  1-4 EEL =     5671.9465  RESTRAINT  =       42.8440
 EAMBER  =    -2534.1008


   NSTEP       ENERGY          RMS            GMAX         NAME    NUMBER
    200      -2.4973E+03     1.7375E-01     1.5321E+00     HG        116

 BOND    =       30.5174  ANGLE   =      204.0264  DIHED      =     1081.9343
 VDWAALS =     -721.0037  EEL     =    -6967.7437  EGB        =    -2164.6770
 1-4 VDW =      323.2954  1-4 EEL =     5671.8037  RESTRAINT  =       44.5020
 EAMBER  =    -2541.8472


   NSTEP       ENERGY          RMS            GMAX         NAME    NUMBER
    300      -2.4995E+03     9.7865E-02     1.9797E+00     CG        589

 BOND    =       30.3967  ANGLE   =      204.0563  DIHED      =     1079.5754
 VDWAALS =     -721.4228  EEL     =    -6970.5962  EGB        =    -2160.2580
 1-4 VDW =      323.6821  1-4 EEL =     5670.8636  RESTRAINT  =       44.2497
 EAMBER  =    -2543.7030


   NSTEP       ENERGY          RMS            GMAX         NAME    NUMBER
    400      -2.5048E+03     1.6239E-01     2.8670E+00     CB        598

 BOND    =       30.5859  ANGLE   =      204.7336  DIHED      =     1079.1571
 VDWAALS =     -720.5401  EEL     =    -6976.1499  EGB        =    -2159.7048
 1-4 VDW =      323.3223  1-4 EEL =     5669.6505  RESTRAINT  =       44.1141
 EAMBER  =    -2548.9454


   NSTEP       ENERGY          RMS            GMAX         NAME    NUMBER
    500      -2.5053E+03     1.0589E-02     1.5124E-01     CB        598

 BOND    =       30.2589  ANGLE   =      203.8200  DIHED      =     1078.8547
 VDWAALS =     -719.8069  EEL     =    -6977.3503  EGB        =    -2159.7509
 1-4 VDW =      324.1613  1-4 EEL =     5671.0625  RESTRAINT  =       43.4078
 EAMBER  =    -2548.7507


   NSTEP       ENERGY          RMS            GMAX         NAME    NUMBER
    600      -2.5053E+03     2.0951E-03     2.0331E-02     CD        480

 BOND    =       30.2491  ANGLE   =      203.7905  DIHED      =     1078.8821
 VDWAALS =     -719.7996  EEL     =    -6977.3684  EGB        =    -2159.8281
 1-4 VDW =      324.2031  1-4 EEL =     5671.1408  RESTRAINT  =       43.3843
 EAMBER  =    -2548.7304


   NSTEP       ENERGY          RMS            GMAX         NAME    NUMBER
    700      -2.5053E+03     6.6387E-04     8.8023E-03     HD11      267

 BOND    =       30.2446  ANGLE   =      203.7799  DIHED      =     1078.8893
 VDWAALS =     -719.7940  EEL     =    -6977.3698  EGB        =    -2159.8426
 1-4 VDW =      324.2149  1-4 EEL =     5671.1551  RESTRAINT  =       43.3762
 EAMBER  =    -2548.7226


   NSTEP       ENERGY          RMS            GMAX         NAME    NUMBER
    800      -2.5053E+03     4.2806E-04     5.2538E-03     HD11      267

 BOND    =       30.2443  ANGLE   =      203.7789  DIHED      =     1078.8940
 VDWAALS =     -719.7985  EEL     =    -6977.3628  EGB        =    -2159.8470
 1-4 VDW =      324.2159  1-4 EEL =     5671.1512  RESTRAINT  =       43.3774
 EAMBER  =    -2548.7240


   NSTEP       ENERGY          RMS            GMAX         NAME    NUMBER
    900      -2.5053E+03     6.4298E-04     1.7425E-02     CG        589

 BOND    =       30.2444  ANGLE   =      203.7785  DIHED      =     1078.8957
 VDWAALS =     -719.8010  EEL     =    -6977.3605  EGB        =    -2159.8479
 1-4 VDW =      324.2159  1-4 EEL =     5671.1500  RESTRAINT  =       43.3782
 EAMBER  =    -2548.7249


   NSTEP       ENERGY          RMS            GMAX         NAME    NUMBER
   1000      -2.5053E+03     1.7337E-04     3.2615E-03     HD11      267

 BOND    =       30.2446  ANGLE   =      203.7793  DIHED      =     1078.8966
 VDWAALS =     -719.8022  EEL     =    -6977.3588  EGB        =    -2159.8487
 1-4 VDW =      324.2151  1-4 EEL =     5671.1483  RESTRAINT  =       43.3792
 EAMBER  =    -2548.7258


  Maximum number of minimization cycles reached.


                    FINAL RESULTS



   NSTEP       ENERGY          RMS            GMAX         NAME    NUMBER
   1000      -2.5053E+03     1.7337E-04     3.2615E-03     HD11      267

 BOND    =       30.2446  ANGLE   =      203.7793  DIHED      =     1078.8966
 VDWAALS =     -719.8022  EEL     =    -6977.3588  EGB        =    -2159.8487
 1-4 VDW =      324.2151  1-4 EEL =     5671.1483  RESTRAINT  =       43.3792
 EAMBER  =    -2548.7258

--------------------------------------------------------------------------------
   5.  TIMINGS
--------------------------------------------------------------------------------

|                Calc gb radii             52.71 (19.43% of Gen B)
|                Calc gb diag              96.96 (35.73% of Gen B)
|                Calc gb off-diag         121.66 (44.84% of Gen B)
|             Gen Born time            271.34 (100.0% of Nonbo)
|          Nonbond force            271.34 (99.23% of Force)
|          Bond/Angle/Dihedral        2.07 ( 0.76% of Force)
|          Other                      0.02 ( 0.01% of Force)
|       Force time               273.43 (100.0% of Runmd)
|    Runmd Time               273.43 (99.37% of Total)
|    Other                      1.73 ( 0.63% of Total)
| Total time               275.17 (100.0% of ALL  )

| Number of list builds   :          0

| Highest rstack allocated:          0
| Highest istack allocated:          0
|           Job began  at 12:04:20.508  on 02/03/2016
|           Setup done at 12:04:20.719  on 02/03/2016
|           Run   done at 12:08:55.701  on 02/03/2016
|     wallclock() was called   18028 times
