
          -------------------------------------------------------
          Amber 14 SANDER                              2014
          -------------------------------------------------------

| Run on 02/03/2016 at 12:34:16

|   Executable path: sander
| Working directory: /lustre/cs1500/scratch/kmb413/RealDecoyDisc/DecoyDiscrimination/decoys.set2.init/1aaj/Rosetta_relaxed
|          Hostname: slepner7


File Assignments:
|  MDIN: /scratch/kmb413/RealDecoyDisc/DecoyDiscrimination/scripts/min/min.in  
| MDOUT: NoH_1_empty_tag_1_480_0001.out                                        
|INPCRD: NoH_1_empty_tag_1_480_0001.rst7                                       
|  PARM: NoH_1_empty_tag_1_480_0001.parm7                                      
|RESTRT: min_NoH_1_empty_tag_1_480_0001.rst7                                   
|  REFC: NoH_1_empty_tag_1_480_0001.rst7                                       
| MDVEL: mdvel                                                                 
| MDFRC: mdfrc                                                                 
|  MDEN: mden                                                                  
| MDCRD: mdcrd                                                                 
|MDINFO: mdinfo                                                                
|  MTMD: mtmd                                                                  
|INPDIP: inpdip                                                                
|RSTDIP: rstdip                                                                
|INPTRA: inptraj                                                               


 Here is the input file:

                                                                               
&cntrl                                                                         
    imin = 1, maxcyc=1000,                                                     
    ntx = 1,                                                                   
    ntwr = 100, ntpr = 100,                                                    
    cut = 999.0,                                                               
    ntb = 0, igb = 8,                                                          
    ntr = 1, restraint_wt = 10, restraintmask = "!@H=",                        
/                                                                              

--------------------------------------------------------------------------------
   1.  RESOURCE   USE: 
--------------------------------------------------------------------------------

| Flags:                                                                        
| New format PARM file being parsed.
| Version =    1.000 Date = 02/03/16 Time = 11:45:07
 NATOM  =    1590 NTYPES =      14 NBONH =     791 MBONA  =     820
 NTHETH =    1812 MTHETA =    1115 NPHIH =    3578 MPHIA  =    3525
 NHPARM =       0 NPARM  =       0 NNB   =    8805 NRES   =     104
 NBONA  =     820 NTHETA =    1115 NPHIA =    3525 NUMBND =      65
 NUMANG =     152 NPTRA  =     189 NATYP =      33 NPHB   =       0
 IFBOX  =       0 NMXRS  =      24 IFCAP =       0 NEXTRA =       0
 NCOPY  =       0

 Implicit solvent radii are ArgH and AspGluO modified Bondi2 radii (mbondi3)                                
 Replacing prmtop screening parameters with GBn2 (igb=8) values

|     Memory Use     Allocated
|     Real              145027
|     Hollerith           4876
|     Integer           109197
|     Max Pairs              1
|     nblistReal             0
|     nblist Int             0
|       Total             1578 kbytes

| Note: 1-4 EEL scale factors are being read from the topology file.

| Note: 1-4 VDW scale factors are being read from the topology file.
| Duplicated    0 dihedrals
| Duplicated    0 dihedrals

--------------------------------------------------------------------------------
   2.  CONTROL  DATA  FOR  THE  RUN
--------------------------------------------------------------------------------

default_name                                                                    

General flags:
     imin    =       1, nmropt  =       0

Nature and format of input:
     ntx     =       1, irest   =       0, ntrx    =       1

Nature and format of output:
     ntxo    =       1, ntpr    =     100, ntrx    =       1, ntwr    =     100
     iwrap   =       0, ntwx    =       0, ntwv    =       0, ntwe    =       0
     ioutfm  =       0, ntwprt  =       0, idecomp =       0, rbornstat=      0

Potential function:
     ntf     =       1, ntb     =       0, igb     =       8, nsnb    =      25
     ipol    =       0, gbsa    =       0, iesp    =       0
     dielc   =   1.00000, cut     = 999.00000, intdiel =   1.00000
     saltcon =   0.00000, offset  =   0.19514, surften =   0.00500
     rdt     =   0.00000, rgbmax  =  25.00000  extdiel =  78.50000
     alpb  =        0
     gbalphaH  =   0.78844, gbbetaH   =   0.79870,  gbgammaH  =    0.43733
     gbalphaC  =   0.73376, gbbetaC   =   0.50638,  gbgammaC  =    0.20584
     gbalphaN  =   0.50336, gbbetaN   =   0.31683,  gbgammaN  =    0.19292
     gbalphaOS =   0.86781, gbbetaOS  =   0.87664,  gbgammaOS =    0.38788
     gbalphaP  =   1.00000, gbbetaP   =   0.80000,  gbgammaP  =    4.85000
     gb_alpha_hnu  =   0.53705, gb_beta_hnu   =   0.36286,  gb_gamma_hnu  =    0.11670
     gb_alpha_cnu  =   0.33167, gb_beta_cnu   =   0.19684,  gb_gamma_cnu  =    0.09342
     gb_alpha_nnu  =   0.68631, gb_beta_nnu   =   0.46319,  gb_gamma_nnu  =    0.13872
     gb_alpha_onu  =   0.60634, gb_beta_onu   =   0.46301,  gb_gamma_onu  =    0.14226
     gb_alpha_pnu  =   0.41836, gb_beta_pnu   =   0.29005,  gb_gamma_pnu  =    0.10642

Frozen or restrained atoms:
     ibelly  =       0, ntr     =       1
     restraint_wt =  10.00000

Energy minimization:
     maxcyc  =    1000, ncyc    =      10, ntmin   =       1
     dx0     =   0.01000, drms    =   0.00010
|  INFO: Old style inpcrd file read


    LOADING THE CONSTRAINED ATOMS AS GROUPS


   5.  REFERENCE ATOM COORDINATES

  defa
     Mask !@H=; matches   799 atoms

--------------------------------------------------------------------------------
   3.  ATOMIC COORDINATES AND VELOCITIES
--------------------------------------------------------------------------------

default_name                                                                    
 begin time read from input coords =     0.000 ps

 Number of triangulated 3-point waters found:        0

--------------------------------------------------------------------------------
   4.  RESULTS
--------------------------------------------------------------------------------



   NSTEP       ENERGY          RMS            GMAX         NAME    NUMBER
      1      -2.1897E+03     9.0878E+00     6.6060E+01     OXT      1590

 BOND    =       69.4832  ANGLE   =      211.7318  DIHED      =     1083.7258
 VDWAALS =     -650.8477  EEL     =    -7225.1451  EGB        =    -1844.0934
 1-4 VDW =      440.5724  1-4 EEL =     5724.8904  RESTRAINT  =        0.0000


   NSTEP       ENERGY          RMS            GMAX         NAME    NUMBER
    100      -2.5671E+03     1.9348E-01     2.9157E+00     HB       1383

 BOND    =       31.4028  ANGLE   =      207.6146  DIHED      =     1085.8186
 VDWAALS =     -794.7154  EEL     =    -7259.6945  EGB        =    -1854.2887
 1-4 VDW =      330.9862  1-4 EEL =     5643.7085  RESTRAINT  =       42.0609
 EAMBER  =    -2609.1678


   NSTEP       ENERGY          RMS            GMAX         NAME    NUMBER
    200      -2.5693E+03     2.3253E-01     4.0429E+00     H2          3

 BOND    =       31.8164  ANGLE   =      208.9091  DIHED      =     1086.3242
 VDWAALS =     -798.2037  EEL     =    -7262.6975  EGB        =    -1854.6180
 1-4 VDW =      330.2220  1-4 EEL =     5644.3397  RESTRAINT  =       44.6253
 EAMBER  =    -2613.9079


   NSTEP       ENERGY          RMS            GMAX         NAME    NUMBER
    300      -2.5718E+03     1.1119E-01     1.5502E+00     C          23

 BOND    =       31.3216  ANGLE   =      208.3131  DIHED      =     1084.4923
 VDWAALS =     -798.0703  EEL     =    -7264.0380  EGB        =    -1853.6184
 1-4 VDW =      330.8044  1-4 EEL =     5644.8006  RESTRAINT  =       44.2143
 EAMBER  =    -2615.9947


   NSTEP       ENERGY          RMS            GMAX         NAME    NUMBER
    400      -2.5761E+03     9.8684E-02     9.9305E-01     OG1      1292

 BOND    =       31.4156  ANGLE   =      208.5938  DIHED      =     1082.6692
 VDWAALS =     -798.4174  EEL     =    -7271.7177  EGB        =    -1849.5209
 1-4 VDW =      330.4772  1-4 EEL =     5645.9035  RESTRAINT  =       44.4507
 EAMBER  =    -2620.5966


   NSTEP       ENERGY          RMS            GMAX         NAME    NUMBER
    500      -2.5788E+03     9.3759E-01     3.4177E+01     OG       1179

 BOND    =       33.9205  ANGLE   =      210.9679  DIHED      =     1082.9162
 VDWAALS =     -799.2082  EEL     =    -7282.8800  EGB        =    -1845.7001
 1-4 VDW =      328.8688  1-4 EEL =     5646.0348  RESTRAINT  =       46.2462
 EAMBER  =    -2625.0803


   NSTEP       ENERGY          RMS            GMAX         NAME    NUMBER
    600      -2.5827E+03     1.4262E-02     2.2894E-01     HG1       635

 BOND    =       31.3572  ANGLE   =      208.1458  DIHED      =     1081.8194
 VDWAALS =     -796.5467  EEL     =    -7283.7252  EGB        =    -1844.8914
 1-4 VDW =      330.9931  1-4 EEL =     5646.2412  RESTRAINT  =       43.9057
 EAMBER  =    -2626.6066


   NSTEP       ENERGY          RMS            GMAX         NAME    NUMBER
    700      -2.5827E+03     2.5412E-02     4.6328E-01     CG        311

 BOND    =       31.3492  ANGLE   =      208.1212  DIHED      =     1081.8874
 VDWAALS =     -796.5167  EEL     =    -7284.2389  EGB        =    -1844.6475
 1-4 VDW =      331.0224  1-4 EEL =     5646.4129  RESTRAINT  =       43.8941
 EAMBER  =    -2626.6101


   NSTEP       ENERGY          RMS            GMAX         NAME    NUMBER
    800      -2.5827E+03     2.9703E-02     5.4704E-01     OG1       634

 BOND    =       31.3541  ANGLE   =      208.1080  DIHED      =     1081.9735
 VDWAALS =     -796.4597  EEL     =    -7284.9743  EGB        =    -1844.2879
 1-4 VDW =      331.0439  1-4 EEL =     5646.6132  RESTRAINT  =       43.8942
 EAMBER  =    -2626.6292


   NSTEP       ENERGY          RMS            GMAX         NAME    NUMBER
    900      -2.5833E+03     1.1038E-01     1.4740E+00     CB        628

 BOND    =       31.4508  ANGLE   =      208.0290  DIHED      =     1081.3028
 VDWAALS =     -795.9868  EEL     =    -7287.5333  EGB        =    -1842.7607
 1-4 VDW =      330.9882  1-4 EEL =     5647.2476  RESTRAINT  =       43.9796
 EAMBER  =    -2627.2625


   NSTEP       ENERGY          RMS            GMAX         NAME    NUMBER
   1000      -2.5838E+03     2.1189E-02     3.4952E-01     CG        311

 BOND    =       31.3438  ANGLE   =      208.1179  DIHED      =     1080.5178
 VDWAALS =     -796.5422  EEL     =    -7287.7899  EGB        =    -1842.0644
 1-4 VDW =      331.0807  1-4 EEL =     5647.5692  RESTRAINT  =       43.9804
 EAMBER  =    -2627.7671


  Maximum number of minimization cycles reached.


                    FINAL RESULTS



   NSTEP       ENERGY          RMS            GMAX         NAME    NUMBER
   1000      -2.5838E+03     2.1189E-02     3.4952E-01     CG        311

 BOND    =       31.3438  ANGLE   =      208.1179  DIHED      =     1080.5178
 VDWAALS =     -796.5422  EEL     =    -7287.7899  EGB        =    -1842.0644
 1-4 VDW =      331.0807  1-4 EEL =     5647.5692  RESTRAINT  =       43.9804
 EAMBER  =    -2627.7671

--------------------------------------------------------------------------------
   5.  TIMINGS
--------------------------------------------------------------------------------

|                Calc gb radii             57.48 (20.11% of Gen B)
|                Calc gb diag             106.27 (37.19% of Gen B)
|                Calc gb off-diag         122.00 (42.69% of Gen B)
|             Gen Born time            285.75 (100.0% of Nonbo)
|          Nonbond force            285.75 (99.27% of Force)
|          Bond/Angle/Dihedral        2.07 ( 0.72% of Force)
|          Other                      0.02 ( 0.01% of Force)
|       Force time               287.83 (100.0% of Runmd)
|    Runmd Time               287.83 (99.76% of Total)
|    Other                      0.69 ( 0.24% of Total)
| Total time               288.52 (100.0% of ALL  )

| Number of list builds   :          0

| Highest rstack allocated:          0
| Highest istack allocated:          0
|           Job began  at 12:34:16.048  on 02/03/2016
|           Setup done at 12:34:16.100  on 02/03/2016
|           Run   done at 12:39:04.570  on 02/03/2016
|     wallclock() was called   18028 times
