
          -------------------------------------------------------
          Amber 14 SANDER                              2014
          -------------------------------------------------------

| Run on 02/03/2016 at 13:47:26

|   Executable path: sander
| Working directory: /lustre/cs1500/scratch/kmb413/RealDecoyDisc/DecoyDiscrimination/decoys.set2.init/1aaj/Rosetta_relaxed
|          Hostname: slepner7


File Assignments:
|  MDIN: /scratch/kmb413/RealDecoyDisc/DecoyDiscrimination/scripts/min/min.in  
| MDOUT: NoH_4_empty_tag_1_830_0001.out                                        
|INPCRD: NoH_4_empty_tag_1_830_0001.rst7                                       
|  PARM: NoH_4_empty_tag_1_830_0001.parm7                                      
|RESTRT: min_NoH_4_empty_tag_1_830_0001.rst7                                   
|  REFC: NoH_4_empty_tag_1_830_0001.rst7                                       
| MDVEL: mdvel                                                                 
| MDFRC: mdfrc                                                                 
|  MDEN: mden                                                                  
| MDCRD: mdcrd                                                                 
|MDINFO: mdinfo                                                                
|  MTMD: mtmd                                                                  
|INPDIP: inpdip                                                                
|RSTDIP: rstdip                                                                
|INPTRA: inptraj                                                               


 Here is the input file:

                                                                               
&cntrl                                                                         
    imin = 1, maxcyc=1000,                                                     
    ntx = 1,                                                                   
    ntwr = 100, ntpr = 100,                                                    
    cut = 999.0,                                                               
    ntb = 0, igb = 8,                                                          
    ntr = 1, restraint_wt = 10, restraintmask = "!@H=",                        
/                                                                              

--------------------------------------------------------------------------------
   1.  RESOURCE   USE: 
--------------------------------------------------------------------------------

| Flags:                                                                        
| New format PARM file being parsed.
| Version =    1.000 Date = 02/03/16 Time = 11:51:32
 NATOM  =    1590 NTYPES =      14 NBONH =     791 MBONA  =     820
 NTHETH =    1812 MTHETA =    1115 NPHIH =    3578 MPHIA  =    3525
 NHPARM =       0 NPARM  =       0 NNB   =    8805 NRES   =     104
 NBONA  =     820 NTHETA =    1115 NPHIA =    3525 NUMBND =      65
 NUMANG =     152 NPTRA  =     189 NATYP =      33 NPHB   =       0
 IFBOX  =       0 NMXRS  =      24 IFCAP =       0 NEXTRA =       0
 NCOPY  =       0

 Implicit solvent radii are ArgH and AspGluO modified Bondi2 radii (mbondi3)                                
 Replacing prmtop screening parameters with GBn2 (igb=8) values

|     Memory Use     Allocated
|     Real              145027
|     Hollerith           4876
|     Integer           109197
|     Max Pairs              1
|     nblistReal             0
|     nblist Int             0
|       Total             1578 kbytes

| Note: 1-4 EEL scale factors are being read from the topology file.

| Note: 1-4 VDW scale factors are being read from the topology file.
| Duplicated    0 dihedrals
| Duplicated    0 dihedrals

--------------------------------------------------------------------------------
   2.  CONTROL  DATA  FOR  THE  RUN
--------------------------------------------------------------------------------

default_name                                                                    

General flags:
     imin    =       1, nmropt  =       0

Nature and format of input:
     ntx     =       1, irest   =       0, ntrx    =       1

Nature and format of output:
     ntxo    =       1, ntpr    =     100, ntrx    =       1, ntwr    =     100
     iwrap   =       0, ntwx    =       0, ntwv    =       0, ntwe    =       0
     ioutfm  =       0, ntwprt  =       0, idecomp =       0, rbornstat=      0

Potential function:
     ntf     =       1, ntb     =       0, igb     =       8, nsnb    =      25
     ipol    =       0, gbsa    =       0, iesp    =       0
     dielc   =   1.00000, cut     = 999.00000, intdiel =   1.00000
     saltcon =   0.00000, offset  =   0.19514, surften =   0.00500
     rdt     =   0.00000, rgbmax  =  25.00000  extdiel =  78.50000
     alpb  =        0
     gbalphaH  =   0.78844, gbbetaH   =   0.79870,  gbgammaH  =    0.43733
     gbalphaC  =   0.73376, gbbetaC   =   0.50638,  gbgammaC  =    0.20584
     gbalphaN  =   0.50336, gbbetaN   =   0.31683,  gbgammaN  =    0.19292
     gbalphaOS =   0.86781, gbbetaOS  =   0.87664,  gbgammaOS =    0.38788
     gbalphaP  =   1.00000, gbbetaP   =   0.80000,  gbgammaP  =    4.85000
     gb_alpha_hnu  =   0.53705, gb_beta_hnu   =   0.36286,  gb_gamma_hnu  =    0.11670
     gb_alpha_cnu  =   0.33167, gb_beta_cnu   =   0.19684,  gb_gamma_cnu  =    0.09342
     gb_alpha_nnu  =   0.68631, gb_beta_nnu   =   0.46319,  gb_gamma_nnu  =    0.13872
     gb_alpha_onu  =   0.60634, gb_beta_onu   =   0.46301,  gb_gamma_onu  =    0.14226
     gb_alpha_pnu  =   0.41836, gb_beta_pnu   =   0.29005,  gb_gamma_pnu  =    0.10642

Frozen or restrained atoms:
     ibelly  =       0, ntr     =       1
     restraint_wt =  10.00000

Energy minimization:
     maxcyc  =    1000, ncyc    =      10, ntmin   =       1
     dx0     =   0.01000, drms    =   0.00010
|  INFO: Old style inpcrd file read


    LOADING THE CONSTRAINED ATOMS AS GROUPS


   5.  REFERENCE ATOM COORDINATES

  defa
     Mask !@H=; matches   799 atoms

--------------------------------------------------------------------------------
   3.  ATOMIC COORDINATES AND VELOCITIES
--------------------------------------------------------------------------------

default_name                                                                    
 begin time read from input coords =     0.000 ps

 Number of triangulated 3-point waters found:        0

--------------------------------------------------------------------------------
   4.  RESULTS
--------------------------------------------------------------------------------



   NSTEP       ENERGY          RMS            GMAX         NAME    NUMBER
      1      -2.2223E+03     9.1018E+00     5.8640E+01     OXT      1590

 BOND    =       69.5950  ANGLE   =      211.6164  DIHED      =     1083.3908
 VDWAALS =     -655.3182  EEL     =    -7099.4118  EGB        =    -1982.5030
 1-4 VDW =      440.2607  1-4 EEL =     5710.0345  RESTRAINT  =        0.0000


   NSTEP       ENERGY          RMS            GMAX         NAME    NUMBER
    100      -2.5923E+03     3.2295E-01     3.3209E+00     CE2       650

 BOND    =       31.3788  ANGLE   =      206.5473  DIHED      =     1088.9901
 VDWAALS =     -795.6813  EEL     =    -7119.9565  EGB        =    -1995.6941
 1-4 VDW =      329.4726  1-4 EEL =     5621.4662  RESTRAINT  =       41.1918
 EAMBER  =    -2633.4769


   NSTEP       ENERGY          RMS            GMAX         NAME    NUMBER
    200      -2.6057E+03     2.8177E-01     3.2373E+00     CG        799

 BOND    =       31.7916  ANGLE   =      207.0636  DIHED      =     1087.0406
 VDWAALS =     -797.5165  EEL     =    -7133.5454  EGB        =    -1993.7845
 1-4 VDW =      329.0147  1-4 EEL =     5621.6144  RESTRAINT  =       42.6478
 EAMBER  =    -2648.3215


   NSTEP       ENERGY          RMS            GMAX         NAME    NUMBER
    300      -2.6074E+03     3.3742E-02     4.7386E-01     HG         90

 BOND    =       31.2401  ANGLE   =      206.3547  DIHED      =     1085.6696
 VDWAALS =     -797.8491  EEL     =    -7136.3217  EGB        =    -1991.8057
 1-4 VDW =      330.1016  1-4 EEL =     5622.7905  RESTRAINT  =       42.3868
 EAMBER  =    -2649.8200


   NSTEP       ENERGY          RMS            GMAX         NAME    NUMBER
    400      -2.6085E+03     2.3991E-01     3.7672E+00     HG1       605

 BOND    =       31.4881  ANGLE   =      206.9280  DIHED      =     1085.6163
 VDWAALS =     -798.1221  EEL     =    -7140.6389  EGB        =    -1987.7493
 1-4 VDW =      329.6359  1-4 EEL =     5621.6790  RESTRAINT  =       42.7043
 EAMBER  =    -2651.1630


   NSTEP       ENERGY          RMS            GMAX         NAME    NUMBER
    500      -2.6131E+03     2.6118E-02     5.0053E-01     CB        598

 BOND    =       31.3029  ANGLE   =      206.5025  DIHED      =     1084.2387
 VDWAALS =     -796.7152  EEL     =    -7144.5683  EGB        =    -1989.0262
 1-4 VDW =      330.2788  1-4 EEL =     5622.8319  RESTRAINT  =       42.0679
 EAMBER  =    -2655.1548


   NSTEP       ENERGY          RMS            GMAX         NAME    NUMBER
    600      -2.6131E+03     4.1330E-03     4.9424E-02     CG       1324

 BOND    =       31.2622  ANGLE   =      206.4604  DIHED      =     1084.2535
 VDWAALS =     -796.6474  EEL     =    -7144.5338  EGB        =    -1989.1642
 1-4 VDW =      330.3822  1-4 EEL =     5622.9029  RESTRAINT  =       41.9832
 EAMBER  =    -2655.0843


   NSTEP       ENERGY          RMS            GMAX         NAME    NUMBER
    700      -2.6131E+03     7.0187E-04     6.4999E-03     CG        589

 BOND    =       31.2548  ANGLE   =      206.4414  DIHED      =     1084.2619
 VDWAALS =     -796.6389  EEL     =    -7144.5223  EGB        =    -1989.1921
 1-4 VDW =      330.4067  1-4 EEL =     5622.9180  RESTRAINT  =       41.9690
 EAMBER  =    -2655.0706

     ... RESTARTED DUE TO LINMIN FAILURE ...


                    FINAL RESULTS



   NSTEP       ENERGY          RMS            GMAX         NAME    NUMBER
    741      -2.6131E+03     9.8214E-05     1.6768E-03     HD11      330

 BOND    =       31.2546  ANGLE   =      206.4414  DIHED      =     1084.2616
 VDWAALS =     -796.6384  EEL     =    -7144.5212  EGB        =    -1989.1925
 1-4 VDW =      330.4071  1-4 EEL =     5622.9172  RESTRAINT  =       41.9687
 EAMBER  =    -2655.0703

--------------------------------------------------------------------------------
   5.  TIMINGS
--------------------------------------------------------------------------------

|                Calc gb radii             44.39 (20.36% of Gen B)
|                Calc gb diag              82.32 (37.75% of Gen B)
|                Calc gb off-diag          91.36 (41.89% of Gen B)
|             Gen Born time            218.08 (100.0% of Nonbo)
|          Nonbond force            218.08 (99.29% of Force)
|          Bond/Angle/Dihedral        1.54 ( 0.70% of Force)
|          Other                      0.01 ( 0.01% of Force)
|       Force time               219.63 (100.0% of Runmd)
|    Runmd Time               219.63 (99.66% of Total)
|    Other                      0.74 ( 0.34% of Total)
| Total time               220.37 (100.0% of ALL  )

| Number of list builds   :          0

| Highest rstack allocated:          0
| Highest istack allocated:          0
|           Job began  at 13:47:26.770  on 02/03/2016
|           Setup done at 13:47:26.866  on 02/03/2016
|           Run   done at 13:51:07.140  on 02/03/2016
|     wallclock() was called   13366 times
