
          -------------------------------------------------------
          Amber 14 SANDER                              2014
          -------------------------------------------------------

| Run on 02/03/2016 at 13:40:08

|   Executable path: sander
| Working directory: /lustre/cs1500/scratch/kmb413/RealDecoyDisc/DecoyDiscrimination/decoys.set2.init/1aaj/Rosetta_relaxed
|          Hostname: slepner30


File Assignments:
|  MDIN: /scratch/kmb413/RealDecoyDisc/DecoyDiscrimination/scripts/min/min.in  
| MDOUT: NoH_2_empty_tag_319_0001_1_0001.out                                   
|INPCRD: NoH_2_empty_tag_319_0001_1_0001.rst7                                  
|  PARM: NoH_2_empty_tag_319_0001_1_0001.parm7                                 
|RESTRT: min_NoH_2_empty_tag_319_0001_1_0001.rst7                              
|  REFC: NoH_2_empty_tag_319_0001_1_0001.rst7                                  
| MDVEL: mdvel                                                                 
| MDFRC: mdfrc                                                                 
|  MDEN: mden                                                                  
| MDCRD: mdcrd                                                                 
|MDINFO: mdinfo                                                                
|  MTMD: mtmd                                                                  
|INPDIP: inpdip                                                                
|RSTDIP: rstdip                                                                
|INPTRA: inptraj                                                               


 Here is the input file:

                                                                               
&cntrl                                                                         
    imin = 1, maxcyc=1000,                                                     
    ntx = 1,                                                                   
    ntwr = 100, ntpr = 100,                                                    
    cut = 999.0,                                                               
    ntb = 0, igb = 8,                                                          
    ntr = 1, restraint_wt = 10, restraintmask = "!@H=",                        
/                                                                              

--------------------------------------------------------------------------------
   1.  RESOURCE   USE: 
--------------------------------------------------------------------------------

| Flags:                                                                        
| New format PARM file being parsed.
| Version =    1.000 Date = 02/03/16 Time = 11:47:54
 NATOM  =    1590 NTYPES =      14 NBONH =     791 MBONA  =     820
 NTHETH =    1812 MTHETA =    1115 NPHIH =    3578 MPHIA  =    3525
 NHPARM =       0 NPARM  =       0 NNB   =    8805 NRES   =     104
 NBONA  =     820 NTHETA =    1115 NPHIA =    3525 NUMBND =      65
 NUMANG =     152 NPTRA  =     189 NATYP =      33 NPHB   =       0
 IFBOX  =       0 NMXRS  =      24 IFCAP =       0 NEXTRA =       0
 NCOPY  =       0

 Implicit solvent radii are ArgH and AspGluO modified Bondi2 radii (mbondi3)                                
 Replacing prmtop screening parameters with GBn2 (igb=8) values

|     Memory Use     Allocated
|     Real              145027
|     Hollerith           4876
|     Integer           109197
|     Max Pairs              1
|     nblistReal             0
|     nblist Int             0
|       Total             1578 kbytes

| Note: 1-4 EEL scale factors are being read from the topology file.

| Note: 1-4 VDW scale factors are being read from the topology file.
| Duplicated    0 dihedrals
| Duplicated    0 dihedrals

--------------------------------------------------------------------------------
   2.  CONTROL  DATA  FOR  THE  RUN
--------------------------------------------------------------------------------

default_name                                                                    

General flags:
     imin    =       1, nmropt  =       0

Nature and format of input:
     ntx     =       1, irest   =       0, ntrx    =       1

Nature and format of output:
     ntxo    =       1, ntpr    =     100, ntrx    =       1, ntwr    =     100
     iwrap   =       0, ntwx    =       0, ntwv    =       0, ntwe    =       0
     ioutfm  =       0, ntwprt  =       0, idecomp =       0, rbornstat=      0

Potential function:
     ntf     =       1, ntb     =       0, igb     =       8, nsnb    =      25
     ipol    =       0, gbsa    =       0, iesp    =       0
     dielc   =   1.00000, cut     = 999.00000, intdiel =   1.00000
     saltcon =   0.00000, offset  =   0.19514, surften =   0.00500
     rdt     =   0.00000, rgbmax  =  25.00000  extdiel =  78.50000
     alpb  =        0
     gbalphaH  =   0.78844, gbbetaH   =   0.79870,  gbgammaH  =    0.43733
     gbalphaC  =   0.73376, gbbetaC   =   0.50638,  gbgammaC  =    0.20584
     gbalphaN  =   0.50336, gbbetaN   =   0.31683,  gbgammaN  =    0.19292
     gbalphaOS =   0.86781, gbbetaOS  =   0.87664,  gbgammaOS =    0.38788
     gbalphaP  =   1.00000, gbbetaP   =   0.80000,  gbgammaP  =    4.85000
     gb_alpha_hnu  =   0.53705, gb_beta_hnu   =   0.36286,  gb_gamma_hnu  =    0.11670
     gb_alpha_cnu  =   0.33167, gb_beta_cnu   =   0.19684,  gb_gamma_cnu  =    0.09342
     gb_alpha_nnu  =   0.68631, gb_beta_nnu   =   0.46319,  gb_gamma_nnu  =    0.13872
     gb_alpha_onu  =   0.60634, gb_beta_onu   =   0.46301,  gb_gamma_onu  =    0.14226
     gb_alpha_pnu  =   0.41836, gb_beta_pnu   =   0.29005,  gb_gamma_pnu  =    0.10642

Frozen or restrained atoms:
     ibelly  =       0, ntr     =       1
     restraint_wt =  10.00000

Energy minimization:
     maxcyc  =    1000, ncyc    =      10, ntmin   =       1
     dx0     =   0.01000, drms    =   0.00010
|  INFO: Old style inpcrd file read


    LOADING THE CONSTRAINED ATOMS AS GROUPS


   5.  REFERENCE ATOM COORDINATES

  defa
     Mask !@H=; matches   799 atoms

--------------------------------------------------------------------------------
   3.  ATOMIC COORDINATES AND VELOCITIES
--------------------------------------------------------------------------------

default_name                                                                    
 begin time read from input coords =     0.000 ps

 Number of triangulated 3-point waters found:        0

--------------------------------------------------------------------------------
   4.  RESULTS
--------------------------------------------------------------------------------



   NSTEP       ENERGY          RMS            GMAX         NAME    NUMBER
      1      -2.0312E+03     9.0192E+00     5.9697E+01     O        1589

 BOND    =       70.3879  ANGLE   =      211.3697  DIHED      =     1071.8072
 VDWAALS =     -548.4774  EEL     =    -6649.6703  EGB        =    -2343.0851
 1-4 VDW =      435.3494  1-4 EEL =     5721.1238  RESTRAINT  =        0.0000


   NSTEP       ENERGY          RMS            GMAX         NAME    NUMBER
    100      -2.4016E+03     5.1723E-01     1.0384E+01     CD        729

 BOND    =       32.7151  ANGLE   =      204.4696  DIHED      =     1075.0085
 VDWAALS =     -686.3826  EEL     =    -6696.7583  EGB        =    -2345.6024
 1-4 VDW =      326.2083  1-4 EEL =     5646.8235  RESTRAINT  =       41.9239
 EAMBER  =    -2443.5183


   NSTEP       ENERGY          RMS            GMAX         NAME    NUMBER
    200      -2.4060E+03     1.0218E-01     1.3703E+00     H2          3

 BOND    =       32.7963  ANGLE   =      205.1360  DIHED      =     1074.6996
 VDWAALS =     -689.3634  EEL     =    -6696.0564  EGB        =    -2347.7845
 1-4 VDW =      326.0315  1-4 EEL =     5645.4145  RESTRAINT  =       43.1084
 EAMBER  =    -2449.1263


   NSTEP       ENERGY          RMS            GMAX         NAME    NUMBER
    300      -2.4077E+03     2.9268E-02     4.6122E-01     H2          3

 BOND    =       32.3878  ANGLE   =      204.6130  DIHED      =     1072.8560
 VDWAALS =     -689.2221  EEL     =    -6694.9127  EGB        =    -2348.2799
 1-4 VDW =      326.7740  1-4 EEL =     5645.4283  RESTRAINT  =       42.6701
 EAMBER  =    -2450.3556


   NSTEP       ENERGY          RMS            GMAX         NAME    NUMBER
    400      -2.4078E+03     4.1439E-03     5.6101E-02     H2          3

 BOND    =       32.2703  ANGLE   =      204.4611  DIHED      =     1072.7247
 VDWAALS =     -689.1044  EEL     =    -6694.7559  EGB        =    -2348.3585
 1-4 VDW =      326.9973  1-4 EEL =     5645.4547  RESTRAINT  =       42.5277
 EAMBER  =    -2450.3108


   NSTEP       ENERGY          RMS            GMAX         NAME    NUMBER
    500      -2.4078E+03     1.0440E-03     1.4901E-02     CD        729

 BOND    =       32.2603  ANGLE   =      204.4502  DIHED      =     1072.7212
 VDWAALS =     -689.1022  EEL     =    -6694.7438  EGB        =    -2348.3681
 1-4 VDW =      327.0209  1-4 EEL =     5645.4572  RESTRAINT  =       42.5188
 EAMBER  =    -2450.3044


   NSTEP       ENERGY          RMS            GMAX         NAME    NUMBER
    600      -2.4078E+03     1.6110E-04     2.5382E-03     CG        231

 BOND    =       32.2585  ANGLE   =      204.4482  DIHED      =     1072.7222
 VDWAALS =     -689.1052  EEL     =    -6694.7399  EGB        =    -2348.3724
 1-4 VDW =      327.0263  1-4 EEL =     5645.4561  RESTRAINT  =       42.5202
 EAMBER  =    -2450.3060


                    FINAL RESULTS



   NSTEP       ENERGY          RMS            GMAX         NAME    NUMBER
    625      -2.4078E+03     8.7365E-05     1.1353E-03     HE3      1520

 BOND    =       32.2585  ANGLE   =      204.4484  DIHED      =     1072.7223
 VDWAALS =     -689.1055  EEL     =    -6694.7396  EGB        =    -2348.3725
 1-4 VDW =      327.0262  1-4 EEL =     5645.4560  RESTRAINT  =       42.5204
 EAMBER  =    -2450.3062

--------------------------------------------------------------------------------
   5.  TIMINGS
--------------------------------------------------------------------------------

|                Calc gb radii             33.90 (19.64% of Gen B)
|                Calc gb diag              61.71 (35.75% of Gen B)
|                Calc gb off-diag          77.00 (44.61% of Gen B)
|             Gen Born time            172.61 (100.0% of Nonbo)
|          Nonbond force            172.61 (99.25% of Force)
|          Bond/Angle/Dihedral        1.30 ( 0.75% of Force)
|          Other                      0.01 ( 0.01% of Force)
|       Force time               173.92 (100.0% of Runmd)
|    Runmd Time               173.92 (99.64% of Total)
|    Other                      0.63 ( 0.36% of Total)
| Total time               174.55 (100.0% of ALL  )

| Number of list builds   :          0

| Highest rstack allocated:          0
| Highest istack allocated:          0
|           Job began  at 13:40:08.739  on 02/03/2016
|           Setup done at 13:40:08.811  on 02/03/2016
|           Run   done at 13:43:03.286  on 02/03/2016
|     wallclock() was called   11278 times
