
          -------------------------------------------------------
          Amber 14 SANDER                              2014
          -------------------------------------------------------

| Run on 02/03/2016 at 12:51:15

|   Executable path: sander
| Working directory: /lustre/cs1500/scratch/kmb413/RealDecoyDisc/DecoyDiscrimination/decoys.set2.init/1aaj/Rosetta_relaxed
|          Hostname: slepner7


File Assignments:
|  MDIN: /scratch/kmb413/RealDecoyDisc/DecoyDiscrimination/scripts/min/min.in  
| MDOUT: NoH_3_empty_tag_78_0001_0001.out                                      
|INPCRD: NoH_3_empty_tag_78_0001_0001.rst7                                     
|  PARM: NoH_3_empty_tag_78_0001_0001.parm7                                    
|RESTRT: min_NoH_3_empty_tag_78_0001_0001.rst7                                 
|  REFC: NoH_3_empty_tag_78_0001_0001.rst7                                     
| MDVEL: mdvel                                                                 
| MDFRC: mdfrc                                                                 
|  MDEN: mden                                                                  
| MDCRD: mdcrd                                                                 
|MDINFO: mdinfo                                                                
|  MTMD: mtmd                                                                  
|INPDIP: inpdip                                                                
|RSTDIP: rstdip                                                                
|INPTRA: inptraj                                                               


 Here is the input file:

                                                                               
&cntrl                                                                         
    imin = 1, maxcyc=1000,                                                     
    ntx = 1,                                                                   
    ntwr = 100, ntpr = 100,                                                    
    cut = 999.0,                                                               
    ntb = 0, igb = 8,                                                          
    ntr = 1, restraint_wt = 10, restraintmask = "!@H=",                        
/                                                                              

--------------------------------------------------------------------------------
   1.  RESOURCE   USE: 
--------------------------------------------------------------------------------

| Flags:                                                                        
| New format PARM file being parsed.
| Version =    1.000 Date = 02/03/16 Time = 11:50:15
 NATOM  =    1590 NTYPES =      14 NBONH =     791 MBONA  =     820
 NTHETH =    1812 MTHETA =    1115 NPHIH =    3578 MPHIA  =    3525
 NHPARM =       0 NPARM  =       0 NNB   =    8805 NRES   =     104
 NBONA  =     820 NTHETA =    1115 NPHIA =    3525 NUMBND =      65
 NUMANG =     152 NPTRA  =     189 NATYP =      33 NPHB   =       0
 IFBOX  =       0 NMXRS  =      24 IFCAP =       0 NEXTRA =       0
 NCOPY  =       0

 Implicit solvent radii are ArgH and AspGluO modified Bondi2 radii (mbondi3)                                
 Replacing prmtop screening parameters with GBn2 (igb=8) values

|     Memory Use     Allocated
|     Real              145027
|     Hollerith           4876
|     Integer           109197
|     Max Pairs              1
|     nblistReal             0
|     nblist Int             0
|       Total             1578 kbytes

| Note: 1-4 EEL scale factors are being read from the topology file.

| Note: 1-4 VDW scale factors are being read from the topology file.
| Duplicated    0 dihedrals
| Duplicated    0 dihedrals

--------------------------------------------------------------------------------
   2.  CONTROL  DATA  FOR  THE  RUN
--------------------------------------------------------------------------------

default_name                                                                    

General flags:
     imin    =       1, nmropt  =       0

Nature and format of input:
     ntx     =       1, irest   =       0, ntrx    =       1

Nature and format of output:
     ntxo    =       1, ntpr    =     100, ntrx    =       1, ntwr    =     100
     iwrap   =       0, ntwx    =       0, ntwv    =       0, ntwe    =       0
     ioutfm  =       0, ntwprt  =       0, idecomp =       0, rbornstat=      0

Potential function:
     ntf     =       1, ntb     =       0, igb     =       8, nsnb    =      25
     ipol    =       0, gbsa    =       0, iesp    =       0
     dielc   =   1.00000, cut     = 999.00000, intdiel =   1.00000
     saltcon =   0.00000, offset  =   0.19514, surften =   0.00500
     rdt     =   0.00000, rgbmax  =  25.00000  extdiel =  78.50000
     alpb  =        0
     gbalphaH  =   0.78844, gbbetaH   =   0.79870,  gbgammaH  =    0.43733
     gbalphaC  =   0.73376, gbbetaC   =   0.50638,  gbgammaC  =    0.20584
     gbalphaN  =   0.50336, gbbetaN   =   0.31683,  gbgammaN  =    0.19292
     gbalphaOS =   0.86781, gbbetaOS  =   0.87664,  gbgammaOS =    0.38788
     gbalphaP  =   1.00000, gbbetaP   =   0.80000,  gbgammaP  =    4.85000
     gb_alpha_hnu  =   0.53705, gb_beta_hnu   =   0.36286,  gb_gamma_hnu  =    0.11670
     gb_alpha_cnu  =   0.33167, gb_beta_cnu   =   0.19684,  gb_gamma_cnu  =    0.09342
     gb_alpha_nnu  =   0.68631, gb_beta_nnu   =   0.46319,  gb_gamma_nnu  =    0.13872
     gb_alpha_onu  =   0.60634, gb_beta_onu   =   0.46301,  gb_gamma_onu  =    0.14226
     gb_alpha_pnu  =   0.41836, gb_beta_pnu   =   0.29005,  gb_gamma_pnu  =    0.10642

Frozen or restrained atoms:
     ibelly  =       0, ntr     =       1
     restraint_wt =  10.00000

Energy minimization:
     maxcyc  =    1000, ncyc    =      10, ntmin   =       1
     dx0     =   0.01000, drms    =   0.00010
|  INFO: Old style inpcrd file read


    LOADING THE CONSTRAINED ATOMS AS GROUPS


   5.  REFERENCE ATOM COORDINATES

  defa
     Mask !@H=; matches   799 atoms

--------------------------------------------------------------------------------
   3.  ATOMIC COORDINATES AND VELOCITIES
--------------------------------------------------------------------------------

default_name                                                                    
 begin time read from input coords =     0.000 ps

 Number of triangulated 3-point waters found:        0

--------------------------------------------------------------------------------
   4.  RESULTS
--------------------------------------------------------------------------------



   NSTEP       ENERGY          RMS            GMAX         NAME    NUMBER
      1      -2.2128E+03     9.1256E+00     5.7237E+01     OE1       481

 BOND    =       69.7506  ANGLE   =      211.3923  DIHED      =     1065.5263
 VDWAALS =     -640.2500  EEL     =    -7414.4134  EGB        =    -1637.0623
 1-4 VDW =      439.3784  1-4 EEL =     5692.8711  RESTRAINT  =        0.0000


   NSTEP       ENERGY          RMS            GMAX         NAME    NUMBER
    100      -2.5796E+03     3.5596E-01     3.2955E+00     CE2       650

 BOND    =       30.9204  ANGLE   =      208.6222  DIHED      =     1067.8791
 VDWAALS =     -790.3681  EEL     =    -7412.9756  EGB        =    -1662.5520
 1-4 VDW =      328.7211  1-4 EEL =     5607.2897  RESTRAINT  =       42.8484
 EAMBER  =    -2622.4632


   NSTEP       ENERGY          RMS            GMAX         NAME    NUMBER
    200      -2.5953E+03     5.9771E-01     1.5274E+01     HG1       605

 BOND    =       32.1298  ANGLE   =      212.3529  DIHED      =     1067.0702
 VDWAALS =     -792.4042  EEL     =    -7425.3169  EGB        =    -1666.5663
 1-4 VDW =      326.8105  1-4 EEL =     5604.8616  RESTRAINT  =       45.8106
 EAMBER  =    -2641.0624


   NSTEP       ENERGY          RMS            GMAX         NAME    NUMBER
    300      -2.6004E+03     1.4693E-01     2.6948E+00     HG1      1389

 BOND    =       31.1265  ANGLE   =      209.3265  DIHED      =     1065.6361
 VDWAALS =     -791.0024  EEL     =    -7432.0536  EGB        =    -1663.6729
 1-4 VDW =      329.0604  1-4 EEL =     5607.6253  RESTRAINT  =       43.5043
 EAMBER  =    -2643.9540


   NSTEP       ENERGY          RMS            GMAX         NAME    NUMBER
    400      -2.6022E+03     2.1535E-02     7.1363E-01     CG2      1384

 BOND    =       30.7477  ANGLE   =      208.3999  DIHED      =     1063.9485
 VDWAALS =     -790.5667  EEL     =    -7433.8438  EGB        =    -1662.2851
 1-4 VDW =      330.0039  1-4 EEL =     5608.6363  RESTRAINT  =       42.7702
 EAMBER  =    -2644.9592


   NSTEP       ENERGY          RMS            GMAX         NAME    NUMBER
    500      -2.6022E+03     4.3329E-03     6.4576E-02     CD       1119

 BOND    =       30.7343  ANGLE   =      208.3596  DIHED      =     1063.8915
 VDWAALS =     -790.5824  EEL     =    -7433.7384  EGB        =    -1662.3629
 1-4 VDW =      330.0456  1-4 EEL =     5608.6698  RESTRAINT  =       42.7841
 EAMBER  =    -2644.9828


   NSTEP       ENERGY          RMS            GMAX         NAME    NUMBER
    600      -2.6022E+03     1.7521E-03     1.6882E-02     CB        598

 BOND    =       30.7308  ANGLE   =      208.3566  DIHED      =     1063.8841
 VDWAALS =     -790.5879  EEL     =    -7433.7462  EGB        =    -1662.3650
 1-4 VDW =      330.0565  1-4 EEL =     5608.6809  RESTRAINT  =       42.7906
 EAMBER  =    -2644.9903


   NSTEP       ENERGY          RMS            GMAX         NAME    NUMBER
    700      -2.6022E+03     1.4822E-03     1.8325E-02     CA        596

 BOND    =       30.7304  ANGLE   =      208.3549  DIHED      =     1063.8793
 VDWAALS =     -790.5899  EEL     =    -7433.7531  EGB        =    -1662.3648
 1-4 VDW =      330.0587  1-4 EEL =     5608.6873  RESTRAINT  =       42.7969
 EAMBER  =    -2644.9971


   NSTEP       ENERGY          RMS            GMAX         NAME    NUMBER
    800      -2.6022E+03     2.0768E-02     3.8973E-01     CE3       657

 BOND    =       30.7209  ANGLE   =      208.3379  DIHED      =     1063.8627
 VDWAALS =     -790.5764  EEL     =    -7433.7654  EGB        =    -1662.3653
 1-4 VDW =      330.0859  1-4 EEL =     5608.7017  RESTRAINT  =       42.7976
 EAMBER  =    -2644.9980


                    FINAL RESULTS



   NSTEP       ENERGY          RMS            GMAX         NAME    NUMBER
    872      -2.6022E+03     9.7245E-05     1.2091E-03     CZ3       655

 BOND    =       30.7269  ANGLE   =      208.3455  DIHED      =     1063.8650
 VDWAALS =     -790.5864  EEL     =    -7433.7682  EGB        =    -1662.3642
 1-4 VDW =      330.0711  1-4 EEL =     5608.7011  RESTRAINT  =       42.8084
 EAMBER  =    -2645.0093

--------------------------------------------------------------------------------
   5.  TIMINGS
--------------------------------------------------------------------------------

|                Calc gb radii             52.38 (20.13% of Gen B)
|                Calc gb diag              99.17 (38.11% of Gen B)
|                Calc gb off-diag         108.65 (41.76% of Gen B)
|             Gen Born time            260.21 (100.0% of Nonbo)
|          Nonbond force            260.21 (99.31% of Force)
|          Bond/Angle/Dihedral        1.80 ( 0.69% of Force)
|          Other                      0.02 ( 0.01% of Force)
|       Force time               262.03 (100.0% of Runmd)
|    Runmd Time               262.03 (99.75% of Total)
|    Other                      0.67 ( 0.25% of Total)
| Total time               262.69 (100.0% of ALL  )

| Number of list builds   :          0

| Highest rstack allocated:          0
| Highest istack allocated:          0
|           Job began  at 12:51:15.768  on 02/03/2016
|           Setup done at 12:51:15.818  on 02/03/2016
|           Run   done at 12:55:38.462  on 02/03/2016
|     wallclock() was called   15724 times
