
          -------------------------------------------------------
          Amber 14 SANDER                              2014
          -------------------------------------------------------

| Run on 02/03/2016 at 12:30:19

|   Executable path: sander
| Working directory: /lustre/cs1500/scratch/kmb413/RealDecoyDisc/DecoyDiscrimination/decoys.set2.init/1aaj/Rosetta_relaxed
|          Hostname: slepner7


File Assignments:
|  MDIN: /scratch/kmb413/RealDecoyDisc/DecoyDiscrimination/scripts/min/min.in  
| MDOUT: NoH_4_empty_tag_1_38_0001.out                                         
|INPCRD: NoH_4_empty_tag_1_38_0001.rst7                                        
|  PARM: NoH_4_empty_tag_1_38_0001.parm7                                       
|RESTRT: min_NoH_4_empty_tag_1_38_0001.rst7                                    
|  REFC: NoH_4_empty_tag_1_38_0001.rst7                                        
| MDVEL: mdvel                                                                 
| MDFRC: mdfrc                                                                 
|  MDEN: mden                                                                  
| MDCRD: mdcrd                                                                 
|MDINFO: mdinfo                                                                
|  MTMD: mtmd                                                                  
|INPDIP: inpdip                                                                
|RSTDIP: rstdip                                                                
|INPTRA: inptraj                                                               


 Here is the input file:

                                                                               
&cntrl                                                                         
    imin = 1, maxcyc=1000,                                                     
    ntx = 1,                                                                   
    ntwr = 100, ntpr = 100,                                                    
    cut = 999.0,                                                               
    ntb = 0, igb = 8,                                                          
    ntr = 1, restraint_wt = 10, restraintmask = "!@H=",                        
/                                                                              

--------------------------------------------------------------------------------
   1.  RESOURCE   USE: 
--------------------------------------------------------------------------------

| Flags:                                                                        
| New format PARM file being parsed.
| Version =    1.000 Date = 02/03/16 Time = 11:50:57
 NATOM  =    1590 NTYPES =      14 NBONH =     791 MBONA  =     820
 NTHETH =    1812 MTHETA =    1115 NPHIH =    3578 MPHIA  =    3525
 NHPARM =       0 NPARM  =       0 NNB   =    8805 NRES   =     104
 NBONA  =     820 NTHETA =    1115 NPHIA =    3525 NUMBND =      65
 NUMANG =     152 NPTRA  =     189 NATYP =      33 NPHB   =       0
 IFBOX  =       0 NMXRS  =      24 IFCAP =       0 NEXTRA =       0
 NCOPY  =       0

 Implicit solvent radii are ArgH and AspGluO modified Bondi2 radii (mbondi3)                                
 Replacing prmtop screening parameters with GBn2 (igb=8) values

|     Memory Use     Allocated
|     Real              145027
|     Hollerith           4876
|     Integer           109197
|     Max Pairs              1
|     nblistReal             0
|     nblist Int             0
|       Total             1578 kbytes

| Note: 1-4 EEL scale factors are being read from the topology file.

| Note: 1-4 VDW scale factors are being read from the topology file.
| Duplicated    0 dihedrals
| Duplicated    0 dihedrals

--------------------------------------------------------------------------------
   2.  CONTROL  DATA  FOR  THE  RUN
--------------------------------------------------------------------------------

default_name                                                                    

General flags:
     imin    =       1, nmropt  =       0

Nature and format of input:
     ntx     =       1, irest   =       0, ntrx    =       1

Nature and format of output:
     ntxo    =       1, ntpr    =     100, ntrx    =       1, ntwr    =     100
     iwrap   =       0, ntwx    =       0, ntwv    =       0, ntwe    =       0
     ioutfm  =       0, ntwprt  =       0, idecomp =       0, rbornstat=      0

Potential function:
     ntf     =       1, ntb     =       0, igb     =       8, nsnb    =      25
     ipol    =       0, gbsa    =       0, iesp    =       0
     dielc   =   1.00000, cut     = 999.00000, intdiel =   1.00000
     saltcon =   0.00000, offset  =   0.19514, surften =   0.00500
     rdt     =   0.00000, rgbmax  =  25.00000  extdiel =  78.50000
     alpb  =        0
     gbalphaH  =   0.78844, gbbetaH   =   0.79870,  gbgammaH  =    0.43733
     gbalphaC  =   0.73376, gbbetaC   =   0.50638,  gbgammaC  =    0.20584
     gbalphaN  =   0.50336, gbbetaN   =   0.31683,  gbgammaN  =    0.19292
     gbalphaOS =   0.86781, gbbetaOS  =   0.87664,  gbgammaOS =    0.38788
     gbalphaP  =   1.00000, gbbetaP   =   0.80000,  gbgammaP  =    4.85000
     gb_alpha_hnu  =   0.53705, gb_beta_hnu   =   0.36286,  gb_gamma_hnu  =    0.11670
     gb_alpha_cnu  =   0.33167, gb_beta_cnu   =   0.19684,  gb_gamma_cnu  =    0.09342
     gb_alpha_nnu  =   0.68631, gb_beta_nnu   =   0.46319,  gb_gamma_nnu  =    0.13872
     gb_alpha_onu  =   0.60634, gb_beta_onu   =   0.46301,  gb_gamma_onu  =    0.14226
     gb_alpha_pnu  =   0.41836, gb_beta_pnu   =   0.29005,  gb_gamma_pnu  =    0.10642

Frozen or restrained atoms:
     ibelly  =       0, ntr     =       1
     restraint_wt =  10.00000

Energy minimization:
     maxcyc  =    1000, ncyc    =      10, ntmin   =       1
     dx0     =   0.01000, drms    =   0.00010
|  INFO: Old style inpcrd file read


    LOADING THE CONSTRAINED ATOMS AS GROUPS


   5.  REFERENCE ATOM COORDINATES

  defa
     Mask !@H=; matches   799 atoms

--------------------------------------------------------------------------------
   3.  ATOMIC COORDINATES AND VELOCITIES
--------------------------------------------------------------------------------

default_name                                                                    
 begin time read from input coords =     0.000 ps

 Number of triangulated 3-point waters found:        0

--------------------------------------------------------------------------------
   4.  RESULTS
--------------------------------------------------------------------------------



   NSTEP       ENERGY          RMS            GMAX         NAME    NUMBER
      1      -2.2264E+03     9.1399E+00     6.5768E+01     OXT      1590

 BOND    =       69.0717  ANGLE   =      211.5738  DIHED      =     1069.2040
 VDWAALS =     -658.5463  EEL     =    -7414.1039  EGB        =    -1632.8903
 1-4 VDW =      440.4055  1-4 EEL =     5688.9256  RESTRAINT  =        0.0000


   NSTEP       ENERGY          RMS            GMAX         NAME    NUMBER
    100      -2.6048E+03     7.5197E-01     1.1340E+01     HG1      1389

 BOND    =       32.4685  ANGLE   =      209.9601  DIHED      =     1069.3647
 VDWAALS =     -808.5463  EEL     =    -7441.5053  EGB        =    -1652.7093
 1-4 VDW =      330.8484  1-4 EEL =     5608.8844  RESTRAINT  =       46.4546
 EAMBER  =    -2651.2348


   NSTEP       ENERGY          RMS            GMAX         NAME    NUMBER
    200      -2.6184E+03     3.2804E-01     5.3226E+00     OG1       604

 BOND    =       31.2187  ANGLE   =      209.7206  DIHED      =     1067.9140
 VDWAALS =     -808.7136  EEL     =    -7450.0574  EGB        =    -1654.0149
 1-4 VDW =      331.1572  1-4 EEL =     5608.7205  RESTRAINT  =       45.6251
 EAMBER  =    -2664.0550


   NSTEP       ENERGY          RMS            GMAX         NAME    NUMBER
    300      -2.6270E+03     3.6071E-02     3.8454E-01     OG1       634

 BOND    =       30.7259  ANGLE   =      207.8191  DIHED      =     1065.8835
 VDWAALS =     -806.6687  EEL     =    -7454.9517  EGB        =    -1656.8477
 1-4 VDW =      333.0527  1-4 EEL =     5609.9419  RESTRAINT  =       44.0098
 EAMBER  =    -2671.0450


   NSTEP       ENERGY          RMS            GMAX         NAME    NUMBER
    400      -2.6271E+03     9.4875E-03     1.0760E-01     OG1       634

 BOND    =       30.6781  ANGLE   =      207.7021  DIHED      =     1065.8436
 VDWAALS =     -806.8491  EEL     =    -7454.9540  EGB        =    -1656.8836
 1-4 VDW =      333.2293  1-4 EEL =     5610.0716  RESTRAINT  =       44.0499
 EAMBER  =    -2671.1620


   NSTEP       ENERGY          RMS            GMAX         NAME    NUMBER
    500      -2.6271E+03     4.7438E-03     6.1663E-02     CG2       630

 BOND    =       30.6537  ANGLE   =      207.6729  DIHED      =     1065.8542
 VDWAALS =     -806.9236  EEL     =    -7454.9585  EGB        =    -1656.8743
 1-4 VDW =      333.2940  1-4 EEL =     5610.0939  RESTRAINT  =       44.0663
 EAMBER  =    -2671.1877


   NSTEP       ENERGY          RMS            GMAX         NAME    NUMBER
    600      -2.6271E+03     2.9160E-03     4.8973E-02     CB        628

 BOND    =       30.6460  ANGLE   =      207.6608  DIHED      =     1065.8566
 VDWAALS =     -806.9495  EEL     =    -7454.9547  EGB        =    -1656.8711
 1-4 VDW =      333.3168  1-4 EEL =     5610.0967  RESTRAINT  =       44.0749
 EAMBER  =    -2671.1984


   NSTEP       ENERGY          RMS            GMAX         NAME    NUMBER
    700      -2.6271E+03     2.9017E-04     3.9842E-03     CG2       630

 BOND    =       30.6452  ANGLE   =      207.6609  DIHED      =     1065.8575
 VDWAALS =     -806.9652  EEL     =    -7454.9524  EGB        =    -1656.8704
 1-4 VDW =      333.3233  1-4 EEL =     5610.0932  RESTRAINT  =       44.0841
 EAMBER  =    -2671.2080


   NSTEP       ENERGY          RMS            GMAX         NAME    NUMBER
    800      -2.6271E+03     1.9419E-04     3.3597E-03     CB        612

 BOND    =       30.6450  ANGLE   =      207.6607  DIHED      =     1065.8572
 VDWAALS =     -806.9674  EEL     =    -7454.9516  EGB        =    -1656.8706
 1-4 VDW =      333.3242  1-4 EEL =     5610.0928  RESTRAINT  =       44.0856
 EAMBER  =    -2671.2095


                    FINAL RESULTS



   NSTEP       ENERGY          RMS            GMAX         NAME    NUMBER
    842      -2.6271E+03     9.7073E-05     1.0061E-03     OG1       634

 BOND    =       30.6449  ANGLE   =      207.6610  DIHED      =     1065.8571
 VDWAALS =     -806.9684  EEL     =    -7454.9515  EGB        =    -1656.8706
 1-4 VDW =      333.3245  1-4 EEL =     5610.0927  RESTRAINT  =       44.0864
 EAMBER  =    -2671.2103

--------------------------------------------------------------------------------
   5.  TIMINGS
--------------------------------------------------------------------------------

|                Calc gb radii             50.50 (20.48% of Gen B)
|                Calc gb diag              93.83 (38.06% of Gen B)
|                Calc gb off-diag         102.21 (41.46% of Gen B)
|             Gen Born time            246.55 (100.0% of Nonbo)
|          Nonbond force            246.55 (99.29% of Force)
|          Bond/Angle/Dihedral        1.74 ( 0.70% of Force)
|          Other                      0.01 ( 0.01% of Force)
|       Force time               248.31 (100.0% of Runmd)
|    Runmd Time               248.31 (99.70% of Total)
|    Other                      0.73 ( 0.29% of Total)
| Total time               249.05 (100.0% of ALL  )

| Number of list builds   :          0

| Highest rstack allocated:          0
| Highest istack allocated:          0
|           Job began  at 12:30:19.751  on 02/03/2016
|           Setup done at 12:30:19.801  on 02/03/2016
|           Run   done at 12:34:28.797  on 02/03/2016
|     wallclock() was called   15184 times
