
          -------------------------------------------------------
          Amber 14 SANDER                              2014
          -------------------------------------------------------

| Run on 02/03/2016 at 14:36:01

|   Executable path: sander
| Working directory: /lustre/cs1500/scratch/kmb413/RealDecoyDisc/DecoyDiscrimination/decoys.set2.init/1aaj/Rosetta_relaxed
|          Hostname: slepner30


File Assignments:
|  MDIN: /scratch/kmb413/RealDecoyDisc/DecoyDiscrimination/scripts/min/min.in  
| MDOUT: NoH_2_empty_tag_1_952_0001.out                                        
|INPCRD: NoH_2_empty_tag_1_952_0001.rst7                                       
|  PARM: NoH_2_empty_tag_1_952_0001.parm7                                      
|RESTRT: min_NoH_2_empty_tag_1_952_0001.rst7                                   
|  REFC: NoH_2_empty_tag_1_952_0001.rst7                                       
| MDVEL: mdvel                                                                 
| MDFRC: mdfrc                                                                 
|  MDEN: mden                                                                  
| MDCRD: mdcrd                                                                 
|MDINFO: mdinfo                                                                
|  MTMD: mtmd                                                                  
|INPDIP: inpdip                                                                
|RSTDIP: rstdip                                                                
|INPTRA: inptraj                                                               


 Here is the input file:

                                                                               
&cntrl                                                                         
    imin = 1, maxcyc=1000,                                                     
    ntx = 1,                                                                   
    ntwr = 100, ntpr = 100,                                                    
    cut = 999.0,                                                               
    ntb = 0, igb = 8,                                                          
    ntr = 1, restraint_wt = 10, restraintmask = "!@H=",                        
/                                                                              

--------------------------------------------------------------------------------
   1.  RESOURCE   USE: 
--------------------------------------------------------------------------------

| Flags:                                                                        
| New format PARM file being parsed.
| Version =    1.000 Date = 02/03/16 Time = 11:47:43
 NATOM  =    1590 NTYPES =      14 NBONH =     791 MBONA  =     820
 NTHETH =    1812 MTHETA =    1115 NPHIH =    3578 MPHIA  =    3525
 NHPARM =       0 NPARM  =       0 NNB   =    8805 NRES   =     104
 NBONA  =     820 NTHETA =    1115 NPHIA =    3525 NUMBND =      65
 NUMANG =     152 NPTRA  =     189 NATYP =      33 NPHB   =       0
 IFBOX  =       0 NMXRS  =      24 IFCAP =       0 NEXTRA =       0
 NCOPY  =       0

 Implicit solvent radii are ArgH and AspGluO modified Bondi2 radii (mbondi3)                                
 Replacing prmtop screening parameters with GBn2 (igb=8) values

|     Memory Use     Allocated
|     Real              145027
|     Hollerith           4876
|     Integer           109197
|     Max Pairs              1
|     nblistReal             0
|     nblist Int             0
|       Total             1578 kbytes

| Note: 1-4 EEL scale factors are being read from the topology file.

| Note: 1-4 VDW scale factors are being read from the topology file.
| Duplicated    0 dihedrals
| Duplicated    0 dihedrals

--------------------------------------------------------------------------------
   2.  CONTROL  DATA  FOR  THE  RUN
--------------------------------------------------------------------------------

default_name                                                                    

General flags:
     imin    =       1, nmropt  =       0

Nature and format of input:
     ntx     =       1, irest   =       0, ntrx    =       1

Nature and format of output:
     ntxo    =       1, ntpr    =     100, ntrx    =       1, ntwr    =     100
     iwrap   =       0, ntwx    =       0, ntwv    =       0, ntwe    =       0
     ioutfm  =       0, ntwprt  =       0, idecomp =       0, rbornstat=      0

Potential function:
     ntf     =       1, ntb     =       0, igb     =       8, nsnb    =      25
     ipol    =       0, gbsa    =       0, iesp    =       0
     dielc   =   1.00000, cut     = 999.00000, intdiel =   1.00000
     saltcon =   0.00000, offset  =   0.19514, surften =   0.00500
     rdt     =   0.00000, rgbmax  =  25.00000  extdiel =  78.50000
     alpb  =        0
     gbalphaH  =   0.78844, gbbetaH   =   0.79870,  gbgammaH  =    0.43733
     gbalphaC  =   0.73376, gbbetaC   =   0.50638,  gbgammaC  =    0.20584
     gbalphaN  =   0.50336, gbbetaN   =   0.31683,  gbgammaN  =    0.19292
     gbalphaOS =   0.86781, gbbetaOS  =   0.87664,  gbgammaOS =    0.38788
     gbalphaP  =   1.00000, gbbetaP   =   0.80000,  gbgammaP  =    4.85000
     gb_alpha_hnu  =   0.53705, gb_beta_hnu   =   0.36286,  gb_gamma_hnu  =    0.11670
     gb_alpha_cnu  =   0.33167, gb_beta_cnu   =   0.19684,  gb_gamma_cnu  =    0.09342
     gb_alpha_nnu  =   0.68631, gb_beta_nnu   =   0.46319,  gb_gamma_nnu  =    0.13872
     gb_alpha_onu  =   0.60634, gb_beta_onu   =   0.46301,  gb_gamma_onu  =    0.14226
     gb_alpha_pnu  =   0.41836, gb_beta_pnu   =   0.29005,  gb_gamma_pnu  =    0.10642

Frozen or restrained atoms:
     ibelly  =       0, ntr     =       1
     restraint_wt =  10.00000

Energy minimization:
     maxcyc  =    1000, ncyc    =      10, ntmin   =       1
     dx0     =   0.01000, drms    =   0.00010
|  INFO: Old style inpcrd file read


    LOADING THE CONSTRAINED ATOMS AS GROUPS


   5.  REFERENCE ATOM COORDINATES

  defa
     Mask !@H=; matches   799 atoms

--------------------------------------------------------------------------------
   3.  ATOMIC COORDINATES AND VELOCITIES
--------------------------------------------------------------------------------

default_name                                                                    
 begin time read from input coords =     0.000 ps

 Number of triangulated 3-point waters found:        0

--------------------------------------------------------------------------------
   4.  RESULTS
--------------------------------------------------------------------------------



   NSTEP       ENERGY          RMS            GMAX         NAME    NUMBER
      1      -2.1884E+03     9.1665E+00     6.0807E+01     OE1      1261

 BOND    =       70.3735  ANGLE   =      211.7241  DIHED      =     1075.3573
 VDWAALS =     -638.7652  EEL     =    -7200.9473  EGB        =    -1863.5724
 1-4 VDW =      446.9431  1-4 EEL =     5710.5174  RESTRAINT  =        0.0000


   NSTEP       ENERGY          RMS            GMAX         NAME    NUMBER
    100      -2.5608E+03     3.6656E-01     3.4185E+00     HG1      1389

 BOND    =       31.8791  ANGLE   =      207.9057  DIHED      =     1081.5048
 VDWAALS =     -788.7689  EEL     =    -7208.7570  EGB        =    -1879.7777
 1-4 VDW =      332.7103  1-4 EEL =     5620.8245  RESTRAINT  =       41.7215
 EAMBER  =    -2602.4792


   NSTEP       ENERGY          RMS            GMAX         NAME    NUMBER
    200      -2.5666E+03     1.2812E-01     1.3794E+00     HG1      1389

 BOND    =       31.7181  ANGLE   =      208.0970  DIHED      =     1080.5012
 VDWAALS =     -792.3795  EEL     =    -7216.5344  EGB        =    -1877.0871
 1-4 VDW =      332.5391  1-4 EEL =     5622.6842  RESTRAINT  =       43.8159
 EAMBER  =    -2610.4613


   NSTEP       ENERGY          RMS            GMAX         NAME    NUMBER
    300      -2.5681E+03     1.1705E-01     1.8735E+00     H3          4

 BOND    =       31.6590  ANGLE   =      207.6803  DIHED      =     1079.0414
 VDWAALS =     -792.6695  EEL     =    -7215.6434  EGB        =    -1877.5874
 1-4 VDW =      333.0868  1-4 EEL =     5622.4697  RESTRAINT  =       43.8240
 EAMBER  =    -2611.9630


   NSTEP       ENERGY          RMS            GMAX         NAME    NUMBER
    400      -2.5733E+03     1.2371E-01     3.2166E+00     CD        193

 BOND    =       31.8713  ANGLE   =      208.0507  DIHED      =     1078.2045
 VDWAALS =     -791.8995  EEL     =    -7221.0446  EGB        =    -1878.0236
 1-4 VDW =      332.9849  1-4 EEL =     5622.8954  RESTRAINT  =       43.6981
 EAMBER  =    -2616.9609


   NSTEP       ENERGY          RMS            GMAX         NAME    NUMBER
    500      -2.5734E+03     1.1371E-02     1.8720E-01     CG        231

 BOND    =       31.5793  ANGLE   =      207.7899  DIHED      =     1078.1158
 VDWAALS =     -791.5138  EEL     =    -7221.3575  EGB        =    -1878.1343
 1-4 VDW =      333.5000  1-4 EEL =     5623.3822  RESTRAINT  =       43.2466
 EAMBER  =    -2616.6384


   NSTEP       ENERGY          RMS            GMAX         NAME    NUMBER
    600      -2.5734E+03     7.9555E-04     8.5267E-03     CA        596

 BOND    =       31.5749  ANGLE   =      207.7529  DIHED      =     1078.1192
 VDWAALS =     -791.5018  EEL     =    -7221.3609  EGB        =    -1878.1458
 1-4 VDW =      333.5173  1-4 EEL =     5623.4200  RESTRAINT  =       43.2313
 EAMBER  =    -2616.6242


   NSTEP       ENERGY          RMS            GMAX         NAME    NUMBER
    700      -2.5734E+03     7.3210E-04     1.1210E-02     CA        596

 BOND    =       31.5720  ANGLE   =      207.7478  DIHED      =     1078.1206
 VDWAALS =     -791.4985  EEL     =    -7221.3608  EGB        =    -1878.1499
 1-4 VDW =      333.5256  1-4 EEL =     5623.4250  RESTRAINT  =       43.2254
 EAMBER  =    -2616.6183


                    FINAL RESULTS



   NSTEP       ENERGY          RMS            GMAX         NAME    NUMBER
    797      -2.5734E+03     9.4058E-05     9.0501E-04     CD        193

 BOND    =       31.5716  ANGLE   =      207.7479  DIHED      =     1078.1210
 VDWAALS =     -791.4996  EEL     =    -7221.3603  EGB        =    -1878.1508
 1-4 VDW =      333.5259  1-4 EEL =     5623.4257  RESTRAINT  =       43.2257
 EAMBER  =    -2616.6186

--------------------------------------------------------------------------------
   5.  TIMINGS
--------------------------------------------------------------------------------

|                Calc gb radii             46.13 (20.20% of Gen B)
|                Calc gb diag              85.02 (37.23% of Gen B)
|                Calc gb off-diag          97.23 (42.57% of Gen B)
|             Gen Born time            228.38 (100.0% of Nonbo)
|          Nonbond force            228.38 (99.28% of Force)
|          Bond/Angle/Dihedral        1.65 ( 0.72% of Force)
|          Other                      0.01 ( 0.01% of Force)
|       Force time               230.04 (100.0% of Runmd)
|    Runmd Time               230.04 (99.70% of Total)
|    Other                      0.68 ( 0.30% of Total)
| Total time               230.73 (100.0% of ALL  )

| Number of list builds   :          0

| Highest rstack allocated:          0
| Highest istack allocated:          0
|           Job began  at 14:36:01.425  on 02/03/2016
|           Setup done at 14:36:01.512  on 02/03/2016
|           Run   done at 14:39:52.151  on 02/03/2016
|     wallclock() was called   14374 times
