
          -------------------------------------------------------
          Amber 14 SANDER                              2014
          -------------------------------------------------------

| Run on 02/03/2016 at 14:35:50

|   Executable path: sander
| Working directory: /lustre/cs1500/scratch/kmb413/RealDecoyDisc/DecoyDiscrimination/decoys.set2.init/1aaj/Rosetta_relaxed
|          Hostname: slepner15


File Assignments:
|  MDIN: /scratch/kmb413/RealDecoyDisc/DecoyDiscrimination/scripts/min/min.in  
| MDOUT: NoH_3_empty_tag_1_823_0001.out                                        
|INPCRD: NoH_3_empty_tag_1_823_0001.rst7                                       
|  PARM: NoH_3_empty_tag_1_823_0001.parm7                                      
|RESTRT: min_NoH_3_empty_tag_1_823_0001.rst7                                   
|  REFC: NoH_3_empty_tag_1_823_0001.rst7                                       
| MDVEL: mdvel                                                                 
| MDFRC: mdfrc                                                                 
|  MDEN: mden                                                                  
| MDCRD: mdcrd                                                                 
|MDINFO: mdinfo                                                                
|  MTMD: mtmd                                                                  
|INPDIP: inpdip                                                                
|RSTDIP: rstdip                                                                
|INPTRA: inptraj                                                               


 Here is the input file:

                                                                               
&cntrl                                                                         
    imin = 1, maxcyc=1000,                                                     
    ntx = 1,                                                                   
    ntwr = 100, ntpr = 100,                                                    
    cut = 999.0,                                                               
    ntb = 0, igb = 8,                                                          
    ntr = 1, restraint_wt = 10, restraintmask = "!@H=",                        
/                                                                              

--------------------------------------------------------------------------------
   1.  RESOURCE   USE: 
--------------------------------------------------------------------------------

| Flags:                                                                        
| New format PARM file being parsed.
| Version =    1.000 Date = 02/03/16 Time = 11:49:41
 NATOM  =    1590 NTYPES =      14 NBONH =     791 MBONA  =     820
 NTHETH =    1812 MTHETA =    1115 NPHIH =    3578 MPHIA  =    3525
 NHPARM =       0 NPARM  =       0 NNB   =    8805 NRES   =     104
 NBONA  =     820 NTHETA =    1115 NPHIA =    3525 NUMBND =      65
 NUMANG =     152 NPTRA  =     189 NATYP =      33 NPHB   =       0
 IFBOX  =       0 NMXRS  =      24 IFCAP =       0 NEXTRA =       0
 NCOPY  =       0

 Implicit solvent radii are ArgH and AspGluO modified Bondi2 radii (mbondi3)                                
 Replacing prmtop screening parameters with GBn2 (igb=8) values

|     Memory Use     Allocated
|     Real              145027
|     Hollerith           4876
|     Integer           109197
|     Max Pairs              1
|     nblistReal             0
|     nblist Int             0
|       Total             1578 kbytes

| Note: 1-4 EEL scale factors are being read from the topology file.

| Note: 1-4 VDW scale factors are being read from the topology file.
| Duplicated    0 dihedrals
| Duplicated    0 dihedrals

--------------------------------------------------------------------------------
   2.  CONTROL  DATA  FOR  THE  RUN
--------------------------------------------------------------------------------

default_name                                                                    

General flags:
     imin    =       1, nmropt  =       0

Nature and format of input:
     ntx     =       1, irest   =       0, ntrx    =       1

Nature and format of output:
     ntxo    =       1, ntpr    =     100, ntrx    =       1, ntwr    =     100
     iwrap   =       0, ntwx    =       0, ntwv    =       0, ntwe    =       0
     ioutfm  =       0, ntwprt  =       0, idecomp =       0, rbornstat=      0

Potential function:
     ntf     =       1, ntb     =       0, igb     =       8, nsnb    =      25
     ipol    =       0, gbsa    =       0, iesp    =       0
     dielc   =   1.00000, cut     = 999.00000, intdiel =   1.00000
     saltcon =   0.00000, offset  =   0.19514, surften =   0.00500
     rdt     =   0.00000, rgbmax  =  25.00000  extdiel =  78.50000
     alpb  =        0
     gbalphaH  =   0.78844, gbbetaH   =   0.79870,  gbgammaH  =    0.43733
     gbalphaC  =   0.73376, gbbetaC   =   0.50638,  gbgammaC  =    0.20584
     gbalphaN  =   0.50336, gbbetaN   =   0.31683,  gbgammaN  =    0.19292
     gbalphaOS =   0.86781, gbbetaOS  =   0.87664,  gbgammaOS =    0.38788
     gbalphaP  =   1.00000, gbbetaP   =   0.80000,  gbgammaP  =    4.85000
     gb_alpha_hnu  =   0.53705, gb_beta_hnu   =   0.36286,  gb_gamma_hnu  =    0.11670
     gb_alpha_cnu  =   0.33167, gb_beta_cnu   =   0.19684,  gb_gamma_cnu  =    0.09342
     gb_alpha_nnu  =   0.68631, gb_beta_nnu   =   0.46319,  gb_gamma_nnu  =    0.13872
     gb_alpha_onu  =   0.60634, gb_beta_onu   =   0.46301,  gb_gamma_onu  =    0.14226
     gb_alpha_pnu  =   0.41836, gb_beta_pnu   =   0.29005,  gb_gamma_pnu  =    0.10642

Frozen or restrained atoms:
     ibelly  =       0, ntr     =       1
     restraint_wt =  10.00000

Energy minimization:
     maxcyc  =    1000, ncyc    =      10, ntmin   =       1
     dx0     =   0.01000, drms    =   0.00010
|  INFO: Old style inpcrd file read


    LOADING THE CONSTRAINED ATOMS AS GROUPS


   5.  REFERENCE ATOM COORDINATES

  defa
     Mask !@H=; matches   799 atoms

--------------------------------------------------------------------------------
   3.  ATOMIC COORDINATES AND VELOCITIES
--------------------------------------------------------------------------------

default_name                                                                    
 begin time read from input coords =     0.000 ps

 Number of triangulated 3-point waters found:        0

--------------------------------------------------------------------------------
   4.  RESULTS
--------------------------------------------------------------------------------



   NSTEP       ENERGY          RMS            GMAX         NAME    NUMBER
      1      -2.2093E+03     9.0691E+00     6.2144E+01     OXT      1590

 BOND    =       70.2378  ANGLE   =      211.4300  DIHED      =     1096.8570
 VDWAALS =     -651.8941  EEL     =    -7278.9921  EGB        =    -1840.5135
 1-4 VDW =      440.7229  1-4 EEL =     5742.8315  RESTRAINT  =        0.0000


   NSTEP       ENERGY          RMS            GMAX         NAME    NUMBER
    100      -2.5668E+03     2.7721E-01     4.0692E+00     CG        311

 BOND    =       31.1993  ANGLE   =      204.8833  DIHED      =     1095.0731
 VDWAALS =     -786.2406  EEL     =    -7298.1377  EGB        =    -1846.2850
 1-4 VDW =      331.8613  1-4 EEL =     5660.3481  RESTRAINT  =       40.5392
 EAMBER  =    -2607.2983


   NSTEP       ENERGY          RMS            GMAX         NAME    NUMBER
    200      -2.5693E+03     9.1344E-02     1.0885E+00     H3          4

 BOND    =       31.4491  ANGLE   =      206.1109  DIHED      =     1096.3974
 VDWAALS =     -788.9625  EEL     =    -7303.8652  EGB        =    -1844.8013
 1-4 VDW =      331.3089  1-4 EEL =     5660.1482  RESTRAINT  =       42.9290
 EAMBER  =    -2612.2144


   NSTEP       ENERGY          RMS            GMAX         NAME    NUMBER
    300      -2.5764E+03     8.8371E-02     1.8889E+00     OG       1179

 BOND    =       31.5189  ANGLE   =      205.8924  DIHED      =     1094.2057
 VDWAALS =     -787.8913  EEL     =    -7312.3880  EGB        =    -1843.2817
 1-4 VDW =      331.5860  1-4 EEL =     5661.3726  RESTRAINT  =       42.5809
 EAMBER  =    -2618.9854


   NSTEP       ENERGY          RMS            GMAX         NAME    NUMBER
    400      -2.5765E+03     8.6716E-01     2.7582E+01     HG1       605

 BOND    =       33.0440  ANGLE   =      207.0812  DIHED      =     1095.0926
 VDWAALS =     -788.5701  EEL     =    -7313.8468  EGB        =    -1843.6598
 1-4 VDW =      330.6653  1-4 EEL =     5660.4808  RESTRAINT  =       43.1758
 EAMBER  =    -2619.7128


   NSTEP       ENERGY          RMS            GMAX         NAME    NUMBER
    500      -2.5815E+03     2.6878E-02     3.2977E-01     CG        311

 BOND    =       31.4444  ANGLE   =      205.6907  DIHED      =     1093.6797
 VDWAALS =     -786.3110  EEL     =    -7317.7290  EGB        =    -1844.1708
 1-4 VDW =      332.1981  1-4 EEL =     5661.7007  RESTRAINT  =       42.0178
 EAMBER  =    -2623.4973


   NSTEP       ENERGY          RMS            GMAX         NAME    NUMBER
    600      -2.5815E+03     4.1560E-03     6.4657E-02     HA        597

 BOND    =       31.4104  ANGLE   =      205.6142  DIHED      =     1093.7107
 VDWAALS =     -786.2502  EEL     =    -7317.7624  EGB        =    -1844.3241
 1-4 VDW =      332.3280  1-4 EEL =     5661.8324  RESTRAINT  =       41.9454
 EAMBER  =    -2623.4411


   NSTEP       ENERGY          RMS            GMAX         NAME    NUMBER
    700      -2.5815E+03     1.1917E-03     2.1907E-02     CG        311

 BOND    =       31.4048  ANGLE   =      205.6031  DIHED      =     1093.7207
 VDWAALS =     -786.2451  EEL     =    -7317.7657  EGB        =    -1844.3679
 1-4 VDW =      332.3426  1-4 EEL =     5661.8727  RESTRAINT  =       41.9385
 EAMBER  =    -2623.4347


                    FINAL RESULTS



   NSTEP       ENERGY          RMS            GMAX         NAME    NUMBER
    744      -2.5815E+03     9.1169E-05     1.4346E-03     CG        311

 BOND    =       31.4042  ANGLE   =      205.6019  DIHED      =     1093.7199
 VDWAALS =     -786.2425  EEL     =    -7317.7667  EGB        =    -1844.3688
 1-4 VDW =      332.3445  1-4 EEL =     5661.8744  RESTRAINT  =       41.9369
 EAMBER  =    -2623.4331

--------------------------------------------------------------------------------
   5.  TIMINGS
--------------------------------------------------------------------------------

|                Calc gb radii             43.98 (20.31% of Gen B)
|                Calc gb diag              81.29 (37.55% of Gen B)
|                Calc gb off-diag          91.24 (42.14% of Gen B)
|             Gen Born time            216.52 (100.0% of Nonbo)
|          Nonbond force            216.52 (99.28% of Force)
|          Bond/Angle/Dihedral        1.55 ( 0.71% of Force)
|          Other                      0.01 ( 0.01% of Force)
|       Force time               218.08 (100.0% of Runmd)
|    Runmd Time               218.08 (99.49% of Total)
|    Other                      1.11 ( 0.50% of Total)
| Total time               219.19 (100.0% of ALL  )

| Number of list builds   :          0

| Highest rstack allocated:          0
| Highest istack allocated:          0
|           Job began  at 14:35:50.325  on 02/03/2016
|           Setup done at 14:35:50.426  on 02/03/2016
|           Run   done at 14:39:29.517  on 02/03/2016
|     wallclock() was called   13420 times
