
          -------------------------------------------------------
          Amber 14 SANDER                              2014
          -------------------------------------------------------

| Run on 02/03/2016 at 14:50:25

|   Executable path: sander
| Working directory: /lustre/cs1500/scratch/kmb413/RealDecoyDisc/DecoyDiscrimination/decoys.set2.init/1aaj/Rosetta_relaxed
|          Hostname: slepner25


File Assignments:
|  MDIN: /scratch/kmb413/RealDecoyDisc/DecoyDiscrimination/scripts/min/min.in  
| MDOUT: NoH_5_empty_tag_199_0001_1_0001.out                                   
|INPCRD: NoH_5_empty_tag_199_0001_1_0001.rst7                                  
|  PARM: NoH_5_empty_tag_199_0001_1_0001.parm7                                 
|RESTRT: min_NoH_5_empty_tag_199_0001_1_0001.rst7                              
|  REFC: NoH_5_empty_tag_199_0001_1_0001.rst7                                  
| MDVEL: mdvel                                                                 
| MDFRC: mdfrc                                                                 
|  MDEN: mden                                                                  
| MDCRD: mdcrd                                                                 
|MDINFO: mdinfo                                                                
|  MTMD: mtmd                                                                  
|INPDIP: inpdip                                                                
|RSTDIP: rstdip                                                                
|INPTRA: inptraj                                                               


 Here is the input file:

                                                                               
&cntrl                                                                         
    imin = 1, maxcyc=1000,                                                     
    ntx = 1,                                                                   
    ntwr = 100, ntpr = 100,                                                    
    cut = 999.0,                                                               
    ntb = 0, igb = 8,                                                          
    ntr = 1, restraint_wt = 10, restraintmask = "!@H=",                        
/                                                                              

--------------------------------------------------------------------------------
   1.  RESOURCE   USE: 
--------------------------------------------------------------------------------

| Flags:                                                                        
| New format PARM file being parsed.
| Version =    1.000 Date = 02/03/16 Time = 11:53:32
 NATOM  =    1590 NTYPES =      14 NBONH =     791 MBONA  =     820
 NTHETH =    1812 MTHETA =    1115 NPHIH =    3578 MPHIA  =    3525
 NHPARM =       0 NPARM  =       0 NNB   =    8805 NRES   =     104
 NBONA  =     820 NTHETA =    1115 NPHIA =    3525 NUMBND =      65
 NUMANG =     152 NPTRA  =     189 NATYP =      33 NPHB   =       0
 IFBOX  =       0 NMXRS  =      24 IFCAP =       0 NEXTRA =       0
 NCOPY  =       0

 Implicit solvent radii are ArgH and AspGluO modified Bondi2 radii (mbondi3)                                
 Replacing prmtop screening parameters with GBn2 (igb=8) values

|     Memory Use     Allocated
|     Real              145027
|     Hollerith           4876
|     Integer           109197
|     Max Pairs              1
|     nblistReal             0
|     nblist Int             0
|       Total             1578 kbytes

| Note: 1-4 EEL scale factors are being read from the topology file.

| Note: 1-4 VDW scale factors are being read from the topology file.
| Duplicated    0 dihedrals
| Duplicated    0 dihedrals

--------------------------------------------------------------------------------
   2.  CONTROL  DATA  FOR  THE  RUN
--------------------------------------------------------------------------------

default_name                                                                    

General flags:
     imin    =       1, nmropt  =       0

Nature and format of input:
     ntx     =       1, irest   =       0, ntrx    =       1

Nature and format of output:
     ntxo    =       1, ntpr    =     100, ntrx    =       1, ntwr    =     100
     iwrap   =       0, ntwx    =       0, ntwv    =       0, ntwe    =       0
     ioutfm  =       0, ntwprt  =       0, idecomp =       0, rbornstat=      0

Potential function:
     ntf     =       1, ntb     =       0, igb     =       8, nsnb    =      25
     ipol    =       0, gbsa    =       0, iesp    =       0
     dielc   =   1.00000, cut     = 999.00000, intdiel =   1.00000
     saltcon =   0.00000, offset  =   0.19514, surften =   0.00500
     rdt     =   0.00000, rgbmax  =  25.00000  extdiel =  78.50000
     alpb  =        0
     gbalphaH  =   0.78844, gbbetaH   =   0.79870,  gbgammaH  =    0.43733
     gbalphaC  =   0.73376, gbbetaC   =   0.50638,  gbgammaC  =    0.20584
     gbalphaN  =   0.50336, gbbetaN   =   0.31683,  gbgammaN  =    0.19292
     gbalphaOS =   0.86781, gbbetaOS  =   0.87664,  gbgammaOS =    0.38788
     gbalphaP  =   1.00000, gbbetaP   =   0.80000,  gbgammaP  =    4.85000
     gb_alpha_hnu  =   0.53705, gb_beta_hnu   =   0.36286,  gb_gamma_hnu  =    0.11670
     gb_alpha_cnu  =   0.33167, gb_beta_cnu   =   0.19684,  gb_gamma_cnu  =    0.09342
     gb_alpha_nnu  =   0.68631, gb_beta_nnu   =   0.46319,  gb_gamma_nnu  =    0.13872
     gb_alpha_onu  =   0.60634, gb_beta_onu   =   0.46301,  gb_gamma_onu  =    0.14226
     gb_alpha_pnu  =   0.41836, gb_beta_pnu   =   0.29005,  gb_gamma_pnu  =    0.10642

Frozen or restrained atoms:
     ibelly  =       0, ntr     =       1
     restraint_wt =  10.00000

Energy minimization:
     maxcyc  =    1000, ncyc    =      10, ntmin   =       1
     dx0     =   0.01000, drms    =   0.00010
|  INFO: Old style inpcrd file read


    LOADING THE CONSTRAINED ATOMS AS GROUPS


   5.  REFERENCE ATOM COORDINATES

  defa
     Mask !@H=; matches   799 atoms

--------------------------------------------------------------------------------
   3.  ATOMIC COORDINATES AND VELOCITIES
--------------------------------------------------------------------------------

default_name                                                                    
 begin time read from input coords =     0.000 ps

 Number of triangulated 3-point waters found:        0

--------------------------------------------------------------------------------
   4.  RESULTS
--------------------------------------------------------------------------------



   NSTEP       ENERGY          RMS            GMAX         NAME    NUMBER
      1      -2.1601E+03     9.3292E+00     6.1211E+01     HA        430

 BOND    =       72.0341  ANGLE   =      211.9245  DIHED      =     1104.4477
 VDWAALS =     -600.2196  EEL     =    -7180.9640  EGB        =    -1957.9068
 1-4 VDW =      440.7380  1-4 EEL =     5749.8130  RESTRAINT  =        0.0000


   NSTEP       ENERGY          RMS            GMAX         NAME    NUMBER
    100      -2.5404E+03     3.1716E-01     4.5773E+00     CD        729

 BOND    =       31.5817  ANGLE   =      209.2295  DIHED      =     1108.4509
 VDWAALS =     -763.3854  EEL     =    -7181.3298  EGB        =    -1969.6068
 1-4 VDW =      327.9531  1-4 EEL =     5653.4163  RESTRAINT  =       43.2798
 EAMBER  =    -2583.6906


   NSTEP       ENERGY          RMS            GMAX         NAME    NUMBER
    200      -2.5525E+03     2.5929E-01     2.4453E+00     HG        116

 BOND    =       32.0107  ANGLE   =      210.3400  DIHED      =     1106.0040
 VDWAALS =     -766.9609  EEL     =    -7198.8566  EGB        =    -1961.1875
 1-4 VDW =      327.4037  1-4 EEL =     5653.0643  RESTRAINT  =       45.6760
 EAMBER  =    -2598.1823


   NSTEP       ENERGY          RMS            GMAX         NAME    NUMBER
    300      -2.5549E+03     6.1263E-02     1.0995E+00     CD        729

 BOND    =       31.6245  ANGLE   =      208.8693  DIHED      =     1104.6973
 VDWAALS =     -766.7514  EEL     =    -7201.6609  EGB        =    -1960.2572
 1-4 VDW =      328.9811  1-4 EEL =     5654.5993  RESTRAINT  =       44.9976
 EAMBER  =    -2599.8980


   NSTEP       ENERGY          RMS            GMAX         NAME    NUMBER
    400      -2.5557E+03     1.6021E-01     3.2684E+00     HG         90

 BOND    =       31.9476  ANGLE   =      209.7179  DIHED      =     1105.6040
 VDWAALS =     -767.5370  EEL     =    -7202.7047  EGB        =    -1960.3919
 1-4 VDW =      328.0819  1-4 EEL =     5653.9501  RESTRAINT  =       45.5924
 EAMBER  =    -2601.3321


   NSTEP       ENERGY          RMS            GMAX         NAME    NUMBER
    500      -2.5650E+03     1.6370E-01     2.8562E+00     CA         84

 BOND    =       31.8818  ANGLE   =      209.1525  DIHED      =     1104.1503
 VDWAALS =     -765.6478  EEL     =    -7217.6267  EGB        =    -1954.2468
 1-4 VDW =      328.6054  1-4 EEL =     5654.3329  RESTRAINT  =       44.4266
 EAMBER  =    -2609.3984


   NSTEP       ENERGY          RMS            GMAX         NAME    NUMBER
    600      -2.5656E+03     8.5744E-03     8.7466E-02     HG         90

 BOND    =       31.6223  ANGLE   =      208.6004  DIHED      =     1104.2070
 VDWAALS =     -764.9943  EEL     =    -7218.1029  EGB        =    -1954.4142
 1-4 VDW =      329.3043  1-4 EEL =     5654.4529  RESTRAINT  =       43.7437
 EAMBER  =    -2609.3243


   NSTEP       ENERGY          RMS            GMAX         NAME    NUMBER
    700      -2.5656E+03     5.3494E-03     6.4011E-02     CA         95

 BOND    =       31.6033  ANGLE   =      208.5367  DIHED      =     1104.2557
 VDWAALS =     -764.9926  EEL     =    -7218.0541  EGB        =    -1954.4955
 1-4 VDW =      329.3852  1-4 EEL =     5654.4545  RESTRAINT  =       43.7193
 EAMBER  =    -2609.3067


   NSTEP       ENERGY          RMS            GMAX         NAME    NUMBER
    800      -2.5656E+03     8.3578E-03     7.7683E-02     NE2       515

 BOND    =       31.6038  ANGLE   =      208.5291  DIHED      =     1104.3071
 VDWAALS =     -765.0740  EEL     =    -7218.0229  EGB        =    -1954.5178
 1-4 VDW =      329.3982  1-4 EEL =     5654.4390  RESTRAINT  =       43.7479
 EAMBER  =    -2609.3374


   NSTEP       ENERGY          RMS            GMAX         NAME    NUMBER
    900      -2.5656E+03     9.9763E-04     1.1275E-02     CB         86

 BOND    =       31.5992  ANGLE   =      208.5122  DIHED      =     1104.3114
 VDWAALS =     -765.0577  EEL     =    -7218.0303  EGB        =    -1954.5134
 1-4 VDW =      329.4116  1-4 EEL =     5654.4402  RESTRAINT  =       43.7367
 EAMBER  =    -2609.3267


   NSTEP       ENERGY          RMS            GMAX         NAME    NUMBER
   1000      -2.5656E+03     6.1326E-04     8.5601E-03     CD       1585

 BOND    =       31.5987  ANGLE   =      208.5110  DIHED      =     1104.3149
 VDWAALS =     -765.0613  EEL     =    -7218.0293  EGB        =    -1954.5142
 1-4 VDW =      329.4123  1-4 EEL =     5654.4401  RESTRAINT  =       43.7377
 EAMBER  =    -2609.3277


  Maximum number of minimization cycles reached.


                    FINAL RESULTS



   NSTEP       ENERGY          RMS            GMAX         NAME    NUMBER
   1000      -2.5656E+03     6.1326E-04     8.5601E-03     CD       1585

 BOND    =       31.5987  ANGLE   =      208.5110  DIHED      =     1104.3149
 VDWAALS =     -765.0613  EEL     =    -7218.0293  EGB        =    -1954.5142
 1-4 VDW =      329.4123  1-4 EEL =     5654.4401  RESTRAINT  =       43.7377
 EAMBER  =    -2609.3277

--------------------------------------------------------------------------------
   5.  TIMINGS
--------------------------------------------------------------------------------

|                Calc gb radii             56.48 (20.07% of Gen B)
|                Calc gb diag             104.10 (36.98% of Gen B)
|                Calc gb off-diag         120.89 (42.95% of Gen B)
|             Gen Born time            281.47 (100.0% of Nonbo)
|          Nonbond force            281.47 (99.26% of Force)
|          Bond/Angle/Dihedral        2.08 ( 0.73% of Force)
|          Other                      0.02 ( 0.01% of Force)
|       Force time               283.57 (100.0% of Runmd)
|    Runmd Time               283.57 (99.65% of Total)
|    Other                      0.99 ( 0.35% of Total)
| Total time               284.56 (100.0% of ALL  )

| Number of list builds   :          0

| Highest rstack allocated:          0
| Highest istack allocated:          0
|           Job began  at 14:50:25.691  on 02/03/2016
|           Setup done at 14:50:25.742  on 02/03/2016
|           Run   done at 14:55:10.253  on 02/03/2016
|     wallclock() was called   18028 times
