
          -------------------------------------------------------
          Amber 14 SANDER                              2014
          -------------------------------------------------------

| Run on 02/03/2016 at 13:17:22

|   Executable path: sander
| Working directory: /lustre/cs1500/scratch/kmb413/RealDecoyDisc/DecoyDiscrimination/decoys.set2.init/1aaj/Rosetta_relaxed
|          Hostname: slepner13


File Assignments:
|  MDIN: /scratch/kmb413/RealDecoyDisc/DecoyDiscrimination/scripts/min/min.in  
| MDOUT: NoH_1_empty_tag_417_0001_0001.out                                     
|INPCRD: NoH_1_empty_tag_417_0001_0001.rst7                                    
|  PARM: NoH_1_empty_tag_417_0001_0001.parm7                                   
|RESTRT: min_NoH_1_empty_tag_417_0001_0001.rst7                                
|  REFC: NoH_1_empty_tag_417_0001_0001.rst7                                    
| MDVEL: mdvel                                                                 
| MDFRC: mdfrc                                                                 
|  MDEN: mden                                                                  
| MDCRD: mdcrd                                                                 
|MDINFO: mdinfo                                                                
|  MTMD: mtmd                                                                  
|INPDIP: inpdip                                                                
|RSTDIP: rstdip                                                                
|INPTRA: inptraj                                                               


 Here is the input file:

                                                                               
&cntrl                                                                         
    imin = 1, maxcyc=1000,                                                     
    ntx = 1,                                                                   
    ntwr = 100, ntpr = 100,                                                    
    cut = 999.0,                                                               
    ntb = 0, igb = 8,                                                          
    ntr = 1, restraint_wt = 10, restraintmask = "!@H=",                        
/                                                                              

--------------------------------------------------------------------------------
   1.  RESOURCE   USE: 
--------------------------------------------------------------------------------

| Flags:                                                                        
| New format PARM file being parsed.
| Version =    1.000 Date = 02/03/16 Time = 11:45:54
 NATOM  =    1590 NTYPES =      14 NBONH =     791 MBONA  =     820
 NTHETH =    1812 MTHETA =    1115 NPHIH =    3578 MPHIA  =    3525
 NHPARM =       0 NPARM  =       0 NNB   =    8805 NRES   =     104
 NBONA  =     820 NTHETA =    1115 NPHIA =    3525 NUMBND =      65
 NUMANG =     152 NPTRA  =     189 NATYP =      33 NPHB   =       0
 IFBOX  =       0 NMXRS  =      24 IFCAP =       0 NEXTRA =       0
 NCOPY  =       0

 Implicit solvent radii are ArgH and AspGluO modified Bondi2 radii (mbondi3)                                
 Replacing prmtop screening parameters with GBn2 (igb=8) values

|     Memory Use     Allocated
|     Real              145027
|     Hollerith           4876
|     Integer           109197
|     Max Pairs              1
|     nblistReal             0
|     nblist Int             0
|       Total             1578 kbytes

| Note: 1-4 EEL scale factors are being read from the topology file.

| Note: 1-4 VDW scale factors are being read from the topology file.
| Duplicated    0 dihedrals
| Duplicated    0 dihedrals

--------------------------------------------------------------------------------
   2.  CONTROL  DATA  FOR  THE  RUN
--------------------------------------------------------------------------------

default_name                                                                    

General flags:
     imin    =       1, nmropt  =       0

Nature and format of input:
     ntx     =       1, irest   =       0, ntrx    =       1

Nature and format of output:
     ntxo    =       1, ntpr    =     100, ntrx    =       1, ntwr    =     100
     iwrap   =       0, ntwx    =       0, ntwv    =       0, ntwe    =       0
     ioutfm  =       0, ntwprt  =       0, idecomp =       0, rbornstat=      0

Potential function:
     ntf     =       1, ntb     =       0, igb     =       8, nsnb    =      25
     ipol    =       0, gbsa    =       0, iesp    =       0
     dielc   =   1.00000, cut     = 999.00000, intdiel =   1.00000
     saltcon =   0.00000, offset  =   0.19514, surften =   0.00500
     rdt     =   0.00000, rgbmax  =  25.00000  extdiel =  78.50000
     alpb  =        0
     gbalphaH  =   0.78844, gbbetaH   =   0.79870,  gbgammaH  =    0.43733
     gbalphaC  =   0.73376, gbbetaC   =   0.50638,  gbgammaC  =    0.20584
     gbalphaN  =   0.50336, gbbetaN   =   0.31683,  gbgammaN  =    0.19292
     gbalphaOS =   0.86781, gbbetaOS  =   0.87664,  gbgammaOS =    0.38788
     gbalphaP  =   1.00000, gbbetaP   =   0.80000,  gbgammaP  =    4.85000
     gb_alpha_hnu  =   0.53705, gb_beta_hnu   =   0.36286,  gb_gamma_hnu  =    0.11670
     gb_alpha_cnu  =   0.33167, gb_beta_cnu   =   0.19684,  gb_gamma_cnu  =    0.09342
     gb_alpha_nnu  =   0.68631, gb_beta_nnu   =   0.46319,  gb_gamma_nnu  =    0.13872
     gb_alpha_onu  =   0.60634, gb_beta_onu   =   0.46301,  gb_gamma_onu  =    0.14226
     gb_alpha_pnu  =   0.41836, gb_beta_pnu   =   0.29005,  gb_gamma_pnu  =    0.10642

Frozen or restrained atoms:
     ibelly  =       0, ntr     =       1
     restraint_wt =  10.00000

Energy minimization:
     maxcyc  =    1000, ncyc    =      10, ntmin   =       1
     dx0     =   0.01000, drms    =   0.00010
|  INFO: Old style inpcrd file read


    LOADING THE CONSTRAINED ATOMS AS GROUPS


   5.  REFERENCE ATOM COORDINATES

  defa
     Mask !@H=; matches   799 atoms

--------------------------------------------------------------------------------
   3.  ATOMIC COORDINATES AND VELOCITIES
--------------------------------------------------------------------------------

default_name                                                                    
 begin time read from input coords =     0.000 ps

 Number of triangulated 3-point waters found:        0

--------------------------------------------------------------------------------
   4.  RESULTS
--------------------------------------------------------------------------------



   NSTEP       ENERGY          RMS            GMAX         NAME    NUMBER
      1      -2.2158E+03     9.0759E+00     6.1129E+01     OE1       194

 BOND    =       69.2595  ANGLE   =      211.1940  DIHED      =     1082.1324
 VDWAALS =     -660.6776  EEL     =    -7388.3314  EGB        =    -1670.0764
 1-4 VDW =      444.2347  1-4 EEL =     5696.4329  RESTRAINT  =        0.0000


   NSTEP       ENERGY          RMS            GMAX         NAME    NUMBER
    100      -2.5827E+03     5.3329E-01     5.5365E+00     HG1       605

 BOND    =       31.1423  ANGLE   =      211.2301  DIHED      =     1084.1395
 VDWAALS =     -798.7054  EEL     =    -7386.5541  EGB        =    -1697.3517
 1-4 VDW =      330.4056  1-4 EEL =     5599.4606  RESTRAINT  =       43.5804
 EAMBER  =    -2626.2331


   NSTEP       ENERGY          RMS            GMAX         NAME    NUMBER
    200      -2.5915E+03     7.2596E-02     1.2121E+00     HG1      1389

 BOND    =       30.5749  ANGLE   =      210.2267  DIHED      =     1082.0122
 VDWAALS =     -799.9612  EEL     =    -7392.6584  EGB        =    -1696.9949
 1-4 VDW =      331.5416  1-4 EEL =     5600.4986  RESTRAINT  =       43.2434
 EAMBER  =    -2634.7605


   NSTEP       ENERGY          RMS            GMAX         NAME    NUMBER
    300      -2.5932E+03     5.9622E-02     1.2616E+00     OG1      1388

 BOND    =       30.4471  ANGLE   =      209.7683  DIHED      =     1080.5650
 VDWAALS =     -800.2907  EEL     =    -7396.8206  EGB        =    -1693.8763
 1-4 VDW =      332.0713  1-4 EEL =     5601.7378  RESTRAINT  =       43.1692
 EAMBER  =    -2636.3983


   NSTEP       ENERGY          RMS            GMAX         NAME    NUMBER
    400      -2.6000E+03     3.2010E-02     4.6913E-01     CA        626

 BOND    =       30.4827  ANGLE   =      209.7096  DIHED      =     1079.7868
 VDWAALS =     -798.9643  EEL     =    -7401.3487  EGB        =    -1696.6145
 1-4 VDW =      332.1228  1-4 EEL =     5601.8903  RESTRAINT  =       42.9132
 EAMBER  =    -2642.9352


   NSTEP       ENERGY          RMS            GMAX         NAME    NUMBER
    500      -2.6001E+03     8.5937E-03     1.5649E-01     OG1       634

 BOND    =       30.4385  ANGLE   =      209.5946  DIHED      =     1079.8301
 VDWAALS =     -798.9178  EEL     =    -7401.0978  EGB        =    -1696.9502
 1-4 VDW =      332.2873  1-4 EEL =     5601.8962  RESTRAINT  =       42.8549
 EAMBER  =    -2642.9191


   NSTEP       ENERGY          RMS            GMAX         NAME    NUMBER
    600      -2.6001E+03     1.4365E-03     3.0401E-02     CD        729

 BOND    =       30.4320  ANGLE   =      209.5735  DIHED      =     1079.8505
 VDWAALS =     -798.9190  EEL     =    -7401.0258  EGB        =    -1697.0298
 1-4 VDW =      332.3155  1-4 EEL =     5601.8933  RESTRAINT  =       42.8443
 EAMBER  =    -2642.9097


   NSTEP       ENERGY          RMS            GMAX         NAME    NUMBER
    700      -2.6001E+03     1.2620E-04     1.3710E-03     HD13      332

 BOND    =       30.4329  ANGLE   =      209.5744  DIHED      =     1079.8562
 VDWAALS =     -798.9199  EEL     =    -7401.0139  EGB        =    -1697.0533
 1-4 VDW =      332.3134  1-4 EEL =     5601.8963  RESTRAINT  =       42.8484
 EAMBER  =    -2642.9139


                    FINAL RESULTS



   NSTEP       ENERGY          RMS            GMAX         NAME    NUMBER
    721      -2.6001E+03     8.8892E-05     1.1718E-03     HD13      332

 BOND    =       30.4328  ANGLE   =      209.5746  DIHED      =     1079.8563
 VDWAALS =     -798.9201  EEL     =    -7401.0137  EGB        =    -1697.0541
 1-4 VDW =      332.3135  1-4 EEL =     5601.8965  RESTRAINT  =       42.8486
 EAMBER  =    -2642.9141

--------------------------------------------------------------------------------
   5.  TIMINGS
--------------------------------------------------------------------------------

|                Calc gb radii             42.87 (20.50% of Gen B)
|                Calc gb diag              79.37 (37.96% of Gen B)
|                Calc gb off-diag          86.85 (41.54% of Gen B)
|             Gen Born time            209.09 (100.0% of Nonbo)
|          Nonbond force            209.09 (99.28% of Force)
|          Bond/Angle/Dihedral        1.51 ( 0.71% of Force)
|          Other                      0.01 ( 0.01% of Force)
|       Force time               210.60 (100.0% of Runmd)
|    Runmd Time               210.60 (99.79% of Total)
|    Other                      0.44 ( 0.21% of Total)
| Total time               211.04 (100.0% of ALL  )

| Number of list builds   :          0

| Highest rstack allocated:          0
| Highest istack allocated:          0
|           Job began  at 13:17:22.784  on 02/03/2016
|           Setup done at 13:17:22.834  on 02/03/2016
|           Run   done at 13:20:53.827  on 02/03/2016
|     wallclock() was called   13006 times
