
          -------------------------------------------------------
          Amber 14 SANDER                              2014
          -------------------------------------------------------

| Run on 02/03/2016 at 12:04:20

|   Executable path: sander
| Working directory: /lustre/cs1500/scratch/kmb413/RealDecoyDisc/DecoyDiscrimination/decoys.set2.init/1aaj/Rosetta_relaxed
|          Hostname: slepner15


File Assignments:
|  MDIN: /scratch/kmb413/RealDecoyDisc/DecoyDiscrimination/scripts/min/min.in  
| MDOUT: NoH_2_empty_tag_1_592_0001.out                                        
|INPCRD: NoH_2_empty_tag_1_592_0001.rst7                                       
|  PARM: NoH_2_empty_tag_1_592_0001.parm7                                      
|RESTRT: min_NoH_2_empty_tag_1_592_0001.rst7                                   
|  REFC: NoH_2_empty_tag_1_592_0001.rst7                                       
| MDVEL: mdvel                                                                 
| MDFRC: mdfrc                                                                 
|  MDEN: mden                                                                  
| MDCRD: mdcrd                                                                 
|MDINFO: mdinfo                                                                
|  MTMD: mtmd                                                                  
|INPDIP: inpdip                                                                
|RSTDIP: rstdip                                                                
|INPTRA: inptraj                                                               


 Here is the input file:

                                                                               
&cntrl                                                                         
    imin = 1, maxcyc=1000,                                                     
    ntx = 1,                                                                   
    ntwr = 100, ntpr = 100,                                                    
    cut = 999.0,                                                               
    ntb = 0, igb = 8,                                                          
    ntr = 1, restraint_wt = 10, restraintmask = "!@H=",                        
/                                                                              

--------------------------------------------------------------------------------
   1.  RESOURCE   USE: 
--------------------------------------------------------------------------------

| Flags:                                                                        
| New format PARM file being parsed.
| Version =    1.000 Date = 02/03/16 Time = 11:47:16
 NATOM  =    1590 NTYPES =      14 NBONH =     791 MBONA  =     820
 NTHETH =    1812 MTHETA =    1115 NPHIH =    3578 MPHIA  =    3525
 NHPARM =       0 NPARM  =       0 NNB   =    8805 NRES   =     104
 NBONA  =     820 NTHETA =    1115 NPHIA =    3525 NUMBND =      65
 NUMANG =     152 NPTRA  =     189 NATYP =      33 NPHB   =       0
 IFBOX  =       0 NMXRS  =      24 IFCAP =       0 NEXTRA =       0
 NCOPY  =       0

 Implicit solvent radii are ArgH and AspGluO modified Bondi2 radii (mbondi3)                                
 Replacing prmtop screening parameters with GBn2 (igb=8) values

|     Memory Use     Allocated
|     Real              145027
|     Hollerith           4876
|     Integer           109197
|     Max Pairs              1
|     nblistReal             0
|     nblist Int             0
|       Total             1578 kbytes

| Note: 1-4 EEL scale factors are being read from the topology file.

| Note: 1-4 VDW scale factors are being read from the topology file.
| Duplicated    0 dihedrals
| Duplicated    0 dihedrals

--------------------------------------------------------------------------------
   2.  CONTROL  DATA  FOR  THE  RUN
--------------------------------------------------------------------------------

default_name                                                                    

General flags:
     imin    =       1, nmropt  =       0

Nature and format of input:
     ntx     =       1, irest   =       0, ntrx    =       1

Nature and format of output:
     ntxo    =       1, ntpr    =     100, ntrx    =       1, ntwr    =     100
     iwrap   =       0, ntwx    =       0, ntwv    =       0, ntwe    =       0
     ioutfm  =       0, ntwprt  =       0, idecomp =       0, rbornstat=      0

Potential function:
     ntf     =       1, ntb     =       0, igb     =       8, nsnb    =      25
     ipol    =       0, gbsa    =       0, iesp    =       0
     dielc   =   1.00000, cut     = 999.00000, intdiel =   1.00000
     saltcon =   0.00000, offset  =   0.19514, surften =   0.00500
     rdt     =   0.00000, rgbmax  =  25.00000  extdiel =  78.50000
     alpb  =        0
     gbalphaH  =   0.78844, gbbetaH   =   0.79870,  gbgammaH  =    0.43733
     gbalphaC  =   0.73376, gbbetaC   =   0.50638,  gbgammaC  =    0.20584
     gbalphaN  =   0.50336, gbbetaN   =   0.31683,  gbgammaN  =    0.19292
     gbalphaOS =   0.86781, gbbetaOS  =   0.87664,  gbgammaOS =    0.38788
     gbalphaP  =   1.00000, gbbetaP   =   0.80000,  gbgammaP  =    4.85000
     gb_alpha_hnu  =   0.53705, gb_beta_hnu   =   0.36286,  gb_gamma_hnu  =    0.11670
     gb_alpha_cnu  =   0.33167, gb_beta_cnu   =   0.19684,  gb_gamma_cnu  =    0.09342
     gb_alpha_nnu  =   0.68631, gb_beta_nnu   =   0.46319,  gb_gamma_nnu  =    0.13872
     gb_alpha_onu  =   0.60634, gb_beta_onu   =   0.46301,  gb_gamma_onu  =    0.14226
     gb_alpha_pnu  =   0.41836, gb_beta_pnu   =   0.29005,  gb_gamma_pnu  =    0.10642

Frozen or restrained atoms:
     ibelly  =       0, ntr     =       1
     restraint_wt =  10.00000

Energy minimization:
     maxcyc  =    1000, ncyc    =      10, ntmin   =       1
     dx0     =   0.01000, drms    =   0.00010
|  INFO: Old style inpcrd file read


    LOADING THE CONSTRAINED ATOMS AS GROUPS


   5.  REFERENCE ATOM COORDINATES

  defa
     Mask !@H=; matches   799 atoms

--------------------------------------------------------------------------------
   3.  ATOMIC COORDINATES AND VELOCITIES
--------------------------------------------------------------------------------

default_name                                                                    
 begin time read from input coords =     0.000 ps

 Number of triangulated 3-point waters found:        0

--------------------------------------------------------------------------------
   4.  RESULTS
--------------------------------------------------------------------------------



   NSTEP       ENERGY          RMS            GMAX         NAME    NUMBER
      1      -2.2160E+03     9.0406E+00     5.8484E+01     OE2      1262

 BOND    =       69.4733  ANGLE   =      211.3054  DIHED      =     1066.7848
 VDWAALS =     -655.2365  EEL     =    -7235.8350  EGB        =    -1826.6828
 1-4 VDW =      442.0231  1-4 EEL =     5712.1881  RESTRAINT  =        0.0000


   NSTEP       ENERGY          RMS            GMAX         NAME    NUMBER
    100      -2.5822E+03     4.6365E-01     4.4475E+00     CD        193

 BOND    =       31.1862  ANGLE   =      208.1817  DIHED      =     1068.8040
 VDWAALS =     -796.9096  EEL     =    -7267.1294  EGB        =    -1834.3047
 1-4 VDW =      331.4360  1-4 EEL =     5633.1197  RESTRAINT  =       43.4523
 EAMBER  =    -2625.6161


   NSTEP       ENERGY          RMS            GMAX         NAME    NUMBER
    200      -2.6034E+03     5.5153E-01     1.4563E+01     CD       1119

 BOND    =       32.0973  ANGLE   =      209.5987  DIHED      =     1065.3099
 VDWAALS =     -797.1676  EEL     =    -7300.5875  EGB        =    -1819.5201
 1-4 VDW =      330.8019  1-4 EEL =     5632.8548  RESTRAINT  =       43.1822
 EAMBER  =    -2646.6125


   NSTEP       ENERGY          RMS            GMAX         NAME    NUMBER
    300      -2.6110E+03     7.9395E-02     9.0413E-01     HG23      603

 BOND    =       31.5316  ANGLE   =      208.1862  DIHED      =     1062.2148
 VDWAALS =     -796.4234  EEL     =    -7310.1281  EGB        =    -1815.9899
 1-4 VDW =      331.9572  1-4 EEL =     5635.2276  RESTRAINT  =       42.3771
 EAMBER  =    -2653.4240


   NSTEP       ENERGY          RMS            GMAX         NAME    NUMBER
    400      -2.6113E+03     1.4426E-02     1.8545E-01     N          25

 BOND    =       31.4142  ANGLE   =      207.9665  DIHED      =     1061.9776
 VDWAALS =     -796.3888  EEL     =    -7310.1011  EGB        =    -1816.0421
 1-4 VDW =      332.2904  1-4 EEL =     5635.3345  RESTRAINT  =       42.2750
 EAMBER  =    -2653.5488


   NSTEP       ENERGY          RMS            GMAX         NAME    NUMBER
    500      -2.6113E+03     3.0437E-03     4.5667E-02     CE3       657

 BOND    =       31.3898  ANGLE   =      207.9017  DIHED      =     1061.9618
 VDWAALS =     -796.3670  EEL     =    -7310.1057  EGB        =    -1816.0404
 1-4 VDW =      332.3627  1-4 EEL =     5635.3640  RESTRAINT  =       42.2517
 EAMBER  =    -2653.5331


   NSTEP       ENERGY          RMS            GMAX         NAME    NUMBER
    600      -2.6113E+03     1.9337E-03     2.7436E-02     CD       1119

 BOND    =       31.3864  ANGLE   =      207.9012  DIHED      =     1061.9613
 VDWAALS =     -796.3687  EEL     =    -7310.1027  EGB        =    -1816.0418
 1-4 VDW =      332.3678  1-4 EEL =     5635.3613  RESTRAINT  =       42.2532
 EAMBER  =    -2653.5353


   NSTEP       ENERGY          RMS            GMAX         NAME    NUMBER
    700      -2.6113E+03     1.3685E-03     2.0116E-02     CD       1119

 BOND    =       31.3867  ANGLE   =      207.9004  DIHED      =     1061.9612
 VDWAALS =     -796.3737  EEL     =    -7310.1037  EGB        =    -1816.0427
 1-4 VDW =      332.3689  1-4 EEL =     5635.3632  RESTRAINT  =       42.2573
 EAMBER  =    -2653.5397


                    FINAL RESULTS



   NSTEP       ENERGY          RMS            GMAX         NAME    NUMBER
    775      -2.6113E+03     7.9044E-05     1.3179E-03     CD2       659

 BOND    =       31.3821  ANGLE   =      207.8938  DIHED      =     1061.9603
 VDWAALS =     -796.3688  EEL     =    -7310.0977  EGB        =    -1816.0425
 1-4 VDW =      332.3773  1-4 EEL =     5635.3600  RESTRAINT  =       42.2529
 EAMBER  =    -2653.5354

--------------------------------------------------------------------------------
   5.  TIMINGS
--------------------------------------------------------------------------------

|                Calc gb radii             45.98 (20.24% of Gen B)
|                Calc gb diag              85.39 (37.58% of Gen B)
|                Calc gb off-diag          95.83 (42.18% of Gen B)
|             Gen Born time            227.20 (100.0% of Nonbo)
|          Nonbond force            227.20 (99.28% of Force)
|          Bond/Angle/Dihedral        1.63 ( 0.71% of Force)
|          Other                      0.02 ( 0.01% of Force)
|       Force time               228.84 (100.0% of Runmd)
|    Runmd Time               228.84 (99.43% of Total)
|    Other                      1.30 ( 0.56% of Total)
| Total time               230.14 (100.0% of ALL  )

| Number of list builds   :          0

| Highest rstack allocated:          0
| Highest istack allocated:          0
|           Job began  at 12:04:20.512  on 02/03/2016
|           Setup done at 12:04:20.713  on 02/03/2016
|           Run   done at 12:08:10.673  on 02/03/2016
|     wallclock() was called   13978 times
