
          -------------------------------------------------------
          Amber 14 SANDER                              2014
          -------------------------------------------------------

| Run on 02/03/2016 at 14:09:45

|   Executable path: sander
| Working directory: /lustre/cs1500/scratch/kmb413/RealDecoyDisc/DecoyDiscrimination/decoys.set2.init/1aaj/Rosetta_relaxed
|          Hostname: slepner30


File Assignments:
|  MDIN: /scratch/kmb413/RealDecoyDisc/DecoyDiscrimination/scripts/min/min.in  
| MDOUT: NoH_3_empty_tag_1558_0001_0001.out                                    
|INPCRD: NoH_3_empty_tag_1558_0001_0001.rst7                                   
|  PARM: NoH_3_empty_tag_1558_0001_0001.parm7                                  
|RESTRT: min_NoH_3_empty_tag_1558_0001_0001.rst7                               
|  REFC: NoH_3_empty_tag_1558_0001_0001.rst7                                   
| MDVEL: mdvel                                                                 
| MDFRC: mdfrc                                                                 
|  MDEN: mden                                                                  
| MDCRD: mdcrd                                                                 
|MDINFO: mdinfo                                                                
|  MTMD: mtmd                                                                  
|INPDIP: inpdip                                                                
|RSTDIP: rstdip                                                                
|INPTRA: inptraj                                                               


 Here is the input file:

                                                                               
&cntrl                                                                         
    imin = 1, maxcyc=1000,                                                     
    ntx = 1,                                                                   
    ntwr = 100, ntpr = 100,                                                    
    cut = 999.0,                                                               
    ntb = 0, igb = 8,                                                          
    ntr = 1, restraint_wt = 10, restraintmask = "!@H=",                        
/                                                                              

--------------------------------------------------------------------------------
   1.  RESOURCE   USE: 
--------------------------------------------------------------------------------

| Flags:                                                                        
| New format PARM file being parsed.
| Version =    1.000 Date = 02/03/16 Time = 11:49:24
 NATOM  =    1590 NTYPES =      14 NBONH =     791 MBONA  =     820
 NTHETH =    1812 MTHETA =    1115 NPHIH =    3578 MPHIA  =    3525
 NHPARM =       0 NPARM  =       0 NNB   =    8805 NRES   =     104
 NBONA  =     820 NTHETA =    1115 NPHIA =    3525 NUMBND =      65
 NUMANG =     152 NPTRA  =     189 NATYP =      33 NPHB   =       0
 IFBOX  =       0 NMXRS  =      24 IFCAP =       0 NEXTRA =       0
 NCOPY  =       0

 Implicit solvent radii are ArgH and AspGluO modified Bondi2 radii (mbondi3)                                
 Replacing prmtop screening parameters with GBn2 (igb=8) values

|     Memory Use     Allocated
|     Real              145027
|     Hollerith           4876
|     Integer           109197
|     Max Pairs              1
|     nblistReal             0
|     nblist Int             0
|       Total             1578 kbytes

| Note: 1-4 EEL scale factors are being read from the topology file.

| Note: 1-4 VDW scale factors are being read from the topology file.
| Duplicated    0 dihedrals
| Duplicated    0 dihedrals

--------------------------------------------------------------------------------
   2.  CONTROL  DATA  FOR  THE  RUN
--------------------------------------------------------------------------------

default_name                                                                    

General flags:
     imin    =       1, nmropt  =       0

Nature and format of input:
     ntx     =       1, irest   =       0, ntrx    =       1

Nature and format of output:
     ntxo    =       1, ntpr    =     100, ntrx    =       1, ntwr    =     100
     iwrap   =       0, ntwx    =       0, ntwv    =       0, ntwe    =       0
     ioutfm  =       0, ntwprt  =       0, idecomp =       0, rbornstat=      0

Potential function:
     ntf     =       1, ntb     =       0, igb     =       8, nsnb    =      25
     ipol    =       0, gbsa    =       0, iesp    =       0
     dielc   =   1.00000, cut     = 999.00000, intdiel =   1.00000
     saltcon =   0.00000, offset  =   0.19514, surften =   0.00500
     rdt     =   0.00000, rgbmax  =  25.00000  extdiel =  78.50000
     alpb  =        0
     gbalphaH  =   0.78844, gbbetaH   =   0.79870,  gbgammaH  =    0.43733
     gbalphaC  =   0.73376, gbbetaC   =   0.50638,  gbgammaC  =    0.20584
     gbalphaN  =   0.50336, gbbetaN   =   0.31683,  gbgammaN  =    0.19292
     gbalphaOS =   0.86781, gbbetaOS  =   0.87664,  gbgammaOS =    0.38788
     gbalphaP  =   1.00000, gbbetaP   =   0.80000,  gbgammaP  =    4.85000
     gb_alpha_hnu  =   0.53705, gb_beta_hnu   =   0.36286,  gb_gamma_hnu  =    0.11670
     gb_alpha_cnu  =   0.33167, gb_beta_cnu   =   0.19684,  gb_gamma_cnu  =    0.09342
     gb_alpha_nnu  =   0.68631, gb_beta_nnu   =   0.46319,  gb_gamma_nnu  =    0.13872
     gb_alpha_onu  =   0.60634, gb_beta_onu   =   0.46301,  gb_gamma_onu  =    0.14226
     gb_alpha_pnu  =   0.41836, gb_beta_pnu   =   0.29005,  gb_gamma_pnu  =    0.10642

Frozen or restrained atoms:
     ibelly  =       0, ntr     =       1
     restraint_wt =  10.00000

Energy minimization:
     maxcyc  =    1000, ncyc    =      10, ntmin   =       1
     dx0     =   0.01000, drms    =   0.00010
|  INFO: Old style inpcrd file read


    LOADING THE CONSTRAINED ATOMS AS GROUPS


   5.  REFERENCE ATOM COORDINATES

  defa
     Mask !@H=; matches   799 atoms

--------------------------------------------------------------------------------
   3.  ATOMIC COORDINATES AND VELOCITIES
--------------------------------------------------------------------------------

default_name                                                                    
 begin time read from input coords =     0.000 ps

 Number of triangulated 3-point waters found:        0

--------------------------------------------------------------------------------
   4.  RESULTS
--------------------------------------------------------------------------------



   NSTEP       ENERGY          RMS            GMAX         NAME    NUMBER
      1      -2.2274E+03     9.0429E+00     6.1384E+01     OE1       194

 BOND    =       69.2878  ANGLE   =      211.1840  DIHED      =     1076.1600
 VDWAALS =     -653.9736  EEL     =    -7352.5282  EGB        =    -1705.8559
 1-4 VDW =      436.8168  1-4 EEL =     5691.4757  RESTRAINT  =        0.0000


   NSTEP       ENERGY          RMS            GMAX         NAME    NUMBER
    100      -2.6033E+03     2.6038E-01     3.5959E+00     OG1       634

 BOND    =       31.3396  ANGLE   =      205.1630  DIHED      =     1076.6866
 VDWAALS =     -790.3772  EEL     =    -7375.9722  EGB        =    -1730.4015
 1-4 VDW =      328.9408  1-4 EEL =     5610.6323  RESTRAINT  =       40.6614
 EAMBER  =    -2643.9884


   NSTEP       ENERGY          RMS            GMAX         NAME    NUMBER
    200      -2.6140E+03     1.2094E-01     1.1225E+00     OG1      1388

 BOND    =       31.2701  ANGLE   =      206.1987  DIHED      =     1073.8995
 VDWAALS =     -791.9828  EEL     =    -7386.8988  EGB        =    -1728.9435
 1-4 VDW =      328.7767  1-4 EEL =     5611.8198  RESTRAINT  =       41.8763
 EAMBER  =    -2655.8603


   NSTEP       ENERGY          RMS            GMAX         NAME    NUMBER
    300      -2.6144E+03     1.8225E-02     2.4420E-01     CA        596

 BOND    =       31.0933  ANGLE   =      205.5282  DIHED      =     1073.2081
 VDWAALS =     -791.9973  EEL     =    -7387.7241  EGB        =    -1728.2958
 1-4 VDW =      329.2709  1-4 EEL =     5612.8054  RESTRAINT  =       41.6838
 EAMBER  =    -2656.1114


   NSTEP       ENERGY          RMS            GMAX         NAME    NUMBER
    400      -2.6144E+03     8.9859E-03     1.3646E-01     CG       1324

 BOND    =       31.0586  ANGLE   =      205.4541  DIHED      =     1073.1321
 VDWAALS =     -792.0002  EEL     =    -7387.6679  EGB        =    -1728.2879
 1-4 VDW =      329.3633  1-4 EEL =     5612.8326  RESTRAINT  =       41.6743
 EAMBER  =    -2656.1152


   NSTEP       ENERGY          RMS            GMAX         NAME    NUMBER
    500      -2.6144E+03     2.0106E-03     2.5648E-02     N           1

 BOND    =       31.0622  ANGLE   =      205.4445  DIHED      =     1073.1348
 VDWAALS =     -792.0051  EEL     =    -7387.6696  EGB        =    -1728.2801
 1-4 VDW =      329.3590  1-4 EEL =     5612.8326  RESTRAINT  =       41.6797
 EAMBER  =    -2656.1217


   NSTEP       ENERGY          RMS            GMAX         NAME    NUMBER
    600      -2.6144E+03     1.8402E-04     2.0477E-03     HD11      330

 BOND    =       31.0589  ANGLE   =      205.4376  DIHED      =     1073.1354
 VDWAALS =     -792.0034  EEL     =    -7387.6561  EGB        =    -1728.2816
 1-4 VDW =      329.3688  1-4 EEL =     5612.8260  RESTRAINT  =       41.6725
 EAMBER  =    -2656.1145


                    FINAL RESULTS



   NSTEP       ENERGY          RMS            GMAX         NAME    NUMBER
    696      -2.6144E+03     7.7627E-05     1.4705E-03     HD11      330

 BOND    =       31.0589  ANGLE   =      205.4374  DIHED      =     1073.1361
 VDWAALS =     -792.0042  EEL     =    -7387.6557  EGB        =    -1728.2816
 1-4 VDW =      329.3689  1-4 EEL =     5612.8252  RESTRAINT  =       41.6728
 EAMBER  =    -2656.1149

--------------------------------------------------------------------------------
   5.  TIMINGS
--------------------------------------------------------------------------------

|                Calc gb radii             41.12 (20.42% of Gen B)
|                Calc gb diag              76.07 (37.78% of Gen B)
|                Calc gb off-diag          84.16 (41.80% of Gen B)
|             Gen Born time            201.36 (100.0% of Nonbo)
|          Nonbond force            201.36 (99.28% of Force)
|          Bond/Angle/Dihedral        1.45 ( 0.72% of Force)
|          Other                      0.01 ( 0.01% of Force)
|       Force time               202.82 (100.0% of Runmd)
|    Runmd Time               202.82 (99.76% of Total)
|    Other                      0.49 ( 0.24% of Total)
| Total time               203.32 (100.0% of ALL  )

| Number of list builds   :          0

| Highest rstack allocated:          0
| Highest istack allocated:          0
|           Job began  at 14:09:45.835  on 02/03/2016
|           Setup done at 14:09:45.909  on 02/03/2016
|           Run   done at 14:13:09.156  on 02/03/2016
|     wallclock() was called   12556 times
