
          -------------------------------------------------------
          Amber 14 SANDER                              2014
          -------------------------------------------------------

| Run on 02/03/2016 at 12:25:12

|   Executable path: sander
| Working directory: /lustre/cs1500/scratch/kmb413/RealDecoyDisc/DecoyDiscrimination/decoys.set2.init/1aaj/Rosetta_relaxed
|          Hostname: slepner1


File Assignments:
|  MDIN: /scratch/kmb413/RealDecoyDisc/DecoyDiscrimination/scripts/min/min.in  
| MDOUT: NoH_1_empty_tag_115_0001_0001.out                                     
|INPCRD: NoH_1_empty_tag_115_0001_0001.rst7                                    
|  PARM: NoH_1_empty_tag_115_0001_0001.parm7                                   
|RESTRT: min_NoH_1_empty_tag_115_0001_0001.rst7                                
|  REFC: NoH_1_empty_tag_115_0001_0001.rst7                                    
| MDVEL: mdvel                                                                 
| MDFRC: mdfrc                                                                 
|  MDEN: mden                                                                  
| MDCRD: mdcrd                                                                 
|MDINFO: mdinfo                                                                
|  MTMD: mtmd                                                                  
|INPDIP: inpdip                                                                
|RSTDIP: rstdip                                                                
|INPTRA: inptraj                                                               


 Here is the input file:

                                                                               
&cntrl                                                                         
    imin = 1, maxcyc=1000,                                                     
    ntx = 1,                                                                   
    ntwr = 100, ntpr = 100,                                                    
    cut = 999.0,                                                               
    ntb = 0, igb = 8,                                                          
    ntr = 1, restraint_wt = 10, restraintmask = "!@H=",                        
/                                                                              

--------------------------------------------------------------------------------
   1.  RESOURCE   USE: 
--------------------------------------------------------------------------------

| Flags:                                                                        
| New format PARM file being parsed.
| Version =    1.000 Date = 02/03/16 Time = 11:44:37
 NATOM  =    1590 NTYPES =      14 NBONH =     791 MBONA  =     820
 NTHETH =    1812 MTHETA =    1115 NPHIH =    3578 MPHIA  =    3525
 NHPARM =       0 NPARM  =       0 NNB   =    8805 NRES   =     104
 NBONA  =     820 NTHETA =    1115 NPHIA =    3525 NUMBND =      65
 NUMANG =     152 NPTRA  =     189 NATYP =      33 NPHB   =       0
 IFBOX  =       0 NMXRS  =      24 IFCAP =       0 NEXTRA =       0
 NCOPY  =       0

 Implicit solvent radii are ArgH and AspGluO modified Bondi2 radii (mbondi3)                                
 Replacing prmtop screening parameters with GBn2 (igb=8) values

|     Memory Use     Allocated
|     Real              145027
|     Hollerith           4876
|     Integer           109197
|     Max Pairs              1
|     nblistReal             0
|     nblist Int             0
|       Total             1578 kbytes

| Note: 1-4 EEL scale factors are being read from the topology file.

| Note: 1-4 VDW scale factors are being read from the topology file.
| Duplicated    0 dihedrals
| Duplicated    0 dihedrals

--------------------------------------------------------------------------------
   2.  CONTROL  DATA  FOR  THE  RUN
--------------------------------------------------------------------------------

default_name                                                                    

General flags:
     imin    =       1, nmropt  =       0

Nature and format of input:
     ntx     =       1, irest   =       0, ntrx    =       1

Nature and format of output:
     ntxo    =       1, ntpr    =     100, ntrx    =       1, ntwr    =     100
     iwrap   =       0, ntwx    =       0, ntwv    =       0, ntwe    =       0
     ioutfm  =       0, ntwprt  =       0, idecomp =       0, rbornstat=      0

Potential function:
     ntf     =       1, ntb     =       0, igb     =       8, nsnb    =      25
     ipol    =       0, gbsa    =       0, iesp    =       0
     dielc   =   1.00000, cut     = 999.00000, intdiel =   1.00000
     saltcon =   0.00000, offset  =   0.19514, surften =   0.00500
     rdt     =   0.00000, rgbmax  =  25.00000  extdiel =  78.50000
     alpb  =        0
     gbalphaH  =   0.78844, gbbetaH   =   0.79870,  gbgammaH  =    0.43733
     gbalphaC  =   0.73376, gbbetaC   =   0.50638,  gbgammaC  =    0.20584
     gbalphaN  =   0.50336, gbbetaN   =   0.31683,  gbgammaN  =    0.19292
     gbalphaOS =   0.86781, gbbetaOS  =   0.87664,  gbgammaOS =    0.38788
     gbalphaP  =   1.00000, gbbetaP   =   0.80000,  gbgammaP  =    4.85000
     gb_alpha_hnu  =   0.53705, gb_beta_hnu   =   0.36286,  gb_gamma_hnu  =    0.11670
     gb_alpha_cnu  =   0.33167, gb_beta_cnu   =   0.19684,  gb_gamma_cnu  =    0.09342
     gb_alpha_nnu  =   0.68631, gb_beta_nnu   =   0.46319,  gb_gamma_nnu  =    0.13872
     gb_alpha_onu  =   0.60634, gb_beta_onu   =   0.46301,  gb_gamma_onu  =    0.14226
     gb_alpha_pnu  =   0.41836, gb_beta_pnu   =   0.29005,  gb_gamma_pnu  =    0.10642

Frozen or restrained atoms:
     ibelly  =       0, ntr     =       1
     restraint_wt =  10.00000

Energy minimization:
     maxcyc  =    1000, ncyc    =      10, ntmin   =       1
     dx0     =   0.01000, drms    =   0.00010
|  INFO: Old style inpcrd file read


    LOADING THE CONSTRAINED ATOMS AS GROUPS


   5.  REFERENCE ATOM COORDINATES

  defa
     Mask !@H=; matches   799 atoms

--------------------------------------------------------------------------------
   3.  ATOMIC COORDINATES AND VELOCITIES
--------------------------------------------------------------------------------

default_name                                                                    
 begin time read from input coords =     0.000 ps

 Number of triangulated 3-point waters found:        0

--------------------------------------------------------------------------------
   4.  RESULTS
--------------------------------------------------------------------------------



   NSTEP       ENERGY          RMS            GMAX         NAME    NUMBER
      1      -2.1415E+03     1.0157E+01     2.1373E+02     OG1      1246

 BOND    =       69.8453  ANGLE   =      211.6603  DIHED      =     1077.9373
 VDWAALS =     -636.0017  EEL     =    -7365.6650  EGB        =    -1660.9445
 1-4 VDW =      439.4937  1-4 EEL =     5722.1629  RESTRAINT  =        0.0000


   NSTEP       ENERGY          RMS            GMAX         NAME    NUMBER
    100      -2.5483E+03     3.6678E-01     2.5798E+00     HG1      1389

 BOND    =       31.3164  ANGLE   =      211.7716  DIHED      =     1085.3028
 VDWAALS =     -814.9131  EEL     =    -7386.4271  EGB        =    -1682.8799
 1-4 VDW =      330.1512  1-4 EEL =     5632.5092  RESTRAINT  =       44.8217
 EAMBER  =    -2593.1689


   NSTEP       ENERGY          RMS            GMAX         NAME    NUMBER
    200      -2.5663E+03     1.4725E-01     1.7523E+00     CG        311

 BOND    =       31.2801  ANGLE   =      211.6353  DIHED      =     1081.1163
 VDWAALS =     -815.6095  EEL     =    -7403.8906  EGB        =    -1682.4492
 1-4 VDW =      330.2091  1-4 EEL =     5636.2064  RESTRAINT  =       45.1779
 EAMBER  =    -2611.5021


   NSTEP       ENERGY          RMS            GMAX         NAME    NUMBER
    300      -2.5729E+03     4.2993E-02     8.7899E-01     OG1      1212

 BOND    =       30.9772  ANGLE   =      211.0514  DIHED      =     1079.4201
 VDWAALS =     -814.4117  EEL     =    -7414.5375  EGB        =    -1679.7351
 1-4 VDW =      331.3166  1-4 EEL =     5638.4693  RESTRAINT  =       44.5011
 EAMBER  =    -2617.4496


   NSTEP       ENERGY          RMS            GMAX         NAME    NUMBER
    400      -2.5732E+03     5.9702E-02     7.7190E-01     CZ       1308

 BOND    =       30.9445  ANGLE   =      210.8785  DIHED      =     1079.5563
 VDWAALS =     -814.4765  EEL     =    -7416.3964  EGB        =    -1679.6662
 1-4 VDW =      331.5935  1-4 EEL =     5639.8931  RESTRAINT  =       44.4822
 EAMBER  =    -2617.6733


   NSTEP       ENERGY          RMS            GMAX         NAME    NUMBER
    500      -2.5741E+03     9.2857E-02     1.5839E+00     HG1       605

 BOND    =       31.0943  ANGLE   =      211.0883  DIHED      =     1078.5035
 VDWAALS =     -814.7613  EEL     =    -7418.8889  EGB        =    -1678.3223
 1-4 VDW =      331.3303  1-4 EEL =     5641.0548  RESTRAINT  =       44.8409
 EAMBER  =    -2618.9016


   NSTEP       ENERGY          RMS            GMAX         NAME    NUMBER
    600      -2.5744E+03     1.7783E-02     3.1341E-01     CD       1119

 BOND    =       30.8399  ANGLE   =      210.6355  DIHED      =     1078.0468
 VDWAALS =     -814.4564  EEL     =    -7419.5884  EGB        =    -1677.7807
 1-4 VDW =      331.9062  1-4 EEL =     5641.6628  RESTRAINT  =       44.3449
 EAMBER  =    -2618.7343


   NSTEP       ENERGY          RMS            GMAX         NAME    NUMBER
    700      -2.5744E+03     5.8213E-02     8.7627E-01     OG1      1212

 BOND    =       30.8762  ANGLE   =      210.6743  DIHED      =     1078.2787
 VDWAALS =     -814.4742  EEL     =    -7420.0954  EGB        =    -1678.1443
 1-4 VDW =      331.8781  1-4 EEL =     5642.1462  RESTRAINT  =       44.4263
 EAMBER  =    -2618.8604


   NSTEP       ENERGY          RMS            GMAX         NAME    NUMBER
    800      -2.5769E+03     1.7439E-01     3.9812E+00     CA        626

 BOND    =       31.1457  ANGLE   =      211.3566  DIHED      =     1077.7764
 VDWAALS =     -815.2973  EEL     =    -7422.9718  EGB        =    -1679.5243
 1-4 VDW =      331.5421  1-4 EEL =     5643.9068  RESTRAINT  =       45.1394
 EAMBER  =    -2622.0658


   NSTEP       ENERGY          RMS            GMAX         NAME    NUMBER
    900      -2.5780E+03     2.9128E-02     4.0286E-01     OG1       634

 BOND    =       30.9244  ANGLE   =      210.7111  DIHED      =     1076.9813
 VDWAALS =     -814.7262  EEL     =    -7422.7479  EGB        =    -1679.2297
 1-4 VDW =      331.9999  1-4 EEL =     5643.6732  RESTRAINT  =       44.4364
 EAMBER  =    -2622.4137


   NSTEP       ENERGY          RMS            GMAX         NAME    NUMBER
   1000      -2.5780E+03     2.2896E-03     3.3627E-02     HG1       635

 BOND    =       30.8967  ANGLE   =      210.6314  DIHED      =     1076.9638
 VDWAALS =     -814.6360  EEL     =    -7422.7841  EGB        =    -1679.2171
 1-4 VDW =      332.0544  1-4 EEL =     5643.7018  RESTRAINT  =       44.3917
 EAMBER  =    -2622.3892


  Maximum number of minimization cycles reached.


                    FINAL RESULTS



   NSTEP       ENERGY          RMS            GMAX         NAME    NUMBER
   1000      -2.5780E+03     2.2896E-03     3.3627E-02     HG1       635

 BOND    =       30.8967  ANGLE   =      210.6314  DIHED      =     1076.9638
 VDWAALS =     -814.6360  EEL     =    -7422.7841  EGB        =    -1679.2171
 1-4 VDW =      332.0544  1-4 EEL =     5643.7018  RESTRAINT  =       44.3917
 EAMBER  =    -2622.3892

--------------------------------------------------------------------------------
   5.  TIMINGS
--------------------------------------------------------------------------------

|                Calc gb radii             59.93 (20.42% of Gen B)
|                Calc gb diag             111.64 (38.05% of Gen B)
|                Calc gb off-diag         121.86 (41.53% of Gen B)
|             Gen Born time            293.43 (100.0% of Nonbo)
|          Nonbond force            293.43 (99.29% of Force)
|          Bond/Angle/Dihedral        2.07 ( 0.70% of Force)
|          Other                      0.02 ( 0.01% of Force)
|       Force time               295.52 (100.0% of Runmd)
|    Runmd Time               295.52 (99.57% of Total)
|    Other                      1.26 ( 0.42% of Total)
| Total time               296.78 (100.0% of ALL  )

| Number of list builds   :          0

| Highest rstack allocated:          0
| Highest istack allocated:          0
|           Job began  at 12:25:12.351  on 02/03/2016
|           Setup done at 12:25:12.406  on 02/03/2016
|           Run   done at 12:30:09.132  on 02/03/2016
|     wallclock() was called   18028 times
