
          -------------------------------------------------------
          Amber 14 SANDER                              2014
          -------------------------------------------------------

| Run on 02/03/2016 at 12:43:38

|   Executable path: sander
| Working directory: /lustre/cs1500/scratch/kmb413/RealDecoyDisc/DecoyDiscrimination/decoys.set2.init/1aaj/Rosetta_relaxed
|          Hostname: slepner7


File Assignments:
|  MDIN: /scratch/kmb413/RealDecoyDisc/DecoyDiscrimination/scripts/min/min.in  
| MDOUT: NoH_1_empty_tag_1496_0001_0001.out                                    
|INPCRD: NoH_1_empty_tag_1496_0001_0001.rst7                                   
|  PARM: NoH_1_empty_tag_1496_0001_0001.parm7                                  
|RESTRT: min_NoH_1_empty_tag_1496_0001_0001.rst7                               
|  REFC: NoH_1_empty_tag_1496_0001_0001.rst7                                   
| MDVEL: mdvel                                                                 
| MDFRC: mdfrc                                                                 
|  MDEN: mden                                                                  
| MDCRD: mdcrd                                                                 
|MDINFO: mdinfo                                                                
|  MTMD: mtmd                                                                  
|INPDIP: inpdip                                                                
|RSTDIP: rstdip                                                                
|INPTRA: inptraj                                                               


 Here is the input file:

                                                                               
&cntrl                                                                         
    imin = 1, maxcyc=1000,                                                     
    ntx = 1,                                                                   
    ntwr = 100, ntpr = 100,                                                    
    cut = 999.0,                                                               
    ntb = 0, igb = 8,                                                          
    ntr = 1, restraint_wt = 10, restraintmask = "!@H=",                        
/                                                                              

--------------------------------------------------------------------------------
   1.  RESOURCE   USE: 
--------------------------------------------------------------------------------

| Flags:                                                                        
| New format PARM file being parsed.
| Version =    1.000 Date = 02/03/16 Time = 11:45:07
 NATOM  =    1590 NTYPES =      14 NBONH =     791 MBONA  =     820
 NTHETH =    1812 MTHETA =    1115 NPHIH =    3578 MPHIA  =    3525
 NHPARM =       0 NPARM  =       0 NNB   =    8805 NRES   =     104
 NBONA  =     820 NTHETA =    1115 NPHIA =    3525 NUMBND =      65
 NUMANG =     152 NPTRA  =     189 NATYP =      33 NPHB   =       0
 IFBOX  =       0 NMXRS  =      24 IFCAP =       0 NEXTRA =       0
 NCOPY  =       0

 Implicit solvent radii are ArgH and AspGluO modified Bondi2 radii (mbondi3)                                
 Replacing prmtop screening parameters with GBn2 (igb=8) values

|     Memory Use     Allocated
|     Real              145027
|     Hollerith           4876
|     Integer           109197
|     Max Pairs              1
|     nblistReal             0
|     nblist Int             0
|       Total             1578 kbytes

| Note: 1-4 EEL scale factors are being read from the topology file.

| Note: 1-4 VDW scale factors are being read from the topology file.
| Duplicated    0 dihedrals
| Duplicated    0 dihedrals

--------------------------------------------------------------------------------
   2.  CONTROL  DATA  FOR  THE  RUN
--------------------------------------------------------------------------------

default_name                                                                    

General flags:
     imin    =       1, nmropt  =       0

Nature and format of input:
     ntx     =       1, irest   =       0, ntrx    =       1

Nature and format of output:
     ntxo    =       1, ntpr    =     100, ntrx    =       1, ntwr    =     100
     iwrap   =       0, ntwx    =       0, ntwv    =       0, ntwe    =       0
     ioutfm  =       0, ntwprt  =       0, idecomp =       0, rbornstat=      0

Potential function:
     ntf     =       1, ntb     =       0, igb     =       8, nsnb    =      25
     ipol    =       0, gbsa    =       0, iesp    =       0
     dielc   =   1.00000, cut     = 999.00000, intdiel =   1.00000
     saltcon =   0.00000, offset  =   0.19514, surften =   0.00500
     rdt     =   0.00000, rgbmax  =  25.00000  extdiel =  78.50000
     alpb  =        0
     gbalphaH  =   0.78844, gbbetaH   =   0.79870,  gbgammaH  =    0.43733
     gbalphaC  =   0.73376, gbbetaC   =   0.50638,  gbgammaC  =    0.20584
     gbalphaN  =   0.50336, gbbetaN   =   0.31683,  gbgammaN  =    0.19292
     gbalphaOS =   0.86781, gbbetaOS  =   0.87664,  gbgammaOS =    0.38788
     gbalphaP  =   1.00000, gbbetaP   =   0.80000,  gbgammaP  =    4.85000
     gb_alpha_hnu  =   0.53705, gb_beta_hnu   =   0.36286,  gb_gamma_hnu  =    0.11670
     gb_alpha_cnu  =   0.33167, gb_beta_cnu   =   0.19684,  gb_gamma_cnu  =    0.09342
     gb_alpha_nnu  =   0.68631, gb_beta_nnu   =   0.46319,  gb_gamma_nnu  =    0.13872
     gb_alpha_onu  =   0.60634, gb_beta_onu   =   0.46301,  gb_gamma_onu  =    0.14226
     gb_alpha_pnu  =   0.41836, gb_beta_pnu   =   0.29005,  gb_gamma_pnu  =    0.10642

Frozen or restrained atoms:
     ibelly  =       0, ntr     =       1
     restraint_wt =  10.00000

Energy minimization:
     maxcyc  =    1000, ncyc    =      10, ntmin   =       1
     dx0     =   0.01000, drms    =   0.00010
|  INFO: Old style inpcrd file read


    LOADING THE CONSTRAINED ATOMS AS GROUPS


   5.  REFERENCE ATOM COORDINATES

  defa
     Mask !@H=; matches   799 atoms

--------------------------------------------------------------------------------
   3.  ATOMIC COORDINATES AND VELOCITIES
--------------------------------------------------------------------------------

default_name                                                                    
 begin time read from input coords =     0.000 ps

 Number of triangulated 3-point waters found:        0

--------------------------------------------------------------------------------
   4.  RESULTS
--------------------------------------------------------------------------------



   NSTEP       ENERGY          RMS            GMAX         NAME    NUMBER
      1      -2.2217E+03     9.0269E+00     6.2196E+01     OE1       945

 BOND    =       69.4383  ANGLE   =      211.1703  DIHED      =     1080.6826
 VDWAALS =     -654.1602  EEL     =    -7447.5617  EGB        =    -1631.9507
 1-4 VDW =      436.8696  1-4 EEL =     5713.8309  RESTRAINT  =        0.0000


   NSTEP       ENERGY          RMS            GMAX         NAME    NUMBER
    100      -2.5770E+03     3.0233E-01     2.6003E+00     CE2       650

 BOND    =       31.0643  ANGLE   =      205.7793  DIHED      =     1081.2517
 VDWAALS =     -788.1743  EEL     =    -7462.4457  EGB        =    -1650.1799
 1-4 VDW =      329.0681  1-4 EEL =     5634.9719  RESTRAINT  =       41.7036
 EAMBER  =    -2618.6646


   NSTEP       ENERGY          RMS            GMAX         NAME    NUMBER
    200      -2.5818E+03     1.4867E-01     2.1414E+00     HG1      1389

 BOND    =       31.1891  ANGLE   =      206.4849  DIHED      =     1080.1095
 VDWAALS =     -790.3357  EEL     =    -7469.3919  EGB        =    -1647.0048
 1-4 VDW =      328.6508  1-4 EEL =     5635.3353  RESTRAINT  =       43.1615
 EAMBER  =    -2624.9628


   NSTEP       ENERGY          RMS            GMAX         NAME    NUMBER
    300      -2.5889E+03     8.1342E-02     1.6669E+00     HG1       605

 BOND    =       31.2864  ANGLE   =      206.7611  DIHED      =     1078.3861
 VDWAALS =     -789.9613  EEL     =    -7475.3101  EGB        =    -1647.9722
 1-4 VDW =      328.5996  1-4 EEL =     5636.2094  RESTRAINT  =       43.0859
 EAMBER  =    -2632.0011


   NSTEP       ENERGY          RMS            GMAX         NAME    NUMBER
    400      -2.5891E+03     1.0475E-02     1.5106E-01     CA        596

 BOND    =       31.0460  ANGLE   =      205.9724  DIHED      =     1078.1161
 VDWAALS =     -789.4520  EEL     =    -7475.6730  EGB        =    -1648.0484
 1-4 VDW =      329.4065  1-4 EEL =     5636.9579  RESTRAINT  =       42.5555
 EAMBER  =    -2631.6746


   NSTEP       ENERGY          RMS            GMAX         NAME    NUMBER
    500      -2.5891E+03     3.9883E-03     4.5698E-02     CB        598

 BOND    =       31.0334  ANGLE   =      205.9646  DIHED      =     1078.1154
 VDWAALS =     -789.4531  EEL     =    -7475.6531  EGB        =    -1648.0710
 1-4 VDW =      329.4311  1-4 EEL =     5636.9600  RESTRAINT  =       42.5515
 EAMBER  =    -2631.6727


   NSTEP       ENERGY          RMS            GMAX         NAME    NUMBER
    600      -2.5891E+03     6.1507E-04     8.7402E-03     CD        193

 BOND    =       31.0284  ANGLE   =      205.9554  DIHED      =     1078.1202
 VDWAALS =     -789.4511  EEL     =    -7475.6214  EGB        =    -1648.0954
 1-4 VDW =      329.4446  1-4 EEL =     5636.9503  RESTRAINT  =       42.5473
 EAMBER  =    -2631.6690


   NSTEP       ENERGY          RMS            GMAX         NAME    NUMBER
    700      -2.5891E+03     1.1768E-03     2.1432E-02     CB        598

 BOND    =       31.0283  ANGLE   =      205.9549  DIHED      =     1078.1242
 VDWAALS =     -789.4501  EEL     =    -7475.6009  EGB        =    -1648.1110
 1-4 VDW =      329.4448  1-4 EEL =     5636.9413  RESTRAINT  =       42.5467
 EAMBER  =    -2631.6686


   NSTEP       ENERGY          RMS            GMAX         NAME    NUMBER
    800      -2.5891E+03     1.6604E-04     4.5886E-03     HG1       635

 BOND    =       31.0287  ANGLE   =      205.9555  DIHED      =     1078.1274
 VDWAALS =     -789.4501  EEL     =    -7475.5877  EGB        =    -1648.1224
 1-4 VDW =      329.4449  1-4 EEL =     5636.9354  RESTRAINT  =       42.5463
 EAMBER  =    -2631.6682


                    FINAL RESULTS



   NSTEP       ENERGY          RMS            GMAX         NAME    NUMBER
    898      -2.5891E+03     9.7569E-05     3.7281E-03     HG1       635

 BOND    =       31.0288  ANGLE   =      205.9557  DIHED      =     1078.1298
 VDWAALS =     -789.4499  EEL     =    -7475.5774  EGB        =    -1648.1309
 1-4 VDW =      329.4450  1-4 EEL =     5636.9313  RESTRAINT  =       42.5458
 EAMBER  =    -2631.6677

--------------------------------------------------------------------------------
   5.  TIMINGS
--------------------------------------------------------------------------------

|                Calc gb radii             53.42 (20.36% of Gen B)
|                Calc gb diag              99.37 (37.87% of Gen B)
|                Calc gb off-diag         109.63 (41.77% of Gen B)
|             Gen Born time            262.42 (100.0% of Nonbo)
|          Nonbond force            262.42 (99.29% of Force)
|          Bond/Angle/Dihedral        1.86 ( 0.70% of Force)
|          Other                      0.02 ( 0.01% of Force)
|       Force time               264.30 (100.0% of Runmd)
|    Runmd Time               264.30 (99.74% of Total)
|    Other                      0.68 ( 0.26% of Total)
| Total time               264.98 (100.0% of ALL  )

| Number of list builds   :          0

| Highest rstack allocated:          0
| Highest istack allocated:          0
|           Job began  at 12:43:38.252  on 02/03/2016
|           Setup done at 12:43:38.308  on 02/03/2016
|           Run   done at 12:48:03.235  on 02/03/2016
|     wallclock() was called   16192 times
