
          -------------------------------------------------------
          Amber 14 SANDER                              2014
          -------------------------------------------------------

| Run on 02/03/2016 at 13:47:19

|   Executable path: sander
| Working directory: /lustre/cs1500/scratch/kmb413/RealDecoyDisc/DecoyDiscrimination/decoys.set2.init/1aaj/Rosetta_relaxed
|          Hostname: slepner7


File Assignments:
|  MDIN: /scratch/kmb413/RealDecoyDisc/DecoyDiscrimination/scripts/min/min.in  
| MDOUT: NoH_1_empty_tag_1567_0001_0001.out                                    
|INPCRD: NoH_1_empty_tag_1567_0001_0001.rst7                                   
|  PARM: NoH_1_empty_tag_1567_0001_0001.parm7                                  
|RESTRT: min_NoH_1_empty_tag_1567_0001_0001.rst7                               
|  REFC: NoH_1_empty_tag_1567_0001_0001.rst7                                   
| MDVEL: mdvel                                                                 
| MDFRC: mdfrc                                                                 
|  MDEN: mden                                                                  
| MDCRD: mdcrd                                                                 
|MDINFO: mdinfo                                                                
|  MTMD: mtmd                                                                  
|INPDIP: inpdip                                                                
|RSTDIP: rstdip                                                                
|INPTRA: inptraj                                                               


 Here is the input file:

                                                                               
&cntrl                                                                         
    imin = 1, maxcyc=1000,                                                     
    ntx = 1,                                                                   
    ntwr = 100, ntpr = 100,                                                    
    cut = 999.0,                                                               
    ntb = 0, igb = 8,                                                          
    ntr = 1, restraint_wt = 10, restraintmask = "!@H=",                        
/                                                                              

--------------------------------------------------------------------------------
   1.  RESOURCE   USE: 
--------------------------------------------------------------------------------

| Flags:                                                                        
| New format PARM file being parsed.
| Version =    1.000 Date = 02/03/16 Time = 11:45:13
 NATOM  =    1590 NTYPES =      14 NBONH =     791 MBONA  =     820
 NTHETH =    1812 MTHETA =    1115 NPHIH =    3578 MPHIA  =    3525
 NHPARM =       0 NPARM  =       0 NNB   =    8805 NRES   =     104
 NBONA  =     820 NTHETA =    1115 NPHIA =    3525 NUMBND =      65
 NUMANG =     152 NPTRA  =     189 NATYP =      33 NPHB   =       0
 IFBOX  =       0 NMXRS  =      24 IFCAP =       0 NEXTRA =       0
 NCOPY  =       0

 Implicit solvent radii are ArgH and AspGluO modified Bondi2 radii (mbondi3)                                
 Replacing prmtop screening parameters with GBn2 (igb=8) values

|     Memory Use     Allocated
|     Real              145027
|     Hollerith           4876
|     Integer           109197
|     Max Pairs              1
|     nblistReal             0
|     nblist Int             0
|       Total             1578 kbytes

| Note: 1-4 EEL scale factors are being read from the topology file.

| Note: 1-4 VDW scale factors are being read from the topology file.
| Duplicated    0 dihedrals
| Duplicated    0 dihedrals

--------------------------------------------------------------------------------
   2.  CONTROL  DATA  FOR  THE  RUN
--------------------------------------------------------------------------------

default_name                                                                    

General flags:
     imin    =       1, nmropt  =       0

Nature and format of input:
     ntx     =       1, irest   =       0, ntrx    =       1

Nature and format of output:
     ntxo    =       1, ntpr    =     100, ntrx    =       1, ntwr    =     100
     iwrap   =       0, ntwx    =       0, ntwv    =       0, ntwe    =       0
     ioutfm  =       0, ntwprt  =       0, idecomp =       0, rbornstat=      0

Potential function:
     ntf     =       1, ntb     =       0, igb     =       8, nsnb    =      25
     ipol    =       0, gbsa    =       0, iesp    =       0
     dielc   =   1.00000, cut     = 999.00000, intdiel =   1.00000
     saltcon =   0.00000, offset  =   0.19514, surften =   0.00500
     rdt     =   0.00000, rgbmax  =  25.00000  extdiel =  78.50000
     alpb  =        0
     gbalphaH  =   0.78844, gbbetaH   =   0.79870,  gbgammaH  =    0.43733
     gbalphaC  =   0.73376, gbbetaC   =   0.50638,  gbgammaC  =    0.20584
     gbalphaN  =   0.50336, gbbetaN   =   0.31683,  gbgammaN  =    0.19292
     gbalphaOS =   0.86781, gbbetaOS  =   0.87664,  gbgammaOS =    0.38788
     gbalphaP  =   1.00000, gbbetaP   =   0.80000,  gbgammaP  =    4.85000
     gb_alpha_hnu  =   0.53705, gb_beta_hnu   =   0.36286,  gb_gamma_hnu  =    0.11670
     gb_alpha_cnu  =   0.33167, gb_beta_cnu   =   0.19684,  gb_gamma_cnu  =    0.09342
     gb_alpha_nnu  =   0.68631, gb_beta_nnu   =   0.46319,  gb_gamma_nnu  =    0.13872
     gb_alpha_onu  =   0.60634, gb_beta_onu   =   0.46301,  gb_gamma_onu  =    0.14226
     gb_alpha_pnu  =   0.41836, gb_beta_pnu   =   0.29005,  gb_gamma_pnu  =    0.10642

Frozen or restrained atoms:
     ibelly  =       0, ntr     =       1
     restraint_wt =  10.00000

Energy minimization:
     maxcyc  =    1000, ncyc    =      10, ntmin   =       1
     dx0     =   0.01000, drms    =   0.00010
|  INFO: Old style inpcrd file read


    LOADING THE CONSTRAINED ATOMS AS GROUPS


   5.  REFERENCE ATOM COORDINATES

  defa
     Mask !@H=; matches   799 atoms

--------------------------------------------------------------------------------
   3.  ATOMIC COORDINATES AND VELOCITIES
--------------------------------------------------------------------------------

default_name                                                                    
 begin time read from input coords =     0.000 ps

 Number of triangulated 3-point waters found:        0

--------------------------------------------------------------------------------
   4.  RESULTS
--------------------------------------------------------------------------------



   NSTEP       ENERGY          RMS            GMAX         NAME    NUMBER
      1      -2.1900E+03     9.1932E+00     6.2399E+01     OE1       945

 BOND    =       71.6231  ANGLE   =      212.0450  DIHED      =     1078.6806
 VDWAALS =     -658.1816  EEL     =    -7391.5257  EGB        =    -1640.6692
 1-4 VDW =      443.3798  1-4 EEL =     5694.6117  RESTRAINT  =        0.0000


   NSTEP       ENERGY          RMS            GMAX         NAME    NUMBER
    100      -2.5857E+03     4.1704E-01     3.1899E+00     CG         72

 BOND    =       31.8032  ANGLE   =      211.9401  DIHED      =     1080.3908
 VDWAALS =     -812.8703  EEL     =    -7428.7007  EGB        =    -1650.4849
 1-4 VDW =      332.0519  1-4 EEL =     5603.7656  RESTRAINT  =       46.4183
 EAMBER  =    -2632.1043


   NSTEP       ENERGY          RMS            GMAX         NAME    NUMBER
    200      -2.6053E+03     1.5442E-01     2.4503E+00     HG1       605

 BOND    =       32.1694  ANGLE   =      211.6472  DIHED      =     1076.5326
 VDWAALS =     -814.8917  EEL     =    -7452.7557  EGB        =    -1641.5390
 1-4 VDW =      332.1040  1-4 EEL =     5604.2537  RESTRAINT  =       47.2119
 EAMBER  =    -2652.4795


   NSTEP       ENERGY          RMS            GMAX         NAME    NUMBER
    300      -2.6058E+03     3.6693E-02     3.9588E-01     HG1       605

 BOND    =       31.9084  ANGLE   =      211.4676  DIHED      =     1076.1434
 VDWAALS =     -815.5164  EEL     =    -7453.7165  EGB        =    -1640.7351
 1-4 VDW =      332.5868  1-4 EEL =     5604.8616  RESTRAINT  =       47.1730
 EAMBER  =    -2653.0002


   NSTEP       ENERGY          RMS            GMAX         NAME    NUMBER
    400      -2.6059E+03     8.5675E-03     1.0049E-01     CD       1260

 BOND    =       31.8629  ANGLE   =      211.4168  DIHED      =     1076.1367
 VDWAALS =     -815.6239  EEL     =    -7453.7818  EGB        =    -1640.6872
 1-4 VDW =      332.6917  1-4 EEL =     5604.9521  RESTRAINT  =       47.1809
 EAMBER  =    -2653.0328


   NSTEP       ENERGY          RMS            GMAX         NAME    NUMBER
    500      -2.6059E+03     7.6699E-03     9.2250E-02     CE3       657

 BOND    =       31.8445  ANGLE   =      211.3789  DIHED      =     1076.1478
 VDWAALS =     -815.6568  EEL     =    -7453.8191  EGB        =    -1640.6571
 1-4 VDW =      332.7308  1-4 EEL =     5604.9913  RESTRAINT  =       47.1837
 EAMBER  =    -2653.0397


   NSTEP       ENERGY          RMS            GMAX         NAME    NUMBER
    600      -2.6059E+03     1.4207E-03     1.6588E-02     OG1       604

 BOND    =       31.8442  ANGLE   =      211.3833  DIHED      =     1076.1584
 VDWAALS =     -815.6824  EEL     =    -7453.8462  EGB        =    -1640.6466
 1-4 VDW =      332.7360  1-4 EEL =     5605.0054  RESTRAINT  =       47.1909
 EAMBER  =    -2653.0478


   NSTEP       ENERGY          RMS            GMAX         NAME    NUMBER
    700      -2.6059E+03     5.9892E-04     6.3788E-03     HB       1383

 BOND    =       31.8379  ANGLE   =      211.3701  DIHED      =     1076.1633
 VDWAALS =     -815.6802  EEL     =    -7453.8488  EGB        =    -1640.6401
 1-4 VDW =      332.7524  1-4 EEL =     5605.0068  RESTRAINT  =       47.1815
 EAMBER  =    -2653.0387


                    FINAL RESULTS



   NSTEP       ENERGY          RMS            GMAX         NAME    NUMBER
    721      -2.6059E+03     8.5036E-05     7.8310E-04     HG         90

 BOND    =       31.8383  ANGLE   =      211.3714  DIHED      =     1076.1633
 VDWAALS =     -815.6815  EEL     =    -7453.8499  EGB        =    -1640.6399
 1-4 VDW =      332.7505  1-4 EEL =     5605.0074  RESTRAINT  =       47.1832
 EAMBER  =    -2653.0404

--------------------------------------------------------------------------------
   5.  TIMINGS
--------------------------------------------------------------------------------

|                Calc gb radii             43.60 (20.47% of Gen B)
|                Calc gb diag              81.01 (38.04% of Gen B)
|                Calc gb off-diag          88.33 (41.48% of Gen B)
|             Gen Born time            212.95 (100.0% of Nonbo)
|          Nonbond force            212.95 (99.30% of Force)
|          Bond/Angle/Dihedral        1.49 ( 0.69% of Force)
|          Other                      0.01 ( 0.01% of Force)
|       Force time               214.45 (100.0% of Runmd)
|    Runmd Time               214.45 (99.70% of Total)
|    Other                      0.65 ( 0.30% of Total)
| Total time               215.10 (100.0% of ALL  )

| Number of list builds   :          0

| Highest rstack allocated:          0
| Highest istack allocated:          0
|           Job began  at 13:47:19.130  on 02/03/2016
|           Setup done at 13:47:19.197  on 02/03/2016
|           Run   done at 13:50:54.234  on 02/03/2016
|     wallclock() was called   13006 times
