
          -------------------------------------------------------
          Amber 14 SANDER                              2014
          -------------------------------------------------------

| Run on 02/03/2016 at 15:23:27

|   Executable path: sander
| Working directory: /lustre/cs1500/scratch/kmb413/RealDecoyDisc/DecoyDiscrimination/decoys.set2.init/1aaj/Rosetta_relaxed
|          Hostname: slepner13


File Assignments:
|  MDIN: /scratch/kmb413/RealDecoyDisc/DecoyDiscrimination/scripts/min/min.in  
| MDOUT: NoH_5_empty_tag_1_288_1_0001.out                                      
|INPCRD: NoH_5_empty_tag_1_288_1_0001.rst7                                     
|  PARM: NoH_5_empty_tag_1_288_1_0001.parm7                                    
|RESTRT: min_NoH_5_empty_tag_1_288_1_0001.rst7                                 
|  REFC: NoH_5_empty_tag_1_288_1_0001.rst7                                     
| MDVEL: mdvel                                                                 
| MDFRC: mdfrc                                                                 
|  MDEN: mden                                                                  
| MDCRD: mdcrd                                                                 
|MDINFO: mdinfo                                                                
|  MTMD: mtmd                                                                  
|INPDIP: inpdip                                                                
|RSTDIP: rstdip                                                                
|INPTRA: inptraj                                                               


 Here is the input file:

                                                                               
&cntrl                                                                         
    imin = 1, maxcyc=1000,                                                     
    ntx = 1,                                                                   
    ntwr = 100, ntpr = 100,                                                    
    cut = 999.0,                                                               
    ntb = 0, igb = 8,                                                          
    ntr = 1, restraint_wt = 10, restraintmask = "!@H=",                        
/                                                                              

--------------------------------------------------------------------------------
   1.  RESOURCE   USE: 
--------------------------------------------------------------------------------

| Flags:                                                                        
| New format PARM file being parsed.
| Version =    1.000 Date = 02/03/16 Time = 11:52:38
 NATOM  =    1590 NTYPES =      14 NBONH =     791 MBONA  =     820
 NTHETH =    1812 MTHETA =    1115 NPHIH =    3578 MPHIA  =    3525
 NHPARM =       0 NPARM  =       0 NNB   =    8805 NRES   =     104
 NBONA  =     820 NTHETA =    1115 NPHIA =    3525 NUMBND =      65
 NUMANG =     152 NPTRA  =     189 NATYP =      33 NPHB   =       0
 IFBOX  =       0 NMXRS  =      24 IFCAP =       0 NEXTRA =       0
 NCOPY  =       0

 Implicit solvent radii are ArgH and AspGluO modified Bondi2 radii (mbondi3)                                
 Replacing prmtop screening parameters with GBn2 (igb=8) values

|     Memory Use     Allocated
|     Real              145027
|     Hollerith           4876
|     Integer           109197
|     Max Pairs              1
|     nblistReal             0
|     nblist Int             0
|       Total             1578 kbytes

| Note: 1-4 EEL scale factors are being read from the topology file.

| Note: 1-4 VDW scale factors are being read from the topology file.
| Duplicated    0 dihedrals
| Duplicated    0 dihedrals

--------------------------------------------------------------------------------
   2.  CONTROL  DATA  FOR  THE  RUN
--------------------------------------------------------------------------------

default_name                                                                    

General flags:
     imin    =       1, nmropt  =       0

Nature and format of input:
     ntx     =       1, irest   =       0, ntrx    =       1

Nature and format of output:
     ntxo    =       1, ntpr    =     100, ntrx    =       1, ntwr    =     100
     iwrap   =       0, ntwx    =       0, ntwv    =       0, ntwe    =       0
     ioutfm  =       0, ntwprt  =       0, idecomp =       0, rbornstat=      0

Potential function:
     ntf     =       1, ntb     =       0, igb     =       8, nsnb    =      25
     ipol    =       0, gbsa    =       0, iesp    =       0
     dielc   =   1.00000, cut     = 999.00000, intdiel =   1.00000
     saltcon =   0.00000, offset  =   0.19514, surften =   0.00500
     rdt     =   0.00000, rgbmax  =  25.00000  extdiel =  78.50000
     alpb  =        0
     gbalphaH  =   0.78844, gbbetaH   =   0.79870,  gbgammaH  =    0.43733
     gbalphaC  =   0.73376, gbbetaC   =   0.50638,  gbgammaC  =    0.20584
     gbalphaN  =   0.50336, gbbetaN   =   0.31683,  gbgammaN  =    0.19292
     gbalphaOS =   0.86781, gbbetaOS  =   0.87664,  gbgammaOS =    0.38788
     gbalphaP  =   1.00000, gbbetaP   =   0.80000,  gbgammaP  =    4.85000
     gb_alpha_hnu  =   0.53705, gb_beta_hnu   =   0.36286,  gb_gamma_hnu  =    0.11670
     gb_alpha_cnu  =   0.33167, gb_beta_cnu   =   0.19684,  gb_gamma_cnu  =    0.09342
     gb_alpha_nnu  =   0.68631, gb_beta_nnu   =   0.46319,  gb_gamma_nnu  =    0.13872
     gb_alpha_onu  =   0.60634, gb_beta_onu   =   0.46301,  gb_gamma_onu  =    0.14226
     gb_alpha_pnu  =   0.41836, gb_beta_pnu   =   0.29005,  gb_gamma_pnu  =    0.10642

Frozen or restrained atoms:
     ibelly  =       0, ntr     =       1
     restraint_wt =  10.00000

Energy minimization:
     maxcyc  =    1000, ncyc    =      10, ntmin   =       1
     dx0     =   0.01000, drms    =   0.00010
|  INFO: Old style inpcrd file read


    LOADING THE CONSTRAINED ATOMS AS GROUPS


   5.  REFERENCE ATOM COORDINATES

  defa
     Mask !@H=; matches   799 atoms

--------------------------------------------------------------------------------
   3.  ATOMIC COORDINATES AND VELOCITIES
--------------------------------------------------------------------------------

default_name                                                                    
 begin time read from input coords =     0.000 ps

 Number of triangulated 3-point waters found:        0

--------------------------------------------------------------------------------
   4.  RESULTS
--------------------------------------------------------------------------------



   NSTEP       ENERGY          RMS            GMAX         NAME    NUMBER
      1      -2.1971E+03     9.0933E+00     6.2190E+01     OE1      1120

 BOND    =       69.2426  ANGLE   =      211.4439  DIHED      =     1073.6584
 VDWAALS =     -650.5506  EEL     =    -7316.3706  EGB        =    -1744.4874
 1-4 VDW =      440.7692  1-4 EEL =     5719.1940  RESTRAINT  =        0.0000


   NSTEP       ENERGY          RMS            GMAX         NAME    NUMBER
    100      -2.5874E+03     2.9831E-01     3.7451E+00     CD        729

 BOND    =       31.9747  ANGLE   =      210.0550  DIHED      =     1075.1990
 VDWAALS =     -792.6841  EEL     =    -7360.8024  EGB        =    -1756.6843
 1-4 VDW =      331.6231  1-4 EEL =     5631.5716  RESTRAINT  =       42.2981
 EAMBER  =    -2629.7474


   NSTEP       ENERGY          RMS            GMAX         NAME    NUMBER
    200      -2.5909E+03     1.1672E-01     1.5728E+00     H2          3

 BOND    =       32.0322  ANGLE   =      211.0043  DIHED      =     1074.6439
 VDWAALS =     -795.5123  EEL     =    -7360.7962  EGB        =    -1758.4029
 1-4 VDW =      331.2481  1-4 EEL =     5630.3310  RESTRAINT  =       44.5191
 EAMBER  =    -2635.4519


   NSTEP       ENERGY          RMS            GMAX         NAME    NUMBER
    300      -2.5970E+03     3.1763E-01     4.5287E+00     CA          5

 BOND    =       32.8747  ANGLE   =      213.0307  DIHED      =     1075.1367
 VDWAALS =     -795.8787  EEL     =    -7364.4414  EGB        =    -1760.8647
 1-4 VDW =      329.4279  1-4 EEL =     5628.1308  RESTRAINT  =       45.6028
 EAMBER  =    -2642.5840


   NSTEP       ENERGY          RMS            GMAX         NAME    NUMBER
    400      -2.6023E+03     3.2570E-02     5.1280E-01     CA        626

 BOND    =       32.0115  ANGLE   =      210.8509  DIHED      =     1072.9102
 VDWAALS =     -793.3261  EEL     =    -7370.1267  EGB        =    -1760.2896
 1-4 VDW =      331.8476  1-4 EEL =     5630.1696  RESTRAINT  =       43.6243
 EAMBER  =    -2645.9526


   NSTEP       ENERGY          RMS            GMAX         NAME    NUMBER
    500      -2.6023E+03     2.2177E-03     2.3742E-02     HG1      1213

 BOND    =       31.9841  ANGLE   =      210.7483  DIHED      =     1072.9338
 VDWAALS =     -793.2619  EEL     =    -7370.1190  EGB        =    -1760.4287
 1-4 VDW =      331.9855  1-4 EEL =     5630.2630  RESTRAINT  =       43.5501
 EAMBER  =    -2645.8949


   NSTEP       ENERGY          RMS            GMAX         NAME    NUMBER
    600      -2.6023E+03     1.1007E-03     1.7879E-02     CG       1324

 BOND    =       31.9782  ANGLE   =      210.7315  DIHED      =     1072.9456
 VDWAALS =     -793.2571  EEL     =    -7370.1074  EGB        =    -1760.4621
 1-4 VDW =      332.0073  1-4 EEL =     5630.2792  RESTRAINT  =       43.5393
 EAMBER  =    -2645.8847


   NSTEP       ENERGY          RMS            GMAX         NAME    NUMBER
    700      -2.6023E+03     1.3231E-03     1.5038E-02     CG       1324

 BOND    =       31.9763  ANGLE   =      210.7297  DIHED      =     1072.9501
 VDWAALS =     -793.2563  EEL     =    -7370.1034  EGB        =    -1760.4680
 1-4 VDW =      332.0133  1-4 EEL =     5630.2766  RESTRAINT  =       43.5362
 EAMBER  =    -2645.8817


   NSTEP       ENERGY          RMS            GMAX         NAME    NUMBER
    800      -2.6023E+03     2.7906E-04     4.0843E-03     HD13      332

 BOND    =       31.9765  ANGLE   =      210.7267  DIHED      =     1072.9520
 VDWAALS =     -793.2581  EEL     =    -7370.1013  EGB        =    -1760.4685
 1-4 VDW =      332.0134  1-4 EEL =     5630.2773  RESTRAINT  =       43.5364
 EAMBER  =    -2645.8820

     ... RESTARTED DUE TO LINMIN FAILURE ...


   NSTEP       ENERGY          RMS            GMAX         NAME    NUMBER
    900      -2.6023E+03     1.8022E-04     3.2149E-03     HD13      332

 BOND    =       31.9765  ANGLE   =      210.7261  DIHED      =     1072.9536
 VDWAALS =     -793.2595  EEL     =    -7370.1002  EGB        =    -1760.4689
 1-4 VDW =      332.0138  1-4 EEL =     5630.2767  RESTRAINT  =       43.5365
 EAMBER  =    -2645.8820


   NSTEP       ENERGY          RMS            GMAX         NAME    NUMBER
   1000      -2.6023E+03     8.7717E-05     2.3519E-03     HD13      332

 BOND    =       31.9765  ANGLE   =      210.7256  DIHED      =     1072.9552
 VDWAALS =     -793.2609  EEL     =    -7370.0992  EGB        =    -1760.4693
 1-4 VDW =      332.0140  1-4 EEL =     5630.2760  RESTRAINT  =       43.5365
 EAMBER  =    -2645.8821


                    FINAL RESULTS



   NSTEP       ENERGY          RMS            GMAX         NAME    NUMBER
   1000      -2.6023E+03     8.7717E-05     2.3519E-03     HD13      332

 BOND    =       31.9765  ANGLE   =      210.7256  DIHED      =     1072.9552
 VDWAALS =     -793.2609  EEL     =    -7370.0992  EGB        =    -1760.4693
 1-4 VDW =      332.0140  1-4 EEL =     5630.2760  RESTRAINT  =       43.5365
 EAMBER  =    -2645.8821

--------------------------------------------------------------------------------
   5.  TIMINGS
--------------------------------------------------------------------------------

|                Calc gb radii             57.06 (20.18% of Gen B)
|                Calc gb diag             105.47 (37.30% of Gen B)
|                Calc gb off-diag         120.24 (42.52% of Gen B)
|             Gen Born time            282.77 (100.0% of Nonbo)
|          Nonbond force            282.77 (99.29% of Force)
|          Bond/Angle/Dihedral        2.01 ( 0.71% of Force)
|       Force time               284.80 (100.0% of Runmd)
|    Runmd Time               284.80 (99.70% of Total)
|    Other                      0.87 ( 0.30% of Total)
| Total time               285.67 (100.0% of ALL  )

| Number of list builds   :          0

| Highest rstack allocated:          0
| Highest istack allocated:          0
|           Job began  at 15:23:27.941  on 02/03/2016
|           Setup done at 15:23:28.044  on 02/03/2016
|           Run   done at 15:28:13.608  on 02/03/2016
|     wallclock() was called   18028 times
