
          -------------------------------------------------------
          Amber 14 SANDER                              2014
          -------------------------------------------------------

| Run on 02/03/2016 at 14:47:36

|   Executable path: sander
| Working directory: /lustre/cs1500/scratch/kmb413/RealDecoyDisc/DecoyDiscrimination/decoys.set2.init/1aaj/Rosetta_relaxed
|          Hostname: slepner1


File Assignments:
|  MDIN: /scratch/kmb413/RealDecoyDisc/DecoyDiscrimination/scripts/min/min.in  
| MDOUT: NoH_1_empty_tag_1_245_1_0001.out                                      
|INPCRD: NoH_1_empty_tag_1_245_1_0001.rst7                                     
|  PARM: NoH_1_empty_tag_1_245_1_0001.parm7                                    
|RESTRT: min_NoH_1_empty_tag_1_245_1_0001.rst7                                 
|  REFC: NoH_1_empty_tag_1_245_1_0001.rst7                                     
| MDVEL: mdvel                                                                 
| MDFRC: mdfrc                                                                 
|  MDEN: mden                                                                  
| MDCRD: mdcrd                                                                 
|MDINFO: mdinfo                                                                
|  MTMD: mtmd                                                                  
|INPDIP: inpdip                                                                
|RSTDIP: rstdip                                                                
|INPTRA: inptraj                                                               


 Here is the input file:

                                                                               
&cntrl                                                                         
    imin = 1, maxcyc=1000,                                                     
    ntx = 1,                                                                   
    ntwr = 100, ntpr = 100,                                                    
    cut = 999.0,                                                               
    ntb = 0, igb = 8,                                                          
    ntr = 1, restraint_wt = 10, restraintmask = "!@H=",                        
/                                                                              

--------------------------------------------------------------------------------
   1.  RESOURCE   USE: 
--------------------------------------------------------------------------------

| Flags:                                                                        
| New format PARM file being parsed.
| Version =    1.000 Date = 02/03/16 Time = 11:44:49
 NATOM  =    1590 NTYPES =      14 NBONH =     791 MBONA  =     820
 NTHETH =    1812 MTHETA =    1115 NPHIH =    3578 MPHIA  =    3525
 NHPARM =       0 NPARM  =       0 NNB   =    8805 NRES   =     104
 NBONA  =     820 NTHETA =    1115 NPHIA =    3525 NUMBND =      65
 NUMANG =     152 NPTRA  =     189 NATYP =      33 NPHB   =       0
 IFBOX  =       0 NMXRS  =      24 IFCAP =       0 NEXTRA =       0
 NCOPY  =       0

 Implicit solvent radii are ArgH and AspGluO modified Bondi2 radii (mbondi3)                                
 Replacing prmtop screening parameters with GBn2 (igb=8) values

|     Memory Use     Allocated
|     Real              145027
|     Hollerith           4876
|     Integer           109197
|     Max Pairs              1
|     nblistReal             0
|     nblist Int             0
|       Total             1578 kbytes

| Note: 1-4 EEL scale factors are being read from the topology file.

| Note: 1-4 VDW scale factors are being read from the topology file.
| Duplicated    0 dihedrals
| Duplicated    0 dihedrals

--------------------------------------------------------------------------------
   2.  CONTROL  DATA  FOR  THE  RUN
--------------------------------------------------------------------------------

default_name                                                                    

General flags:
     imin    =       1, nmropt  =       0

Nature and format of input:
     ntx     =       1, irest   =       0, ntrx    =       1

Nature and format of output:
     ntxo    =       1, ntpr    =     100, ntrx    =       1, ntwr    =     100
     iwrap   =       0, ntwx    =       0, ntwv    =       0, ntwe    =       0
     ioutfm  =       0, ntwprt  =       0, idecomp =       0, rbornstat=      0

Potential function:
     ntf     =       1, ntb     =       0, igb     =       8, nsnb    =      25
     ipol    =       0, gbsa    =       0, iesp    =       0
     dielc   =   1.00000, cut     = 999.00000, intdiel =   1.00000
     saltcon =   0.00000, offset  =   0.19514, surften =   0.00500
     rdt     =   0.00000, rgbmax  =  25.00000  extdiel =  78.50000
     alpb  =        0
     gbalphaH  =   0.78844, gbbetaH   =   0.79870,  gbgammaH  =    0.43733
     gbalphaC  =   0.73376, gbbetaC   =   0.50638,  gbgammaC  =    0.20584
     gbalphaN  =   0.50336, gbbetaN   =   0.31683,  gbgammaN  =    0.19292
     gbalphaOS =   0.86781, gbbetaOS  =   0.87664,  gbgammaOS =    0.38788
     gbalphaP  =   1.00000, gbbetaP   =   0.80000,  gbgammaP  =    4.85000
     gb_alpha_hnu  =   0.53705, gb_beta_hnu   =   0.36286,  gb_gamma_hnu  =    0.11670
     gb_alpha_cnu  =   0.33167, gb_beta_cnu   =   0.19684,  gb_gamma_cnu  =    0.09342
     gb_alpha_nnu  =   0.68631, gb_beta_nnu   =   0.46319,  gb_gamma_nnu  =    0.13872
     gb_alpha_onu  =   0.60634, gb_beta_onu   =   0.46301,  gb_gamma_onu  =    0.14226
     gb_alpha_pnu  =   0.41836, gb_beta_pnu   =   0.29005,  gb_gamma_pnu  =    0.10642

Frozen or restrained atoms:
     ibelly  =       0, ntr     =       1
     restraint_wt =  10.00000

Energy minimization:
     maxcyc  =    1000, ncyc    =      10, ntmin   =       1
     dx0     =   0.01000, drms    =   0.00010
|  INFO: Old style inpcrd file read


    LOADING THE CONSTRAINED ATOMS AS GROUPS


   5.  REFERENCE ATOM COORDINATES

  defa
     Mask !@H=; matches   799 atoms

--------------------------------------------------------------------------------
   3.  ATOMIC COORDINATES AND VELOCITIES
--------------------------------------------------------------------------------

default_name                                                                    
 begin time read from input coords =     0.000 ps

 Number of triangulated 3-point waters found:        0

--------------------------------------------------------------------------------
   4.  RESULTS
--------------------------------------------------------------------------------



   NSTEP       ENERGY          RMS            GMAX         NAME    NUMBER
      1      -2.2133E+03     9.0709E+00     6.0858E+01     OE1       194

 BOND    =       69.9298  ANGLE   =      211.9741  DIHED      =     1084.3483
 VDWAALS =     -659.8237  EEL     =    -7603.9334  EGB        =    -1486.0869
 1-4 VDW =      442.8174  1-4 EEL =     5727.5009  RESTRAINT  =        0.0000


   NSTEP       ENERGY          RMS            GMAX         NAME    NUMBER
    100      -2.5730E+03     3.1721E-01     2.7973E+00     CE2       650

 BOND    =       31.5485  ANGLE   =      208.0338  DIHED      =     1090.6784
 VDWAALS =     -799.5785  EEL     =    -7609.5666  EGB        =    -1505.9646
 1-4 VDW =      330.8161  1-4 EEL =     5640.8622  RESTRAINT  =       40.1385
 EAMBER  =    -2613.1706


   NSTEP       ENERGY          RMS            GMAX         NAME    NUMBER
    200      -2.5824E+03     4.3261E-01     6.0201E+00     CE2       650

 BOND    =       32.4871  ANGLE   =      210.1113  DIHED      =     1089.0720
 VDWAALS =     -803.0076  EEL     =    -7627.2588  EGB        =    -1497.5395
 1-4 VDW =      329.0281  1-4 EEL =     5641.9464  RESTRAINT  =       42.7374
 EAMBER  =    -2625.1611


   NSTEP       ENERGY          RMS            GMAX         NAME    NUMBER
    300      -2.5906E+03     1.1510E-01     3.7197E+00     OG1       604

 BOND    =       31.5026  ANGLE   =      208.4417  DIHED      =     1086.7074
 VDWAALS =     -800.6905  EEL     =    -7638.3938  EGB        =    -1495.1802
 1-4 VDW =      331.3425  1-4 EEL =     5644.6204  RESTRAINT  =       41.0919
 EAMBER  =    -2631.6500


   NSTEP       ENERGY          RMS            GMAX         NAME    NUMBER
    400      -2.5906E+03     1.6572E-02     3.0330E-01     CA        596

 BOND    =       31.4839  ANGLE   =      208.2673  DIHED      =     1086.7341
 VDWAALS =     -800.7046  EEL     =    -7638.4885  EGB        =    -1495.0093
 1-4 VDW =      331.4423  1-4 EEL =     5644.5787  RESTRAINT  =       41.0678
 EAMBER  =    -2631.6961


   NSTEP       ENERGY          RMS            GMAX         NAME    NUMBER
    500      -2.5907E+03     1.2928E-02     2.7997E-01     HG1       635

 BOND    =       31.5034  ANGLE   =      208.2970  DIHED      =     1086.9242
 VDWAALS =     -800.7332  EEL     =    -7638.7602  EGB        =    -1494.7560
 1-4 VDW =      331.4051  1-4 EEL =     5644.3835  RESTRAINT  =       41.0849
 EAMBER  =    -2631.7361


   NSTEP       ENERGY          RMS            GMAX         NAME    NUMBER
    600      -2.5957E+03     2.8172E-01     3.5844E+00     CA        640

 BOND    =       32.4011  ANGLE   =      209.6842  DIHED      =     1087.1768
 VDWAALS =     -799.9084  EEL     =    -7647.0186  EGB        =    -1492.8279
 1-4 VDW =      329.9083  1-4 EEL =     5643.1014  RESTRAINT  =       41.8323
 EAMBER  =    -2637.4831


   NSTEP       ENERGY          RMS            GMAX         NAME    NUMBER
    700      -2.5966E+03     1.5112E-02     2.6667E-01     CG        231

 BOND    =       31.5553  ANGLE   =      208.2314  DIHED      =     1086.5676
 VDWAALS =     -799.3854  EEL     =    -7647.5933  EGB        =    -1492.3959
 1-4 VDW =      331.5182  1-4 EEL =     5644.0683  RESTRAINT  =       40.8151
 EAMBER  =    -2637.4336


   NSTEP       ENERGY          RMS            GMAX         NAME    NUMBER
    800      -2.5966E+03     3.6869E-03     6.8790E-02     CB        628

 BOND    =       31.5441  ANGLE   =      208.2157  DIHED      =     1086.6078
 VDWAALS =     -799.3888  EEL     =    -7647.7308  EGB        =    -1492.3604
 1-4 VDW =      331.5589  1-4 EEL =     5644.1215  RESTRAINT  =       40.8088
 EAMBER  =    -2637.4320


   NSTEP       ENERGY          RMS            GMAX         NAME    NUMBER
    900      -2.5966E+03     4.1404E-04     8.0172E-03     CA        626

 BOND    =       31.5381  ANGLE   =      208.2110  DIHED      =     1086.6221
 VDWAALS =     -799.3828  EEL     =    -7647.7667  EGB        =    -1492.3480
 1-4 VDW =      331.5719  1-4 EEL =     5644.1270  RESTRAINT  =       40.8038
 EAMBER  =    -2637.4274


   NSTEP       ENERGY          RMS            GMAX         NAME    NUMBER
   1000      -2.5966E+03     1.6266E-04     3.8724E-03     HG       1180

 BOND    =       31.5385  ANGLE   =      208.2109  DIHED      =     1086.6244
 VDWAALS =     -799.3834  EEL     =    -7647.7716  EGB        =    -1492.3469
 1-4 VDW =      331.5714  1-4 EEL =     5644.1288  RESTRAINT  =       40.8043
 EAMBER  =    -2637.4279


  Maximum number of minimization cycles reached.


                    FINAL RESULTS



   NSTEP       ENERGY          RMS            GMAX         NAME    NUMBER
   1000      -2.5966E+03     1.6266E-04     3.8724E-03     HG       1180

 BOND    =       31.5385  ANGLE   =      208.2109  DIHED      =     1086.6244
 VDWAALS =     -799.3834  EEL     =    -7647.7716  EGB        =    -1492.3469
 1-4 VDW =      331.5714  1-4 EEL =     5644.1288  RESTRAINT  =       40.8043
 EAMBER  =    -2637.4279

--------------------------------------------------------------------------------
   5.  TIMINGS
--------------------------------------------------------------------------------

|                Calc gb radii             58.71 (20.31% of Gen B)
|                Calc gb diag             108.23 (37.45% of Gen B)
|                Calc gb off-diag         122.04 (42.23% of Gen B)
|             Gen Born time            288.99 (100.0% of Nonbo)
|          Nonbond force            288.99 (99.28% of Force)
|          Bond/Angle/Dihedral        2.06 ( 0.71% of Force)
|          Other                      0.02 ( 0.01% of Force)
|       Force time               291.07 (100.0% of Runmd)
|    Runmd Time               291.07 (99.71% of Total)
|    Other                      0.86 ( 0.29% of Total)
| Total time               291.93 (100.0% of ALL  )

| Number of list builds   :          0

| Highest rstack allocated:          0
| Highest istack allocated:          0
|           Job began  at 14:47:36.146  on 02/03/2016
|           Setup done at 14:47:36.224  on 02/03/2016
|           Run   done at 14:52:28.076  on 02/03/2016
|     wallclock() was called   18028 times
