
          -------------------------------------------------------
          Amber 14 SANDER                              2014
          -------------------------------------------------------

| Run on 02/03/2016 at 12:49:00

|   Executable path: sander
| Working directory: /lustre/cs1500/scratch/kmb413/RealDecoyDisc/DecoyDiscrimination/decoys.set2.init/1aaj/Rosetta_relaxed
|          Hostname: slepner30


File Assignments:
|  MDIN: /scratch/kmb413/RealDecoyDisc/DecoyDiscrimination/scripts/min/min.in  
| MDOUT: NoH_3_empty_tag_1480_0001_0001.out                                    
|INPCRD: NoH_3_empty_tag_1480_0001_0001.rst7                                   
|  PARM: NoH_3_empty_tag_1480_0001_0001.parm7                                  
|RESTRT: min_NoH_3_empty_tag_1480_0001_0001.rst7                               
|  REFC: NoH_3_empty_tag_1480_0001_0001.rst7                                   
| MDVEL: mdvel                                                                 
| MDFRC: mdfrc                                                                 
|  MDEN: mden                                                                  
| MDCRD: mdcrd                                                                 
|MDINFO: mdinfo                                                                
|  MTMD: mtmd                                                                  
|INPDIP: inpdip                                                                
|RSTDIP: rstdip                                                                
|INPTRA: inptraj                                                               


 Here is the input file:

                                                                               
&cntrl                                                                         
    imin = 1, maxcyc=1000,                                                     
    ntx = 1,                                                                   
    ntwr = 100, ntpr = 100,                                                    
    cut = 999.0,                                                               
    ntb = 0, igb = 8,                                                          
    ntr = 1, restraint_wt = 10, restraintmask = "!@H=",                        
/                                                                              

--------------------------------------------------------------------------------
   1.  RESOURCE   USE: 
--------------------------------------------------------------------------------

| Flags:                                                                        
| New format PARM file being parsed.
| Version =    1.000 Date = 02/03/16 Time = 11:49:17
 NATOM  =    1590 NTYPES =      14 NBONH =     791 MBONA  =     820
 NTHETH =    1812 MTHETA =    1115 NPHIH =    3578 MPHIA  =    3525
 NHPARM =       0 NPARM  =       0 NNB   =    8805 NRES   =     104
 NBONA  =     820 NTHETA =    1115 NPHIA =    3525 NUMBND =      65
 NUMANG =     152 NPTRA  =     189 NATYP =      33 NPHB   =       0
 IFBOX  =       0 NMXRS  =      24 IFCAP =       0 NEXTRA =       0
 NCOPY  =       0

 Implicit solvent radii are ArgH and AspGluO modified Bondi2 radii (mbondi3)                                
 Replacing prmtop screening parameters with GBn2 (igb=8) values

|     Memory Use     Allocated
|     Real              145027
|     Hollerith           4876
|     Integer           109197
|     Max Pairs              1
|     nblistReal             0
|     nblist Int             0
|       Total             1578 kbytes

| Note: 1-4 EEL scale factors are being read from the topology file.

| Note: 1-4 VDW scale factors are being read from the topology file.
| Duplicated    0 dihedrals
| Duplicated    0 dihedrals

--------------------------------------------------------------------------------
   2.  CONTROL  DATA  FOR  THE  RUN
--------------------------------------------------------------------------------

default_name                                                                    

General flags:
     imin    =       1, nmropt  =       0

Nature and format of input:
     ntx     =       1, irest   =       0, ntrx    =       1

Nature and format of output:
     ntxo    =       1, ntpr    =     100, ntrx    =       1, ntwr    =     100
     iwrap   =       0, ntwx    =       0, ntwv    =       0, ntwe    =       0
     ioutfm  =       0, ntwprt  =       0, idecomp =       0, rbornstat=      0

Potential function:
     ntf     =       1, ntb     =       0, igb     =       8, nsnb    =      25
     ipol    =       0, gbsa    =       0, iesp    =       0
     dielc   =   1.00000, cut     = 999.00000, intdiel =   1.00000
     saltcon =   0.00000, offset  =   0.19514, surften =   0.00500
     rdt     =   0.00000, rgbmax  =  25.00000  extdiel =  78.50000
     alpb  =        0
     gbalphaH  =   0.78844, gbbetaH   =   0.79870,  gbgammaH  =    0.43733
     gbalphaC  =   0.73376, gbbetaC   =   0.50638,  gbgammaC  =    0.20584
     gbalphaN  =   0.50336, gbbetaN   =   0.31683,  gbgammaN  =    0.19292
     gbalphaOS =   0.86781, gbbetaOS  =   0.87664,  gbgammaOS =    0.38788
     gbalphaP  =   1.00000, gbbetaP   =   0.80000,  gbgammaP  =    4.85000
     gb_alpha_hnu  =   0.53705, gb_beta_hnu   =   0.36286,  gb_gamma_hnu  =    0.11670
     gb_alpha_cnu  =   0.33167, gb_beta_cnu   =   0.19684,  gb_gamma_cnu  =    0.09342
     gb_alpha_nnu  =   0.68631, gb_beta_nnu   =   0.46319,  gb_gamma_nnu  =    0.13872
     gb_alpha_onu  =   0.60634, gb_beta_onu   =   0.46301,  gb_gamma_onu  =    0.14226
     gb_alpha_pnu  =   0.41836, gb_beta_pnu   =   0.29005,  gb_gamma_pnu  =    0.10642

Frozen or restrained atoms:
     ibelly  =       0, ntr     =       1
     restraint_wt =  10.00000

Energy minimization:
     maxcyc  =    1000, ncyc    =      10, ntmin   =       1
     dx0     =   0.01000, drms    =   0.00010
|  INFO: Old style inpcrd file read


    LOADING THE CONSTRAINED ATOMS AS GROUPS


   5.  REFERENCE ATOM COORDINATES

  defa
     Mask !@H=; matches   799 atoms

--------------------------------------------------------------------------------
   3.  ATOMIC COORDINATES AND VELOCITIES
--------------------------------------------------------------------------------

default_name                                                                    
 begin time read from input coords =     0.000 ps

 Number of triangulated 3-point waters found:        0

--------------------------------------------------------------------------------
   4.  RESULTS
--------------------------------------------------------------------------------



   NSTEP       ENERGY          RMS            GMAX         NAME    NUMBER
      1      -2.2218E+03     9.0499E+00     6.1995E+01     OE1       945

 BOND    =       69.4958  ANGLE   =      211.7590  DIHED      =     1076.5851
 VDWAALS =     -650.4736  EEL     =    -7368.1136  EGB        =    -1702.1928
 1-4 VDW =      436.8719  1-4 EEL =     5704.3139  RESTRAINT  =        0.0000


   NSTEP       ENERGY          RMS            GMAX         NAME    NUMBER
    100      -2.5943E+03     3.3484E-01     3.5415E+00     HG1       605

 BOND    =       31.5859  ANGLE   =      208.0143  DIHED      =     1078.7165
 VDWAALS =     -789.8638  EEL     =    -7385.2624  EGB        =    -1729.7503
 1-4 VDW =      328.5465  1-4 EEL =     5622.1714  RESTRAINT  =       41.5828
 EAMBER  =    -2635.8419


   NSTEP       ENERGY          RMS            GMAX         NAME    NUMBER
    200      -2.6063E+03     2.2144E-01     3.6498E+00     HG1       605

 BOND    =       31.4224  ANGLE   =      208.1058  DIHED      =     1076.1866
 VDWAALS =     -790.4259  EEL     =    -7395.8819  EGB        =    -1730.1480
 1-4 VDW =      328.4225  1-4 EEL =     5623.5344  RESTRAINT  =       42.5238
 EAMBER  =    -2648.7841


   NSTEP       ENERGY          RMS            GMAX         NAME    NUMBER
    300      -2.6079E+03     4.2328E-02     6.8613E-01     CD        103

 BOND    =       30.9844  ANGLE   =      207.3342  DIHED      =     1075.2651
 VDWAALS =     -791.0405  EEL     =    -7399.5017  EGB        =    -1727.5481
 1-4 VDW =      329.2929  1-4 EEL =     5625.1411  RESTRAINT  =       42.1817
 EAMBER  =    -2650.0727


   NSTEP       ENERGY          RMS            GMAX         NAME    NUMBER
    400      -2.6079E+03     1.2462E-02     1.6429E-01     H          26

 BOND    =       30.9424  ANGLE   =      207.2163  DIHED      =     1075.2152
 VDWAALS =     -791.0170  EEL     =    -7399.5192  EGB        =    -1727.5272
 1-4 VDW =      329.4310  1-4 EEL =     5625.1924  RESTRAINT  =       42.1573
 EAMBER  =    -2650.0661


   NSTEP       ENERGY          RMS            GMAX         NAME    NUMBER
    500      -2.6079E+03     3.0728E-03     4.3294E-02     CD        103

 BOND    =       30.9298  ANGLE   =      207.2245  DIHED      =     1075.2096
 VDWAALS =     -791.0258  EEL     =    -7399.5218  EGB        =    -1727.5352
 1-4 VDW =      329.4514  1-4 EEL =     5625.1986  RESTRAINT  =       42.1578
 EAMBER  =    -2650.0688


   NSTEP       ENERGY          RMS            GMAX         NAME    NUMBER
    600      -2.6079E+03     1.2870E-03     1.2318E-02     CA       1380

 BOND    =       30.9211  ANGLE   =      207.2106  DIHED      =     1075.2049
 VDWAALS =     -791.0152  EEL     =    -7399.5164  EGB        =    -1727.5360
 1-4 VDW =      329.4735  1-4 EEL =     5625.2020  RESTRAINT  =       42.1443
 EAMBER  =    -2650.0556


   NSTEP       ENERGY          RMS            GMAX         NAME    NUMBER
    700      -2.6079E+03     3.1506E-04     5.5003E-03     CB        598

 BOND    =       30.9217  ANGLE   =      207.2122  DIHED      =     1075.2044
 VDWAALS =     -791.0194  EEL     =    -7399.5186  EGB        =    -1727.5356
 1-4 VDW =      329.4729  1-4 EEL =     5625.2032  RESTRAINT  =       42.1478
 EAMBER  =    -2650.0592


                    FINAL RESULTS



   NSTEP       ENERGY          RMS            GMAX         NAME    NUMBER
    771      -2.6079E+03     9.5106E-05     1.3210E-03     HE3      1045

 BOND    =       30.9216  ANGLE   =      207.2124  DIHED      =     1075.2041
 VDWAALS =     -791.0204  EEL     =    -7399.5190  EGB        =    -1727.5355
 1-4 VDW =      329.4731  1-4 EEL =     5625.2038  RESTRAINT  =       42.1488
 EAMBER  =    -2650.0601

--------------------------------------------------------------------------------
   5.  TIMINGS
--------------------------------------------------------------------------------

|                Calc gb radii             45.37 (20.37% of Gen B)
|                Calc gb diag              83.78 (37.61% of Gen B)
|                Calc gb off-diag          93.58 (42.01% of Gen B)
|             Gen Born time            222.74 (100.0% of Nonbo)
|          Nonbond force            222.74 (99.28% of Force)
|          Bond/Angle/Dihedral        1.60 ( 0.71% of Force)
|          Other                      0.01 ( 0.01% of Force)
|       Force time               224.35 (100.0% of Runmd)
|    Runmd Time               224.35 (99.77% of Total)
|    Other                      0.52 ( 0.23% of Total)
| Total time               224.87 (100.0% of ALL  )

| Number of list builds   :          0

| Highest rstack allocated:          0
| Highest istack allocated:          0
|           Job began  at 12:49:00.177  on 02/03/2016
|           Setup done at 12:49:00.228  on 02/03/2016
|           Run   done at 12:52:45.051  on 02/03/2016
|     wallclock() was called   13906 times
