
          -------------------------------------------------------
          Amber 14 SANDER                              2014
          -------------------------------------------------------

| Run on 02/03/2016 at 13:59:50

|   Executable path: sander
| Working directory: /lustre/cs1500/scratch/kmb413/RealDecoyDisc/DecoyDiscrimination/decoys.set2.init/1aaj/Rosetta_relaxed
|          Hostname: slepner13


File Assignments:
|  MDIN: /scratch/kmb413/RealDecoyDisc/DecoyDiscrimination/scripts/min/min.in  
| MDOUT: NoH_4_empty_tag_1195_0001_0001.out                                    
|INPCRD: NoH_4_empty_tag_1195_0001_0001.rst7                                   
|  PARM: NoH_4_empty_tag_1195_0001_0001.parm7                                  
|RESTRT: min_NoH_4_empty_tag_1195_0001_0001.rst7                               
|  REFC: NoH_4_empty_tag_1195_0001_0001.rst7                                   
| MDVEL: mdvel                                                                 
| MDFRC: mdfrc                                                                 
|  MDEN: mden                                                                  
| MDCRD: mdcrd                                                                 
|MDINFO: mdinfo                                                                
|  MTMD: mtmd                                                                  
|INPDIP: inpdip                                                                
|RSTDIP: rstdip                                                                
|INPTRA: inptraj                                                               


 Here is the input file:

                                                                               
&cntrl                                                                         
    imin = 1, maxcyc=1000,                                                     
    ntx = 1,                                                                   
    ntwr = 100, ntpr = 100,                                                    
    cut = 999.0,                                                               
    ntb = 0, igb = 8,                                                          
    ntr = 1, restraint_wt = 10, restraintmask = "!@H=",                        
/                                                                              

--------------------------------------------------------------------------------
   1.  RESOURCE   USE: 
--------------------------------------------------------------------------------

| Flags:                                                                        
| New format PARM file being parsed.
| Version =    1.000 Date = 02/03/16 Time = 11:50:35
 NATOM  =    1590 NTYPES =      14 NBONH =     791 MBONA  =     820
 NTHETH =    1812 MTHETA =    1115 NPHIH =    3578 MPHIA  =    3525
 NHPARM =       0 NPARM  =       0 NNB   =    8805 NRES   =     104
 NBONA  =     820 NTHETA =    1115 NPHIA =    3525 NUMBND =      65
 NUMANG =     152 NPTRA  =     189 NATYP =      33 NPHB   =       0
 IFBOX  =       0 NMXRS  =      24 IFCAP =       0 NEXTRA =       0
 NCOPY  =       0

 Implicit solvent radii are ArgH and AspGluO modified Bondi2 radii (mbondi3)                                
 Replacing prmtop screening parameters with GBn2 (igb=8) values

|     Memory Use     Allocated
|     Real              145027
|     Hollerith           4876
|     Integer           109197
|     Max Pairs              1
|     nblistReal             0
|     nblist Int             0
|       Total             1578 kbytes

| Note: 1-4 EEL scale factors are being read from the topology file.

| Note: 1-4 VDW scale factors are being read from the topology file.
| Duplicated    0 dihedrals
| Duplicated    0 dihedrals

--------------------------------------------------------------------------------
   2.  CONTROL  DATA  FOR  THE  RUN
--------------------------------------------------------------------------------

default_name                                                                    

General flags:
     imin    =       1, nmropt  =       0

Nature and format of input:
     ntx     =       1, irest   =       0, ntrx    =       1

Nature and format of output:
     ntxo    =       1, ntpr    =     100, ntrx    =       1, ntwr    =     100
     iwrap   =       0, ntwx    =       0, ntwv    =       0, ntwe    =       0
     ioutfm  =       0, ntwprt  =       0, idecomp =       0, rbornstat=      0

Potential function:
     ntf     =       1, ntb     =       0, igb     =       8, nsnb    =      25
     ipol    =       0, gbsa    =       0, iesp    =       0
     dielc   =   1.00000, cut     = 999.00000, intdiel =   1.00000
     saltcon =   0.00000, offset  =   0.19514, surften =   0.00500
     rdt     =   0.00000, rgbmax  =  25.00000  extdiel =  78.50000
     alpb  =        0
     gbalphaH  =   0.78844, gbbetaH   =   0.79870,  gbgammaH  =    0.43733
     gbalphaC  =   0.73376, gbbetaC   =   0.50638,  gbgammaC  =    0.20584
     gbalphaN  =   0.50336, gbbetaN   =   0.31683,  gbgammaN  =    0.19292
     gbalphaOS =   0.86781, gbbetaOS  =   0.87664,  gbgammaOS =    0.38788
     gbalphaP  =   1.00000, gbbetaP   =   0.80000,  gbgammaP  =    4.85000
     gb_alpha_hnu  =   0.53705, gb_beta_hnu   =   0.36286,  gb_gamma_hnu  =    0.11670
     gb_alpha_cnu  =   0.33167, gb_beta_cnu   =   0.19684,  gb_gamma_cnu  =    0.09342
     gb_alpha_nnu  =   0.68631, gb_beta_nnu   =   0.46319,  gb_gamma_nnu  =    0.13872
     gb_alpha_onu  =   0.60634, gb_beta_onu   =   0.46301,  gb_gamma_onu  =    0.14226
     gb_alpha_pnu  =   0.41836, gb_beta_pnu   =   0.29005,  gb_gamma_pnu  =    0.10642

Frozen or restrained atoms:
     ibelly  =       0, ntr     =       1
     restraint_wt =  10.00000

Energy minimization:
     maxcyc  =    1000, ncyc    =      10, ntmin   =       1
     dx0     =   0.01000, drms    =   0.00010
|  INFO: Old style inpcrd file read


    LOADING THE CONSTRAINED ATOMS AS GROUPS


   5.  REFERENCE ATOM COORDINATES

  defa
     Mask !@H=; matches   799 atoms

--------------------------------------------------------------------------------
   3.  ATOMIC COORDINATES AND VELOCITIES
--------------------------------------------------------------------------------

default_name                                                                    
 begin time read from input coords =     0.000 ps

 Number of triangulated 3-point waters found:        0

--------------------------------------------------------------------------------
   4.  RESULTS
--------------------------------------------------------------------------------



   NSTEP       ENERGY          RMS            GMAX         NAME    NUMBER
      1      -2.2055E+03     9.1421E+00     7.2667E+01     OXT      1590

 BOND    =       70.4576  ANGLE   =      211.8557  DIHED      =     1078.6339
 VDWAALS =     -646.2312  EEL     =    -7317.0187  EGB        =    -1770.6092
 1-4 VDW =      438.4145  1-4 EEL =     5729.0268  RESTRAINT  =        0.0000


   NSTEP       ENERGY          RMS            GMAX         NAME    NUMBER
    100      -2.5853E+03     2.7628E-01     3.0323E+00     HB       1383

 BOND    =       31.0417  ANGLE   =      207.6244  DIHED      =     1080.5118
 VDWAALS =     -797.7153  EEL     =    -7335.9696  EGB        =    -1786.9112
 1-4 VDW =      330.7624  1-4 EEL =     5643.0380  RESTRAINT  =       42.2954
 EAMBER  =    -2627.6179


   NSTEP       ENERGY          RMS            GMAX         NAME    NUMBER
    200      -2.5891E+03     1.4003E-01     1.5668E+00     H2          3

 BOND    =       31.0170  ANGLE   =      208.5296  DIHED      =     1079.6990
 VDWAALS =     -801.0796  EEL     =    -7339.1137  EGB        =    -1787.2127
 1-4 VDW =      330.4743  1-4 EEL =     5643.9488  RESTRAINT  =       44.6213
 EAMBER  =    -2633.7373


   NSTEP       ENERGY          RMS            GMAX         NAME    NUMBER
    300      -2.5902E+03     1.4029E-02     2.6014E-01     CA          5

 BOND    =       30.7773  ANGLE   =      207.9725  DIHED      =     1078.8300
 VDWAALS =     -801.4587  EEL     =    -7339.7610  EGB        =    -1786.7125
 1-4 VDW =      331.2523  1-4 EEL =     5644.4646  RESTRAINT  =       44.4093
 EAMBER  =    -2634.6355


   NSTEP       ENERGY          RMS            GMAX         NAME    NUMBER
    400      -2.5903E+03     4.6214E-02     4.9074E-01     HG       1180

 BOND    =       30.7897  ANGLE   =      208.0289  DIHED      =     1079.1178
 VDWAALS =     -801.7436  EEL     =    -7341.0364  EGB        =    -1785.8257
 1-4 VDW =      331.2829  1-4 EEL =     5644.6612  RESTRAINT  =       44.4522
 EAMBER  =    -2634.7253


   NSTEP       ENERGY          RMS            GMAX         NAME    NUMBER
    500      -2.5959E+03     2.9974E-01     5.1917E+00     CD       1260

 BOND    =       31.7120  ANGLE   =      209.6903  DIHED      =     1079.1386
 VDWAALS =     -801.8255  EEL     =    -7350.8599  EGB        =    -1782.8663
 1-4 VDW =      329.5919  1-4 EEL =     5644.1357  RESTRAINT  =       45.3632
 EAMBER  =    -2641.2831


   NSTEP       ENERGY          RMS            GMAX         NAME    NUMBER
    600      -2.5982E+03     1.2536E-01     2.7084E+00     OG       1179

 BOND    =       30.9256  ANGLE   =      207.7544  DIHED      =     1077.9879
 VDWAALS =     -799.6195  EEL     =    -7354.8488  EGB        =    -1781.7393
 1-4 VDW =      331.6068  1-4 EEL =     5645.8661  RESTRAINT  =       43.8573
 EAMBER  =    -2642.0667


   NSTEP       ENERGY          RMS            GMAX         NAME    NUMBER
    700      -2.5992E+03     2.1414E-02     2.0351E-01     HB3      1178

 BOND    =       30.8915  ANGLE   =      207.8934  DIHED      =     1076.9340
 VDWAALS =     -800.0664  EEL     =    -7354.4326  EGB        =    -1781.9640
 1-4 VDW =      331.5124  1-4 EEL =     5646.1727  RESTRAINT  =       43.9030
 EAMBER  =    -2643.0589


   NSTEP       ENERGY          RMS            GMAX         NAME    NUMBER
    800      -2.5992E+03     6.6152E-04     8.0907E-03     C        1181

 BOND    =       30.8963  ANGLE   =      207.9079  DIHED      =     1076.8782
 VDWAALS =     -800.0914  EEL     =    -7354.3449  EGB        =    -1781.9983
 1-4 VDW =      331.5108  1-4 EEL =     5646.1694  RESTRAINT  =       43.9089
 EAMBER  =    -2643.0719


                    FINAL RESULTS



   NSTEP       ENERGY          RMS            GMAX         NAME    NUMBER
    847      -2.5992E+03     8.8142E-05     1.1551E-03     HG1       635

 BOND    =       30.8951  ANGLE   =      207.9067  DIHED      =     1076.8769
 VDWAALS =     -800.0917  EEL     =    -7354.3414  EGB        =    -1781.9985
 1-4 VDW =      331.5134  1-4 EEL =     5646.1695  RESTRAINT  =       43.9069
 EAMBER  =    -2643.0699

--------------------------------------------------------------------------------
   5.  TIMINGS
--------------------------------------------------------------------------------

|                Calc gb radii             49.58 (20.33% of Gen B)
|                Calc gb diag              91.74 (37.62% of Gen B)
|                Calc gb off-diag         102.52 (42.04% of Gen B)
|             Gen Born time            243.84 (100.0% of Nonbo)
|          Nonbond force            243.84 (99.29% of Force)
|          Bond/Angle/Dihedral        1.74 ( 0.71% of Force)
|       Force time               245.60 (100.0% of Runmd)
|    Runmd Time               245.60 (99.77% of Total)
|    Other                      0.55 ( 0.23% of Total)
| Total time               246.15 (100.0% of ALL  )

| Number of list builds   :          0

| Highest rstack allocated:          0
| Highest istack allocated:          0
|           Job began  at 13:59:50.863  on 02/03/2016
|           Setup done at 13:59:50.913  on 02/03/2016
|           Run   done at 14:03:57.016  on 02/03/2016
|     wallclock() was called   15274 times
