
          -------------------------------------------------------
          Amber 14 SANDER                              2014
          -------------------------------------------------------

| Run on 02/03/2016 at 14:58:20

|   Executable path: sander
| Working directory: /lustre/cs1500/scratch/kmb413/RealDecoyDisc/DecoyDiscrimination/decoys.set2.init/1aaj/Rosetta_relaxed
|          Hostname: slepner13


File Assignments:
|  MDIN: /scratch/kmb413/RealDecoyDisc/DecoyDiscrimination/scripts/min/min.in  
| MDOUT: NoH_3_empty_tag_365_0001_1_0001.out                                   
|INPCRD: NoH_3_empty_tag_365_0001_1_0001.rst7                                  
|  PARM: NoH_3_empty_tag_365_0001_1_0001.parm7                                 
|RESTRT: min_NoH_3_empty_tag_365_0001_1_0001.rst7                              
|  REFC: NoH_3_empty_tag_365_0001_1_0001.rst7                                  
| MDVEL: mdvel                                                                 
| MDFRC: mdfrc                                                                 
|  MDEN: mden                                                                  
| MDCRD: mdcrd                                                                 
|MDINFO: mdinfo                                                                
|  MTMD: mtmd                                                                  
|INPDIP: inpdip                                                                
|RSTDIP: rstdip                                                                
|INPTRA: inptraj                                                               


 Here is the input file:

                                                                               
&cntrl                                                                         
    imin = 1, maxcyc=1000,                                                     
    ntx = 1,                                                                   
    ntwr = 100, ntpr = 100,                                                    
    cut = 999.0,                                                               
    ntb = 0, igb = 8,                                                          
    ntr = 1, restraint_wt = 10, restraintmask = "!@H=",                        
/                                                                              

--------------------------------------------------------------------------------
   1.  RESOURCE   USE: 
--------------------------------------------------------------------------------

| Flags:                                                                        
| New format PARM file being parsed.
| Version =    1.000 Date = 02/03/16 Time = 11:49:57
 NATOM  =    1590 NTYPES =      14 NBONH =     791 MBONA  =     820
 NTHETH =    1812 MTHETA =    1115 NPHIH =    3578 MPHIA  =    3525
 NHPARM =       0 NPARM  =       0 NNB   =    8805 NRES   =     104
 NBONA  =     820 NTHETA =    1115 NPHIA =    3525 NUMBND =      65
 NUMANG =     152 NPTRA  =     189 NATYP =      33 NPHB   =       0
 IFBOX  =       0 NMXRS  =      24 IFCAP =       0 NEXTRA =       0
 NCOPY  =       0

 Implicit solvent radii are ArgH and AspGluO modified Bondi2 radii (mbondi3)                                
 Replacing prmtop screening parameters with GBn2 (igb=8) values

|     Memory Use     Allocated
|     Real              145027
|     Hollerith           4876
|     Integer           109197
|     Max Pairs              1
|     nblistReal             0
|     nblist Int             0
|       Total             1578 kbytes

| Note: 1-4 EEL scale factors are being read from the topology file.

| Note: 1-4 VDW scale factors are being read from the topology file.
| Duplicated    0 dihedrals
| Duplicated    0 dihedrals

--------------------------------------------------------------------------------
   2.  CONTROL  DATA  FOR  THE  RUN
--------------------------------------------------------------------------------

default_name                                                                    

General flags:
     imin    =       1, nmropt  =       0

Nature and format of input:
     ntx     =       1, irest   =       0, ntrx    =       1

Nature and format of output:
     ntxo    =       1, ntpr    =     100, ntrx    =       1, ntwr    =     100
     iwrap   =       0, ntwx    =       0, ntwv    =       0, ntwe    =       0
     ioutfm  =       0, ntwprt  =       0, idecomp =       0, rbornstat=      0

Potential function:
     ntf     =       1, ntb     =       0, igb     =       8, nsnb    =      25
     ipol    =       0, gbsa    =       0, iesp    =       0
     dielc   =   1.00000, cut     = 999.00000, intdiel =   1.00000
     saltcon =   0.00000, offset  =   0.19514, surften =   0.00500
     rdt     =   0.00000, rgbmax  =  25.00000  extdiel =  78.50000
     alpb  =        0
     gbalphaH  =   0.78844, gbbetaH   =   0.79870,  gbgammaH  =    0.43733
     gbalphaC  =   0.73376, gbbetaC   =   0.50638,  gbgammaC  =    0.20584
     gbalphaN  =   0.50336, gbbetaN   =   0.31683,  gbgammaN  =    0.19292
     gbalphaOS =   0.86781, gbbetaOS  =   0.87664,  gbgammaOS =    0.38788
     gbalphaP  =   1.00000, gbbetaP   =   0.80000,  gbgammaP  =    4.85000
     gb_alpha_hnu  =   0.53705, gb_beta_hnu   =   0.36286,  gb_gamma_hnu  =    0.11670
     gb_alpha_cnu  =   0.33167, gb_beta_cnu   =   0.19684,  gb_gamma_cnu  =    0.09342
     gb_alpha_nnu  =   0.68631, gb_beta_nnu   =   0.46319,  gb_gamma_nnu  =    0.13872
     gb_alpha_onu  =   0.60634, gb_beta_onu   =   0.46301,  gb_gamma_onu  =    0.14226
     gb_alpha_pnu  =   0.41836, gb_beta_pnu   =   0.29005,  gb_gamma_pnu  =    0.10642

Frozen or restrained atoms:
     ibelly  =       0, ntr     =       1
     restraint_wt =  10.00000

Energy minimization:
     maxcyc  =    1000, ncyc    =      10, ntmin   =       1
     dx0     =   0.01000, drms    =   0.00010
|  INFO: Old style inpcrd file read


    LOADING THE CONSTRAINED ATOMS AS GROUPS


   5.  REFERENCE ATOM COORDINATES

  defa
     Mask !@H=; matches   799 atoms

--------------------------------------------------------------------------------
   3.  ATOMIC COORDINATES AND VELOCITIES
--------------------------------------------------------------------------------

default_name                                                                    
 begin time read from input coords =     0.000 ps

 Number of triangulated 3-point waters found:        0

--------------------------------------------------------------------------------
   4.  RESULTS
--------------------------------------------------------------------------------



   NSTEP       ENERGY          RMS            GMAX         NAME    NUMBER
      1      -2.0529E+03     9.0167E+00     6.1542E+01     OXT      1590

 BOND    =       69.1262  ANGLE   =      211.1929  DIHED      =     1084.0045
 VDWAALS =     -562.5123  EEL     =    -7074.1495  EGB        =    -1922.1585
 1-4 VDW =      440.8522  1-4 EEL =     5700.7626  RESTRAINT  =        0.0000


   NSTEP       ENERGY          RMS            GMAX         NAME    NUMBER
    100      -2.4254E+03     2.8618E-01     3.7644E+00     CD        437

 BOND    =       31.1326  ANGLE   =      209.6127  DIHED      =     1083.7776
 VDWAALS =     -718.7621  EEL     =    -7079.9162  EGB        =    -1946.1591
 1-4 VDW =      330.2048  1-4 EEL =     5620.9797  RESTRAINT  =       43.7575
 EAMBER  =    -2469.1301


   NSTEP       ENERGY          RMS            GMAX         NAME    NUMBER
    200      -2.4280E+03     2.5272E-01     6.8311E+00     H1          2

 BOND    =       31.6175  ANGLE   =      211.4234  DIHED      =     1084.6941
 VDWAALS =     -722.3995  EEL     =    -7079.7323  EGB        =    -1948.6087
 1-4 VDW =      328.8564  1-4 EEL =     5618.7870  RESTRAINT  =       47.4059
 EAMBER  =    -2475.3621


   NSTEP       ENERGY          RMS            GMAX         NAME    NUMBER
    300      -2.4298E+03     3.2452E-01     8.4840E+00     CD        437

 BOND    =       31.0722  ANGLE   =      210.0640  DIHED      =     1083.3736
 VDWAALS =     -721.5541  EEL     =    -7077.9686  EGB        =    -1950.6603
 1-4 VDW =      330.1739  1-4 EEL =     5619.3640  RESTRAINT  =       46.3348
 EAMBER  =    -2476.1351


   NSTEP       ENERGY          RMS            GMAX         NAME    NUMBER
    400      -2.4310E+03     2.8931E-02     5.4234E-01     N          35

 BOND    =       31.0884  ANGLE   =      210.2126  DIHED      =     1082.3071
 VDWAALS =     -721.4484  EEL     =    -7077.4031  EGB        =    -1951.6983
 1-4 VDW =      330.0860  1-4 EEL =     5619.5235  RESTRAINT  =       46.3538
 EAMBER  =    -2477.3322


   NSTEP       ENERGY          RMS            GMAX         NAME    NUMBER
    500      -2.4310E+03     4.9886E-03     8.6905E-02     HB         40

 BOND    =       31.0408  ANGLE   =      210.0920  DIHED      =     1082.2299
 VDWAALS =     -721.3622  EEL     =    -7077.4585  EGB        =    -1951.7048
 1-4 VDW =      330.1827  1-4 EEL =     5619.6734  RESTRAINT  =       46.3027
 EAMBER  =    -2477.3066


   NSTEP       ENERGY          RMS            GMAX         NAME    NUMBER
    600      -2.4310E+03     8.8103E-04     1.2181E-02     CG2        41

 BOND    =       31.0410  ANGLE   =      210.0896  DIHED      =     1082.2281
 VDWAALS =     -721.3578  EEL     =    -7077.4571  EGB        =    -1951.7065
 1-4 VDW =      330.1870  1-4 EEL =     5619.6740  RESTRAINT  =       46.2970
 EAMBER  =    -2477.3016


   NSTEP       ENERGY          RMS            GMAX         NAME    NUMBER
    700      -2.4310E+03     4.9317E-04     1.0127E-02     CG2        41

 BOND    =       31.0393  ANGLE   =      210.0866  DIHED      =     1082.2273
 VDWAALS =     -721.3543  EEL     =    -7077.4575  EGB        =    -1951.7071
 1-4 VDW =      330.1908  1-4 EEL =     5619.6769  RESTRAINT  =       46.2932
 EAMBER  =    -2477.2978


                    FINAL RESULTS



   NSTEP       ENERGY          RMS            GMAX         NAME    NUMBER
    798      -2.4310E+03     7.6865E-05     1.4003E-03     HG23       44

 BOND    =       31.0394  ANGLE   =      210.0867  DIHED      =     1082.2276
 VDWAALS =     -721.3547  EEL     =    -7077.4579  EGB        =    -1951.7072
 1-4 VDW =      330.1910  1-4 EEL =     5619.6773  RESTRAINT  =       46.2932
 EAMBER  =    -2477.2979

--------------------------------------------------------------------------------
   5.  TIMINGS
--------------------------------------------------------------------------------

|                Calc gb radii             44.66 (20.07% of Gen B)
|                Calc gb diag              81.20 (36.48% of Gen B)
|                Calc gb off-diag          96.70 (43.45% of Gen B)
|             Gen Born time            222.55 (100.0% of Nonbo)
|          Nonbond force            222.55 (99.26% of Force)
|          Bond/Angle/Dihedral        1.64 ( 0.73% of Force)
|          Other                      0.01 ( 0.01% of Force)
|       Force time               224.21 (100.0% of Runmd)
|    Runmd Time               224.21 (99.62% of Total)
|    Other                      0.84 ( 0.37% of Total)
| Total time               225.06 (100.0% of ALL  )

| Number of list builds   :          0

| Highest rstack allocated:          0
| Highest istack allocated:          0
|           Job began  at 14:58:20.251  on 02/03/2016
|           Setup done at 14:58:20.344  on 02/03/2016
|           Run   done at 15:02:05.308  on 02/03/2016
|     wallclock() was called   14392 times
