
          -------------------------------------------------------
          Amber 14 SANDER                              2014
          -------------------------------------------------------

| Run on 02/03/2016 at 12:11:13

|   Executable path: sander
| Working directory: /lustre/cs1500/scratch/kmb413/RealDecoyDisc/DecoyDiscrimination/decoys.set2.init/1aaj/Rosetta_relaxed
|          Hostname: slepner15


File Assignments:
|  MDIN: /scratch/kmb413/RealDecoyDisc/DecoyDiscrimination/scripts/min/min.in  
| MDOUT: NoH_3_empty_tag_1_62_0001.out                                         
|INPCRD: NoH_3_empty_tag_1_62_0001.rst7                                        
|  PARM: NoH_3_empty_tag_1_62_0001.parm7                                       
|RESTRT: min_NoH_3_empty_tag_1_62_0001.rst7                                    
|  REFC: NoH_3_empty_tag_1_62_0001.rst7                                        
| MDVEL: mdvel                                                                 
| MDFRC: mdfrc                                                                 
|  MDEN: mden                                                                  
| MDCRD: mdcrd                                                                 
|MDINFO: mdinfo                                                                
|  MTMD: mtmd                                                                  
|INPDIP: inpdip                                                                
|RSTDIP: rstdip                                                                
|INPTRA: inptraj                                                               


 Here is the input file:

                                                                               
&cntrl                                                                         
    imin = 1, maxcyc=1000,                                                     
    ntx = 1,                                                                   
    ntwr = 100, ntpr = 100,                                                    
    cut = 999.0,                                                               
    ntb = 0, igb = 8,                                                          
    ntr = 1, restraint_wt = 10, restraintmask = "!@H=",                        
/                                                                              

--------------------------------------------------------------------------------
   1.  RESOURCE   USE: 
--------------------------------------------------------------------------------

| Flags:                                                                        
| New format PARM file being parsed.
| Version =    1.000 Date = 02/03/16 Time = 11:49:29
 NATOM  =    1590 NTYPES =      14 NBONH =     791 MBONA  =     820
 NTHETH =    1812 MTHETA =    1115 NPHIH =    3578 MPHIA  =    3525
 NHPARM =       0 NPARM  =       0 NNB   =    8805 NRES   =     104
 NBONA  =     820 NTHETA =    1115 NPHIA =    3525 NUMBND =      65
 NUMANG =     152 NPTRA  =     189 NATYP =      33 NPHB   =       0
 IFBOX  =       0 NMXRS  =      24 IFCAP =       0 NEXTRA =       0
 NCOPY  =       0

 Implicit solvent radii are ArgH and AspGluO modified Bondi2 radii (mbondi3)                                
 Replacing prmtop screening parameters with GBn2 (igb=8) values

|     Memory Use     Allocated
|     Real              145027
|     Hollerith           4876
|     Integer           109197
|     Max Pairs              1
|     nblistReal             0
|     nblist Int             0
|       Total             1578 kbytes

| Note: 1-4 EEL scale factors are being read from the topology file.

| Note: 1-4 VDW scale factors are being read from the topology file.
| Duplicated    0 dihedrals
| Duplicated    0 dihedrals

--------------------------------------------------------------------------------
   2.  CONTROL  DATA  FOR  THE  RUN
--------------------------------------------------------------------------------

default_name                                                                    

General flags:
     imin    =       1, nmropt  =       0

Nature and format of input:
     ntx     =       1, irest   =       0, ntrx    =       1

Nature and format of output:
     ntxo    =       1, ntpr    =     100, ntrx    =       1, ntwr    =     100
     iwrap   =       0, ntwx    =       0, ntwv    =       0, ntwe    =       0
     ioutfm  =       0, ntwprt  =       0, idecomp =       0, rbornstat=      0

Potential function:
     ntf     =       1, ntb     =       0, igb     =       8, nsnb    =      25
     ipol    =       0, gbsa    =       0, iesp    =       0
     dielc   =   1.00000, cut     = 999.00000, intdiel =   1.00000
     saltcon =   0.00000, offset  =   0.19514, surften =   0.00500
     rdt     =   0.00000, rgbmax  =  25.00000  extdiel =  78.50000
     alpb  =        0
     gbalphaH  =   0.78844, gbbetaH   =   0.79870,  gbgammaH  =    0.43733
     gbalphaC  =   0.73376, gbbetaC   =   0.50638,  gbgammaC  =    0.20584
     gbalphaN  =   0.50336, gbbetaN   =   0.31683,  gbgammaN  =    0.19292
     gbalphaOS =   0.86781, gbbetaOS  =   0.87664,  gbgammaOS =    0.38788
     gbalphaP  =   1.00000, gbbetaP   =   0.80000,  gbgammaP  =    4.85000
     gb_alpha_hnu  =   0.53705, gb_beta_hnu   =   0.36286,  gb_gamma_hnu  =    0.11670
     gb_alpha_cnu  =   0.33167, gb_beta_cnu   =   0.19684,  gb_gamma_cnu  =    0.09342
     gb_alpha_nnu  =   0.68631, gb_beta_nnu   =   0.46319,  gb_gamma_nnu  =    0.13872
     gb_alpha_onu  =   0.60634, gb_beta_onu   =   0.46301,  gb_gamma_onu  =    0.14226
     gb_alpha_pnu  =   0.41836, gb_beta_pnu   =   0.29005,  gb_gamma_pnu  =    0.10642

Frozen or restrained atoms:
     ibelly  =       0, ntr     =       1
     restraint_wt =  10.00000

Energy minimization:
     maxcyc  =    1000, ncyc    =      10, ntmin   =       1
     dx0     =   0.01000, drms    =   0.00010
|  INFO: Old style inpcrd file read


    LOADING THE CONSTRAINED ATOMS AS GROUPS


   5.  REFERENCE ATOM COORDINATES

  defa
     Mask !@H=; matches   799 atoms

--------------------------------------------------------------------------------
   3.  ATOMIC COORDINATES AND VELOCITIES
--------------------------------------------------------------------------------

default_name                                                                    
 begin time read from input coords =     0.000 ps

 Number of triangulated 3-point waters found:        0

--------------------------------------------------------------------------------
   4.  RESULTS
--------------------------------------------------------------------------------



   NSTEP       ENERGY          RMS            GMAX         NAME    NUMBER
      1      -2.2136E+03     9.1310E+00     6.2852E+01     OXT      1590

 BOND    =       69.5475  ANGLE   =      211.0407  DIHED      =     1071.0488
 VDWAALS =     -656.4324  EEL     =    -7403.2170  EGB        =    -1643.4791
 1-4 VDW =      449.6371  1-4 EEL =     5688.2816  RESTRAINT  =        0.0000


   NSTEP       ENERGY          RMS            GMAX         NAME    NUMBER
    100      -2.5933E+03     7.1659E-01     8.1626E+00     HG1       635

 BOND    =       33.0335  ANGLE   =      212.3985  DIHED      =     1073.3967
 VDWAALS =     -803.4396  EEL     =    -7411.8333  EGB        =    -1670.2487
 1-4 VDW =      333.6238  1-4 EEL =     5596.7896  RESTRAINT  =       42.9310
 EAMBER  =    -2636.2795


   NSTEP       ENERGY          RMS            GMAX         NAME    NUMBER
    200      -2.6055E+03     5.1264E-01     1.0205E+01     HG1       605

 BOND    =       33.9216  ANGLE   =      213.3587  DIHED      =     1070.7761
 VDWAALS =     -805.2100  EEL     =    -7418.1173  EGB        =    -1673.5643
 1-4 VDW =      332.1601  1-4 EEL =     5596.0685  RESTRAINT  =       45.1278
 EAMBER  =    -2650.6067


   NSTEP       ENERGY          RMS            GMAX         NAME    NUMBER
    300      -2.6086E+03     2.1518E-02     2.5140E-01     CD        729

 BOND    =       31.7338  ANGLE   =      209.4261  DIHED      =     1070.1001
 VDWAALS =     -803.5206  EEL     =    -7420.0820  EGB        =    -1673.5907
 1-4 VDW =      336.1805  1-4 EEL =     5599.0738  RESTRAINT  =       42.0507
 EAMBER  =    -2650.6790


   NSTEP       ENERGY          RMS            GMAX         NAME    NUMBER
    400      -2.6087E+03     4.9802E-03     7.4863E-02     OG1       604

 BOND    =       31.6768  ANGLE   =      209.3650  DIHED      =     1070.1374
 VDWAALS =     -803.6777  EEL     =    -7419.9845  EGB        =    -1673.6657
 1-4 VDW =      336.2742  1-4 EEL =     5599.1251  RESTRAINT  =       42.0929
 EAMBER  =    -2650.7493


   NSTEP       ENERGY          RMS            GMAX         NAME    NUMBER
    500      -2.6087E+03     4.5598E-03     8.4093E-02     CE3       657

 BOND    =       31.6683  ANGLE   =      209.3575  DIHED      =     1070.1556
 VDWAALS =     -803.7211  EEL     =    -7419.9857  EGB        =    -1673.6698
 1-4 VDW =      336.2865  1-4 EEL =     5599.1363  RESTRAINT  =       42.1126
 EAMBER  =    -2650.7725


   NSTEP       ENERGY          RMS            GMAX         NAME    NUMBER
    600      -2.6087E+03     2.2416E-03     2.8751E-02     HB        599

 BOND    =       31.6657  ANGLE   =      209.3478  DIHED      =     1070.1654
 VDWAALS =     -803.7355  EEL     =    -7419.9953  EGB        =    -1673.6701
 1-4 VDW =      336.2954  1-4 EEL =     5599.1462  RESTRAINT  =       42.1196
 EAMBER  =    -2650.7805


   NSTEP       ENERGY          RMS            GMAX         NAME    NUMBER
    700      -2.6087E+03     4.3117E-04     5.1464E-03     HD11      330

 BOND    =       31.6651  ANGLE   =      209.3526  DIHED      =     1070.1647
 VDWAALS =     -803.7443  EEL     =    -7419.9827  EGB        =    -1673.6731
 1-4 VDW =      336.2939  1-4 EEL =     5599.1393  RESTRAINT  =       42.1235
 EAMBER  =    -2650.7846


   NSTEP       ENERGY          RMS            GMAX         NAME    NUMBER
    800      -2.6087E+03     3.0109E-04     3.3561E-03     CD1      1192

 BOND    =       31.6651  ANGLE   =      209.3525  DIHED      =     1070.1650
 VDWAALS =     -803.7461  EEL     =    -7419.9840  EGB        =    -1673.6734
 1-4 VDW =      336.2940  1-4 EEL =     5599.1405  RESTRAINT  =       42.1253
 EAMBER  =    -2650.7864


   NSTEP       ENERGY          RMS            GMAX         NAME    NUMBER
    900      -2.6087E+03     4.8336E-04     5.1849E-03     HB        599

 BOND    =       31.6651  ANGLE   =      209.3525  DIHED      =     1070.1652
 VDWAALS =     -803.7468  EEL     =    -7419.9845  EGB        =    -1673.6736
 1-4 VDW =      336.2940  1-4 EEL =     5599.1411  RESTRAINT  =       42.1259
 EAMBER  =    -2650.7870


   NSTEP       ENERGY          RMS            GMAX         NAME    NUMBER
   1000      -2.6087E+03     1.5411E-04     1.7875E-03     H         595

 BOND    =       31.6652  ANGLE   =      209.3527  DIHED      =     1070.1651
 VDWAALS =     -803.7474  EEL     =    -7419.9849  EGB        =    -1673.6736
 1-4 VDW =      336.2940  1-4 EEL =     5599.1414  RESTRAINT  =       42.1264
 EAMBER  =    -2650.7876


  Maximum number of minimization cycles reached.


                    FINAL RESULTS



   NSTEP       ENERGY          RMS            GMAX         NAME    NUMBER
   1000      -2.6087E+03     1.5411E-04     1.7875E-03     H         595

 BOND    =       31.6652  ANGLE   =      209.3527  DIHED      =     1070.1651
 VDWAALS =     -803.7474  EEL     =    -7419.9849  EGB        =    -1673.6736
 1-4 VDW =      336.2940  1-4 EEL =     5599.1414  RESTRAINT  =       42.1264
 EAMBER  =    -2650.7876

--------------------------------------------------------------------------------
   5.  TIMINGS
--------------------------------------------------------------------------------

|                Calc gb radii             59.99 (20.14% of Gen B)
|                Calc gb diag             114.95 (38.58% of Gen B)
|                Calc gb off-diag         122.98 (41.28% of Gen B)
|             Gen Born time            297.91 (100.0% of Nonbo)
|          Nonbond force            297.91 (99.31% of Force)
|          Bond/Angle/Dihedral        2.07 ( 0.69% of Force)
|          Other                      0.02 ( 0.01% of Force)
|       Force time               299.99 (100.0% of Runmd)
|    Runmd Time               299.99 (99.72% of Total)
|    Other                      0.83 ( 0.28% of Total)
| Total time               300.83 (100.0% of ALL  )

| Number of list builds   :          0

| Highest rstack allocated:          0
| Highest istack allocated:          0
|           Job began  at 12:11:13.912  on 02/03/2016
|           Setup done at 12:11:13.964  on 02/03/2016
|           Run   done at 12:16:14.738  on 02/03/2016
|     wallclock() was called   18028 times
