
          -------------------------------------------------------
          Amber 14 SANDER                              2014
          -------------------------------------------------------

| Run on 02/03/2016 at 14:06:26

|   Executable path: sander
| Working directory: /lustre/cs1500/scratch/kmb413/RealDecoyDisc/DecoyDiscrimination/decoys.set2.init/1aaj/Rosetta_relaxed
|          Hostname: slepner7


File Assignments:
|  MDIN: /scratch/kmb413/RealDecoyDisc/DecoyDiscrimination/scripts/min/min.in  
| MDOUT: NoH_3_empty_tag_94_0001_1_0001.out                                    
|INPCRD: NoH_3_empty_tag_94_0001_1_0001.rst7                                   
|  PARM: NoH_3_empty_tag_94_0001_1_0001.parm7                                  
|RESTRT: min_NoH_3_empty_tag_94_0001_1_0001.rst7                               
|  REFC: NoH_3_empty_tag_94_0001_1_0001.rst7                                   
| MDVEL: mdvel                                                                 
| MDFRC: mdfrc                                                                 
|  MDEN: mden                                                                  
| MDCRD: mdcrd                                                                 
|MDINFO: mdinfo                                                                
|  MTMD: mtmd                                                                  
|INPDIP: inpdip                                                                
|RSTDIP: rstdip                                                                
|INPTRA: inptraj                                                               


 Here is the input file:

                                                                               
&cntrl                                                                         
    imin = 1, maxcyc=1000,                                                     
    ntx = 1,                                                                   
    ntwr = 100, ntpr = 100,                                                    
    cut = 999.0,                                                               
    ntb = 0, igb = 8,                                                          
    ntr = 1, restraint_wt = 10, restraintmask = "!@H=",                        
/                                                                              

--------------------------------------------------------------------------------
   1.  RESOURCE   USE: 
--------------------------------------------------------------------------------

| Flags:                                                                        
| New format PARM file being parsed.
| Version =    1.000 Date = 02/03/16 Time = 11:50:21
 NATOM  =    1590 NTYPES =      14 NBONH =     791 MBONA  =     820
 NTHETH =    1812 MTHETA =    1115 NPHIH =    3578 MPHIA  =    3525
 NHPARM =       0 NPARM  =       0 NNB   =    8805 NRES   =     104
 NBONA  =     820 NTHETA =    1115 NPHIA =    3525 NUMBND =      65
 NUMANG =     152 NPTRA  =     189 NATYP =      33 NPHB   =       0
 IFBOX  =       0 NMXRS  =      24 IFCAP =       0 NEXTRA =       0
 NCOPY  =       0

 Implicit solvent radii are ArgH and AspGluO modified Bondi2 radii (mbondi3)                                
 Replacing prmtop screening parameters with GBn2 (igb=8) values

|     Memory Use     Allocated
|     Real              145027
|     Hollerith           4876
|     Integer           109197
|     Max Pairs              1
|     nblistReal             0
|     nblist Int             0
|       Total             1578 kbytes

| Note: 1-4 EEL scale factors are being read from the topology file.

| Note: 1-4 VDW scale factors are being read from the topology file.
| Duplicated    0 dihedrals
| Duplicated    0 dihedrals

--------------------------------------------------------------------------------
   2.  CONTROL  DATA  FOR  THE  RUN
--------------------------------------------------------------------------------

default_name                                                                    

General flags:
     imin    =       1, nmropt  =       0

Nature and format of input:
     ntx     =       1, irest   =       0, ntrx    =       1

Nature and format of output:
     ntxo    =       1, ntpr    =     100, ntrx    =       1, ntwr    =     100
     iwrap   =       0, ntwx    =       0, ntwv    =       0, ntwe    =       0
     ioutfm  =       0, ntwprt  =       0, idecomp =       0, rbornstat=      0

Potential function:
     ntf     =       1, ntb     =       0, igb     =       8, nsnb    =      25
     ipol    =       0, gbsa    =       0, iesp    =       0
     dielc   =   1.00000, cut     = 999.00000, intdiel =   1.00000
     saltcon =   0.00000, offset  =   0.19514, surften =   0.00500
     rdt     =   0.00000, rgbmax  =  25.00000  extdiel =  78.50000
     alpb  =        0
     gbalphaH  =   0.78844, gbbetaH   =   0.79870,  gbgammaH  =    0.43733
     gbalphaC  =   0.73376, gbbetaC   =   0.50638,  gbgammaC  =    0.20584
     gbalphaN  =   0.50336, gbbetaN   =   0.31683,  gbgammaN  =    0.19292
     gbalphaOS =   0.86781, gbbetaOS  =   0.87664,  gbgammaOS =    0.38788
     gbalphaP  =   1.00000, gbbetaP   =   0.80000,  gbgammaP  =    4.85000
     gb_alpha_hnu  =   0.53705, gb_beta_hnu   =   0.36286,  gb_gamma_hnu  =    0.11670
     gb_alpha_cnu  =   0.33167, gb_beta_cnu   =   0.19684,  gb_gamma_cnu  =    0.09342
     gb_alpha_nnu  =   0.68631, gb_beta_nnu   =   0.46319,  gb_gamma_nnu  =    0.13872
     gb_alpha_onu  =   0.60634, gb_beta_onu   =   0.46301,  gb_gamma_onu  =    0.14226
     gb_alpha_pnu  =   0.41836, gb_beta_pnu   =   0.29005,  gb_gamma_pnu  =    0.10642

Frozen or restrained atoms:
     ibelly  =       0, ntr     =       1
     restraint_wt =  10.00000

Energy minimization:
     maxcyc  =    1000, ncyc    =      10, ntmin   =       1
     dx0     =   0.01000, drms    =   0.00010
|  INFO: Old style inpcrd file read


    LOADING THE CONSTRAINED ATOMS AS GROUPS


   5.  REFERENCE ATOM COORDINATES

  defa
     Mask !@H=; matches   799 atoms

--------------------------------------------------------------------------------
   3.  ATOMIC COORDINATES AND VELOCITIES
--------------------------------------------------------------------------------

default_name                                                                    
 begin time read from input coords =     0.000 ps

 Number of triangulated 3-point waters found:        0

--------------------------------------------------------------------------------
   4.  RESULTS
--------------------------------------------------------------------------------



   NSTEP       ENERGY          RMS            GMAX         NAME    NUMBER
      1      -2.1704E+03     9.2509E+00     6.2637E+01     OE1      1261

 BOND    =       69.1199  ANGLE   =      211.5998  DIHED      =     1090.0012
 VDWAALS =     -597.0962  EEL     =    -7099.8977  EGB        =    -2018.7991
 1-4 VDW =      430.5963  1-4 EEL =     5744.0669  RESTRAINT  =        0.0000


   NSTEP       ENERGY          RMS            GMAX         NAME    NUMBER
    100      -2.5452E+03     3.1089E-01     4.1668E+00     CD        437

 BOND    =       31.2493  ANGLE   =      204.3111  DIHED      =     1095.2510
 VDWAALS =     -758.6156  EEL     =    -7125.2774  EGB        =    -2030.9126
 1-4 VDW =      325.8213  1-4 EEL =     5671.3696  RESTRAINT  =       41.5759
 EAMBER  =    -2586.8034


   NSTEP       ENERGY          RMS            GMAX         NAME    NUMBER
    200      -2.5584E+03     2.4523E-01     2.8764E+00     CA        626

 BOND    =       31.4970  ANGLE   =      205.0415  DIHED      =     1092.9667
 VDWAALS =     -760.6586  EEL     =    -7139.6278  EGB        =    -2027.4928
 1-4 VDW =      325.1984  1-4 EEL =     5671.3872  RESTRAINT  =       43.2506
 EAMBER  =    -2601.6885


   NSTEP       ENERGY          RMS            GMAX         NAME    NUMBER
    300      -2.5603E+03     1.7678E-02     1.8883E-01     CB       1382

 BOND    =       30.9015  ANGLE   =      203.8787  DIHED      =     1091.5329
 VDWAALS =     -760.3695  EEL     =    -7141.3724  EGB        =    -2026.6441
 1-4 VDW =      326.6779  1-4 EEL =     5672.6950  RESTRAINT  =       42.3945
 EAMBER  =    -2602.7001


   NSTEP       ENERGY          RMS            GMAX         NAME    NUMBER
    400      -2.5603E+03     4.1972E-03     5.8854E-02     CB          7

 BOND    =       30.8836  ANGLE   =      203.8670  DIHED      =     1091.5250
 VDWAALS =     -760.4054  EEL     =    -7141.3945  EGB        =    -2026.6144
 1-4 VDW =      326.7112  1-4 EEL =     5672.7178  RESTRAINT  =       42.3915
 EAMBER  =    -2602.7096


   NSTEP       ENERGY          RMS            GMAX         NAME    NUMBER
    500      -2.5603E+03     1.3021E-03     1.8778E-02     OG1      1388

 BOND    =       30.8792  ANGLE   =      203.8597  DIHED      =     1091.5360
 VDWAALS =     -760.4267  EEL     =    -7141.3838  EGB        =    -2026.6161
 1-4 VDW =      326.7239  1-4 EEL =     5672.7110  RESTRAINT  =       42.3969
 EAMBER  =    -2602.7169


   NSTEP       ENERGY          RMS            GMAX         NAME    NUMBER
    600      -2.5603E+03     9.0885E-04     1.2597E-02     OG1      1388

 BOND    =       30.8781  ANGLE   =      203.8550  DIHED      =     1091.5423
 VDWAALS =     -760.4343  EEL     =    -7141.3749  EGB        =    -2026.6172
 1-4 VDW =      326.7288  1-4 EEL =     5672.7048  RESTRAINT  =       42.3970
 EAMBER  =    -2602.7174


   NSTEP       ENERGY          RMS            GMAX         NAME    NUMBER
    700      -2.5603E+03     6.9557E-04     9.7993E-03     CD       1119

 BOND    =       30.8775  ANGLE   =      203.8537  DIHED      =     1091.5468
 VDWAALS =     -760.4410  EEL     =    -7141.3687  EGB        =    -2026.6155
 1-4 VDW =      326.7306  1-4 EEL =     5672.6985  RESTRAINT  =       42.3976
 EAMBER  =    -2602.7182


   NSTEP       ENERGY          RMS            GMAX         NAME    NUMBER
    800      -2.5603E+03     2.3455E-04     2.4678E-03     CB       1382

 BOND    =       30.8772  ANGLE   =      203.8535  DIHED      =     1091.5480
 VDWAALS =     -760.4424  EEL     =    -7141.3673  EGB        =    -2026.6146
 1-4 VDW =      326.7312  1-4 EEL =     5672.6963  RESTRAINT  =       42.3974
 EAMBER  =    -2602.7180


   NSTEP       ENERGY          RMS            GMAX         NAME    NUMBER
    900      -2.5603E+03     2.7999E-04     3.6602E-03     CD       1119

 BOND    =       30.8770  ANGLE   =      203.8531  DIHED      =     1091.5492
 VDWAALS =     -760.4440  EEL     =    -7141.3656  EGB        =    -2026.6142
 1-4 VDW =      326.7317  1-4 EEL =     5672.6948  RESTRAINT  =       42.3974
 EAMBER  =    -2602.7180


                    FINAL RESULTS



   NSTEP       ENERGY          RMS            GMAX         NAME    NUMBER
    971      -2.5603E+03     9.6034E-05     1.4080E-03     HG21      323

 BOND    =       30.8770  ANGLE   =      203.8529  DIHED      =     1091.5502
 VDWAALS =     -760.4452  EEL     =    -7141.3640  EGB        =    -2026.6142
 1-4 VDW =      326.7320  1-4 EEL =     5672.6933  RESTRAINT  =       42.3974
 EAMBER  =    -2602.7180

--------------------------------------------------------------------------------
   5.  TIMINGS
--------------------------------------------------------------------------------

|                Calc gb radii             56.39 (20.26% of Gen B)
|                Calc gb diag             104.51 (37.56% of Gen B)
|                Calc gb off-diag         117.37 (42.18% of Gen B)
|             Gen Born time            278.28 (100.0% of Nonbo)
|          Nonbond force            278.28 (99.28% of Force)
|          Bond/Angle/Dihedral        2.01 ( 0.72% of Force)
|          Other                      0.02 ( 0.01% of Force)
|       Force time               280.31 (100.0% of Runmd)
|    Runmd Time               280.31 (99.73% of Total)
|    Other                      0.77 ( 0.27% of Total)
| Total time               281.08 (100.0% of ALL  )

| Number of list builds   :          0

| Highest rstack allocated:          0
| Highest istack allocated:          0
|           Job began  at 14:06:26.635  on 02/03/2016
|           Setup done at 14:06:26.731  on 02/03/2016
|           Run   done at 14:11:07.716  on 02/03/2016
|     wallclock() was called   17506 times
