
          -------------------------------------------------------
          Amber 14 SANDER                              2014
          -------------------------------------------------------

| Run on 02/03/2016 at 15:00:18

|   Executable path: sander
| Working directory: /lustre/cs1500/scratch/kmb413/RealDecoyDisc/DecoyDiscrimination/decoys.set2.init/1aaj/Rosetta_relaxed
|          Hostname: slepner13


File Assignments:
|  MDIN: /scratch/kmb413/RealDecoyDisc/DecoyDiscrimination/scripts/min/min.in  
| MDOUT: NoH_4_empty_tag_1_233_0001.out                                        
|INPCRD: NoH_4_empty_tag_1_233_0001.rst7                                       
|  PARM: NoH_4_empty_tag_1_233_0001.parm7                                      
|RESTRT: min_NoH_4_empty_tag_1_233_0001.rst7                                   
|  REFC: NoH_4_empty_tag_1_233_0001.rst7                                       
| MDVEL: mdvel                                                                 
| MDFRC: mdfrc                                                                 
|  MDEN: mden                                                                  
| MDCRD: mdcrd                                                                 
|MDINFO: mdinfo                                                                
|  MTMD: mtmd                                                                  
|INPDIP: inpdip                                                                
|RSTDIP: rstdip                                                                
|INPTRA: inptraj                                                               


 Here is the input file:

                                                                               
&cntrl                                                                         
    imin = 1, maxcyc=1000,                                                     
    ntx = 1,                                                                   
    ntwr = 100, ntpr = 100,                                                    
    cut = 999.0,                                                               
    ntb = 0, igb = 8,                                                          
    ntr = 1, restraint_wt = 10, restraintmask = "!@H=",                        
/                                                                              

--------------------------------------------------------------------------------
   1.  RESOURCE   USE: 
--------------------------------------------------------------------------------

| Flags:                                                                        
| New format PARM file being parsed.
| Version =    1.000 Date = 02/03/16 Time = 11:50:41
 NATOM  =    1590 NTYPES =      14 NBONH =     791 MBONA  =     820
 NTHETH =    1812 MTHETA =    1115 NPHIH =    3578 MPHIA  =    3525
 NHPARM =       0 NPARM  =       0 NNB   =    8805 NRES   =     104
 NBONA  =     820 NTHETA =    1115 NPHIA =    3525 NUMBND =      65
 NUMANG =     152 NPTRA  =     189 NATYP =      33 NPHB   =       0
 IFBOX  =       0 NMXRS  =      24 IFCAP =       0 NEXTRA =       0
 NCOPY  =       0

 Implicit solvent radii are ArgH and AspGluO modified Bondi2 radii (mbondi3)                                
 Replacing prmtop screening parameters with GBn2 (igb=8) values

|     Memory Use     Allocated
|     Real              145027
|     Hollerith           4876
|     Integer           109197
|     Max Pairs              1
|     nblistReal             0
|     nblist Int             0
|       Total             1578 kbytes

| Note: 1-4 EEL scale factors are being read from the topology file.

| Note: 1-4 VDW scale factors are being read from the topology file.
| Duplicated    0 dihedrals
| Duplicated    0 dihedrals

--------------------------------------------------------------------------------
   2.  CONTROL  DATA  FOR  THE  RUN
--------------------------------------------------------------------------------

default_name                                                                    

General flags:
     imin    =       1, nmropt  =       0

Nature and format of input:
     ntx     =       1, irest   =       0, ntrx    =       1

Nature and format of output:
     ntxo    =       1, ntpr    =     100, ntrx    =       1, ntwr    =     100
     iwrap   =       0, ntwx    =       0, ntwv    =       0, ntwe    =       0
     ioutfm  =       0, ntwprt  =       0, idecomp =       0, rbornstat=      0

Potential function:
     ntf     =       1, ntb     =       0, igb     =       8, nsnb    =      25
     ipol    =       0, gbsa    =       0, iesp    =       0
     dielc   =   1.00000, cut     = 999.00000, intdiel =   1.00000
     saltcon =   0.00000, offset  =   0.19514, surften =   0.00500
     rdt     =   0.00000, rgbmax  =  25.00000  extdiel =  78.50000
     alpb  =        0
     gbalphaH  =   0.78844, gbbetaH   =   0.79870,  gbgammaH  =    0.43733
     gbalphaC  =   0.73376, gbbetaC   =   0.50638,  gbgammaC  =    0.20584
     gbalphaN  =   0.50336, gbbetaN   =   0.31683,  gbgammaN  =    0.19292
     gbalphaOS =   0.86781, gbbetaOS  =   0.87664,  gbgammaOS =    0.38788
     gbalphaP  =   1.00000, gbbetaP   =   0.80000,  gbgammaP  =    4.85000
     gb_alpha_hnu  =   0.53705, gb_beta_hnu   =   0.36286,  gb_gamma_hnu  =    0.11670
     gb_alpha_cnu  =   0.33167, gb_beta_cnu   =   0.19684,  gb_gamma_cnu  =    0.09342
     gb_alpha_nnu  =   0.68631, gb_beta_nnu   =   0.46319,  gb_gamma_nnu  =    0.13872
     gb_alpha_onu  =   0.60634, gb_beta_onu   =   0.46301,  gb_gamma_onu  =    0.14226
     gb_alpha_pnu  =   0.41836, gb_beta_pnu   =   0.29005,  gb_gamma_pnu  =    0.10642

Frozen or restrained atoms:
     ibelly  =       0, ntr     =       1
     restraint_wt =  10.00000

Energy minimization:
     maxcyc  =    1000, ncyc    =      10, ntmin   =       1
     dx0     =   0.01000, drms    =   0.00010
|  INFO: Old style inpcrd file read


    LOADING THE CONSTRAINED ATOMS AS GROUPS


   5.  REFERENCE ATOM COORDINATES

  defa
     Mask !@H=; matches   799 atoms

--------------------------------------------------------------------------------
   3.  ATOMIC COORDINATES AND VELOCITIES
--------------------------------------------------------------------------------

default_name                                                                    
 begin time read from input coords =     0.000 ps

 Number of triangulated 3-point waters found:        0

--------------------------------------------------------------------------------
   4.  RESULTS
--------------------------------------------------------------------------------



   NSTEP       ENERGY          RMS            GMAX         NAME    NUMBER
      1      -2.2260E+03     9.0741E+00     6.2087E+01     OE1       945

 BOND    =       69.4202  ANGLE   =      210.9640  DIHED      =     1082.9913
 VDWAALS =     -653.0270  EEL     =    -7466.4436  EGB        =    -1618.9348
 1-4 VDW =      439.5033  1-4 EEL =     5709.5586  RESTRAINT  =        0.0000


   NSTEP       ENERGY          RMS            GMAX         NAME    NUMBER
    100      -2.5888E+03     3.1977E-01     2.6802E+00     CE2       650

 BOND    =       30.5706  ANGLE   =      205.7869  DIHED      =     1085.0525
 VDWAALS =     -795.3207  EEL     =    -7469.5147  EGB        =    -1646.8951
 1-4 VDW =      330.8868  1-4 EEL =     5629.1482  RESTRAINT  =       41.4976
 EAMBER  =    -2630.2854


   NSTEP       ENERGY          RMS            GMAX         NAME    NUMBER
    200      -2.6048E+03     4.7138E-01     8.1035E+00     CD        729

 BOND    =       31.2987  ANGLE   =      207.2043  DIHED      =     1083.5261
 VDWAALS =     -797.1814  EEL     =    -7478.0058  EGB        =    -1652.6517
 1-4 VDW =      329.7970  1-4 EEL =     5627.9437  RESTRAINT  =       43.2537
 EAMBER  =    -2648.0690


   NSTEP       ENERGY          RMS            GMAX         NAME    NUMBER
    300      -2.6084E+03     3.8295E-02     4.4803E-01     OG1       604

 BOND    =       30.5668  ANGLE   =      205.5839  DIHED      =     1081.6730
 VDWAALS =     -796.3832  EEL     =    -7481.1610  EGB        =    -1653.4594
 1-4 VDW =      331.4269  1-4 EEL =     5631.1106  RESTRAINT  =       42.2374
 EAMBER  =    -2650.6423


   NSTEP       ENERGY          RMS            GMAX         NAME    NUMBER
    400      -2.6085E+03     2.3685E-02     3.5056E-01     HG         90

 BOND    =       30.5168  ANGLE   =      205.5066  DIHED      =     1081.7792
 VDWAALS =     -796.5319  EEL     =    -7481.0516  EGB        =    -1653.7379
 1-4 VDW =      331.5354  1-4 EEL =     5631.1854  RESTRAINT  =       42.2981
 EAMBER  =    -2650.7978


   NSTEP       ENERGY          RMS            GMAX         NAME    NUMBER
    500      -2.6088E+03     1.0496E-01     2.4594E+00     HG         90

 BOND    =       30.5408  ANGLE   =      205.4831  DIHED      =     1081.4276
 VDWAALS =     -796.6547  EEL     =    -7480.1381  EGB        =    -1654.5875
 1-4 VDW =      331.6083  1-4 EEL =     5631.1945  RESTRAINT  =       42.3368
 EAMBER  =    -2651.1260


   NSTEP       ENERGY          RMS            GMAX         NAME    NUMBER
    600      -2.6089E+03     8.9552E-03     8.2121E-02     CB         86

 BOND    =       30.4839  ANGLE   =      205.3971  DIHED      =     1081.2098
 VDWAALS =     -796.6051  EEL     =    -7479.7271  EGB        =    -1654.7075
 1-4 VDW =      331.6656  1-4 EEL =     5631.0917  RESTRAINT  =       42.3042
 EAMBER  =    -2651.1917


   NSTEP       ENERGY          RMS            GMAX         NAME    NUMBER
    700      -2.6089E+03     2.0730E-03     2.7478E-02     CB         86

 BOND    =       30.4803  ANGLE   =      205.3834  DIHED      =     1081.2053
 VDWAALS =     -796.6141  EEL     =    -7479.6727  EGB        =    -1654.7238
 1-4 VDW =      331.6755  1-4 EEL =     5631.0697  RESTRAINT  =       42.3070
 EAMBER  =    -2651.1965


   NSTEP       ENERGY          RMS            GMAX         NAME    NUMBER
    800      -2.6089E+03     1.1084E-03     1.7857E-02     CD        729

 BOND    =       30.4795  ANGLE   =      205.3765  DIHED      =     1081.2209
 VDWAALS =     -796.6341  EEL     =    -7479.6672  EGB        =    -1654.7251
 1-4 VDW =      331.6822  1-4 EEL =     5631.0647  RESTRAINT  =       42.3123
 EAMBER  =    -2651.2025


   NSTEP       ENERGY          RMS            GMAX         NAME    NUMBER
    900      -2.6089E+03     5.0946E-04     5.5034E-03     N         345

 BOND    =       30.4789  ANGLE   =      205.3740  DIHED      =     1081.2290
 VDWAALS =     -796.6438  EEL     =    -7479.6661  EGB        =    -1654.7256
 1-4 VDW =      331.6852  1-4 EEL =     5631.0633  RESTRAINT  =       42.3147
 EAMBER  =    -2651.2051


   NSTEP       ENERGY          RMS            GMAX         NAME    NUMBER
   1000      -2.6089E+03     3.3439E-04     5.8828E-03     CD        729

 BOND    =       30.4789  ANGLE   =      205.3733  DIHED      =     1081.2310
 VDWAALS =     -796.6465  EEL     =    -7479.6656  EGB        =    -1654.7256
 1-4 VDW =      331.6858  1-4 EEL =     5631.0628  RESTRAINT  =       42.3154
 EAMBER  =    -2651.2058


  Maximum number of minimization cycles reached.


                    FINAL RESULTS



   NSTEP       ENERGY          RMS            GMAX         NAME    NUMBER
   1000      -2.6089E+03     3.3439E-04     5.8828E-03     CD        729

 BOND    =       30.4789  ANGLE   =      205.3733  DIHED      =     1081.2310
 VDWAALS =     -796.6465  EEL     =    -7479.6656  EGB        =    -1654.7256
 1-4 VDW =      331.6858  1-4 EEL =     5631.0628  RESTRAINT  =       42.3154
 EAMBER  =    -2651.2058

--------------------------------------------------------------------------------
   5.  TIMINGS
--------------------------------------------------------------------------------

|                Calc gb radii             59.17 (20.09% of Gen B)
|                Calc gb diag             113.31 (38.47% of Gen B)
|                Calc gb off-diag         122.08 (41.44% of Gen B)
|             Gen Born time            294.56 (100.0% of Nonbo)
|          Nonbond force            294.56 (99.31% of Force)
|          Bond/Angle/Dihedral        2.04 ( 0.69% of Force)
|          Other                      0.02 ( 0.01% of Force)
|       Force time               296.61 (100.0% of Runmd)
|    Runmd Time               296.61 (99.66% of Total)
|    Other                      1.02 ( 0.34% of Total)
| Total time               297.63 (100.0% of ALL  )

| Number of list builds   :          0

| Highest rstack allocated:          0
| Highest istack allocated:          0
|           Job began  at 15:00:18.018  on 02/03/2016
|           Setup done at 15:00:18.102  on 02/03/2016
|           Run   done at 15:05:15.653  on 02/03/2016
|     wallclock() was called   18028 times
