
          -------------------------------------------------------
          Amber 14 SANDER                              2014
          -------------------------------------------------------

| Run on 02/03/2016 at 12:18:03

|   Executable path: sander
| Working directory: /lustre/cs1500/scratch/kmb413/RealDecoyDisc/DecoyDiscrimination/decoys.set2.init/1aaj/Rosetta_relaxed
|          Hostname: slepner1


File Assignments:
|  MDIN: /scratch/kmb413/RealDecoyDisc/DecoyDiscrimination/scripts/min/min.in  
| MDOUT: NoH_3_empty_tag_368_0001_0001.out                                     
|INPCRD: NoH_3_empty_tag_368_0001_0001.rst7                                    
|  PARM: NoH_3_empty_tag_368_0001_0001.parm7                                   
|RESTRT: min_NoH_3_empty_tag_368_0001_0001.rst7                                
|  REFC: NoH_3_empty_tag_368_0001_0001.rst7                                    
| MDVEL: mdvel                                                                 
| MDFRC: mdfrc                                                                 
|  MDEN: mden                                                                  
| MDCRD: mdcrd                                                                 
|MDINFO: mdinfo                                                                
|  MTMD: mtmd                                                                  
|INPDIP: inpdip                                                                
|RSTDIP: rstdip                                                                
|INPTRA: inptraj                                                               


 Here is the input file:

                                                                               
&cntrl                                                                         
    imin = 1, maxcyc=1000,                                                     
    ntx = 1,                                                                   
    ntwr = 100, ntpr = 100,                                                    
    cut = 999.0,                                                               
    ntb = 0, igb = 8,                                                          
    ntr = 1, restraint_wt = 10, restraintmask = "!@H=",                        
/                                                                              

--------------------------------------------------------------------------------
   1.  RESOURCE   USE: 
--------------------------------------------------------------------------------

| Flags:                                                                        
| New format PARM file being parsed.
| Version =    1.000 Date = 02/03/16 Time = 11:49:58
 NATOM  =    1590 NTYPES =      14 NBONH =     791 MBONA  =     820
 NTHETH =    1812 MTHETA =    1115 NPHIH =    3578 MPHIA  =    3525
 NHPARM =       0 NPARM  =       0 NNB   =    8805 NRES   =     104
 NBONA  =     820 NTHETA =    1115 NPHIA =    3525 NUMBND =      65
 NUMANG =     152 NPTRA  =     189 NATYP =      33 NPHB   =       0
 IFBOX  =       0 NMXRS  =      24 IFCAP =       0 NEXTRA =       0
 NCOPY  =       0

 Implicit solvent radii are ArgH and AspGluO modified Bondi2 radii (mbondi3)                                
 Replacing prmtop screening parameters with GBn2 (igb=8) values

|     Memory Use     Allocated
|     Real              145027
|     Hollerith           4876
|     Integer           109197
|     Max Pairs              1
|     nblistReal             0
|     nblist Int             0
|       Total             1578 kbytes

| Note: 1-4 EEL scale factors are being read from the topology file.

| Note: 1-4 VDW scale factors are being read from the topology file.
| Duplicated    0 dihedrals
| Duplicated    0 dihedrals

--------------------------------------------------------------------------------
   2.  CONTROL  DATA  FOR  THE  RUN
--------------------------------------------------------------------------------

default_name                                                                    

General flags:
     imin    =       1, nmropt  =       0

Nature and format of input:
     ntx     =       1, irest   =       0, ntrx    =       1

Nature and format of output:
     ntxo    =       1, ntpr    =     100, ntrx    =       1, ntwr    =     100
     iwrap   =       0, ntwx    =       0, ntwv    =       0, ntwe    =       0
     ioutfm  =       0, ntwprt  =       0, idecomp =       0, rbornstat=      0

Potential function:
     ntf     =       1, ntb     =       0, igb     =       8, nsnb    =      25
     ipol    =       0, gbsa    =       0, iesp    =       0
     dielc   =   1.00000, cut     = 999.00000, intdiel =   1.00000
     saltcon =   0.00000, offset  =   0.19514, surften =   0.00500
     rdt     =   0.00000, rgbmax  =  25.00000  extdiel =  78.50000
     alpb  =        0
     gbalphaH  =   0.78844, gbbetaH   =   0.79870,  gbgammaH  =    0.43733
     gbalphaC  =   0.73376, gbbetaC   =   0.50638,  gbgammaC  =    0.20584
     gbalphaN  =   0.50336, gbbetaN   =   0.31683,  gbgammaN  =    0.19292
     gbalphaOS =   0.86781, gbbetaOS  =   0.87664,  gbgammaOS =    0.38788
     gbalphaP  =   1.00000, gbbetaP   =   0.80000,  gbgammaP  =    4.85000
     gb_alpha_hnu  =   0.53705, gb_beta_hnu   =   0.36286,  gb_gamma_hnu  =    0.11670
     gb_alpha_cnu  =   0.33167, gb_beta_cnu   =   0.19684,  gb_gamma_cnu  =    0.09342
     gb_alpha_nnu  =   0.68631, gb_beta_nnu   =   0.46319,  gb_gamma_nnu  =    0.13872
     gb_alpha_onu  =   0.60634, gb_beta_onu   =   0.46301,  gb_gamma_onu  =    0.14226
     gb_alpha_pnu  =   0.41836, gb_beta_pnu   =   0.29005,  gb_gamma_pnu  =    0.10642

Frozen or restrained atoms:
     ibelly  =       0, ntr     =       1
     restraint_wt =  10.00000

Energy minimization:
     maxcyc  =    1000, ncyc    =      10, ntmin   =       1
     dx0     =   0.01000, drms    =   0.00010
|  INFO: Old style inpcrd file read


    LOADING THE CONSTRAINED ATOMS AS GROUPS


   5.  REFERENCE ATOM COORDINATES

  defa
     Mask !@H=; matches   799 atoms

--------------------------------------------------------------------------------
   3.  ATOMIC COORDINATES AND VELOCITIES
--------------------------------------------------------------------------------

default_name                                                                    
 begin time read from input coords =     0.000 ps

 Number of triangulated 3-point waters found:        0

--------------------------------------------------------------------------------
   4.  RESULTS
--------------------------------------------------------------------------------



   NSTEP       ENERGY          RMS            GMAX         NAME    NUMBER
      1      -2.2283E+03     9.1340E+00     6.2363E+01     OE1       945

 BOND    =       69.2661  ANGLE   =      211.0139  DIHED      =     1080.2491
 VDWAALS =     -667.4882  EEL     =    -7477.7405  EGB        =    -1603.9451
 1-4 VDW =      442.3619  1-4 EEL =     5717.9463  RESTRAINT  =        0.0000


   NSTEP       ENERGY          RMS            GMAX         NAME    NUMBER
    100      -2.6219E+03     3.9618E-01     5.3791E+00     HG         90

 BOND    =       31.3926  ANGLE   =      209.1522  DIHED      =     1079.5489
 VDWAALS =     -822.0552  EEL     =    -7484.7150  EGB        =    -1633.7903
 1-4 VDW =      330.4455  1-4 EEL =     5625.0460  RESTRAINT  =       43.0919
 EAMBER  =    -2664.9752


   NSTEP       ENERGY          RMS            GMAX         NAME    NUMBER
    200      -2.6310E+03     1.2121E-01     1.5341E+00     HG1      1389

 BOND    =       31.3371  ANGLE   =      209.6491  DIHED      =     1076.6819
 VDWAALS =     -824.0142  EEL     =    -7493.2693  EGB        =    -1630.6282
 1-4 VDW =      330.5248  1-4 EEL =     5625.1731  RESTRAINT  =       43.5833
 EAMBER  =    -2674.5457


   NSTEP       ENERGY          RMS            GMAX         NAME    NUMBER
    300      -2.6316E+03     1.9638E-02     3.1158E-01     CA          5

 BOND    =       31.0202  ANGLE   =      209.3256  DIHED      =     1076.0133
 VDWAALS =     -824.4166  EEL     =    -7494.6130  EGB        =    -1629.3190
 1-4 VDW =      331.1854  1-4 EEL =     5625.8325  RESTRAINT  =       43.4020
 EAMBER  =    -2674.9717


   NSTEP       ENERGY          RMS            GMAX         NAME    NUMBER
    400      -2.6369E+03     2.8531E-01     4.9950E+00     HG1       605

 BOND    =       31.6487  ANGLE   =      210.2876  DIHED      =     1075.8065
 VDWAALS =     -823.9354  EEL     =    -7499.4136  EGB        =    -1630.6015
 1-4 VDW =      330.4020  1-4 EEL =     5624.8318  RESTRAINT  =       44.0906
 EAMBER  =    -2680.9737


   NSTEP       ENERGY          RMS            GMAX         NAME    NUMBER
    500      -2.6378E+03     9.4483E-03     2.3924E-01     CG        311

 BOND    =       31.1361  ANGLE   =      209.3896  DIHED      =     1075.5664
 VDWAALS =     -823.0090  EEL     =    -7500.5929  EGB        =    -1630.6932
 1-4 VDW =      331.2219  1-4 EEL =     5626.1726  RESTRAINT  =       42.9814
 EAMBER  =    -2680.8085


   NSTEP       ENERGY          RMS            GMAX         NAME    NUMBER
    600      -2.6378E+03     1.2837E-03     2.8267E-02     CG2       600

 BOND    =       31.1269  ANGLE   =      209.3632  DIHED      =     1075.5930
 VDWAALS =     -822.9932  EEL     =    -7500.6138  EGB        =    -1630.7392
 1-4 VDW =      331.2600  1-4 EEL =     5626.2209  RESTRAINT  =       42.9515
 EAMBER  =    -2680.7822


   NSTEP       ENERGY          RMS            GMAX         NAME    NUMBER
    700      -2.6378E+03     2.6338E-04     5.4397E-03     CB        598

 BOND    =       31.1241  ANGLE   =      209.3569  DIHED      =     1075.5978
 VDWAALS =     -822.9882  EEL     =    -7500.6166  EGB        =    -1630.7478
 1-4 VDW =      331.2682  1-4 EEL =     5626.2299  RESTRAINT  =       42.9449
 EAMBER  =    -2680.7757


                    FINAL RESULTS



   NSTEP       ENERGY          RMS            GMAX         NAME    NUMBER
    748      -2.6378E+03     7.2518E-05     1.9335E-03     HG1      1213

 BOND    =       31.1241  ANGLE   =      209.3566  DIHED      =     1075.5985
 VDWAALS =     -822.9883  EEL     =    -7500.6172  EGB        =    -1630.7489
 1-4 VDW =      331.2686  1-4 EEL =     5626.2309  RESTRAINT  =       42.9449
 EAMBER  =    -2680.7757

--------------------------------------------------------------------------------
   5.  TIMINGS
--------------------------------------------------------------------------------

|                Calc gb radii             45.22 (20.55% of Gen B)
|                Calc gb diag              83.92 (38.14% of Gen B)
|                Calc gb off-diag          90.90 (41.31% of Gen B)
|             Gen Born time            220.04 (100.0% of Nonbo)
|          Nonbond force            220.04 (99.29% of Force)
|          Bond/Angle/Dihedral        1.55 ( 0.70% of Force)
|          Other                      0.01 ( 0.01% of Force)
|       Force time               221.60 (100.0% of Runmd)
|    Runmd Time               221.60 (99.72% of Total)
|    Other                      0.61 ( 0.28% of Total)
| Total time               222.22 (100.0% of ALL  )

| Number of list builds   :          0

| Highest rstack allocated:          0
| Highest istack allocated:          0
|           Job began  at 12:18:03.731  on 02/03/2016
|           Setup done at 12:18:03.787  on 02/03/2016
|           Run   done at 12:21:45.950  on 02/03/2016
|     wallclock() was called   13492 times
