
          -------------------------------------------------------
          Amber 14 SANDER                              2014
          -------------------------------------------------------

| Run on 02/03/2016 at 12:33:17

|   Executable path: sander
| Working directory: /lustre/cs1500/scratch/kmb413/RealDecoyDisc/DecoyDiscrimination/decoys.set2.init/1aaj/Rosetta_relaxed
|          Hostname: slepner7


File Assignments:
|  MDIN: /scratch/kmb413/RealDecoyDisc/DecoyDiscrimination/scripts/min/min.in  
| MDOUT: NoH_4_empty_tag_1_733_0001.out                                        
|INPCRD: NoH_4_empty_tag_1_733_0001.rst7                                       
|  PARM: NoH_4_empty_tag_1_733_0001.parm7                                      
|RESTRT: min_NoH_4_empty_tag_1_733_0001.rst7                                   
|  REFC: NoH_4_empty_tag_1_733_0001.rst7                                       
| MDVEL: mdvel                                                                 
| MDFRC: mdfrc                                                                 
|  MDEN: mden                                                                  
| MDCRD: mdcrd                                                                 
|MDINFO: mdinfo                                                                
|  MTMD: mtmd                                                                  
|INPDIP: inpdip                                                                
|RSTDIP: rstdip                                                                
|INPTRA: inptraj                                                               


 Here is the input file:

                                                                               
&cntrl                                                                         
    imin = 1, maxcyc=1000,                                                     
    ntx = 1,                                                                   
    ntwr = 100, ntpr = 100,                                                    
    cut = 999.0,                                                               
    ntb = 0, igb = 8,                                                          
    ntr = 1, restraint_wt = 10, restraintmask = "!@H=",                        
/                                                                              

--------------------------------------------------------------------------------
   1.  RESOURCE   USE: 
--------------------------------------------------------------------------------

| Flags:                                                                        
| New format PARM file being parsed.
| Version =    1.000 Date = 02/03/16 Time = 11:51:25
 NATOM  =    1590 NTYPES =      14 NBONH =     791 MBONA  =     820
 NTHETH =    1812 MTHETA =    1115 NPHIH =    3578 MPHIA  =    3525
 NHPARM =       0 NPARM  =       0 NNB   =    8805 NRES   =     104
 NBONA  =     820 NTHETA =    1115 NPHIA =    3525 NUMBND =      65
 NUMANG =     152 NPTRA  =     189 NATYP =      33 NPHB   =       0
 IFBOX  =       0 NMXRS  =      24 IFCAP =       0 NEXTRA =       0
 NCOPY  =       0

 Implicit solvent radii are ArgH and AspGluO modified Bondi2 radii (mbondi3)                                
 Replacing prmtop screening parameters with GBn2 (igb=8) values

|     Memory Use     Allocated
|     Real              145027
|     Hollerith           4876
|     Integer           109197
|     Max Pairs              1
|     nblistReal             0
|     nblist Int             0
|       Total             1578 kbytes

| Note: 1-4 EEL scale factors are being read from the topology file.

| Note: 1-4 VDW scale factors are being read from the topology file.
| Duplicated    0 dihedrals
| Duplicated    0 dihedrals

--------------------------------------------------------------------------------
   2.  CONTROL  DATA  FOR  THE  RUN
--------------------------------------------------------------------------------

default_name                                                                    

General flags:
     imin    =       1, nmropt  =       0

Nature and format of input:
     ntx     =       1, irest   =       0, ntrx    =       1

Nature and format of output:
     ntxo    =       1, ntpr    =     100, ntrx    =       1, ntwr    =     100
     iwrap   =       0, ntwx    =       0, ntwv    =       0, ntwe    =       0
     ioutfm  =       0, ntwprt  =       0, idecomp =       0, rbornstat=      0

Potential function:
     ntf     =       1, ntb     =       0, igb     =       8, nsnb    =      25
     ipol    =       0, gbsa    =       0, iesp    =       0
     dielc   =   1.00000, cut     = 999.00000, intdiel =   1.00000
     saltcon =   0.00000, offset  =   0.19514, surften =   0.00500
     rdt     =   0.00000, rgbmax  =  25.00000  extdiel =  78.50000
     alpb  =        0
     gbalphaH  =   0.78844, gbbetaH   =   0.79870,  gbgammaH  =    0.43733
     gbalphaC  =   0.73376, gbbetaC   =   0.50638,  gbgammaC  =    0.20584
     gbalphaN  =   0.50336, gbbetaN   =   0.31683,  gbgammaN  =    0.19292
     gbalphaOS =   0.86781, gbbetaOS  =   0.87664,  gbgammaOS =    0.38788
     gbalphaP  =   1.00000, gbbetaP   =   0.80000,  gbgammaP  =    4.85000
     gb_alpha_hnu  =   0.53705, gb_beta_hnu   =   0.36286,  gb_gamma_hnu  =    0.11670
     gb_alpha_cnu  =   0.33167, gb_beta_cnu   =   0.19684,  gb_gamma_cnu  =    0.09342
     gb_alpha_nnu  =   0.68631, gb_beta_nnu   =   0.46319,  gb_gamma_nnu  =    0.13872
     gb_alpha_onu  =   0.60634, gb_beta_onu   =   0.46301,  gb_gamma_onu  =    0.14226
     gb_alpha_pnu  =   0.41836, gb_beta_pnu   =   0.29005,  gb_gamma_pnu  =    0.10642

Frozen or restrained atoms:
     ibelly  =       0, ntr     =       1
     restraint_wt =  10.00000

Energy minimization:
     maxcyc  =    1000, ncyc    =      10, ntmin   =       1
     dx0     =   0.01000, drms    =   0.00010
|  INFO: Old style inpcrd file read


    LOADING THE CONSTRAINED ATOMS AS GROUPS


   5.  REFERENCE ATOM COORDINATES

  defa
     Mask !@H=; matches   799 atoms

--------------------------------------------------------------------------------
   3.  ATOMIC COORDINATES AND VELOCITIES
--------------------------------------------------------------------------------

default_name                                                                    
 begin time read from input coords =     0.000 ps

 Number of triangulated 3-point waters found:        0

--------------------------------------------------------------------------------
   4.  RESULTS
--------------------------------------------------------------------------------



   NSTEP       ENERGY          RMS            GMAX         NAME    NUMBER
      1      -2.1856E+03     9.1371E+00     6.1266E+01     OXT      1590

 BOND    =       70.2518  ANGLE   =      211.5206  DIHED      =     1082.3814
 VDWAALS =     -658.3392  EEL     =    -7269.6248  EGB        =    -1758.8856
 1-4 VDW =      444.6535  1-4 EEL =     5692.3926  RESTRAINT  =        0.0000


   NSTEP       ENERGY          RMS            GMAX         NAME    NUMBER
    100      -2.5755E+03     4.7645E-01     5.1042E+00     CD        103

 BOND    =       31.2146  ANGLE   =      208.6707  DIHED      =     1087.1763
 VDWAALS =     -810.5981  EEL     =    -7291.6094  EGB        =    -1777.2752
 1-4 VDW =      332.5467  1-4 EEL =     5599.0444  RESTRAINT  =       45.3352
 EAMBER  =    -2620.8301


   NSTEP       ENERGY          RMS            GMAX         NAME    NUMBER
    200      -2.5874E+03     2.7164E-01     2.6832E+00     OG1      1388

 BOND    =       30.9151  ANGLE   =      208.3037  DIHED      =     1085.2000
 VDWAALS =     -812.4779  EEL     =    -7305.5827  EGB        =    -1774.8808
 1-4 VDW =      332.6527  1-4 EEL =     5602.6013  RESTRAINT  =       45.9024
 EAMBER  =    -2633.2686


   NSTEP       ENERGY          RMS            GMAX         NAME    NUMBER
    300      -2.5934E+03     3.0046E-01     4.7154E+00     CD        193

 BOND    =       31.3470  ANGLE   =      208.9590  DIHED      =     1082.3221
 VDWAALS =     -813.0079  EEL     =    -7309.3104  EGB        =    -1774.7934
 1-4 VDW =      331.7200  1-4 EEL =     5603.0461  RESTRAINT  =       46.3246
 EAMBER  =    -2639.7175


   NSTEP       ENERGY          RMS            GMAX         NAME    NUMBER
    400      -2.5948E+03     2.8292E-02     4.3026E-01     CD        193

 BOND    =       30.7762  ANGLE   =      207.8522  DIHED      =     1081.2697
 VDWAALS =     -812.1635  EEL     =    -7310.8537  EGB        =    -1774.6468
 1-4 VDW =      333.0936  1-4 EEL =     5604.6762  RESTRAINT  =       45.2431
 EAMBER  =    -2639.9961


   NSTEP       ENERGY          RMS            GMAX         NAME    NUMBER
    500      -2.5948E+03     8.2493E-03     1.2571E-01     CE2       650

 BOND    =       30.7553  ANGLE   =      207.8284  DIHED      =     1081.2446
 VDWAALS =     -812.1443  EEL     =    -7310.8283  EGB        =    -1774.6584
 1-4 VDW =      333.1450  1-4 EEL =     5604.6691  RESTRAINT  =       45.2255
 EAMBER  =    -2639.9886


   NSTEP       ENERGY          RMS            GMAX         NAME    NUMBER
    600      -2.5948E+03     2.5053E-03     3.9315E-02     OG1      1246

 BOND    =       30.7529  ANGLE   =      207.8230  DIHED      =     1081.2459
 VDWAALS =     -812.1506  EEL     =    -7310.8141  EGB        =    -1774.6726
 1-4 VDW =      333.1529  1-4 EEL =     5604.6719  RESTRAINT  =       45.2264
 EAMBER  =    -2639.9907


   NSTEP       ENERGY          RMS            GMAX         NAME    NUMBER
    700      -2.5948E+03     9.0605E-04     1.1622E-02     CE3       657

 BOND    =       30.7518  ANGLE   =      207.8202  DIHED      =     1081.2477
 VDWAALS =     -812.1527  EEL     =    -7310.8089  EGB        =    -1774.6809
 1-4 VDW =      333.1573  1-4 EEL =     5604.6740  RESTRAINT  =       45.2271
 EAMBER  =    -2639.9916

     ... RESTARTED DUE TO LINMIN FAILURE ...


   NSTEP       ENERGY          RMS            GMAX         NAME    NUMBER
    800      -2.5948E+03     1.1169E-04     1.1859E-03     CD        193

 BOND    =       30.7493  ANGLE   =      207.8169  DIHED      =     1081.2503
 VDWAALS =     -812.1539  EEL     =    -7310.8001  EGB        =    -1774.6934
 1-4 VDW =      333.1637  1-4 EEL =     5604.6757  RESTRAINT  =       45.2268
 EAMBER  =    -2639.9915


                    FINAL RESULTS



   NSTEP       ENERGY          RMS            GMAX         NAME    NUMBER
    845      -2.5948E+03     8.8454E-05     1.6509E-03     CD        193

 BOND    =       30.7496  ANGLE   =      207.8175  DIHED      =     1081.2504
 VDWAALS =     -812.1542  EEL     =    -7310.8004  EGB        =    -1774.6937
 1-4 VDW =      333.1631  1-4 EEL =     5604.6758  RESTRAINT  =       45.2272
 EAMBER  =    -2639.9919

--------------------------------------------------------------------------------
   5.  TIMINGS
--------------------------------------------------------------------------------

|                Calc gb radii             50.67 (20.50% of Gen B)
|                Calc gb diag              93.93 (38.01% of Gen B)
|                Calc gb off-diag         102.54 (41.49% of Gen B)
|             Gen Born time            247.15 (100.0% of Nonbo)
|          Nonbond force            247.15 (99.29% of Force)
|          Bond/Angle/Dihedral        1.75 ( 0.70% of Force)
|          Other                      0.01 ( 0.01% of Force)
|       Force time               248.91 (100.0% of Runmd)
|    Runmd Time               248.91 (99.79% of Total)
|    Other                      0.53 ( 0.21% of Total)
| Total time               249.44 (100.0% of ALL  )

| Number of list builds   :          0

| Highest rstack allocated:          0
| Highest istack allocated:          0
|           Job began  at 12:33:17.228  on 02/03/2016
|           Setup done at 12:33:17.279  on 02/03/2016
|           Run   done at 12:37:26.673  on 02/03/2016
|     wallclock() was called   15238 times
