
          -------------------------------------------------------
          Amber 14 SANDER                              2014
          -------------------------------------------------------

| Run on 02/03/2016 at 13:25:45

|   Executable path: sander
| Working directory: /lustre/cs1500/scratch/kmb413/RealDecoyDisc/DecoyDiscrimination/decoys.set2.init/1aaj/Rosetta_relaxed
|          Hostname: slepner15


File Assignments:
|  MDIN: /scratch/kmb413/RealDecoyDisc/DecoyDiscrimination/scripts/min/min.in  
| MDOUT: NoH_3_empty_tag_1_707_0001.out                                        
|INPCRD: NoH_3_empty_tag_1_707_0001.rst7                                       
|  PARM: NoH_3_empty_tag_1_707_0001.parm7                                      
|RESTRT: min_NoH_3_empty_tag_1_707_0001.rst7                                   
|  REFC: NoH_3_empty_tag_1_707_0001.rst7                                       
| MDVEL: mdvel                                                                 
| MDFRC: mdfrc                                                                 
|  MDEN: mden                                                                  
| MDCRD: mdcrd                                                                 
|MDINFO: mdinfo                                                                
|  MTMD: mtmd                                                                  
|INPDIP: inpdip                                                                
|RSTDIP: rstdip                                                                
|INPTRA: inptraj                                                               


 Here is the input file:

                                                                               
&cntrl                                                                         
    imin = 1, maxcyc=1000,                                                     
    ntx = 1,                                                                   
    ntwr = 100, ntpr = 100,                                                    
    cut = 999.0,                                                               
    ntb = 0, igb = 8,                                                          
    ntr = 1, restraint_wt = 10, restraintmask = "!@H=",                        
/                                                                              

--------------------------------------------------------------------------------
   1.  RESOURCE   USE: 
--------------------------------------------------------------------------------

| Flags:                                                                        
| New format PARM file being parsed.
| Version =    1.000 Date = 02/03/16 Time = 11:49:35
 NATOM  =    1590 NTYPES =      14 NBONH =     791 MBONA  =     820
 NTHETH =    1812 MTHETA =    1115 NPHIH =    3578 MPHIA  =    3525
 NHPARM =       0 NPARM  =       0 NNB   =    8805 NRES   =     104
 NBONA  =     820 NTHETA =    1115 NPHIA =    3525 NUMBND =      65
 NUMANG =     152 NPTRA  =     189 NATYP =      33 NPHB   =       0
 IFBOX  =       0 NMXRS  =      24 IFCAP =       0 NEXTRA =       0
 NCOPY  =       0

 Implicit solvent radii are ArgH and AspGluO modified Bondi2 radii (mbondi3)                                
 Replacing prmtop screening parameters with GBn2 (igb=8) values

|     Memory Use     Allocated
|     Real              145027
|     Hollerith           4876
|     Integer           109197
|     Max Pairs              1
|     nblistReal             0
|     nblist Int             0
|       Total             1578 kbytes

| Note: 1-4 EEL scale factors are being read from the topology file.

| Note: 1-4 VDW scale factors are being read from the topology file.
| Duplicated    0 dihedrals
| Duplicated    0 dihedrals

--------------------------------------------------------------------------------
   2.  CONTROL  DATA  FOR  THE  RUN
--------------------------------------------------------------------------------

default_name                                                                    

General flags:
     imin    =       1, nmropt  =       0

Nature and format of input:
     ntx     =       1, irest   =       0, ntrx    =       1

Nature and format of output:
     ntxo    =       1, ntpr    =     100, ntrx    =       1, ntwr    =     100
     iwrap   =       0, ntwx    =       0, ntwv    =       0, ntwe    =       0
     ioutfm  =       0, ntwprt  =       0, idecomp =       0, rbornstat=      0

Potential function:
     ntf     =       1, ntb     =       0, igb     =       8, nsnb    =      25
     ipol    =       0, gbsa    =       0, iesp    =       0
     dielc   =   1.00000, cut     = 999.00000, intdiel =   1.00000
     saltcon =   0.00000, offset  =   0.19514, surften =   0.00500
     rdt     =   0.00000, rgbmax  =  25.00000  extdiel =  78.50000
     alpb  =        0
     gbalphaH  =   0.78844, gbbetaH   =   0.79870,  gbgammaH  =    0.43733
     gbalphaC  =   0.73376, gbbetaC   =   0.50638,  gbgammaC  =    0.20584
     gbalphaN  =   0.50336, gbbetaN   =   0.31683,  gbgammaN  =    0.19292
     gbalphaOS =   0.86781, gbbetaOS  =   0.87664,  gbgammaOS =    0.38788
     gbalphaP  =   1.00000, gbbetaP   =   0.80000,  gbgammaP  =    4.85000
     gb_alpha_hnu  =   0.53705, gb_beta_hnu   =   0.36286,  gb_gamma_hnu  =    0.11670
     gb_alpha_cnu  =   0.33167, gb_beta_cnu   =   0.19684,  gb_gamma_cnu  =    0.09342
     gb_alpha_nnu  =   0.68631, gb_beta_nnu   =   0.46319,  gb_gamma_nnu  =    0.13872
     gb_alpha_onu  =   0.60634, gb_beta_onu   =   0.46301,  gb_gamma_onu  =    0.14226
     gb_alpha_pnu  =   0.41836, gb_beta_pnu   =   0.29005,  gb_gamma_pnu  =    0.10642

Frozen or restrained atoms:
     ibelly  =       0, ntr     =       1
     restraint_wt =  10.00000

Energy minimization:
     maxcyc  =    1000, ncyc    =      10, ntmin   =       1
     dx0     =   0.01000, drms    =   0.00010
|  INFO: Old style inpcrd file read


    LOADING THE CONSTRAINED ATOMS AS GROUPS


   5.  REFERENCE ATOM COORDINATES

  defa
     Mask !@H=; matches   799 atoms

--------------------------------------------------------------------------------
   3.  ATOMIC COORDINATES AND VELOCITIES
--------------------------------------------------------------------------------

default_name                                                                    
 begin time read from input coords =     0.000 ps

 Number of triangulated 3-point waters found:        0

--------------------------------------------------------------------------------
   4.  RESULTS
--------------------------------------------------------------------------------



   NSTEP       ENERGY          RMS            GMAX         NAME    NUMBER
      1      -2.1578E+03     9.1910E+00     6.3522E+01     OE1       104

 BOND    =       70.6780  ANGLE   =      212.2428  DIHED      =     1077.1091
 VDWAALS =     -630.8228  EEL     =    -7295.1357  EGB        =    -1759.5867
 1-4 VDW =      449.6545  1-4 EEL =     5718.0743  RESTRAINT  =        0.0000


   NSTEP       ENERGY          RMS            GMAX         NAME    NUMBER
    100      -2.5527E+03     3.3758E-01     4.2042E+00     OG1      1388

 BOND    =       32.7361  ANGLE   =      211.0553  DIHED      =     1079.4471
 VDWAALS =     -788.8185  EEL     =    -7310.4201  EGB        =    -1774.7572
 1-4 VDW =      334.4796  1-4 EEL =     5619.8325  RESTRAINT  =       43.7063
 EAMBER  =    -2596.4452


   NSTEP       ENERGY          RMS            GMAX         NAME    NUMBER
    200      -2.5610E+03     1.2987E-01     1.7762E+00     HG1        46

 BOND    =       32.3674  ANGLE   =      211.1317  DIHED      =     1076.8141
 VDWAALS =     -791.5606  EEL     =    -7314.3888  EGB        =    -1776.9939
 1-4 VDW =      334.8197  1-4 EEL =     5621.3785  RESTRAINT  =       45.4294
 EAMBER  =    -2606.4320


   NSTEP       ENERGY          RMS            GMAX         NAME    NUMBER
    300      -2.5617E+03     2.4272E-02     4.3260E-01     CD       1119

 BOND    =       32.1551  ANGLE   =      210.8180  DIHED      =     1076.7447
 VDWAALS =     -792.1733  EEL     =    -7315.4492  EGB        =    -1777.4501
 1-4 VDW =      335.4758  1-4 EEL =     5622.8323  RESTRAINT  =       45.3624
 EAMBER  =    -2607.0466


   NSTEP       ENERGY          RMS            GMAX         NAME    NUMBER
    400      -2.5621E+03     3.4196E-01     1.4264E+01     HG       1180

 BOND    =       33.0930  ANGLE   =      211.8868  DIHED      =     1077.4760
 VDWAALS =     -793.0002  EEL     =    -7320.0968  EGB        =    -1774.9858
 1-4 VDW =      334.3271  1-4 EEL =     5622.8961  RESTRAINT  =       46.2583
 EAMBER  =    -2608.4038


   NSTEP       ENERGY          RMS            GMAX         NAME    NUMBER
    500      -2.5676E+03     3.5815E-02     6.4044E-01     CG        589

 BOND    =       32.3199  ANGLE   =      211.0009  DIHED      =     1076.4084
 VDWAALS =     -790.8687  EEL     =    -7326.6632  EGB        =    -1773.1733
 1-4 VDW =      335.4682  1-4 EEL =     5622.7511  RESTRAINT  =       45.1650
 EAMBER  =    -2612.7566


   NSTEP       ENERGY          RMS            GMAX         NAME    NUMBER
    600      -2.5676E+03     1.2270E-02     2.4238E-01     HG1       635

 BOND    =       32.2844  ANGLE   =      210.9489  DIHED      =     1076.4983
 VDWAALS =     -790.8145  EEL     =    -7327.3299  EGB        =    -1772.9026
 1-4 VDW =      335.5509  1-4 EEL =     5622.9954  RESTRAINT  =       45.1392
 EAMBER  =    -2612.7691


   NSTEP       ENERGY          RMS            GMAX         NAME    NUMBER
    700      -2.5677E+03     1.0027E-01     1.9069E+00     CD       1119

 BOND    =       32.3437  ANGLE   =      211.1328  DIHED      =     1076.4912
 VDWAALS =     -790.9882  EEL     =    -7328.4273  EGB        =    -1772.3617
 1-4 VDW =      335.3940  1-4 EEL =     5623.4076  RESTRAINT  =       45.2729
 EAMBER  =    -2613.0080


   NSTEP       ENERGY          RMS            GMAX         NAME    NUMBER
    800      -2.5686E+03     5.5763E-02     8.7553E-01     CD       1119

 BOND    =       32.3357  ANGLE   =      211.0792  DIHED      =     1075.1712
 VDWAALS =     -791.1517  EEL     =    -7329.1394  EGB        =    -1771.7137
 1-4 VDW =      335.4097  1-4 EEL =     5624.1207  RESTRAINT  =       45.2982
 EAMBER  =    -2613.8882


   NSTEP       ENERGY          RMS            GMAX         NAME    NUMBER
    900      -2.5687E+03     7.0606E-03     1.6303E-01     CD       1119

 BOND    =       32.2502  ANGLE   =      210.9076  DIHED      =     1075.0148
 VDWAALS =     -790.8800  EEL     =    -7329.2735  EGB        =    -1771.6665
 1-4 VDW =      335.6450  1-4 EEL =     5624.1849  RESTRAINT  =       45.1666
 EAMBER  =    -2613.8175


   NSTEP       ENERGY          RMS            GMAX         NAME    NUMBER
   1000      -2.5687E+03     1.6586E-03     1.7960E-02     N        1183

 BOND    =       32.2420  ANGLE   =      210.8884  DIHED      =     1075.0115
 VDWAALS =     -790.8589  EEL     =    -7329.2785  EGB        =    -1771.6622
 1-4 VDW =      335.6677  1-4 EEL =     5624.1839  RESTRAINT  =       45.1545
 EAMBER  =    -2613.8060


  Maximum number of minimization cycles reached.


                    FINAL RESULTS



   NSTEP       ENERGY          RMS            GMAX         NAME    NUMBER
   1000      -2.5687E+03     1.6586E-03     1.7960E-02     N        1183

 BOND    =       32.2420  ANGLE   =      210.8884  DIHED      =     1075.0115
 VDWAALS =     -790.8589  EEL     =    -7329.2785  EGB        =    -1771.6622
 1-4 VDW =      335.6677  1-4 EEL =     5624.1839  RESTRAINT  =       45.1545
 EAMBER  =    -2613.8060

--------------------------------------------------------------------------------
   5.  TIMINGS
--------------------------------------------------------------------------------

|                Calc gb radii             58.61 (20.30% of Gen B)
|                Calc gb diag             108.45 (37.56% of Gen B)
|                Calc gb off-diag         121.69 (42.14% of Gen B)
|             Gen Born time            288.75 (100.0% of Nonbo)
|          Nonbond force            288.75 (99.28% of Force)
|          Bond/Angle/Dihedral        2.07 ( 0.71% of Force)
|          Other                      0.02 ( 0.01% of Force)
|       Force time               290.84 (100.0% of Runmd)
|    Runmd Time               290.84 (99.72% of Total)
|    Other                      0.81 ( 0.28% of Total)
| Total time               291.65 (100.0% of ALL  )

| Number of list builds   :          0

| Highest rstack allocated:          0
| Highest istack allocated:          0
|           Job began  at 13:25:45.637  on 02/03/2016
|           Setup done at 13:25:45.729  on 02/03/2016
|           Run   done at 13:30:37.289  on 02/03/2016
|     wallclock() was called   18028 times
