
          -------------------------------------------------------
          Amber 14 SANDER                              2014
          -------------------------------------------------------

| Run on 02/03/2016 at 12:42:48

|   Executable path: sander
| Working directory: /lustre/cs1500/scratch/kmb413/RealDecoyDisc/DecoyDiscrimination/decoys.set2.init/1aaj/Rosetta_relaxed
|          Hostname: slepner7


File Assignments:
|  MDIN: /scratch/kmb413/RealDecoyDisc/DecoyDiscrimination/scripts/min/min.in  
| MDOUT: NoH_1_empty_tag_1672_0001_0001.out                                    
|INPCRD: NoH_1_empty_tag_1672_0001_0001.rst7                                   
|  PARM: NoH_1_empty_tag_1672_0001_0001.parm7                                  
|RESTRT: min_NoH_1_empty_tag_1672_0001_0001.rst7                               
|  REFC: NoH_1_empty_tag_1672_0001_0001.rst7                                   
| MDVEL: mdvel                                                                 
| MDFRC: mdfrc                                                                 
|  MDEN: mden                                                                  
| MDCRD: mdcrd                                                                 
|MDINFO: mdinfo                                                                
|  MTMD: mtmd                                                                  
|INPDIP: inpdip                                                                
|RSTDIP: rstdip                                                                
|INPTRA: inptraj                                                               


 Here is the input file:

                                                                               
&cntrl                                                                         
    imin = 1, maxcyc=1000,                                                     
    ntx = 1,                                                                   
    ntwr = 100, ntpr = 100,                                                    
    cut = 999.0,                                                               
    ntb = 0, igb = 8,                                                          
    ntr = 1, restraint_wt = 10, restraintmask = "!@H=",                        
/                                                                              

--------------------------------------------------------------------------------
   1.  RESOURCE   USE: 
--------------------------------------------------------------------------------

| Flags:                                                                        
| New format PARM file being parsed.
| Version =    1.000 Date = 02/03/16 Time = 11:45:22
 NATOM  =    1590 NTYPES =      14 NBONH =     791 MBONA  =     820
 NTHETH =    1812 MTHETA =    1115 NPHIH =    3578 MPHIA  =    3525
 NHPARM =       0 NPARM  =       0 NNB   =    8805 NRES   =     104
 NBONA  =     820 NTHETA =    1115 NPHIA =    3525 NUMBND =      65
 NUMANG =     152 NPTRA  =     189 NATYP =      33 NPHB   =       0
 IFBOX  =       0 NMXRS  =      24 IFCAP =       0 NEXTRA =       0
 NCOPY  =       0

 Implicit solvent radii are ArgH and AspGluO modified Bondi2 radii (mbondi3)                                
 Replacing prmtop screening parameters with GBn2 (igb=8) values

|     Memory Use     Allocated
|     Real              145027
|     Hollerith           4876
|     Integer           109197
|     Max Pairs              1
|     nblistReal             0
|     nblist Int             0
|       Total             1578 kbytes

| Note: 1-4 EEL scale factors are being read from the topology file.

| Note: 1-4 VDW scale factors are being read from the topology file.
| Duplicated    0 dihedrals
| Duplicated    0 dihedrals

--------------------------------------------------------------------------------
   2.  CONTROL  DATA  FOR  THE  RUN
--------------------------------------------------------------------------------

default_name                                                                    

General flags:
     imin    =       1, nmropt  =       0

Nature and format of input:
     ntx     =       1, irest   =       0, ntrx    =       1

Nature and format of output:
     ntxo    =       1, ntpr    =     100, ntrx    =       1, ntwr    =     100
     iwrap   =       0, ntwx    =       0, ntwv    =       0, ntwe    =       0
     ioutfm  =       0, ntwprt  =       0, idecomp =       0, rbornstat=      0

Potential function:
     ntf     =       1, ntb     =       0, igb     =       8, nsnb    =      25
     ipol    =       0, gbsa    =       0, iesp    =       0
     dielc   =   1.00000, cut     = 999.00000, intdiel =   1.00000
     saltcon =   0.00000, offset  =   0.19514, surften =   0.00500
     rdt     =   0.00000, rgbmax  =  25.00000  extdiel =  78.50000
     alpb  =        0
     gbalphaH  =   0.78844, gbbetaH   =   0.79870,  gbgammaH  =    0.43733
     gbalphaC  =   0.73376, gbbetaC   =   0.50638,  gbgammaC  =    0.20584
     gbalphaN  =   0.50336, gbbetaN   =   0.31683,  gbgammaN  =    0.19292
     gbalphaOS =   0.86781, gbbetaOS  =   0.87664,  gbgammaOS =    0.38788
     gbalphaP  =   1.00000, gbbetaP   =   0.80000,  gbgammaP  =    4.85000
     gb_alpha_hnu  =   0.53705, gb_beta_hnu   =   0.36286,  gb_gamma_hnu  =    0.11670
     gb_alpha_cnu  =   0.33167, gb_beta_cnu   =   0.19684,  gb_gamma_cnu  =    0.09342
     gb_alpha_nnu  =   0.68631, gb_beta_nnu   =   0.46319,  gb_gamma_nnu  =    0.13872
     gb_alpha_onu  =   0.60634, gb_beta_onu   =   0.46301,  gb_gamma_onu  =    0.14226
     gb_alpha_pnu  =   0.41836, gb_beta_pnu   =   0.29005,  gb_gamma_pnu  =    0.10642

Frozen or restrained atoms:
     ibelly  =       0, ntr     =       1
     restraint_wt =  10.00000

Energy minimization:
     maxcyc  =    1000, ncyc    =      10, ntmin   =       1
     dx0     =   0.01000, drms    =   0.00010
|  INFO: Old style inpcrd file read


    LOADING THE CONSTRAINED ATOMS AS GROUPS


   5.  REFERENCE ATOM COORDINATES

  defa
     Mask !@H=; matches   799 atoms

--------------------------------------------------------------------------------
   3.  ATOMIC COORDINATES AND VELOCITIES
--------------------------------------------------------------------------------

default_name                                                                    
 begin time read from input coords =     0.000 ps

 Number of triangulated 3-point waters found:        0

--------------------------------------------------------------------------------
   4.  RESULTS
--------------------------------------------------------------------------------



   NSTEP       ENERGY          RMS            GMAX         NAME    NUMBER
      1      -2.2279E+03     9.0943E+00     6.1667E+01     OE1      1261

 BOND    =       69.5097  ANGLE   =      211.6828  DIHED      =     1067.6129
 VDWAALS =     -653.0297  EEL     =    -7180.9716  EGB        =    -1877.2182
 1-4 VDW =      441.7460  1-4 EEL =     5692.7503  RESTRAINT  =        0.0000


   NSTEP       ENERGY          RMS            GMAX         NAME    NUMBER
    100      -2.6006E+03     2.9434E-01     3.5943E+00     OG1      1388

 BOND    =       30.9217  ANGLE   =      208.0370  DIHED      =     1068.5608
 VDWAALS =     -791.9144  EEL     =    -7212.0814  EGB        =    -1889.7466
 1-4 VDW =      333.0774  1-4 EEL =     5611.3339  RESTRAINT  =       41.2593
 EAMBER  =    -2641.8116


   NSTEP       ENERGY          RMS            GMAX         NAME    NUMBER
    200      -2.6084E+03     1.6081E-01     1.8388E+00     H2          3

 BOND    =       30.9076  ANGLE   =      208.6400  DIHED      =     1066.2123
 VDWAALS =     -795.0206  EEL     =    -7217.7080  EGB        =    -1889.5021
 1-4 VDW =      332.6207  1-4 EEL =     5611.9479  RESTRAINT  =       43.5064
 EAMBER  =    -2651.9023


   NSTEP       ENERGY          RMS            GMAX         NAME    NUMBER
    300      -2.6101E+03     6.7473E-02     6.4412E-01     CD       1260

 BOND    =       30.6978  ANGLE   =      208.4676  DIHED      =     1065.6110
 VDWAALS =     -796.0516  EEL     =    -7218.7067  EGB        =    -1889.1225
 1-4 VDW =      333.3917  1-4 EEL =     5611.9642  RESTRAINT  =       43.6290
 EAMBER  =    -2653.7486


   NSTEP       ENERGY          RMS            GMAX         NAME    NUMBER
    400      -2.6102E+03     2.8885E-02     2.3850E-01     C          33

 BOND    =       30.6497  ANGLE   =      208.3217  DIHED      =     1065.7801
 VDWAALS =     -796.3102  EEL     =    -7218.5032  EGB        =    -1889.3571
 1-4 VDW =      333.5985  1-4 EEL =     5611.9348  RESTRAINT  =       43.6695
 EAMBER  =    -2653.8857


   NSTEP       ENERGY          RMS            GMAX         NAME    NUMBER
    500      -2.6102E+03     5.6988E-03     7.3187E-02     HG1       635

 BOND    =       30.6446  ANGLE   =      208.2896  DIHED      =     1065.8862
 VDWAALS =     -796.4001  EEL     =    -7218.2147  EGB        =    -1889.6311
 1-4 VDW =      333.6559  1-4 EEL =     5611.8481  RESTRAINT  =       43.6848
 EAMBER  =    -2653.9215


   NSTEP       ENERGY          RMS            GMAX         NAME    NUMBER
    600      -2.6102E+03     8.9380E-03     1.3256E-01     CD       1260

 BOND    =       30.6411  ANGLE   =      208.3028  DIHED      =     1066.0235
 VDWAALS =     -796.4272  EEL     =    -7217.7972  EGB        =    -1890.0358
 1-4 VDW =      333.6564  1-4 EEL =     5611.6991  RESTRAINT  =       43.6920
 EAMBER  =    -2653.9374


   NSTEP       ENERGY          RMS            GMAX         NAME    NUMBER
    700      -2.6103E+03     2.3981E-02     3.4267E-01     HG1       635

 BOND    =       30.6888  ANGLE   =      208.4074  DIHED      =     1066.3857
 VDWAALS =     -796.4750  EEL     =    -7216.9921  EGB        =    -1890.9547
 1-4 VDW =      333.5343  1-4 EEL =     5611.3851  RESTRAINT  =       43.7483
 EAMBER  =    -2654.0204


   NSTEP       ENERGY          RMS            GMAX         NAME    NUMBER
    800      -2.6189E+03     3.3556E-01     6.8058E+00     CB        628

 BOND    =       31.1400  ANGLE   =      209.5895  DIHED      =     1066.7891
 VDWAALS =     -795.3397  EEL     =    -7216.1669  EGB        =    -1901.3706
 1-4 VDW =      332.5371  1-4 EEL =     5609.8588  RESTRAINT  =       44.0291
 EAMBER  =    -2662.9627


   NSTEP       ENERGY          RMS            GMAX         NAME    NUMBER
    900      -2.6224E+03     1.3201E-02     1.8419E-01     CB        628

 BOND    =       30.8130  ANGLE   =      208.4742  DIHED      =     1065.1586
 VDWAALS =     -793.6044  EEL     =    -7217.6674  EGB        =    -1903.5994
 1-4 VDW =      333.6702  1-4 EEL =     5611.4807  RESTRAINT  =       42.8265
 EAMBER  =    -2665.2745


   NSTEP       ENERGY          RMS            GMAX         NAME    NUMBER
   1000      -2.6225E+03     7.3329E-03     1.5573E-01     CD       1260

 BOND    =       30.8006  ANGLE   =      208.4255  DIHED      =     1065.2207
 VDWAALS =     -793.5717  EEL     =    -7217.4503  EGB        =    -1904.0060
 1-4 VDW =      333.7439  1-4 EEL =     5611.5901  RESTRAINT  =       42.7866
 EAMBER  =    -2665.2473


  Maximum number of minimization cycles reached.


                    FINAL RESULTS



   NSTEP       ENERGY          RMS            GMAX         NAME    NUMBER
   1000      -2.6225E+03     7.3329E-03     1.5573E-01     CD       1260

 BOND    =       30.8006  ANGLE   =      208.4255  DIHED      =     1065.2207
 VDWAALS =     -793.5717  EEL     =    -7217.4503  EGB        =    -1904.0060
 1-4 VDW =      333.7439  1-4 EEL =     5611.5901  RESTRAINT  =       42.7866
 EAMBER  =    -2665.2473

--------------------------------------------------------------------------------
   5.  TIMINGS
--------------------------------------------------------------------------------

|                Calc gb radii             59.41 (20.45% of Gen B)
|                Calc gb diag             109.93 (37.85% of Gen B)
|                Calc gb off-diag         121.10 (41.70% of Gen B)
|             Gen Born time            290.44 (100.0% of Nonbo)
|          Nonbond force            290.44 (99.29% of Force)
|          Bond/Angle/Dihedral        2.06 ( 0.71% of Force)
|          Other                      0.02 ( 0.01% of Force)
|       Force time               292.52 (100.0% of Runmd)
|    Runmd Time               292.52 (99.72% of Total)
|    Other                      0.81 ( 0.27% of Total)
| Total time               293.33 (100.0% of ALL  )

| Number of list builds   :          0

| Highest rstack allocated:          0
| Highest istack allocated:          0
|           Job began  at 12:42:48.822  on 02/03/2016
|           Setup done at 12:42:48.873  on 02/03/2016
|           Run   done at 12:47:42.150  on 02/03/2016
|     wallclock() was called   18028 times
