
          -------------------------------------------------------
          Amber 14 SANDER                              2014
          -------------------------------------------------------

| Run on 02/03/2016 at 12:57:33

|   Executable path: sander
| Working directory: /lustre/cs1500/scratch/kmb413/RealDecoyDisc/DecoyDiscrimination/decoys.set2.init/1aaj/Rosetta_relaxed
|          Hostname: slepner7


File Assignments:
|  MDIN: /scratch/kmb413/RealDecoyDisc/DecoyDiscrimination/scripts/min/min.in  
| MDOUT: NoH_1_empty_tag_198_0001_1_0001.out                                   
|INPCRD: NoH_1_empty_tag_198_0001_1_0001.rst7                                  
|  PARM: NoH_1_empty_tag_198_0001_1_0001.parm7                                 
|RESTRT: min_NoH_1_empty_tag_198_0001_1_0001.rst7                              
|  REFC: NoH_1_empty_tag_198_0001_1_0001.rst7                                  
| MDVEL: mdvel                                                                 
| MDFRC: mdfrc                                                                 
|  MDEN: mden                                                                  
| MDCRD: mdcrd                                                                 
|MDINFO: mdinfo                                                                
|  MTMD: mtmd                                                                  
|INPDIP: inpdip                                                                
|RSTDIP: rstdip                                                                
|INPTRA: inptraj                                                               


 Here is the input file:

                                                                               
&cntrl                                                                         
    imin = 1, maxcyc=1000,                                                     
    ntx = 1,                                                                   
    ntwr = 100, ntpr = 100,                                                    
    cut = 999.0,                                                               
    ntb = 0, igb = 8,                                                          
    ntr = 1, restraint_wt = 10, restraintmask = "!@H=",                        
/                                                                              

--------------------------------------------------------------------------------
   1.  RESOURCE   USE: 
--------------------------------------------------------------------------------

| Flags:                                                                        
| New format PARM file being parsed.
| Version =    1.000 Date = 02/03/16 Time = 11:45:38
 NATOM  =    1590 NTYPES =      14 NBONH =     791 MBONA  =     820
 NTHETH =    1812 MTHETA =    1115 NPHIH =    3578 MPHIA  =    3525
 NHPARM =       0 NPARM  =       0 NNB   =    8805 NRES   =     104
 NBONA  =     820 NTHETA =    1115 NPHIA =    3525 NUMBND =      65
 NUMANG =     152 NPTRA  =     189 NATYP =      33 NPHB   =       0
 IFBOX  =       0 NMXRS  =      24 IFCAP =       0 NEXTRA =       0
 NCOPY  =       0

 Implicit solvent radii are ArgH and AspGluO modified Bondi2 radii (mbondi3)                                
 Replacing prmtop screening parameters with GBn2 (igb=8) values

|     Memory Use     Allocated
|     Real              145027
|     Hollerith           4876
|     Integer           109197
|     Max Pairs              1
|     nblistReal             0
|     nblist Int             0
|       Total             1578 kbytes

| Note: 1-4 EEL scale factors are being read from the topology file.

| Note: 1-4 VDW scale factors are being read from the topology file.
| Duplicated    0 dihedrals
| Duplicated    0 dihedrals

--------------------------------------------------------------------------------
   2.  CONTROL  DATA  FOR  THE  RUN
--------------------------------------------------------------------------------

default_name                                                                    

General flags:
     imin    =       1, nmropt  =       0

Nature and format of input:
     ntx     =       1, irest   =       0, ntrx    =       1

Nature and format of output:
     ntxo    =       1, ntpr    =     100, ntrx    =       1, ntwr    =     100
     iwrap   =       0, ntwx    =       0, ntwv    =       0, ntwe    =       0
     ioutfm  =       0, ntwprt  =       0, idecomp =       0, rbornstat=      0

Potential function:
     ntf     =       1, ntb     =       0, igb     =       8, nsnb    =      25
     ipol    =       0, gbsa    =       0, iesp    =       0
     dielc   =   1.00000, cut     = 999.00000, intdiel =   1.00000
     saltcon =   0.00000, offset  =   0.19514, surften =   0.00500
     rdt     =   0.00000, rgbmax  =  25.00000  extdiel =  78.50000
     alpb  =        0
     gbalphaH  =   0.78844, gbbetaH   =   0.79870,  gbgammaH  =    0.43733
     gbalphaC  =   0.73376, gbbetaC   =   0.50638,  gbgammaC  =    0.20584
     gbalphaN  =   0.50336, gbbetaN   =   0.31683,  gbgammaN  =    0.19292
     gbalphaOS =   0.86781, gbbetaOS  =   0.87664,  gbgammaOS =    0.38788
     gbalphaP  =   1.00000, gbbetaP   =   0.80000,  gbgammaP  =    4.85000
     gb_alpha_hnu  =   0.53705, gb_beta_hnu   =   0.36286,  gb_gamma_hnu  =    0.11670
     gb_alpha_cnu  =   0.33167, gb_beta_cnu   =   0.19684,  gb_gamma_cnu  =    0.09342
     gb_alpha_nnu  =   0.68631, gb_beta_nnu   =   0.46319,  gb_gamma_nnu  =    0.13872
     gb_alpha_onu  =   0.60634, gb_beta_onu   =   0.46301,  gb_gamma_onu  =    0.14226
     gb_alpha_pnu  =   0.41836, gb_beta_pnu   =   0.29005,  gb_gamma_pnu  =    0.10642

Frozen or restrained atoms:
     ibelly  =       0, ntr     =       1
     restraint_wt =  10.00000

Energy minimization:
     maxcyc  =    1000, ncyc    =      10, ntmin   =       1
     dx0     =   0.01000, drms    =   0.00010
|  INFO: Old style inpcrd file read


    LOADING THE CONSTRAINED ATOMS AS GROUPS


   5.  REFERENCE ATOM COORDINATES

  defa
     Mask !@H=; matches   799 atoms

--------------------------------------------------------------------------------
   3.  ATOMIC COORDINATES AND VELOCITIES
--------------------------------------------------------------------------------

default_name                                                                    
 begin time read from input coords =     0.000 ps

 Number of triangulated 3-point waters found:        0

--------------------------------------------------------------------------------
   4.  RESULTS
--------------------------------------------------------------------------------



   NSTEP       ENERGY          RMS            GMAX         NAME    NUMBER
      1      -2.0879E+03     9.0607E+00     6.0713E+01     OE1       104

 BOND    =       69.3817  ANGLE   =      210.6110  DIHED      =     1089.8996
 VDWAALS =     -557.2697  EEL     =    -7251.4830  EGB        =    -1793.4086
 1-4 VDW =      442.4949  1-4 EEL =     5701.8846  RESTRAINT  =        0.0000


   NSTEP       ENERGY          RMS            GMAX         NAME    NUMBER
    100      -2.4530E+03     4.6766E-01     4.5543E+00     CD2       659

 BOND    =       32.6155  ANGLE   =      209.6621  DIHED      =     1097.0438
 VDWAALS =     -686.5524  EEL     =    -7282.4927  EGB        =    -1804.8388
 1-4 VDW =      324.9683  1-4 EEL =     5613.3433  RESTRAINT  =       43.2872
 EAMBER  =    -2496.2509


   NSTEP       ENERGY          RMS            GMAX         NAME    NUMBER
    200      -2.4635E+03     4.6087E-01     1.2513E+01     HH       1165

 BOND    =       33.3276  ANGLE   =      210.5588  DIHED      =     1095.4612
 VDWAALS =     -689.0109  EEL     =    -7294.0734  EGB        =    -1803.0989
 1-4 VDW =      324.0503  1-4 EEL =     5613.2193  RESTRAINT  =       46.1046
 EAMBER  =    -2509.5661


   NSTEP       ENERGY          RMS            GMAX         NAME    NUMBER
    300      -2.4684E+03     1.6913E-01     2.3276E+00     CE1      1161

 BOND    =       32.5730  ANGLE   =      209.8332  DIHED      =     1093.3001
 VDWAALS =     -688.2850  EEL     =    -7296.2483  EGB        =    -1802.3775
 1-4 VDW =      325.0229  1-4 EEL =     5613.0465  RESTRAINT  =       44.7642
 EAMBER  =    -2513.1351


   NSTEP       ENERGY          RMS            GMAX         NAME    NUMBER
    400      -2.4691E+03     7.1497E-02     1.0863E+00     CD        193

 BOND    =       32.3443  ANGLE   =      209.5065  DIHED      =     1093.6858
 VDWAALS =     -687.5349  EEL     =    -7298.3978  EGB        =    -1801.6226
 1-4 VDW =      325.6550  1-4 EEL =     5612.8238  RESTRAINT  =       44.3982
 EAMBER  =    -2513.5399


   NSTEP       ENERGY          RMS            GMAX         NAME    NUMBER
    500      -2.4761E+03     6.2044E-02     6.5550E-01     HG22      602

 BOND    =       32.5967  ANGLE   =      209.6439  DIHED      =     1092.2490
 VDWAALS =     -686.5272  EEL     =    -7307.3441  EGB        =    -1798.5141
 1-4 VDW =      325.4327  1-4 EEL =     5612.2120  RESTRAINT  =       44.1911
 EAMBER  =    -2520.2511


   NSTEP       ENERGY          RMS            GMAX         NAME    NUMBER
    600      -2.4795E+03     2.9564E-01     5.0971E+00     OG1      1388

 BOND    =       33.3242  ANGLE   =      210.9670  DIHED      =     1091.6667
 VDWAALS =     -686.7372  EEL     =    -7316.6282  EGB        =    -1794.1296
 1-4 VDW =      324.1544  1-4 EEL =     5613.0167  RESTRAINT  =       44.8338
 EAMBER  =    -2524.3659


   NSTEP       ENERGY          RMS            GMAX         NAME    NUMBER
    700      -2.4810E+03     1.9481E-02     3.7117E-01     OG1      1388

 BOND    =       32.4384  ANGLE   =      209.5998  DIHED      =     1090.5554
 VDWAALS =     -684.9644  EEL     =    -7318.9336  EGB        =    -1793.1350
 1-4 VDW =      325.8438  1-4 EEL =     5614.2376  RESTRAINT  =       43.3439
 EAMBER  =    -2524.3581


   NSTEP       ENERGY          RMS            GMAX         NAME    NUMBER
    800      -2.4810E+03     1.2359E-02     1.2895E-01     CG        589

 BOND    =       32.4292  ANGLE   =      209.5689  DIHED      =     1090.5947
 VDWAALS =     -684.9153  EEL     =    -7319.0179  EGB        =    -1793.2004
 1-4 VDW =      325.8636  1-4 EEL =     5614.2585  RESTRAINT  =       43.3866
 EAMBER  =    -2524.4187


   NSTEP       ENERGY          RMS            GMAX         NAME    NUMBER
    900      -2.4810E+03     2.0078E-02     2.6027E-01     CG2      1384

 BOND    =       32.4005  ANGLE   =      209.5680  DIHED      =     1090.7231
 VDWAALS =     -684.9072  EEL     =    -7319.1221  EGB        =    -1793.2932
 1-4 VDW =      325.8837  1-4 EEL =     5614.1875  RESTRAINT  =       43.5107
 EAMBER  =    -2524.5596


   NSTEP       ENERGY          RMS            GMAX         NAME    NUMBER
   1000      -2.4811E+03     4.5288E-03     4.9280E-02     CB        685

 BOND    =       32.3872  ANGLE   =      209.5510  DIHED      =     1090.7552
 VDWAALS =     -684.9089  EEL     =    -7319.1601  EGB        =    -1793.3437
 1-4 VDW =      325.8748  1-4 EEL =     5614.2286  RESTRAINT  =       43.5597
 EAMBER  =    -2524.6159


  Maximum number of minimization cycles reached.


                    FINAL RESULTS



   NSTEP       ENERGY          RMS            GMAX         NAME    NUMBER
   1000      -2.4811E+03     4.5288E-03     4.9280E-02     CB        685

 BOND    =       32.3872  ANGLE   =      209.5510  DIHED      =     1090.7552
 VDWAALS =     -684.9089  EEL     =    -7319.1601  EGB        =    -1793.3437
 1-4 VDW =      325.8748  1-4 EEL =     5614.2286  RESTRAINT  =       43.5597
 EAMBER  =    -2524.6159

--------------------------------------------------------------------------------
   5.  TIMINGS
--------------------------------------------------------------------------------

|                Calc gb radii             52.89 (19.56% of Gen B)
|                Calc gb diag              96.35 (35.63% of Gen B)
|                Calc gb off-diag         121.20 (44.81% of Gen B)
|             Gen Born time            270.44 (100.0% of Nonbo)
|          Nonbond force            270.44 (99.23% of Force)
|          Bond/Angle/Dihedral        2.08 ( 0.76% of Force)
|          Other                      0.02 ( 0.01% of Force)
|       Force time               272.53 (100.0% of Runmd)
|    Runmd Time               272.53 (99.66% of Total)
|    Other                      0.94 ( 0.34% of Total)
| Total time               273.48 (100.0% of ALL  )

| Number of list builds   :          0

| Highest rstack allocated:          0
| Highest istack allocated:          0
|           Job began  at 12:57:33.779  on 02/03/2016
|           Setup done at 12:57:33.846  on 02/03/2016
|           Run   done at 13:02:07.256  on 02/03/2016
|     wallclock() was called   18028 times
