
          -------------------------------------------------------
          Amber 14 SANDER                              2014
          -------------------------------------------------------

| Run on 02/03/2016 at 12:16:13

|   Executable path: sander
| Working directory: /lustre/cs1500/scratch/kmb413/RealDecoyDisc/DecoyDiscrimination/decoys.set2.init/1aaj/Rosetta_relaxed
|          Hostname: slepner7


File Assignments:
|  MDIN: /scratch/kmb413/RealDecoyDisc/DecoyDiscrimination/scripts/min/min.in  
| MDOUT: NoH_1_empty_tag_1465_0001_0001.out                                    
|INPCRD: NoH_1_empty_tag_1465_0001_0001.rst7                                   
|  PARM: NoH_1_empty_tag_1465_0001_0001.parm7                                  
|RESTRT: min_NoH_1_empty_tag_1465_0001_0001.rst7                               
|  REFC: NoH_1_empty_tag_1465_0001_0001.rst7                                   
| MDVEL: mdvel                                                                 
| MDFRC: mdfrc                                                                 
|  MDEN: mden                                                                  
| MDCRD: mdcrd                                                                 
|MDINFO: mdinfo                                                                
|  MTMD: mtmd                                                                  
|INPDIP: inpdip                                                                
|RSTDIP: rstdip                                                                
|INPTRA: inptraj                                                               


 Here is the input file:

                                                                               
&cntrl                                                                         
    imin = 1, maxcyc=1000,                                                     
    ntx = 1,                                                                   
    ntwr = 100, ntpr = 100,                                                    
    cut = 999.0,                                                               
    ntb = 0, igb = 8,                                                          
    ntr = 1, restraint_wt = 10, restraintmask = "!@H=",                        
/                                                                              

--------------------------------------------------------------------------------
   1.  RESOURCE   USE: 
--------------------------------------------------------------------------------

| Flags:                                                                        
| New format PARM file being parsed.
| Version =    1.000 Date = 02/03/16 Time = 11:45:05
 NATOM  =    1590 NTYPES =      14 NBONH =     791 MBONA  =     820
 NTHETH =    1812 MTHETA =    1115 NPHIH =    3578 MPHIA  =    3525
 NHPARM =       0 NPARM  =       0 NNB   =    8805 NRES   =     104
 NBONA  =     820 NTHETA =    1115 NPHIA =    3525 NUMBND =      65
 NUMANG =     152 NPTRA  =     189 NATYP =      33 NPHB   =       0
 IFBOX  =       0 NMXRS  =      24 IFCAP =       0 NEXTRA =       0
 NCOPY  =       0

 Implicit solvent radii are ArgH and AspGluO modified Bondi2 radii (mbondi3)                                
 Replacing prmtop screening parameters with GBn2 (igb=8) values

|     Memory Use     Allocated
|     Real              145027
|     Hollerith           4876
|     Integer           109197
|     Max Pairs              1
|     nblistReal             0
|     nblist Int             0
|       Total             1578 kbytes

| Note: 1-4 EEL scale factors are being read from the topology file.

| Note: 1-4 VDW scale factors are being read from the topology file.
| Duplicated    0 dihedrals
| Duplicated    0 dihedrals

--------------------------------------------------------------------------------
   2.  CONTROL  DATA  FOR  THE  RUN
--------------------------------------------------------------------------------

default_name                                                                    

General flags:
     imin    =       1, nmropt  =       0

Nature and format of input:
     ntx     =       1, irest   =       0, ntrx    =       1

Nature and format of output:
     ntxo    =       1, ntpr    =     100, ntrx    =       1, ntwr    =     100
     iwrap   =       0, ntwx    =       0, ntwv    =       0, ntwe    =       0
     ioutfm  =       0, ntwprt  =       0, idecomp =       0, rbornstat=      0

Potential function:
     ntf     =       1, ntb     =       0, igb     =       8, nsnb    =      25
     ipol    =       0, gbsa    =       0, iesp    =       0
     dielc   =   1.00000, cut     = 999.00000, intdiel =   1.00000
     saltcon =   0.00000, offset  =   0.19514, surften =   0.00500
     rdt     =   0.00000, rgbmax  =  25.00000  extdiel =  78.50000
     alpb  =        0
     gbalphaH  =   0.78844, gbbetaH   =   0.79870,  gbgammaH  =    0.43733
     gbalphaC  =   0.73376, gbbetaC   =   0.50638,  gbgammaC  =    0.20584
     gbalphaN  =   0.50336, gbbetaN   =   0.31683,  gbgammaN  =    0.19292
     gbalphaOS =   0.86781, gbbetaOS  =   0.87664,  gbgammaOS =    0.38788
     gbalphaP  =   1.00000, gbbetaP   =   0.80000,  gbgammaP  =    4.85000
     gb_alpha_hnu  =   0.53705, gb_beta_hnu   =   0.36286,  gb_gamma_hnu  =    0.11670
     gb_alpha_cnu  =   0.33167, gb_beta_cnu   =   0.19684,  gb_gamma_cnu  =    0.09342
     gb_alpha_nnu  =   0.68631, gb_beta_nnu   =   0.46319,  gb_gamma_nnu  =    0.13872
     gb_alpha_onu  =   0.60634, gb_beta_onu   =   0.46301,  gb_gamma_onu  =    0.14226
     gb_alpha_pnu  =   0.41836, gb_beta_pnu   =   0.29005,  gb_gamma_pnu  =    0.10642

Frozen or restrained atoms:
     ibelly  =       0, ntr     =       1
     restraint_wt =  10.00000

Energy minimization:
     maxcyc  =    1000, ncyc    =      10, ntmin   =       1
     dx0     =   0.01000, drms    =   0.00010
|  INFO: Old style inpcrd file read


    LOADING THE CONSTRAINED ATOMS AS GROUPS


   5.  REFERENCE ATOM COORDINATES

  defa
     Mask !@H=; matches   799 atoms

--------------------------------------------------------------------------------
   3.  ATOMIC COORDINATES AND VELOCITIES
--------------------------------------------------------------------------------

default_name                                                                    
 begin time read from input coords =     0.000 ps

 Number of triangulated 3-point waters found:        0

--------------------------------------------------------------------------------
   4.  RESULTS
--------------------------------------------------------------------------------



   NSTEP       ENERGY          RMS            GMAX         NAME    NUMBER
      1      -2.1945E+03     9.2543E+00     6.0032E+01     OE1       481

 BOND    =       71.6544  ANGLE   =      212.0000  DIHED      =     1087.8275
 VDWAALS =     -632.3910  EEL     =    -7164.1805  EGB        =    -1949.2194
 1-4 VDW =      443.5892  1-4 EEL =     5736.2247  RESTRAINT  =        0.0000


   NSTEP       ENERGY          RMS            GMAX         NAME    NUMBER
    100      -2.5797E+03     5.1956E-01     5.6034E+00     CG       1324

 BOND    =       32.4823  ANGLE   =      210.8758  DIHED      =     1092.6613
 VDWAALS =     -792.0987  EEL     =    -7178.5470  EGB        =    -1966.5175
 1-4 VDW =      327.3977  1-4 EEL =     5648.1409  RESTRAINT  =       45.9219
 EAMBER  =    -2625.6053


   NSTEP       ENERGY          RMS            GMAX         NAME    NUMBER
    200      -2.5884E+03     1.4260E-01     1.3471E+00     H2          3

 BOND    =       31.6841  ANGLE   =      209.7873  DIHED      =     1090.2316
 VDWAALS =     -793.1383  EEL     =    -7190.4840  EGB        =    -1961.9609
 1-4 VDW =      328.8968  1-4 EEL =     5650.5495  RESTRAINT  =       45.9884
 EAMBER  =    -2634.4339


   NSTEP       ENERGY          RMS            GMAX         NAME    NUMBER
    300      -2.5896E+03     7.9856E-02     1.2884E+00     CA          5

 BOND    =       31.3358  ANGLE   =      209.5062  DIHED      =     1089.3859
 VDWAALS =     -793.4391  EEL     =    -7190.2755  EGB        =    -1961.9905
 1-4 VDW =      329.4766  1-4 EEL =     5650.4401  RESTRAINT  =       45.9931
 EAMBER  =    -2635.5604


   NSTEP       ENERGY          RMS            GMAX         NAME    NUMBER
    400      -2.5941E+03     1.3440E-01     2.3011E+00     CE2       650

 BOND    =       31.4181  ANGLE   =      209.7035  DIHED      =     1089.1540
 VDWAALS =     -792.4144  EEL     =    -7195.4517  EGB        =    -1962.0670
 1-4 VDW =      329.5242  1-4 EEL =     5650.3578  RESTRAINT  =       45.6855
 EAMBER  =    -2639.7755


   NSTEP       ENERGY          RMS            GMAX         NAME    NUMBER
    500      -2.5943E+03     1.2098E-01     1.5405E+00     CD       1119

 BOND    =       31.3574  ANGLE   =      209.5145  DIHED      =     1089.4605
 VDWAALS =     -792.4330  EEL     =    -7197.9499  EGB        =    -1960.6859
 1-4 VDW =      329.8145  1-4 EEL =     5651.0713  RESTRAINT  =       45.5137
 EAMBER  =    -2639.8505


   NSTEP       ENERGY          RMS            GMAX         NAME    NUMBER
    600      -2.6012E+03     1.6731E-01     2.7449E+00     CA       1174

 BOND    =       31.6350  ANGLE   =      209.5292  DIHED      =     1088.6612
 VDWAALS =     -790.4268  EEL     =    -7209.0157  EGB        =    -1958.2401
 1-4 VDW =      329.8447  1-4 EEL =     5651.5174  RESTRAINT  =       45.3299
 EAMBER  =    -2646.4951


   NSTEP       ENERGY          RMS            GMAX         NAME    NUMBER
    700      -2.6031E+03     4.9174E-02     6.1983E-01     CB        628

 BOND    =       31.5294  ANGLE   =      209.4546  DIHED      =     1087.0807
 VDWAALS =     -790.7710  EEL     =    -7210.9893  EGB        =    -1957.1025
 1-4 VDW =      329.9240  1-4 EEL =     5652.4845  RESTRAINT  =       45.2871
 EAMBER  =    -2648.3895


   NSTEP       ENERGY          RMS            GMAX         NAME    NUMBER
    800      -2.6031E+03     2.9527E-03     4.0646E-02     CG2       630

 BOND    =       31.5084  ANGLE   =      209.3416  DIHED      =     1086.9819
 VDWAALS =     -790.6967  EEL     =    -7210.9897  EGB        =    -1957.1019
 1-4 VDW =      330.0423  1-4 EEL =     5652.5230  RESTRAINT  =       45.2509
 EAMBER  =    -2648.3911


   NSTEP       ENERGY          RMS            GMAX         NAME    NUMBER
    900      -2.6031E+03     7.0642E-04     8.8289E-03     C        1588

 BOND    =       31.5046  ANGLE   =      209.3315  DIHED      =     1086.9830
 VDWAALS =     -790.6956  EEL     =    -7210.9880  EGB        =    -1957.1013
 1-4 VDW =      330.0558  1-4 EEL =     5652.5217  RESTRAINT  =       45.2478
 EAMBER  =    -2648.3883


   NSTEP       ENERGY          RMS            GMAX         NAME    NUMBER
   1000      -2.6031E+03     7.0717E-04     7.9155E-03     CB        628

 BOND    =       31.5044  ANGLE   =      209.3305  DIHED      =     1086.9849
 VDWAALS =     -790.6969  EEL     =    -7210.9871  EGB        =    -1957.1017
 1-4 VDW =      330.0569  1-4 EEL =     5652.5209  RESTRAINT  =       45.2475
 EAMBER  =    -2648.3880


  Maximum number of minimization cycles reached.


                    FINAL RESULTS



   NSTEP       ENERGY          RMS            GMAX         NAME    NUMBER
   1000      -2.6031E+03     7.0717E-04     7.9155E-03     CB        628

 BOND    =       31.5044  ANGLE   =      209.3305  DIHED      =     1086.9849
 VDWAALS =     -790.6969  EEL     =    -7210.9871  EGB        =    -1957.1017
 1-4 VDW =      330.0569  1-4 EEL =     5652.5209  RESTRAINT  =       45.2475
 EAMBER  =    -2648.3880

--------------------------------------------------------------------------------
   5.  TIMINGS
--------------------------------------------------------------------------------

|                Calc gb radii             59.74 (20.36% of Gen B)
|                Calc gb diag             110.58 (37.68% of Gen B)
|                Calc gb off-diag         123.12 (41.96% of Gen B)
|             Gen Born time            293.44 (100.0% of Nonbo)
|          Nonbond force            293.44 (99.29% of Force)
|          Bond/Angle/Dihedral        2.09 ( 0.71% of Force)
|          Other                      0.02 ( 0.01% of Force)
|       Force time               295.55 (100.0% of Runmd)
|    Runmd Time               295.55 (99.65% of Total)
|    Other                      1.03 ( 0.35% of Total)
| Total time               296.58 (100.0% of ALL  )

| Number of list builds   :          0

| Highest rstack allocated:          0
| Highest istack allocated:          0
|           Job began  at 12:16:13.769  on 02/03/2016
|           Setup done at 12:16:13.819  on 02/03/2016
|           Run   done at 12:21:10.351  on 02/03/2016
|     wallclock() was called   18028 times
