
          -------------------------------------------------------
          Amber 14 SANDER                              2014
          -------------------------------------------------------

| Run on 02/03/2016 at 12:08:37

|   Executable path: sander
| Working directory: /lustre/cs1500/scratch/kmb413/RealDecoyDisc/DecoyDiscrimination/decoys.set2.init/1aaj/Rosetta_relaxed
|          Hostname: slepner13


File Assignments:
|  MDIN: /scratch/kmb413/RealDecoyDisc/DecoyDiscrimination/scripts/min/min.in  
| MDOUT: NoH_1_empty_tag_532_0001_0001.out                                     
|INPCRD: NoH_1_empty_tag_532_0001_0001.rst7                                    
|  PARM: NoH_1_empty_tag_532_0001_0001.parm7                                   
|RESTRT: min_NoH_1_empty_tag_532_0001_0001.rst7                                
|  REFC: NoH_1_empty_tag_532_0001_0001.rst7                                    
| MDVEL: mdvel                                                                 
| MDFRC: mdfrc                                                                 
|  MDEN: mden                                                                  
| MDCRD: mdcrd                                                                 
|MDINFO: mdinfo                                                                
|  MTMD: mtmd                                                                  
|INPDIP: inpdip                                                                
|RSTDIP: rstdip                                                                
|INPTRA: inptraj                                                               


 Here is the input file:

                                                                               
&cntrl                                                                         
    imin = 1, maxcyc=1000,                                                     
    ntx = 1,                                                                   
    ntwr = 100, ntpr = 100,                                                    
    cut = 999.0,                                                               
    ntb = 0, igb = 8,                                                          
    ntr = 1, restraint_wt = 10, restraintmask = "!@H=",                        
/                                                                              

--------------------------------------------------------------------------------
   1.  RESOURCE   USE: 
--------------------------------------------------------------------------------

| Flags:                                                                        
| New format PARM file being parsed.
| Version =    1.000 Date = 02/03/16 Time = 11:46:03
 NATOM  =    1590 NTYPES =      14 NBONH =     791 MBONA  =     820
 NTHETH =    1812 MTHETA =    1115 NPHIH =    3578 MPHIA  =    3525
 NHPARM =       0 NPARM  =       0 NNB   =    8805 NRES   =     104
 NBONA  =     820 NTHETA =    1115 NPHIA =    3525 NUMBND =      65
 NUMANG =     152 NPTRA  =     189 NATYP =      33 NPHB   =       0
 IFBOX  =       0 NMXRS  =      24 IFCAP =       0 NEXTRA =       0
 NCOPY  =       0

 Implicit solvent radii are ArgH and AspGluO modified Bondi2 radii (mbondi3)                                
 Replacing prmtop screening parameters with GBn2 (igb=8) values

|     Memory Use     Allocated
|     Real              145027
|     Hollerith           4876
|     Integer           109197
|     Max Pairs              1
|     nblistReal             0
|     nblist Int             0
|       Total             1578 kbytes

| Note: 1-4 EEL scale factors are being read from the topology file.

| Note: 1-4 VDW scale factors are being read from the topology file.
| Duplicated    0 dihedrals
| Duplicated    0 dihedrals

--------------------------------------------------------------------------------
   2.  CONTROL  DATA  FOR  THE  RUN
--------------------------------------------------------------------------------

default_name                                                                    

General flags:
     imin    =       1, nmropt  =       0

Nature and format of input:
     ntx     =       1, irest   =       0, ntrx    =       1

Nature and format of output:
     ntxo    =       1, ntpr    =     100, ntrx    =       1, ntwr    =     100
     iwrap   =       0, ntwx    =       0, ntwv    =       0, ntwe    =       0
     ioutfm  =       0, ntwprt  =       0, idecomp =       0, rbornstat=      0

Potential function:
     ntf     =       1, ntb     =       0, igb     =       8, nsnb    =      25
     ipol    =       0, gbsa    =       0, iesp    =       0
     dielc   =   1.00000, cut     = 999.00000, intdiel =   1.00000
     saltcon =   0.00000, offset  =   0.19514, surften =   0.00500
     rdt     =   0.00000, rgbmax  =  25.00000  extdiel =  78.50000
     alpb  =        0
     gbalphaH  =   0.78844, gbbetaH   =   0.79870,  gbgammaH  =    0.43733
     gbalphaC  =   0.73376, gbbetaC   =   0.50638,  gbgammaC  =    0.20584
     gbalphaN  =   0.50336, gbbetaN   =   0.31683,  gbgammaN  =    0.19292
     gbalphaOS =   0.86781, gbbetaOS  =   0.87664,  gbgammaOS =    0.38788
     gbalphaP  =   1.00000, gbbetaP   =   0.80000,  gbgammaP  =    4.85000
     gb_alpha_hnu  =   0.53705, gb_beta_hnu   =   0.36286,  gb_gamma_hnu  =    0.11670
     gb_alpha_cnu  =   0.33167, gb_beta_cnu   =   0.19684,  gb_gamma_cnu  =    0.09342
     gb_alpha_nnu  =   0.68631, gb_beta_nnu   =   0.46319,  gb_gamma_nnu  =    0.13872
     gb_alpha_onu  =   0.60634, gb_beta_onu   =   0.46301,  gb_gamma_onu  =    0.14226
     gb_alpha_pnu  =   0.41836, gb_beta_pnu   =   0.29005,  gb_gamma_pnu  =    0.10642

Frozen or restrained atoms:
     ibelly  =       0, ntr     =       1
     restraint_wt =  10.00000

Energy minimization:
     maxcyc  =    1000, ncyc    =      10, ntmin   =       1
     dx0     =   0.01000, drms    =   0.00010
|  INFO: Old style inpcrd file read


    LOADING THE CONSTRAINED ATOMS AS GROUPS


   5.  REFERENCE ATOM COORDINATES

  defa
     Mask !@H=; matches   799 atoms

--------------------------------------------------------------------------------
   3.  ATOMIC COORDINATES AND VELOCITIES
--------------------------------------------------------------------------------

default_name                                                                    
 begin time read from input coords =     0.000 ps

 Number of triangulated 3-point waters found:        0

--------------------------------------------------------------------------------
   4.  RESULTS
--------------------------------------------------------------------------------



   NSTEP       ENERGY          RMS            GMAX         NAME    NUMBER
      1      -2.2337E+03     9.1387E+00     6.6529E+01     OXT      1590

 BOND    =       70.2704  ANGLE   =      210.9964  DIHED      =     1070.6104
 VDWAALS =     -670.7540  EEL     =    -7466.5878  EGB        =    -1578.7076
 1-4 VDW =      437.1790  1-4 EEL =     5693.3347  RESTRAINT  =        0.0000


   NSTEP       ENERGY          RMS            GMAX         NAME    NUMBER
    100      -2.6015E+03     5.1032E-01     6.2540E+00     CD        729

 BOND    =       31.8023  ANGLE   =      207.9983  DIHED      =     1076.6580
 VDWAALS =     -812.4785  EEL     =    -7489.5798  EGB        =    -1598.5359
 1-4 VDW =      326.5213  1-4 EEL =     5613.3467  RESTRAINT  =       42.7924
 EAMBER  =    -2644.2675


   NSTEP       ENERGY          RMS            GMAX         NAME    NUMBER
    200      -2.6156E+03     2.1103E-01     2.5268E+00     HH        420

 BOND    =       31.5603  ANGLE   =      207.5250  DIHED      =     1074.8128
 VDWAALS =     -812.6709  EEL     =    -7499.0925  EGB        =    -1600.1851
 1-4 VDW =      327.5170  1-4 EEL =     5612.3869  RESTRAINT  =       42.5200
 EAMBER  =    -2658.1464


   NSTEP       ENERGY          RMS            GMAX         NAME    NUMBER
    300      -2.6218E+03     4.1061E-02     6.1643E-01     OG1       604

 BOND    =       31.0996  ANGLE   =      207.0029  DIHED      =     1072.3741
 VDWAALS =     -811.5927  EEL     =    -7503.7189  EGB        =    -1599.8812
 1-4 VDW =      328.7270  1-4 EEL =     5612.4062  RESTRAINT  =       41.7786
 EAMBER  =    -2663.5831


   NSTEP       ENERGY          RMS            GMAX         NAME    NUMBER
    400      -2.6219E+03     5.6304E-03     7.2882E-02     OG1       604

 BOND    =       31.0827  ANGLE   =      206.9371  DIHED      =     1072.3219
 VDWAALS =     -811.7484  EEL     =    -7503.7665  EGB        =    -1599.9000
 1-4 VDW =      328.8277  1-4 EEL =     5612.5515  RESTRAINT  =       41.8272
 EAMBER  =    -2663.6940


   NSTEP       ENERGY          RMS            GMAX         NAME    NUMBER
    500      -2.6219E+03     3.0916E-03     3.8762E-02     OG1       604

 BOND    =       31.0680  ANGLE   =      206.9283  DIHED      =     1072.3138
 VDWAALS =     -811.8152  EEL     =    -7503.7934  EGB        =    -1599.9032
 1-4 VDW =      328.8730  1-4 EEL =     5612.5926  RESTRAINT  =       41.8612
 EAMBER  =    -2663.7360


   NSTEP       ENERGY          RMS            GMAX         NAME    NUMBER
    600      -2.6219E+03     2.0027E-03     4.7279E-02     CD        729

 BOND    =       31.0645  ANGLE   =      206.9229  DIHED      =     1072.3117
 VDWAALS =     -811.8357  EEL     =    -7503.7972  EGB        =    -1599.9008
 1-4 VDW =      328.8835  1-4 EEL =     5612.6025  RESTRAINT  =       41.8727
 EAMBER  =    -2663.7486


   NSTEP       ENERGY          RMS            GMAX         NAME    NUMBER
    700      -2.6219E+03     8.5175E-04     1.6448E-02     CG        589

 BOND    =       31.0621  ANGLE   =      206.9196  DIHED      =     1072.3100
 VDWAALS =     -811.8513  EEL     =    -7503.8015  EGB        =    -1599.9011
 1-4 VDW =      328.8918  1-4 EEL =     5612.6085  RESTRAINT  =       41.8855
 EAMBER  =    -2663.7620


                    FINAL RESULTS



   NSTEP       ENERGY          RMS            GMAX         NAME    NUMBER
    775      -2.6219E+03     9.3860E-05     2.3104E-03     HD13      332

 BOND    =       31.0614  ANGLE   =      206.9178  DIHED      =     1072.3096
 VDWAALS =     -811.8529  EEL     =    -7503.8013  EGB        =    -1599.9002
 1-4 VDW =      328.8944  1-4 EEL =     5612.6091  RESTRAINT  =       41.8857
 EAMBER  =    -2663.7621

--------------------------------------------------------------------------------
   5.  TIMINGS
--------------------------------------------------------------------------------

|                Calc gb radii             46.16 (20.40% of Gen B)
|                Calc gb diag              85.81 (37.92% of Gen B)
|                Calc gb off-diag          94.32 (41.68% of Gen B)
|             Gen Born time            226.30 (100.0% of Nonbo)
|          Nonbond force            226.30 (99.29% of Force)
|          Bond/Angle/Dihedral        1.60 ( 0.70% of Force)
|          Other                      0.01 ( 0.01% of Force)
|       Force time               227.91 (100.0% of Runmd)
|    Runmd Time               227.91 (99.71% of Total)
|    Other                      0.65 ( 0.28% of Total)
| Total time               228.57 (100.0% of ALL  )

| Number of list builds   :          0

| Highest rstack allocated:          0
| Highest istack allocated:          0
|           Job began  at 12:08:37.796  on 02/03/2016
|           Setup done at 12:08:37.892  on 02/03/2016
|           Run   done at 12:12:26.364  on 02/03/2016
|     wallclock() was called   13978 times
