
          -------------------------------------------------------
          Amber 14 SANDER                              2014
          -------------------------------------------------------

| Run on 02/03/2016 at 14:41:45

|   Executable path: sander
| Working directory: /lustre/cs1500/scratch/kmb413/RealDecoyDisc/DecoyDiscrimination/decoys.set2.init/1aaj/Rosetta_relaxed
|          Hostname: slepner7


File Assignments:
|  MDIN: /scratch/kmb413/RealDecoyDisc/DecoyDiscrimination/scripts/min/min.in  
| MDOUT: NoH_4_empty_tag_1105_0001_0001.out                                    
|INPCRD: NoH_4_empty_tag_1105_0001_0001.rst7                                   
|  PARM: NoH_4_empty_tag_1105_0001_0001.parm7                                  
|RESTRT: min_NoH_4_empty_tag_1105_0001_0001.rst7                               
|  REFC: NoH_4_empty_tag_1105_0001_0001.rst7                                   
| MDVEL: mdvel                                                                 
| MDFRC: mdfrc                                                                 
|  MDEN: mden                                                                  
| MDCRD: mdcrd                                                                 
|MDINFO: mdinfo                                                                
|  MTMD: mtmd                                                                  
|INPDIP: inpdip                                                                
|RSTDIP: rstdip                                                                
|INPTRA: inptraj                                                               


 Here is the input file:

                                                                               
&cntrl                                                                         
    imin = 1, maxcyc=1000,                                                     
    ntx = 1,                                                                   
    ntwr = 100, ntpr = 100,                                                    
    cut = 999.0,                                                               
    ntb = 0, igb = 8,                                                          
    ntr = 1, restraint_wt = 10, restraintmask = "!@H=",                        
/                                                                              

--------------------------------------------------------------------------------
   1.  RESOURCE   USE: 
--------------------------------------------------------------------------------

| Flags:                                                                        
| New format PARM file being parsed.
| Version =    1.000 Date = 02/03/16 Time = 11:50:24
 NATOM  =    1590 NTYPES =      14 NBONH =     791 MBONA  =     820
 NTHETH =    1812 MTHETA =    1115 NPHIH =    3578 MPHIA  =    3525
 NHPARM =       0 NPARM  =       0 NNB   =    8805 NRES   =     104
 NBONA  =     820 NTHETA =    1115 NPHIA =    3525 NUMBND =      65
 NUMANG =     152 NPTRA  =     189 NATYP =      33 NPHB   =       0
 IFBOX  =       0 NMXRS  =      24 IFCAP =       0 NEXTRA =       0
 NCOPY  =       0

 Implicit solvent radii are ArgH and AspGluO modified Bondi2 radii (mbondi3)                                
 Replacing prmtop screening parameters with GBn2 (igb=8) values

|     Memory Use     Allocated
|     Real              145027
|     Hollerith           4876
|     Integer           109197
|     Max Pairs              1
|     nblistReal             0
|     nblist Int             0
|       Total             1578 kbytes

| Note: 1-4 EEL scale factors are being read from the topology file.

| Note: 1-4 VDW scale factors are being read from the topology file.
| Duplicated    0 dihedrals
| Duplicated    0 dihedrals

--------------------------------------------------------------------------------
   2.  CONTROL  DATA  FOR  THE  RUN
--------------------------------------------------------------------------------

default_name                                                                    

General flags:
     imin    =       1, nmropt  =       0

Nature and format of input:
     ntx     =       1, irest   =       0, ntrx    =       1

Nature and format of output:
     ntxo    =       1, ntpr    =     100, ntrx    =       1, ntwr    =     100
     iwrap   =       0, ntwx    =       0, ntwv    =       0, ntwe    =       0
     ioutfm  =       0, ntwprt  =       0, idecomp =       0, rbornstat=      0

Potential function:
     ntf     =       1, ntb     =       0, igb     =       8, nsnb    =      25
     ipol    =       0, gbsa    =       0, iesp    =       0
     dielc   =   1.00000, cut     = 999.00000, intdiel =   1.00000
     saltcon =   0.00000, offset  =   0.19514, surften =   0.00500
     rdt     =   0.00000, rgbmax  =  25.00000  extdiel =  78.50000
     alpb  =        0
     gbalphaH  =   0.78844, gbbetaH   =   0.79870,  gbgammaH  =    0.43733
     gbalphaC  =   0.73376, gbbetaC   =   0.50638,  gbgammaC  =    0.20584
     gbalphaN  =   0.50336, gbbetaN   =   0.31683,  gbgammaN  =    0.19292
     gbalphaOS =   0.86781, gbbetaOS  =   0.87664,  gbgammaOS =    0.38788
     gbalphaP  =   1.00000, gbbetaP   =   0.80000,  gbgammaP  =    4.85000
     gb_alpha_hnu  =   0.53705, gb_beta_hnu   =   0.36286,  gb_gamma_hnu  =    0.11670
     gb_alpha_cnu  =   0.33167, gb_beta_cnu   =   0.19684,  gb_gamma_cnu  =    0.09342
     gb_alpha_nnu  =   0.68631, gb_beta_nnu   =   0.46319,  gb_gamma_nnu  =    0.13872
     gb_alpha_onu  =   0.60634, gb_beta_onu   =   0.46301,  gb_gamma_onu  =    0.14226
     gb_alpha_pnu  =   0.41836, gb_beta_pnu   =   0.29005,  gb_gamma_pnu  =    0.10642

Frozen or restrained atoms:
     ibelly  =       0, ntr     =       1
     restraint_wt =  10.00000

Energy minimization:
     maxcyc  =    1000, ncyc    =      10, ntmin   =       1
     dx0     =   0.01000, drms    =   0.00010
|  INFO: Old style inpcrd file read


    LOADING THE CONSTRAINED ATOMS AS GROUPS


   5.  REFERENCE ATOM COORDINATES

  defa
     Mask !@H=; matches   799 atoms

--------------------------------------------------------------------------------
   3.  ATOMIC COORDINATES AND VELOCITIES
--------------------------------------------------------------------------------

default_name                                                                    
 begin time read from input coords =     0.000 ps

 Number of triangulated 3-point waters found:        0

--------------------------------------------------------------------------------
   4.  RESULTS
--------------------------------------------------------------------------------



   NSTEP       ENERGY          RMS            GMAX         NAME    NUMBER
      1      -2.1927E+03     9.1474E+00     6.0720E+01     OE1      1586

 BOND    =       68.9678  ANGLE   =      211.3395  DIHED      =     1076.2589
 VDWAALS =     -651.9941  EEL     =    -7361.7219  EGB        =    -1665.0303
 1-4 VDW =      447.1377  1-4 EEL =     5682.3015  RESTRAINT  =        0.0000


   NSTEP       ENERGY          RMS            GMAX         NAME    NUMBER
    100      -2.5812E+03     5.0271E-01     6.0596E+00     C        1588

 BOND    =       32.0779  ANGLE   =      211.4572  DIHED      =     1079.3763
 VDWAALS =     -805.1793  EEL     =    -7389.2256  EGB        =    -1679.0605
 1-4 VDW =      332.5570  1-4 EEL =     5592.1582  RESTRAINT  =       44.6183
 EAMBER  =    -2625.8388


   NSTEP       ENERGY          RMS            GMAX         NAME    NUMBER
    200      -2.6021E+03     1.8729E-01     3.0318E+00     OG1      1212

 BOND    =       31.9673  ANGLE   =      211.1831  DIHED      =     1075.7478
 VDWAALS =     -803.9969  EEL     =    -7416.8550  EGB        =    -1674.1815
 1-4 VDW =      332.9168  1-4 EEL =     5596.2945  RESTRAINT  =       44.8243
 EAMBER  =    -2646.9240


   NSTEP       ENERGY          RMS            GMAX         NAME    NUMBER
    300      -2.6045E+03     6.8980E-02     1.0211E+00     CD        193

 BOND    =       31.4914  ANGLE   =      210.3821  DIHED      =     1074.4456
 VDWAALS =     -804.1584  EEL     =    -7421.9696  EGB        =    -1671.5340
 1-4 VDW =      334.1318  1-4 EEL =     5598.5688  RESTRAINT  =       44.1794
 EAMBER  =    -2648.6421


   NSTEP       ENERGY          RMS            GMAX         NAME    NUMBER
    400      -2.6045E+03     2.0602E-02     3.5006E-01     CD        193

 BOND    =       31.4547  ANGLE   =      210.3354  DIHED      =     1074.5431
 VDWAALS =     -804.2651  EEL     =    -7422.2569  EGB        =    -1671.4235
 1-4 VDW =      334.2373  1-4 EEL =     5598.6521  RESTRAINT  =       44.1942
 EAMBER  =    -2648.7230


   NSTEP       ENERGY          RMS            GMAX         NAME    NUMBER
    500      -2.6046E+03     2.8340E-02     2.8115E-01     CD         13

 BOND    =       31.4745  ANGLE   =      210.3609  DIHED      =     1074.7615
 VDWAALS =     -804.3732  EEL     =    -7422.8266  EGB        =    -1671.1748
 1-4 VDW =      334.2314  1-4 EEL =     5598.6492  RESTRAINT  =       44.2987
 EAMBER  =    -2648.8971


   NSTEP       ENERGY          RMS            GMAX         NAME    NUMBER
    600      -2.6047E+03     3.3106E-02     6.0328E-01     CD        729

 BOND    =       31.4371  ANGLE   =      210.3741  DIHED      =     1074.9906
 VDWAALS =     -804.3188  EEL     =    -7423.5988  EGB        =    -1670.8570
 1-4 VDW =      334.3088  1-4 EEL =     5598.6658  RESTRAINT  =       44.3220
 EAMBER  =    -2648.9981


   NSTEP       ENERGY          RMS            GMAX         NAME    NUMBER
    700      -2.6047E+03     1.7757E-02     2.0285E-01     HD3        15

 BOND    =       31.4311  ANGLE   =      210.3691  DIHED      =     1075.1783
 VDWAALS =     -804.2098  EEL     =    -7424.1550  EGB        =    -1670.6506
 1-4 VDW =      334.3543  1-4 EEL =     5598.6176  RESTRAINT  =       44.3532
 EAMBER  =    -2649.0650


   NSTEP       ENERGY          RMS            GMAX         NAME    NUMBER
    800      -2.6047E+03     1.7048E-02     2.2663E-01     CG2      1208

 BOND    =       31.4317  ANGLE   =      210.3956  DIHED      =     1075.2648
 VDWAALS =     -804.2496  EEL     =    -7424.1369  EGB        =    -1670.7673
 1-4 VDW =      334.3329  1-4 EEL =     5598.5963  RESTRAINT  =       44.4067
 EAMBER  =    -2649.1325


   NSTEP       ENERGY          RMS            GMAX         NAME    NUMBER
    900      -2.6048E+03     2.9859E-02     4.9519E-01     CD        729

 BOND    =       31.4513  ANGLE   =      210.4359  DIHED      =     1075.1440
 VDWAALS =     -804.2816  EEL     =    -7423.6857  EGB        =    -1671.1375
 1-4 VDW =      334.3164  1-4 EEL =     5598.5167  RESTRAINT  =       44.4275
 EAMBER  =    -2649.2405


   NSTEP       ENERGY          RMS            GMAX         NAME    NUMBER
   1000      -2.6049E+03     2.0852E-02     3.8175E-01     CD        729

 BOND    =       31.4266  ANGLE   =      210.3446  DIHED      =     1074.8115
 VDWAALS =     -804.1769  EEL     =    -7423.1615  EGB        =    -1671.3435
 1-4 VDW =      334.3503  1-4 EEL =     5598.4223  RESTRAINT  =       44.3951
 EAMBER  =    -2649.3267


  Maximum number of minimization cycles reached.


                    FINAL RESULTS



   NSTEP       ENERGY          RMS            GMAX         NAME    NUMBER
   1000      -2.6049E+03     2.0852E-02     3.8175E-01     CD        729

 BOND    =       31.4266  ANGLE   =      210.3446  DIHED      =     1074.8115
 VDWAALS =     -804.1769  EEL     =    -7423.1615  EGB        =    -1671.3435
 1-4 VDW =      334.3503  1-4 EEL =     5598.4223  RESTRAINT  =       44.3951
 EAMBER  =    -2649.3267

--------------------------------------------------------------------------------
   5.  TIMINGS
--------------------------------------------------------------------------------

|                Calc gb radii             59.38 (20.47% of Gen B)
|                Calc gb diag             109.77 (37.84% of Gen B)
|                Calc gb off-diag         120.93 (41.69% of Gen B)
|             Gen Born time            290.08 (100.0% of Nonbo)
|          Nonbond force            290.08 (99.29% of Force)
|          Bond/Angle/Dihedral        2.06 ( 0.71% of Force)
|          Other                      0.02 ( 0.01% of Force)
|       Force time               292.16 (100.0% of Runmd)
|    Runmd Time               292.16 (99.72% of Total)
|    Other                      0.83 ( 0.28% of Total)
| Total time               292.99 (100.0% of ALL  )

| Number of list builds   :          0

| Highest rstack allocated:          0
| Highest istack allocated:          0
|           Job began  at 14:41:45.193  on 02/03/2016
|           Setup done at 14:41:45.271  on 02/03/2016
|           Run   done at 14:46:38.182  on 02/03/2016
|     wallclock() was called   18028 times
