
          -------------------------------------------------------
          Amber 14 SANDER                              2014
          -------------------------------------------------------

| Run on 02/03/2016 at 14:18:37

|   Executable path: sander
| Working directory: /lustre/cs1500/scratch/kmb413/RealDecoyDisc/DecoyDiscrimination/decoys.set2.init/1aaj/Rosetta_relaxed
|          Hostname: slepner13


File Assignments:
|  MDIN: /scratch/kmb413/RealDecoyDisc/DecoyDiscrimination/scripts/min/min.in  
| MDOUT: NoH_1_empty_tag_888_0001_0001.out                                     
|INPCRD: NoH_1_empty_tag_888_0001_0001.rst7                                    
|  PARM: NoH_1_empty_tag_888_0001_0001.parm7                                   
|RESTRT: min_NoH_1_empty_tag_888_0001_0001.rst7                                
|  REFC: NoH_1_empty_tag_888_0001_0001.rst7                                    
| MDVEL: mdvel                                                                 
| MDFRC: mdfrc                                                                 
|  MDEN: mden                                                                  
| MDCRD: mdcrd                                                                 
|MDINFO: mdinfo                                                                
|  MTMD: mtmd                                                                  
|INPDIP: inpdip                                                                
|RSTDIP: rstdip                                                                
|INPTRA: inptraj                                                               


 Here is the input file:

                                                                               
&cntrl                                                                         
    imin = 1, maxcyc=1000,                                                     
    ntx = 1,                                                                   
    ntwr = 100, ntpr = 100,                                                    
    cut = 999.0,                                                               
    ntb = 0, igb = 8,                                                          
    ntr = 1, restraint_wt = 10, restraintmask = "!@H=",                        
/                                                                              

--------------------------------------------------------------------------------
   1.  RESOURCE   USE: 
--------------------------------------------------------------------------------

| Flags:                                                                        
| New format PARM file being parsed.
| Version =    1.000 Date = 02/03/16 Time = 11:46:14
 NATOM  =    1590 NTYPES =      14 NBONH =     791 MBONA  =     820
 NTHETH =    1812 MTHETA =    1115 NPHIH =    3578 MPHIA  =    3525
 NHPARM =       0 NPARM  =       0 NNB   =    8805 NRES   =     104
 NBONA  =     820 NTHETA =    1115 NPHIA =    3525 NUMBND =      65
 NUMANG =     152 NPTRA  =     189 NATYP =      33 NPHB   =       0
 IFBOX  =       0 NMXRS  =      24 IFCAP =       0 NEXTRA =       0
 NCOPY  =       0

 Implicit solvent radii are ArgH and AspGluO modified Bondi2 radii (mbondi3)                                
 Replacing prmtop screening parameters with GBn2 (igb=8) values

|     Memory Use     Allocated
|     Real              145027
|     Hollerith           4876
|     Integer           109197
|     Max Pairs              1
|     nblistReal             0
|     nblist Int             0
|       Total             1578 kbytes

| Note: 1-4 EEL scale factors are being read from the topology file.

| Note: 1-4 VDW scale factors are being read from the topology file.
| Duplicated    0 dihedrals
| Duplicated    0 dihedrals

--------------------------------------------------------------------------------
   2.  CONTROL  DATA  FOR  THE  RUN
--------------------------------------------------------------------------------

default_name                                                                    

General flags:
     imin    =       1, nmropt  =       0

Nature and format of input:
     ntx     =       1, irest   =       0, ntrx    =       1

Nature and format of output:
     ntxo    =       1, ntpr    =     100, ntrx    =       1, ntwr    =     100
     iwrap   =       0, ntwx    =       0, ntwv    =       0, ntwe    =       0
     ioutfm  =       0, ntwprt  =       0, idecomp =       0, rbornstat=      0

Potential function:
     ntf     =       1, ntb     =       0, igb     =       8, nsnb    =      25
     ipol    =       0, gbsa    =       0, iesp    =       0
     dielc   =   1.00000, cut     = 999.00000, intdiel =   1.00000
     saltcon =   0.00000, offset  =   0.19514, surften =   0.00500
     rdt     =   0.00000, rgbmax  =  25.00000  extdiel =  78.50000
     alpb  =        0
     gbalphaH  =   0.78844, gbbetaH   =   0.79870,  gbgammaH  =    0.43733
     gbalphaC  =   0.73376, gbbetaC   =   0.50638,  gbgammaC  =    0.20584
     gbalphaN  =   0.50336, gbbetaN   =   0.31683,  gbgammaN  =    0.19292
     gbalphaOS =   0.86781, gbbetaOS  =   0.87664,  gbgammaOS =    0.38788
     gbalphaP  =   1.00000, gbbetaP   =   0.80000,  gbgammaP  =    4.85000
     gb_alpha_hnu  =   0.53705, gb_beta_hnu   =   0.36286,  gb_gamma_hnu  =    0.11670
     gb_alpha_cnu  =   0.33167, gb_beta_cnu   =   0.19684,  gb_gamma_cnu  =    0.09342
     gb_alpha_nnu  =   0.68631, gb_beta_nnu   =   0.46319,  gb_gamma_nnu  =    0.13872
     gb_alpha_onu  =   0.60634, gb_beta_onu   =   0.46301,  gb_gamma_onu  =    0.14226
     gb_alpha_pnu  =   0.41836, gb_beta_pnu   =   0.29005,  gb_gamma_pnu  =    0.10642

Frozen or restrained atoms:
     ibelly  =       0, ntr     =       1
     restraint_wt =  10.00000

Energy minimization:
     maxcyc  =    1000, ncyc    =      10, ntmin   =       1
     dx0     =   0.01000, drms    =   0.00010
|  INFO: Old style inpcrd file read


    LOADING THE CONSTRAINED ATOMS AS GROUPS


   5.  REFERENCE ATOM COORDINATES

  defa
     Mask !@H=; matches   799 atoms

--------------------------------------------------------------------------------
   3.  ATOMIC COORDINATES AND VELOCITIES
--------------------------------------------------------------------------------

default_name                                                                    
 begin time read from input coords =     0.000 ps

 Number of triangulated 3-point waters found:        0

--------------------------------------------------------------------------------
   4.  RESULTS
--------------------------------------------------------------------------------



   NSTEP       ENERGY          RMS            GMAX         NAME    NUMBER
      1      -2.1882E+03     9.2670E+00     6.2502E+01     OE1      1586

 BOND    =       71.0990  ANGLE   =      212.0866  DIHED      =     1071.2036
 VDWAALS =     -628.5451  EEL     =    -7387.4808  EGB        =    -1692.5689
 1-4 VDW =      442.1306  1-4 EEL =     5723.9036  RESTRAINT  =        0.0000


   NSTEP       ENERGY          RMS            GMAX         NAME    NUMBER
    100      -2.5899E+03     2.9842E-01     4.1315E+00     HB       1383

 BOND    =       31.5848  ANGLE   =      211.7246  DIHED      =     1071.4583
 VDWAALS =     -789.9497  EEL     =    -7433.3254  EGB        =    -1700.6291
 1-4 VDW =      331.5081  1-4 EEL =     5643.7229  RESTRAINT  =       44.0437
 EAMBER  =    -2633.9056


   NSTEP       ENERGY          RMS            GMAX         NAME    NUMBER
    200      -2.5962E+03     1.1421E-01     1.1862E+00     HG        116

 BOND    =       31.4499  ANGLE   =      212.3250  DIHED      =     1069.8216
 VDWAALS =     -792.1030  EEL     =    -7436.0704  EGB        =    -1702.7557
 1-4 VDW =      331.5127  1-4 EEL =     5643.7531  RESTRAINT  =       45.8717
 EAMBER  =    -2642.0666


   NSTEP       ENERGY          RMS            GMAX         NAME    NUMBER
    300      -2.5970E+03     1.5231E-02     2.8198E-01     CD        729

 BOND    =       31.2225  ANGLE   =      212.1247  DIHED      =     1069.2785
 VDWAALS =     -792.5870  EEL     =    -7435.3290  EGB        =    -1703.1589
 1-4 VDW =      332.1542  1-4 EEL =     5643.5554  RESTRAINT  =       45.7696
 EAMBER  =    -2642.7396


   NSTEP       ENERGY          RMS            GMAX         NAME    NUMBER
    400      -2.5970E+03     5.3516E-02     7.4591E-01     OG        115

 BOND    =       31.2266  ANGLE   =      212.1507  DIHED      =     1069.5692
 VDWAALS =     -792.6732  EEL     =    -7435.4356  EGB        =    -1703.1407
 1-4 VDW =      332.1299  1-4 EEL =     5643.3638  RESTRAINT  =       45.7949
 EAMBER  =    -2642.8093


   NSTEP       ENERGY          RMS            GMAX         NAME    NUMBER
    500      -2.6015E+03     3.4055E-02     8.5840E-01     CG2       600

 BOND    =       31.2797  ANGLE   =      212.2982  DIHED      =     1068.7243
 VDWAALS =     -791.6486  EEL     =    -7441.9096  EGB        =    -1702.3244
 1-4 VDW =      332.2211  1-4 EEL =     5644.2765  RESTRAINT  =       45.5558
 EAMBER  =    -2647.0828


   NSTEP       ENERGY          RMS            GMAX         NAME    NUMBER
    600      -2.6016E+03     3.1756E-03     4.3179E-02     HA        597

 BOND    =       31.2508  ANGLE   =      212.2735  DIHED      =     1068.7318
 VDWAALS =     -791.6220  EEL     =    -7441.8969  EGB        =    -1702.4018
 1-4 VDW =      332.3099  1-4 EEL =     5644.3143  RESTRAINT  =       45.4902
 EAMBER  =    -2647.0404


   NSTEP       ENERGY          RMS            GMAX         NAME    NUMBER
    700      -2.6016E+03     1.8296E-04     2.7188E-03     HG21      601

 BOND    =       31.2478  ANGLE   =      212.2630  DIHED      =     1068.7364
 VDWAALS =     -791.6153  EEL     =    -7441.8766  EGB        =    -1702.4310
 1-4 VDW =      332.3223  1-4 EEL =     5644.3182  RESTRAINT  =       45.4846
 EAMBER  =    -2647.0353


                    FINAL RESULTS



   NSTEP       ENERGY          RMS            GMAX         NAME    NUMBER
    722      -2.6016E+03     7.5620E-05     1.0551E-03     HG       1180

 BOND    =       31.2476  ANGLE   =      212.2626  DIHED      =     1068.7364
 VDWAALS =     -791.6149  EEL     =    -7441.8754  EGB        =    -1702.4323
 1-4 VDW =      332.3227  1-4 EEL =     5644.3184  RESTRAINT  =       45.4842
 EAMBER  =    -2647.0349

--------------------------------------------------------------------------------
   5.  TIMINGS
--------------------------------------------------------------------------------

|                Calc gb radii             42.47 (20.25% of Gen B)
|                Calc gb diag              78.66 (37.50% of Gen B)
|                Calc gb off-diag          88.64 (42.25% of Gen B)
|             Gen Born time            209.77 (100.0% of Nonbo)
|          Nonbond force            209.77 (99.29% of Force)
|          Bond/Angle/Dihedral        1.49 ( 0.70% of Force)
|          Other                      0.01 ( 0.01% of Force)
|       Force time               211.28 (100.0% of Runmd)
|    Runmd Time               211.28 (99.73% of Total)
|    Other                      0.57 ( 0.27% of Total)
| Total time               211.84 (100.0% of ALL  )

| Number of list builds   :          0

| Highest rstack allocated:          0
| Highest istack allocated:          0
|           Job began  at 14:18:37.222  on 02/03/2016
|           Setup done at 14:18:37.272  on 02/03/2016
|           Run   done at 14:22:09.067  on 02/03/2016
|     wallclock() was called   13024 times
