
          -------------------------------------------------------
          Amber 14 SANDER                              2014
          -------------------------------------------------------

| Run on 02/03/2016 at 14:41:53

|   Executable path: sander
| Working directory: /lustre/cs1500/scratch/kmb413/RealDecoyDisc/DecoyDiscrimination/decoys.set2.init/1aaj/Rosetta_relaxed
|          Hostname: slepner1


File Assignments:
|  MDIN: /scratch/kmb413/RealDecoyDisc/DecoyDiscrimination/scripts/min/min.in  
| MDOUT: NoH_5_empty_tag_1_1016_0001.out                                       
|INPCRD: NoH_5_empty_tag_1_1016_0001.rst7                                      
|  PARM: NoH_5_empty_tag_1_1016_0001.parm7                                     
|RESTRT: min_NoH_5_empty_tag_1_1016_0001.rst7                                  
|  REFC: NoH_5_empty_tag_1_1016_0001.rst7                                      
| MDVEL: mdvel                                                                 
| MDFRC: mdfrc                                                                 
|  MDEN: mden                                                                  
| MDCRD: mdcrd                                                                 
|MDINFO: mdinfo                                                                
|  MTMD: mtmd                                                                  
|INPDIP: inpdip                                                                
|RSTDIP: rstdip                                                                
|INPTRA: inptraj                                                               


 Here is the input file:

                                                                               
&cntrl                                                                         
    imin = 1, maxcyc=1000,                                                     
    ntx = 1,                                                                   
    ntwr = 100, ntpr = 100,                                                    
    cut = 999.0,                                                               
    ntb = 0, igb = 8,                                                          
    ntr = 1, restraint_wt = 10, restraintmask = "!@H=",                        
/                                                                              

--------------------------------------------------------------------------------
   1.  RESOURCE   USE: 
--------------------------------------------------------------------------------

| Flags:                                                                        
| New format PARM file being parsed.
| Version =    1.000 Date = 02/03/16 Time = 11:52:19
 NATOM  =    1590 NTYPES =      14 NBONH =     791 MBONA  =     820
 NTHETH =    1812 MTHETA =    1115 NPHIH =    3578 MPHIA  =    3525
 NHPARM =       0 NPARM  =       0 NNB   =    8805 NRES   =     104
 NBONA  =     820 NTHETA =    1115 NPHIA =    3525 NUMBND =      65
 NUMANG =     152 NPTRA  =     189 NATYP =      33 NPHB   =       0
 IFBOX  =       0 NMXRS  =      24 IFCAP =       0 NEXTRA =       0
 NCOPY  =       0

 Implicit solvent radii are ArgH and AspGluO modified Bondi2 radii (mbondi3)                                
 Replacing prmtop screening parameters with GBn2 (igb=8) values

|     Memory Use     Allocated
|     Real              145027
|     Hollerith           4876
|     Integer           109197
|     Max Pairs              1
|     nblistReal             0
|     nblist Int             0
|       Total             1578 kbytes

| Note: 1-4 EEL scale factors are being read from the topology file.

| Note: 1-4 VDW scale factors are being read from the topology file.
| Duplicated    0 dihedrals
| Duplicated    0 dihedrals

--------------------------------------------------------------------------------
   2.  CONTROL  DATA  FOR  THE  RUN
--------------------------------------------------------------------------------

default_name                                                                    

General flags:
     imin    =       1, nmropt  =       0

Nature and format of input:
     ntx     =       1, irest   =       0, ntrx    =       1

Nature and format of output:
     ntxo    =       1, ntpr    =     100, ntrx    =       1, ntwr    =     100
     iwrap   =       0, ntwx    =       0, ntwv    =       0, ntwe    =       0
     ioutfm  =       0, ntwprt  =       0, idecomp =       0, rbornstat=      0

Potential function:
     ntf     =       1, ntb     =       0, igb     =       8, nsnb    =      25
     ipol    =       0, gbsa    =       0, iesp    =       0
     dielc   =   1.00000, cut     = 999.00000, intdiel =   1.00000
     saltcon =   0.00000, offset  =   0.19514, surften =   0.00500
     rdt     =   0.00000, rgbmax  =  25.00000  extdiel =  78.50000
     alpb  =        0
     gbalphaH  =   0.78844, gbbetaH   =   0.79870,  gbgammaH  =    0.43733
     gbalphaC  =   0.73376, gbbetaC   =   0.50638,  gbgammaC  =    0.20584
     gbalphaN  =   0.50336, gbbetaN   =   0.31683,  gbgammaN  =    0.19292
     gbalphaOS =   0.86781, gbbetaOS  =   0.87664,  gbgammaOS =    0.38788
     gbalphaP  =   1.00000, gbbetaP   =   0.80000,  gbgammaP  =    4.85000
     gb_alpha_hnu  =   0.53705, gb_beta_hnu   =   0.36286,  gb_gamma_hnu  =    0.11670
     gb_alpha_cnu  =   0.33167, gb_beta_cnu   =   0.19684,  gb_gamma_cnu  =    0.09342
     gb_alpha_nnu  =   0.68631, gb_beta_nnu   =   0.46319,  gb_gamma_nnu  =    0.13872
     gb_alpha_onu  =   0.60634, gb_beta_onu   =   0.46301,  gb_gamma_onu  =    0.14226
     gb_alpha_pnu  =   0.41836, gb_beta_pnu   =   0.29005,  gb_gamma_pnu  =    0.10642

Frozen or restrained atoms:
     ibelly  =       0, ntr     =       1
     restraint_wt =  10.00000

Energy minimization:
     maxcyc  =    1000, ncyc    =      10, ntmin   =       1
     dx0     =   0.01000, drms    =   0.00010
|  INFO: Old style inpcrd file read


    LOADING THE CONSTRAINED ATOMS AS GROUPS


   5.  REFERENCE ATOM COORDINATES

  defa
     Mask !@H=; matches   799 atoms

--------------------------------------------------------------------------------
   3.  ATOMIC COORDINATES AND VELOCITIES
--------------------------------------------------------------------------------

default_name                                                                    
 begin time read from input coords =     0.000 ps

 Number of triangulated 3-point waters found:        0

--------------------------------------------------------------------------------
   4.  RESULTS
--------------------------------------------------------------------------------



   NSTEP       ENERGY          RMS            GMAX         NAME    NUMBER
      1      -2.2093E+03     9.0999E+00     6.3144E+01     OE1       945

 BOND    =       69.4125  ANGLE   =      211.2651  DIHED      =     1078.4510
 VDWAALS =     -652.3830  EEL     =    -7419.6580  EGB        =    -1640.9657
 1-4 VDW =      441.9640  1-4 EEL =     5702.6253  RESTRAINT  =        0.0000


   NSTEP       ENERGY          RMS            GMAX         NAME    NUMBER
    100      -2.5889E+03     3.3384E-01     3.5736E+00     OG1       634

 BOND    =       30.5263  ANGLE   =      207.2925  DIHED      =     1079.1553
 VDWAALS =     -792.2659  EEL     =    -7439.7837  EGB        =    -1666.3724
 1-4 VDW =      332.5417  1-4 EEL =     5617.8796  RESTRAINT  =       42.0842
 EAMBER  =    -2631.0267


   NSTEP       ENERGY          RMS            GMAX         NAME    NUMBER
    200      -2.6015E+03     1.6432E-01     2.4675E+00     OG1       604

 BOND    =       30.8693  ANGLE   =      207.8135  DIHED      =     1076.3133
 VDWAALS =     -793.6953  EEL     =    -7451.6332  EGB        =    -1666.0749
 1-4 VDW =      331.7258  1-4 EEL =     5619.7195  RESTRAINT  =       43.4760
 EAMBER  =    -2644.9621


   NSTEP       ENERGY          RMS            GMAX         NAME    NUMBER
    300      -2.6022E+03     2.7133E-02     4.8865E-01     CG       1324

 BOND    =       30.5066  ANGLE   =      207.3169  DIHED      =     1075.7148
 VDWAALS =     -793.6837  EEL     =    -7453.6258  EGB        =    -1665.0100
 1-4 VDW =      332.5239  1-4 EEL =     5620.9643  RESTRAINT  =       43.0540
 EAMBER  =    -2645.2931


   NSTEP       ENERGY          RMS            GMAX         NAME    NUMBER
    400      -2.6023E+03     1.2641E-02     1.7899E-01     CD        103

 BOND    =       30.4591  ANGLE   =      207.2240  DIHED      =     1075.6509
 VDWAALS =     -793.6667  EEL     =    -7453.7105  EGB        =    -1664.9785
 1-4 VDW =      332.6590  1-4 EEL =     5621.0716  RESTRAINT  =       43.0321
 EAMBER  =    -2645.2910


   NSTEP       ENERGY          RMS            GMAX         NAME    NUMBER
    500      -2.6023E+03     3.5211E-03     4.1778E-02     OG1       604

 BOND    =       30.4572  ANGLE   =      207.2372  DIHED      =     1075.6394
 VDWAALS =     -793.6879  EEL     =    -7453.7320  EGB        =    -1664.9814
 1-4 VDW =      332.6655  1-4 EEL =     5621.0907  RESTRAINT  =       43.0497
 EAMBER  =    -2645.3113


   NSTEP       ENERGY          RMS            GMAX         NAME    NUMBER
    600      -2.6023E+03     8.7899E-04     1.5761E-02     CA          5

 BOND    =       30.4602  ANGLE   =      207.2362  DIHED      =     1075.6354
 VDWAALS =     -793.6926  EEL     =    -7453.7460  EGB        =    -1664.9792
 1-4 VDW =      332.6621  1-4 EEL =     5621.1018  RESTRAINT  =       43.0598
 EAMBER  =    -2645.3219


   NSTEP       ENERGY          RMS            GMAX         NAME    NUMBER
    700      -2.6023E+03     1.3845E-04     1.6625E-03     CD        103

 BOND    =       30.4602  ANGLE   =      207.2370  DIHED      =     1075.6344
 VDWAALS =     -793.6970  EEL     =    -7453.7478  EGB        =    -1664.9784
 1-4 VDW =      332.6631  1-4 EEL =     5621.1025  RESTRAINT  =       43.0639
 EAMBER  =    -2645.3260


                    FINAL RESULTS



   NSTEP       ENERGY          RMS            GMAX         NAME    NUMBER
    723      -2.6023E+03     8.1272E-05     1.0975E-03     HD13      332

 BOND    =       30.4602  ANGLE   =      207.2372  DIHED      =     1075.6344
 VDWAALS =     -793.6975  EEL     =    -7453.7479  EGB        =    -1664.9784
 1-4 VDW =      332.6632  1-4 EEL =     5621.1024  RESTRAINT  =       43.0642
 EAMBER  =    -2645.3264

--------------------------------------------------------------------------------
   5.  TIMINGS
--------------------------------------------------------------------------------

|                Calc gb radii             42.80 (20.36% of Gen B)
|                Calc gb diag              79.35 (37.75% of Gen B)
|                Calc gb off-diag          88.03 (41.88% of Gen B)
|             Gen Born time            210.19 (100.0% of Nonbo)
|          Nonbond force            210.19 (99.29% of Force)
|          Bond/Angle/Dihedral        1.50 ( 0.71% of Force)
|          Other                      0.01 ( 0.01% of Force)
|       Force time               211.70 (100.0% of Runmd)
|    Runmd Time               211.70 (99.64% of Total)
|    Other                      0.77 ( 0.36% of Total)
| Total time               212.47 (100.0% of ALL  )

| Number of list builds   :          0

| Highest rstack allocated:          0
| Highest istack allocated:          0
|           Job began  at 14:41:53.466  on 02/03/2016
|           Setup done at 14:41:53.521  on 02/03/2016
|           Run   done at 14:45:25.940  on 02/03/2016
|     wallclock() was called   13042 times
