
          -------------------------------------------------------
          Amber 14 SANDER                              2014
          -------------------------------------------------------

| Run on 02/03/2016 at 13:56:18

|   Executable path: sander
| Working directory: /lustre/cs1500/scratch/kmb413/RealDecoyDisc/DecoyDiscrimination/decoys.set2.init/1aaj/Rosetta_relaxed
|          Hostname: slepner13


File Assignments:
|  MDIN: /scratch/kmb413/RealDecoyDisc/DecoyDiscrimination/scripts/min/min.in  
| MDOUT: NoH_1_empty_tag_465_0001_0001.out                                     
|INPCRD: NoH_1_empty_tag_465_0001_0001.rst7                                    
|  PARM: NoH_1_empty_tag_465_0001_0001.parm7                                   
|RESTRT: min_NoH_1_empty_tag_465_0001_0001.rst7                                
|  REFC: NoH_1_empty_tag_465_0001_0001.rst7                                    
| MDVEL: mdvel                                                                 
| MDFRC: mdfrc                                                                 
|  MDEN: mden                                                                  
| MDCRD: mdcrd                                                                 
|MDINFO: mdinfo                                                                
|  MTMD: mtmd                                                                  
|INPDIP: inpdip                                                                
|RSTDIP: rstdip                                                                
|INPTRA: inptraj                                                               


 Here is the input file:

                                                                               
&cntrl                                                                         
    imin = 1, maxcyc=1000,                                                     
    ntx = 1,                                                                   
    ntwr = 100, ntpr = 100,                                                    
    cut = 999.0,                                                               
    ntb = 0, igb = 8,                                                          
    ntr = 1, restraint_wt = 10, restraintmask = "!@H=",                        
/                                                                              

--------------------------------------------------------------------------------
   1.  RESOURCE   USE: 
--------------------------------------------------------------------------------

| Flags:                                                                        
| New format PARM file being parsed.
| Version =    1.000 Date = 02/03/16 Time = 11:45:57
 NATOM  =    1590 NTYPES =      14 NBONH =     791 MBONA  =     820
 NTHETH =    1812 MTHETA =    1115 NPHIH =    3578 MPHIA  =    3525
 NHPARM =       0 NPARM  =       0 NNB   =    8805 NRES   =     104
 NBONA  =     820 NTHETA =    1115 NPHIA =    3525 NUMBND =      65
 NUMANG =     152 NPTRA  =     189 NATYP =      33 NPHB   =       0
 IFBOX  =       0 NMXRS  =      24 IFCAP =       0 NEXTRA =       0
 NCOPY  =       0

 Implicit solvent radii are ArgH and AspGluO modified Bondi2 radii (mbondi3)                                
 Replacing prmtop screening parameters with GBn2 (igb=8) values

|     Memory Use     Allocated
|     Real              145027
|     Hollerith           4876
|     Integer           109197
|     Max Pairs              1
|     nblistReal             0
|     nblist Int             0
|       Total             1578 kbytes

| Note: 1-4 EEL scale factors are being read from the topology file.

| Note: 1-4 VDW scale factors are being read from the topology file.
| Duplicated    0 dihedrals
| Duplicated    0 dihedrals

--------------------------------------------------------------------------------
   2.  CONTROL  DATA  FOR  THE  RUN
--------------------------------------------------------------------------------

default_name                                                                    

General flags:
     imin    =       1, nmropt  =       0

Nature and format of input:
     ntx     =       1, irest   =       0, ntrx    =       1

Nature and format of output:
     ntxo    =       1, ntpr    =     100, ntrx    =       1, ntwr    =     100
     iwrap   =       0, ntwx    =       0, ntwv    =       0, ntwe    =       0
     ioutfm  =       0, ntwprt  =       0, idecomp =       0, rbornstat=      0

Potential function:
     ntf     =       1, ntb     =       0, igb     =       8, nsnb    =      25
     ipol    =       0, gbsa    =       0, iesp    =       0
     dielc   =   1.00000, cut     = 999.00000, intdiel =   1.00000
     saltcon =   0.00000, offset  =   0.19514, surften =   0.00500
     rdt     =   0.00000, rgbmax  =  25.00000  extdiel =  78.50000
     alpb  =        0
     gbalphaH  =   0.78844, gbbetaH   =   0.79870,  gbgammaH  =    0.43733
     gbalphaC  =   0.73376, gbbetaC   =   0.50638,  gbgammaC  =    0.20584
     gbalphaN  =   0.50336, gbbetaN   =   0.31683,  gbgammaN  =    0.19292
     gbalphaOS =   0.86781, gbbetaOS  =   0.87664,  gbgammaOS =    0.38788
     gbalphaP  =   1.00000, gbbetaP   =   0.80000,  gbgammaP  =    4.85000
     gb_alpha_hnu  =   0.53705, gb_beta_hnu   =   0.36286,  gb_gamma_hnu  =    0.11670
     gb_alpha_cnu  =   0.33167, gb_beta_cnu   =   0.19684,  gb_gamma_cnu  =    0.09342
     gb_alpha_nnu  =   0.68631, gb_beta_nnu   =   0.46319,  gb_gamma_nnu  =    0.13872
     gb_alpha_onu  =   0.60634, gb_beta_onu   =   0.46301,  gb_gamma_onu  =    0.14226
     gb_alpha_pnu  =   0.41836, gb_beta_pnu   =   0.29005,  gb_gamma_pnu  =    0.10642

Frozen or restrained atoms:
     ibelly  =       0, ntr     =       1
     restraint_wt =  10.00000

Energy minimization:
     maxcyc  =    1000, ncyc    =      10, ntmin   =       1
     dx0     =   0.01000, drms    =   0.00010
|  INFO: Old style inpcrd file read


    LOADING THE CONSTRAINED ATOMS AS GROUPS


   5.  REFERENCE ATOM COORDINATES

  defa
     Mask !@H=; matches   799 atoms

--------------------------------------------------------------------------------
   3.  ATOMIC COORDINATES AND VELOCITIES
--------------------------------------------------------------------------------

default_name                                                                    
 begin time read from input coords =     0.000 ps

 Number of triangulated 3-point waters found:        0

--------------------------------------------------------------------------------
   4.  RESULTS
--------------------------------------------------------------------------------



   NSTEP       ENERGY          RMS            GMAX         NAME    NUMBER
      1      -2.2049E+03     9.1431E+00     5.9527E+01     OE1      1261

 BOND    =       70.0086  ANGLE   =      211.1954  DIHED      =     1072.3761
 VDWAALS =     -668.9906  EEL     =    -7458.7107  EGB        =    -1579.7868
 1-4 VDW =      445.2612  1-4 EEL =     5703.7021  RESTRAINT  =        0.0000


   NSTEP       ENERGY          RMS            GMAX         NAME    NUMBER
    100      -2.5747E+03     3.8076E-01     3.7752E+00     CG        311

 BOND    =       31.6540  ANGLE   =      210.5934  DIHED      =     1074.5792
 VDWAALS =     -820.6987  EEL     =    -7461.3090  EGB        =    -1599.6067
 1-4 VDW =      333.4588  1-4 EEL =     5611.8664  RESTRAINT  =       44.7283
 EAMBER  =    -2619.4624


   NSTEP       ENERGY          RMS            GMAX         NAME    NUMBER
    200      -2.5881E+03     3.5588E-01     5.0874E+00     HG1       635

 BOND    =       32.2822  ANGLE   =      212.5130  DIHED      =     1074.3128
 VDWAALS =     -822.4788  EEL     =    -7468.4454  EGB        =    -1603.4806
 1-4 VDW =      332.2673  1-4 EEL =     5608.9834  RESTRAINT  =       45.9056
 EAMBER  =    -2634.0462


   NSTEP       ENERGY          RMS            GMAX         NAME    NUMBER
    300      -2.5970E+03     4.8685E-02     7.6177E-01     OG1       604

 BOND    =       31.5247  ANGLE   =      210.2662  DIHED      =     1072.0169
 VDWAALS =     -820.5382  EEL     =    -7476.6827  EGB        =    -1603.5639
 1-4 VDW =      334.5456  1-4 EEL =     5611.2741  RESTRAINT  =       44.1697
 EAMBER  =    -2641.1573


   NSTEP       ENERGY          RMS            GMAX         NAME    NUMBER
    400      -2.5971E+03     1.3654E-02     2.6069E-01     OG1       604

 BOND    =       31.4653  ANGLE   =      210.1160  DIHED      =     1072.0327
 VDWAALS =     -820.6710  EEL     =    -7476.8197  EGB        =    -1603.5136
 1-4 VDW =      334.7740  1-4 EEL =     5611.4577  RESTRAINT  =       44.1043
 EAMBER  =    -2641.1587


   NSTEP       ENERGY          RMS            GMAX         NAME    NUMBER
    500      -2.5971E+03     8.9554E-03     1.3739E-01     CD       1119

 BOND    =       31.4564  ANGLE   =      210.1099  DIHED      =     1072.0478
 VDWAALS =     -820.7323  EEL     =    -7476.8552  EGB        =    -1603.4941
 1-4 VDW =      334.7992  1-4 EEL =     5611.4802  RESTRAINT  =       44.1269
 EAMBER  =    -2641.1881


   NSTEP       ENERGY          RMS            GMAX         NAME    NUMBER
    600      -2.5971E+03     6.6601E-03     6.9872E-02     CD1       329

 BOND    =       31.4488  ANGLE   =      210.0991  DIHED      =     1072.0597
 VDWAALS =     -820.7719  EEL     =    -7476.8535  EGB        =    -1603.4824
 1-4 VDW =      334.8188  1-4 EEL =     5611.4857  RESTRAINT  =       44.1322
 EAMBER  =    -2641.1957


   NSTEP       ENERGY          RMS            GMAX         NAME    NUMBER
    700      -2.5971E+03     2.8571E-03     6.3275E-02     CG        311

 BOND    =       31.4418  ANGLE   =      210.0878  DIHED      =     1072.0637
 VDWAALS =     -820.7786  EEL     =    -7476.8533  EGB        =    -1603.4815
 1-4 VDW =      334.8355  1-4 EEL =     5611.4917  RESTRAINT  =       44.1290
 EAMBER  =    -2641.1929


                    FINAL RESULTS



   NSTEP       ENERGY          RMS            GMAX         NAME    NUMBER
    775      -2.5971E+03     8.7349E-05     1.4688E-03     HD13      332

 BOND    =       31.4446  ANGLE   =      210.0895  DIHED      =     1072.0638
 VDWAALS =     -820.7828  EEL     =    -7476.8542  EGB        =    -1603.4799
 1-4 VDW =      334.8315  1-4 EEL =     5611.4910  RESTRAINT  =       44.1326
 EAMBER  =    -2641.1966

--------------------------------------------------------------------------------
   5.  TIMINGS
--------------------------------------------------------------------------------

|                Calc gb radii             46.62 (20.46% of Gen B)
|                Calc gb diag              86.91 (38.13% of Gen B)
|                Calc gb off-diag          94.39 (41.41% of Gen B)
|             Gen Born time            227.93 (100.0% of Nonbo)
|          Nonbond force            227.93 (99.30% of Force)
|          Bond/Angle/Dihedral        1.59 ( 0.69% of Force)
|          Other                      0.01 ( 0.01% of Force)
|       Force time               229.54 (100.0% of Runmd)
|    Runmd Time               229.54 (99.73% of Total)
|    Other                      0.61 ( 0.27% of Total)
| Total time               230.16 (100.0% of ALL  )

| Number of list builds   :          0

| Highest rstack allocated:          0
| Highest istack allocated:          0
|           Job began  at 13:56:18.446  on 02/03/2016
|           Setup done at 13:56:18.497  on 02/03/2016
|           Run   done at 14:00:08.602  on 02/03/2016
|     wallclock() was called   13978 times
