
          -------------------------------------------------------
          Amber 14 SANDER                              2014
          -------------------------------------------------------

| Run on 02/03/2016 at 14:57:20

|   Executable path: sander
| Working directory: /lustre/cs1500/scratch/kmb413/RealDecoyDisc/DecoyDiscrimination/decoys.set2.init/1aaj/Rosetta_relaxed
|          Hostname: slepner36


File Assignments:
|  MDIN: /scratch/kmb413/RealDecoyDisc/DecoyDiscrimination/scripts/min/min.in  
| MDOUT: NoH_4_empty_tag_1_688_0001.out                                        
|INPCRD: NoH_4_empty_tag_1_688_0001.rst7                                       
|  PARM: NoH_4_empty_tag_1_688_0001.parm7                                      
|RESTRT: min_NoH_4_empty_tag_1_688_0001.rst7                                   
|  REFC: NoH_4_empty_tag_1_688_0001.rst7                                       
| MDVEL: mdvel                                                                 
| MDFRC: mdfrc                                                                 
|  MDEN: mden                                                                  
| MDCRD: mdcrd                                                                 
|MDINFO: mdinfo                                                                
|  MTMD: mtmd                                                                  
|INPDIP: inpdip                                                                
|RSTDIP: rstdip                                                                
|INPTRA: inptraj                                                               


 Here is the input file:

                                                                               
&cntrl                                                                         
    imin = 1, maxcyc=1000,                                                     
    ntx = 1,                                                                   
    ntwr = 100, ntpr = 100,                                                    
    cut = 999.0,                                                               
    ntb = 0, igb = 8,                                                          
    ntr = 1, restraint_wt = 10, restraintmask = "!@H=",                        
/                                                                              

--------------------------------------------------------------------------------
   1.  RESOURCE   USE: 
--------------------------------------------------------------------------------

| Flags:                                                                        
| New format PARM file being parsed.
| Version =    1.000 Date = 02/03/16 Time = 11:51:24
 NATOM  =    1590 NTYPES =      14 NBONH =     791 MBONA  =     820
 NTHETH =    1812 MTHETA =    1115 NPHIH =    3578 MPHIA  =    3525
 NHPARM =       0 NPARM  =       0 NNB   =    8805 NRES   =     104
 NBONA  =     820 NTHETA =    1115 NPHIA =    3525 NUMBND =      65
 NUMANG =     152 NPTRA  =     189 NATYP =      33 NPHB   =       0
 IFBOX  =       0 NMXRS  =      24 IFCAP =       0 NEXTRA =       0
 NCOPY  =       0

 Implicit solvent radii are ArgH and AspGluO modified Bondi2 radii (mbondi3)                                
 Replacing prmtop screening parameters with GBn2 (igb=8) values

|     Memory Use     Allocated
|     Real              145027
|     Hollerith           4876
|     Integer           109197
|     Max Pairs              1
|     nblistReal             0
|     nblist Int             0
|       Total             1578 kbytes

| Note: 1-4 EEL scale factors are being read from the topology file.

| Note: 1-4 VDW scale factors are being read from the topology file.
| Duplicated    0 dihedrals
| Duplicated    0 dihedrals

--------------------------------------------------------------------------------
   2.  CONTROL  DATA  FOR  THE  RUN
--------------------------------------------------------------------------------

default_name                                                                    

General flags:
     imin    =       1, nmropt  =       0

Nature and format of input:
     ntx     =       1, irest   =       0, ntrx    =       1

Nature and format of output:
     ntxo    =       1, ntpr    =     100, ntrx    =       1, ntwr    =     100
     iwrap   =       0, ntwx    =       0, ntwv    =       0, ntwe    =       0
     ioutfm  =       0, ntwprt  =       0, idecomp =       0, rbornstat=      0

Potential function:
     ntf     =       1, ntb     =       0, igb     =       8, nsnb    =      25
     ipol    =       0, gbsa    =       0, iesp    =       0
     dielc   =   1.00000, cut     = 999.00000, intdiel =   1.00000
     saltcon =   0.00000, offset  =   0.19514, surften =   0.00500
     rdt     =   0.00000, rgbmax  =  25.00000  extdiel =  78.50000
     alpb  =        0
     gbalphaH  =   0.78844, gbbetaH   =   0.79870,  gbgammaH  =    0.43733
     gbalphaC  =   0.73376, gbbetaC   =   0.50638,  gbgammaC  =    0.20584
     gbalphaN  =   0.50336, gbbetaN   =   0.31683,  gbgammaN  =    0.19292
     gbalphaOS =   0.86781, gbbetaOS  =   0.87664,  gbgammaOS =    0.38788
     gbalphaP  =   1.00000, gbbetaP   =   0.80000,  gbgammaP  =    4.85000
     gb_alpha_hnu  =   0.53705, gb_beta_hnu   =   0.36286,  gb_gamma_hnu  =    0.11670
     gb_alpha_cnu  =   0.33167, gb_beta_cnu   =   0.19684,  gb_gamma_cnu  =    0.09342
     gb_alpha_nnu  =   0.68631, gb_beta_nnu   =   0.46319,  gb_gamma_nnu  =    0.13872
     gb_alpha_onu  =   0.60634, gb_beta_onu   =   0.46301,  gb_gamma_onu  =    0.14226
     gb_alpha_pnu  =   0.41836, gb_beta_pnu   =   0.29005,  gb_gamma_pnu  =    0.10642

Frozen or restrained atoms:
     ibelly  =       0, ntr     =       1
     restraint_wt =  10.00000

Energy minimization:
     maxcyc  =    1000, ncyc    =      10, ntmin   =       1
     dx0     =   0.01000, drms    =   0.00010
|  INFO: Old style inpcrd file read


    LOADING THE CONSTRAINED ATOMS AS GROUPS


   5.  REFERENCE ATOM COORDINATES

  defa
     Mask !@H=; matches   799 atoms

--------------------------------------------------------------------------------
   3.  ATOMIC COORDINATES AND VELOCITIES
--------------------------------------------------------------------------------

default_name                                                                    
 begin time read from input coords =     0.000 ps

 Number of triangulated 3-point waters found:        0

--------------------------------------------------------------------------------
   4.  RESULTS
--------------------------------------------------------------------------------



   NSTEP       ENERGY          RMS            GMAX         NAME    NUMBER
      1      -2.2281E+03     9.1230E+00     5.9516E+01     OD2       313

 BOND    =       69.3605  ANGLE   =      210.8757  DIHED      =     1066.0447
 VDWAALS =     -671.9815  EEL     =    -7348.8728  EGB        =    -1657.3290
 1-4 VDW =      439.2234  1-4 EEL =     5664.6277  RESTRAINT  =        0.0000


   NSTEP       ENERGY          RMS            GMAX         NAME    NUMBER
    100      -2.6049E+03     4.6634E-01     5.3935E+00     OG1      1388

 BOND    =       30.8957  ANGLE   =      208.2858  DIHED      =     1063.0779
 VDWAALS =     -807.3301  EEL     =    -7388.3522  EGB        =    -1671.4460
 1-4 VDW =      330.7862  1-4 EEL =     5587.4296  RESTRAINT  =       41.7359
 EAMBER  =    -2646.6531


   NSTEP       ENERGY          RMS            GMAX         NAME    NUMBER
    200      -2.6154E+03     9.5466E-02     9.2650E-01     CA       1380

 BOND    =       30.7397  ANGLE   =      208.0199  DIHED      =     1061.0238
 VDWAALS =     -807.5685  EEL     =    -7395.1733  EGB        =    -1673.4862
 1-4 VDW =      331.5508  1-4 EEL =     5587.9504  RESTRAINT  =       41.5786
 EAMBER  =    -2656.9435


   NSTEP       ENERGY          RMS            GMAX         NAME    NUMBER
    300      -2.6156E+03     2.2215E-02     2.1339E-01     CD        729

 BOND    =       30.5636  ANGLE   =      207.7478  DIHED      =     1060.9682
 VDWAALS =     -807.9034  EEL     =    -7395.0486  EGB        =    -1673.6776
 1-4 VDW =      331.9974  1-4 EEL =     5588.1277  RESTRAINT  =       41.6112
 EAMBER  =    -2657.2248


   NSTEP       ENERGY          RMS            GMAX         NAME    NUMBER
    400      -2.6156E+03     7.8925E-03     7.1006E-02     CE         16

 BOND    =       30.5286  ANGLE   =      207.7037  DIHED      =     1061.0163
 VDWAALS =     -807.9840  EEL     =    -7394.9805  EGB        =    -1673.7169
 1-4 VDW =      332.0997  1-4 EEL =     5588.0878  RESTRAINT  =       41.6141
 EAMBER  =    -2657.2453


   NSTEP       ENERGY          RMS            GMAX         NAME    NUMBER
    500      -2.6157E+03     3.0907E-02     3.4859E-01     CE1       831

 BOND    =       30.5481  ANGLE   =      207.7065  DIHED      =     1061.2121
 VDWAALS =     -808.0001  EEL     =    -7394.9421  EGB        =    -1673.8202
 1-4 VDW =      332.0899  1-4 EEL =     5587.9347  RESTRAINT  =       41.6205
 EAMBER  =    -2657.2710


   NSTEP       ENERGY          RMS            GMAX         NAME    NUMBER
    600      -2.6221E+03     8.1286E-02     9.6778E-01     HG1       605

 BOND    =       30.7353  ANGLE   =      207.9865  DIHED      =     1060.5527
 VDWAALS =     -806.7541  EEL     =    -7400.8713  EGB        =    -1675.0731
 1-4 VDW =      331.9703  1-4 EEL =     5587.9770  RESTRAINT  =       41.4159
 EAMBER  =    -2663.4767


   NSTEP       ENERGY          RMS            GMAX         NAME    NUMBER
    700      -2.6222E+03     1.2926E-02     2.6468E-01     CD        103

 BOND    =       30.6414  ANGLE   =      207.8258  DIHED      =     1060.6245
 VDWAALS =     -806.6338  EEL     =    -7401.0544  EGB        =    -1675.3176
 1-4 VDW =      332.2076  1-4 EEL =     5588.3690  RESTRAINT  =       41.1579
 EAMBER  =    -2663.3376


   NSTEP       ENERGY          RMS            GMAX         NAME    NUMBER
    800      -2.6222E+03     8.8333E-04     1.1566E-02     N         594

 BOND    =       30.6331  ANGLE   =      207.8177  DIHED      =     1060.6419
 VDWAALS =     -806.6050  EEL     =    -7401.0650  EGB        =    -1675.3690
 1-4 VDW =      332.2288  1-4 EEL =     5588.4038  RESTRAINT  =       41.1322
 EAMBER  =    -2663.3138


                    FINAL RESULTS



   NSTEP       ENERGY          RMS            GMAX         NAME    NUMBER
    899      -2.6222E+03     8.1449E-05     1.7637E-03     HG1      1213

 BOND    =       30.6336  ANGLE   =      207.8174  DIHED      =     1060.6428
 VDWAALS =     -806.6049  EEL     =    -7401.0694  EGB        =    -1675.3714
 1-4 VDW =      332.2288  1-4 EEL =     5588.4086  RESTRAINT  =       41.1328
 EAMBER  =    -2663.3144

--------------------------------------------------------------------------------
   5.  TIMINGS
--------------------------------------------------------------------------------

|                Calc gb radii             53.99 (20.07% of Gen B)
|                Calc gb diag             103.60 (38.52% of Gen B)
|                Calc gb off-diag         111.34 (41.40% of Gen B)
|             Gen Born time            268.94 (100.0% of Nonbo)
|          Nonbond force            268.94 (99.30% of Force)
|          Bond/Angle/Dihedral        1.87 ( 0.69% of Force)
|          Other                      0.02 ( 0.01% of Force)
|       Force time               270.83 (100.0% of Runmd)
|    Runmd Time               270.83 (99.78% of Total)
|    Other                      0.60 ( 0.22% of Total)
| Total time               271.43 (100.0% of ALL  )

| Number of list builds   :          0

| Highest rstack allocated:          0
| Highest istack allocated:          0
|           Job began  at 14:57:20.396  on 02/03/2016
|           Setup done at 14:57:20.447  on 02/03/2016
|           Run   done at 15:01:51.826  on 02/03/2016
|     wallclock() was called   16210 times
