
          -------------------------------------------------------
          Amber 14 SANDER                              2014
          -------------------------------------------------------

| Run on 02/03/2016 at 13:22:11

|   Executable path: sander
| Working directory: /lustre/cs1500/scratch/kmb413/RealDecoyDisc/DecoyDiscrimination/decoys.set2.init/1aaj/Rosetta_relaxed
|          Hostname: slepner7


File Assignments:
|  MDIN: /scratch/kmb413/RealDecoyDisc/DecoyDiscrimination/scripts/min/min.in  
| MDOUT: NoH_5_empty_tag_1_31_0001.out                                         
|INPCRD: NoH_5_empty_tag_1_31_0001.rst7                                        
|  PARM: NoH_5_empty_tag_1_31_0001.parm7                                       
|RESTRT: min_NoH_5_empty_tag_1_31_0001.rst7                                    
|  REFC: NoH_5_empty_tag_1_31_0001.rst7                                        
| MDVEL: mdvel                                                                 
| MDFRC: mdfrc                                                                 
|  MDEN: mden                                                                  
| MDCRD: mdcrd                                                                 
|MDINFO: mdinfo                                                                
|  MTMD: mtmd                                                                  
|INPDIP: inpdip                                                                
|RSTDIP: rstdip                                                                
|INPTRA: inptraj                                                               


 Here is the input file:

                                                                               
&cntrl                                                                         
    imin = 1, maxcyc=1000,                                                     
    ntx = 1,                                                                   
    ntwr = 100, ntpr = 100,                                                    
    cut = 999.0,                                                               
    ntb = 0, igb = 8,                                                          
    ntr = 1, restraint_wt = 10, restraintmask = "!@H=",                        
/                                                                              

--------------------------------------------------------------------------------
   1.  RESOURCE   USE: 
--------------------------------------------------------------------------------

| Flags:                                                                        
| New format PARM file being parsed.
| Version =    1.000 Date = 02/03/16 Time = 11:52:41
 NATOM  =    1590 NTYPES =      14 NBONH =     791 MBONA  =     820
 NTHETH =    1812 MTHETA =    1115 NPHIH =    3578 MPHIA  =    3525
 NHPARM =       0 NPARM  =       0 NNB   =    8805 NRES   =     104
 NBONA  =     820 NTHETA =    1115 NPHIA =    3525 NUMBND =      65
 NUMANG =     152 NPTRA  =     189 NATYP =      33 NPHB   =       0
 IFBOX  =       0 NMXRS  =      24 IFCAP =       0 NEXTRA =       0
 NCOPY  =       0

 Implicit solvent radii are ArgH and AspGluO modified Bondi2 radii (mbondi3)                                
 Replacing prmtop screening parameters with GBn2 (igb=8) values

|     Memory Use     Allocated
|     Real              145027
|     Hollerith           4876
|     Integer           109197
|     Max Pairs              1
|     nblistReal             0
|     nblist Int             0
|       Total             1578 kbytes

| Note: 1-4 EEL scale factors are being read from the topology file.

| Note: 1-4 VDW scale factors are being read from the topology file.
| Duplicated    0 dihedrals
| Duplicated    0 dihedrals

--------------------------------------------------------------------------------
   2.  CONTROL  DATA  FOR  THE  RUN
--------------------------------------------------------------------------------

default_name                                                                    

General flags:
     imin    =       1, nmropt  =       0

Nature and format of input:
     ntx     =       1, irest   =       0, ntrx    =       1

Nature and format of output:
     ntxo    =       1, ntpr    =     100, ntrx    =       1, ntwr    =     100
     iwrap   =       0, ntwx    =       0, ntwv    =       0, ntwe    =       0
     ioutfm  =       0, ntwprt  =       0, idecomp =       0, rbornstat=      0

Potential function:
     ntf     =       1, ntb     =       0, igb     =       8, nsnb    =      25
     ipol    =       0, gbsa    =       0, iesp    =       0
     dielc   =   1.00000, cut     = 999.00000, intdiel =   1.00000
     saltcon =   0.00000, offset  =   0.19514, surften =   0.00500
     rdt     =   0.00000, rgbmax  =  25.00000  extdiel =  78.50000
     alpb  =        0
     gbalphaH  =   0.78844, gbbetaH   =   0.79870,  gbgammaH  =    0.43733
     gbalphaC  =   0.73376, gbbetaC   =   0.50638,  gbgammaC  =    0.20584
     gbalphaN  =   0.50336, gbbetaN   =   0.31683,  gbgammaN  =    0.19292
     gbalphaOS =   0.86781, gbbetaOS  =   0.87664,  gbgammaOS =    0.38788
     gbalphaP  =   1.00000, gbbetaP   =   0.80000,  gbgammaP  =    4.85000
     gb_alpha_hnu  =   0.53705, gb_beta_hnu   =   0.36286,  gb_gamma_hnu  =    0.11670
     gb_alpha_cnu  =   0.33167, gb_beta_cnu   =   0.19684,  gb_gamma_cnu  =    0.09342
     gb_alpha_nnu  =   0.68631, gb_beta_nnu   =   0.46319,  gb_gamma_nnu  =    0.13872
     gb_alpha_onu  =   0.60634, gb_beta_onu   =   0.46301,  gb_gamma_onu  =    0.14226
     gb_alpha_pnu  =   0.41836, gb_beta_pnu   =   0.29005,  gb_gamma_pnu  =    0.10642

Frozen or restrained atoms:
     ibelly  =       0, ntr     =       1
     restraint_wt =  10.00000

Energy minimization:
     maxcyc  =    1000, ncyc    =      10, ntmin   =       1
     dx0     =   0.01000, drms    =   0.00010
|  INFO: Old style inpcrd file read


    LOADING THE CONSTRAINED ATOMS AS GROUPS


   5.  REFERENCE ATOM COORDINATES

  defa
     Mask !@H=; matches   799 atoms

--------------------------------------------------------------------------------
   3.  ATOMIC COORDINATES AND VELOCITIES
--------------------------------------------------------------------------------

default_name                                                                    
 begin time read from input coords =     0.000 ps

 Number of triangulated 3-point waters found:        0

--------------------------------------------------------------------------------
   4.  RESULTS
--------------------------------------------------------------------------------



   NSTEP       ENERGY          RMS            GMAX         NAME    NUMBER
      1      -2.2261E+03     9.0942E+00     6.4194E+01     OE1       730

 BOND    =       69.0789  ANGLE   =      211.3901  DIHED      =     1067.4371
 VDWAALS =     -693.0425  EEL     =    -7459.6212  EGB        =    -1543.4534
 1-4 VDW =      439.0854  1-4 EEL =     5683.0687  RESTRAINT  =        0.0000


   NSTEP       ENERGY          RMS            GMAX         NAME    NUMBER
    100      -2.5935E+03     5.8761E-01     7.2824E+00     CD       1585

 BOND    =       31.2792  ANGLE   =      206.3058  DIHED      =     1071.5013
 VDWAALS =     -827.9756  EEL     =    -7492.1077  EGB        =    -1559.0993
 1-4 VDW =      330.1554  1-4 EEL =     5601.9055  RESTRAINT  =       44.5586
 EAMBER  =    -2638.0354


   NSTEP       ENERGY          RMS            GMAX         NAME    NUMBER
    200      -2.6100E+03     8.2708E-02     1.1528E+00     CB        628

 BOND    =       30.6237  ANGLE   =      205.2753  DIHED      =     1067.2697
 VDWAALS =     -827.2707  EEL     =    -7505.5029  EGB        =    -1561.0184
 1-4 VDW =      331.7848  1-4 EEL =     5604.7635  RESTRAINT  =       44.0745
 EAMBER  =    -2654.0750


   NSTEP       ENERGY          RMS            GMAX         NAME    NUMBER
    300      -2.6103E+03     1.3910E-02     1.3253E-01     HG1       605

 BOND    =       30.6103  ANGLE   =      205.1523  DIHED      =     1067.1998
 VDWAALS =     -827.4410  EEL     =    -7506.0639  EGB        =    -1561.2147
 1-4 VDW =      331.9595  1-4 EEL =     5605.1711  RESTRAINT  =       44.3517
 EAMBER  =    -2654.6267


   NSTEP       ENERGY          RMS            GMAX         NAME    NUMBER
    400      -2.6103E+03     6.0017E-03     5.7546E-02     CD        944

 BOND    =       30.6222  ANGLE   =      205.1692  DIHED      =     1067.2288
 VDWAALS =     -827.4780  EEL     =    -7506.2404  EGB        =    -1561.2047
 1-4 VDW =      331.9633  1-4 EEL =     5605.2280  RESTRAINT  =       44.4140
 EAMBER  =    -2654.7117


   NSTEP       ENERGY          RMS            GMAX         NAME    NUMBER
    500      -2.6103E+03     4.1189E-03     5.2507E-02     CD        944

 BOND    =       30.6310  ANGLE   =      205.1782  DIHED      =     1067.2348
 VDWAALS =     -827.4922  EEL     =    -7506.3204  EGB        =    -1561.1993
 1-4 VDW =      331.9671  1-4 EEL =     5605.2490  RESTRAINT  =       44.4487
 EAMBER  =    -2654.7517


   NSTEP       ENERGY          RMS            GMAX         NAME    NUMBER
    600      -2.6103E+03     4.3944E-03     6.5037E-02     CD        103

 BOND    =       30.6312  ANGLE   =      205.1798  DIHED      =     1067.2351
 VDWAALS =     -827.5011  EEL     =    -7506.3422  EGB        =    -1561.1954
 1-4 VDW =      331.9662  1-4 EEL =     5605.2586  RESTRAINT  =       44.4642
 EAMBER  =    -2654.7679


   NSTEP       ENERGY          RMS            GMAX         NAME    NUMBER
    700      -2.6103E+03     8.6253E-04     1.1161E-02     CA        596

 BOND    =       30.6322  ANGLE   =      205.1795  DIHED      =     1067.2354
 VDWAALS =     -827.5041  EEL     =    -7506.3455  EGB        =    -1561.1967
 1-4 VDW =      331.9683  1-4 EEL =     5605.2592  RESTRAINT  =       44.4679
 EAMBER  =    -2654.7718


   NSTEP       ENERGY          RMS            GMAX         NAME    NUMBER
    800      -2.6103E+03     1.6706E-04     3.3380E-03     HD13      332

 BOND    =       30.6321  ANGLE   =      205.1795  DIHED      =     1067.2352
 VDWAALS =     -827.5060  EEL     =    -7506.3479  EGB        =    -1561.1964
 1-4 VDW =      331.9684  1-4 EEL =     5605.2615  RESTRAINT  =       44.4696
 EAMBER  =    -2654.7735


                    FINAL RESULTS



   NSTEP       ENERGY          RMS            GMAX         NAME    NUMBER
    871      -2.6103E+03     9.4872E-05     2.1747E-03     HD13      332

 BOND    =       30.6321  ANGLE   =      205.1796  DIHED      =     1067.2352
 VDWAALS =     -827.5071  EEL     =    -7506.3488  EGB        =    -1561.1964
 1-4 VDW =      331.9687  1-4 EEL =     5605.2622  RESTRAINT  =       44.4707
 EAMBER  =    -2654.7747

--------------------------------------------------------------------------------
   5.  TIMINGS
--------------------------------------------------------------------------------

|                Calc gb radii             51.99 (20.40% of Gen B)
|                Calc gb diag              96.89 (38.03% of Gen B)
|                Calc gb off-diag         105.90 (41.56% of Gen B)
|             Gen Born time            254.79 (100.0% of Nonbo)
|          Nonbond force            254.79 (99.29% of Force)
|          Bond/Angle/Dihedral        1.80 ( 0.70% of Force)
|          Other                      0.01 ( 0.01% of Force)
|       Force time               256.60 (100.0% of Runmd)
|    Runmd Time               256.60 (99.82% of Total)
|    Other                      0.47 ( 0.18% of Total)
| Total time               257.08 (100.0% of ALL  )

| Number of list builds   :          0

| Highest rstack allocated:          0
| Highest istack allocated:          0
|           Job began  at 13:22:11.401  on 02/03/2016
|           Setup done at 13:22:11.452  on 02/03/2016
|           Run   done at 13:26:28.480  on 02/03/2016
|     wallclock() was called   15706 times
