
          -------------------------------------------------------
          Amber 14 SANDER                              2014
          -------------------------------------------------------

| Run on 02/03/2016 at 13:38:25

|   Executable path: sander
| Working directory: /lustre/cs1500/scratch/kmb413/RealDecoyDisc/DecoyDiscrimination/decoys.set2.init/1aaj/Rosetta_relaxed
|          Hostname: slepner25


File Assignments:
|  MDIN: /scratch/kmb413/RealDecoyDisc/DecoyDiscrimination/scripts/min/min.in  
| MDOUT: NoH_5_empty_tag_49_0001_1_0001.out                                    
|INPCRD: NoH_5_empty_tag_49_0001_1_0001.rst7                                   
|  PARM: NoH_5_empty_tag_49_0001_1_0001.parm7                                  
|RESTRT: min_NoH_5_empty_tag_49_0001_1_0001.rst7                               
|  REFC: NoH_5_empty_tag_49_0001_1_0001.rst7                                   
| MDVEL: mdvel                                                                 
| MDFRC: mdfrc                                                                 
|  MDEN: mden                                                                  
| MDCRD: mdcrd                                                                 
|MDINFO: mdinfo                                                                
|  MTMD: mtmd                                                                  
|INPDIP: inpdip                                                                
|RSTDIP: rstdip                                                                
|INPTRA: inptraj                                                               


 Here is the input file:

                                                                               
&cntrl                                                                         
    imin = 1, maxcyc=1000,                                                     
    ntx = 1,                                                                   
    ntwr = 100, ntpr = 100,                                                    
    cut = 999.0,                                                               
    ntb = 0, igb = 8,                                                          
    ntr = 1, restraint_wt = 10, restraintmask = "!@H=",                        
/                                                                              

--------------------------------------------------------------------------------
   1.  RESOURCE   USE: 
--------------------------------------------------------------------------------

| Flags:                                                                        
| New format PARM file being parsed.
| Version =    1.000 Date = 02/03/16 Time = 11:53:54
 NATOM  =    1590 NTYPES =      14 NBONH =     791 MBONA  =     820
 NTHETH =    1812 MTHETA =    1115 NPHIH =    3578 MPHIA  =    3525
 NHPARM =       0 NPARM  =       0 NNB   =    8805 NRES   =     104
 NBONA  =     820 NTHETA =    1115 NPHIA =    3525 NUMBND =      65
 NUMANG =     152 NPTRA  =     189 NATYP =      33 NPHB   =       0
 IFBOX  =       0 NMXRS  =      24 IFCAP =       0 NEXTRA =       0
 NCOPY  =       0

 Implicit solvent radii are ArgH and AspGluO modified Bondi2 radii (mbondi3)                                
 Replacing prmtop screening parameters with GBn2 (igb=8) values

|     Memory Use     Allocated
|     Real              145027
|     Hollerith           4876
|     Integer           109197
|     Max Pairs              1
|     nblistReal             0
|     nblist Int             0
|       Total             1578 kbytes

| Note: 1-4 EEL scale factors are being read from the topology file.

| Note: 1-4 VDW scale factors are being read from the topology file.
| Duplicated    0 dihedrals
| Duplicated    0 dihedrals

--------------------------------------------------------------------------------
   2.  CONTROL  DATA  FOR  THE  RUN
--------------------------------------------------------------------------------

default_name                                                                    

General flags:
     imin    =       1, nmropt  =       0

Nature and format of input:
     ntx     =       1, irest   =       0, ntrx    =       1

Nature and format of output:
     ntxo    =       1, ntpr    =     100, ntrx    =       1, ntwr    =     100
     iwrap   =       0, ntwx    =       0, ntwv    =       0, ntwe    =       0
     ioutfm  =       0, ntwprt  =       0, idecomp =       0, rbornstat=      0

Potential function:
     ntf     =       1, ntb     =       0, igb     =       8, nsnb    =      25
     ipol    =       0, gbsa    =       0, iesp    =       0
     dielc   =   1.00000, cut     = 999.00000, intdiel =   1.00000
     saltcon =   0.00000, offset  =   0.19514, surften =   0.00500
     rdt     =   0.00000, rgbmax  =  25.00000  extdiel =  78.50000
     alpb  =        0
     gbalphaH  =   0.78844, gbbetaH   =   0.79870,  gbgammaH  =    0.43733
     gbalphaC  =   0.73376, gbbetaC   =   0.50638,  gbgammaC  =    0.20584
     gbalphaN  =   0.50336, gbbetaN   =   0.31683,  gbgammaN  =    0.19292
     gbalphaOS =   0.86781, gbbetaOS  =   0.87664,  gbgammaOS =    0.38788
     gbalphaP  =   1.00000, gbbetaP   =   0.80000,  gbgammaP  =    4.85000
     gb_alpha_hnu  =   0.53705, gb_beta_hnu   =   0.36286,  gb_gamma_hnu  =    0.11670
     gb_alpha_cnu  =   0.33167, gb_beta_cnu   =   0.19684,  gb_gamma_cnu  =    0.09342
     gb_alpha_nnu  =   0.68631, gb_beta_nnu   =   0.46319,  gb_gamma_nnu  =    0.13872
     gb_alpha_onu  =   0.60634, gb_beta_onu   =   0.46301,  gb_gamma_onu  =    0.14226
     gb_alpha_pnu  =   0.41836, gb_beta_pnu   =   0.29005,  gb_gamma_pnu  =    0.10642

Frozen or restrained atoms:
     ibelly  =       0, ntr     =       1
     restraint_wt =  10.00000

Energy minimization:
     maxcyc  =    1000, ncyc    =      10, ntmin   =       1
     dx0     =   0.01000, drms    =   0.00010
|  INFO: Old style inpcrd file read


    LOADING THE CONSTRAINED ATOMS AS GROUPS


   5.  REFERENCE ATOM COORDINATES

  defa
     Mask !@H=; matches   799 atoms

--------------------------------------------------------------------------------
   3.  ATOMIC COORDINATES AND VELOCITIES
--------------------------------------------------------------------------------

default_name                                                                    
 begin time read from input coords =     0.000 ps

 Number of triangulated 3-point waters found:        0

--------------------------------------------------------------------------------
   4.  RESULTS
--------------------------------------------------------------------------------



   NSTEP       ENERGY          RMS            GMAX         NAME    NUMBER
      1      -2.1432E+03     9.2487E+00     8.5807E+01     HA        430

 BOND    =       71.2521  ANGLE   =      211.7758  DIHED      =     1088.9692
 VDWAALS =     -605.2221  EEL     =    -7007.6693  EGB        =    -2049.8208
 1-4 VDW =      432.7972  1-4 EEL =     5714.6823  RESTRAINT  =        0.0000


   NSTEP       ENERGY          RMS            GMAX         NAME    NUMBER
    100      -2.5122E+03     3.4794E-01     2.7552E+00     HA        430

 BOND    =       31.1079  ANGLE   =      208.1471  DIHED      =     1093.2503
 VDWAALS =     -746.5442  EEL     =    -7037.7021  EGB        =    -2069.8657
 1-4 VDW =      323.4526  1-4 EEL =     5641.5092  RESTRAINT  =       44.4009
 EAMBER  =    -2556.6449


   NSTEP       ENERGY          RMS            GMAX         NAME    NUMBER
    200      -2.5180E+03     8.5232E-02     8.7663E-01     HG        116

 BOND    =       30.9216  ANGLE   =      207.8316  DIHED      =     1093.8605
 VDWAALS =     -749.3138  EEL     =    -7047.2030  EGB        =    -2065.2929
 1-4 VDW =      324.0610  1-4 EEL =     5641.6021  RESTRAINT  =       45.5247
 EAMBER  =    -2563.5329


   NSTEP       ENERGY          RMS            GMAX         NAME    NUMBER
    300      -2.5203E+03     6.2637E-02     8.9351E-01     H2          3

 BOND    =       30.8616  ANGLE   =      207.6452  DIHED      =     1093.4425
 VDWAALS =     -750.0357  EEL     =    -7049.8883  EGB        =    -2063.6368
 1-4 VDW =      324.2198  1-4 EEL =     5641.3831  RESTRAINT  =       45.7078
 EAMBER  =    -2566.0087


   NSTEP       ENERGY          RMS            GMAX         NAME    NUMBER
    400      -2.5243E+03     7.6525E-02     1.3269E+00     CA          5

 BOND    =       30.8413  ANGLE   =      207.5597  DIHED      =     1090.4360
 VDWAALS =     -749.9269  EEL     =    -7052.3254  EGB        =    -2062.1215
 1-4 VDW =      324.3510  1-4 EEL =     5641.0423  RESTRAINT  =       45.8228
 EAMBER  =    -2570.1436


   NSTEP       ENERGY          RMS            GMAX         NAME    NUMBER
    500      -2.5244E+03     2.4708E-03     3.9116E-02     OH        419

 BOND    =       30.6839  ANGLE   =      207.2542  DIHED      =     1090.2454
 VDWAALS =     -749.6896  EEL     =    -7052.0433  EGB        =    -2062.0879
 1-4 VDW =      324.7455  1-4 EEL =     5640.9983  RESTRAINT  =       45.4439
 EAMBER  =    -2569.8936


   NSTEP       ENERGY          RMS            GMAX         NAME    NUMBER
    600      -2.5245E+03     2.7456E-03     4.6589E-02     CA          5

 BOND    =       30.6809  ANGLE   =      207.2479  DIHED      =     1090.2453
 VDWAALS =     -749.6957  EEL     =    -7052.0324  EGB        =    -2062.0874
 1-4 VDW =      324.7565  1-4 EEL =     5640.9973  RESTRAINT  =       45.4374
 EAMBER  =    -2569.8876


   NSTEP       ENERGY          RMS            GMAX         NAME    NUMBER
    700      -2.5245E+03     6.2392E-04     8.8694E-03     N           1

 BOND    =       30.6795  ANGLE   =      207.2449  DIHED      =     1090.2448
 VDWAALS =     -749.6912  EEL     =    -7052.0359  EGB        =    -2062.0858
 1-4 VDW =      324.7596  1-4 EEL =     5640.9994  RESTRAINT  =       45.4343
 EAMBER  =    -2569.8846


                    FINAL RESULTS



   NSTEP       ENERGY          RMS            GMAX         NAME    NUMBER
    794      -2.5245E+03     9.2546E-05     1.4310E-03     HG       1375

 BOND    =       30.6799  ANGLE   =      207.2453  DIHED      =     1090.2448
 VDWAALS =     -749.6912  EEL     =    -7052.0356  EGB        =    -2062.0860
 1-4 VDW =      324.7592  1-4 EEL =     5640.9990  RESTRAINT  =       45.4343
 EAMBER  =    -2569.8846

--------------------------------------------------------------------------------
   5.  TIMINGS
--------------------------------------------------------------------------------

|                Calc gb radii             46.82 (20.03% of Gen B)
|                Calc gb diag              88.78 (37.99% of Gen B)
|                Calc gb off-diag          98.10 (41.98% of Gen B)
|             Gen Born time            233.70 (100.0% of Nonbo)
|          Nonbond force            233.70 (99.29% of Force)
|          Bond/Angle/Dihedral        1.66 ( 0.70% of Force)
|          Other                      0.01 ( 0.01% of Force)
|       Force time               235.37 (100.0% of Runmd)
|    Runmd Time               235.37 (99.69% of Total)
|    Other                      0.73 ( 0.31% of Total)
| Total time               236.10 (100.0% of ALL  )

| Number of list builds   :          0

| Highest rstack allocated:          0
| Highest istack allocated:          0
|           Job began  at 13:38:25.968  on 02/03/2016
|           Setup done at 13:38:26.018  on 02/03/2016
|           Run   done at 13:42:22.070  on 02/03/2016
|     wallclock() was called   14320 times
