
          -------------------------------------------------------
          Amber 14 SANDER                              2014
          -------------------------------------------------------

| Run on 02/03/2016 at 13:14:32

|   Executable path: sander
| Working directory: /lustre/cs1500/scratch/kmb413/RealDecoyDisc/DecoyDiscrimination/decoys.set2.init/1aaj/Rosetta_relaxed
|          Hostname: slepner1


File Assignments:
|  MDIN: /scratch/kmb413/RealDecoyDisc/DecoyDiscrimination/scripts/min/min.in  
| MDOUT: NoH_4_empty_tag_915_0001_0001.out                                     
|INPCRD: NoH_4_empty_tag_915_0001_0001.rst7                                    
|  PARM: NoH_4_empty_tag_915_0001_0001.parm7                                   
|RESTRT: min_NoH_4_empty_tag_915_0001_0001.rst7                                
|  REFC: NoH_4_empty_tag_915_0001_0001.rst7                                    
| MDVEL: mdvel                                                                 
| MDFRC: mdfrc                                                                 
|  MDEN: mden                                                                  
| MDCRD: mdcrd                                                                 
|MDINFO: mdinfo                                                                
|  MTMD: mtmd                                                                  
|INPDIP: inpdip                                                                
|RSTDIP: rstdip                                                                
|INPTRA: inptraj                                                               


 Here is the input file:

                                                                               
&cntrl                                                                         
    imin = 1, maxcyc=1000,                                                     
    ntx = 1,                                                                   
    ntwr = 100, ntpr = 100,                                                    
    cut = 999.0,                                                               
    ntb = 0, igb = 8,                                                          
    ntr = 1, restraint_wt = 10, restraintmask = "!@H=",                        
/                                                                              

--------------------------------------------------------------------------------
   1.  RESOURCE   USE: 
--------------------------------------------------------------------------------

| Flags:                                                                        
| New format PARM file being parsed.
| Version =    1.000 Date = 02/03/16 Time = 11:52:12
 NATOM  =    1590 NTYPES =      14 NBONH =     791 MBONA  =     820
 NTHETH =    1812 MTHETA =    1115 NPHIH =    3578 MPHIA  =    3525
 NHPARM =       0 NPARM  =       0 NNB   =    8805 NRES   =     104
 NBONA  =     820 NTHETA =    1115 NPHIA =    3525 NUMBND =      65
 NUMANG =     152 NPTRA  =     189 NATYP =      33 NPHB   =       0
 IFBOX  =       0 NMXRS  =      24 IFCAP =       0 NEXTRA =       0
 NCOPY  =       0

 Implicit solvent radii are ArgH and AspGluO modified Bondi2 radii (mbondi3)                                
 Replacing prmtop screening parameters with GBn2 (igb=8) values

|     Memory Use     Allocated
|     Real              145027
|     Hollerith           4876
|     Integer           109197
|     Max Pairs              1
|     nblistReal             0
|     nblist Int             0
|       Total             1578 kbytes

| Note: 1-4 EEL scale factors are being read from the topology file.

| Note: 1-4 VDW scale factors are being read from the topology file.
| Duplicated    0 dihedrals
| Duplicated    0 dihedrals

--------------------------------------------------------------------------------
   2.  CONTROL  DATA  FOR  THE  RUN
--------------------------------------------------------------------------------

default_name                                                                    

General flags:
     imin    =       1, nmropt  =       0

Nature and format of input:
     ntx     =       1, irest   =       0, ntrx    =       1

Nature and format of output:
     ntxo    =       1, ntpr    =     100, ntrx    =       1, ntwr    =     100
     iwrap   =       0, ntwx    =       0, ntwv    =       0, ntwe    =       0
     ioutfm  =       0, ntwprt  =       0, idecomp =       0, rbornstat=      0

Potential function:
     ntf     =       1, ntb     =       0, igb     =       8, nsnb    =      25
     ipol    =       0, gbsa    =       0, iesp    =       0
     dielc   =   1.00000, cut     = 999.00000, intdiel =   1.00000
     saltcon =   0.00000, offset  =   0.19514, surften =   0.00500
     rdt     =   0.00000, rgbmax  =  25.00000  extdiel =  78.50000
     alpb  =        0
     gbalphaH  =   0.78844, gbbetaH   =   0.79870,  gbgammaH  =    0.43733
     gbalphaC  =   0.73376, gbbetaC   =   0.50638,  gbgammaC  =    0.20584
     gbalphaN  =   0.50336, gbbetaN   =   0.31683,  gbgammaN  =    0.19292
     gbalphaOS =   0.86781, gbbetaOS  =   0.87664,  gbgammaOS =    0.38788
     gbalphaP  =   1.00000, gbbetaP   =   0.80000,  gbgammaP  =    4.85000
     gb_alpha_hnu  =   0.53705, gb_beta_hnu   =   0.36286,  gb_gamma_hnu  =    0.11670
     gb_alpha_cnu  =   0.33167, gb_beta_cnu   =   0.19684,  gb_gamma_cnu  =    0.09342
     gb_alpha_nnu  =   0.68631, gb_beta_nnu   =   0.46319,  gb_gamma_nnu  =    0.13872
     gb_alpha_onu  =   0.60634, gb_beta_onu   =   0.46301,  gb_gamma_onu  =    0.14226
     gb_alpha_pnu  =   0.41836, gb_beta_pnu   =   0.29005,  gb_gamma_pnu  =    0.10642

Frozen or restrained atoms:
     ibelly  =       0, ntr     =       1
     restraint_wt =  10.00000

Energy minimization:
     maxcyc  =    1000, ncyc    =      10, ntmin   =       1
     dx0     =   0.01000, drms    =   0.00010
|  INFO: Old style inpcrd file read


    LOADING THE CONSTRAINED ATOMS AS GROUPS


   5.  REFERENCE ATOM COORDINATES

  defa
     Mask !@H=; matches   799 atoms

--------------------------------------------------------------------------------
   3.  ATOMIC COORDINATES AND VELOCITIES
--------------------------------------------------------------------------------

default_name                                                                    
 begin time read from input coords =     0.000 ps

 Number of triangulated 3-point waters found:        0

--------------------------------------------------------------------------------
   4.  RESULTS
--------------------------------------------------------------------------------



   NSTEP       ENERGY          RMS            GMAX         NAME    NUMBER
      1      -2.2058E+03     9.0965E+00     6.2925E+01     OE1      1586

 BOND    =       71.3745  ANGLE   =      211.6037  DIHED      =     1080.7151
 VDWAALS =     -661.7121  EEL     =    -7073.1376  EGB        =    -1989.8081
 1-4 VDW =      432.1866  1-4 EEL =     5722.9419  RESTRAINT  =        0.0000


   NSTEP       ENERGY          RMS            GMAX         NAME    NUMBER
    100      -2.5612E+03     3.5344E-01     3.7123E+00     CE2       650

 BOND    =       30.7799  ANGLE   =      205.8314  DIHED      =     1085.4592
 VDWAALS =     -802.1522  EEL     =    -7078.3986  EGB        =    -2013.5496
 1-4 VDW =      327.9475  1-4 EEL =     5640.8792  RESTRAINT  =       42.0236
 EAMBER  =    -2603.2032


   NSTEP       ENERGY          RMS            GMAX         NAME    NUMBER
    200      -2.5738E+03     6.0584E-01     1.5742E+01     OG       1179

 BOND    =       32.5162  ANGLE   =      207.9239  DIHED      =     1084.0374
 VDWAALS =     -803.7233  EEL     =    -7095.6150  EGB        =    -2011.6038
 1-4 VDW =      326.0340  1-4 EEL =     5642.1333  RESTRAINT  =       44.4658
 EAMBER  =    -2618.2973


   NSTEP       ENERGY          RMS            GMAX         NAME    NUMBER
    300      -2.5782E+03     1.0963E-01     1.5541E+00     CG        589

 BOND    =       30.7161  ANGLE   =      205.4190  DIHED      =     1081.8240
 VDWAALS =     -802.9135  EEL     =    -7095.3909  EGB        =    -2012.0847
 1-4 VDW =      328.3968  1-4 EEL =     5643.2215  RESTRAINT  =       42.5731
 EAMBER  =    -2620.8119


   NSTEP       ENERGY          RMS            GMAX         NAME    NUMBER
    400      -2.5784E+03     2.8041E-02     8.6953E-01     CG        589

 BOND    =       30.5458  ANGLE   =      205.2338  DIHED      =     1081.8211
 VDWAALS =     -802.9471  EEL     =    -7095.4029  EGB        =    -2012.0983
 1-4 VDW =      328.7859  1-4 EEL =     5643.3859  RESTRAINT  =       42.3171
 EAMBER  =    -2620.6757


   NSTEP       ENERGY          RMS            GMAX         NAME    NUMBER
    500      -2.5784E+03     1.0723E-02     1.1112E-01     CA          5

 BOND    =       30.5248  ANGLE   =      205.2093  DIHED      =     1081.8811
 VDWAALS =     -802.9642  EEL     =    -7095.4896  EGB        =    -2012.0710
 1-4 VDW =      328.8372  1-4 EEL =     5643.4150  RESTRAINT  =       42.2931
 EAMBER  =    -2620.6575


   NSTEP       ENERGY          RMS            GMAX         NAME    NUMBER
    600      -2.5784E+03     1.2883E-03     1.3271E-02     CG        589

 BOND    =       30.5220  ANGLE   =      205.2035  DIHED      =     1081.8965
 VDWAALS =     -802.9714  EEL     =    -7095.5081  EGB        =    -2012.0679
 1-4 VDW =      328.8422  1-4 EEL =     5643.4281  RESTRAINT  =       42.2899
 EAMBER  =    -2620.6550


   NSTEP       ENERGY          RMS            GMAX         NAME    NUMBER
    700      -2.5784E+03     9.3991E-04     2.2213E-02     CG        589

 BOND    =       30.5194  ANGLE   =      205.1989  DIHED      =     1081.9082
 VDWAALS =     -802.9762  EEL     =    -7095.5175  EGB        =    -2012.0666
 1-4 VDW =      328.8490  1-4 EEL =     5643.4348  RESTRAINT  =       42.2848
 EAMBER  =    -2620.6500


   NSTEP       ENERGY          RMS            GMAX         NAME    NUMBER
    800      -2.5784E+03     1.6574E-04     1.9751E-03     HB3         9

 BOND    =       30.5201  ANGLE   =      205.1996  DIHED      =     1081.9184
 VDWAALS =     -802.9815  EEL     =    -7095.5311  EGB        =    -2012.0659
 1-4 VDW =      328.8482  1-4 EEL =     5643.4409  RESTRAINT  =       42.2860
 EAMBER  =    -2620.6513


                    FINAL RESULTS



   NSTEP       ENERGY          RMS            GMAX         NAME    NUMBER
    822      -2.5784E+03     9.5312E-05     1.4406E-03     CD       1119

 BOND    =       30.5200  ANGLE   =      205.1993  DIHED      =     1081.9188
 VDWAALS =     -802.9816  EEL     =    -7095.5312  EGB        =    -2012.0658
 1-4 VDW =      328.8486  1-4 EEL =     5643.4410  RESTRAINT  =       42.2856
 EAMBER  =    -2620.6509

--------------------------------------------------------------------------------
   5.  TIMINGS
--------------------------------------------------------------------------------

|                Calc gb radii             49.15 (20.42% of Gen B)
|                Calc gb diag              91.25 (37.91% of Gen B)
|                Calc gb off-diag         100.29 (41.67% of Gen B)
|             Gen Born time            240.70 (100.0% of Nonbo)
|          Nonbond force            240.70 (99.29% of Force)
|          Bond/Angle/Dihedral        1.71 ( 0.71% of Force)
|          Other                      0.01 ( 0.01% of Force)
|       Force time               242.42 (100.0% of Runmd)
|    Runmd Time               242.42 (99.65% of Total)
|    Other                      0.86 ( 0.35% of Total)
| Total time               243.28 (100.0% of ALL  )

| Number of list builds   :          0

| Highest rstack allocated:          0
| Highest istack allocated:          0
|           Job began  at 13:14:32.363  on 02/03/2016
|           Setup done at 13:14:32.418  on 02/03/2016
|           Run   done at 13:18:35.645  on 02/03/2016
|     wallclock() was called   14824 times
