
          -------------------------------------------------------
          Amber 14 SANDER                              2014
          -------------------------------------------------------

| Run on 02/03/2016 at 14:38:21

|   Executable path: sander
| Working directory: /lustre/cs1500/scratch/kmb413/RealDecoyDisc/DecoyDiscrimination/decoys.set2.init/1aaj/Rosetta_relaxed
|          Hostname: slepner1


File Assignments:
|  MDIN: /scratch/kmb413/RealDecoyDisc/DecoyDiscrimination/scripts/min/min.in  
| MDOUT: NoH_3_empty_tag_631_0001_0001.out                                     
|INPCRD: NoH_3_empty_tag_631_0001_0001.rst7                                    
|  PARM: NoH_3_empty_tag_631_0001_0001.parm7                                   
|RESTRT: min_NoH_3_empty_tag_631_0001_0001.rst7                                
|  REFC: NoH_3_empty_tag_631_0001_0001.rst7                                    
| MDVEL: mdvel                                                                 
| MDFRC: mdfrc                                                                 
|  MDEN: mden                                                                  
| MDCRD: mdcrd                                                                 
|MDINFO: mdinfo                                                                
|  MTMD: mtmd                                                                  
|INPDIP: inpdip                                                                
|RSTDIP: rstdip                                                                
|INPTRA: inptraj                                                               


 Here is the input file:

                                                                               
&cntrl                                                                         
    imin = 1, maxcyc=1000,                                                     
    ntx = 1,                                                                   
    ntwr = 100, ntpr = 100,                                                    
    cut = 999.0,                                                               
    ntb = 0, igb = 8,                                                          
    ntr = 1, restraint_wt = 10, restraintmask = "!@H=",                        
/                                                                              

--------------------------------------------------------------------------------
   1.  RESOURCE   USE: 
--------------------------------------------------------------------------------

| Flags:                                                                        
| New format PARM file being parsed.
| Version =    1.000 Date = 02/03/16 Time = 11:50:10
 NATOM  =    1590 NTYPES =      14 NBONH =     791 MBONA  =     820
 NTHETH =    1812 MTHETA =    1115 NPHIH =    3578 MPHIA  =    3525
 NHPARM =       0 NPARM  =       0 NNB   =    8805 NRES   =     104
 NBONA  =     820 NTHETA =    1115 NPHIA =    3525 NUMBND =      65
 NUMANG =     152 NPTRA  =     189 NATYP =      33 NPHB   =       0
 IFBOX  =       0 NMXRS  =      24 IFCAP =       0 NEXTRA =       0
 NCOPY  =       0

 Implicit solvent radii are ArgH and AspGluO modified Bondi2 radii (mbondi3)                                
 Replacing prmtop screening parameters with GBn2 (igb=8) values

|     Memory Use     Allocated
|     Real              145027
|     Hollerith           4876
|     Integer           109197
|     Max Pairs              1
|     nblistReal             0
|     nblist Int             0
|       Total             1578 kbytes

| Note: 1-4 EEL scale factors are being read from the topology file.

| Note: 1-4 VDW scale factors are being read from the topology file.
| Duplicated    0 dihedrals
| Duplicated    0 dihedrals

--------------------------------------------------------------------------------
   2.  CONTROL  DATA  FOR  THE  RUN
--------------------------------------------------------------------------------

default_name                                                                    

General flags:
     imin    =       1, nmropt  =       0

Nature and format of input:
     ntx     =       1, irest   =       0, ntrx    =       1

Nature and format of output:
     ntxo    =       1, ntpr    =     100, ntrx    =       1, ntwr    =     100
     iwrap   =       0, ntwx    =       0, ntwv    =       0, ntwe    =       0
     ioutfm  =       0, ntwprt  =       0, idecomp =       0, rbornstat=      0

Potential function:
     ntf     =       1, ntb     =       0, igb     =       8, nsnb    =      25
     ipol    =       0, gbsa    =       0, iesp    =       0
     dielc   =   1.00000, cut     = 999.00000, intdiel =   1.00000
     saltcon =   0.00000, offset  =   0.19514, surften =   0.00500
     rdt     =   0.00000, rgbmax  =  25.00000  extdiel =  78.50000
     alpb  =        0
     gbalphaH  =   0.78844, gbbetaH   =   0.79870,  gbgammaH  =    0.43733
     gbalphaC  =   0.73376, gbbetaC   =   0.50638,  gbgammaC  =    0.20584
     gbalphaN  =   0.50336, gbbetaN   =   0.31683,  gbgammaN  =    0.19292
     gbalphaOS =   0.86781, gbbetaOS  =   0.87664,  gbgammaOS =    0.38788
     gbalphaP  =   1.00000, gbbetaP   =   0.80000,  gbgammaP  =    4.85000
     gb_alpha_hnu  =   0.53705, gb_beta_hnu   =   0.36286,  gb_gamma_hnu  =    0.11670
     gb_alpha_cnu  =   0.33167, gb_beta_cnu   =   0.19684,  gb_gamma_cnu  =    0.09342
     gb_alpha_nnu  =   0.68631, gb_beta_nnu   =   0.46319,  gb_gamma_nnu  =    0.13872
     gb_alpha_onu  =   0.60634, gb_beta_onu   =   0.46301,  gb_gamma_onu  =    0.14226
     gb_alpha_pnu  =   0.41836, gb_beta_pnu   =   0.29005,  gb_gamma_pnu  =    0.10642

Frozen or restrained atoms:
     ibelly  =       0, ntr     =       1
     restraint_wt =  10.00000

Energy minimization:
     maxcyc  =    1000, ncyc    =      10, ntmin   =       1
     dx0     =   0.01000, drms    =   0.00010
|  INFO: Old style inpcrd file read


    LOADING THE CONSTRAINED ATOMS AS GROUPS


   5.  REFERENCE ATOM COORDINATES

  defa
     Mask !@H=; matches   799 atoms

--------------------------------------------------------------------------------
   3.  ATOMIC COORDINATES AND VELOCITIES
--------------------------------------------------------------------------------

default_name                                                                    
 begin time read from input coords =     0.000 ps

 Number of triangulated 3-point waters found:        0

--------------------------------------------------------------------------------
   4.  RESULTS
--------------------------------------------------------------------------------



   NSTEP       ENERGY          RMS            GMAX         NAME    NUMBER
      1      -2.2116E+03     9.1638E+00     6.1397E+01     OE1      1120

 BOND    =       69.4719  ANGLE   =      210.8932  DIHED      =     1078.5587
 VDWAALS =     -652.4882  EEL     =    -7293.1690  EGB        =    -1734.8697
 1-4 VDW =      436.4167  1-4 EEL =     5673.5429  RESTRAINT  =        0.0000


   NSTEP       ENERGY          RMS            GMAX         NAME    NUMBER
    100      -2.5804E+03     4.3892E-01     6.8635E+00     OG1      1388

 BOND    =       31.8091  ANGLE   =      206.8462  DIHED      =     1079.1873
 VDWAALS =     -794.0056  EEL     =    -7309.6237  EGB        =    -1754.9235
 1-4 VDW =      326.6004  1-4 EEL =     5592.4827  RESTRAINT  =       41.2487
 EAMBER  =    -2621.6270


   NSTEP       ENERGY          RMS            GMAX         NAME    NUMBER
    200      -2.5935E+03     3.4919E-01     5.2022E+00     CD        729

 BOND    =       31.9557  ANGLE   =      207.6660  DIHED      =     1077.0210
 VDWAALS =     -794.4495  EEL     =    -7322.1133  EGB        =    -1754.6172
 1-4 VDW =      326.1333  1-4 EEL =     5593.2195  RESTRAINT  =       41.7002
 EAMBER  =    -2635.1845


   NSTEP       ENERGY          RMS            GMAX         NAME    NUMBER
    300      -2.5957E+03     1.0720E-01     1.4891E+00     CD        193

 BOND    =       31.2110  ANGLE   =      205.6898  DIHED      =     1076.5162
 VDWAALS =     -793.5390  EEL     =    -7325.4976  EGB        =    -1754.4789
 1-4 VDW =      328.4497  1-4 EEL =     5595.3159  RESTRAINT  =       40.6273
 EAMBER  =    -2636.3329


   NSTEP       ENERGY          RMS            GMAX         NAME    NUMBER
    400      -2.5973E+03     8.4186E-02     1.0500E+00     HG1       635

 BOND    =       31.3397  ANGLE   =      205.8828  DIHED      =     1075.2941
 VDWAALS =     -793.9116  EEL     =    -7325.3363  EGB        =    -1756.1318
 1-4 VDW =      328.2765  1-4 EEL =     5596.4559  RESTRAINT  =       40.8666
 EAMBER  =    -2638.1308


   NSTEP       ENERGY          RMS            GMAX         NAME    NUMBER
    500      -2.5975E+03     8.1213E-03     1.3320E-01     CD        729

 BOND    =       31.1006  ANGLE   =      205.5305  DIHED      =     1074.8681
 VDWAALS =     -793.6961  EEL     =    -7325.0779  EGB        =    -1756.6333
 1-4 VDW =      328.8442  1-4 EEL =     5596.8836  RESTRAINT  =       40.6478
 EAMBER  =    -2638.1802


   NSTEP       ENERGY          RMS            GMAX         NAME    NUMBER
    600      -2.5975E+03     6.5725E-03     1.6781E-01     CD        193

 BOND    =       31.0878  ANGLE   =      205.4995  DIHED      =     1074.8380
 VDWAALS =     -793.6912  EEL     =    -7325.2140  EGB        =    -1756.5525
 1-4 VDW =      328.8973  1-4 EEL =     5596.9443  RESTRAINT  =       40.6529
 EAMBER  =    -2638.1909


   NSTEP       ENERGY          RMS            GMAX         NAME    NUMBER
    700      -2.5975E+03     1.2986E-03     2.1928E-02     HG1       605

 BOND    =       31.0821  ANGLE   =      205.4871  DIHED      =     1074.8411
 VDWAALS =     -793.6992  EEL     =    -7325.3691  EGB        =    -1756.4221
 1-4 VDW =      328.9128  1-4 EEL =     5596.9706  RESTRAINT  =       40.6569
 EAMBER  =    -2638.1965


   NSTEP       ENERGY          RMS            GMAX         NAME    NUMBER
    800      -2.5975E+03     1.7898E-03     3.1049E-02     HG       1180

 BOND    =       31.0823  ANGLE   =      205.4894  DIHED      =     1074.8466
 VDWAALS =     -793.7053  EEL     =    -7325.4728  EGB        =    -1756.3376
 1-4 VDW =      328.9125  1-4 EEL =     5596.9822  RESTRAINT  =       40.6624
 EAMBER  =    -2638.2026

     ... RESTARTED DUE TO LINMIN FAILURE ...


   NSTEP       ENERGY          RMS            GMAX         NAME    NUMBER
    900      -2.1914E+03     2.3397E+01     4.9592E+02     CD        729

 BOND    =      355.8760  ANGLE   =      279.1379  DIHED      =     1075.6622
 VDWAALS =     -792.4135  EEL     =    -7325.5749  EGB        =    -1754.1081
 1-4 VDW =      329.9031  1-4 EEL =     5596.9507  RESTRAINT  =       43.1524
 EAMBER  =    -2234.5666


   NSTEP       ENERGY          RMS            GMAX         NAME    NUMBER
   1000      -2.5975E+03     1.3152E-04     1.7421E-03     CH2       653

 BOND    =       31.0792  ANGLE   =      205.4816  DIHED      =     1074.8563
 VDWAALS =     -793.7064  EEL     =    -7325.6258  EGB        =    -1756.1919
 1-4 VDW =      328.9234  1-4 EEL =     5596.9847  RESTRAINT  =       40.6582
 EAMBER  =    -2638.1988


  Maximum number of minimization cycles reached.


                    FINAL RESULTS



   NSTEP       ENERGY          RMS            GMAX         NAME    NUMBER
   1000      -2.5975E+03     1.3152E-04     1.7421E-03     CH2       653

 BOND    =       31.0792  ANGLE   =      205.4816  DIHED      =     1074.8563
 VDWAALS =     -793.7064  EEL     =    -7325.6258  EGB        =    -1756.1919
 1-4 VDW =      328.9234  1-4 EEL =     5596.9847  RESTRAINT  =       40.6582
 EAMBER  =    -2638.1988

--------------------------------------------------------------------------------
   5.  TIMINGS
--------------------------------------------------------------------------------

|                Calc gb radii             59.81 (20.50% of Gen B)
|                Calc gb diag             110.98 (38.04% of Gen B)
|                Calc gb off-diag         120.96 (41.46% of Gen B)
|             Gen Born time            291.75 (100.0% of Nonbo)
|          Nonbond force            291.75 (99.29% of Force)
|          Bond/Angle/Dihedral        2.07 ( 0.70% of Force)
|          Other                      0.02 ( 0.01% of Force)
|       Force time               293.84 (100.0% of Runmd)
|    Runmd Time               293.84 (99.71% of Total)
|    Other                      0.86 ( 0.29% of Total)
| Total time               294.70 (100.0% of ALL  )

| Number of list builds   :          0

| Highest rstack allocated:          0
| Highest istack allocated:          0
|           Job began  at 14:38:21.093  on 02/03/2016
|           Setup done at 14:38:21.181  on 02/03/2016
|           Run   done at 14:43:15.793  on 02/03/2016
|     wallclock() was called   18028 times
