
          -------------------------------------------------------
          Amber 14 SANDER                              2014
          -------------------------------------------------------

| Run on 02/03/2016 at 15:49:32

|   Executable path: sander
| Working directory: /lustre/cs1500/scratch/kmb413/RealDecoyDisc/DecoyDiscrimination/decoys.set2.init/1aaj/Rosetta_relaxed
|          Hostname: slepner25


File Assignments:
|  MDIN: /scratch/kmb413/RealDecoyDisc/DecoyDiscrimination/scripts/min/min.in  
| MDOUT: NoH_5_empty_tag_681_0001_0001.out                                     
|INPCRD: NoH_5_empty_tag_681_0001_0001.rst7                                    
|  PARM: NoH_5_empty_tag_681_0001_0001.parm7                                   
|RESTRT: min_NoH_5_empty_tag_681_0001_0001.rst7                                
|  REFC: NoH_5_empty_tag_681_0001_0001.rst7                                    
| MDVEL: mdvel                                                                 
| MDFRC: mdfrc                                                                 
|  MDEN: mden                                                                  
| MDCRD: mdcrd                                                                 
|MDINFO: mdinfo                                                                
|  MTMD: mtmd                                                                  
|INPDIP: inpdip                                                                
|RSTDIP: rstdip                                                                
|INPTRA: inptraj                                                               


 Here is the input file:

                                                                               
&cntrl                                                                         
    imin = 1, maxcyc=1000,                                                     
    ntx = 1,                                                                   
    ntwr = 100, ntpr = 100,                                                    
    cut = 999.0,                                                               
    ntb = 0, igb = 8,                                                          
    ntr = 1, restraint_wt = 10, restraintmask = "!@H=",                        
/                                                                              

--------------------------------------------------------------------------------
   1.  RESOURCE   USE: 
--------------------------------------------------------------------------------

| Flags:                                                                        
| New format PARM file being parsed.
| Version =    1.000 Date = 02/03/16 Time = 11:54:05
 NATOM  =    1590 NTYPES =      14 NBONH =     791 MBONA  =     820
 NTHETH =    1812 MTHETA =    1115 NPHIH =    3578 MPHIA  =    3525
 NHPARM =       0 NPARM  =       0 NNB   =    8805 NRES   =     104
 NBONA  =     820 NTHETA =    1115 NPHIA =    3525 NUMBND =      65
 NUMANG =     152 NPTRA  =     189 NATYP =      33 NPHB   =       0
 IFBOX  =       0 NMXRS  =      24 IFCAP =       0 NEXTRA =       0
 NCOPY  =       0

 Implicit solvent radii are ArgH and AspGluO modified Bondi2 radii (mbondi3)                                
 Replacing prmtop screening parameters with GBn2 (igb=8) values

|     Memory Use     Allocated
|     Real              145027
|     Hollerith           4876
|     Integer           109197
|     Max Pairs              1
|     nblistReal             0
|     nblist Int             0
|       Total             1578 kbytes

| Note: 1-4 EEL scale factors are being read from the topology file.

| Note: 1-4 VDW scale factors are being read from the topology file.
| Duplicated    0 dihedrals
| Duplicated    0 dihedrals

--------------------------------------------------------------------------------
   2.  CONTROL  DATA  FOR  THE  RUN
--------------------------------------------------------------------------------

default_name                                                                    

General flags:
     imin    =       1, nmropt  =       0

Nature and format of input:
     ntx     =       1, irest   =       0, ntrx    =       1

Nature and format of output:
     ntxo    =       1, ntpr    =     100, ntrx    =       1, ntwr    =     100
     iwrap   =       0, ntwx    =       0, ntwv    =       0, ntwe    =       0
     ioutfm  =       0, ntwprt  =       0, idecomp =       0, rbornstat=      0

Potential function:
     ntf     =       1, ntb     =       0, igb     =       8, nsnb    =      25
     ipol    =       0, gbsa    =       0, iesp    =       0
     dielc   =   1.00000, cut     = 999.00000, intdiel =   1.00000
     saltcon =   0.00000, offset  =   0.19514, surften =   0.00500
     rdt     =   0.00000, rgbmax  =  25.00000  extdiel =  78.50000
     alpb  =        0
     gbalphaH  =   0.78844, gbbetaH   =   0.79870,  gbgammaH  =    0.43733
     gbalphaC  =   0.73376, gbbetaC   =   0.50638,  gbgammaC  =    0.20584
     gbalphaN  =   0.50336, gbbetaN   =   0.31683,  gbgammaN  =    0.19292
     gbalphaOS =   0.86781, gbbetaOS  =   0.87664,  gbgammaOS =    0.38788
     gbalphaP  =   1.00000, gbbetaP   =   0.80000,  gbgammaP  =    4.85000
     gb_alpha_hnu  =   0.53705, gb_beta_hnu   =   0.36286,  gb_gamma_hnu  =    0.11670
     gb_alpha_cnu  =   0.33167, gb_beta_cnu   =   0.19684,  gb_gamma_cnu  =    0.09342
     gb_alpha_nnu  =   0.68631, gb_beta_nnu   =   0.46319,  gb_gamma_nnu  =    0.13872
     gb_alpha_onu  =   0.60634, gb_beta_onu   =   0.46301,  gb_gamma_onu  =    0.14226
     gb_alpha_pnu  =   0.41836, gb_beta_pnu   =   0.29005,  gb_gamma_pnu  =    0.10642

Frozen or restrained atoms:
     ibelly  =       0, ntr     =       1
     restraint_wt =  10.00000

Energy minimization:
     maxcyc  =    1000, ncyc    =      10, ntmin   =       1
     dx0     =   0.01000, drms    =   0.00010
|  INFO: Old style inpcrd file read


    LOADING THE CONSTRAINED ATOMS AS GROUPS


   5.  REFERENCE ATOM COORDINATES

  defa
     Mask !@H=; matches   799 atoms

--------------------------------------------------------------------------------
   3.  ATOMIC COORDINATES AND VELOCITIES
--------------------------------------------------------------------------------

default_name                                                                    
 begin time read from input coords =     0.000 ps

 Number of triangulated 3-point waters found:        0

--------------------------------------------------------------------------------
   4.  RESULTS
--------------------------------------------------------------------------------



   NSTEP       ENERGY          RMS            GMAX         NAME    NUMBER
      1      -2.2268E+03     9.0632E+00     6.2264E+01     OE1       945

 BOND    =       69.4981  ANGLE   =      211.3191  DIHED      =     1070.6400
 VDWAALS =     -640.4738  EEL     =    -7096.2775  EGB        =    -1970.9063
 1-4 VDW =      443.9687  1-4 EEL =     5685.4439  RESTRAINT  =        0.0000


   NSTEP       ENERGY          RMS            GMAX         NAME    NUMBER
    100      -2.5906E+03     3.4300E-01     5.0018E+00     CD        729

 BOND    =       31.1087  ANGLE   =      206.8395  DIHED      =     1071.2663
 VDWAALS =     -782.4707  EEL     =    -7121.8871  EGB        =    -1981.3432
 1-4 VDW =      333.5296  1-4 EEL =     5611.5168  RESTRAINT  =       40.8273
 EAMBER  =    -2631.4401


   NSTEP       ENERGY          RMS            GMAX         NAME    NUMBER
    200      -2.5954E+03     7.5127E-02     1.1607E+00     HG1      1389

 BOND    =       30.8453  ANGLE   =      207.1475  DIHED      =     1070.3603
 VDWAALS =     -785.4564  EEL     =    -7129.4321  EGB        =    -1977.3201
 1-4 VDW =      333.7865  1-4 EEL =     5612.5025  RESTRAINT  =       42.1521
 EAMBER  =    -2637.5664


   NSTEP       ENERGY          RMS            GMAX         NAME    NUMBER
    300      -2.5973E+03     1.5217E-01     1.9517E+00     CD        944

 BOND    =       31.0495  ANGLE   =      207.5033  DIHED      =     1068.9661
 VDWAALS =     -786.3505  EEL     =    -7129.6528  EGB        =    -1977.2737
 1-4 VDW =      333.2938  1-4 EEL =     5612.3728  RESTRAINT  =       42.7620
 EAMBER  =    -2640.0916


   NSTEP       ENERGY          RMS            GMAX         NAME    NUMBER
    400      -2.6027E+03     7.6527E-02     1.0707E+00     CB        598

 BOND    =       30.8581  ANGLE   =      207.0347  DIHED      =     1067.6374
 VDWAALS =     -784.9153  EEL     =    -7132.9421  EGB        =    -1978.9620
 1-4 VDW =      334.0424  1-4 EEL =     5612.5359  RESTRAINT  =       42.0515
 EAMBER  =    -2644.7108


   NSTEP       ENERGY          RMS            GMAX         NAME    NUMBER
    500      -2.6027E+03     7.6425E-03     1.4990E-01     CD        729

 BOND    =       30.7632  ANGLE   =      206.9611  DIHED      =     1067.6227
 VDWAALS =     -784.8670  EEL     =    -7132.9917  EGB        =    -1979.1815
 1-4 VDW =      334.2823  1-4 EEL =     5612.7685  RESTRAINT  =       41.9025
 EAMBER  =    -2644.6424


   NSTEP       ENERGY          RMS            GMAX         NAME    NUMBER
    600      -2.6027E+03     1.9210E-03     2.9875E-02     CD        729

 BOND    =       30.7562  ANGLE   =      206.9356  DIHED      =     1067.6380
 VDWAALS =     -784.8676  EEL     =    -7132.9869  EGB        =    -1979.2458
 1-4 VDW =      334.3239  1-4 EEL =     5612.8172  RESTRAINT  =       41.8866
 EAMBER  =    -2644.6294


   NSTEP       ENERGY          RMS            GMAX         NAME    NUMBER
    700      -2.6027E+03     3.0884E-04     3.1837E-03     HD11      330

 BOND    =       30.7539  ANGLE   =      206.9295  DIHED      =     1067.6417
 VDWAALS =     -784.8684  EEL     =    -7132.9866  EGB        =    -1979.2617
 1-4 VDW =      334.3338  1-4 EEL =     5612.8314  RESTRAINT  =       41.8832
 EAMBER  =    -2644.6263

     ... RESTARTED DUE TO LINMIN FAILURE ...


   NSTEP       ENERGY          RMS            GMAX         NAME    NUMBER
    800       2.6347E+11     1.8385E+11     6.6888E+12     ND1      1358

 BOND    = *************  ANGLE   =    69757.4438  DIHED      =     3523.4989
 VDWAALS = *************  EEL     =    -5665.8495  EGB        =    -4227.3465
 1-4 VDW =   151483.7750  1-4 EEL =     4286.8392  RESTRAINT  = 94781235.4399
 EAMBER  = *************

     ... RESTARTED DUE TO LINMIN FAILURE ...


   NSTEP       ENERGY          RMS            GMAX         NAME    NUMBER
    900       5.7995E+16     7.7779E+07     1.2556E+09     HD23      985

 BOND    = *************  ANGLE   =   304241.8987  DIHED      =     3481.9689
 VDWAALS =     3524.8457  EEL     =       88.8480  EGB        =   -24628.6418
 1-4 VDW =       -0.0001  1-4 EEL =        7.5933  RESTRAINT  = *************
 EAMBER  = *************

     ... RESTARTED DUE TO LINMIN FAILURE ...

     ... RESTARTED DUE TO LINMIN FAILURE ...

     ... RESTARTED DUE TO LINMIN FAILURE ...

     ***** REPEATED LINMIN FAILURE *****

     ***** SEE http://ambermd.org/Questions/linmin.html FOR MORE INFO *****


                    FINAL RESULTS



   NSTEP       ENERGY          RMS            GMAX         NAME    NUMBER
    989       4.1807E+15     1.3210E+10     2.6343E+11     HG21      619

 BOND    = *************  ANGLE   =   276353.8113  DIHED      =     3648.3231
 VDWAALS = *************  EEL     =      116.3999  EGB        =   -25336.7427
 1-4 VDW =       -0.0007  1-4 EEL =      -12.5867  RESTRAINT  = *************
 EAMBER  = *************

--------------------------------------------------------------------------------
   5.  TIMINGS
--------------------------------------------------------------------------------

|                Calc gb radii             50.20 (20.10% of Gen B)
|                Calc gb diag              92.98 (37.23% of Gen B)
|                Calc gb off-diag         106.53 (42.66% of Gen B)
|             Gen Born time            249.71 (100.0% of Nonbo)
|          Nonbond force            249.71 (99.17% of Force)
|          Bond/Angle/Dihedral        2.06 ( 0.82% of Force)
|          Other                      0.02 ( 0.01% of Force)
|       Force time               251.79 (100.0% of Runmd)
|    Runmd Time               251.79 (99.57% of Total)
|    Other                      1.07 ( 0.42% of Total)
| Total time               252.86 (100.0% of ALL  )

| Number of list builds   :          0

| Highest rstack allocated:          0
| Highest istack allocated:          0
|           Job began  at 15:49:32.861  on 02/03/2016
|           Setup done at 15:49:32.931  on 02/03/2016
|           Run   done at 15:53:45.723  on 02/03/2016
|     wallclock() was called   17830 times
