
          -------------------------------------------------------
          Amber 14 SANDER                              2014
          -------------------------------------------------------

| Run on 02/03/2016 at 14:29:55

|   Executable path: sander
| Working directory: /lustre/cs1500/scratch/kmb413/RealDecoyDisc/DecoyDiscrimination/decoys.set2.init/1aaj/Rosetta_relaxed
|          Hostname: slepner35


File Assignments:
|  MDIN: /scratch/kmb413/RealDecoyDisc/DecoyDiscrimination/scripts/min/min.in  
| MDOUT: NoH_1_empty_tag_1_112_1_0001.out                                      
|INPCRD: NoH_1_empty_tag_1_112_1_0001.rst7                                     
|  PARM: NoH_1_empty_tag_1_112_1_0001.parm7                                    
|RESTRT: min_NoH_1_empty_tag_1_112_1_0001.rst7                                 
|  REFC: NoH_1_empty_tag_1_112_1_0001.rst7                                     
| MDVEL: mdvel                                                                 
| MDFRC: mdfrc                                                                 
|  MDEN: mden                                                                  
| MDCRD: mdcrd                                                                 
|MDINFO: mdinfo                                                                
|  MTMD: mtmd                                                                  
|INPDIP: inpdip                                                                
|RSTDIP: rstdip                                                                
|INPTRA: inptraj                                                               


 Here is the input file:

                                                                               
&cntrl                                                                         
    imin = 1, maxcyc=1000,                                                     
    ntx = 1,                                                                   
    ntwr = 100, ntpr = 100,                                                    
    cut = 999.0,                                                               
    ntb = 0, igb = 8,                                                          
    ntr = 1, restraint_wt = 10, restraintmask = "!@H=",                        
/                                                                              

--------------------------------------------------------------------------------
   1.  RESOURCE   USE: 
--------------------------------------------------------------------------------

| Flags:                                                                        
| New format PARM file being parsed.
| Version =    1.000 Date = 02/03/16 Time = 11:44:33
 NATOM  =    1590 NTYPES =      14 NBONH =     791 MBONA  =     820
 NTHETH =    1812 MTHETA =    1115 NPHIH =    3578 MPHIA  =    3525
 NHPARM =       0 NPARM  =       0 NNB   =    8805 NRES   =     104
 NBONA  =     820 NTHETA =    1115 NPHIA =    3525 NUMBND =      65
 NUMANG =     152 NPTRA  =     189 NATYP =      33 NPHB   =       0
 IFBOX  =       0 NMXRS  =      24 IFCAP =       0 NEXTRA =       0
 NCOPY  =       0

 Implicit solvent radii are ArgH and AspGluO modified Bondi2 radii (mbondi3)                                
 Replacing prmtop screening parameters with GBn2 (igb=8) values

|     Memory Use     Allocated
|     Real              145027
|     Hollerith           4876
|     Integer           109197
|     Max Pairs              1
|     nblistReal             0
|     nblist Int             0
|       Total             1578 kbytes

| Note: 1-4 EEL scale factors are being read from the topology file.

| Note: 1-4 VDW scale factors are being read from the topology file.
| Duplicated    0 dihedrals
| Duplicated    0 dihedrals

--------------------------------------------------------------------------------
   2.  CONTROL  DATA  FOR  THE  RUN
--------------------------------------------------------------------------------

default_name                                                                    

General flags:
     imin    =       1, nmropt  =       0

Nature and format of input:
     ntx     =       1, irest   =       0, ntrx    =       1

Nature and format of output:
     ntxo    =       1, ntpr    =     100, ntrx    =       1, ntwr    =     100
     iwrap   =       0, ntwx    =       0, ntwv    =       0, ntwe    =       0
     ioutfm  =       0, ntwprt  =       0, idecomp =       0, rbornstat=      0

Potential function:
     ntf     =       1, ntb     =       0, igb     =       8, nsnb    =      25
     ipol    =       0, gbsa    =       0, iesp    =       0
     dielc   =   1.00000, cut     = 999.00000, intdiel =   1.00000
     saltcon =   0.00000, offset  =   0.19514, surften =   0.00500
     rdt     =   0.00000, rgbmax  =  25.00000  extdiel =  78.50000
     alpb  =        0
     gbalphaH  =   0.78844, gbbetaH   =   0.79870,  gbgammaH  =    0.43733
     gbalphaC  =   0.73376, gbbetaC   =   0.50638,  gbgammaC  =    0.20584
     gbalphaN  =   0.50336, gbbetaN   =   0.31683,  gbgammaN  =    0.19292
     gbalphaOS =   0.86781, gbbetaOS  =   0.87664,  gbgammaOS =    0.38788
     gbalphaP  =   1.00000, gbbetaP   =   0.80000,  gbgammaP  =    4.85000
     gb_alpha_hnu  =   0.53705, gb_beta_hnu   =   0.36286,  gb_gamma_hnu  =    0.11670
     gb_alpha_cnu  =   0.33167, gb_beta_cnu   =   0.19684,  gb_gamma_cnu  =    0.09342
     gb_alpha_nnu  =   0.68631, gb_beta_nnu   =   0.46319,  gb_gamma_nnu  =    0.13872
     gb_alpha_onu  =   0.60634, gb_beta_onu   =   0.46301,  gb_gamma_onu  =    0.14226
     gb_alpha_pnu  =   0.41836, gb_beta_pnu   =   0.29005,  gb_gamma_pnu  =    0.10642

Frozen or restrained atoms:
     ibelly  =       0, ntr     =       1
     restraint_wt =  10.00000

Energy minimization:
     maxcyc  =    1000, ncyc    =      10, ntmin   =       1
     dx0     =   0.01000, drms    =   0.00010
|  INFO: Old style inpcrd file read


    LOADING THE CONSTRAINED ATOMS AS GROUPS


   5.  REFERENCE ATOM COORDINATES

  defa
     Mask !@H=; matches   799 atoms

--------------------------------------------------------------------------------
   3.  ATOMIC COORDINATES AND VELOCITIES
--------------------------------------------------------------------------------

default_name                                                                    
 begin time read from input coords =     0.000 ps

 Number of triangulated 3-point waters found:        0

--------------------------------------------------------------------------------
   4.  RESULTS
--------------------------------------------------------------------------------



   NSTEP       ENERGY          RMS            GMAX         NAME    NUMBER
      1      -2.1052E+03     9.0759E+00     6.2354E+01     OE1       945

 BOND    =       70.9210  ANGLE   =      211.6148  DIHED      =     1088.2093
 VDWAALS =     -567.9168  EEL     =    -6950.6074  EGB        =    -2102.1059
 1-4 VDW =      434.3257  1-4 EEL =     5710.3332  RESTRAINT  =        0.0000


   NSTEP       ENERGY          RMS            GMAX         NAME    NUMBER
    100      -2.4554E+03     2.7396E-01     2.7484E+00     CG       1324

 BOND    =       32.1042  ANGLE   =      204.8160  DIHED      =     1089.2402
 VDWAALS =     -701.0696  EEL     =    -6946.4239  EGB        =    -2117.1202
 1-4 VDW =      322.2232  1-4 EEL =     5620.8235  RESTRAINT  =       40.0357
 EAMBER  =    -2495.4065


   NSTEP       ENERGY          RMS            GMAX         NAME    NUMBER
    200      -2.4590E+03     3.1551E-01     8.3965E+00     H2          3

 BOND    =       32.3900  ANGLE   =      207.0042  DIHED      =     1089.0246
 VDWAALS =     -705.6736  EEL     =    -6949.6508  EGB        =    -2115.9528
 1-4 VDW =      321.4103  1-4 EEL =     5619.5575  RESTRAINT  =       42.8970
 EAMBER  =    -2501.8905


   NSTEP       ENERGY          RMS            GMAX         NAME    NUMBER
    300      -2.4600E+03     2.6411E-02     4.4815E-01     HA          6

 BOND    =       31.8920  ANGLE   =      205.1447  DIHED      =     1088.3169
 VDWAALS =     -704.7833  EEL     =    -6950.1341  EGB        =    -2115.6763
 1-4 VDW =      322.8064  1-4 EEL =     5620.3806  RESTRAINT  =       42.0364
 EAMBER  =    -2502.0530


   NSTEP       ENERGY          RMS            GMAX         NAME    NUMBER
    400      -2.4602E+03     1.4120E-01     4.1119E+00     OG1       452

 BOND    =       32.2534  ANGLE   =      205.8709  DIHED      =     1088.6582
 VDWAALS =     -705.2923  EEL     =    -6951.7716  EGB        =    -2114.4737
 1-4 VDW =      322.0082  1-4 EEL =     5619.9493  RESTRAINT  =       42.5592
 EAMBER  =    -2502.7976


   NSTEP       ENERGY          RMS            GMAX         NAME    NUMBER
    500      -2.4618E+03     1.9855E-02     2.7091E-01     N           1

 BOND    =       31.8304  ANGLE   =      205.0799  DIHED      =     1086.9580
 VDWAALS =     -704.7558  EEL     =    -6954.1542  EGB        =    -2112.9549
 1-4 VDW =      322.9300  1-4 EEL =     5621.3678  RESTRAINT  =       41.8809
 EAMBER  =    -2503.6989


   NSTEP       ENERGY          RMS            GMAX         NAME    NUMBER
    600      -2.4618E+03     2.8213E-03     3.6528E-02     H2          3

 BOND    =       31.8042  ANGLE   =      205.0674  DIHED      =     1086.9196
 VDWAALS =     -704.7605  EEL     =    -6954.3298  EGB        =    -2112.8651
 1-4 VDW =      322.9783  1-4 EEL =     5621.4771  RESTRAINT  =       41.8775
 EAMBER  =    -2503.7088


   NSTEP       ENERGY          RMS            GMAX         NAME    NUMBER
    700      -2.4618E+03     1.2981E-03     1.6395E-02     CG       1324

 BOND    =       31.8018  ANGLE   =      205.0617  DIHED      =     1086.9165
 VDWAALS =     -704.7616  EEL     =    -6954.3364  EGB        =    -2112.8610
 1-4 VDW =      322.9841  1-4 EEL =     5621.4863  RESTRAINT  =       41.8768
 EAMBER  =    -2503.7086


                    FINAL RESULTS



   NSTEP       ENERGY          RMS            GMAX         NAME    NUMBER
    749      -2.4618E+03     8.6080E-05     1.2495E-03     HE2       398

 BOND    =       31.8019  ANGLE   =      205.0639  DIHED      =     1086.9182
 VDWAALS =     -704.7672  EEL     =    -6954.3336  EGB        =    -2112.8634
 1-4 VDW =      322.9826  1-4 EEL =     5621.4860  RESTRAINT  =       41.8797
 EAMBER  =    -2503.7117

--------------------------------------------------------------------------------
   5.  TIMINGS
--------------------------------------------------------------------------------

|                Calc gb radii             39.56 (19.47% of Gen B)
|                Calc gb diag              72.26 (35.57% of Gen B)
|                Calc gb off-diag          91.34 (44.96% of Gen B)
|             Gen Born time            203.16 (100.0% of Nonbo)
|          Nonbond force            203.16 (99.23% of Force)
|          Bond/Angle/Dihedral        1.56 ( 0.76% of Force)
|          Other                      0.01 ( 0.01% of Force)
|       Force time               204.74 (100.0% of Runmd)
|    Runmd Time               204.74 (99.72% of Total)
|    Other                      0.57 ( 0.28% of Total)
| Total time               205.30 (100.0% of ALL  )

| Number of list builds   :          0

| Highest rstack allocated:          0
| Highest istack allocated:          0
|           Job began  at 14:29:55.810  on 02/03/2016
|           Setup done at 14:29:55.861  on 02/03/2016
|           Run   done at 14:33:21.115  on 02/03/2016
|     wallclock() was called   13510 times
