
          -------------------------------------------------------
          Amber 14 SANDER                              2014
          -------------------------------------------------------

| Run on 02/03/2016 at 12:34:53

|   Executable path: sander
| Working directory: /lustre/cs1500/scratch/kmb413/RealDecoyDisc/DecoyDiscrimination/decoys.set2.init/1aaj/Rosetta_relaxed
|          Hostname: slepner15


File Assignments:
|  MDIN: /scratch/kmb413/RealDecoyDisc/DecoyDiscrimination/scripts/min/min.in  
| MDOUT: NoH_2_empty_tag_1429_0001_0001.out                                    
|INPCRD: NoH_2_empty_tag_1429_0001_0001.rst7                                   
|  PARM: NoH_2_empty_tag_1429_0001_0001.parm7                                  
|RESTRT: min_NoH_2_empty_tag_1429_0001_0001.rst7                               
|  REFC: NoH_2_empty_tag_1429_0001_0001.rst7                                   
| MDVEL: mdvel                                                                 
| MDFRC: mdfrc                                                                 
|  MDEN: mden                                                                  
| MDCRD: mdcrd                                                                 
|MDINFO: mdinfo                                                                
|  MTMD: mtmd                                                                  
|INPDIP: inpdip                                                                
|RSTDIP: rstdip                                                                
|INPTRA: inptraj                                                               


 Here is the input file:

                                                                               
&cntrl                                                                         
    imin = 1, maxcyc=1000,                                                     
    ntx = 1,                                                                   
    ntwr = 100, ntpr = 100,                                                    
    cut = 999.0,                                                               
    ntb = 0, igb = 8,                                                          
    ntr = 1, restraint_wt = 10, restraintmask = "!@H=",                        
/                                                                              

--------------------------------------------------------------------------------
   1.  RESOURCE   USE: 
--------------------------------------------------------------------------------

| Flags:                                                                        
| New format PARM file being parsed.
| Version =    1.000 Date = 02/03/16 Time = 11:47:04
 NATOM  =    1590 NTYPES =      14 NBONH =     791 MBONA  =     820
 NTHETH =    1812 MTHETA =    1115 NPHIH =    3578 MPHIA  =    3525
 NHPARM =       0 NPARM  =       0 NNB   =    8805 NRES   =     104
 NBONA  =     820 NTHETA =    1115 NPHIA =    3525 NUMBND =      65
 NUMANG =     152 NPTRA  =     189 NATYP =      33 NPHB   =       0
 IFBOX  =       0 NMXRS  =      24 IFCAP =       0 NEXTRA =       0
 NCOPY  =       0

 Implicit solvent radii are ArgH and AspGluO modified Bondi2 radii (mbondi3)                                
 Replacing prmtop screening parameters with GBn2 (igb=8) values

|     Memory Use     Allocated
|     Real              145027
|     Hollerith           4876
|     Integer           109197
|     Max Pairs              1
|     nblistReal             0
|     nblist Int             0
|       Total             1578 kbytes

| Note: 1-4 EEL scale factors are being read from the topology file.

| Note: 1-4 VDW scale factors are being read from the topology file.
| Duplicated    0 dihedrals
| Duplicated    0 dihedrals

--------------------------------------------------------------------------------
   2.  CONTROL  DATA  FOR  THE  RUN
--------------------------------------------------------------------------------

default_name                                                                    

General flags:
     imin    =       1, nmropt  =       0

Nature and format of input:
     ntx     =       1, irest   =       0, ntrx    =       1

Nature and format of output:
     ntxo    =       1, ntpr    =     100, ntrx    =       1, ntwr    =     100
     iwrap   =       0, ntwx    =       0, ntwv    =       0, ntwe    =       0
     ioutfm  =       0, ntwprt  =       0, idecomp =       0, rbornstat=      0

Potential function:
     ntf     =       1, ntb     =       0, igb     =       8, nsnb    =      25
     ipol    =       0, gbsa    =       0, iesp    =       0
     dielc   =   1.00000, cut     = 999.00000, intdiel =   1.00000
     saltcon =   0.00000, offset  =   0.19514, surften =   0.00500
     rdt     =   0.00000, rgbmax  =  25.00000  extdiel =  78.50000
     alpb  =        0
     gbalphaH  =   0.78844, gbbetaH   =   0.79870,  gbgammaH  =    0.43733
     gbalphaC  =   0.73376, gbbetaC   =   0.50638,  gbgammaC  =    0.20584
     gbalphaN  =   0.50336, gbbetaN   =   0.31683,  gbgammaN  =    0.19292
     gbalphaOS =   0.86781, gbbetaOS  =   0.87664,  gbgammaOS =    0.38788
     gbalphaP  =   1.00000, gbbetaP   =   0.80000,  gbgammaP  =    4.85000
     gb_alpha_hnu  =   0.53705, gb_beta_hnu   =   0.36286,  gb_gamma_hnu  =    0.11670
     gb_alpha_cnu  =   0.33167, gb_beta_cnu   =   0.19684,  gb_gamma_cnu  =    0.09342
     gb_alpha_nnu  =   0.68631, gb_beta_nnu   =   0.46319,  gb_gamma_nnu  =    0.13872
     gb_alpha_onu  =   0.60634, gb_beta_onu   =   0.46301,  gb_gamma_onu  =    0.14226
     gb_alpha_pnu  =   0.41836, gb_beta_pnu   =   0.29005,  gb_gamma_pnu  =    0.10642

Frozen or restrained atoms:
     ibelly  =       0, ntr     =       1
     restraint_wt =  10.00000

Energy minimization:
     maxcyc  =    1000, ncyc    =      10, ntmin   =       1
     dx0     =   0.01000, drms    =   0.00010
|  INFO: Old style inpcrd file read


    LOADING THE CONSTRAINED ATOMS AS GROUPS


   5.  REFERENCE ATOM COORDINATES

  defa
     Mask !@H=; matches   799 atoms

--------------------------------------------------------------------------------
   3.  ATOMIC COORDINATES AND VELOCITIES
--------------------------------------------------------------------------------

default_name                                                                    
 begin time read from input coords =     0.000 ps

 Number of triangulated 3-point waters found:        0

--------------------------------------------------------------------------------
   4.  RESULTS
--------------------------------------------------------------------------------



   NSTEP       ENERGY          RMS            GMAX         NAME    NUMBER
      1      -2.1702E+03     8.9972E+00     6.1661E+01     OE1       945

 BOND    =       69.1033  ANGLE   =      211.3316  DIHED      =     1089.0138
 VDWAALS =     -640.5705  EEL     =    -7382.9438  EGB        =    -1648.4488
 1-4 VDW =      442.7671  1-4 EEL =     5689.5676  RESTRAINT  =        0.0000


   NSTEP       ENERGY          RMS            GMAX         NAME    NUMBER
    100      -2.5467E+03     5.7665E-01     5.2752E+00     CD        103

 BOND    =       31.3264  ANGLE   =      210.3526  DIHED      =     1094.6673
 VDWAALS =     -780.6073  EEL     =    -7425.3472  EGB        =    -1660.0647
 1-4 VDW =      333.2843  1-4 EEL =     5605.3681  RESTRAINT  =       44.3691
 EAMBER  =    -2591.0206


   NSTEP       ENERGY          RMS            GMAX         NAME    NUMBER
    200      -2.5583E+03     6.3913E-01     1.0310E+01     HG1      1213

 BOND    =       32.9447  ANGLE   =      212.5492  DIHED      =     1092.7554
 VDWAALS =     -782.7733  EEL     =    -7449.6651  EGB        =    -1651.0626
 1-4 VDW =      331.6021  1-4 EEL =     5608.3228  RESTRAINT  =       47.0532
 EAMBER  =    -2605.3269


   NSTEP       ENERGY          RMS            GMAX         NAME    NUMBER
    300      -2.5650E+03     4.6203E-02     7.2075E-01     CD        103

 BOND    =       31.4608  ANGLE   =      209.6247  DIHED      =     1090.2614
 VDWAALS =     -779.5639  EEL     =    -7454.6192  EGB        =    -1649.6958
 1-4 VDW =      334.2680  1-4 EEL =     5609.4283  RESTRAINT  =       43.8207
 EAMBER  =    -2608.8359


   NSTEP       ENERGY          RMS            GMAX         NAME    NUMBER
    400      -2.5651E+03     2.8478E-02     3.4979E-01     N        1202

 BOND    =       31.4503  ANGLE   =      209.5571  DIHED      =     1090.3889
 VDWAALS =     -779.6211  EEL     =    -7455.0226  EGB        =    -1649.2923
 1-4 VDW =      334.3470  1-4 EEL =     5609.3155  RESTRAINT  =       43.7873
 EAMBER  =    -2608.8771


   NSTEP       ENERGY          RMS            GMAX         NAME    NUMBER
    500      -2.5657E+03     2.3517E-01     4.8751E+00     HG1       605

 BOND    =       31.8615  ANGLE   =      210.4409  DIHED      =     1091.3989
 VDWAALS =     -779.8232  EEL     =    -7458.6830  EGB        =    -1647.3536
 1-4 VDW =      333.7662  1-4 EEL =     5608.4581  RESTRAINT  =       44.2258
 EAMBER  =    -2609.9342


   NSTEP       ENERGY          RMS            GMAX         NAME    NUMBER
    600      -2.5713E+03     2.1140E-02     2.9259E-01     OG1       604

 BOND    =       31.6051  ANGLE   =      209.9286  DIHED      =     1089.5595
 VDWAALS =     -779.1995  EEL     =    -7463.4912  EGB        =    -1646.9547
 1-4 VDW =      334.3453  1-4 EEL =     5609.3747  RESTRAINT  =       43.4968
 EAMBER  =    -2614.8321


   NSTEP       ENERGY          RMS            GMAX         NAME    NUMBER
    700      -2.5713E+03     2.1750E-03     2.9793E-02     CA        596

 BOND    =       31.5942  ANGLE   =      209.8771  DIHED      =     1089.5618
 VDWAALS =     -779.1690  EEL     =    -7463.5460  EGB        =    -1646.9175
 1-4 VDW =      334.4086  1-4 EEL =     5609.4009  RESTRAINT  =       43.4439
 EAMBER  =    -2614.7897


   NSTEP       ENERGY          RMS            GMAX         NAME    NUMBER
    800      -2.5713E+03     1.5180E-03     1.7490E-02     CA       1204

 BOND    =       31.5952  ANGLE   =      209.8764  DIHED      =     1089.5683
 VDWAALS =     -779.1750  EEL     =    -7463.5576  EGB        =    -1646.9137
 1-4 VDW =      334.4089  1-4 EEL =     5609.4052  RESTRAINT  =       43.4459
 EAMBER  =    -2614.7922


   NSTEP       ENERGY          RMS            GMAX         NAME    NUMBER
    900      -2.5713E+03     1.5361E-03     3.2175E-02     C        1588

 BOND    =       31.5946  ANGLE   =      209.8710  DIHED      =     1089.5714
 VDWAALS =     -779.1798  EEL     =    -7463.5623  EGB        =    -1646.9125
 1-4 VDW =      334.4141  1-4 EEL =     5609.4112  RESTRAINT  =       43.4458
 EAMBER  =    -2614.7923


   NSTEP       ENERGY          RMS            GMAX         NAME    NUMBER
   1000      -2.5713E+03     2.8001E-04     3.0012E-03     HG2      1095

 BOND    =       31.5932  ANGLE   =      209.8688  DIHED      =     1089.5713
 VDWAALS =     -779.1811  EEL     =    -7463.5606  EGB        =    -1646.9107
 1-4 VDW =      334.4177  1-4 EEL =     5609.4105  RESTRAINT  =       43.4441
 EAMBER  =    -2614.7908


  Maximum number of minimization cycles reached.


                    FINAL RESULTS



   NSTEP       ENERGY          RMS            GMAX         NAME    NUMBER
   1000      -2.5713E+03     2.8001E-04     3.0012E-03     HG2      1095

 BOND    =       31.5932  ANGLE   =      209.8688  DIHED      =     1089.5713
 VDWAALS =     -779.1811  EEL     =    -7463.5606  EGB        =    -1646.9107
 1-4 VDW =      334.4177  1-4 EEL =     5609.4105  RESTRAINT  =       43.4441
 EAMBER  =    -2614.7908

--------------------------------------------------------------------------------
   5.  TIMINGS
--------------------------------------------------------------------------------

|                Calc gb radii             59.65 (20.48% of Gen B)
|                Calc gb diag             110.12 (37.80% of Gen B)
|                Calc gb off-diag         121.54 (41.72% of Gen B)
|             Gen Born time            291.32 (100.0% of Nonbo)
|          Nonbond force            291.32 (99.28% of Force)
|          Bond/Angle/Dihedral        2.08 ( 0.71% of Force)
|          Other                      0.02 ( 0.01% of Force)
|       Force time               293.42 (100.0% of Runmd)
|    Runmd Time               293.42 (99.67% of Total)
|    Other                      0.97 ( 0.33% of Total)
| Total time               294.39 (100.0% of ALL  )

| Number of list builds   :          0

| Highest rstack allocated:          0
| Highest istack allocated:          0
|           Job began  at 12:34:53.273  on 02/03/2016
|           Setup done at 12:34:53.341  on 02/03/2016
|           Run   done at 12:39:47.667  on 02/03/2016
|     wallclock() was called   18028 times
