
          -------------------------------------------------------
          Amber 14 SANDER                              2014
          -------------------------------------------------------

| Run on 02/03/2016 at 14:50:35

|   Executable path: sander
| Working directory: /lustre/cs1500/scratch/kmb413/RealDecoyDisc/DecoyDiscrimination/decoys.set2.init/1aaj/Rosetta_relaxed
|          Hostname: slepner13


File Assignments:
|  MDIN: /scratch/kmb413/RealDecoyDisc/DecoyDiscrimination/scripts/min/min.in  
| MDOUT: NoH_2_empty_tag_0001_0001_0001.out                                    
|INPCRD: NoH_2_empty_tag_0001_0001_0001.rst7                                   
|  PARM: NoH_2_empty_tag_0001_0001_0001.parm7                                  
|RESTRT: min_NoH_2_empty_tag_0001_0001_0001.rst7                               
|  REFC: NoH_2_empty_tag_0001_0001_0001.rst7                                   
| MDVEL: mdvel                                                                 
| MDFRC: mdfrc                                                                 
|  MDEN: mden                                                                  
| MDCRD: mdcrd                                                                 
|MDINFO: mdinfo                                                                
|  MTMD: mtmd                                                                  
|INPDIP: inpdip                                                                
|RSTDIP: rstdip                                                                
|INPTRA: inptraj                                                               


 Here is the input file:

                                                                               
&cntrl                                                                         
    imin = 1, maxcyc=1000,                                                     
    ntx = 1,                                                                   
    ntwr = 100, ntpr = 100,                                                    
    cut = 999.0,                                                               
    ntb = 0, igb = 8,                                                          
    ntr = 1, restraint_wt = 10, restraintmask = "!@H=",                        
/                                                                              

--------------------------------------------------------------------------------
   1.  RESOURCE   USE: 
--------------------------------------------------------------------------------

| Flags:                                                                        
| New format PARM file being parsed.
| Version =    1.000 Date = 02/03/16 Time = 11:46:16
 NATOM  =    1590 NTYPES =      14 NBONH =     791 MBONA  =     820
 NTHETH =    1812 MTHETA =    1115 NPHIH =    3578 MPHIA  =    3525
 NHPARM =       0 NPARM  =       0 NNB   =    8805 NRES   =     104
 NBONA  =     820 NTHETA =    1115 NPHIA =    3525 NUMBND =      65
 NUMANG =     152 NPTRA  =     189 NATYP =      33 NPHB   =       0
 IFBOX  =       0 NMXRS  =      24 IFCAP =       0 NEXTRA =       0
 NCOPY  =       0

 Implicit solvent radii are ArgH and AspGluO modified Bondi2 radii (mbondi3)                                
 Replacing prmtop screening parameters with GBn2 (igb=8) values

|     Memory Use     Allocated
|     Real              145027
|     Hollerith           4876
|     Integer           109197
|     Max Pairs              1
|     nblistReal             0
|     nblist Int             0
|       Total             1578 kbytes

| Note: 1-4 EEL scale factors are being read from the topology file.

| Note: 1-4 VDW scale factors are being read from the topology file.
| Duplicated    0 dihedrals
| Duplicated    0 dihedrals

--------------------------------------------------------------------------------
   2.  CONTROL  DATA  FOR  THE  RUN
--------------------------------------------------------------------------------

default_name                                                                    

General flags:
     imin    =       1, nmropt  =       0

Nature and format of input:
     ntx     =       1, irest   =       0, ntrx    =       1

Nature and format of output:
     ntxo    =       1, ntpr    =     100, ntrx    =       1, ntwr    =     100
     iwrap   =       0, ntwx    =       0, ntwv    =       0, ntwe    =       0
     ioutfm  =       0, ntwprt  =       0, idecomp =       0, rbornstat=      0

Potential function:
     ntf     =       1, ntb     =       0, igb     =       8, nsnb    =      25
     ipol    =       0, gbsa    =       0, iesp    =       0
     dielc   =   1.00000, cut     = 999.00000, intdiel =   1.00000
     saltcon =   0.00000, offset  =   0.19514, surften =   0.00500
     rdt     =   0.00000, rgbmax  =  25.00000  extdiel =  78.50000
     alpb  =        0
     gbalphaH  =   0.78844, gbbetaH   =   0.79870,  gbgammaH  =    0.43733
     gbalphaC  =   0.73376, gbbetaC   =   0.50638,  gbgammaC  =    0.20584
     gbalphaN  =   0.50336, gbbetaN   =   0.31683,  gbgammaN  =    0.19292
     gbalphaOS =   0.86781, gbbetaOS  =   0.87664,  gbgammaOS =    0.38788
     gbalphaP  =   1.00000, gbbetaP   =   0.80000,  gbgammaP  =    4.85000
     gb_alpha_hnu  =   0.53705, gb_beta_hnu   =   0.36286,  gb_gamma_hnu  =    0.11670
     gb_alpha_cnu  =   0.33167, gb_beta_cnu   =   0.19684,  gb_gamma_cnu  =    0.09342
     gb_alpha_nnu  =   0.68631, gb_beta_nnu   =   0.46319,  gb_gamma_nnu  =    0.13872
     gb_alpha_onu  =   0.60634, gb_beta_onu   =   0.46301,  gb_gamma_onu  =    0.14226
     gb_alpha_pnu  =   0.41836, gb_beta_pnu   =   0.29005,  gb_gamma_pnu  =    0.10642

Frozen or restrained atoms:
     ibelly  =       0, ntr     =       1
     restraint_wt =  10.00000

Energy minimization:
     maxcyc  =    1000, ncyc    =      10, ntmin   =       1
     dx0     =   0.01000, drms    =   0.00010
|  INFO: Old style inpcrd file read


    LOADING THE CONSTRAINED ATOMS AS GROUPS


   5.  REFERENCE ATOM COORDINATES

  defa
     Mask !@H=; matches   799 atoms

--------------------------------------------------------------------------------
   3.  ATOMIC COORDINATES AND VELOCITIES
--------------------------------------------------------------------------------

default_name                                                                    
 begin time read from input coords =     0.000 ps

 Number of triangulated 3-point waters found:        0

--------------------------------------------------------------------------------
   4.  RESULTS
--------------------------------------------------------------------------------



   NSTEP       ENERGY          RMS            GMAX         NAME    NUMBER
      1      -2.2269E+03     9.1001E+00     6.7928E+01     OXT      1590

 BOND    =       69.4837  ANGLE   =      211.2861  DIHED      =     1073.6402
 VDWAALS =     -676.0906  EEL     =    -7491.4244  EGB        =    -1566.9529
 1-4 VDW =      442.4229  1-4 EEL =     5710.7671  RESTRAINT  =        0.0000


   NSTEP       ENERGY          RMS            GMAX         NAME    NUMBER
    100      -2.6033E+03     3.9084E-01     3.8584E+00     HG1      1389

 BOND    =       31.3881  ANGLE   =      208.1516  DIHED      =     1071.4646
 VDWAALS =     -821.1731  EEL     =    -7510.0424  EGB        =    -1584.9599
 1-4 VDW =      332.8414  1-4 EEL =     5625.3681  RESTRAINT  =       43.6994
 EAMBER  =    -2646.9618


   NSTEP       ENERGY          RMS            GMAX         NAME    NUMBER
    200      -2.6109E+03     1.3015E-01     1.2694E+00     HG1       605

 BOND    =       31.3932  ANGLE   =      208.2135  DIHED      =     1070.4324
 VDWAALS =     -823.1574  EEL     =    -7515.7214  EGB        =    -1584.7290
 1-4 VDW =      332.8365  1-4 EEL =     5625.2849  RESTRAINT  =       44.5290
 EAMBER  =    -2655.4473


   NSTEP       ENERGY          RMS            GMAX         NAME    NUMBER
    300      -2.6169E+03     8.7401E-02     1.8494E+00     CD       1585

 BOND    =       31.2229  ANGLE   =      208.0075  DIHED      =     1069.5342
 VDWAALS =     -821.9461  EEL     =    -7522.2277  EGB        =    -1584.4478
 1-4 VDW =      333.4105  1-4 EEL =     5625.6347  RESTRAINT  =       43.9372
 EAMBER  =    -2660.8118


   NSTEP       ENERGY          RMS            GMAX         NAME    NUMBER
    400      -2.6245E+03     2.2613E-01     3.2358E+00     CG        589

 BOND    =       31.7586  ANGLE   =      208.7497  DIHED      =     1069.0829
 VDWAALS =     -821.0033  EEL     =    -7533.5010  EGB        =    -1582.1156
 1-4 VDW =      332.7340  1-4 EEL =     5625.7166  RESTRAINT  =       44.0804
 EAMBER  =    -2668.5779


   NSTEP       ENERGY          RMS            GMAX         NAME    NUMBER
    500      -2.6266E+03     1.2306E-01     2.5689E+00     HG1       635

 BOND    =       31.5882  ANGLE   =      208.5768  DIHED      =     1067.4484
 VDWAALS =     -821.0640  EEL     =    -7535.7453  EGB        =    -1582.0169
 1-4 VDW =      332.9374  1-4 EEL =     5627.4698  RESTRAINT  =       44.1677
 EAMBER  =    -2670.8056


   NSTEP       ENERGY          RMS            GMAX         NAME    NUMBER
    600      -2.6271E+03     1.5153E-02     1.9369E-01     OG1       634

 BOND    =       31.3488  ANGLE   =      208.0662  DIHED      =     1067.1032
 VDWAALS =     -820.6926  EEL     =    -7535.4320  EGB        =    -1582.2635
 1-4 VDW =      333.6110  1-4 EEL =     5627.3964  RESTRAINT  =       43.8069
 EAMBER  =    -2670.8624


   NSTEP       ENERGY          RMS            GMAX         NAME    NUMBER
    700      -2.6271E+03     2.3866E-03     3.5245E-02     CG        589

 BOND    =       31.3273  ANGLE   =      208.0132  DIHED      =     1067.0968
 VDWAALS =     -820.6543  EEL     =    -7535.3875  EGB        =    -1582.2836
 1-4 VDW =      333.6788  1-4 EEL =     5627.3742  RESTRAINT  =       43.7749
 EAMBER  =    -2670.8351


   NSTEP       ENERGY          RMS            GMAX         NAME    NUMBER
    800      -2.6271E+03     2.3214E-04     3.6046E-03     CG        589

 BOND    =       31.3242  ANGLE   =      208.0075  DIHED      =     1067.0960
 VDWAALS =     -820.6493  EEL     =    -7535.3813  EGB        =    -1582.2827
 1-4 VDW =      333.6862  1-4 EEL =     5627.3687  RESTRAINT  =       43.7705
 EAMBER  =    -2670.8308


                    FINAL RESULTS



   NSTEP       ENERGY          RMS            GMAX         NAME    NUMBER
    850      -2.6271E+03     8.4653E-05     1.1462E-03     HE1      1043

 BOND    =       31.3242  ANGLE   =      208.0074  DIHED      =     1067.0964
 VDWAALS =     -820.6499  EEL     =    -7535.3813  EGB        =    -1582.2830
 1-4 VDW =      333.6862  1-4 EEL =     5627.3688  RESTRAINT  =       43.7709
 EAMBER  =    -2670.8312

--------------------------------------------------------------------------------
   5.  TIMINGS
--------------------------------------------------------------------------------

|                Calc gb radii             51.09 (20.47% of Gen B)
|                Calc gb diag              94.85 (38.00% of Gen B)
|                Calc gb off-diag         103.64 (41.53% of Gen B)
|             Gen Born time            249.59 (100.0% of Nonbo)
|          Nonbond force            249.59 (99.30% of Force)
|          Bond/Angle/Dihedral        1.75 ( 0.70% of Force)
|          Other                      0.01 ( 0.01% of Force)
|       Force time               251.35 (100.0% of Runmd)
|    Runmd Time               251.35 (99.84% of Total)
|    Other                      0.40 ( 0.16% of Total)
| Total time               251.75 (100.0% of ALL  )

| Number of list builds   :          0

| Highest rstack allocated:          0
| Highest istack allocated:          0
|           Job began  at 14:50:35.570  on 02/03/2016
|           Setup done at 14:50:35.620  on 02/03/2016
|           Run   done at 14:54:47.325  on 02/03/2016
|     wallclock() was called   15328 times
