
          -------------------------------------------------------
          Amber 14 SANDER                              2014
          -------------------------------------------------------

| Run on 02/03/2016 at 12:47:51

|   Executable path: sander
| Working directory: /lustre/cs1500/scratch/kmb413/RealDecoyDisc/DecoyDiscrimination/decoys.set2.init/1aaj/Rosetta_relaxed
|          Hostname: slepner7


File Assignments:
|  MDIN: /scratch/kmb413/RealDecoyDisc/DecoyDiscrimination/scripts/min/min.in  
| MDOUT: NoH_3_empty_tag_756_0001_0001.out                                     
|INPCRD: NoH_3_empty_tag_756_0001_0001.rst7                                    
|  PARM: NoH_3_empty_tag_756_0001_0001.parm7                                   
|RESTRT: min_NoH_3_empty_tag_756_0001_0001.rst7                                
|  REFC: NoH_3_empty_tag_756_0001_0001.rst7                                    
| MDVEL: mdvel                                                                 
| MDFRC: mdfrc                                                                 
|  MDEN: mden                                                                  
| MDCRD: mdcrd                                                                 
|MDINFO: mdinfo                                                                
|  MTMD: mtmd                                                                  
|INPDIP: inpdip                                                                
|RSTDIP: rstdip                                                                
|INPTRA: inptraj                                                               


 Here is the input file:

                                                                               
&cntrl                                                                         
    imin = 1, maxcyc=1000,                                                     
    ntx = 1,                                                                   
    ntwr = 100, ntpr = 100,                                                    
    cut = 999.0,                                                               
    ntb = 0, igb = 8,                                                          
    ntr = 1, restraint_wt = 10, restraintmask = "!@H=",                        
/                                                                              

--------------------------------------------------------------------------------
   1.  RESOURCE   USE: 
--------------------------------------------------------------------------------

| Flags:                                                                        
| New format PARM file being parsed.
| Version =    1.000 Date = 02/03/16 Time = 11:50:15
 NATOM  =    1590 NTYPES =      14 NBONH =     791 MBONA  =     820
 NTHETH =    1812 MTHETA =    1115 NPHIH =    3578 MPHIA  =    3525
 NHPARM =       0 NPARM  =       0 NNB   =    8805 NRES   =     104
 NBONA  =     820 NTHETA =    1115 NPHIA =    3525 NUMBND =      65
 NUMANG =     152 NPTRA  =     189 NATYP =      33 NPHB   =       0
 IFBOX  =       0 NMXRS  =      24 IFCAP =       0 NEXTRA =       0
 NCOPY  =       0

 Implicit solvent radii are ArgH and AspGluO modified Bondi2 radii (mbondi3)                                
 Replacing prmtop screening parameters with GBn2 (igb=8) values

|     Memory Use     Allocated
|     Real              145027
|     Hollerith           4876
|     Integer           109197
|     Max Pairs              1
|     nblistReal             0
|     nblist Int             0
|       Total             1578 kbytes

| Note: 1-4 EEL scale factors are being read from the topology file.

| Note: 1-4 VDW scale factors are being read from the topology file.
| Duplicated    0 dihedrals
| Duplicated    0 dihedrals

--------------------------------------------------------------------------------
   2.  CONTROL  DATA  FOR  THE  RUN
--------------------------------------------------------------------------------

default_name                                                                    

General flags:
     imin    =       1, nmropt  =       0

Nature and format of input:
     ntx     =       1, irest   =       0, ntrx    =       1

Nature and format of output:
     ntxo    =       1, ntpr    =     100, ntrx    =       1, ntwr    =     100
     iwrap   =       0, ntwx    =       0, ntwv    =       0, ntwe    =       0
     ioutfm  =       0, ntwprt  =       0, idecomp =       0, rbornstat=      0

Potential function:
     ntf     =       1, ntb     =       0, igb     =       8, nsnb    =      25
     ipol    =       0, gbsa    =       0, iesp    =       0
     dielc   =   1.00000, cut     = 999.00000, intdiel =   1.00000
     saltcon =   0.00000, offset  =   0.19514, surften =   0.00500
     rdt     =   0.00000, rgbmax  =  25.00000  extdiel =  78.50000
     alpb  =        0
     gbalphaH  =   0.78844, gbbetaH   =   0.79870,  gbgammaH  =    0.43733
     gbalphaC  =   0.73376, gbbetaC   =   0.50638,  gbgammaC  =    0.20584
     gbalphaN  =   0.50336, gbbetaN   =   0.31683,  gbgammaN  =    0.19292
     gbalphaOS =   0.86781, gbbetaOS  =   0.87664,  gbgammaOS =    0.38788
     gbalphaP  =   1.00000, gbbetaP   =   0.80000,  gbgammaP  =    4.85000
     gb_alpha_hnu  =   0.53705, gb_beta_hnu   =   0.36286,  gb_gamma_hnu  =    0.11670
     gb_alpha_cnu  =   0.33167, gb_beta_cnu   =   0.19684,  gb_gamma_cnu  =    0.09342
     gb_alpha_nnu  =   0.68631, gb_beta_nnu   =   0.46319,  gb_gamma_nnu  =    0.13872
     gb_alpha_onu  =   0.60634, gb_beta_onu   =   0.46301,  gb_gamma_onu  =    0.14226
     gb_alpha_pnu  =   0.41836, gb_beta_pnu   =   0.29005,  gb_gamma_pnu  =    0.10642

Frozen or restrained atoms:
     ibelly  =       0, ntr     =       1
     restraint_wt =  10.00000

Energy minimization:
     maxcyc  =    1000, ncyc    =      10, ntmin   =       1
     dx0     =   0.01000, drms    =   0.00010
|  INFO: Old style inpcrd file read


    LOADING THE CONSTRAINED ATOMS AS GROUPS


   5.  REFERENCE ATOM COORDINATES

  defa
     Mask !@H=; matches   799 atoms

--------------------------------------------------------------------------------
   3.  ATOMIC COORDINATES AND VELOCITIES
--------------------------------------------------------------------------------

default_name                                                                    
 begin time read from input coords =     0.000 ps

 Number of triangulated 3-point waters found:        0

--------------------------------------------------------------------------------
   4.  RESULTS
--------------------------------------------------------------------------------



   NSTEP       ENERGY          RMS            GMAX         NAME    NUMBER
      1      -2.1841E+03     9.0403E+00     6.1596E+01     OE1       104

 BOND    =       69.4104  ANGLE   =      211.4108  DIHED      =     1090.0028
 VDWAALS =     -646.2175  EEL     =    -7387.7645  EGB        =    -1672.0596
 1-4 VDW =      439.9669  1-4 EEL =     5711.1748  RESTRAINT  =        0.0000


   NSTEP       ENERGY          RMS            GMAX         NAME    NUMBER
    100      -2.5342E+03     3.4571E-01     3.2895E+00     CE2       650

 BOND    =       31.8721  ANGLE   =      206.7786  DIHED      =     1095.0268
 VDWAALS =     -773.0246  EEL     =    -7404.2731  EGB        =    -1690.9247
 1-4 VDW =      330.6907  1-4 EEL =     5628.9854  RESTRAINT  =       40.6555
 EAMBER  =    -2574.8689


   NSTEP       ENERGY          RMS            GMAX         NAME    NUMBER
    200      -2.5498E+03     2.0937E-01     1.9679E+00     CD       1260

 BOND    =       32.0329  ANGLE   =      207.1082  DIHED      =     1093.1468
 VDWAALS =     -774.2164  EEL     =    -7432.4667  EGB        =    -1678.8394
 1-4 VDW =      330.6165  1-4 EEL =     5630.8463  RESTRAINT  =       42.0130
 EAMBER  =    -2591.7718


   NSTEP       ENERGY          RMS            GMAX         NAME    NUMBER
    300      -2.5543E+03     1.0270E-01     1.0322E+00     HG1       605

 BOND    =       31.9761  ANGLE   =      206.7861  DIHED      =     1089.9658
 VDWAALS =     -775.0773  EEL     =    -7439.3394  EGB        =    -1673.6682
 1-4 VDW =      330.6026  1-4 EEL =     5632.2629  RESTRAINT  =       42.1613
 EAMBER  =    -2596.4915


   NSTEP       ENERGY          RMS            GMAX         NAME    NUMBER
    400      -2.5549E+03     7.5463E-03     1.2655E-01     N           1

 BOND    =       31.6612  ANGLE   =      206.2047  DIHED      =     1089.2364
 VDWAALS =     -775.0074  EEL     =    -7439.2280  EGB        =    -1673.6058
 1-4 VDW =      331.3546  1-4 EEL =     5632.6716  RESTRAINT  =       41.7940
 EAMBER  =    -2596.7126


   NSTEP       ENERGY          RMS            GMAX         NAME    NUMBER
    500      -2.5549E+03     2.3884E-03     3.8929E-02     CG       1324

 BOND    =       31.6527  ANGLE   =      206.1743  DIHED      =     1089.2259
 VDWAALS =     -775.0285  EEL     =    -7439.1941  EGB        =    -1673.6303
 1-4 VDW =      331.3906  1-4 EEL =     5632.6830  RESTRAINT  =       41.8028
 EAMBER  =    -2596.7263


   NSTEP       ENERGY          RMS            GMAX         NAME    NUMBER
    600      -2.5549E+03     6.7324E-04     1.0837E-02     CG2       600

 BOND    =       31.6511  ANGLE   =      206.1746  DIHED      =     1089.2263
 VDWAALS =     -775.0426  EEL     =    -7439.1979  EGB        =    -1673.6240
 1-4 VDW =      331.3955  1-4 EEL =     5632.6828  RESTRAINT  =       41.8104
 EAMBER  =    -2596.7343


                    FINAL RESULTS



   NSTEP       ENERGY          RMS            GMAX         NAME    NUMBER
    694      -2.5549E+03     9.2808E-05     1.1816E-03     HA          6

 BOND    =       31.6495  ANGLE   =      206.1724  DIHED      =     1089.2254
 VDWAALS =     -775.0433  EEL     =    -7439.2029  EGB        =    -1673.6212
 1-4 VDW =      331.3994  1-4 EEL =     5632.6867  RESTRAINT  =       41.8100
 EAMBER  =    -2596.7340

--------------------------------------------------------------------------------
   5.  TIMINGS
--------------------------------------------------------------------------------

|                Calc gb radii             41.05 (20.32% of Gen B)
|                Calc gb diag              75.74 (37.49% of Gen B)
|                Calc gb off-diag          85.21 (42.18% of Gen B)
|             Gen Born time            202.00 (100.0% of Nonbo)
|          Nonbond force            202.00 (99.29% of Force)
|          Bond/Angle/Dihedral        1.44 ( 0.71% of Force)
|          Other                      0.01 ( 0.01% of Force)
|       Force time               203.45 (100.0% of Runmd)
|    Runmd Time               203.45 (99.83% of Total)
|    Other                      0.34 ( 0.17% of Total)
| Total time               203.79 (100.0% of ALL  )

| Number of list builds   :          0

| Highest rstack allocated:          0
| Highest istack allocated:          0
|           Job began  at 12:47:51.969  on 02/03/2016
|           Setup done at 12:47:52.020  on 02/03/2016
|           Run   done at 12:51:15.758  on 02/03/2016
|     wallclock() was called   12520 times
