
          -------------------------------------------------------
          Amber 14 SANDER                              2014
          -------------------------------------------------------

| Run on 02/03/2016 at 13:42:22

|   Executable path: sander
| Working directory: /lustre/cs1500/scratch/kmb413/RealDecoyDisc/DecoyDiscrimination/decoys.set2.init/1aaj/Rosetta_relaxed
|          Hostname: slepner25


File Assignments:
|  MDIN: /scratch/kmb413/RealDecoyDisc/DecoyDiscrimination/scripts/min/min.in  
| MDOUT: NoH_5_empty_tag_495_0001_1_0001.out                                   
|INPCRD: NoH_5_empty_tag_495_0001_1_0001.rst7                                  
|  PARM: NoH_5_empty_tag_495_0001_1_0001.parm7                                 
|RESTRT: min_NoH_5_empty_tag_495_0001_1_0001.rst7                              
|  REFC: NoH_5_empty_tag_495_0001_1_0001.rst7                                  
| MDVEL: mdvel                                                                 
| MDFRC: mdfrc                                                                 
|  MDEN: mden                                                                  
| MDCRD: mdcrd                                                                 
|MDINFO: mdinfo                                                                
|  MTMD: mtmd                                                                  
|INPDIP: inpdip                                                                
|RSTDIP: rstdip                                                                
|INPTRA: inptraj                                                               


 Here is the input file:

                                                                               
&cntrl                                                                         
    imin = 1, maxcyc=1000,                                                     
    ntx = 1,                                                                   
    ntwr = 100, ntpr = 100,                                                    
    cut = 999.0,                                                               
    ntb = 0, igb = 8,                                                          
    ntr = 1, restraint_wt = 10, restraintmask = "!@H=",                        
/                                                                              

--------------------------------------------------------------------------------
   1.  RESOURCE   USE: 
--------------------------------------------------------------------------------

| Flags:                                                                        
| New format PARM file being parsed.
| Version =    1.000 Date = 02/03/16 Time = 11:53:55
 NATOM  =    1590 NTYPES =      14 NBONH =     791 MBONA  =     820
 NTHETH =    1812 MTHETA =    1115 NPHIH =    3578 MPHIA  =    3525
 NHPARM =       0 NPARM  =       0 NNB   =    8805 NRES   =     104
 NBONA  =     820 NTHETA =    1115 NPHIA =    3525 NUMBND =      65
 NUMANG =     152 NPTRA  =     189 NATYP =      33 NPHB   =       0
 IFBOX  =       0 NMXRS  =      24 IFCAP =       0 NEXTRA =       0
 NCOPY  =       0

 Implicit solvent radii are ArgH and AspGluO modified Bondi2 radii (mbondi3)                                
 Replacing prmtop screening parameters with GBn2 (igb=8) values

|     Memory Use     Allocated
|     Real              145027
|     Hollerith           4876
|     Integer           109197
|     Max Pairs              1
|     nblistReal             0
|     nblist Int             0
|       Total             1578 kbytes

| Note: 1-4 EEL scale factors are being read from the topology file.

| Note: 1-4 VDW scale factors are being read from the topology file.
| Duplicated    0 dihedrals
| Duplicated    0 dihedrals

--------------------------------------------------------------------------------
   2.  CONTROL  DATA  FOR  THE  RUN
--------------------------------------------------------------------------------

default_name                                                                    

General flags:
     imin    =       1, nmropt  =       0

Nature and format of input:
     ntx     =       1, irest   =       0, ntrx    =       1

Nature and format of output:
     ntxo    =       1, ntpr    =     100, ntrx    =       1, ntwr    =     100
     iwrap   =       0, ntwx    =       0, ntwv    =       0, ntwe    =       0
     ioutfm  =       0, ntwprt  =       0, idecomp =       0, rbornstat=      0

Potential function:
     ntf     =       1, ntb     =       0, igb     =       8, nsnb    =      25
     ipol    =       0, gbsa    =       0, iesp    =       0
     dielc   =   1.00000, cut     = 999.00000, intdiel =   1.00000
     saltcon =   0.00000, offset  =   0.19514, surften =   0.00500
     rdt     =   0.00000, rgbmax  =  25.00000  extdiel =  78.50000
     alpb  =        0
     gbalphaH  =   0.78844, gbbetaH   =   0.79870,  gbgammaH  =    0.43733
     gbalphaC  =   0.73376, gbbetaC   =   0.50638,  gbgammaC  =    0.20584
     gbalphaN  =   0.50336, gbbetaN   =   0.31683,  gbgammaN  =    0.19292
     gbalphaOS =   0.86781, gbbetaOS  =   0.87664,  gbgammaOS =    0.38788
     gbalphaP  =   1.00000, gbbetaP   =   0.80000,  gbgammaP  =    4.85000
     gb_alpha_hnu  =   0.53705, gb_beta_hnu   =   0.36286,  gb_gamma_hnu  =    0.11670
     gb_alpha_cnu  =   0.33167, gb_beta_cnu   =   0.19684,  gb_gamma_cnu  =    0.09342
     gb_alpha_nnu  =   0.68631, gb_beta_nnu   =   0.46319,  gb_gamma_nnu  =    0.13872
     gb_alpha_onu  =   0.60634, gb_beta_onu   =   0.46301,  gb_gamma_onu  =    0.14226
     gb_alpha_pnu  =   0.41836, gb_beta_pnu   =   0.29005,  gb_gamma_pnu  =    0.10642

Frozen or restrained atoms:
     ibelly  =       0, ntr     =       1
     restraint_wt =  10.00000

Energy minimization:
     maxcyc  =    1000, ncyc    =      10, ntmin   =       1
     dx0     =   0.01000, drms    =   0.00010
|  INFO: Old style inpcrd file read


    LOADING THE CONSTRAINED ATOMS AS GROUPS


   5.  REFERENCE ATOM COORDINATES

  defa
     Mask !@H=; matches   799 atoms

--------------------------------------------------------------------------------
   3.  ATOMIC COORDINATES AND VELOCITIES
--------------------------------------------------------------------------------

default_name                                                                    
 begin time read from input coords =     0.000 ps

 Number of triangulated 3-point waters found:        0

--------------------------------------------------------------------------------
   4.  RESULTS
--------------------------------------------------------------------------------



   NSTEP       ENERGY          RMS            GMAX         NAME    NUMBER
      1      -2.2213E+03     8.9298E+00     6.7576E+01     OXT      1590

 BOND    =       69.3665  ANGLE   =      210.9921  DIHED      =     1076.6487
 VDWAALS =     -650.1567  EEL     =    -6954.0385  EGB        =    -2123.0379
 1-4 VDW =      428.4258  1-4 EEL =     5720.5440  RESTRAINT  =        0.0000


   NSTEP       ENERGY          RMS            GMAX         NAME    NUMBER
    100      -2.5525E+03     3.0190E-01     2.6806E+00     HG1      1389

 BOND    =       30.5661  ANGLE   =      199.8586  DIHED      =     1080.1651
 VDWAALS =     -760.6209  EEL     =    -6974.7807  EGB        =    -2139.0553
 1-4 VDW =      325.8073  1-4 EEL =     5648.9797  RESTRAINT  =       36.5529
 EAMBER  =    -2589.0800


   NSTEP       ENERGY          RMS            GMAX         NAME    NUMBER
    200      -2.5560E+03     1.5690E-01     2.0881E+00     CE2       650

 BOND    =       30.7011  ANGLE   =      200.5657  DIHED      =     1079.4462
 VDWAALS =     -763.0666  EEL     =    -6980.2696  EGB        =    -2137.4780
 1-4 VDW =      325.6907  1-4 EEL =     5650.4256  RESTRAINT  =       37.9508
 EAMBER  =    -2593.9848


   NSTEP       ENERGY          RMS            GMAX         NAME    NUMBER
    300      -2.5626E+03     2.6253E-01     3.6517E+00     HG1       605

 BOND    =       30.6502  ANGLE   =      201.1135  DIHED      =     1077.1475
 VDWAALS =     -762.7711  EEL     =    -6985.6908  EGB        =    -2136.4536
 1-4 VDW =      325.5530  1-4 EEL =     5649.8024  RESTRAINT  =       38.0855
 EAMBER  =    -2600.6490


   NSTEP       ENERGY          RMS            GMAX         NAME    NUMBER
    400      -2.5635E+03     1.5265E-02     2.1833E-01     CB        598

 BOND    =       30.5297  ANGLE   =      200.1561  DIHED      =     1076.4378
 VDWAALS =     -761.9866  EEL     =    -6986.9319  EGB        =    -2136.5174
 1-4 VDW =      326.4313  1-4 EEL =     5650.8856  RESTRAINT  =       37.5303
 EAMBER  =    -2600.9955


   NSTEP       ENERGY          RMS            GMAX         NAME    NUMBER
    500      -2.5635E+03     2.4663E-03     2.8390E-02     CE         16

 BOND    =       30.5004  ANGLE   =      200.1249  DIHED      =     1076.4377
 VDWAALS =     -761.9592  EEL     =    -6986.9045  EGB        =    -2136.5544
 1-4 VDW =      326.4892  1-4 EEL =     5650.8984  RESTRAINT  =       37.4972
 EAMBER  =    -2600.9676


   NSTEP       ENERGY          RMS            GMAX         NAME    NUMBER
    600      -2.5635E+03     7.1838E-04     8.9593E-03     HE3        18

 BOND    =       30.4983  ANGLE   =      200.1263  DIHED      =     1076.4416
 VDWAALS =     -761.9623  EEL     =    -6986.9047  EGB        =    -2136.5685
 1-4 VDW =      326.4960  1-4 EEL =     5650.9045  RESTRAINT  =       37.4977
 EAMBER  =    -2600.9687


   NSTEP       ENERGY          RMS            GMAX         NAME    NUMBER
    700      -2.5635E+03     2.1580E-04     2.0939E-03     CB        598

 BOND    =       30.4977  ANGLE   =      200.1258  DIHED      =     1076.4408
 VDWAALS =     -761.9634  EEL     =    -6986.9048  EGB        =    -2136.5695
 1-4 VDW =      326.4985  1-4 EEL =     5650.9053  RESTRAINT  =       37.4986
 EAMBER  =    -2600.9697


                    FINAL RESULTS



   NSTEP       ENERGY          RMS            GMAX         NAME    NUMBER
    723      -2.5635E+03     9.4318E-05     1.1679E-03     HE2        17

 BOND    =       30.4977  ANGLE   =      200.1258  DIHED      =     1076.4407
 VDWAALS =     -761.9634  EEL     =    -6986.9048  EGB        =    -2136.5695
 1-4 VDW =      326.4986  1-4 EEL =     5650.9051  RESTRAINT  =       37.4986
 EAMBER  =    -2600.9698

--------------------------------------------------------------------------------
   5.  TIMINGS
--------------------------------------------------------------------------------

|                Calc gb radii             40.26 (19.87% of Gen B)
|                Calc gb diag              74.42 (36.74% of Gen B)
|                Calc gb off-diag          87.90 (43.39% of Gen B)
|             Gen Born time            202.58 (100.0% of Nonbo)
|          Nonbond force            202.58 (99.25% of Force)
|          Bond/Angle/Dihedral        1.52 ( 0.74% of Force)
|          Other                      0.01 ( 0.01% of Force)
|       Force time               204.11 (100.0% of Runmd)
|    Runmd Time               204.11 (99.70% of Total)
|    Other                      0.61 ( 0.30% of Total)
| Total time               204.72 (100.0% of ALL  )

| Number of list builds   :          0

| Highest rstack allocated:          0
| Highest istack allocated:          0
|           Job began  at 13:42:22.081  on 02/03/2016
|           Setup done at 13:42:22.169  on 02/03/2016
|           Run   done at 13:45:46.802  on 02/03/2016
|     wallclock() was called   13042 times
