
          -------------------------------------------------------
          Amber 14 SANDER                              2014
          -------------------------------------------------------

| Run on 02/03/2016 at 12:54:49

|   Executable path: sander
| Working directory: /lustre/cs1500/scratch/kmb413/RealDecoyDisc/DecoyDiscrimination/decoys.set2.init/1aaj/Rosetta_relaxed
|          Hostname: slepner1


File Assignments:
|  MDIN: /scratch/kmb413/RealDecoyDisc/DecoyDiscrimination/scripts/min/min.in  
| MDOUT: NoH_1_empty_tag_1307_0001_0001.out                                    
|INPCRD: NoH_1_empty_tag_1307_0001_0001.rst7                                   
|  PARM: NoH_1_empty_tag_1307_0001_0001.parm7                                  
|RESTRT: min_NoH_1_empty_tag_1307_0001_0001.rst7                               
|  REFC: NoH_1_empty_tag_1307_0001_0001.rst7                                   
| MDVEL: mdvel                                                                 
| MDFRC: mdfrc                                                                 
|  MDEN: mden                                                                  
| MDCRD: mdcrd                                                                 
|MDINFO: mdinfo                                                                
|  MTMD: mtmd                                                                  
|INPDIP: inpdip                                                                
|RSTDIP: rstdip                                                                
|INPTRA: inptraj                                                               


 Here is the input file:

                                                                               
&cntrl                                                                         
    imin = 1, maxcyc=1000,                                                     
    ntx = 1,                                                                   
    ntwr = 100, ntpr = 100,                                                    
    cut = 999.0,                                                               
    ntb = 0, igb = 8,                                                          
    ntr = 1, restraint_wt = 10, restraintmask = "!@H=",                        
/                                                                              

--------------------------------------------------------------------------------
   1.  RESOURCE   USE: 
--------------------------------------------------------------------------------

| Flags:                                                                        
| New format PARM file being parsed.
| Version =    1.000 Date = 02/03/16 Time = 11:44:54
 NATOM  =    1590 NTYPES =      14 NBONH =     791 MBONA  =     820
 NTHETH =    1812 MTHETA =    1115 NPHIH =    3578 MPHIA  =    3525
 NHPARM =       0 NPARM  =       0 NNB   =    8805 NRES   =     104
 NBONA  =     820 NTHETA =    1115 NPHIA =    3525 NUMBND =      65
 NUMANG =     152 NPTRA  =     189 NATYP =      33 NPHB   =       0
 IFBOX  =       0 NMXRS  =      24 IFCAP =       0 NEXTRA =       0
 NCOPY  =       0

 Implicit solvent radii are ArgH and AspGluO modified Bondi2 radii (mbondi3)                                
 Replacing prmtop screening parameters with GBn2 (igb=8) values

|     Memory Use     Allocated
|     Real              145027
|     Hollerith           4876
|     Integer           109197
|     Max Pairs              1
|     nblistReal             0
|     nblist Int             0
|       Total             1578 kbytes

| Note: 1-4 EEL scale factors are being read from the topology file.

| Note: 1-4 VDW scale factors are being read from the topology file.
| Duplicated    0 dihedrals
| Duplicated    0 dihedrals

--------------------------------------------------------------------------------
   2.  CONTROL  DATA  FOR  THE  RUN
--------------------------------------------------------------------------------

default_name                                                                    

General flags:
     imin    =       1, nmropt  =       0

Nature and format of input:
     ntx     =       1, irest   =       0, ntrx    =       1

Nature and format of output:
     ntxo    =       1, ntpr    =     100, ntrx    =       1, ntwr    =     100
     iwrap   =       0, ntwx    =       0, ntwv    =       0, ntwe    =       0
     ioutfm  =       0, ntwprt  =       0, idecomp =       0, rbornstat=      0

Potential function:
     ntf     =       1, ntb     =       0, igb     =       8, nsnb    =      25
     ipol    =       0, gbsa    =       0, iesp    =       0
     dielc   =   1.00000, cut     = 999.00000, intdiel =   1.00000
     saltcon =   0.00000, offset  =   0.19514, surften =   0.00500
     rdt     =   0.00000, rgbmax  =  25.00000  extdiel =  78.50000
     alpb  =        0
     gbalphaH  =   0.78844, gbbetaH   =   0.79870,  gbgammaH  =    0.43733
     gbalphaC  =   0.73376, gbbetaC   =   0.50638,  gbgammaC  =    0.20584
     gbalphaN  =   0.50336, gbbetaN   =   0.31683,  gbgammaN  =    0.19292
     gbalphaOS =   0.86781, gbbetaOS  =   0.87664,  gbgammaOS =    0.38788
     gbalphaP  =   1.00000, gbbetaP   =   0.80000,  gbgammaP  =    4.85000
     gb_alpha_hnu  =   0.53705, gb_beta_hnu   =   0.36286,  gb_gamma_hnu  =    0.11670
     gb_alpha_cnu  =   0.33167, gb_beta_cnu   =   0.19684,  gb_gamma_cnu  =    0.09342
     gb_alpha_nnu  =   0.68631, gb_beta_nnu   =   0.46319,  gb_gamma_nnu  =    0.13872
     gb_alpha_onu  =   0.60634, gb_beta_onu   =   0.46301,  gb_gamma_onu  =    0.14226
     gb_alpha_pnu  =   0.41836, gb_beta_pnu   =   0.29005,  gb_gamma_pnu  =    0.10642

Frozen or restrained atoms:
     ibelly  =       0, ntr     =       1
     restraint_wt =  10.00000

Energy minimization:
     maxcyc  =    1000, ncyc    =      10, ntmin   =       1
     dx0     =   0.01000, drms    =   0.00010
|  INFO: Old style inpcrd file read


    LOADING THE CONSTRAINED ATOMS AS GROUPS


   5.  REFERENCE ATOM COORDINATES

  defa
     Mask !@H=; matches   799 atoms

--------------------------------------------------------------------------------
   3.  ATOMIC COORDINATES AND VELOCITIES
--------------------------------------------------------------------------------

default_name                                                                    
 begin time read from input coords =     0.000 ps

 Number of triangulated 3-point waters found:        0

--------------------------------------------------------------------------------
   4.  RESULTS
--------------------------------------------------------------------------------



   NSTEP       ENERGY          RMS            GMAX         NAME    NUMBER
      1      -2.1841E+03     9.0910E+00     6.2647E+01     OE1       945

 BOND    =       71.5047  ANGLE   =      211.7765  DIHED      =     1077.3638
 VDWAALS =     -652.7993  EEL     =    -7100.8214  EGB        =    -1970.7960
 1-4 VDW =      443.7522  1-4 EEL =     5735.9185  RESTRAINT  =        0.0000


   NSTEP       ENERGY          RMS            GMAX         NAME    NUMBER
    100      -2.5619E+03     4.2029E-01     5.9361E+00     HG1        46

 BOND    =       31.9633  ANGLE   =      207.7221  DIHED      =     1079.1859
 VDWAALS =     -795.2268  EEL     =    -7148.5119  EGB        =    -1968.8614
 1-4 VDW =      332.2112  1-4 EEL =     5655.4955  RESTRAINT  =       44.1698
 EAMBER  =    -2606.0219


   NSTEP       ENERGY          RMS            GMAX         NAME    NUMBER
    200      -2.5788E+03     1.1278E-01     1.3836E+00     H2          3

 BOND    =       31.9857  ANGLE   =      207.7083  DIHED      =     1075.7813
 VDWAALS =     -794.2217  EEL     =    -7177.0530  EGB        =    -1955.2076
 1-4 VDW =      332.6660  1-4 EEL =     5655.8335  RESTRAINT  =       43.7153
 EAMBER  =    -2622.5075


   NSTEP       ENERGY          RMS            GMAX         NAME    NUMBER
    300      -2.5872E+03     1.6246E-01     3.5854E+00     OG       1179

 BOND    =       32.4969  ANGLE   =      208.9580  DIHED      =     1074.3598
 VDWAALS =     -794.7621  EEL     =    -7180.5082  EGB        =    -1957.3602
 1-4 VDW =      331.7337  1-4 EEL =     5654.2410  RESTRAINT  =       43.6607
 EAMBER  =    -2630.8412


   NSTEP       ENERGY          RMS            GMAX         NAME    NUMBER
    400      -2.5879E+03     7.4519E-03     9.5123E-02     HB2      1177

 BOND    =       32.1127  ANGLE   =      208.1521  DIHED      =     1074.0315
 VDWAALS =     -793.6287  EEL     =    -7181.0345  EGB        =    -1958.3128
 1-4 VDW =      332.7613  1-4 EEL =     5654.7902  RESTRAINT  =       43.2683
 EAMBER  =    -2631.1282


   NSTEP       ENERGY          RMS            GMAX         NAME    NUMBER
    500      -2.5879E+03     4.6913E-03     5.3286E-02     CB       1176

 BOND    =       32.0979  ANGLE   =      208.1347  DIHED      =     1074.0608
 VDWAALS =     -793.6266  EEL     =    -7181.0025  EGB        =    -1958.3670
 1-4 VDW =      332.8029  1-4 EEL =     5654.7816  RESTRAINT  =       43.2547
 EAMBER  =    -2631.1182


   NSTEP       ENERGY          RMS            GMAX         NAME    NUMBER
    600      -2.5879E+03     9.2590E-02     2.7161E+00     OG1       604

 BOND    =       32.0849  ANGLE   =      208.1741  DIHED      =     1074.3282
 VDWAALS =     -793.7218  EEL     =    -7180.6660  EGB        =    -1958.7162
 1-4 VDW =      332.8056  1-4 EEL =     5654.6246  RESTRAINT  =       43.2139
 EAMBER  =    -2631.0867


   NSTEP       ENERGY          RMS            GMAX         NAME    NUMBER
    700      -2.5929E+03     5.5187E-02     1.3632E+00     CB        598

 BOND    =       32.2319  ANGLE   =      208.4187  DIHED      =     1073.6269
 VDWAALS =     -792.6608  EEL     =    -7183.0561  EGB        =    -1961.9384
 1-4 VDW =      332.7245  1-4 EEL =     5654.8059  RESTRAINT  =       42.9864
 EAMBER  =    -2635.8475


   NSTEP       ENERGY          RMS            GMAX         NAME    NUMBER
    800      -2.5930E+03     6.0814E-03     1.0978E-01     HB        599

 BOND    =       32.1604  ANGLE   =      208.3244  DIHED      =     1073.5444
 VDWAALS =     -792.3842  EEL     =    -7183.3699  EGB        =    -1962.3774
 1-4 VDW =      332.9138  1-4 EEL =     5655.3989  RESTRAINT  =       42.8122
 EAMBER  =    -2635.7895


   NSTEP       ENERGY          RMS            GMAX         NAME    NUMBER
    900      -2.5930E+03     4.4729E-04     7.6638E-03     CG2       600

 BOND    =       32.1606  ANGLE   =      208.3183  DIHED      =     1073.5473
 VDWAALS =     -792.3734  EEL     =    -7183.3775  EGB        =    -1962.4041
 1-4 VDW =      332.9159  1-4 EEL =     5655.4234  RESTRAINT  =       42.8117
 EAMBER  =    -2635.7895


                    FINAL RESULTS



   NSTEP       ENERGY          RMS            GMAX         NAME    NUMBER
    975      -2.5930E+03     8.4325E-05     2.3626E-03     HG1      1213

 BOND    =       32.1604  ANGLE   =      208.3179  DIHED      =     1073.5485
 VDWAALS =     -792.3739  EEL     =    -7183.3769  EGB        =    -1962.4093
 1-4 VDW =      332.9164  1-4 EEL =     5655.4275  RESTRAINT  =       42.8116
 EAMBER  =    -2635.7894

--------------------------------------------------------------------------------
   5.  TIMINGS
--------------------------------------------------------------------------------

|                Calc gb radii             58.33 (20.45% of Gen B)
|                Calc gb diag             107.46 (37.68% of Gen B)
|                Calc gb off-diag         119.39 (41.86% of Gen B)
|             Gen Born time            285.19 (100.0% of Nonbo)
|          Nonbond force            285.19 (99.29% of Force)
|          Bond/Angle/Dihedral        2.02 ( 0.70% of Force)
|          Other                      0.02 ( 0.01% of Force)
|       Force time               287.23 (100.0% of Runmd)
|    Runmd Time               287.23 (99.73% of Total)
|    Other                      0.77 ( 0.27% of Total)
| Total time               288.00 (100.0% of ALL  )

| Number of list builds   :          0

| Highest rstack allocated:          0
| Highest istack allocated:          0
|           Job began  at 12:54:49.110  on 02/03/2016
|           Setup done at 12:54:49.165  on 02/03/2016
|           Run   done at 12:59:37.112  on 02/03/2016
|     wallclock() was called   17578 times
