
          -------------------------------------------------------
          Amber 14 SANDER                              2014
          -------------------------------------------------------

| Run on 02/03/2016 at 12:22:34

|   Executable path: sander
| Working directory: /lustre/cs1500/scratch/kmb413/RealDecoyDisc/DecoyDiscrimination/decoys.set2.init/1aaj/Rosetta_relaxed
|          Hostname: slepner16


File Assignments:
|  MDIN: /scratch/kmb413/RealDecoyDisc/DecoyDiscrimination/scripts/min/min.in  
| MDOUT: NoH_2_empty_tag_1179_0001_0001.out                                    
|INPCRD: NoH_2_empty_tag_1179_0001_0001.rst7                                   
|  PARM: NoH_2_empty_tag_1179_0001_0001.parm7                                  
|RESTRT: min_NoH_2_empty_tag_1179_0001_0001.rst7                               
|  REFC: NoH_2_empty_tag_1179_0001_0001.rst7                                   
| MDVEL: mdvel                                                                 
| MDFRC: mdfrc                                                                 
|  MDEN: mden                                                                  
| MDCRD: mdcrd                                                                 
|MDINFO: mdinfo                                                                
|  MTMD: mtmd                                                                  
|INPDIP: inpdip                                                                
|RSTDIP: rstdip                                                                
|INPTRA: inptraj                                                               


 Here is the input file:

                                                                               
&cntrl                                                                         
    imin = 1, maxcyc=1000,                                                     
    ntx = 1,                                                                   
    ntwr = 100, ntpr = 100,                                                    
    cut = 999.0,                                                               
    ntb = 0, igb = 8,                                                          
    ntr = 1, restraint_wt = 10, restraintmask = "!@H=",                        
/                                                                              

--------------------------------------------------------------------------------
   1.  RESOURCE   USE: 
--------------------------------------------------------------------------------

| Flags:                                                                        
| New format PARM file being parsed.
| Version =    1.000 Date = 02/03/16 Time = 11:46:33
 NATOM  =    1590 NTYPES =      14 NBONH =     791 MBONA  =     820
 NTHETH =    1812 MTHETA =    1115 NPHIH =    3578 MPHIA  =    3525
 NHPARM =       0 NPARM  =       0 NNB   =    8805 NRES   =     104
 NBONA  =     820 NTHETA =    1115 NPHIA =    3525 NUMBND =      65
 NUMANG =     152 NPTRA  =     189 NATYP =      33 NPHB   =       0
 IFBOX  =       0 NMXRS  =      24 IFCAP =       0 NEXTRA =       0
 NCOPY  =       0

 Implicit solvent radii are ArgH and AspGluO modified Bondi2 radii (mbondi3)                                
 Replacing prmtop screening parameters with GBn2 (igb=8) values

|     Memory Use     Allocated
|     Real              145027
|     Hollerith           4876
|     Integer           109197
|     Max Pairs              1
|     nblistReal             0
|     nblist Int             0
|       Total             1578 kbytes

| Note: 1-4 EEL scale factors are being read from the topology file.

| Note: 1-4 VDW scale factors are being read from the topology file.
| Duplicated    0 dihedrals
| Duplicated    0 dihedrals

--------------------------------------------------------------------------------
   2.  CONTROL  DATA  FOR  THE  RUN
--------------------------------------------------------------------------------

default_name                                                                    

General flags:
     imin    =       1, nmropt  =       0

Nature and format of input:
     ntx     =       1, irest   =       0, ntrx    =       1

Nature and format of output:
     ntxo    =       1, ntpr    =     100, ntrx    =       1, ntwr    =     100
     iwrap   =       0, ntwx    =       0, ntwv    =       0, ntwe    =       0
     ioutfm  =       0, ntwprt  =       0, idecomp =       0, rbornstat=      0

Potential function:
     ntf     =       1, ntb     =       0, igb     =       8, nsnb    =      25
     ipol    =       0, gbsa    =       0, iesp    =       0
     dielc   =   1.00000, cut     = 999.00000, intdiel =   1.00000
     saltcon =   0.00000, offset  =   0.19514, surften =   0.00500
     rdt     =   0.00000, rgbmax  =  25.00000  extdiel =  78.50000
     alpb  =        0
     gbalphaH  =   0.78844, gbbetaH   =   0.79870,  gbgammaH  =    0.43733
     gbalphaC  =   0.73376, gbbetaC   =   0.50638,  gbgammaC  =    0.20584
     gbalphaN  =   0.50336, gbbetaN   =   0.31683,  gbgammaN  =    0.19292
     gbalphaOS =   0.86781, gbbetaOS  =   0.87664,  gbgammaOS =    0.38788
     gbalphaP  =   1.00000, gbbetaP   =   0.80000,  gbgammaP  =    4.85000
     gb_alpha_hnu  =   0.53705, gb_beta_hnu   =   0.36286,  gb_gamma_hnu  =    0.11670
     gb_alpha_cnu  =   0.33167, gb_beta_cnu   =   0.19684,  gb_gamma_cnu  =    0.09342
     gb_alpha_nnu  =   0.68631, gb_beta_nnu   =   0.46319,  gb_gamma_nnu  =    0.13872
     gb_alpha_onu  =   0.60634, gb_beta_onu   =   0.46301,  gb_gamma_onu  =    0.14226
     gb_alpha_pnu  =   0.41836, gb_beta_pnu   =   0.29005,  gb_gamma_pnu  =    0.10642

Frozen or restrained atoms:
     ibelly  =       0, ntr     =       1
     restraint_wt =  10.00000

Energy minimization:
     maxcyc  =    1000, ncyc    =      10, ntmin   =       1
     dx0     =   0.01000, drms    =   0.00010
|  INFO: Old style inpcrd file read


    LOADING THE CONSTRAINED ATOMS AS GROUPS


   5.  REFERENCE ATOM COORDINATES

  defa
     Mask !@H=; matches   799 atoms

--------------------------------------------------------------------------------
   3.  ATOMIC COORDINATES AND VELOCITIES
--------------------------------------------------------------------------------

default_name                                                                    
 begin time read from input coords =     0.000 ps

 Number of triangulated 3-point waters found:        0

--------------------------------------------------------------------------------
   4.  RESULTS
--------------------------------------------------------------------------------



   NSTEP       ENERGY          RMS            GMAX         NAME    NUMBER
      1      -2.2002E+03     9.0701E+00     6.0230E+01     CD       1393

 BOND    =       69.5449  ANGLE   =      211.5782  DIHED      =     1080.4766
 VDWAALS =     -653.7084  EEL     =    -7221.8569  EGB        =    -1849.4641
 1-4 VDW =      444.2457  1-4 EEL =     5718.9897  RESTRAINT  =        0.0000


   NSTEP       ENERGY          RMS            GMAX         NAME    NUMBER
    100      -2.5888E+03     2.9157E-01     3.3900E+00     HB       1383

 BOND    =       30.3340  ANGLE   =      206.9967  DIHED      =     1079.6506
 VDWAALS =     -794.8521  EEL     =    -7257.4992  EGB        =    -1860.9387
 1-4 VDW =      334.2370  1-4 EEL =     5631.8772  RESTRAINT  =       41.3899
 EAMBER  =    -2630.1945


   NSTEP       ENERGY          RMS            GMAX         NAME    NUMBER
    200      -2.5967E+03     1.7898E-01     2.0980E+00     HG1        46

 BOND    =       30.4819  ANGLE   =      207.3460  DIHED      =     1077.3872
 VDWAALS =     -797.6564  EEL     =    -7260.0718  EGB        =    -1864.9924
 1-4 VDW =      333.7031  1-4 EEL =     5634.0399  RESTRAINT  =       43.0893
 EAMBER  =    -2639.7625


   NSTEP       ENERGY          RMS            GMAX         NAME    NUMBER
    300      -2.5979E+03     1.1167E-01     2.1268E+00     C          23

 BOND    =       30.2264  ANGLE   =      207.2657  DIHED      =     1076.7239
 VDWAALS =     -798.2964  EEL     =    -7260.3658  EGB        =    -1864.6432
 1-4 VDW =      334.1567  1-4 EEL =     5633.9963  RESTRAINT  =       43.0211
 EAMBER  =    -2640.9363


   NSTEP       ENERGY          RMS            GMAX         NAME    NUMBER
    400      -2.5985E+03     1.1153E+00     4.5666E+01     OG       1179

 BOND    =       33.6422  ANGLE   =      210.0752  DIHED      =     1077.2505
 VDWAALS =     -799.2506  EEL     =    -7268.9550  EGB        =    -1862.9008
 1-4 VDW =      331.2419  1-4 EEL =     5635.2827  RESTRAINT  =       45.1458
 EAMBER  =    -2643.6140


   NSTEP       ENERGY          RMS            GMAX         NAME    NUMBER
    500      -2.6039E+03     1.5324E-02     2.4591E-01     N        1172

 BOND    =       30.3245  ANGLE   =      207.1779  DIHED      =     1076.3268
 VDWAALS =     -796.9384  EEL     =    -7269.3466  EGB        =    -1863.9468
 1-4 VDW =      334.3888  1-4 EEL =     5635.3525  RESTRAINT  =       42.7536
 EAMBER  =    -2646.6613


   NSTEP       ENERGY          RMS            GMAX         NAME    NUMBER
    600      -2.6039E+03     2.3345E-03     4.0102E-02     CD       1119

 BOND    =       30.3141  ANGLE   =      207.1639  DIHED      =     1076.3677
 VDWAALS =     -796.9326  EEL     =    -7269.5613  EGB        =    -1863.8502
 1-4 VDW =      334.4278  1-4 EEL =     5635.4231  RESTRAINT  =       42.7342
 EAMBER  =    -2646.6475


   NSTEP       ENERGY          RMS            GMAX         NAME    NUMBER
    700      -2.6039E+03     1.7019E-03     2.0416E-02     CB       1176

 BOND    =       30.3098  ANGLE   =      207.1566  DIHED      =     1076.3724
 VDWAALS =     -796.9248  EEL     =    -7269.6050  EGB        =    -1863.8273
 1-4 VDW =      334.4382  1-4 EEL =     5635.4413  RESTRAINT  =       42.7253
 EAMBER  =    -2646.6388


   NSTEP       ENERGY          RMS            GMAX         NAME    NUMBER
    800      -2.6039E+03     1.4209E-04     3.7060E-03     HG1       635

 BOND    =       30.3090  ANGLE   =      207.1570  DIHED      =     1076.3736
 VDWAALS =     -796.9249  EEL     =    -7269.6144  EGB        =    -1863.8232
 1-4 VDW =      334.4386  1-4 EEL =     5635.4450  RESTRAINT  =       42.7256
 EAMBER  =    -2646.6391


                    FINAL RESULTS



   NSTEP       ENERGY          RMS            GMAX         NAME    NUMBER
    821      -2.6039E+03     7.7480E-05     2.1758E-03     HG1       635

 BOND    =       30.3090  ANGLE   =      207.1570  DIHED      =     1076.3739
 VDWAALS =     -796.9250  EEL     =    -7269.6169  EGB        =    -1863.8220
 1-4 VDW =      334.4386  1-4 EEL =     5635.4461  RESTRAINT  =       42.7257
 EAMBER  =    -2646.6392

--------------------------------------------------------------------------------
   5.  TIMINGS
--------------------------------------------------------------------------------

|                Calc gb radii             48.80 (20.39% of Gen B)
|                Calc gb diag              90.10 (37.66% of Gen B)
|                Calc gb off-diag         100.38 (41.95% of Gen B)
|             Gen Born time            239.28 (100.0% of Nonbo)
|          Nonbond force            239.28 (99.28% of Force)
|          Bond/Angle/Dihedral        1.72 ( 0.71% of Force)
|          Other                      0.02 ( 0.01% of Force)
|       Force time               241.02 (100.0% of Runmd)
|    Runmd Time               241.02 (99.70% of Total)
|    Other                      0.71 ( 0.29% of Total)
| Total time               241.74 (100.0% of ALL  )

| Number of list builds   :          0

| Highest rstack allocated:          0
| Highest istack allocated:          0
|           Job began  at 12:22:34.124  on 02/03/2016
|           Setup done at 12:22:34.230  on 02/03/2016
|           Run   done at 12:26:35.864  on 02/03/2016
|     wallclock() was called   14806 times
