
          -------------------------------------------------------
          Amber 14 SANDER                              2014
          -------------------------------------------------------

| Run on 02/03/2016 at 13:30:55

|   Executable path: sander
| Working directory: /lustre/cs1500/scratch/kmb413/RealDecoyDisc/DecoyDiscrimination/decoys.set2.init/1aaj/Rosetta_relaxed
|          Hostname: slepner15


File Assignments:
|  MDIN: /scratch/kmb413/RealDecoyDisc/DecoyDiscrimination/scripts/min/min.in  
| MDOUT: NoH_2_empty_tag_1_641_0001.out                                        
|INPCRD: NoH_2_empty_tag_1_641_0001.rst7                                       
|  PARM: NoH_2_empty_tag_1_641_0001.parm7                                      
|RESTRT: min_NoH_2_empty_tag_1_641_0001.rst7                                   
|  REFC: NoH_2_empty_tag_1_641_0001.rst7                                       
| MDVEL: mdvel                                                                 
| MDFRC: mdfrc                                                                 
|  MDEN: mden                                                                  
| MDCRD: mdcrd                                                                 
|MDINFO: mdinfo                                                                
|  MTMD: mtmd                                                                  
|INPDIP: inpdip                                                                
|RSTDIP: rstdip                                                                
|INPTRA: inptraj                                                               


 Here is the input file:

                                                                               
&cntrl                                                                         
    imin = 1, maxcyc=1000,                                                     
    ntx = 1,                                                                   
    ntwr = 100, ntpr = 100,                                                    
    cut = 999.0,                                                               
    ntb = 0, igb = 8,                                                          
    ntr = 1, restraint_wt = 10, restraintmask = "!@H=",                        
/                                                                              

--------------------------------------------------------------------------------
   1.  RESOURCE   USE: 
--------------------------------------------------------------------------------

| Flags:                                                                        
| New format PARM file being parsed.
| Version =    1.000 Date = 02/03/16 Time = 11:47:23
 NATOM  =    1590 NTYPES =      14 NBONH =     791 MBONA  =     820
 NTHETH =    1812 MTHETA =    1115 NPHIH =    3578 MPHIA  =    3525
 NHPARM =       0 NPARM  =       0 NNB   =    8805 NRES   =     104
 NBONA  =     820 NTHETA =    1115 NPHIA =    3525 NUMBND =      65
 NUMANG =     152 NPTRA  =     189 NATYP =      33 NPHB   =       0
 IFBOX  =       0 NMXRS  =      24 IFCAP =       0 NEXTRA =       0
 NCOPY  =       0

 Implicit solvent radii are ArgH and AspGluO modified Bondi2 radii (mbondi3)                                
 Replacing prmtop screening parameters with GBn2 (igb=8) values

|     Memory Use     Allocated
|     Real              145027
|     Hollerith           4876
|     Integer           109197
|     Max Pairs              1
|     nblistReal             0
|     nblist Int             0
|       Total             1578 kbytes

| Note: 1-4 EEL scale factors are being read from the topology file.

| Note: 1-4 VDW scale factors are being read from the topology file.
| Duplicated    0 dihedrals
| Duplicated    0 dihedrals

--------------------------------------------------------------------------------
   2.  CONTROL  DATA  FOR  THE  RUN
--------------------------------------------------------------------------------

default_name                                                                    

General flags:
     imin    =       1, nmropt  =       0

Nature and format of input:
     ntx     =       1, irest   =       0, ntrx    =       1

Nature and format of output:
     ntxo    =       1, ntpr    =     100, ntrx    =       1, ntwr    =     100
     iwrap   =       0, ntwx    =       0, ntwv    =       0, ntwe    =       0
     ioutfm  =       0, ntwprt  =       0, idecomp =       0, rbornstat=      0

Potential function:
     ntf     =       1, ntb     =       0, igb     =       8, nsnb    =      25
     ipol    =       0, gbsa    =       0, iesp    =       0
     dielc   =   1.00000, cut     = 999.00000, intdiel =   1.00000
     saltcon =   0.00000, offset  =   0.19514, surften =   0.00500
     rdt     =   0.00000, rgbmax  =  25.00000  extdiel =  78.50000
     alpb  =        0
     gbalphaH  =   0.78844, gbbetaH   =   0.79870,  gbgammaH  =    0.43733
     gbalphaC  =   0.73376, gbbetaC   =   0.50638,  gbgammaC  =    0.20584
     gbalphaN  =   0.50336, gbbetaN   =   0.31683,  gbgammaN  =    0.19292
     gbalphaOS =   0.86781, gbbetaOS  =   0.87664,  gbgammaOS =    0.38788
     gbalphaP  =   1.00000, gbbetaP   =   0.80000,  gbgammaP  =    4.85000
     gb_alpha_hnu  =   0.53705, gb_beta_hnu   =   0.36286,  gb_gamma_hnu  =    0.11670
     gb_alpha_cnu  =   0.33167, gb_beta_cnu   =   0.19684,  gb_gamma_cnu  =    0.09342
     gb_alpha_nnu  =   0.68631, gb_beta_nnu   =   0.46319,  gb_gamma_nnu  =    0.13872
     gb_alpha_onu  =   0.60634, gb_beta_onu   =   0.46301,  gb_gamma_onu  =    0.14226
     gb_alpha_pnu  =   0.41836, gb_beta_pnu   =   0.29005,  gb_gamma_pnu  =    0.10642

Frozen or restrained atoms:
     ibelly  =       0, ntr     =       1
     restraint_wt =  10.00000

Energy minimization:
     maxcyc  =    1000, ncyc    =      10, ntmin   =       1
     dx0     =   0.01000, drms    =   0.00010
|  INFO: Old style inpcrd file read


    LOADING THE CONSTRAINED ATOMS AS GROUPS


   5.  REFERENCE ATOM COORDINATES

  defa
     Mask !@H=; matches   799 atoms

--------------------------------------------------------------------------------
   3.  ATOMIC COORDINATES AND VELOCITIES
--------------------------------------------------------------------------------

default_name                                                                    
 begin time read from input coords =     0.000 ps

 Number of triangulated 3-point waters found:        0

--------------------------------------------------------------------------------
   4.  RESULTS
--------------------------------------------------------------------------------



   NSTEP       ENERGY          RMS            GMAX         NAME    NUMBER
      1      -2.1942E+03     9.1222E+00     6.2399E+01     OE1      1120

 BOND    =       69.2619  ANGLE   =      211.0626  DIHED      =     1086.6552
 VDWAALS =     -641.4732  EEL     =    -7238.1853  EGB        =    -1821.8440
 1-4 VDW =      438.6095  1-4 EEL =     5701.6976  RESTRAINT  =        0.0000


   NSTEP       ENERGY          RMS            GMAX         NAME    NUMBER
    100      -2.5783E+03     3.9359E-01     4.1039E+00     OG1      1388

 BOND    =       30.8653  ANGLE   =      207.6624  DIHED      =     1083.3137
 VDWAALS =     -787.0926  EEL     =    -7260.0379  EGB        =    -1841.8582
 1-4 VDW =      330.6719  1-4 EEL =     5614.8074  RESTRAINT  =       43.4010
 EAMBER  =    -2621.6681


   NSTEP       ENERGY          RMS            GMAX         NAME    NUMBER
    200      -2.5941E+03     8.8306E-02     1.0622E+00     OG       1179

 BOND    =       30.9832  ANGLE   =      207.9760  DIHED      =     1080.8094
 VDWAALS =     -786.7724  EEL     =    -7269.6355  EGB        =    -1847.4621
 1-4 VDW =      330.5703  1-4 EEL =     5615.3918  RESTRAINT  =       44.0291
 EAMBER  =    -2638.1392


   NSTEP       ENERGY          RMS            GMAX         NAME    NUMBER
    300      -2.5944E+03     2.3259E-02     5.3050E-01     CD        193

 BOND    =       30.7633  ANGLE   =      207.7599  DIHED      =     1080.7333
 VDWAALS =     -787.2611  EEL     =    -7270.1567  EGB        =    -1847.4454
 1-4 VDW =      331.0992  1-4 EEL =     5616.0776  RESTRAINT  =       44.0259
 EAMBER  =    -2638.4298


   NSTEP       ENERGY          RMS            GMAX         NAME    NUMBER
    400      -2.5944E+03     1.6338E-02     3.2467E-01     CD        729

 BOND    =       30.7195  ANGLE   =      207.7116  DIHED      =     1080.7598
 VDWAALS =     -787.3793  EEL     =    -7270.1870  EGB        =    -1847.4365
 1-4 VDW =      331.2221  1-4 EEL =     5616.1451  RESTRAINT  =       44.0245
 EAMBER  =    -2638.4448


   NSTEP       ENERGY          RMS            GMAX         NAME    NUMBER
    500      -2.5944E+03     2.3854E-03     4.9256E-02     CD        729

 BOND    =       30.7319  ANGLE   =      207.7285  DIHED      =     1080.7635
 VDWAALS =     -787.3966  EEL     =    -7270.1914  EGB        =    -1847.4419
 1-4 VDW =      331.1972  1-4 EEL =     5616.1469  RESTRAINT  =       44.0397
 EAMBER  =    -2638.4620


   NSTEP       ENERGY          RMS            GMAX         NAME    NUMBER
    600      -2.5944E+03     1.7582E-03     4.4983E-02     CD        729

 BOND    =       30.7293  ANGLE   =      207.7214  DIHED      =     1080.7631
 VDWAALS =     -787.3981  EEL     =    -7270.1939  EGB        =    -1847.4376
 1-4 VDW =      331.2050  1-4 EEL =     5616.1511  RESTRAINT  =       44.0372
 EAMBER  =    -2638.4597


   NSTEP       ENERGY          RMS            GMAX         NAME    NUMBER
    700      -2.5944E+03     4.6314E-04     5.7341E-03     CB       1382

 BOND    =       30.7292  ANGLE   =      207.7206  DIHED      =     1080.7632
 VDWAALS =     -787.3994  EEL     =    -7270.1931  EGB        =    -1847.4373
 1-4 VDW =      331.2054  1-4 EEL =     5616.1515  RESTRAINT  =       44.0374
 EAMBER  =    -2638.4599


   NSTEP       ENERGY          RMS            GMAX         NAME    NUMBER
    800      -2.5944E+03     1.1809E-04     9.9344E-04     N         662

 BOND    =       30.7296  ANGLE   =      207.7210  DIHED      =     1080.7633
 VDWAALS =     -787.4003  EEL     =    -7270.1935  EGB        =    -1847.4370
 1-4 VDW =      331.2052  1-4 EEL =     5616.1512  RESTRAINT  =       44.0379
 EAMBER  =    -2638.4605


                    FINAL RESULTS



   NSTEP       ENERGY          RMS            GMAX         NAME    NUMBER
    829      -2.5944E+03     7.4005E-05     7.5465E-04     HE2       398

 BOND    =       30.7297  ANGLE   =      207.7211  DIHED      =     1080.7634
 VDWAALS =     -787.4005  EEL     =    -7270.1936  EGB        =    -1847.4370
 1-4 VDW =      331.2052  1-4 EEL =     5616.1512  RESTRAINT  =       44.0380
 EAMBER  =    -2638.4606

--------------------------------------------------------------------------------
   5.  TIMINGS
--------------------------------------------------------------------------------

|                Calc gb radii             48.89 (20.36% of Gen B)
|                Calc gb diag              90.09 (37.52% of Gen B)
|                Calc gb off-diag         101.13 (42.12% of Gen B)
|             Gen Born time            240.12 (100.0% of Nonbo)
|          Nonbond force            240.12 (99.28% of Force)
|          Bond/Angle/Dihedral        1.72 ( 0.71% of Force)
|          Other                      0.01 ( 0.01% of Force)
|       Force time               241.85 (100.0% of Runmd)
|    Runmd Time               241.85 (99.63% of Total)
|    Other                      0.90 ( 0.37% of Total)
| Total time               242.75 (100.0% of ALL  )

| Number of list builds   :          0

| Highest rstack allocated:          0
| Highest istack allocated:          0
|           Job began  at 13:30:55.734  on 02/03/2016
|           Setup done at 13:30:55.836  on 02/03/2016
|           Run   done at 13:34:58.481  on 02/03/2016
|     wallclock() was called   14950 times
