
          -------------------------------------------------------
          Amber 14 SANDER                              2014
          -------------------------------------------------------

| Run on 02/03/2016 at 13:40:31

|   Executable path: sander
| Working directory: /lustre/cs1500/scratch/kmb413/RealDecoyDisc/DecoyDiscrimination/decoys.set2.init/1aaj/Rosetta_relaxed
|          Hostname: slepner13


File Assignments:
|  MDIN: /scratch/kmb413/RealDecoyDisc/DecoyDiscrimination/scripts/min/min.in  
| MDOUT: NoH_1_empty_tag_83_0001_0001.out                                      
|INPCRD: NoH_1_empty_tag_83_0001_0001.rst7                                     
|  PARM: NoH_1_empty_tag_83_0001_0001.parm7                                    
|RESTRT: min_NoH_1_empty_tag_83_0001_0001.rst7                                 
|  REFC: NoH_1_empty_tag_83_0001_0001.rst7                                     
| MDVEL: mdvel                                                                 
| MDFRC: mdfrc                                                                 
|  MDEN: mden                                                                  
| MDCRD: mdcrd                                                                 
|MDINFO: mdinfo                                                                
|  MTMD: mtmd                                                                  
|INPDIP: inpdip                                                                
|RSTDIP: rstdip                                                                
|INPTRA: inptraj                                                               


 Here is the input file:

                                                                               
&cntrl                                                                         
    imin = 1, maxcyc=1000,                                                     
    ntx = 1,                                                                   
    ntwr = 100, ntpr = 100,                                                    
    cut = 999.0,                                                               
    ntb = 0, igb = 8,                                                          
    ntr = 1, restraint_wt = 10, restraintmask = "!@H=",                        
/                                                                              

--------------------------------------------------------------------------------
   1.  RESOURCE   USE: 
--------------------------------------------------------------------------------

| Flags:                                                                        
| New format PARM file being parsed.
| Version =    1.000 Date = 02/03/16 Time = 11:46:10
 NATOM  =    1590 NTYPES =      14 NBONH =     791 MBONA  =     820
 NTHETH =    1812 MTHETA =    1115 NPHIH =    3578 MPHIA  =    3525
 NHPARM =       0 NPARM  =       0 NNB   =    8805 NRES   =     104
 NBONA  =     820 NTHETA =    1115 NPHIA =    3525 NUMBND =      65
 NUMANG =     152 NPTRA  =     189 NATYP =      33 NPHB   =       0
 IFBOX  =       0 NMXRS  =      24 IFCAP =       0 NEXTRA =       0
 NCOPY  =       0

 Implicit solvent radii are ArgH and AspGluO modified Bondi2 radii (mbondi3)                                
 Replacing prmtop screening parameters with GBn2 (igb=8) values

|     Memory Use     Allocated
|     Real              145027
|     Hollerith           4876
|     Integer           109197
|     Max Pairs              1
|     nblistReal             0
|     nblist Int             0
|       Total             1578 kbytes

| Note: 1-4 EEL scale factors are being read from the topology file.

| Note: 1-4 VDW scale factors are being read from the topology file.
| Duplicated    0 dihedrals
| Duplicated    0 dihedrals

--------------------------------------------------------------------------------
   2.  CONTROL  DATA  FOR  THE  RUN
--------------------------------------------------------------------------------

default_name                                                                    

General flags:
     imin    =       1, nmropt  =       0

Nature and format of input:
     ntx     =       1, irest   =       0, ntrx    =       1

Nature and format of output:
     ntxo    =       1, ntpr    =     100, ntrx    =       1, ntwr    =     100
     iwrap   =       0, ntwx    =       0, ntwv    =       0, ntwe    =       0
     ioutfm  =       0, ntwprt  =       0, idecomp =       0, rbornstat=      0

Potential function:
     ntf     =       1, ntb     =       0, igb     =       8, nsnb    =      25
     ipol    =       0, gbsa    =       0, iesp    =       0
     dielc   =   1.00000, cut     = 999.00000, intdiel =   1.00000
     saltcon =   0.00000, offset  =   0.19514, surften =   0.00500
     rdt     =   0.00000, rgbmax  =  25.00000  extdiel =  78.50000
     alpb  =        0
     gbalphaH  =   0.78844, gbbetaH   =   0.79870,  gbgammaH  =    0.43733
     gbalphaC  =   0.73376, gbbetaC   =   0.50638,  gbgammaC  =    0.20584
     gbalphaN  =   0.50336, gbbetaN   =   0.31683,  gbgammaN  =    0.19292
     gbalphaOS =   0.86781, gbbetaOS  =   0.87664,  gbgammaOS =    0.38788
     gbalphaP  =   1.00000, gbbetaP   =   0.80000,  gbgammaP  =    4.85000
     gb_alpha_hnu  =   0.53705, gb_beta_hnu   =   0.36286,  gb_gamma_hnu  =    0.11670
     gb_alpha_cnu  =   0.33167, gb_beta_cnu   =   0.19684,  gb_gamma_cnu  =    0.09342
     gb_alpha_nnu  =   0.68631, gb_beta_nnu   =   0.46319,  gb_gamma_nnu  =    0.13872
     gb_alpha_onu  =   0.60634, gb_beta_onu   =   0.46301,  gb_gamma_onu  =    0.14226
     gb_alpha_pnu  =   0.41836, gb_beta_pnu   =   0.29005,  gb_gamma_pnu  =    0.10642

Frozen or restrained atoms:
     ibelly  =       0, ntr     =       1
     restraint_wt =  10.00000

Energy minimization:
     maxcyc  =    1000, ncyc    =      10, ntmin   =       1
     dx0     =   0.01000, drms    =   0.00010
|  INFO: Old style inpcrd file read


    LOADING THE CONSTRAINED ATOMS AS GROUPS


   5.  REFERENCE ATOM COORDINATES

  defa
     Mask !@H=; matches   799 atoms

--------------------------------------------------------------------------------
   3.  ATOMIC COORDINATES AND VELOCITIES
--------------------------------------------------------------------------------

default_name                                                                    
 begin time read from input coords =     0.000 ps

 Number of triangulated 3-point waters found:        0

--------------------------------------------------------------------------------
   4.  RESULTS
--------------------------------------------------------------------------------



   NSTEP       ENERGY          RMS            GMAX         NAME    NUMBER
      1      -2.2346E+03     9.1167E+00     6.8408E+01     OXT      1590

 BOND    =       70.2099  ANGLE   =      211.4792  DIHED      =     1074.2171
 VDWAALS =     -687.5584  EEL     =    -7395.0833  EGB        =    -1640.2189
 1-4 VDW =      444.6533  1-4 EEL =     5687.6517  RESTRAINT  =        0.0000


   NSTEP       ENERGY          RMS            GMAX         NAME    NUMBER
    100      -2.6004E+03     3.8161E-01     3.8717E+00     CD       1585

 BOND    =       30.7528  ANGLE   =      208.1924  DIHED      =     1076.1138
 VDWAALS =     -825.6901  EEL     =    -7399.3160  EGB        =    -1664.0523
 1-4 VDW =      333.1700  1-4 EEL =     5598.2055  RESTRAINT  =       42.1887
 EAMBER  =    -2642.6239


   NSTEP       ENERGY          RMS            GMAX         NAME    NUMBER
    200      -2.6174E+03     1.4536E-01     1.7163E+00     HG1      1389

 BOND    =       30.9127  ANGLE   =      208.2366  DIHED      =     1072.6115
 VDWAALS =     -825.8505  EEL     =    -7412.8268  EGB        =    -1666.0184
 1-4 VDW =      333.4845  1-4 EEL =     5599.3578  RESTRAINT  =       42.6843
 EAMBER  =    -2660.0927


   NSTEP       ENERGY          RMS            GMAX         NAME    NUMBER
    300      -2.6191E+03     8.3088E-02     1.6498E+00     HG         90

 BOND    =       30.5798  ANGLE   =      208.1773  DIHED      =     1071.3755
 VDWAALS =     -826.6136  EEL     =    -7412.2428  EGB        =    -1667.3722
 1-4 VDW =      333.8214  1-4 EEL =     5600.4319  RESTRAINT  =       42.7151
 EAMBER  =    -2661.8427


   NSTEP       ENERGY          RMS            GMAX         NAME    NUMBER
    400      -2.6194E+03     7.2858E-03     1.7078E-01     CB         86

 BOND    =       30.4718  ANGLE   =      207.8108  DIHED      =     1071.0590
 VDWAALS =     -826.6277  EEL     =    -7411.0315  EGB        =    -1667.9854
 1-4 VDW =      334.2258  1-4 EEL =     5600.2466  RESTRAINT  =       42.4693
 EAMBER  =    -2661.8306


   NSTEP       ENERGY          RMS            GMAX         NAME    NUMBER
    500      -2.6194E+03     2.2134E-03     4.8015E-02     OG         89

 BOND    =       30.4630  ANGLE   =      207.7817  DIHED      =     1071.0635
 VDWAALS =     -826.6830  EEL     =    -7411.0303  EGB        =    -1667.9853
 1-4 VDW =      334.2694  1-4 EEL =     5600.2679  RESTRAINT  =       42.4861
 EAMBER  =    -2661.8532

     ... RESTARTED DUE TO LINMIN FAILURE ...


   NSTEP       ENERGY          RMS            GMAX         NAME    NUMBER
    600      -2.6194E+03     7.1127E-04     1.0195E-02     CB         86

 BOND    =       30.4613  ANGLE   =      207.7770  DIHED      =     1071.0645
 VDWAALS =     -826.6889  EEL     =    -7411.0260  EGB        =    -1667.9859
 1-4 VDW =      334.2768  1-4 EEL =     5600.2667  RESTRAINT  =       42.4871
 EAMBER  =    -2661.8546


   NSTEP       ENERGY          RMS            GMAX         NAME    NUMBER
    700      -2.6194E+03     3.4787E-04     7.3672E-03     CD       1585

 BOND    =       30.4619  ANGLE   =      207.7780  DIHED      =     1071.0665
 VDWAALS =     -826.6978  EEL     =    -7411.0302  EGB        =    -1667.9853
 1-4 VDW =      334.2773  1-4 EEL =     5600.2686  RESTRAINT  =       42.4933
 EAMBER  =    -2661.8609


                    FINAL RESULTS



   NSTEP       ENERGY          RMS            GMAX         NAME    NUMBER
    770      -2.6194E+03     9.3969E-05     1.3882E-03     CA         84

 BOND    =       30.4619  ANGLE   =      207.7774  DIHED      =     1071.0665
 VDWAALS =     -826.6983  EEL     =    -7411.0303  EGB        =    -1667.9854
 1-4 VDW =      334.2778  1-4 EEL =     5600.2690  RESTRAINT  =       42.4936
 EAMBER  =    -2661.8613

--------------------------------------------------------------------------------
   5.  TIMINGS
--------------------------------------------------------------------------------

|                Calc gb radii             46.36 (20.46% of Gen B)
|                Calc gb diag              85.99 (37.94% of Gen B)
|                Calc gb off-diag          94.28 (41.60% of Gen B)
|             Gen Born time            226.63 (100.0% of Nonbo)
|          Nonbond force            226.63 (99.30% of Force)
|          Bond/Angle/Dihedral        1.59 ( 0.70% of Force)
|          Other                      0.01 ( 0.01% of Force)
|       Force time               228.24 (100.0% of Runmd)
|    Runmd Time               228.24 (99.75% of Total)
|    Other                      0.57 ( 0.25% of Total)
| Total time               228.81 (100.0% of ALL  )

| Number of list builds   :          0

| Highest rstack allocated:          0
| Highest istack allocated:          0
|           Job began  at 13:40:31.195  on 02/03/2016
|           Setup done at 13:40:31.263  on 02/03/2016
|           Run   done at 13:44:20.001  on 02/03/2016
|     wallclock() was called   13888 times
