
          -------------------------------------------------------
          Amber 14 SANDER                              2014
          -------------------------------------------------------

| Run on 02/03/2016 at 15:18:57

|   Executable path: sander
| Working directory: /lustre/cs1500/scratch/kmb413/RealDecoyDisc/DecoyDiscrimination/decoys.set2.init/1aaj/Rosetta_relaxed
|          Hostname: slepner25


File Assignments:
|  MDIN: /scratch/kmb413/RealDecoyDisc/DecoyDiscrimination/scripts/min/min.in  
| MDOUT: NoH_5_empty_tag_630_0001_0001.out                                     
|INPCRD: NoH_5_empty_tag_630_0001_0001.rst7                                    
|  PARM: NoH_5_empty_tag_630_0001_0001.parm7                                   
|RESTRT: min_NoH_5_empty_tag_630_0001_0001.rst7                                
|  REFC: NoH_5_empty_tag_630_0001_0001.rst7                                    
| MDVEL: mdvel                                                                 
| MDFRC: mdfrc                                                                 
|  MDEN: mden                                                                  
| MDCRD: mdcrd                                                                 
|MDINFO: mdinfo                                                                
|  MTMD: mtmd                                                                  
|INPDIP: inpdip                                                                
|RSTDIP: rstdip                                                                
|INPTRA: inptraj                                                               


 Here is the input file:

                                                                               
&cntrl                                                                         
    imin = 1, maxcyc=1000,                                                     
    ntx = 1,                                                                   
    ntwr = 100, ntpr = 100,                                                    
    cut = 999.0,                                                               
    ntb = 0, igb = 8,                                                          
    ntr = 1, restraint_wt = 10, restraintmask = "!@H=",                        
/                                                                              

--------------------------------------------------------------------------------
   1.  RESOURCE   USE: 
--------------------------------------------------------------------------------

| Flags:                                                                        
| New format PARM file being parsed.
| Version =    1.000 Date = 02/03/16 Time = 11:54:03
 NATOM  =    1590 NTYPES =      14 NBONH =     791 MBONA  =     820
 NTHETH =    1812 MTHETA =    1115 NPHIH =    3578 MPHIA  =    3525
 NHPARM =       0 NPARM  =       0 NNB   =    8805 NRES   =     104
 NBONA  =     820 NTHETA =    1115 NPHIA =    3525 NUMBND =      65
 NUMANG =     152 NPTRA  =     189 NATYP =      33 NPHB   =       0
 IFBOX  =       0 NMXRS  =      24 IFCAP =       0 NEXTRA =       0
 NCOPY  =       0

 Implicit solvent radii are ArgH and AspGluO modified Bondi2 radii (mbondi3)                                
 Replacing prmtop screening parameters with GBn2 (igb=8) values

|     Memory Use     Allocated
|     Real              145027
|     Hollerith           4876
|     Integer           109197
|     Max Pairs              1
|     nblistReal             0
|     nblist Int             0
|       Total             1578 kbytes

| Note: 1-4 EEL scale factors are being read from the topology file.

| Note: 1-4 VDW scale factors are being read from the topology file.
| Duplicated    0 dihedrals
| Duplicated    0 dihedrals

--------------------------------------------------------------------------------
   2.  CONTROL  DATA  FOR  THE  RUN
--------------------------------------------------------------------------------

default_name                                                                    

General flags:
     imin    =       1, nmropt  =       0

Nature and format of input:
     ntx     =       1, irest   =       0, ntrx    =       1

Nature and format of output:
     ntxo    =       1, ntpr    =     100, ntrx    =       1, ntwr    =     100
     iwrap   =       0, ntwx    =       0, ntwv    =       0, ntwe    =       0
     ioutfm  =       0, ntwprt  =       0, idecomp =       0, rbornstat=      0

Potential function:
     ntf     =       1, ntb     =       0, igb     =       8, nsnb    =      25
     ipol    =       0, gbsa    =       0, iesp    =       0
     dielc   =   1.00000, cut     = 999.00000, intdiel =   1.00000
     saltcon =   0.00000, offset  =   0.19514, surften =   0.00500
     rdt     =   0.00000, rgbmax  =  25.00000  extdiel =  78.50000
     alpb  =        0
     gbalphaH  =   0.78844, gbbetaH   =   0.79870,  gbgammaH  =    0.43733
     gbalphaC  =   0.73376, gbbetaC   =   0.50638,  gbgammaC  =    0.20584
     gbalphaN  =   0.50336, gbbetaN   =   0.31683,  gbgammaN  =    0.19292
     gbalphaOS =   0.86781, gbbetaOS  =   0.87664,  gbgammaOS =    0.38788
     gbalphaP  =   1.00000, gbbetaP   =   0.80000,  gbgammaP  =    4.85000
     gb_alpha_hnu  =   0.53705, gb_beta_hnu   =   0.36286,  gb_gamma_hnu  =    0.11670
     gb_alpha_cnu  =   0.33167, gb_beta_cnu   =   0.19684,  gb_gamma_cnu  =    0.09342
     gb_alpha_nnu  =   0.68631, gb_beta_nnu   =   0.46319,  gb_gamma_nnu  =    0.13872
     gb_alpha_onu  =   0.60634, gb_beta_onu   =   0.46301,  gb_gamma_onu  =    0.14226
     gb_alpha_pnu  =   0.41836, gb_beta_pnu   =   0.29005,  gb_gamma_pnu  =    0.10642

Frozen or restrained atoms:
     ibelly  =       0, ntr     =       1
     restraint_wt =  10.00000

Energy minimization:
     maxcyc  =    1000, ncyc    =      10, ntmin   =       1
     dx0     =   0.01000, drms    =   0.00010
|  INFO: Old style inpcrd file read


    LOADING THE CONSTRAINED ATOMS AS GROUPS


   5.  REFERENCE ATOM COORDINATES

  defa
     Mask !@H=; matches   799 atoms

--------------------------------------------------------------------------------
   3.  ATOMIC COORDINATES AND VELOCITIES
--------------------------------------------------------------------------------

default_name                                                                    
 begin time read from input coords =     0.000 ps

 Number of triangulated 3-point waters found:        0

--------------------------------------------------------------------------------
   4.  RESULTS
--------------------------------------------------------------------------------



   NSTEP       ENERGY          RMS            GMAX         NAME    NUMBER
      1      -2.1598E+03     9.1288E+00     6.0620E+01     OE1       945

 BOND    =       70.3856  ANGLE   =      211.4295  DIHED      =     1084.8342
 VDWAALS =     -608.9013  EEL     =    -7179.5606  EGB        =    -1913.9687
 1-4 VDW =      441.1195  1-4 EEL =     5734.9064  RESTRAINT  =        0.0000


   NSTEP       ENERGY          RMS            GMAX         NAME    NUMBER
    100      -2.5314E+03     5.4297E-01     5.0827E+00     CE2       650

 BOND    =       32.7784  ANGLE   =      212.6428  DIHED      =     1087.0759
 VDWAALS =     -756.4001  EEL     =    -7184.4503  EGB        =    -1936.3639
 1-4 VDW =      326.5008  1-4 EEL =     5642.0888  RESTRAINT  =       44.7225
 EAMBER  =    -2576.1275


   NSTEP       ENERGY          RMS            GMAX         NAME    NUMBER
    200      -2.5596E+03     4.3599E-01     6.2113E+00     CD        729

 BOND    =       33.1827  ANGLE   =      213.0928  DIHED      =     1081.7598
 VDWAALS =     -755.4326  EEL     =    -7229.3339  EGB        =    -1919.5961
 1-4 VDW =      326.6579  1-4 EEL =     5645.4378  RESTRAINT  =       44.6636
 EAMBER  =    -2604.2316


   NSTEP       ENERGY          RMS            GMAX         NAME    NUMBER
    300      -2.5696E+03     1.6685E-01     1.5455E+00     O         607

 BOND    =       32.6665  ANGLE   =      212.0681  DIHED      =     1077.8439
 VDWAALS =     -754.7230  EEL     =    -7241.9771  EGB        =    -1914.2722
 1-4 VDW =      327.7820  1-4 EEL =     5647.0808  RESTRAINT  =       43.9177
 EAMBER  =    -2613.5309


   NSTEP       ENERGY          RMS            GMAX         NAME    NUMBER
    400      -2.5709E+03     8.8793E-02     1.7436E+00     CD        729

 BOND    =       32.5364  ANGLE   =      211.7277  DIHED      =     1076.2790
 VDWAALS =     -754.8087  EEL     =    -7244.8377  EGB        =    -1911.9599
 1-4 VDW =      328.1954  1-4 EEL =     5648.0773  RESTRAINT  =       43.8898
 EAMBER  =    -2614.7905


   NSTEP       ENERGY          RMS            GMAX         NAME    NUMBER
    500      -2.5710E+03     5.2507E-03     6.9588E-02     CZ       1163

 BOND    =       32.3759  ANGLE   =      211.4403  DIHED      =     1076.1224
 VDWAALS =     -754.5486  EEL     =    -7245.1408  EGB        =    -1911.7956
 1-4 VDW =      328.6067  1-4 EEL =     5648.2651  RESTRAINT  =       43.6981
 EAMBER  =    -2614.6745


   NSTEP       ENERGY          RMS            GMAX         NAME    NUMBER
    600      -2.5710E+03     1.4992E-03     1.7528E-02     OG1       634

 BOND    =       32.3610  ANGLE   =      211.4180  DIHED      =     1076.1179
 VDWAALS =     -754.5430  EEL     =    -7245.1506  EGB        =    -1911.7846
 1-4 VDW =      328.6397  1-4 EEL =     5648.2769  RESTRAINT  =       43.6875
 EAMBER  =    -2614.6645


   NSTEP       ENERGY          RMS            GMAX         NAME    NUMBER
    700      -2.5710E+03     7.6297E-04     1.1089E-02     CB       1176

 BOND    =       32.3605  ANGLE   =      211.4179  DIHED      =     1076.1186
 VDWAALS =     -754.5477  EEL     =    -7245.1517  EGB        =    -1911.7830
 1-4 VDW =      328.6408  1-4 EEL =     5648.2763  RESTRAINT  =       43.6911
 EAMBER  =    -2614.6682


   NSTEP       ENERGY          RMS            GMAX         NAME    NUMBER
    800      -2.5710E+03     1.9062E-04     1.8218E-03     H1          2

 BOND    =       32.3599  ANGLE   =      211.4162  DIHED      =     1076.1186
 VDWAALS =     -754.5486  EEL     =    -7245.1525  EGB        =    -1911.7825
 1-4 VDW =      328.6430  1-4 EEL =     5648.2772  RESTRAINT  =       43.6914
 EAMBER  =    -2614.6686


                    FINAL RESULTS



   NSTEP       ENERGY          RMS            GMAX         NAME    NUMBER
    823      -2.5710E+03     8.4866E-05     7.1787E-04     HE2      1079

 BOND    =       32.3596  ANGLE   =      211.4159  DIHED      =     1076.1186
 VDWAALS =     -754.5487  EEL     =    -7245.1528  EGB        =    -1911.7825
 1-4 VDW =      328.6436  1-4 EEL =     5648.2777  RESTRAINT  =       43.6914
 EAMBER  =    -2614.6686

--------------------------------------------------------------------------------
   5.  TIMINGS
--------------------------------------------------------------------------------

|                Calc gb radii             48.85 (20.36% of Gen B)
|                Calc gb diag              89.99 (37.50% of Gen B)
|                Calc gb off-diag         101.10 (42.13% of Gen B)
|             Gen Born time            239.94 (100.0% of Nonbo)
|          Nonbond force            239.94 (99.28% of Force)
|          Bond/Angle/Dihedral        1.72 ( 0.71% of Force)
|          Other                      0.01 ( 0.01% of Force)
|       Force time               241.67 (100.0% of Runmd)
|    Runmd Time               241.67 (99.69% of Total)
|    Other                      0.75 ( 0.31% of Total)
| Total time               242.43 (100.0% of ALL  )

| Number of list builds   :          0

| Highest rstack allocated:          0
| Highest istack allocated:          0
|           Job began  at 15:18:57.083  on 02/03/2016
|           Setup done at 15:18:57.133  on 02/03/2016
|           Run   done at 15:22:59.513  on 02/03/2016
|     wallclock() was called   14842 times
