
          -------------------------------------------------------
          Amber 14 SANDER                              2014
          -------------------------------------------------------

| Run on 02/03/2016 at 12:57:44

|   Executable path: sander
| Working directory: /lustre/cs1500/scratch/kmb413/RealDecoyDisc/DecoyDiscrimination/decoys.set2.init/1aaj/Rosetta_relaxed
|          Hostname: slepner35


File Assignments:
|  MDIN: /scratch/kmb413/RealDecoyDisc/DecoyDiscrimination/scripts/min/min.in  
| MDOUT: NoH_1_empty_tag_1049_0001_0001.out                                    
|INPCRD: NoH_1_empty_tag_1049_0001_0001.rst7                                   
|  PARM: NoH_1_empty_tag_1049_0001_0001.parm7                                  
|RESTRT: min_NoH_1_empty_tag_1049_0001_0001.rst7                               
|  REFC: NoH_1_empty_tag_1049_0001_0001.rst7                                   
| MDVEL: mdvel                                                                 
| MDFRC: mdfrc                                                                 
|  MDEN: mden                                                                  
| MDCRD: mdcrd                                                                 
|MDINFO: mdinfo                                                                
|  MTMD: mtmd                                                                  
|INPDIP: inpdip                                                                
|RSTDIP: rstdip                                                                
|INPTRA: inptraj                                                               


 Here is the input file:

                                                                               
&cntrl                                                                         
    imin = 1, maxcyc=1000,                                                     
    ntx = 1,                                                                   
    ntwr = 100, ntpr = 100,                                                    
    cut = 999.0,                                                               
    ntb = 0, igb = 8,                                                          
    ntr = 1, restraint_wt = 10, restraintmask = "!@H=",                        
/                                                                              

--------------------------------------------------------------------------------
   1.  RESOURCE   USE: 
--------------------------------------------------------------------------------

| Flags:                                                                        
| New format PARM file being parsed.
| Version =    1.000 Date = 02/03/16 Time = 11:44:24
 NATOM  =    1590 NTYPES =      14 NBONH =     791 MBONA  =     820
 NTHETH =    1812 MTHETA =    1115 NPHIH =    3578 MPHIA  =    3525
 NHPARM =       0 NPARM  =       0 NNB   =    8805 NRES   =     104
 NBONA  =     820 NTHETA =    1115 NPHIA =    3525 NUMBND =      65
 NUMANG =     152 NPTRA  =     189 NATYP =      33 NPHB   =       0
 IFBOX  =       0 NMXRS  =      24 IFCAP =       0 NEXTRA =       0
 NCOPY  =       0

 Implicit solvent radii are ArgH and AspGluO modified Bondi2 radii (mbondi3)                                
 Replacing prmtop screening parameters with GBn2 (igb=8) values

|     Memory Use     Allocated
|     Real              145027
|     Hollerith           4876
|     Integer           109197
|     Max Pairs              1
|     nblistReal             0
|     nblist Int             0
|       Total             1578 kbytes

| Note: 1-4 EEL scale factors are being read from the topology file.

| Note: 1-4 VDW scale factors are being read from the topology file.
| Duplicated    0 dihedrals
| Duplicated    0 dihedrals

--------------------------------------------------------------------------------
   2.  CONTROL  DATA  FOR  THE  RUN
--------------------------------------------------------------------------------

default_name                                                                    

General flags:
     imin    =       1, nmropt  =       0

Nature and format of input:
     ntx     =       1, irest   =       0, ntrx    =       1

Nature and format of output:
     ntxo    =       1, ntpr    =     100, ntrx    =       1, ntwr    =     100
     iwrap   =       0, ntwx    =       0, ntwv    =       0, ntwe    =       0
     ioutfm  =       0, ntwprt  =       0, idecomp =       0, rbornstat=      0

Potential function:
     ntf     =       1, ntb     =       0, igb     =       8, nsnb    =      25
     ipol    =       0, gbsa    =       0, iesp    =       0
     dielc   =   1.00000, cut     = 999.00000, intdiel =   1.00000
     saltcon =   0.00000, offset  =   0.19514, surften =   0.00500
     rdt     =   0.00000, rgbmax  =  25.00000  extdiel =  78.50000
     alpb  =        0
     gbalphaH  =   0.78844, gbbetaH   =   0.79870,  gbgammaH  =    0.43733
     gbalphaC  =   0.73376, gbbetaC   =   0.50638,  gbgammaC  =    0.20584
     gbalphaN  =   0.50336, gbbetaN   =   0.31683,  gbgammaN  =    0.19292
     gbalphaOS =   0.86781, gbbetaOS  =   0.87664,  gbgammaOS =    0.38788
     gbalphaP  =   1.00000, gbbetaP   =   0.80000,  gbgammaP  =    4.85000
     gb_alpha_hnu  =   0.53705, gb_beta_hnu   =   0.36286,  gb_gamma_hnu  =    0.11670
     gb_alpha_cnu  =   0.33167, gb_beta_cnu   =   0.19684,  gb_gamma_cnu  =    0.09342
     gb_alpha_nnu  =   0.68631, gb_beta_nnu   =   0.46319,  gb_gamma_nnu  =    0.13872
     gb_alpha_onu  =   0.60634, gb_beta_onu   =   0.46301,  gb_gamma_onu  =    0.14226
     gb_alpha_pnu  =   0.41836, gb_beta_pnu   =   0.29005,  gb_gamma_pnu  =    0.10642

Frozen or restrained atoms:
     ibelly  =       0, ntr     =       1
     restraint_wt =  10.00000

Energy minimization:
     maxcyc  =    1000, ncyc    =      10, ntmin   =       1
     dx0     =   0.01000, drms    =   0.00010
|  INFO: Old style inpcrd file read


    LOADING THE CONSTRAINED ATOMS AS GROUPS


   5.  REFERENCE ATOM COORDINATES

  defa
     Mask !@H=; matches   799 atoms

--------------------------------------------------------------------------------
   3.  ATOMIC COORDINATES AND VELOCITIES
--------------------------------------------------------------------------------

default_name                                                                    
 begin time read from input coords =     0.000 ps

 Number of triangulated 3-point waters found:        0

--------------------------------------------------------------------------------
   4.  RESULTS
--------------------------------------------------------------------------------



   NSTEP       ENERGY          RMS            GMAX         NAME    NUMBER
      1      -2.2158E+03     9.2559E+00     6.0127E+01     OE2      1587

 BOND    =       71.6095  ANGLE   =      212.1690  DIHED      =     1092.1485
 VDWAALS =     -643.6809  EEL     =    -7152.3027  EGB        =    -1957.4147
 1-4 VDW =      442.1837  1-4 EEL =     5719.4905  RESTRAINT  =        0.0000


   NSTEP       ENERGY          RMS            GMAX         NAME    NUMBER
    100      -2.5914E+03     4.9161E-01     5.2163E+00     HG1      1389

 BOND    =       32.5815  ANGLE   =      208.4967  DIHED      =     1095.4481
 VDWAALS =     -791.8190  EEL     =    -7162.3086  EGB        =    -1976.8804
 1-4 VDW =      328.0643  1-4 EEL =     5630.9065  RESTRAINT  =       44.0969
 EAMBER  =    -2635.5110


   NSTEP       ENERGY          RMS            GMAX         NAME    NUMBER
    200      -2.6001E+03     2.5301E-01     7.1068E+00     CG       1324

 BOND    =       32.0561  ANGLE   =      207.8405  DIHED      =     1093.2359
 VDWAALS =     -793.3656  EEL     =    -7173.1462  EGB        =    -1973.3552
 1-4 VDW =      329.1417  1-4 EEL =     5632.9262  RESTRAINT  =       44.5984
 EAMBER  =    -2644.6664


   NSTEP       ENERGY          RMS            GMAX         NAME    NUMBER
    300      -2.6023E+03     3.1147E-01     5.4406E+00     HG1       605

 BOND    =       32.7463  ANGLE   =      209.8963  DIHED      =     1093.4236
 VDWAALS =     -794.1186  EEL     =    -7174.1030  EGB        =    -1975.6166
 1-4 VDW =      327.6911  1-4 EEL =     5631.5046  RESTRAINT  =       46.2339
 EAMBER  =    -2648.5765


   NSTEP       ENERGY          RMS            GMAX         NAME    NUMBER
    400      -2.6056E+03     1.6139E-02     2.0210E-01     CB        598

 BOND    =       31.7486  ANGLE   =      207.2069  DIHED      =     1092.1261
 VDWAALS =     -792.2431  EEL     =    -7175.6489  EGB        =    -1975.7861
 1-4 VDW =      330.2806  1-4 EEL =     5632.7586  RESTRAINT  =       43.9293
 EAMBER  =    -2649.5573


   NSTEP       ENERGY          RMS            GMAX         NAME    NUMBER
    500      -2.6056E+03     4.0949E-03     5.1700E-02     HB        599

 BOND    =       31.7149  ANGLE   =      207.1658  DIHED      =     1092.1862
 VDWAALS =     -792.2437  EEL     =    -7175.5613  EGB        =    -1975.9475
 1-4 VDW =      330.3649  1-4 EEL =     5632.7916  RESTRAINT  =       43.8874
 EAMBER  =    -2649.5290


   NSTEP       ENERGY          RMS            GMAX         NAME    NUMBER
    600      -2.6056E+03     1.6000E-03     1.8864E-02     HG1       635

 BOND    =       31.7073  ANGLE   =      207.1502  DIHED      =     1092.2283
 VDWAALS =     -792.2613  EEL     =    -7175.4517  EGB        =    -1976.0586
 1-4 VDW =      330.3902  1-4 EEL =     5632.7695  RESTRAINT  =       43.8825
 EAMBER  =    -2649.5261


   NSTEP       ENERGY          RMS            GMAX         NAME    NUMBER
    700      -2.6056E+03     1.4627E-03     3.0060E-02     CG       1324

 BOND    =       31.7055  ANGLE   =      207.1442  DIHED      =     1092.2581
 VDWAALS =     -792.2756  EEL     =    -7175.3429  EGB        =    -1976.1440
 1-4 VDW =      330.3978  1-4 EEL =     5632.7290  RESTRAINT  =       43.8835
 EAMBER  =    -2649.5279


   NSTEP       ENERGY          RMS            GMAX         NAME    NUMBER
    800      -2.6056E+03     1.4989E-03     2.0555E-02     CB       1206

 BOND    =       31.7049  ANGLE   =      207.1393  DIHED      =     1092.2807
 VDWAALS =     -792.2791  EEL     =    -7175.2547  EGB        =    -1976.2132
 1-4 VDW =      330.4017  1-4 EEL =     5632.6928  RESTRAINT  =       43.8831
 EAMBER  =    -2649.5277


   NSTEP       ENERGY          RMS            GMAX         NAME    NUMBER
    900      -2.6056E+03     3.0372E-03     3.2267E-02     HA        597

 BOND    =       31.7064  ANGLE   =      207.1445  DIHED      =     1092.2977
 VDWAALS =     -792.2848  EEL     =    -7175.1767  EGB        =    -1976.2763
 1-4 VDW =      330.3970  1-4 EEL =     5632.6614  RESTRAINT  =       43.8860
 EAMBER  =    -2649.5308


   NSTEP       ENERGY          RMS            GMAX         NAME    NUMBER
   1000      -2.6056E+03     4.5904E-04     9.7752E-03     HG1       635

 BOND    =       31.7057  ANGLE   =      207.1422  DIHED      =     1092.3048
 VDWAALS =     -792.2845  EEL     =    -7175.1509  EGB        =    -1976.2985
 1-4 VDW =      330.3988  1-4 EEL =     5632.6525  RESTRAINT  =       43.8849
 EAMBER  =    -2649.5298


  Maximum number of minimization cycles reached.


                    FINAL RESULTS



   NSTEP       ENERGY          RMS            GMAX         NAME    NUMBER
   1000      -2.6056E+03     4.5904E-04     9.7752E-03     HG1       635

 BOND    =       31.7057  ANGLE   =      207.1422  DIHED      =     1092.3048
 VDWAALS =     -792.2845  EEL     =    -7175.1509  EGB        =    -1976.2985
 1-4 VDW =      330.3988  1-4 EEL =     5632.6525  RESTRAINT  =       43.8849
 EAMBER  =    -2649.5298

--------------------------------------------------------------------------------
   5.  TIMINGS
--------------------------------------------------------------------------------

|                Calc gb radii             59.86 (20.39% of Gen B)
|                Calc gb diag             110.49 (37.64% of Gen B)
|                Calc gb off-diag         123.18 (41.97% of Gen B)
|             Gen Born time            293.54 (100.0% of Nonbo)
|          Nonbond force            293.54 (99.29% of Force)
|          Bond/Angle/Dihedral        2.08 ( 0.70% of Force)
|          Other                      0.02 ( 0.01% of Force)
|       Force time               295.63 (100.0% of Runmd)
|    Runmd Time               295.63 (99.71% of Total)
|    Other                      0.86 ( 0.29% of Total)
| Total time               296.50 (100.0% of ALL  )

| Number of list builds   :          0

| Highest rstack allocated:          0
| Highest istack allocated:          0
|           Job began  at 12:57:44.401  on 02/03/2016
|           Setup done at 12:57:44.471  on 02/03/2016
|           Run   done at 13:02:40.901  on 02/03/2016
|     wallclock() was called   18028 times
