
          -------------------------------------------------------
          Amber 14 SANDER                              2014
          -------------------------------------------------------

| Run on 02/03/2016 at 14:18:45

|   Executable path: sander
| Working directory: /lustre/cs1500/scratch/kmb413/RealDecoyDisc/DecoyDiscrimination/decoys.set2.init/1aaj/Rosetta_relaxed
|          Hostname: slepner7


File Assignments:
|  MDIN: /scratch/kmb413/RealDecoyDisc/DecoyDiscrimination/scripts/min/min.in  
| MDOUT: NoH_1_empty_tag_294_0001_1_0001.out                                   
|INPCRD: NoH_1_empty_tag_294_0001_1_0001.rst7                                  
|  PARM: NoH_1_empty_tag_294_0001_1_0001.parm7                                 
|RESTRT: min_NoH_1_empty_tag_294_0001_1_0001.rst7                              
|  REFC: NoH_1_empty_tag_294_0001_1_0001.rst7                                  
| MDVEL: mdvel                                                                 
| MDFRC: mdfrc                                                                 
|  MDEN: mden                                                                  
| MDCRD: mdcrd                                                                 
|MDINFO: mdinfo                                                                
|  MTMD: mtmd                                                                  
|INPDIP: inpdip                                                                
|RSTDIP: rstdip                                                                
|INPTRA: inptraj                                                               


 Here is the input file:

                                                                               
&cntrl                                                                         
    imin = 1, maxcyc=1000,                                                     
    ntx = 1,                                                                   
    ntwr = 100, ntpr = 100,                                                    
    cut = 999.0,                                                               
    ntb = 0, igb = 8,                                                          
    ntr = 1, restraint_wt = 10, restraintmask = "!@H=",                        
/                                                                              

--------------------------------------------------------------------------------
   1.  RESOURCE   USE: 
--------------------------------------------------------------------------------

| Flags:                                                                        
| New format PARM file being parsed.
| Version =    1.000 Date = 02/03/16 Time = 11:45:45
 NATOM  =    1590 NTYPES =      14 NBONH =     791 MBONA  =     820
 NTHETH =    1812 MTHETA =    1115 NPHIH =    3578 MPHIA  =    3525
 NHPARM =       0 NPARM  =       0 NNB   =    8805 NRES   =     104
 NBONA  =     820 NTHETA =    1115 NPHIA =    3525 NUMBND =      65
 NUMANG =     152 NPTRA  =     189 NATYP =      33 NPHB   =       0
 IFBOX  =       0 NMXRS  =      24 IFCAP =       0 NEXTRA =       0
 NCOPY  =       0

 Implicit solvent radii are ArgH and AspGluO modified Bondi2 radii (mbondi3)                                
 Replacing prmtop screening parameters with GBn2 (igb=8) values

|     Memory Use     Allocated
|     Real              145027
|     Hollerith           4876
|     Integer           109197
|     Max Pairs              1
|     nblistReal             0
|     nblist Int             0
|       Total             1578 kbytes

| Note: 1-4 EEL scale factors are being read from the topology file.

| Note: 1-4 VDW scale factors are being read from the topology file.
| Duplicated    0 dihedrals
| Duplicated    0 dihedrals

--------------------------------------------------------------------------------
   2.  CONTROL  DATA  FOR  THE  RUN
--------------------------------------------------------------------------------

default_name                                                                    

General flags:
     imin    =       1, nmropt  =       0

Nature and format of input:
     ntx     =       1, irest   =       0, ntrx    =       1

Nature and format of output:
     ntxo    =       1, ntpr    =     100, ntrx    =       1, ntwr    =     100
     iwrap   =       0, ntwx    =       0, ntwv    =       0, ntwe    =       0
     ioutfm  =       0, ntwprt  =       0, idecomp =       0, rbornstat=      0

Potential function:
     ntf     =       1, ntb     =       0, igb     =       8, nsnb    =      25
     ipol    =       0, gbsa    =       0, iesp    =       0
     dielc   =   1.00000, cut     = 999.00000, intdiel =   1.00000
     saltcon =   0.00000, offset  =   0.19514, surften =   0.00500
     rdt     =   0.00000, rgbmax  =  25.00000  extdiel =  78.50000
     alpb  =        0
     gbalphaH  =   0.78844, gbbetaH   =   0.79870,  gbgammaH  =    0.43733
     gbalphaC  =   0.73376, gbbetaC   =   0.50638,  gbgammaC  =    0.20584
     gbalphaN  =   0.50336, gbbetaN   =   0.31683,  gbgammaN  =    0.19292
     gbalphaOS =   0.86781, gbbetaOS  =   0.87664,  gbgammaOS =    0.38788
     gbalphaP  =   1.00000, gbbetaP   =   0.80000,  gbgammaP  =    4.85000
     gb_alpha_hnu  =   0.53705, gb_beta_hnu   =   0.36286,  gb_gamma_hnu  =    0.11670
     gb_alpha_cnu  =   0.33167, gb_beta_cnu   =   0.19684,  gb_gamma_cnu  =    0.09342
     gb_alpha_nnu  =   0.68631, gb_beta_nnu   =   0.46319,  gb_gamma_nnu  =    0.13872
     gb_alpha_onu  =   0.60634, gb_beta_onu   =   0.46301,  gb_gamma_onu  =    0.14226
     gb_alpha_pnu  =   0.41836, gb_beta_pnu   =   0.29005,  gb_gamma_pnu  =    0.10642

Frozen or restrained atoms:
     ibelly  =       0, ntr     =       1
     restraint_wt =  10.00000

Energy minimization:
     maxcyc  =    1000, ncyc    =      10, ntmin   =       1
     dx0     =   0.01000, drms    =   0.00010
|  INFO: Old style inpcrd file read


    LOADING THE CONSTRAINED ATOMS AS GROUPS


   5.  REFERENCE ATOM COORDINATES

  defa
     Mask !@H=; matches   799 atoms

--------------------------------------------------------------------------------
   3.  ATOMIC COORDINATES AND VELOCITIES
--------------------------------------------------------------------------------

default_name                                                                    
 begin time read from input coords =     0.000 ps

 Number of triangulated 3-point waters found:        0

--------------------------------------------------------------------------------
   4.  RESULTS
--------------------------------------------------------------------------------



   NSTEP       ENERGY          RMS            GMAX         NAME    NUMBER
      1      -2.0541E+03     9.2771E+00     7.3014E+01     OE1       945

 BOND    =       70.4714  ANGLE   =      211.7070  DIHED      =     1078.3148
 VDWAALS =     -538.5868  EEL     =    -6974.9287  EGB        =    -2059.8653
 1-4 VDW =      443.4003  1-4 EEL =     5715.3969  RESTRAINT  =        0.0000


   NSTEP       ENERGY          RMS            GMAX         NAME    NUMBER
    100      -2.4531E+03     4.3463E-01     7.6878E+00     CG       1324

 BOND    =       33.2155  ANGLE   =      210.3811  DIHED      =     1080.6417
 VDWAALS =     -697.8227  EEL     =    -7009.7004  EGB        =    -2075.8226
 1-4 VDW =      328.0019  1-4 EEL =     5628.3285  RESTRAINT  =       49.6933
 EAMBER  =    -2502.7770


   NSTEP       ENERGY          RMS            GMAX         NAME    NUMBER
    200      -2.4705E+03     2.5474E-01     3.0847E+00     CG       1324

 BOND    =       33.6775  ANGLE   =      211.1777  DIHED      =     1080.0601
 VDWAALS =     -698.6537  EEL     =    -7031.8154  EGB        =    -2070.7512
 1-4 VDW =      327.0767  1-4 EEL =     5627.8288  RESTRAINT  =       50.9230
 EAMBER  =    -2521.3994


   NSTEP       ENERGY          RMS            GMAX         NAME    NUMBER
    300      -2.4729E+03     1.9951E-01     5.0909E+00     CG       1324

 BOND    =       33.0035  ANGLE   =      209.5451  DIHED      =     1078.4374
 VDWAALS =     -699.0852  EEL     =    -7033.2324  EGB        =    -2070.4432
 1-4 VDW =      329.1234  1-4 EEL =     5629.7613  RESTRAINT  =       49.9909
 EAMBER  =    -2522.8901


   NSTEP       ENERGY          RMS            GMAX         NAME    NUMBER
    400      -2.4730E+03     1.0623E-02     1.8671E-01     CA          5

 BOND    =       32.8351  ANGLE   =      209.5291  DIHED      =     1078.4726
 VDWAALS =     -699.0504  EEL     =    -7033.2509  EGB        =    -2070.4603
 1-4 VDW =      329.2686  1-4 EEL =     5629.7380  RESTRAINT  =       49.9463
 EAMBER  =    -2522.9182


   NSTEP       ENERGY          RMS            GMAX         NAME    NUMBER
    500      -2.4730E+03     1.6012E-03     1.5401E-02     C          33

 BOND    =       32.8309  ANGLE   =      209.5057  DIHED      =     1078.4694
 VDWAALS =     -699.0626  EEL     =    -7033.2662  EGB        =    -2070.4426
 1-4 VDW =      329.2935  1-4 EEL =     5629.7516  RESTRAINT  =       49.9466
 EAMBER  =    -2522.9204


   NSTEP       ENERGY          RMS            GMAX         NAME    NUMBER
    600      -2.4730E+03     5.7383E-04     6.2542E-03     CB       1176

 BOND    =       32.8271  ANGLE   =      209.5031  DIHED      =     1078.4679
 VDWAALS =     -699.0643  EEL     =    -7033.2683  EGB        =    -2070.4408
 1-4 VDW =      329.2995  1-4 EEL =     5629.7544  RESTRAINT  =       49.9471
 EAMBER  =    -2522.9213


   NSTEP       ENERGY          RMS            GMAX         NAME    NUMBER
    700      -2.4730E+03     1.5002E-04     1.3572E-03     CB       1176

 BOND    =       32.8274  ANGLE   =      209.5034  DIHED      =     1078.4674
 VDWAALS =     -699.0659  EEL     =    -7033.2686  EGB        =    -2070.4404
 1-4 VDW =      329.2997  1-4 EEL =     5629.7542  RESTRAINT  =       49.9486
 EAMBER  =    -2522.9229


                    FINAL RESULTS



   NSTEP       ENERGY          RMS            GMAX         NAME    NUMBER
    749      -2.4730E+03     9.6756E-05     1.4875E-03     CD       1585

 BOND    =       32.8273  ANGLE   =      209.5036  DIHED      =     1078.4672
 VDWAALS =     -699.0663  EEL     =    -7033.2687  EGB        =    -2070.4404
 1-4 VDW =      329.2998  1-4 EEL =     5629.7542  RESTRAINT  =       49.9491
 EAMBER  =    -2522.9233

--------------------------------------------------------------------------------
   5.  TIMINGS
--------------------------------------------------------------------------------

|                Calc gb radii             41.06 (19.79% of Gen B)
|                Calc gb diag              75.44 (36.37% of Gen B)
|                Calc gb off-diag          90.95 (43.84% of Gen B)
|             Gen Born time            207.46 (100.0% of Nonbo)
|          Nonbond force            207.46 (99.25% of Force)
|          Bond/Angle/Dihedral        1.55 ( 0.74% of Force)
|          Other                      0.01 ( 0.01% of Force)
|       Force time               209.02 (100.0% of Runmd)
|    Runmd Time               209.02 (99.62% of Total)
|    Other                      0.80 ( 0.38% of Total)
| Total time               209.82 (100.0% of ALL  )

| Number of list builds   :          0

| Highest rstack allocated:          0
| Highest istack allocated:          0
|           Job began  at 14:18:45.628  on 02/03/2016
|           Setup done at 14:18:45.700  on 02/03/2016
|           Run   done at 14:22:15.452  on 02/03/2016
|     wallclock() was called   13510 times
