
          -------------------------------------------------------
          Amber 14 SANDER                              2014
          -------------------------------------------------------

| Run on 02/03/2016 at 12:56:12

|   Executable path: sander
| Working directory: /lustre/cs1500/scratch/kmb413/RealDecoyDisc/DecoyDiscrimination/decoys.set2.init/1aaj/Rosetta_relaxed
|          Hostname: slepner7


File Assignments:
|  MDIN: /scratch/kmb413/RealDecoyDisc/DecoyDiscrimination/scripts/min/min.in  
| MDOUT: NoH_1_empty_tag_1_515_0001.out                                        
|INPCRD: NoH_1_empty_tag_1_515_0001.rst7                                       
|  PARM: NoH_1_empty_tag_1_515_0001.parm7                                      
|RESTRT: min_NoH_1_empty_tag_1_515_0001.rst7                                   
|  REFC: NoH_1_empty_tag_1_515_0001.rst7                                       
| MDVEL: mdvel                                                                 
| MDFRC: mdfrc                                                                 
|  MDEN: mden                                                                  
| MDCRD: mdcrd                                                                 
|MDINFO: mdinfo                                                                
|  MTMD: mtmd                                                                  
|INPDIP: inpdip                                                                
|RSTDIP: rstdip                                                                
|INPTRA: inptraj                                                               


 Here is the input file:

                                                                               
&cntrl                                                                         
    imin = 1, maxcyc=1000,                                                     
    ntx = 1,                                                                   
    ntwr = 100, ntpr = 100,                                                    
    cut = 999.0,                                                               
    ntb = 0, igb = 8,                                                          
    ntr = 1, restraint_wt = 10, restraintmask = "!@H=",                        
/                                                                              

--------------------------------------------------------------------------------
   1.  RESOURCE   USE: 
--------------------------------------------------------------------------------

| Flags:                                                                        
| New format PARM file being parsed.
| Version =    1.000 Date = 02/03/16 Time = 11:45:08
 NATOM  =    1590 NTYPES =      14 NBONH =     791 MBONA  =     820
 NTHETH =    1812 MTHETA =    1115 NPHIH =    3578 MPHIA  =    3525
 NHPARM =       0 NPARM  =       0 NNB   =    8805 NRES   =     104
 NBONA  =     820 NTHETA =    1115 NPHIA =    3525 NUMBND =      65
 NUMANG =     152 NPTRA  =     189 NATYP =      33 NPHB   =       0
 IFBOX  =       0 NMXRS  =      24 IFCAP =       0 NEXTRA =       0
 NCOPY  =       0

 Implicit solvent radii are ArgH and AspGluO modified Bondi2 radii (mbondi3)                                
 Replacing prmtop screening parameters with GBn2 (igb=8) values

|     Memory Use     Allocated
|     Real              145027
|     Hollerith           4876
|     Integer           109197
|     Max Pairs              1
|     nblistReal             0
|     nblist Int             0
|       Total             1578 kbytes

| Note: 1-4 EEL scale factors are being read from the topology file.

| Note: 1-4 VDW scale factors are being read from the topology file.
| Duplicated    0 dihedrals
| Duplicated    0 dihedrals

--------------------------------------------------------------------------------
   2.  CONTROL  DATA  FOR  THE  RUN
--------------------------------------------------------------------------------

default_name                                                                    

General flags:
     imin    =       1, nmropt  =       0

Nature and format of input:
     ntx     =       1, irest   =       0, ntrx    =       1

Nature and format of output:
     ntxo    =       1, ntpr    =     100, ntrx    =       1, ntwr    =     100
     iwrap   =       0, ntwx    =       0, ntwv    =       0, ntwe    =       0
     ioutfm  =       0, ntwprt  =       0, idecomp =       0, rbornstat=      0

Potential function:
     ntf     =       1, ntb     =       0, igb     =       8, nsnb    =      25
     ipol    =       0, gbsa    =       0, iesp    =       0
     dielc   =   1.00000, cut     = 999.00000, intdiel =   1.00000
     saltcon =   0.00000, offset  =   0.19514, surften =   0.00500
     rdt     =   0.00000, rgbmax  =  25.00000  extdiel =  78.50000
     alpb  =        0
     gbalphaH  =   0.78844, gbbetaH   =   0.79870,  gbgammaH  =    0.43733
     gbalphaC  =   0.73376, gbbetaC   =   0.50638,  gbgammaC  =    0.20584
     gbalphaN  =   0.50336, gbbetaN   =   0.31683,  gbgammaN  =    0.19292
     gbalphaOS =   0.86781, gbbetaOS  =   0.87664,  gbgammaOS =    0.38788
     gbalphaP  =   1.00000, gbbetaP   =   0.80000,  gbgammaP  =    4.85000
     gb_alpha_hnu  =   0.53705, gb_beta_hnu   =   0.36286,  gb_gamma_hnu  =    0.11670
     gb_alpha_cnu  =   0.33167, gb_beta_cnu   =   0.19684,  gb_gamma_cnu  =    0.09342
     gb_alpha_nnu  =   0.68631, gb_beta_nnu   =   0.46319,  gb_gamma_nnu  =    0.13872
     gb_alpha_onu  =   0.60634, gb_beta_onu   =   0.46301,  gb_gamma_onu  =    0.14226
     gb_alpha_pnu  =   0.41836, gb_beta_pnu   =   0.29005,  gb_gamma_pnu  =    0.10642

Frozen or restrained atoms:
     ibelly  =       0, ntr     =       1
     restraint_wt =  10.00000

Energy minimization:
     maxcyc  =    1000, ncyc    =      10, ntmin   =       1
     dx0     =   0.01000, drms    =   0.00010
|  INFO: Old style inpcrd file read


    LOADING THE CONSTRAINED ATOMS AS GROUPS


   5.  REFERENCE ATOM COORDINATES

  defa
     Mask !@H=; matches   799 atoms

--------------------------------------------------------------------------------
   3.  ATOMIC COORDINATES AND VELOCITIES
--------------------------------------------------------------------------------

default_name                                                                    
 begin time read from input coords =     0.000 ps

 Number of triangulated 3-point waters found:        0

--------------------------------------------------------------------------------
   4.  RESULTS
--------------------------------------------------------------------------------



   NSTEP       ENERGY          RMS            GMAX         NAME    NUMBER
      1      -2.2427E+03     9.0883E+00     6.9806E+01     OXT      1590

 BOND    =       70.3282  ANGLE   =      211.8041  DIHED      =     1080.4292
 VDWAALS =     -634.0092  EEL     =    -7136.1698  EGB        =    -1969.1256
 1-4 VDW =      437.8793  1-4 EEL =     5696.1713  RESTRAINT  =        0.0000


   NSTEP       ENERGY          RMS            GMAX         NAME    NUMBER
    100      -2.5949E+03     2.7632E-01     2.6507E+00     CE2       650

 BOND    =       31.4446  ANGLE   =      206.4387  DIHED      =     1083.6933
 VDWAALS =     -771.3457  EEL     =    -7138.5669  EGB        =    -1982.8959
 1-4 VDW =      327.8974  1-4 EEL =     5608.5381  RESTRAINT  =       39.8807
 EAMBER  =    -2634.7963


   NSTEP       ENERGY          RMS            GMAX         NAME    NUMBER
    200      -2.5999E+03     2.3296E-01     2.9345E+00     CE2       650

 BOND    =       31.6722  ANGLE   =      207.4019  DIHED      =     1082.9727
 VDWAALS =     -774.5312  EEL     =    -7146.5210  EGB        =    -1978.6006
 1-4 VDW =      327.2202  1-4 EEL =     5608.4525  RESTRAINT  =       42.0634
 EAMBER  =    -2641.9334


   NSTEP       ENERGY          RMS            GMAX         NAME    NUMBER
    300      -2.6024E+03     2.1742E-02     3.5611E-01     CA          5

 BOND    =       31.1887  ANGLE   =      206.3490  DIHED      =     1080.9859
 VDWAALS =     -775.1302  EEL     =    -7151.4518  EGB        =    -1974.8888
 1-4 VDW =      328.5067  1-4 EEL =     5610.4290  RESTRAINT  =       41.6344
 EAMBER  =    -2644.0114


   NSTEP       ENERGY          RMS            GMAX         NAME    NUMBER
    400      -2.6054E+03     5.0446E-01     1.3625E+01     OG       1179

 BOND    =       32.8152  ANGLE   =      209.5726  DIHED      =     1081.3006
 VDWAALS =     -775.9314  EEL     =    -7161.0278  EGB        =    -1972.0310
 1-4 VDW =      325.6153  1-4 EEL =     5610.6298  RESTRAINT  =       43.6463
 EAMBER  =    -2649.0567


   NSTEP       ENERGY          RMS            GMAX         NAME    NUMBER
    500      -2.6091E+03     3.0386E-02     3.6257E-01     HG1       635

 BOND    =       31.3696  ANGLE   =      206.3309  DIHED      =     1080.5664
 VDWAALS =     -773.3201  EEL     =    -7161.5119  EGB        =    -1972.7444
 1-4 VDW =      328.4965  1-4 EEL =     5610.4902  RESTRAINT  =       41.2011
 EAMBER  =    -2650.3227


   NSTEP       ENERGY          RMS            GMAX         NAME    NUMBER
    600      -2.6093E+03     6.4223E-02     1.1982E+00     HG       1180

 BOND    =       31.4545  ANGLE   =      206.3858  DIHED      =     1080.6407
 VDWAALS =     -773.2370  EEL     =    -7162.7216  EGB        =    -1972.5070
 1-4 VDW =      328.4247  1-4 EEL =     5611.0117  RESTRAINT  =       41.2829
 EAMBER  =    -2650.5480


   NSTEP       ENERGY          RMS            GMAX         NAME    NUMBER
    700      -2.6103E+03     6.2902E-02     9.7882E-01     CG2       630

 BOND    =       31.4064  ANGLE   =      206.2961  DIHED      =     1079.1333
 VDWAALS =     -773.4264  EEL     =    -7161.3274  EGB        =    -1974.1367
 1-4 VDW =      328.6324  1-4 EEL =     5611.8575  RESTRAINT  =       41.2158
 EAMBER  =    -2651.5648


   NSTEP       ENERGY          RMS            GMAX         NAME    NUMBER
    800      -2.6104E+03     8.3439E-03     2.4651E-01     CD        193

 BOND    =       31.3225  ANGLE   =      206.2437  DIHED      =     1079.0379
 VDWAALS =     -773.4210  EEL     =    -7161.1492  EGB        =    -1974.2329
 1-4 VDW =      328.7151  1-4 EEL =     5611.9143  RESTRAINT  =       41.1838
 EAMBER  =    -2651.5696


   NSTEP       ENERGY          RMS            GMAX         NAME    NUMBER
    900      -2.6104E+03     2.1209E-03     2.8010E-02     CD        193

 BOND    =       31.3199  ANGLE   =      206.2398  DIHED      =     1079.0420
 VDWAALS =     -773.4215  EEL     =    -7161.1174  EGB        =    -1974.2562
 1-4 VDW =      328.7204  1-4 EEL =     5611.9107  RESTRAINT  =       41.1762
 EAMBER  =    -2651.5623


   NSTEP       ENERGY          RMS            GMAX         NAME    NUMBER
   1000      -2.6104E+03     8.7779E-04     1.0854E-02     HG1       605

 BOND    =       31.3191  ANGLE   =      206.2414  DIHED      =     1079.0517
 VDWAALS =     -773.4212  EEL     =    -7161.0917  EGB        =    -1974.2782
 1-4 VDW =      328.7206  1-4 EEL =     5611.8986  RESTRAINT  =       41.1735
 EAMBER  =    -2651.5597


  Maximum number of minimization cycles reached.


                    FINAL RESULTS



   NSTEP       ENERGY          RMS            GMAX         NAME    NUMBER
   1000      -2.6104E+03     8.7779E-04     1.0854E-02     HG1       605

 BOND    =       31.3191  ANGLE   =      206.2414  DIHED      =     1079.0517
 VDWAALS =     -773.4212  EEL     =    -7161.0917  EGB        =    -1974.2782
 1-4 VDW =      328.7206  1-4 EEL =     5611.8986  RESTRAINT  =       41.1735
 EAMBER  =    -2651.5597

--------------------------------------------------------------------------------
   5.  TIMINGS
--------------------------------------------------------------------------------

|                Calc gb radii             57.05 (20.14% of Gen B)
|                Calc gb diag             104.84 (37.01% of Gen B)
|                Calc gb off-diag         121.42 (42.86% of Gen B)
|             Gen Born time            283.32 (100.0% of Nonbo)
|          Nonbond force            283.32 (99.27% of Force)
|          Bond/Angle/Dihedral        2.07 ( 0.72% of Force)
|          Other                      0.02 ( 0.01% of Force)
|       Force time               285.41 (100.0% of Runmd)
|    Runmd Time               285.41 (99.65% of Total)
|    Other                      1.00 ( 0.35% of Total)
| Total time               286.41 (100.0% of ALL  )

| Number of list builds   :          0

| Highest rstack allocated:          0
| Highest istack allocated:          0
|           Job began  at 12:56:12.992  on 02/03/2016
|           Setup done at 12:56:13.043  on 02/03/2016
|           Run   done at 13:00:59.401  on 02/03/2016
|     wallclock() was called   18028 times
